Lattice Microbe ES v2016.12 build 2016-12-12-09-45-48 in 64-bit mode with options AVX SBML.
Copyright (C) 2012-2017 Roberts Group, Johns Hopkins University.
Copyright (C) 2008-2012 Luthey-Schulten Group, University of Illinois at Urbana-Champaign.

2016-11-12 11:12:38) Initializing communications library.
2016-11-12 11:12:38) Using local communicator on host barkeri.bph.jhu.edu.
2016-11-12 11:12:38) Resource controller @1 started.
2016-11-12 11:12:38) Supervisor @0 started.
2016-11-12 11:12:38) Resource controller @1 on barkeri.bph.jhu.edu registered with 8 cpu core(s) and 0 gpu device(s).
2016-11-12 11:12:38) Registered resources for host barkeri.bph.jhu.edu (defaults=1): 2 cpu cores, 0 gpu devices
2016-11-12 11:12:38) All resources registered with supervisor, starting workers.
2016-11-12 11:12:38) Reserved core 0 on @1 for the output writer.
2016-11-12 11:12:38) OutputWriter @3 started.
2016-11-12 11:12:38) Creating slot 0 on @1 using resources: barkeri.bph.jhu.edu; @1; cpu core list:1; gpu device list:<none>.
2016-11-12 11:12:38) OutputWriter::HelperThread @3 started.
2016-11-12 11:12:38) Output writer started: @3.
2016-11-12 11:12:38) Work Unit runner @4 started with 1 cpu cores (affinity=0) and 0 gpus.
2016-11-12 11:12:38) Work unit runner started: @4.
2016-11-12 11:12:38) All supervisor workers have started, beginning simulation.
2016-11-12 11:12:38) Replicate supervisor starting simulation.
2016-11-12 11:12:38) Simulation started.
2016-11-12 11:13:38) Wrote 35 messages (7446 bytes) in the last 60.0 seconds (0.000378 seconds writing). 0 messages (0 bytes) queued. Flushing.2016-11-12 11:13:38) 
Finished 54 work units (ids in range 0 to 53) with 216 parts in the last 60.0 seconds. 2160000000 steps in 6.004e+01 seconds (3.598e+07 steps/second).
2016-11-12 11:14:01) Replicate 3 completed with 1.00e+05 of simulation time using 20 work units.
2016-11-12 11:14:02) Replicate 4 completed with 1.00e+05 of simulation time using 20 work units.
2016-11-12 11:14:02) Replicate 15 completed with 1.00e+05 of simulation time using 21 work units.
2016-11-12 11:14:02) Replicate 6 completed with 1.00e+05 of simulation time using 22 work units.
2016-11-12 11:14:02) Replicate 11 completed with 1.00e+05 of simulation time using 22 work units.
2016-11-12 11:14:02) Replicate 14 completed with 1.00e+05 of simulation time using 22 work units.
2016-11-12 11:14:02) Replicate 13 completed with 1.00e+05 of simulation time using 21 work units.
2016-11-12 11:14:02) Replicate 1 completed with 1.00e+05 of simulation time using 23 work units.
2016-11-12 11:14:02) Replicate 12 completed with 1.00e+05 of simulation time using 24 work units.
2016-11-12 11:14:02) Replicate 2 completed with 1.00e+05 of simulation time using 24 work units.
2016-11-12 11:14:02) Replicate 5 completed with 1.00e+05 of simulation time using 23 work units.
2016-11-12 11:14:02) Replicate 10 completed with 1.00e+05 of simulation time using 23 work units.
2016-11-12 11:14:02) GillespieDSolverAVX started without a full set of trajectories, running trajectory 7 with the GillespieDSolver.
2016-11-12 11:14:02) GillespieDSolverAVX started without a full set of trajectories, running trajectory 9 with the GillespieDSolver.
2016-11-12 11:14:02) GillespieDSolverAVX started without a full set of trajectories, running trajectory 8 with the GillespieDSolver.
2016-11-12 11:14:02) Replicate 7 completed with 1.00e+05 of simulation time using 25 work units.
2016-11-12 11:14:02) Replicate 9 completed with 1.00e+05 of simulation time using 27 work units.
2016-11-12 11:14:02) Replicate 8 completed with 1.00e+05 of simulation time using 26 work units.
2016-11-12 11:14:02) Replicate supervisor finished 15 replicates in 83.40 seconds.
2016-11-12 11:14:02) Simulation finished.
2016-11-12 11:14:02) Finished 32 work units (ids in range 54 to 85) with 127 parts in the last 23.4 seconds. 839980798 steps in 2.335e+01 seconds (3.597e+07 steps/second).
2016-11-12 11:14:02) Supervisor @0 finished.
2016-11-12 11:14:02) Wrote 23 messages (3332 bytes) in the last 23.4 seconds (0.000198 seconds writing). 0 messages (0 bytes) queued. Flushing.
2016-11-12 11:14:02) OutputWriter wrote 58 messages and 10778 bytes total.
2016-11-12 11:14:02) OutputWriter::HelperThread @3 finished.
2016-11-12 11:14:02) OutputWriter @3 flushing and closing.
2016-11-12 11:14:02) OutputWriter @3 finished.
2016-11-12 11:14:02) Work unit runner @4 finished.
2016-11-12 11:14:02) Resource controller @1 finished.
2016-11-12 11:14:02) Finalizing communications library.
2016-11-12 11:14:02) Program execution finished.
