Lattice Microbe ES v2016.12 build 2016-12-12-09-45-48 in 64-bit mode with options AVX SBML.
Copyright (C) 2012-2017 Roberts Group, Johns Hopkins University.
Copyright (C) 2008-2012 Luthey-Schulten Group, University of Illinois at Urbana-Champaign.

2016-11-12 11:09:52) Initializing communications library.
2016-11-12 11:09:52) Using local communicator on host barkeri.bph.jhu.edu.
2016-11-12 11:09:52) Resource controller @1 started.
2016-11-12 11:09:52) Supervisor @0 started.
2016-11-12 11:09:52) Resource controller @1 on barkeri.bph.jhu.edu registered with 8 cpu core(s) and 0 gpu device(s).
2016-11-12 11:09:52) Registered resources for host barkeri.bph.jhu.edu (defaults=1): 2 cpu cores, 0 gpu devices
2016-11-12 11:09:52) All resources registered with supervisor, starting workers.
2016-11-12 11:09:52) Reserved core 0 on @1 for the output writer.
2016-11-12 11:09:52) OutputWriter @3 started.
2016-11-12 11:09:52) Creating slot 0 on @1 using resources: barkeri.bph.jhu.edu; @1; cpu core list:1; gpu device list:<none>.
2016-11-12 11:09:52) OutputWriter::HelperThread @3 started.
2016-11-12 11:09:52) Output writer started: @3.
2016-11-12 11:09:52) Work Unit runner @4 started with 1 cpu cores (affinity=0) and 0 gpus.
2016-11-12 11:09:52) Work unit runner started: @4.
2016-11-12 11:09:52) All supervisor workers have started, beginning simulation.
2016-11-12 11:09:52) Replicate supervisor starting simulation.
2016-11-12 11:09:52) Simulation started.
2016-11-12 11:10:53) Finished 55 work units (ids in range 0 to 54) with 220 parts in the last 61.0 seconds. 2200000000 steps in 6.097e+01 seconds (3.608e+07 steps/second).
2016-11-12 11:10:58) Wrote 36 messages (7699 bytes) in the last 65.4 seconds (0.000366 seconds writing). 0 messages (0 bytes) queued. Flushing.
2016-11-12 11:11:14) Replicate 7 completed with 1.00e+05 of simulation time using 20 work units.
2016-11-12 11:11:15) Replicate 4 completed with 1.00e+05 of simulation time using 20 work units.
2016-11-12 11:11:15) Replicate 11 completed with 1.00e+05 of simulation time using 21 work units.
2016-11-12 11:11:15) Replicate 14 completed with 1.00e+05 of simulation time using 21 work units.
2016-11-12 11:11:15) Replicate 1 completed with 1.00e+05 of simulation time using 21 work units.
2016-11-12 11:11:15) Replicate 3 completed with 1.00e+05 of simulation time using 23 work units.
2016-11-12 11:11:15) Replicate 10 completed with 1.00e+05 of simulation time using 21 work units.
2016-11-12 11:11:15) Replicate 5 completed with 1.00e+05 of simulation time using 21 work units.
2016-11-12 11:11:15) Replicate 9 completed with 1.00e+05 of simulation time using 23 work units.
2016-11-12 11:11:15) Replicate 13 completed with 1.00e+05 of simulation time using 23 work units.
2016-11-12 11:11:15) Replicate 2 completed with 1.00e+05 of simulation time using 23 work units.
2016-11-12 11:11:15) Replicate 15 completed with 1.00e+05 of simulation time using 24 work units.
2016-11-12 11:11:15) GillespieDSolverAVX started without a full set of trajectories, running trajectory 6 with the GillespieDSolver.
2016-11-12 11:11:15) GillespieDSolverAVX started without a full set of trajectories, running trajectory 8 with the GillespieDSolver.
2016-11-12 11:11:15) GillespieDSolverAVX started without a full set of trajectories, running trajectory 12 with the GillespieDSolver.
2016-11-12 11:11:15) Replicate 6 completed with 1.00e+05 of simulation time using 27 work units.
2016-11-12 11:11:15) Replicate 8 completed with 1.00e+05 of simulation time using 30 work units.
2016-11-12 11:11:15) Replicate 12 completed with 1.00e+05 of simulation time using 25 work units.
2016-11-12 11:11:15) Replicate supervisor finished 15 replicates in 83.17 seconds.
2016-11-12 11:11:15) Simulation finished.
2016-11-12 11:11:15) Finished 31 work units (ids in range 55 to 85) with 123 parts in the last 22.2 seconds. 800091586 steps in 2.220e+01 seconds (3.604e+07 steps/second).
2016-11-12 11:11:15) 2016-11-12 11:11:15) Wrote 22 messages (3079 bytes) in the last 17.8 seconds (0.000179 seconds writing). 0 messages (0 bytes) queued. Flushing.Supervisor @0 finished.

2016-11-12 11:11:15) OutputWriter wrote 58 messages and 10778 bytes total.
2016-11-12 11:11:15) OutputWriter::HelperThread @3 finished.
2016-11-12 11:11:15) OutputWriter @3 flushing and closing.
2016-11-12 11:11:15) OutputWriter @3 finished.
2016-11-12 11:11:15) Work unit runner @4 finished.
2016-11-12 11:11:15) Resource controller @1 finished.
2016-11-12 11:11:15) Finalizing communications library.
2016-11-12 11:11:15) Program execution finished.
