Lattice Microbe ES v2016.12 build 2016-12-12-09-45-48 in 64-bit mode with options AVX SBML.
Copyright (C) 2012-2017 Roberts Group, Johns Hopkins University.
Copyright (C) 2008-2012 Luthey-Schulten Group, University of Illinois at Urbana-Champaign.

2016-11-12 11:01:27) Initializing communications library.
2016-11-12 11:01:27) Using local communicator on host barkeri.bph.jhu.edu.
2016-11-12 11:01:27) Resource controller @1 started.
2016-11-12 11:01:27) Supervisor @0 started.
2016-11-12 11:01:27) Resource controller @1 on barkeri.bph.jhu.edu registered with 8 cpu core(s) and 0 gpu device(s).
2016-11-12 11:01:27) Registered resources for host barkeri.bph.jhu.edu (defaults=1): 2 cpu cores, 0 gpu devices
2016-11-12 11:01:27) All resources registered with supervisor, starting workers.
2016-11-12 11:01:27) Reserved core 0 on @1 for the output writer.
2016-11-12 11:01:27) Creating slot 0 on @1 using resources: barkeri.bph.jhu.edu; @1; cpu core list:1; gpu device list:<none>.
2016-11-12 11:01:27) OutputWriter @3 started.
2016-11-12 11:01:27) Output writer started: @3.
2016-11-12 11:01:27) Work Unit runner @4 started with 1 cpu cores (affinity=0) and 0 gpus.
2016-11-12 11:01:27) OutputWriter::HelperThread @3 started.
2016-11-12 11:01:27) Work unit runner started: @4.
2016-11-12 11:01:27) All supervisor workers have started, beginning simulation.
2016-11-12 11:01:27) Replicate supervisor starting simulation.
2016-11-12 11:01:27) Simulation started.
2016-11-12 11:02:28) Wrote 36 messages (7349 bytes) in the last 60.5 seconds (0.000362 seconds writing). 0 messages (0 bytes) queued. Flushing.2016-11-12 11:02:28) 
Finished 54 work units (ids in range 0 to 53) with 216 parts in the last 60.5 seconds. 2160000000 steps in 6.054e+01 seconds (3.568e+07 steps/second).
2016-11-12 11:02:50) Replicate 12 completed with 1.00e+05 of simulation time using 20 work units.
2016-11-12 11:02:51) Replicate 11 completed with 1.00e+05 of simulation time using 20 work units.
2016-11-12 11:02:51) Replicate 13 completed with 1.00e+05 of simulation time using 21 work units.
2016-11-12 11:02:51) Replicate 7 completed with 1.00e+05 of simulation time using 22 work units.
2016-11-12 11:02:51) Replicate 2 completed with 1.00e+05 of simulation time using 22 work units.
2016-11-12 11:02:51) Replicate 6 completed with 1.00e+05 of simulation time using 21 work units.
2016-11-12 11:02:51) Replicate 4 completed with 1.00e+05 of simulation time using 22 work units.
2016-11-12 11:02:51) Replicate 8 completed with 1.00e+05 of simulation time using 22 work units.
2016-11-12 11:02:51) Replicate 14 completed with 1.00e+05 of simulation time using 24 work units.
2016-11-12 11:02:51) Replicate 10 completed with 1.00e+05 of simulation time using 24 work units.
2016-11-12 11:02:51) Replicate 9 completed with 1.00e+05 of simulation time using 24 work units.
2016-11-12 11:02:51) Replicate 3 completed with 1.00e+05 of simulation time using 23 work units.
2016-11-12 11:02:51) GillespieDSolverAVX started without a full set of trajectories, running trajectory 15 with the GillespieDSolver.
2016-11-12 11:02:51) GillespieDSolverAVX started without a full set of trajectories, running trajectory 5 with the GillespieDSolver.
2016-11-12 11:02:51) GillespieDSolverAVX started without a full set of trajectories, running trajectory 1 with the GillespieDSolver.
2016-11-12 11:02:51) Replicate 15 completed with 1.00e+05 of simulation time using 27 work units.
2016-11-12 11:02:51) Replicate 5 completed with 1.00e+05 of simulation time using 26 work units.
2016-11-12 11:02:51) Replicate 1 completed with 1.00e+05 of simulation time using 25 work units.
2016-11-12 11:02:51) Replicate supervisor finished 15 replicates in 83.79 seconds.
2016-11-12 11:02:51) Simulation finished.
2016-11-12 11:02:51) Finished 32 work units (ids in range 54 to 85) with 127 parts in the last 23.2 seconds. 840036524 steps in 2.324e+01 seconds (3.614e+07 steps/second).
2016-11-12 11:02:51) Supervisor @0 finished.
2016-11-12 11:02:51) Wrote 24 messages (3469 bytes) in the last 23.2 seconds (0.000178 seconds writing). 0 messages (0 bytes) queued. Flushing.
2016-11-12 11:02:51) OutputWriter wrote 60 messages and 10818 bytes total.
2016-11-12 11:02:51) OutputWriter::HelperThread @3 finished.
2016-11-12 11:02:51) OutputWriter @3 flushing and closing.
2016-11-12 11:02:51) OutputWriter @3 finished.
2016-11-12 11:02:51) Work unit runner @4 finished.
2016-11-12 11:02:51) Resource controller @1 finished.
2016-11-12 11:02:51) Finalizing communications library.
2016-11-12 11:02:51) Program execution finished.
