Lattice Microbe ES v2016.01.20 build 1 in 64-bit mode with options MPI AVX.
Copyright (C) 2008-2012 Luthey-Schulten Group, University of Illinois at Urbana-Champaign.
Copyright (C) 2012-2016 Roberts Group, Johns Hopkins University.

MPI version 3.0 with thread support MPI_THREAD_MULTIPLE.
Running with 1 process(es).

2016-01-09 16:51:31) Resource controller 0:1 started.
2016-01-09 16:51:31) Supervisor 0:2 started.
2016-01-09 16:51:31) Resource controller 0:1 on barkeri.bph.jhu.edu registered with 8 cpu core(s) and 0 gpu device(s).
2016-01-09 16:51:31) Registered resources for host barkeri.bph.jhu.edu (defaults=1): 2 cpu cores, 0 gpu devices
2016-01-09 16:51:31) All resources registered with supervisor, starting workers.
2016-01-09 16:51:31) Reserved core 0 on 0:1 for the output writer.
2016-01-09 16:51:31) Creating slot 0 on process (0:1) using resources: barkeri.bph.jhu.edu; cpu core list:1; gpu device list:<none>.
2016-01-09 16:51:31) OutputWriter 0:3 started.
2016-01-09 16:51:31) 2016-01-09 16:51:31) Work Unit runner 0:5 started with 1 cpu cores (affinity=0) and 0 gpus.OutputWriter::HelperThread 0:4 started.2016-01-09 16:51:31) 

Output writer started: 0:3.
2016-01-09 16:51:31) Work unit runner started: 0:5.
2016-01-09 16:51:31) All supervisor workers have started, beginning simulation.
2016-01-09 16:51:31) Replicate supervisor starting simulation.
2016-01-09 16:51:31) Simulation started.
2016-01-09 16:52:31) Wrote 95 messages (7287 bytes) in the last 60.1 seconds (0.000563 seconds writing). 0 messages (0 bytes) queued. Flushing.
2016-01-09 16:52:31) Finished 96 work units (ids in range 0 to 95) with 96 parts in the last 60.2 seconds. 960000000 steps in 5.984e+01 seconds (1.604e+07 steps/second).
2016-01-09 16:53:21) Replicate 15 completed with 1.00e+05 of simulation time using 12 work units.
2016-01-09 16:53:21) Replicate 5 completed with 1.00e+05 of simulation time using 12 work units.
2016-01-09 16:53:21) Replicate 1 completed with 1.00e+05 of simulation time using 12 work units.
2016-01-09 16:53:21) Replicate 10 completed with 1.00e+05 of simulation time using 12 work units.
2016-01-09 16:53:21) Replicate 7 completed with 1.00e+05 of simulation time using 12 work units.
2016-01-09 16:53:21) Replicate 3 completed with 1.00e+05 of simulation time using 12 work units.
2016-01-09 16:53:21) Replicate 2 completed with 1.00e+05 of simulation time using 12 work units.
2016-01-09 16:53:21) Replicate 8 completed with 1.00e+05 of simulation time using 12 work units.
2016-01-09 16:53:21) Replicate 11 completed with 1.00e+05 of simulation time using 12 work units.
2016-01-09 16:53:22) Replicate 16 completed with 1.00e+05 of simulation time using 12 work units.
2016-01-09 16:53:22) Replicate 6 completed with 1.00e+05 of simulation time using 12 work units.
2016-01-09 16:53:22) Replicate 4 completed with 1.00e+05 of simulation time using 12 work units.
2016-01-09 16:53:22) Replicate 13 completed with 1.00e+05 of simulation time using 12 work units.
2016-01-09 16:53:22) Replicate 12 completed with 1.00e+05 of simulation time using 12 work units.
2016-01-09 16:53:22) Replicate 14 completed with 1.00e+05 of simulation time using 12 work units.
2016-01-09 16:53:22) Replicate 9 completed with 1.00e+05 of simulation time using 12 work units.
2016-01-09 16:53:22) Replicate supervisor finished 16 replicates in 110.41 seconds.
2016-01-09 16:53:22) Simulation finished.
2016-01-09 16:53:22) Finished 96 work units (ids in range 96 to 191) with 96 parts in the last 50.3 seconds. 800696995 steps in 5.001e+01 seconds (1.601e+07 steps/second).
2016-01-09 16:53:22) Supervisor 0:2 finished.
2016-01-09 16:53:22) Wrote 81 messages (6380 bytes) in the last 50.3 seconds (0.000543 seconds writing). 0 messages (0 bytes) queued. Flushing.
2016-01-09 16:53:22) OutputWriter::HelperThread 0:4 finished.
2016-01-09 16:53:22) OutputWriter 0:3 finished.
2016-01-09 16:53:22) Work unit runner 0:5 finished.
2016-01-09 16:53:22) Resource controller 0:1 finished.
2016-01-09 16:53:22) Closing MPI library.
2016-01-09 16:53:22) Program execution finished.
