Lattice Microbe ES v2016.01.20 build 1 in 64-bit mode with options MPI AVX.
Copyright (C) 2008-2012 Luthey-Schulten Group, University of Illinois at Urbana-Champaign.
Copyright (C) 2012-2016 Roberts Group, Johns Hopkins University.

MPI version 3.0 with thread support MPI_THREAD_MULTIPLE.
Running with 1 process(es).

2016-01-09 16:42:18) Resource controller 0:1 started.
2016-01-09 16:42:18) Supervisor 0:2 started.
2016-01-09 16:42:18) Resource controller 0:1 on barkeri.bph.jhu.edu registered with 8 cpu core(s) and 0 gpu device(s).
2016-01-09 16:42:18) Registered resources for host barkeri.bph.jhu.edu (defaults=1): 2 cpu cores, 0 gpu devices
2016-01-09 16:42:18) All resources registered with supervisor, starting workers.
2016-01-09 16:42:18) Reserved core 0 on 0:1 for the output writer.
2016-01-09 16:42:18) Creating slot 0 on process (0:1) using resources: barkeri.bph.jhu.edu; cpu core list:1; gpu device list:<none>.
2016-01-09 16:42:18) OutputWriter 0:3 started.
2016-01-09 16:42:18) 2016-01-09 16:42:18) Work Unit runner 0:5 started with 1 cpu cores (affinity=0) and 0 gpus.OutputWriter::HelperThread 0:4 started.

2016-01-09 16:42:18) Output writer started: 0:3.
2016-01-09 16:42:18) Work unit runner started: 0:5.
2016-01-09 16:42:18) All supervisor workers have started, beginning simulation.
2016-01-09 16:42:18) Replicate supervisor starting simulation.
2016-01-09 16:42:18) Simulation started.
2016-01-09 16:43:19) Wrote 96 messages (7368 bytes) in the last 60.6 seconds (0.000518 seconds writing). 0 messages (0 bytes) queued. Flushing.
2016-01-09 16:43:19) Finished 97 work units (ids in range 0 to 96) with 97 parts in the last 60.6 seconds. 970000000 steps in 6.028e+01 seconds (1.609e+07 steps/second).
2016-01-09 16:44:08) Replicate 3 completed with 1.00e+05 of simulation time using 12 work units.
2016-01-09 16:44:08) Replicate 15 completed with 1.00e+05 of simulation time using 12 work units.
2016-01-09 16:44:08) Replicate 4 completed with 1.00e+05 of simulation time using 12 work units.
2016-01-09 16:44:08) Replicate 14 completed with 1.00e+05 of simulation time using 12 work units.
2016-01-09 16:44:08) Replicate 2 completed with 1.00e+05 of simulation time using 12 work units.
2016-01-09 16:44:08) Replicate 7 completed with 1.00e+05 of simulation time using 12 work units.
2016-01-09 16:44:08) Replicate 11 completed with 1.00e+05 of simulation time using 12 work units.
2016-01-09 16:44:08) Replicate 13 completed with 1.00e+05 of simulation time using 12 work units.
2016-01-09 16:44:08) Replicate 6 completed with 1.00e+05 of simulation time using 12 work units.
2016-01-09 16:44:08) Replicate 10 completed with 1.00e+05 of simulation time using 12 work units.
2016-01-09 16:44:08) Replicate 12 completed with 1.00e+05 of simulation time using 12 work units.
2016-01-09 16:44:08) Replicate 8 completed with 1.00e+05 of simulation time using 12 work units.
2016-01-09 16:44:08) Replicate 9 completed with 1.00e+05 of simulation time using 12 work units.
2016-01-09 16:44:08) Replicate 5 completed with 1.00e+05 of simulation time using 12 work units.
2016-01-09 16:44:08) Replicate 16 completed with 1.00e+05 of simulation time using 12 work units.
2016-01-09 16:44:08) Replicate 1 completed with 1.00e+05 of simulation time using 12 work units.
2016-01-09 16:44:08) Replicate supervisor finished 16 replicates in 110.07 seconds.
2016-01-09 16:44:08) Simulation finished.
2016-01-09 16:44:08) Finished 95 work units (ids in range 97 to 191) with 95 parts in the last 49.5 seconds. 790757517 steps in 4.921e+01 seconds (1.607e+07 steps/second).
2016-01-09 16:44:08) Supervisor 0:2 finished.
2016-01-09 16:44:08) Wrote 80 messages (6307 bytes) in the last 49.5 seconds (0.000427 seconds writing). 0 messages (0 bytes) queued. Flushing.
2016-01-09 16:44:08) OutputWriter::HelperThread 0:4 finished.
2016-01-09 16:44:08) OutputWriter 0:3 finished.
2016-01-09 16:44:08) Work unit runner 0:5 finished.
2016-01-09 16:44:08) Resource controller 0:1 finished.
2016-01-09 16:44:08) Closing MPI library.
2016-01-09 16:44:08) Program execution finished.
