Lattice Microbe ES v2016.01.20 build 1 in 64-bit mode with options MPI AVX.
Copyright (C) 2008-2012 Luthey-Schulten Group, University of Illinois at Urbana-Champaign.
Copyright (C) 2012-2016 Roberts Group, Johns Hopkins University.

MPI version 3.0 with thread support MPI_THREAD_MULTIPLE.
Running with 1 process(es).

2016-01-09 16:36:47) Resource controller 0:1 started.
2016-01-09 16:36:47) Supervisor 0:2 started.
2016-01-09 16:36:47) Resource controller 0:1 on barkeri.bph.jhu.edu registered with 8 cpu core(s) and 0 gpu device(s).
2016-01-09 16:36:47) Registered resources for host barkeri.bph.jhu.edu (defaults=1): 2 cpu cores, 0 gpu devices
2016-01-09 16:36:47) All resources registered with supervisor, starting workers.
2016-01-09 16:36:47) Reserved core 0 on 0:1 for the output writer.
2016-01-09 16:36:47) Creating slot 0 on process (0:1) using resources: barkeri.bph.jhu.edu; cpu core list:1; gpu device list:<none>.
2016-01-09 16:36:47) OutputWriter 0:3 started.
2016-01-09 16:36:47) 2016-01-09 16:36:47) Work Unit runner 0:5 started with 1 cpu cores (affinity=0) and 0 gpus.OutputWriter::HelperThread 0:4 started.

2016-01-09 16:36:47) Output writer started: 0:3.
2016-01-09 16:36:47) Work unit runner started: 0:5.
2016-01-09 16:36:47) All supervisor workers have started, beginning simulation.
2016-01-09 16:36:47) Replicate supervisor starting simulation.
2016-01-09 16:36:47) Simulation started.
2016-01-09 16:37:48) Wrote 96 messages (7348 bytes) in the last 60.5 seconds (0.000531 seconds writing). 0 messages (0 bytes) queued. Flushing.
2016-01-09 16:37:48) Finished 97 work units (ids in range 0 to 96) with 97 parts in the last 60.5 seconds. 970000000 steps in 6.015e+01 seconds (1.613e+07 steps/second).
2016-01-09 16:38:37) Replicate 4 completed with 1.00e+05 of simulation time using 12 work units.
2016-01-09 16:38:37) Replicate 13 completed with 1.00e+05 of simulation time using 12 work units.
2016-01-09 16:38:37) Replicate 8 completed with 1.00e+05 of simulation time using 12 work units.
2016-01-09 16:38:37) Replicate 16 completed with 1.00e+05 of simulation time using 12 work units.
2016-01-09 16:38:37) Replicate 9 completed with 1.00e+05 of simulation time using 12 work units.
2016-01-09 16:38:37) Replicate 3 completed with 1.00e+05 of simulation time using 12 work units.
2016-01-09 16:38:37) Replicate 10 completed with 1.00e+05 of simulation time using 12 work units.
2016-01-09 16:38:37) Replicate 6 completed with 1.00e+05 of simulation time using 12 work units.
2016-01-09 16:38:37) Replicate 14 completed with 1.00e+05 of simulation time using 12 work units.
2016-01-09 16:38:37) Replicate 15 completed with 1.00e+05 of simulation time using 12 work units.
2016-01-09 16:38:37) Replicate 11 completed with 1.00e+05 of simulation time using 12 work units.
2016-01-09 16:38:37) Replicate 7 completed with 1.00e+05 of simulation time using 12 work units.
2016-01-09 16:38:37) Replicate 2 completed with 1.00e+05 of simulation time using 12 work units.
2016-01-09 16:38:37) Replicate 12 completed with 1.00e+05 of simulation time using 12 work units.
2016-01-09 16:38:37) Replicate 1 completed with 1.00e+05 of simulation time using 12 work units.
2016-01-09 16:38:37) Replicate 5 completed with 1.00e+05 of simulation time using 12 work units.
2016-01-09 16:38:37) Replicate supervisor finished 16 replicates in 110.11 seconds.
2016-01-09 16:38:37) Simulation finished.
2016-01-09 16:38:37) Finished 95 work units (ids in range 97 to 191) with 95 parts in the last 49.7 seconds. 790715023 steps in 4.937e+01 seconds (1.602e+07 steps/second).
2016-01-09 16:38:37) Supervisor 0:2 finished.
2016-01-09 16:38:37) Wrote 80 messages (6290 bytes) in the last 49.7 seconds (0.000433 seconds writing). 0 messages (0 bytes) queued. Flushing.
2016-01-09 16:38:37) OutputWriter::HelperThread 0:4 finished.
2016-01-09 16:38:37) OutputWriter 0:3 finished.
2016-01-09 16:38:37) Work unit runner 0:5 finished.
2016-01-09 16:38:37) Resource controller 0:1 finished.
2016-01-09 16:38:37) Closing MPI library.
2016-01-09 16:38:37) Program execution finished.
