Lattice Microbe ES v2016.01.20 build 1 in 64-bit mode with options MPI AVX.
Copyright (C) 2008-2012 Luthey-Schulten Group, University of Illinois at Urbana-Champaign.
Copyright (C) 2012-2016 Roberts Group, Johns Hopkins University.

MPI version 3.0 with thread support MPI_THREAD_MULTIPLE.
Running with 1 process(es).

2016-01-09 16:38:37) Resource controller 0:1 started.
2016-01-09 16:38:37) Supervisor 0:2 started.
2016-01-09 16:38:37) Resource controller 0:1 on barkeri.bph.jhu.edu registered with 8 cpu core(s) and 0 gpu device(s).
2016-01-09 16:38:37) Registered resources for host barkeri.bph.jhu.edu (defaults=1): 2 cpu cores, 0 gpu devices
2016-01-09 16:38:37) All resources registered with supervisor, starting workers.
2016-01-09 16:38:37) Reserved core 0 on 0:1 for the output writer.
2016-01-09 16:38:37) Creating slot 0 on process (0:1) using resources: barkeri.bph.jhu.edu; cpu core list:1; gpu device list:<none>.
2016-01-09 16:38:37) OutputWriter 0:3 started.
2016-01-09 16:38:37) 2016-01-09 16:38:37) Work Unit runner 0:5 started with 1 cpu cores (affinity=0) and 0 gpus.OutputWriter::HelperThread 0:4 started.

2016-01-09 16:38:37) Output writer started: 0:3.
2016-01-09 16:38:37) Work unit runner started: 0:5.
2016-01-09 16:38:37) All supervisor workers have started, beginning simulation.
2016-01-09 16:38:37) Replicate supervisor starting simulation.
2016-01-09 16:38:37) Simulation started.
2016-01-09 16:39:38) Wrote 96 messages (7367 bytes) in the last 60.5 seconds (0.000522 seconds writing). 0 messages (0 bytes) queued. Flushing.
2016-01-09 16:39:38) Finished 97 work units (ids in range 0 to 96) with 97 parts in the last 60.5 seconds. 970000000 steps in 6.017e+01 seconds (1.612e+07 steps/second).
2016-01-09 16:40:28) Replicate 6 completed with 1.00e+05 of simulation time using 12 work units.
2016-01-09 16:40:28) Replicate 8 completed with 1.00e+05 of simulation time using 12 work units.
2016-01-09 16:40:28) Replicate 5 completed with 1.00e+05 of simulation time using 12 work units.
2016-01-09 16:40:28) Replicate 9 completed with 1.00e+05 of simulation time using 12 work units.
2016-01-09 16:40:28) Replicate 12 completed with 1.00e+05 of simulation time using 12 work units.
2016-01-09 16:40:28) Replicate 7 completed with 1.00e+05 of simulation time using 12 work units.
2016-01-09 16:40:28) Replicate 16 completed with 1.00e+05 of simulation time using 12 work units.
2016-01-09 16:40:28) Replicate 15 completed with 1.00e+05 of simulation time using 12 work units.
2016-01-09 16:40:28) Replicate 14 completed with 1.00e+05 of simulation time using 12 work units.
2016-01-09 16:40:28) Replicate 1 completed with 1.00e+05 of simulation time using 12 work units.
2016-01-09 16:40:28) Replicate 11 completed with 1.00e+05 of simulation time using 12 work units.
2016-01-09 16:40:28) Replicate 4 completed with 1.00e+05 of simulation time using 12 work units.
2016-01-09 16:40:28) Replicate 13 completed with 1.00e+05 of simulation time using 12 work units.
2016-01-09 16:40:28) Replicate 3 completed with 1.00e+05 of simulation time using 12 work units.
2016-01-09 16:40:28) Replicate 2 completed with 1.00e+05 of simulation time using 12 work units.
2016-01-09 16:40:28) Replicate 10 completed with 1.00e+05 of simulation time using 12 work units.
2016-01-09 16:40:28) Replicate supervisor finished 16 replicates in 110.14 seconds.
2016-01-09 16:40:28) Simulation finished.
2016-01-09 16:40:28) Finished 95 work units (ids in range 97 to 191) with 95 parts in the last 49.6 seconds. 790734883 steps in 4.934e+01 seconds (1.603e+07 steps/second).
2016-01-09 16:40:28) Supervisor 0:2 finished.
2016-01-09 16:40:28) Wrote 80 messages (6291 bytes) in the last 49.7 seconds (0.000413 seconds writing). 0 messages (0 bytes) queued. Flushing.
2016-01-09 16:40:28) OutputWriter::HelperThread 0:4 finished.
2016-01-09 16:40:28) OutputWriter 0:3 finished.
2016-01-09 16:40:28) Work unit runner 0:5 finished.
2016-01-09 16:40:28) Resource controller 0:1 finished.
2016-01-09 16:40:28) Closing MPI library.
2016-01-09 16:40:28) Program execution finished.
