Lattice Microbe ES v2016.01.20 build 1 in 64-bit mode with options MPI AVX.
Copyright (C) 2008-2012 Luthey-Schulten Group, University of Illinois at Urbana-Champaign.
Copyright (C) 2012-2016 Roberts Group, Johns Hopkins University.

MPI version 3.0 with thread support MPI_THREAD_MULTIPLE.
Running with 1 process(es).

2016-01-09 16:40:28) Resource controller 0:1 started.
2016-01-09 16:40:28) Supervisor 0:2 started.
2016-01-09 16:40:28) Resource controller 0:1 on barkeri.bph.jhu.edu registered with 8 cpu core(s) and 0 gpu device(s).
2016-01-09 16:40:28) Registered resources for host barkeri.bph.jhu.edu (defaults=1): 2 cpu cores, 0 gpu devices
2016-01-09 16:40:28) All resources registered with supervisor, starting workers.
2016-01-09 16:40:28) Reserved core 0 on 0:1 for the output writer.
2016-01-09 16:40:28) Creating slot 0 on process (0:1) using resources: barkeri.bph.jhu.edu; cpu core list:1; gpu device list:<none>.
2016-01-09 16:40:28) OutputWriter 0:3 started.
2016-01-09 16:40:28) OutputWriter::HelperThread 0:4 started.
2016-01-09 16:40:28) Work Unit runner 0:5 started with 1 cpu cores (affinity=0) and 0 gpus.
2016-01-09 16:40:28) Output writer started: 0:3.
2016-01-09 16:40:28) Work unit runner started: 0:5.
2016-01-09 16:40:28) All supervisor workers have started, beginning simulation.
2016-01-09 16:40:28) Replicate supervisor starting simulation.
2016-01-09 16:40:28) Simulation started.
2016-01-09 16:41:28) Wrote 95 messages (7278 bytes) in the last 60.4 seconds (0.000481 seconds writing). 0 messages (0 bytes) queued. Flushing.
2016-01-09 16:41:28) Finished 96 work units (ids in range 0 to 95) with 96 parts in the last 60.5 seconds. 960000000 steps in 6.012e+01 seconds (1.597e+07 steps/second).
2016-01-09 16:42:18) Replicate 5 completed with 1.00e+05 of simulation time using 12 work units.
2016-01-09 16:42:18) Replicate 13 completed with 1.00e+05 of simulation time using 12 work units.
2016-01-09 16:42:18) Replicate 15 completed with 1.00e+05 of simulation time using 12 work units.
2016-01-09 16:42:18) Replicate 16 completed with 1.00e+05 of simulation time using 12 work units.
2016-01-09 16:42:18) Replicate 3 completed with 1.00e+05 of simulation time using 12 work units.
2016-01-09 16:42:18) Replicate 2 completed with 1.00e+05 of simulation time using 12 work units.
2016-01-09 16:42:18) Replicate 8 completed with 1.00e+05 of simulation time using 12 work units.
2016-01-09 16:42:18) Replicate 4 completed with 1.00e+05 of simulation time using 12 work units.
2016-01-09 16:42:18) Replicate 11 completed with 1.00e+05 of simulation time using 12 work units.
2016-01-09 16:42:18) Replicate 6 completed with 1.00e+05 of simulation time using 12 work units.
2016-01-09 16:42:18) Replicate 1 completed with 1.00e+05 of simulation time using 12 work units.
2016-01-09 16:42:18) Replicate 9 completed with 1.00e+05 of simulation time using 12 work units.
2016-01-09 16:42:18) Replicate 12 completed with 1.00e+05 of simulation time using 12 work units.
2016-01-09 16:42:18) Replicate 14 completed with 1.00e+05 of simulation time using 12 work units.
2016-01-09 16:42:18) Replicate 10 completed with 1.00e+05 of simulation time using 12 work units.
2016-01-09 16:42:18) Replicate 7 completed with 1.00e+05 of simulation time using 12 work units.
2016-01-09 16:42:18) Replicate supervisor finished 16 replicates in 110.67 seconds.
2016-01-09 16:42:18) Simulation finished.
2016-01-09 16:42:18) Finished 96 work units (ids in range 96 to 191) with 96 parts in the last 50.3 seconds. 800731011 steps in 4.994e+01 seconds (1.603e+07 steps/second).
2016-01-09 16:42:18) Supervisor 0:2 finished.
2016-01-09 16:42:18) Wrote 81 messages (6379 bytes) in the last 50.3 seconds (0.000426 seconds writing). 0 messages (0 bytes) queued. Flushing.
2016-01-09 16:42:18) OutputWriter::HelperThread 0:4 finished.
2016-01-09 16:42:18) OutputWriter 0:3 finished.
2016-01-09 16:42:18) Work unit runner 0:5 finished.
2016-01-09 16:42:18) Resource controller 0:1 finished.
2016-01-09 16:42:18) Closing MPI library.
2016-01-09 16:42:18) Program execution finished.
