Lattice Microbe ES v2016.01.20 build 1 in 64-bit mode with options MPI AVX.
Copyright (C) 2008-2012 Luthey-Schulten Group, University of Illinois at Urbana-Champaign.
Copyright (C) 2012-2016 Roberts Group, Johns Hopkins University.

MPI version 3.0 with thread support MPI_THREAD_MULTIPLE.
Running with 1 process(es).

2016-01-09 16:47:51) Resource controller 0:1 started.
2016-01-09 16:47:51) Supervisor 0:2 started.
2016-01-09 16:47:51) Resource controller 0:1 on barkeri.bph.jhu.edu registered with 8 cpu core(s) and 0 gpu device(s).
2016-01-09 16:47:51) Registered resources for host barkeri.bph.jhu.edu (defaults=1): 2 cpu cores, 0 gpu devices
2016-01-09 16:47:51) All resources registered with supervisor, starting workers.
2016-01-09 16:47:51) Reserved core 0 on 0:1 for the output writer.
2016-01-09 16:47:51) Creating slot 0 on process (0:1) using resources: barkeri.bph.jhu.edu; cpu core list:1; gpu device list:<none>.
2016-01-09 16:47:51) OutputWriter 0:3 started.
2016-01-09 16:47:51) OutputWriter::HelperThread 0:4 started.
2016-01-09 16:47:51) Output writer started: 0:3.
2016-01-09 16:47:51) Work Unit runner 0:5 started with 1 cpu cores (affinity=0) and 0 gpus.
2016-01-09 16:47:51) Work unit runner started: 0:5.
2016-01-09 16:47:51) All supervisor workers have started, beginning simulation.
2016-01-09 16:47:51) Replicate supervisor starting simulation.
2016-01-09 16:47:51) Simulation started.
2016-01-09 16:48:51) Finished 96 work units (ids in range 0 to 95) with 96 parts in the last 60.0 seconds. 960000000 steps in 5.965e+01 seconds (1.609e+07 steps/second).
2016-01-09 16:48:52) Wrote 96 messages (7373 bytes) in the last 60.6 seconds (0.000492 seconds writing). 0 messages (0 bytes) queued. Flushing.
2016-01-09 16:49:41) Replicate 1 completed with 1.00e+05 of simulation time using 12 work units.
2016-01-09 16:49:41) Replicate 10 completed with 1.00e+05 of simulation time using 12 work units.
2016-01-09 16:49:41) Replicate 12 completed with 1.00e+05 of simulation time using 12 work units.
2016-01-09 16:49:41) Replicate 3 completed with 1.00e+05 of simulation time using 12 work units.
2016-01-09 16:49:41) Replicate 11 completed with 1.00e+05 of simulation time using 12 work units.
2016-01-09 16:49:41) Replicate 15 completed with 1.00e+05 of simulation time using 12 work units.
2016-01-09 16:49:41) Replicate 5 completed with 1.00e+05 of simulation time using 12 work units.
2016-01-09 16:49:41) Replicate 13 completed with 1.00e+05 of simulation time using 12 work units.
2016-01-09 16:49:41) Replicate 9 completed with 1.00e+05 of simulation time using 12 work units.
2016-01-09 16:49:41) Replicate 14 completed with 1.00e+05 of simulation time using 12 work units.
2016-01-09 16:49:41) Replicate 4 completed with 1.00e+05 of simulation time using 12 work units.
2016-01-09 16:49:41) Replicate 6 completed with 1.00e+05 of simulation time using 12 work units.
2016-01-09 16:49:41) Replicate 8 completed with 1.00e+05 of simulation time using 12 work units.
2016-01-09 16:49:41) Replicate 16 completed with 1.00e+05 of simulation time using 12 work units.
2016-01-09 16:49:41) Replicate 7 completed with 1.00e+05 of simulation time using 12 work units.
2016-01-09 16:49:41) Replicate 2 completed with 1.00e+05 of simulation time using 12 work units.
2016-01-09 16:49:41) Replicate supervisor finished 16 replicates in 110.11 seconds.
2016-01-09 16:49:41) Simulation finished.
2016-01-09 16:49:41) Finished 96 work units (ids in range 96 to 191) with 96 parts in the last 50.1 seconds. 800677968 steps in 4.986e+01 seconds (1.606e+07 steps/second).
2016-01-09 16:49:41) Supervisor 0:2 finished.
2016-01-09 16:49:41) Wrote 80 messages (6285 bytes) in the last 49.5 seconds (0.000418 seconds writing). 0 messages (0 bytes) queued. Flushing.
2016-01-09 16:49:41) OutputWriter::HelperThread 0:4 finished.
2016-01-09 16:49:41) OutputWriter 0:3 finished.
2016-01-09 16:49:41) Work unit runner 0:5 finished.
2016-01-09 16:49:41) Resource controller 0:1 finished.
2016-01-09 16:49:41) Closing MPI library.
2016-01-09 16:49:41) Program execution finished.
