Lattice Microbe ES v2016.12 build 2016-12-01-16-56-19 in 64-bit mode with options MPI AVX SBML.
Copyright (C) 2008-2012 Luthey-Schulten Group, University of Illinois at Urbana-Champaign.
Copyright (C) 2012-2017 Roberts Group, Johns Hopkins University.

2016-11-01 17:14:21) Initializing communications library.
2016-11-01 17:14:21) Using MPI communicator, master on host xanthus-cp-2.
2016-11-01 17:14:21) MPI version 3.0 with thread support MPI_THREAD_MULTIPLE running on 1 process(es).
2016-11-01 17:14:21) Resource controller @0:1 started.
2016-11-01 17:14:21) Supervisor @0:0 started.
2016-11-01 17:14:21) Resource controller @0:1 on xanthus-cp-2 registered with 32 cpu core(s) and 0 gpu device(s).
2016-11-01 17:14:21) Registered resources for host xanthus-cp-2 (defaults=1): 2 cpu cores, 0 gpu devices
2016-11-01 17:14:21) All resources registered with supervisor, starting workers.
2016-11-01 17:14:21) Reserved core 0 on @0:1 for the output writer.
2016-11-01 17:14:21) Creating slot 0 on @0:1 using resources: xanthus-cp-2; @0:1; cpu core list:1; gpu device list:<none>.
2016-11-01 17:14:21) OutputWriter @0:3 started.
2016-11-01 17:14:21) Work Unit runner @0:4 started with 1 cpu cores (affinity=0) and 0 gpus.
2016-11-01 17:14:21) 2016-11-01 17:14:21) Output writer started: @0:3.
OutputWriter::HelperThread @0:3 started.
2016-11-01 17:14:21) Work unit runner started: @0:4.
2016-11-01 17:14:21) All supervisor workers have started, beginning simulation.
2016-11-01 17:14:21) Replicate supervisor starting simulation.
2016-11-01 17:14:21) Simulation started.
2016-11-01 17:15:23) Finished 28 work units (ids in range 0 to 27) with 112 parts in the last 62.0 seconds. 1120000000 steps in 6.203e+01 seconds (1.806e+07 steps/second).
2016-11-01 17:15:23) Wrote 18 messages (3541 bytes) in the last 62.0 seconds (0.000149 seconds writing). 0 messages (0 bytes) queued. Flushing.
2016-11-01 17:16:24) Wrote 17 messages (3508 bytes) in the last 60.6 seconds (0.000124 seconds writing). 0 messages (0 bytes) queued. Flushing.
2016-11-01 17:16:24) Finished 27 work units (ids in range 28 to 54) with 108 parts in the last 60.6 seconds. 1080000000 steps in 6.060e+01 seconds (1.782e+07 steps/second).
2016-11-01 17:17:05) Replicate 2 completed with 1.00e+05 of simulation time using 20 work units.
2016-11-01 17:17:07) Replicate 8 completed with 1.00e+05 of simulation time using 20 work units.
2016-11-01 17:17:10) Replicate 10 completed with 1.00e+05 of simulation time using 20 work units.
2016-11-01 17:17:10) Replicate 5 completed with 1.00e+05 of simulation time using 21 work units.
2016-11-01 17:17:10) Replicate 9 completed with 1.00e+05 of simulation time using 22 work units.
2016-11-01 17:17:10) Replicate 14 completed with 1.00e+05 of simulation time using 21 work units.
2016-11-01 17:17:10) Replicate 11 completed with 1.00e+05 of simulation time using 21 work units.
2016-11-01 17:17:10) Replicate 7 completed with 1.00e+05 of simulation time using 23 work units.
2016-11-01 17:17:10) Replicate 6 completed with 1.00e+05 of simulation time using 22 work units.
2016-11-01 17:17:10) Replicate 4 completed with 1.00e+05 of simulation time using 21 work units.
2016-11-01 17:17:10) Replicate 1 completed with 1.00e+05 of simulation time using 23 work units.
2016-11-01 17:17:10) Replicate 12 completed with 1.00e+05 of simulation time using 25 work units.
2016-11-01 17:17:10) GillespieDSolverAVX started without a full set of trajectories, running trajectory 13 with the GillespieDSolver.
2016-11-01 17:17:10) GillespieDSolverAVX started without a full set of trajectories, running trajectory 15 with the GillespieDSolver.
2016-11-01 17:17:10) GillespieDSolverAVX started without a full set of trajectories, running trajectory 3 with the GillespieDSolver.
2016-11-01 17:17:10) Replicate 13 completed with 1.00e+05 of simulation time using 30 work units.
2016-11-01 17:17:10) Replicate 15 completed with 1.00e+05 of simulation time using 25 work units.
2016-11-01 17:17:10) Replicate 3 completed with 1.00e+05 of simulation time using 25 work units.
2016-11-01 17:17:10) Replicate supervisor finished 15 replicates in 168.22 seconds.
2016-11-01 17:17:10) Simulation finished.
2016-11-01 17:17:10) Finished 30 work units (ids in range 55 to 84) with 119 parts in the last 45.6 seconds. 800001165 steps in 4.558e+01 seconds (1.755e+07 steps/second).
2016-11-01 17:17:10) Supervisor @0:0 finished.
2016-11-01 17:17:10) Wrote 26 messages (3030 bytes) in the last 45.6 seconds (0.000132 seconds writing). 0 messages (0 bytes) queued. Flushing.
2016-11-01 17:17:10) OutputWriter wrote 61 messages and 10079 bytes total.
2016-11-01 17:17:10) OutputWriter::HelperThread @0:3 finished.
2016-11-01 17:17:10) OutputWriter @0:3 flushing and closing.
2016-11-01 17:17:10) OutputWriter @0:3 finished.
2016-11-01 17:17:10) Work unit runner @0:4 finished.
2016-11-01 17:17:10) Resource controller @0:1 finished.
2016-11-01 17:17:10) Finalizing communications library.
2016-11-01 17:17:10) Program execution finished.
