Lattice Microbe ES v2016.12 build 2016-12-01-13-59-37 in 64-bit mode with options MPI AVX SBML.
Copyright (C) 2008-2012 Luthey-Schulten Group, University of Illinois at Urbana-Champaign.
Copyright (C) 2012-2017 Roberts Group, Johns Hopkins University.

2016-11-01 14:45:00) Initializing communications library.
2016-11-01 14:45:00) Using MPI communicator, master on host barkeri.bph.jhu.edu.
2016-11-01 14:45:00) MPI version 3.0 with thread support MPI_THREAD_MULTIPLE running on 1 process(es).
2016-11-01 14:45:00) Resource controller @0:1 started.
2016-11-01 14:45:00) Supervisor @0:0 started.
2016-11-01 14:45:00) Resource controller @0:1 on barkeri.bph.jhu.edu registered with 8 cpu core(s) and 0 gpu device(s).
2016-11-01 14:45:00) Registered resources for host barkeri.bph.jhu.edu (defaults=1): 2 cpu cores, 0 gpu devices
2016-11-01 14:45:00) All resources registered with supervisor, starting workers.
2016-11-01 14:45:00) Reserved core 0 on @0:1 for the output writer.
2016-11-01 14:45:00) Creating slot 0 on @0:1 using resources: barkeri.bph.jhu.edu; @0:1; cpu core list:1; gpu device list:<none>.
2016-11-01 14:45:00) OutputWriter @0:3 started.
2016-11-01 14:45:00) Work Unit runner @0:4 started with 1 cpu cores (affinity=0) and 0 gpus.
2016-11-01 14:45:00) 2016-11-01 14:45:00) OutputWriter::HelperThread @0:3 started.Output writer started: @0:3.

2016-11-01 14:45:00) Work unit runner started: @0:4.
2016-11-01 14:45:00) All supervisor workers have started, beginning simulation.
2016-11-01 14:45:00) Replicate supervisor starting simulation.
2016-11-01 14:45:00) Simulation started.
2016-11-01 14:46:00) Finished 42 work units (ids in range 0 to 41) with 168 parts in the last 60.1 seconds. 1680000000 steps in 6.010e+01 seconds (2.795e+07 steps/second).
2016-11-01 14:46:02) Wrote 27 messages (5332 bytes) in the last 61.5 seconds (0.000401 seconds writing). 0 messages (0 bytes) queued. Flushing.
2016-11-01 14:46:48) Replicate 10 completed with 1.00e+05 of simulation time using 20 work units.
2016-11-01 14:46:50) Replicate 14 completed with 1.00e+05 of simulation time using 20 work units.
2016-11-01 14:46:50) Replicate 9 completed with 1.00e+05 of simulation time using 21 work units.
2016-11-01 14:46:50) Replicate 11 completed with 1.00e+05 of simulation time using 21 work units.
2016-11-01 14:46:50) Replicate 8 completed with 1.00e+05 of simulation time using 22 work units.
2016-11-01 14:46:50) Replicate 5 completed with 1.00e+05 of simulation time using 22 work units.
2016-11-01 14:46:50) Replicate 4 completed with 1.00e+05 of simulation time using 22 work units.
2016-11-01 14:46:50) Replicate 6 completed with 1.00e+05 of simulation time using 22 work units.
2016-11-01 14:46:50) Replicate 2 completed with 1.00e+05 of simulation time using 24 work units.
2016-11-01 14:46:50) Replicate 12 completed with 1.00e+05 of simulation time using 23 work units.
2016-11-01 14:46:50) Replicate 7 completed with 1.00e+05 of simulation time using 25 work units.
2016-11-01 14:46:50) Replicate 15 completed with 1.00e+05 of simulation time using 26 work units.
2016-11-01 14:46:50) GillespieDSolverAVX started without a full set of trajectories, running trajectory 1 with the GillespieDSolver.
2016-11-01 14:46:50) GillespieDSolverAVX started without a full set of trajectories, running trajectory 3 with the GillespieDSolver.
2016-11-01 14:46:50) GillespieDSolverAVX started without a full set of trajectories, running trajectory 13 with the GillespieDSolver.
2016-11-01 14:46:50) Replicate 1 completed with 1.00e+05 of simulation time using 25 work units.
2016-11-01 14:46:50) Replicate 3 completed with 1.00e+05 of simulation time using 26 work units.
2016-11-01 14:46:50) Replicate 13 completed with 1.00e+05 of simulation time using 24 work units.
2016-11-01 14:46:50) Replicate supervisor finished 15 replicates in 110.02 seconds.
2016-11-01 14:46:50) Simulation finished.
2016-11-01 14:46:50) Finished 44 work units (ids in range 42 to 85) with 175 parts in the last 49.9 seconds. 1320039312 steps in 4.990e+01 seconds (2.646e+07 steps/second).
2016-11-01 14:46:50) Supervisor @0:0 finished.
2016-11-01 14:46:50) Wrote 33 messages (4722 bytes) in the last 48.5 seconds (0.000405 seconds writing). 0 messages (0 bytes) queued. Flushing.
2016-11-01 14:46:50) OutputWriter wrote 60 messages and 10054 bytes total.
2016-11-01 14:46:50) OutputWriter::HelperThread @0:3 finished.
2016-11-01 14:46:50) OutputWriter @0:3 flushing and closing.
2016-11-01 14:46:50) OutputWriter @0:3 finished.
2016-11-01 14:46:50) Work unit runner @0:4 finished.
2016-11-01 14:46:50) Resource controller @0:1 finished.
2016-11-01 14:46:50) Finalizing communications library.
2016-11-01 14:46:50) Program execution finished.
