Lattice Microbe ES v2016.12 build 2016-12-01-13-59-37 in 64-bit mode with options MPI AVX SBML.
Copyright (C) 2008-2012 Luthey-Schulten Group, University of Illinois at Urbana-Champaign.
Copyright (C) 2012-2017 Roberts Group, Johns Hopkins University.

2016-11-01 14:46:50) Initializing communications library.
2016-11-01 14:46:50) Using MPI communicator, master on host barkeri.bph.jhu.edu.
2016-11-01 14:46:50) MPI version 3.0 with thread support MPI_THREAD_MULTIPLE running on 1 process(es).
2016-11-01 14:46:50) Resource controller @0:1 started.
2016-11-01 14:46:50) Supervisor @0:0 started.
2016-11-01 14:46:50) Resource controller @0:1 on barkeri.bph.jhu.edu registered with 8 cpu core(s) and 0 gpu device(s).
2016-11-01 14:46:50) Registered resources for host barkeri.bph.jhu.edu (defaults=1): 2 cpu cores, 0 gpu devices
2016-11-01 14:46:50) All resources registered with supervisor, starting workers.
2016-11-01 14:46:50) Reserved core 0 on @0:1 for the output writer.
2016-11-01 14:46:50) Creating slot 0 on @0:1 using resources: barkeri.bph.jhu.edu; @0:1; cpu core list:1; gpu device list:<none>.
2016-11-01 14:46:50) OutputWriter @0:3 started.
2016-11-01 14:46:50) OutputWriter::HelperThread @0:3 started.
2016-11-01 14:46:50) 2016-11-01 14:46:50) Output writer started: @0:3.Work Unit runner @0:4 started with 1 cpu cores (affinity=0) and 0 gpus.

2016-11-01 14:46:50) Work unit runner started: @0:4.
2016-11-01 14:46:50) All supervisor workers have started, beginning simulation.
2016-11-01 14:46:50) Replicate supervisor starting simulation.
2016-11-01 14:46:50) Simulation started.
2016-11-01 14:47:50) Wrote 27 messages (5281 bytes) in the last 60.2 seconds (0.000359 seconds writing). 0 messages (0 bytes) queued. Flushing.
2016-11-01 14:47:50) Finished 40 work units (ids in range 0 to 39) with 160 parts in the last 60.2 seconds. 1600000000 steps in 6.019e+01 seconds (2.658e+07 steps/second).
2016-11-01 14:48:40) Replicate 5 completed with 1.00e+05 of simulation time using 20 work units.
2016-11-01 14:48:41) Replicate 2 completed with 1.00e+05 of simulation time using 20 work units.
2016-11-01 14:48:41) Replicate 7 completed with 1.00e+05 of simulation time using 21 work units.
2016-11-01 14:48:41) Replicate 15 completed with 1.00e+05 of simulation time using 21 work units.
2016-11-01 14:48:41) Replicate 11 completed with 1.00e+05 of simulation time using 21 work units.
2016-11-01 14:48:41) Replicate 12 completed with 1.00e+05 of simulation time using 22 work units.
2016-11-01 14:48:41) Replicate 9 completed with 1.00e+05 of simulation time using 24 work units.
2016-11-01 14:48:41) Replicate 10 completed with 1.00e+05 of simulation time using 23 work units.
2016-11-01 14:48:41) Replicate 1 completed with 1.00e+05 of simulation time using 23 work units.
2016-11-01 14:48:41) Replicate 4 completed with 1.00e+05 of simulation time using 24 work units.
2016-11-01 14:48:41) Replicate 8 completed with 1.00e+05 of simulation time using 23 work units.
2016-11-01 14:48:41) Replicate 14 completed with 1.00e+05 of simulation time using 22 work units.
2016-11-01 14:48:41) GillespieDSolverAVX started without a full set of trajectories, running trajectory 3 with the GillespieDSolver.
2016-11-01 14:48:41) GillespieDSolverAVX started without a full set of trajectories, running trajectory 13 with the GillespieDSolver.
2016-11-01 14:48:41) GillespieDSolverAVX started without a full set of trajectories, running trajectory 6 with the GillespieDSolver.
2016-11-01 14:48:41) Replicate 3 completed with 1.00e+05 of simulation time using 27 work units.
2016-11-01 14:48:41) Replicate 13 completed with 1.00e+05 of simulation time using 27 work units.
2016-11-01 14:48:41) Replicate 6 completed with 1.00e+05 of simulation time using 25 work units.
2016-11-01 14:48:41) Replicate supervisor finished 15 replicates in 111.13 seconds.
2016-11-01 14:48:41) Simulation finished.
2016-11-01 14:48:41) Finished 46 work units (ids in range 40 to 85) with 183 parts in the last 50.9 seconds. 1400039165 steps in 5.091e+01 seconds (2.750e+07 steps/second).
2016-11-01 14:48:41) Supervisor @0:0 finished.
2016-11-01 14:48:41) Wrote 35 messages (4823 bytes) in the last 50.9 seconds (0.000369 seconds writing). 0 messages (0 bytes) queued. Flushing.
2016-11-01 14:48:41) OutputWriter wrote 62 messages and 10104 bytes total.
2016-11-01 14:48:41) OutputWriter::HelperThread @0:3 finished.
2016-11-01 14:48:41) OutputWriter @0:3 flushing and closing.
2016-11-01 14:48:41) OutputWriter @0:3 finished.
2016-11-01 14:48:41) Work unit runner @0:4 finished.
2016-11-01 14:48:41) Resource controller @0:1 finished.
2016-11-01 14:48:41) Finalizing communications library.
2016-11-01 14:48:41) Program execution finished.
