Lattice Microbe ES v2016.12 build 2016-12-01-13-59-37 in 64-bit mode with options MPI AVX SBML.
Copyright (C) 2008-2012 Luthey-Schulten Group, University of Illinois at Urbana-Champaign.
Copyright (C) 2012-2017 Roberts Group, Johns Hopkins University.

2016-11-01 14:34:33) Initializing communications library.
2016-11-01 14:34:33) Using MPI communicator, master on host barkeri.bph.jhu.edu.
MPI version 3.0 with thread support MPI_THREAD_MULTIPLE.
Running with 1 process(es).

2016-11-01 14:34:33) Resource controller @0:1 started.
2016-11-01 14:34:33) Supervisor @0:0 started.
2016-11-01 14:34:33) Resource controller @0:1 on barkeri.bph.jhu.edu registered with 8 cpu core(s) and 0 gpu device(s).
2016-11-01 14:34:33) Registered resources for host barkeri.bph.jhu.edu (defaults=1): 2 cpu cores, 0 gpu devices
2016-11-01 14:34:33) All resources registered with supervisor, starting workers.
2016-11-01 14:34:33) Reserved core 0 on @0:1 for the output writer.
2016-11-01 14:34:33) Creating slot 0 on @0:1 using resources: barkeri.bph.jhu.edu; @0:1; cpu core list:1; gpu device list:<none>.
2016-11-01 14:34:33) OutputWriter @0:3 started.
2016-11-01 14:34:33) OutputWriter::HelperThread @0:3 started.
2016-11-01 14:34:33) Work Unit runner @0:4 started with 1 cpu cores (affinity=0) and 0 gpus.
2016-11-01 14:34:33) Output writer started: @0:3.
2016-11-01 14:34:33) Work unit runner started: @0:4.
2016-11-01 14:34:33) All supervisor workers have started, beginning simulation.
2016-11-01 14:34:33) Replicate supervisor starting simulation.
2016-11-01 14:34:33) Simulation started.
2016-11-01 14:35:34) Wrote 33 messages (6317 bytes) in the last 60.8 seconds (0.000406 seconds writing). 0 messages (0 bytes) queued. Flushing.
2016-11-01 14:35:34) Finished 52 work units (ids in range 0 to 51) with 208 parts in the last 60.8 seconds. 2080000000 steps in 6.083e+01 seconds (3.419e+07 steps/second).
2016-11-01 14:35:58) Replicate 9 completed with 1.00e+05 of simulation time using 20 work units.
2016-11-01 14:35:59) Replicate 3 completed with 1.00e+05 of simulation time using 20 work units.
2016-11-01 14:36:00) Replicate 15 completed with 1.00e+05 of simulation time using 20 work units.
2016-11-01 14:36:00) Replicate 2 completed with 1.00e+05 of simulation time using 21 work units.
2016-11-01 14:36:00) Replicate 1 completed with 1.00e+05 of simulation time using 21 work units.
2016-11-01 14:36:00) Replicate 13 completed with 1.00e+05 of simulation time using 21 work units.
2016-11-01 14:36:00) Replicate 12 completed with 1.00e+05 of simulation time using 23 work units.
2016-11-01 14:36:00) Replicate 5 completed with 1.00e+05 of simulation time using 22 work units.
2016-11-01 14:36:00) Replicate 4 completed with 1.00e+05 of simulation time using 22 work units.
2016-11-01 14:36:00) Replicate 6 completed with 1.00e+05 of simulation time using 23 work units.
2016-11-01 14:36:00) Replicate 10 completed with 1.00e+05 of simulation time using 24 work units.
2016-11-01 14:36:00) Replicate 7 completed with 1.00e+05 of simulation time using 25 work units.
2016-11-01 14:36:00) GillespieDSolverAVX started without a full set of trajectories, running trajectory 8 with the GillespieDSolver.
2016-11-01 14:36:00) GillespieDSolverAVX started without a full set of trajectories, running trajectory 14 with the GillespieDSolver.
2016-11-01 14:36:00) GillespieDSolverAVX started without a full set of trajectories, running trajectory 11 with the GillespieDSolver.
2016-11-01 14:36:00) Replicate 8 completed with 1.00e+05 of simulation time using 26 work units.
2016-11-01 14:36:00) Replicate 14 completed with 1.00e+05 of simulation time using 26 work units.
2016-11-01 14:36:00) Replicate 11 completed with 1.00e+05 of simulation time using 25 work units.
2016-11-01 14:36:00) Replicate supervisor finished 15 replicates in 87.60 seconds.
2016-11-01 14:36:00) Simulation finished.
2016-11-01 14:36:00) Finished 33 work units (ids in range 52 to 84) with 131 parts in the last 26.8 seconds. 920000233 steps in 2.675e+01 seconds (3.439e+07 steps/second).
2016-11-01 14:36:00) Supervisor @0:0 finished.
2016-11-01 14:36:00) Wrote 28 messages (3760 bytes) in the last 26.8 seconds (0.000250 seconds writing). 0 messages (0 bytes) queued. Flushing.
2016-11-01 14:36:00) OutputWriter wrote 61 messages and 10077 bytes total.
2016-11-01 14:36:00) OutputWriter::HelperThread @0:3 finished.
2016-11-01 14:36:00) OutputWriter @0:3 flushing and closing.
2016-11-01 14:36:00) OutputWriter @0:3 finished.
2016-11-01 14:36:00) Work unit runner @0:4 finished.
2016-11-01 14:36:00) Resource controller @0:1 finished.
2016-11-01 14:36:00) Finalizing communications library.
2016-11-01 14:36:00) Program execution finished.
