Lattice Microbe ES v2016.12 build 2016-12-01-16-56-19 in 64-bit mode with options MPI AVX SBML.
Copyright (C) 2008-2012 Luthey-Schulten Group, University of Illinois at Urbana-Champaign.
Copyright (C) 2012-2017 Roberts Group, Johns Hopkins University.

2016-11-01 17:05:43) Initializing communications library.
2016-11-01 17:05:43) Using MPI communicator, master on host xanthus-cp-2.
2016-11-01 17:05:43) MPI version 3.0 with thread support MPI_THREAD_MULTIPLE running on 1 process(es).
2016-11-01 17:05:43) Resource controller @0:1 started.
2016-11-01 17:05:43) Supervisor @0:0 started.
2016-11-01 17:05:43) Resource controller @0:1 on xanthus-cp-2 registered with 32 cpu core(s) and 0 gpu device(s).
2016-11-01 17:05:43) Registered resources for host xanthus-cp-2 (defaults=1): 2 cpu cores, 0 gpu devices
2016-11-01 17:05:43) All resources registered with supervisor, starting workers.
2016-11-01 17:05:43) Reserved core 0 on @0:1 for the output writer.
2016-11-01 17:05:43) Creating slot 0 on @0:1 using resources: xanthus-cp-2; @0:1; cpu core list:1; gpu device list:<none>.
2016-11-01 17:05:43) OutputWriter @0:3 started.
2016-11-01 17:05:43) Output writer started: @0:3.
2016-11-01 17:05:43) OutputWriter::HelperThread @0:3 started.
2016-11-01 17:05:43) Work Unit runner @0:4 started with 1 cpu cores (affinity=0) and 0 gpus.
2016-11-01 17:05:43) Work unit runner started: @0:4.
2016-11-01 17:05:43) All supervisor workers have started, beginning simulation.
2016-11-01 17:05:43) Replicate supervisor starting simulation.
2016-11-01 17:05:43) Simulation started.
2016-11-01 17:06:44) Finished 27 work units (ids in range 0 to 26) with 108 parts in the last 61.9 seconds. 1080000000 steps in 6.191e+01 seconds (1.745e+07 steps/second).
2016-11-01 17:06:47) Wrote 20 messages (3588 bytes) in the last 64.2 seconds (0.000157 seconds writing). 0 messages (0 bytes) queued. Flushing.
2016-11-01 17:07:45) Finished 26 work units (ids in range 27 to 52) with 104 parts in the last 60.4 seconds. 1040000000 steps in 6.041e+01 seconds (1.721e+07 steps/second).
2016-11-01 17:07:47) Wrote 18 messages (3271 bytes) in the last 60.5 seconds (0.000135 seconds writing). 0 messages (0 bytes) queued. Flushing.
2016-11-01 17:08:34) Replicate 8 completed with 1.00e+05 of simulation time using 20 work units.
2016-11-01 17:08:36) Replicate 14 completed with 1.00e+05 of simulation time using 20 work units.
2016-11-01 17:08:36) Replicate 13 completed with 1.00e+05 of simulation time using 21 work units.
2016-11-01 17:08:36) Replicate 6 completed with 1.00e+05 of simulation time using 22 work units.
2016-11-01 17:08:36) Replicate 5 completed with 1.00e+05 of simulation time using 21 work units.
2016-11-01 17:08:36) Replicate 3 completed with 1.00e+05 of simulation time using 22 work units.
2016-11-01 17:08:36) Replicate 12 completed with 1.00e+05 of simulation time using 22 work units.
2016-11-01 17:08:36) Replicate 9 completed with 1.00e+05 of simulation time using 22 work units.
2016-11-01 17:08:36) Replicate 4 completed with 1.00e+05 of simulation time using 22 work units.
2016-11-01 17:08:36) Replicate 7 completed with 1.00e+05 of simulation time using 23 work units.
2016-11-01 17:08:36) Replicate 2 completed with 1.00e+05 of simulation time using 23 work units.
2016-11-01 17:08:36) Replicate 1 completed with 1.00e+05 of simulation time using 25 work units.
2016-11-01 17:08:36) GillespieDSolverAVX started without a full set of trajectories, running trajectory 10 with the GillespieDSolver.
2016-11-01 17:08:36) GillespieDSolverAVX started without a full set of trajectories, running trajectory 11 with the GillespieDSolver.
2016-11-01 17:08:36) GillespieDSolverAVX started without a full set of trajectories, running trajectory 15 with the GillespieDSolver.
2016-11-01 17:08:36) Replicate 10 completed with 1.00e+05 of simulation time using 29 work units.
2016-11-01 17:08:36) Replicate 11 completed with 1.00e+05 of simulation time using 24 work units.
2016-11-01 17:08:36) Replicate 15 completed with 1.00e+05 of simulation time using 27 work units.
2016-11-01 17:08:36) Replicate supervisor finished 15 replicates in 173.44 seconds.
2016-11-01 17:08:36) Simulation finished.
2016-11-01 17:08:36) Finished 33 work units (ids in range 53 to 85) with 131 parts in the last 51.1 seconds. 880119641 steps in 5.111e+01 seconds (1.722e+07 steps/second).
2016-11-01 17:08:36) Supervisor @0:0 finished.
2016-11-01 17:08:36) Wrote 27 messages (3316 bytes) in the last 48.8 seconds (0.000170 seconds writing). 0 messages (0 bytes) queued. Flushing.
2016-11-01 17:08:36) OutputWriter wrote 65 messages and 10175 bytes total.
2016-11-01 17:08:36) OutputWriter::HelperThread @0:3 finished.
2016-11-01 17:08:36) OutputWriter @0:3 flushing and closing.
2016-11-01 17:08:36) OutputWriter @0:3 finished.
2016-11-01 17:08:36) Work unit runner @0:4 finished.
2016-11-01 17:08:36) Resource controller @0:1 finished.
2016-11-01 17:08:36) Finalizing communications library.
2016-11-01 17:08:36) Program execution finished.
