Lattice Microbe ES v2016.12 build 2016-12-01-16-56-19 in 64-bit mode with options MPI AVX SBML.
Copyright (C) 2008-2012 Luthey-Schulten Group, University of Illinois at Urbana-Champaign.
Copyright (C) 2012-2017 Roberts Group, Johns Hopkins University.

2016-11-01 17:08:36) Initializing communications library.
2016-11-01 17:08:36) Using MPI communicator, master on host xanthus-cp-2.
2016-11-01 17:08:36) MPI version 3.0 with thread support MPI_THREAD_MULTIPLE running on 1 process(es).
2016-11-01 17:08:36) Resource controller @0:1 started.
2016-11-01 17:08:36) Supervisor @0:0 started.
2016-11-01 17:08:36) Resource controller @0:1 on xanthus-cp-2 registered with 32 cpu core(s) and 0 gpu device(s).
2016-11-01 17:08:36) Registered resources for host xanthus-cp-2 (defaults=1): 2 cpu cores, 0 gpu devices
2016-11-01 17:08:36) All resources registered with supervisor, starting workers.
2016-11-01 17:08:36) Reserved core 0 on @0:1 for the output writer.
2016-11-01 17:08:36) Creating slot 0 on @0:1 using resources: xanthus-cp-2; @0:1; cpu core list:1; gpu device list:<none>.
2016-11-01 17:08:36) OutputWriter @0:3 started.
2016-11-01 17:08:36) Output writer started: @0:3.
2016-11-01 17:08:36) OutputWriter::HelperThread @0:3 started.
2016-11-01 17:08:36) Work Unit runner @0:4 started with 1 cpu cores (affinity=0) and 0 gpus.
2016-11-01 17:08:36) Work unit runner started: @0:4.
2016-11-01 17:08:36) All supervisor workers have started, beginning simulation.
2016-11-01 17:08:36) Replicate supervisor starting simulation.
2016-11-01 17:08:36) Simulation started.
2016-11-01 17:09:36) Finished 26 work units (ids in range 0 to 25) with 104 parts in the last 60.1 seconds. 1040000000 steps in 6.005e+01 seconds (1.732e+07 steps/second).
2016-11-01 17:09:43) Wrote 21 messages (3613 bytes) in the last 67.2 seconds (0.000164 seconds writing). 0 messages (0 bytes) queued. Flushing.
2016-11-01 17:10:37) Finished 26 work units (ids in range 26 to 51) with 104 parts in the last 60.5 seconds. 1040000000 steps in 6.054e+01 seconds (1.718e+07 steps/second).
2016-11-01 17:10:44) Wrote 16 messages (3378 bytes) in the last 60.4 seconds (0.000150 seconds writing). 0 messages (0 bytes) queued. Flushing.
2016-11-01 17:11:25) Replicate 11 completed with 1.00e+05 of simulation time using 20 work units.
2016-11-01 17:11:27) Replicate 8 completed with 1.00e+05 of simulation time using 20 work units.
2016-11-01 17:11:30) Replicate 4 completed with 1.00e+05 of simulation time using 20 work units.
2016-11-01 17:11:30) Replicate 14 completed with 1.00e+05 of simulation time using 21 work units.
2016-11-01 17:11:30) Replicate 2 completed with 1.00e+05 of simulation time using 21 work units.
2016-11-01 17:11:30) Replicate 12 completed with 1.00e+05 of simulation time using 21 work units.
2016-11-01 17:11:30) Replicate 9 completed with 1.00e+05 of simulation time using 23 work units.
2016-11-01 17:11:30) Replicate 10 completed with 1.00e+05 of simulation time using 22 work units.
2016-11-01 17:11:30) Replicate 1 completed with 1.00e+05 of simulation time using 22 work units.
2016-11-01 17:11:30) Replicate 7 completed with 1.00e+05 of simulation time using 24 work units.
2016-11-01 17:11:30) Replicate 15 completed with 1.00e+05 of simulation time using 24 work units.
2016-11-01 17:11:30) Replicate 5 completed with 1.00e+05 of simulation time using 23 work units.
2016-11-01 17:11:30) GillespieDSolverAVX started without a full set of trajectories, running trajectory 13 with the GillespieDSolver.
2016-11-01 17:11:30) GillespieDSolverAVX started without a full set of trajectories, running trajectory 6 with the GillespieDSolver.
2016-11-01 17:11:30) GillespieDSolverAVX started without a full set of trajectories, running trajectory 3 with the GillespieDSolver.
2016-11-01 17:11:30) Replicate 13 completed with 1.00e+05 of simulation time using 28 work units.
2016-11-01 17:11:30) Replicate 6 completed with 1.00e+05 of simulation time using 25 work units.
2016-11-01 17:11:30) Replicate 3 completed with 1.00e+05 of simulation time using 25 work units.
2016-11-01 17:11:30) Replicate supervisor finished 15 replicates in 173.72 seconds.
2016-11-01 17:11:30) Simulation finished.
2016-11-01 17:11:30) Finished 33 work units (ids in range 52 to 84) with 131 parts in the last 53.1 seconds. 919964092 steps in 5.312e+01 seconds (1.732e+07 steps/second).
2016-11-01 17:11:30) Supervisor @0:0 finished.
2016-11-01 17:11:30) Wrote 26 messages (3136 bytes) in the last 46.2 seconds (0.000135 seconds writing). 0 messages (0 bytes) queued. Flushing.
2016-11-01 17:11:30) OutputWriter wrote 63 messages and 10127 bytes total.
2016-11-01 17:11:30) OutputWriter::HelperThread @0:3 finished.
2016-11-01 17:11:30) OutputWriter @0:3 flushing and closing.
2016-11-01 17:11:30) OutputWriter @0:3 finished.
2016-11-01 17:11:30) Work unit runner @0:4 finished.
2016-11-01 17:11:30) Resource controller @0:1 finished.
2016-11-01 17:11:30) Finalizing communications library.
2016-11-01 17:11:30) Program execution finished.
