Lattice Microbe ES v2016.12 build 2016-12-01-16-56-19 in 64-bit mode with options MPI AVX SBML.
Copyright (C) 2008-2012 Luthey-Schulten Group, University of Illinois at Urbana-Champaign.
Copyright (C) 2012-2017 Roberts Group, Johns Hopkins University.

2016-11-01 17:31:30) Initializing communications library.
2016-11-01 17:31:30) Using MPI communicator, master on host xanthus-cp-2.
2016-11-01 17:31:30) MPI version 3.0 with thread support MPI_THREAD_MULTIPLE running on 1 process(es).
2016-11-01 17:31:30) Resource controller @0:1 started.
2016-11-01 17:31:30) Supervisor @0:0 started.
2016-11-01 17:31:30) Resource controller @0:1 on xanthus-cp-2 registered with 32 cpu core(s) and 0 gpu device(s).
2016-11-01 17:31:30) Registered resources for host xanthus-cp-2 (defaults=1): 2 cpu cores, 0 gpu devices
2016-11-01 17:31:30) All resources registered with supervisor, starting workers.
2016-11-01 17:31:30) Reserved core 0 on @0:1 for the output writer.
2016-11-01 17:31:30) Creating slot 0 on @0:1 using resources: xanthus-cp-2; @0:1; cpu core list:1; gpu device list:<none>.
2016-11-01 17:31:30) OutputWriter @0:3 started.
2016-11-01 17:31:30) OutputWriter::HelperThread @0:3 started.
2016-11-01 17:31:30) Output writer started: @0:3.
2016-11-01 17:31:30) Work Unit runner @0:4 started with 1 cpu cores (affinity=0) and 0 gpus.
2016-11-01 17:31:30) Work unit runner started: @0:4.
2016-11-01 17:31:30) All supervisor workers have started, beginning simulation.
2016-11-01 17:31:30) Replicate supervisor starting simulation.
2016-11-01 17:31:30) Simulation started.
2016-11-01 17:32:30) Finished 26 work units (ids in range 0 to 25) with 104 parts in the last 60.1 seconds. 1040000000 steps in 6.013e+01 seconds (1.730e+07 steps/second).
2016-11-01 17:32:37) Wrote 20 messages (3589 bytes) in the last 67.1 seconds (0.000150 seconds writing). 0 messages (0 bytes) queued. Flushing.
2016-11-01 17:33:31) Finished 27 work units (ids in range 26 to 52) with 108 parts in the last 61.5 seconds. 1080000000 steps in 6.147e+01 seconds (1.757e+07 steps/second).
2016-11-01 17:33:43) Wrote 18 messages (3584 bytes) in the last 66.1 seconds (0.000126 seconds writing). 0 messages (0 bytes) queued. Flushing.
2016-11-01 17:34:20) Replicate 4 completed with 1.00e+05 of simulation time using 20 work units.
2016-11-01 17:34:22) Replicate 3 completed with 1.00e+05 of simulation time using 20 work units.
2016-11-01 17:34:22) Replicate 6 completed with 1.00e+05 of simulation time using 21 work units.
2016-11-01 17:34:22) Replicate 15 completed with 1.00e+05 of simulation time using 21 work units.
2016-11-01 17:34:22) Replicate 8 completed with 1.00e+05 of simulation time using 21 work units.
2016-11-01 17:34:22) Replicate 12 completed with 1.00e+05 of simulation time using 22 work units.
2016-11-01 17:34:22) Replicate 9 completed with 1.00e+05 of simulation time using 22 work units.
2016-11-01 17:34:22) Replicate 7 completed with 1.00e+05 of simulation time using 22 work units.
2016-11-01 17:34:22) Replicate 10 completed with 1.00e+05 of simulation time using 22 work units.
2016-11-01 17:34:22) Replicate 11 completed with 1.00e+05 of simulation time using 23 work units.
2016-11-01 17:34:22) Replicate 5 completed with 1.00e+05 of simulation time using 24 work units.
2016-11-01 17:34:22) Replicate 1 completed with 1.00e+05 of simulation time using 24 work units.
2016-11-01 17:34:22) GillespieDSolverAVX started without a full set of trajectories, running trajectory 14 with the GillespieDSolver.
2016-11-01 17:34:22) GillespieDSolverAVX started without a full set of trajectories, running trajectory 2 with the GillespieDSolver.
2016-11-01 17:34:22) GillespieDSolverAVX started without a full set of trajectories, running trajectory 13 with the GillespieDSolver.
2016-11-01 17:34:22) Replicate 14 completed with 1.00e+05 of simulation time using 28 work units.
2016-11-01 17:34:22) Replicate 2 completed with 1.00e+05 of simulation time using 27 work units.
2016-11-01 17:34:22) Replicate 13 completed with 1.00e+05 of simulation time using 26 work units.
2016-11-01 17:34:22) Replicate supervisor finished 15 replicates in 172.62 seconds.
2016-11-01 17:34:22) Simulation finished.
2016-11-01 17:34:22) Finished 33 work units (ids in range 53 to 85) with 131 parts in the last 51.0 seconds. 879987900 steps in 5.102e+01 seconds (1.725e+07 steps/second).
2016-11-01 17:34:22) Supervisor @0:0 finished.
2016-11-01 17:34:22) Wrote 25 messages (2953 bytes) in the last 39.4 seconds (0.000131 seconds writing). 0 messages (0 bytes) queued. Flushing.
2016-11-01 17:34:22) OutputWriter wrote 63 messages and 10126 bytes total.
2016-11-01 17:34:22) OutputWriter::HelperThread @0:3 finished.
2016-11-01 17:34:22) OutputWriter @0:3 flushing and closing.
2016-11-01 17:34:22) OutputWriter @0:3 finished.
2016-11-01 17:34:22) Work unit runner @0:4 finished.
2016-11-01 17:34:22) Resource controller @0:1 finished.
2016-11-01 17:34:22) Finalizing communications library.
2016-11-01 17:34:22) Program execution finished.
