Lattice Microbe ES v2016.12 build 2016-12-01-16-56-19 in 64-bit mode with options MPI AVX SBML.
Copyright (C) 2008-2012 Luthey-Schulten Group, University of Illinois at Urbana-Champaign.
Copyright (C) 2012-2017 Roberts Group, Johns Hopkins University.

2016-11-01 17:28:39) Initializing communications library.
2016-11-01 17:28:39) Using MPI communicator, master on host xanthus-cp-2.
2016-11-01 17:28:39) MPI version 3.0 with thread support MPI_THREAD_MULTIPLE running on 1 process(es).
2016-11-01 17:28:39) Resource controller @0:1 started.
2016-11-01 17:28:39) Supervisor @0:0 started.
2016-11-01 17:28:39) Resource controller @0:1 on xanthus-cp-2 registered with 32 cpu core(s) and 0 gpu device(s).
2016-11-01 17:28:39) Registered resources for host xanthus-cp-2 (defaults=1): 2 cpu cores, 0 gpu devices
2016-11-01 17:28:39) All resources registered with supervisor, starting workers.
2016-11-01 17:28:39) Reserved core 0 on @0:1 for the output writer.
2016-11-01 17:28:39) Creating slot 0 on @0:1 using resources: xanthus-cp-2; @0:1; cpu core list:1; gpu device list:<none>.
2016-11-01 17:28:39) OutputWriter @0:3 started.
2016-11-01 17:28:39) OutputWriter::HelperThread @0:3 started.
2016-11-01 17:28:39) Output writer started: @0:3.
2016-11-01 17:28:39) Work Unit runner @0:4 started with 1 cpu cores (affinity=0) and 0 gpus.
2016-11-01 17:28:39) Work unit runner started: @0:4.
2016-11-01 17:28:39) All supervisor workers have started, beginning simulation.
2016-11-01 17:28:39) Replicate supervisor starting simulation.
2016-11-01 17:28:39) Simulation started.
2016-11-01 17:29:40) Finished 27 work units (ids in range 0 to 26) with 108 parts in the last 61.7 seconds. 1080000000 steps in 6.171e+01 seconds (1.750e+07 steps/second).
2016-11-01 17:29:45) Wrote 20 messages (3589 bytes) in the last 66.3 seconds (0.000163 seconds writing). 0 messages (0 bytes) queued. Flushing.
2016-11-01 17:30:42) Finished 27 work units (ids in range 27 to 53) with 108 parts in the last 61.9 seconds. 1080000000 steps in 6.185e+01 seconds (1.746e+07 steps/second).
2016-11-01 17:30:51) Wrote 18 messages (3585 bytes) in the last 66.4 seconds (0.000154 seconds writing). 0 messages (0 bytes) queued. Flushing.
2016-11-01 17:31:25) Replicate 14 completed with 1.00e+05 of simulation time using 20 work units.
2016-11-01 17:31:27) Replicate 11 completed with 1.00e+05 of simulation time using 20 work units.
2016-11-01 17:31:29) Replicate 15 completed with 1.00e+05 of simulation time using 20 work units.
2016-11-01 17:31:29) Replicate 8 completed with 1.00e+05 of simulation time using 21 work units.
2016-11-01 17:31:29) Replicate 2 completed with 1.00e+05 of simulation time using 21 work units.
2016-11-01 17:31:29) Replicate 5 completed with 1.00e+05 of simulation time using 21 work units.
2016-11-01 17:31:29) Replicate 13 completed with 1.00e+05 of simulation time using 21 work units.
2016-11-01 17:31:30) Replicate 10 completed with 1.00e+05 of simulation time using 23 work units.
2016-11-01 17:31:30) Replicate 3 completed with 1.00e+05 of simulation time using 22 work units.
2016-11-01 17:31:30) Replicate 7 completed with 1.00e+05 of simulation time using 24 work units.
2016-11-01 17:31:30) Replicate 12 completed with 1.00e+05 of simulation time using 23 work units.
2016-11-01 17:31:30) Replicate 9 completed with 1.00e+05 of simulation time using 22 work units.
2016-11-01 17:31:30) GillespieDSolverAVX started without a full set of trajectories, running trajectory 4 with the GillespieDSolver.
2016-11-01 17:31:30) GillespieDSolverAVX started without a full set of trajectories, running trajectory 6 with the GillespieDSolver.
2016-11-01 17:31:30) GillespieDSolverAVX started without a full set of trajectories, running trajectory 1 with the GillespieDSolver.
2016-11-01 17:31:30) Replicate 4 completed with 1.00e+05 of simulation time using 28 work units.
2016-11-01 17:31:30) Replicate 6 completed with 1.00e+05 of simulation time using 27 work units.
2016-11-01 17:31:30) Replicate 1 completed with 1.00e+05 of simulation time using 26 work units.
2016-11-01 17:31:30) Replicate supervisor finished 15 replicates in 170.99 seconds.
2016-11-01 17:31:30) Simulation finished.
2016-11-01 17:31:30) Finished 31 work units (ids in range 54 to 84) with 123 parts in the last 47.4 seconds. 839959878 steps in 4.741e+01 seconds (1.772e+07 steps/second).
2016-11-01 17:31:30) Supervisor @0:0 finished.
2016-11-01 17:31:30) Wrote 25 messages (2954 bytes) in the last 38.2 seconds (0.000165 seconds writing). 0 messages (0 bytes) queued. Flushing.
2016-11-01 17:31:30) OutputWriter wrote 63 messages and 10128 bytes total.
2016-11-01 17:31:30) OutputWriter::HelperThread @0:3 finished.
2016-11-01 17:31:30) OutputWriter @0:3 flushing and closing.
2016-11-01 17:31:30) OutputWriter @0:3 finished.
2016-11-01 17:31:30) Work unit runner @0:4 finished.
2016-11-01 17:31:30) Resource controller @0:1 finished.
2016-11-01 17:31:30) Finalizing communications library.
2016-11-01 17:31:30) Program execution finished.
