Lattice Microbe ES v2016.12 build 2016-12-01-16-56-19 in 64-bit mode with options MPI AVX SBML.
Copyright (C) 2008-2012 Luthey-Schulten Group, University of Illinois at Urbana-Champaign.
Copyright (C) 2012-2017 Roberts Group, Johns Hopkins University.

2016-11-01 17:17:10) Initializing communications library.
2016-11-01 17:17:10) Using MPI communicator, master on host xanthus-cp-2.
2016-11-01 17:17:10) MPI version 3.0 with thread support MPI_THREAD_MULTIPLE running on 1 process(es).
2016-11-01 17:17:10) Resource controller @0:1 started.
2016-11-01 17:17:10) Supervisor @0:0 started.
2016-11-01 17:17:10) Resource controller @0:1 on xanthus-cp-2 registered with 32 cpu core(s) and 0 gpu device(s).
2016-11-01 17:17:10) Registered resources for host xanthus-cp-2 (defaults=1): 2 cpu cores, 0 gpu devices
2016-11-01 17:17:10) All resources registered with supervisor, starting workers.
2016-11-01 17:17:10) Reserved core 0 on @0:1 for the output writer.
2016-11-01 17:17:10) Creating slot 0 on @0:1 using resources: xanthus-cp-2; @0:1; cpu core list:1; gpu device list:<none>.
2016-11-01 17:17:10) OutputWriter @0:3 started.
2016-11-01 17:17:10) OutputWriter::HelperThread @0:3 started.
2016-11-01 17:17:10) Output writer started: @0:3.
2016-11-01 17:17:10) Work Unit runner @0:4 started with 1 cpu cores (affinity=0) and 0 gpus.
2016-11-01 17:17:10) Work unit runner started: @0:4.
2016-11-01 17:17:10) All supervisor workers have started, beginning simulation.
2016-11-01 17:17:10) Replicate supervisor starting simulation.
2016-11-01 17:17:10) Simulation started.
2016-11-01 17:18:12) Finished 27 work units (ids in range 0 to 26) with 108 parts in the last 62.2 seconds. 1080000000 steps in 6.220e+01 seconds (1.736e+07 steps/second).
2016-11-01 17:18:14) Wrote 19 messages (3563 bytes) in the last 64.6 seconds (0.000158 seconds writing). 0 messages (0 bytes) queued. Flushing.
2016-11-01 17:19:13) Finished 26 work units (ids in range 27 to 52) with 104 parts in the last 61.0 seconds. 1040000000 steps in 6.097e+01 seconds (1.706e+07 steps/second).
2016-11-01 17:19:15) Wrote 18 messages (3270 bytes) in the last 60.9 seconds (0.000138 seconds writing). 0 messages (0 bytes) queued. Flushing.
2016-11-01 17:20:01) Replicate 3 completed with 1.00e+05 of simulation time using 20 work units.
2016-11-01 17:20:04) Replicate 7 completed with 1.00e+05 of simulation time using 20 work units.
2016-11-01 17:20:04) Replicate 2 completed with 1.00e+05 of simulation time using 21 work units.
2016-11-01 17:20:04) Replicate 10 completed with 1.00e+05 of simulation time using 21 work units.
2016-11-01 17:20:04) Replicate 4 completed with 1.00e+05 of simulation time using 21 work units.
2016-11-01 17:20:04) Replicate 8 completed with 1.00e+05 of simulation time using 21 work units.
2016-11-01 17:20:04) Replicate 5 completed with 1.00e+05 of simulation time using 23 work units.
2016-11-01 17:20:04) Replicate 15 completed with 1.00e+05 of simulation time using 21 work units.
2016-11-01 17:20:04) Replicate 12 completed with 1.00e+05 of simulation time using 23 work units.
2016-11-01 17:20:04) Replicate 11 completed with 1.00e+05 of simulation time using 23 work units.
2016-11-01 17:20:04) Replicate 9 completed with 1.00e+05 of simulation time using 24 work units.
2016-11-01 17:20:04) Replicate 6 completed with 1.00e+05 of simulation time using 24 work units.
2016-11-01 17:20:04) GillespieDSolverAVX started without a full set of trajectories, running trajectory 13 with the GillespieDSolver.
2016-11-01 17:20:04) GillespieDSolverAVX started without a full set of trajectories, running trajectory 1 with the GillespieDSolver.
2016-11-01 17:20:04) GillespieDSolverAVX started without a full set of trajectories, running trajectory 14 with the GillespieDSolver.
2016-11-01 17:20:04) Replicate 13 completed with 1.00e+05 of simulation time using 31 work units.
2016-11-01 17:20:04) Replicate 1 completed with 1.00e+05 of simulation time using 26 work units.
2016-11-01 17:20:04) Replicate 14 completed with 1.00e+05 of simulation time using 24 work units.
2016-11-01 17:20:04) Replicate supervisor finished 15 replicates in 173.86 seconds.
2016-11-01 17:20:04) Simulation finished.
2016-11-01 17:20:04) Finished 33 work units (ids in range 53 to 85) with 131 parts in the last 50.7 seconds. 880024274 steps in 5.068e+01 seconds (1.736e+07 steps/second).
2016-11-01 17:20:04) Supervisor @0:0 finished.
2016-11-01 17:20:04) Wrote 26 messages (3292 bytes) in the last 48.3 seconds (0.000146 seconds writing). 0 messages (0 bytes) queued. Flushing.
2016-11-01 17:20:04) OutputWriter wrote 63 messages and 10125 bytes total.
2016-11-01 17:20:04) OutputWriter::HelperThread @0:3 finished.
2016-11-01 17:20:04) OutputWriter @0:3 flushing and closing.
2016-11-01 17:20:04) OutputWriter @0:3 finished.
2016-11-01 17:20:04) Work unit runner @0:4 finished.
2016-11-01 17:20:04) Resource controller @0:1 finished.
2016-11-01 17:20:04) Finalizing communications library.
2016-11-01 17:20:04) Program execution finished.
