Lattice Microbe ES v2016.12 build 2016-12-01-16-56-19 in 64-bit mode with options MPI AVX SBML.
Copyright (C) 2008-2012 Luthey-Schulten Group, University of Illinois at Urbana-Champaign.
Copyright (C) 2012-2017 Roberts Group, Johns Hopkins University.

2016-11-01 17:20:04) Initializing communications library.
2016-11-01 17:20:04) Using MPI communicator, master on host xanthus-cp-2.
2016-11-01 17:20:04) MPI version 3.0 with thread support MPI_THREAD_MULTIPLE running on 1 process(es).
2016-11-01 17:20:04) Resource controller @0:1 started.
2016-11-01 17:20:04) Supervisor @0:0 started.
2016-11-01 17:20:04) Resource controller @0:1 on xanthus-cp-2 registered with 32 cpu core(s) and 0 gpu device(s).
2016-11-01 17:20:04) Registered resources for host xanthus-cp-2 (defaults=1): 2 cpu cores, 0 gpu devices
2016-11-01 17:20:04) All resources registered with supervisor, starting workers.
2016-11-01 17:20:04) Reserved core 0 on @0:1 for the output writer.
2016-11-01 17:20:04) Creating slot 0 on @0:1 using resources: xanthus-cp-2; @0:1; cpu core list:1; gpu device list:<none>.
2016-11-01 17:20:04) OutputWriter @0:3 started.
2016-11-01 17:20:04) OutputWriter::HelperThread @0:3 started.
2016-11-01 17:20:04) Output writer started: @0:3.
2016-11-01 17:20:04) Work Unit runner @0:4 started with 1 cpu cores (affinity=0) and 0 gpus.
2016-11-01 17:20:04) Work unit runner started: @0:4.
2016-11-01 17:20:04) All supervisor workers have started, beginning simulation.
2016-11-01 17:20:04) Replicate supervisor starting simulation.
2016-11-01 17:20:04) Simulation started.
2016-11-01 17:21:05) Finished 27 work units (ids in range 0 to 26) with 108 parts in the last 61.5 seconds. 1080000000 steps in 6.146e+01 seconds (1.757e+07 steps/second).
2016-11-01 17:21:07) Wrote 20 messages (3588 bytes) in the last 63.8 seconds (0.000206 seconds writing). 0 messages (0 bytes) queued. Flushing.
2016-11-01 17:22:06) Finished 26 work units (ids in range 27 to 52) with 104 parts in the last 60.6 seconds. 1040000000 steps in 6.064e+01 seconds (1.715e+07 steps/second).
2016-11-01 17:22:08) Wrote 18 messages (3479 bytes) in the last 60.6 seconds (0.000128 seconds writing). 0 messages (0 bytes) queued. Flushing.
2016-11-01 17:22:51) Replicate 4 completed with 1.00e+05 of simulation time using 20 work units.
2016-11-01 17:22:54) Replicate 5 completed with 1.00e+05 of simulation time using 20 work units.
2016-11-01 17:22:56) Replicate 11 completed with 1.00e+05 of simulation time using 20 work units.
2016-11-01 17:22:56) Replicate 14 completed with 1.00e+05 of simulation time using 21 work units.
2016-11-01 17:22:56) Replicate 12 completed with 1.00e+05 of simulation time using 21 work units.
2016-11-01 17:22:56) Replicate 3 completed with 1.00e+05 of simulation time using 21 work units.
2016-11-01 17:22:56) Replicate 8 completed with 1.00e+05 of simulation time using 22 work units.
2016-11-01 17:22:56) Replicate 1 completed with 1.00e+05 of simulation time using 23 work units.
2016-11-01 17:22:56) Replicate 10 completed with 1.00e+05 of simulation time using 22 work units.
2016-11-01 17:22:56) Replicate 7 completed with 1.00e+05 of simulation time using 23 work units.
2016-11-01 17:22:56) Replicate 6 completed with 1.00e+05 of simulation time using 24 work units.
2016-11-01 17:22:56) Replicate 2 completed with 1.00e+05 of simulation time using 23 work units.
2016-11-01 17:22:56) GillespieDSolverAVX started without a full set of trajectories, running trajectory 15 with the GillespieDSolver.
2016-11-01 17:22:56) GillespieDSolverAVX started without a full set of trajectories, running trajectory 13 with the GillespieDSolver.
2016-11-01 17:22:56) GillespieDSolverAVX started without a full set of trajectories, running trajectory 9 with the GillespieDSolver.
2016-11-01 17:22:56) Replicate 15 completed with 1.00e+05 of simulation time using 23 work units.
2016-11-01 17:22:56) Replicate 13 completed with 1.00e+05 of simulation time using 29 work units.
2016-11-01 17:22:56) Replicate 9 completed with 1.00e+05 of simulation time using 27 work units.
2016-11-01 17:22:56) Replicate supervisor finished 15 replicates in 172.29 seconds.
2016-11-01 17:22:56) Simulation finished.
2016-11-01 17:22:56) Finished 32 work units (ids in range 53 to 84) with 127 parts in the last 50.2 seconds. 879932403 steps in 5.018e+01 seconds (1.754e+07 steps/second).
2016-11-01 17:22:56) Supervisor @0:0 finished.
2016-11-01 17:22:56) Wrote 24 messages (3034 bytes) in the last 47.8 seconds (0.000113 seconds writing). 0 messages (0 bytes) queued. Flushing.
2016-11-01 17:22:56) OutputWriter wrote 62 messages and 10101 bytes total.
2016-11-01 17:22:56) OutputWriter::HelperThread @0:3 finished.
2016-11-01 17:22:56) OutputWriter @0:3 flushing and closing.
2016-11-01 17:22:56) OutputWriter @0:3 finished.
2016-11-01 17:22:56) Work unit runner @0:4 finished.
2016-11-01 17:22:56) Resource controller @0:1 finished.
2016-11-01 17:22:56) Finalizing communications library.
2016-11-01 17:22:56) Program execution finished.
