Lattice Microbe ES v2016.12 build 2016-12-01-16-56-19 in 64-bit mode with options MPI AVX SBML.
Copyright (C) 2008-2012 Luthey-Schulten Group, University of Illinois at Urbana-Champaign.
Copyright (C) 2012-2017 Roberts Group, Johns Hopkins University.

2016-11-01 17:11:30) Initializing communications library.
2016-11-01 17:11:30) Using MPI communicator, master on host xanthus-cp-2.
2016-11-01 17:11:30) MPI version 3.0 with thread support MPI_THREAD_MULTIPLE running on 1 process(es).
2016-11-01 17:11:30) Resource controller @0:1 started.
2016-11-01 17:11:30) Supervisor @0:0 started.
2016-11-01 17:11:30) Resource controller @0:1 on xanthus-cp-2 registered with 32 cpu core(s) and 0 gpu device(s).
2016-11-01 17:11:30) Registered resources for host xanthus-cp-2 (defaults=1): 2 cpu cores, 0 gpu devices
2016-11-01 17:11:30) All resources registered with supervisor, starting workers.
2016-11-01 17:11:30) Reserved core 0 on @0:1 for the output writer.
2016-11-01 17:11:30) Creating slot 0 on @0:1 using resources: xanthus-cp-2; @0:1; cpu core list:1; gpu device list:<none>.
2016-11-01 17:11:30) OutputWriter @0:3 started.
2016-11-01 17:11:30) OutputWriter::HelperThread @0:3 started.2016-11-01 17:11:30) Output writer started: @0:3.

2016-11-01 17:11:30) Work Unit runner @0:4 started with 1 cpu cores (affinity=0) and 0 gpus.
2016-11-01 17:11:30) Work unit runner started: @0:4.
2016-11-01 17:11:30) All supervisor workers have started, beginning simulation.
2016-11-01 17:11:30) Replicate supervisor starting simulation.
2016-11-01 17:11:30) Simulation started.
2016-11-01 17:12:30) Finished 27 work units (ids in range 0 to 26) with 108 parts in the last 60.6 seconds. 1080000000 steps in 6.060e+01 seconds (1.782e+07 steps/second).
2016-11-01 17:12:35) Wrote 19 messages (3565 bytes) in the last 65.3 seconds (0.000200 seconds writing). 0 messages (0 bytes) queued. Flushing.
2016-11-01 17:13:33) Finished 27 work units (ids in range 27 to 53) with 108 parts in the last 62.2 seconds. 1080000000 steps in 6.217e+01 seconds (1.737e+07 steps/second).
2016-11-01 17:13:44) Wrote 20 messages (3633 bytes) in the last 69.2 seconds (0.000190 seconds writing). 0 messages (0 bytes) queued. Flushing.
2016-11-01 17:14:19) Replicate 8 completed with 1.00e+05 of simulation time using 20 work units.
2016-11-01 17:14:21) Replicate 14 completed with 1.00e+05 of simulation time using 20 work units.
2016-11-01 17:14:21) Replicate 13 completed with 1.00e+05 of simulation time using 21 work units.
2016-11-01 17:14:21) Replicate 12 completed with 1.00e+05 of simulation time using 21 work units.
2016-11-01 17:14:21) Replicate 6 completed with 1.00e+05 of simulation time using 21 work units.
2016-11-01 17:14:21) Replicate 5 completed with 1.00e+05 of simulation time using 22 work units.
2016-11-01 17:14:21) Replicate 4 completed with 1.00e+05 of simulation time using 22 work units.
2016-11-01 17:14:21) Replicate 15 completed with 1.00e+05 of simulation time using 22 work units.
2016-11-01 17:14:21) Replicate 2 completed with 1.00e+05 of simulation time using 25 work units.
2016-11-01 17:14:21) Replicate 3 completed with 1.00e+05 of simulation time using 22 work units.
2016-11-01 17:14:21) Replicate 10 completed with 1.00e+05 of simulation time using 25 work units.
2016-11-01 17:14:21) Replicate 11 completed with 1.00e+05 of simulation time using 23 work units.
2016-11-01 17:14:21) GillespieDSolverAVX started without a full set of trajectories, running trajectory 1 with the GillespieDSolver.
2016-11-01 17:14:21) GillespieDSolverAVX started without a full set of trajectories, running trajectory 7 with the GillespieDSolver.
2016-11-01 17:14:21) GillespieDSolverAVX started without a full set of trajectories, running trajectory 9 with the GillespieDSolver.
2016-11-01 17:14:21) Replicate 1 completed with 1.00e+05 of simulation time using 25 work units.
2016-11-01 17:14:21) Replicate 7 completed with 1.00e+05 of simulation time using 27 work units.
2016-11-01 17:14:21) Replicate 9 completed with 1.00e+05 of simulation time using 27 work units.
2016-11-01 17:14:21) Replicate supervisor finished 15 replicates in 171.61 seconds.
2016-11-01 17:14:21) Simulation finished.
2016-11-01 17:14:21) Finished 32 work units (ids in range 54 to 85) with 127 parts in the last 48.8 seconds. 839992666 steps in 4.883e+01 seconds (1.720e+07 steps/second).
2016-11-01 17:14:21) Supervisor @0:0 finished.
2016-11-01 17:14:21) Wrote 24 messages (2929 bytes) in the last 37.1 seconds (0.000136 seconds writing). 0 messages (0 bytes) queued. Flushing.
2016-11-01 17:14:21) OutputWriter wrote 63 messages and 10127 bytes total.
2016-11-01 17:14:21) OutputWriter::HelperThread @0:3 finished.
2016-11-01 17:14:21) OutputWriter @0:3 flushing and closing.
2016-11-01 17:14:21) OutputWriter @0:3 finished.
2016-11-01 17:14:21) Work unit runner @0:4 finished.
2016-11-01 17:14:21) Resource controller @0:1 finished.
2016-11-01 17:14:21) Finalizing communications library.
2016-11-01 17:14:21) Program execution finished.
