Lattice Microbe ES v2016.12 build 2016-12-01-16-56-19 in 64-bit mode with options MPI AVX SBML.
Copyright (C) 2008-2012 Luthey-Schulten Group, University of Illinois at Urbana-Champaign.
Copyright (C) 2012-2017 Roberts Group, Johns Hopkins University.

2016-11-01 17:22:56) Initializing communications library.
2016-11-01 17:22:56) Using MPI communicator, master on host xanthus-cp-2.
2016-11-01 17:22:56) MPI version 3.0 with thread support MPI_THREAD_MULTIPLE running on 1 process(es).
2016-11-01 17:22:56) Resource controller @0:1 started.
2016-11-01 17:22:56) Supervisor @0:0 started.
2016-11-01 17:22:56) Resource controller @0:1 on xanthus-cp-2 registered with 32 cpu core(s) and 0 gpu device(s).
2016-11-01 17:22:56) Registered resources for host xanthus-cp-2 (defaults=1): 2 cpu cores, 0 gpu devices
2016-11-01 17:22:56) All resources registered with supervisor, starting workers.
2016-11-01 17:22:56) Reserved core 0 on @0:1 for the output writer.
2016-11-01 17:22:56) Creating slot 0 on @0:1 using resources: xanthus-cp-2; @0:1; cpu core list:1; gpu device list:<none>.
2016-11-01 17:22:56) OutputWriter @0:3 started.
2016-11-01 17:22:56) OutputWriter::HelperThread @0:3 started.
2016-11-01 17:22:56) Work Unit runner @0:4 started with 1 cpu cores (affinity=0) and 0 gpus.
2016-11-01 17:22:56) Output writer started: @0:3.
2016-11-01 17:22:56) Work unit runner started: @0:4.
2016-11-01 17:22:56) All supervisor workers have started, beginning simulation.
2016-11-01 17:22:56) Replicate supervisor starting simulation.
2016-11-01 17:22:56) Simulation started.
2016-11-01 17:23:57) Finished 27 work units (ids in range 0 to 26) with 108 parts in the last 61.4 seconds. 1080000000 steps in 6.143e+01 seconds (1.758e+07 steps/second).
2016-11-01 17:24:00) Wrote 20 messages (3589 bytes) in the last 63.7 seconds (0.000142 seconds writing). 0 messages (0 bytes) queued. Flushing.
2016-11-01 17:24:59) Finished 27 work units (ids in range 27 to 53) with 108 parts in the last 62.0 seconds. 1080000000 steps in 6.200e+01 seconds (1.742e+07 steps/second).
2016-11-01 17:25:11) Wrote 19 messages (3608 bytes) in the last 71.4 seconds (0.000134 seconds writing). 0 messages (0 bytes) queued. Flushing.
2016-11-01 17:25:43) Replicate 9 completed with 1.00e+05 of simulation time using 20 work units.
2016-11-01 17:25:46) Replicate 12 completed with 1.00e+05 of simulation time using 20 work units.
2016-11-01 17:25:48) Replicate 7 completed with 1.00e+05 of simulation time using 20 work units.
2016-11-01 17:25:48) Replicate 4 completed with 1.00e+05 of simulation time using 21 work units.
2016-11-01 17:25:48) Replicate 6 completed with 1.00e+05 of simulation time using 21 work units.
2016-11-01 17:25:48) Replicate 5 completed with 1.00e+05 of simulation time using 21 work units.
2016-11-01 17:25:48) Replicate 3 completed with 1.00e+05 of simulation time using 22 work units.
2016-11-01 17:25:48) Replicate 11 completed with 1.00e+05 of simulation time using 21 work units.
2016-11-01 17:25:48) Replicate 8 completed with 1.00e+05 of simulation time using 22 work units.
2016-11-01 17:25:48) Replicate 2 completed with 1.00e+05 of simulation time using 22 work units.
2016-11-01 17:25:48) Replicate 13 completed with 1.00e+05 of simulation time using 23 work units.
2016-11-01 17:25:48) Replicate 14 completed with 1.00e+05 of simulation time using 22 work units.
2016-11-01 17:25:48) GillespieDSolverAVX started without a full set of trajectories, running trajectory 10 with the GillespieDSolver.
2016-11-01 17:25:48) GillespieDSolverAVX started without a full set of trajectories, running trajectory 1 with the GillespieDSolver.
2016-11-01 17:25:48) GillespieDSolverAVX started without a full set of trajectories, running trajectory 15 with the GillespieDSolver.
2016-11-01 17:25:48) Replicate 10 completed with 1.00e+05 of simulation time using 30 work units.
2016-11-01 17:25:48) Replicate 1 completed with 1.00e+05 of simulation time using 30 work units.
2016-11-01 17:25:48) Replicate 15 completed with 1.00e+05 of simulation time using 24 work units.
2016-11-01 17:25:48) Replicate supervisor finished 15 replicates in 172.00 seconds.
2016-11-01 17:25:48) Simulation finished.
2016-11-01 17:25:48) Finished 31 work units (ids in range 54 to 84) with 123 parts in the last 48.6 seconds. 839945675 steps in 4.855e+01 seconds (1.730e+07 steps/second).
2016-11-01 17:25:48) Supervisor @0:0 finished.
2016-11-01 17:25:48) Wrote 24 messages (2929 bytes) in the last 36.9 seconds (0.000141 seconds writing). 0 messages (0 bytes) queued. Flushing.
2016-11-01 17:25:48) OutputWriter wrote 63 messages and 10126 bytes total.
2016-11-01 17:25:48) OutputWriter::HelperThread @0:3 finished.
2016-11-01 17:25:48) OutputWriter @0:3 flushing and closing.
2016-11-01 17:25:48) OutputWriter @0:3 finished.
2016-11-01 17:25:48) Work unit runner @0:4 finished.
2016-11-01 17:25:48) Resource controller @0:1 finished.
2016-11-01 17:25:48) Finalizing communications library.
2016-11-01 17:25:48) Program execution finished.
