Lattice Microbe ES v2016.12 build 2016-12-01-13-59-37 in 64-bit mode with options MPI AVX SBML.
Copyright (C) 2008-2012 Luthey-Schulten Group, University of Illinois at Urbana-Champaign.
Copyright (C) 2012-2017 Roberts Group, Johns Hopkins University.

2016-11-01 14:36:00) Initializing communications library.
2016-11-01 14:36:00) Using MPI communicator, master on host barkeri.bph.jhu.edu.
MPI version 3.0 with thread support MPI_THREAD_MULTIPLE.
Running with 1 process(es).

2016-11-01 14:36:00) Resource controller @0:1 started.
2016-11-01 14:36:00) Supervisor @0:0 started.
2016-11-01 14:36:00) Resource controller @0:1 on barkeri.bph.jhu.edu registered with 8 cpu core(s) and 0 gpu device(s).
2016-11-01 14:36:00) Registered resources for host barkeri.bph.jhu.edu (defaults=1): 2 cpu cores, 0 gpu devices
2016-11-01 14:36:00) All resources registered with supervisor, starting workers.
2016-11-01 14:36:00) Reserved core 0 on @0:1 for the output writer.
2016-11-01 14:36:00) Creating slot 0 on @0:1 using resources: barkeri.bph.jhu.edu; @0:1; cpu core list:1; gpu device list:<none>.
2016-11-01 14:36:00) OutputWriter @0:3 started.
2016-11-01 14:36:00) OutputWriter::HelperThread @0:3 started.
2016-11-01 14:36:00) 2016-11-01 14:36:00) Work Unit runner @0:4 started with 1 cpu cores (affinity=0) and 0 gpus.Output writer started: @0:3.

2016-11-01 14:36:00) Work unit runner started: @0:4.
2016-11-01 14:36:00) All supervisor workers have started, beginning simulation.
2016-11-01 14:36:00) Replicate supervisor starting simulation.
2016-11-01 14:36:00) Simulation started.
2016-11-01 14:37:01) Finished 49 work units (ids in range 0 to 48) with 196 parts in the last 60.5 seconds. 1960000000 steps in 6.052e+01 seconds (3.239e+07 steps/second).
2016-11-01 14:37:04) Wrote 32 messages (6241 bytes) in the last 63.2 seconds (0.000385 seconds writing). 0 messages (0 bytes) queued. Flushing.
2016-11-01 14:37:36) Replicate 10 completed with 1.00e+05 of simulation time using 20 work units.
2016-11-01 14:37:37) Replicate 13 completed with 1.00e+05 of simulation time using 20 work units.
2016-11-01 14:37:37) Replicate 5 completed with 1.00e+05 of simulation time using 21 work units.
2016-11-01 14:37:37) Replicate 1 completed with 1.00e+05 of simulation time using 22 work units.
2016-11-01 14:37:37) Replicate 6 completed with 1.00e+05 of simulation time using 21 work units.
2016-11-01 14:37:37) Replicate 14 completed with 1.00e+05 of simulation time using 22 work units.
2016-11-01 14:37:37) Replicate 7 completed with 1.00e+05 of simulation time using 22 work units.
2016-11-01 14:37:37) Replicate 15 completed with 1.00e+05 of simulation time using 22 work units.
2016-11-01 14:37:37) Replicate 3 completed with 1.00e+05 of simulation time using 23 work units.
2016-11-01 14:37:37) Replicate 4 completed with 1.00e+05 of simulation time using 23 work units.
2016-11-01 14:37:37) Replicate 11 completed with 1.00e+05 of simulation time using 25 work units.
2016-11-01 14:37:37) Replicate 12 completed with 1.00e+05 of simulation time using 26 work units.
2016-11-01 14:37:37) GillespieDSolverAVX started without a full set of trajectories, running trajectory 8 with the GillespieDSolver.
2016-11-01 14:37:37) GillespieDSolverAVX started without a full set of trajectories, running trajectory 2 with the GillespieDSolver.
2016-11-01 14:37:37) GillespieDSolverAVX started without a full set of trajectories, running trajectory 9 with the GillespieDSolver.
2016-11-01 14:37:37) Replicate 8 completed with 1.00e+05 of simulation time using 25 work units.
2016-11-01 14:37:37) Replicate 2 completed with 1.00e+05 of simulation time using 26 work units.
2016-11-01 14:37:37) Replicate 9 completed with 1.00e+05 of simulation time using 25 work units.
2016-11-01 14:37:37) Replicate supervisor finished 15 replicates in 96.75 seconds.
2016-11-01 14:37:37) Simulation finished.
2016-11-01 14:37:37) Finished 37 work units (ids in range 49 to 85) with 147 parts in the last 36.2 seconds. 1040028314 steps in 3.622e+01 seconds (2.871e+07 steps/second).
2016-11-01 14:37:37) Supervisor @0:0 finished.
2016-11-01 14:37:37) Wrote 31 messages (3886 bytes) in the last 33.6 seconds (0.000343 seconds writing). 0 messages (0 bytes) queued. Flushing.
2016-11-01 14:37:37) OutputWriter wrote 63 messages and 10127 bytes total.
2016-11-01 14:37:37) OutputWriter::HelperThread @0:3 finished.
2016-11-01 14:37:37) OutputWriter @0:3 flushing and closing.
2016-11-01 14:37:37) OutputWriter @0:3 finished.
2016-11-01 14:37:37) Work unit runner @0:4 finished.
2016-11-01 14:37:37) Resource controller @0:1 finished.
2016-11-01 14:37:37) Finalizing communications library.
2016-11-01 14:37:37) Program execution finished.
