Lattice Microbe ES v2016.12 build 2016-12-01-16-56-19 in 64-bit mode with options MPI AVX SBML.
Copyright (C) 2008-2012 Luthey-Schulten Group, University of Illinois at Urbana-Champaign.
Copyright (C) 2012-2017 Roberts Group, Johns Hopkins University.

2016-11-01 17:25:48) Initializing communications library.
2016-11-01 17:25:48) Using MPI communicator, master on host xanthus-cp-2.
2016-11-01 17:25:48) MPI version 3.0 with thread support MPI_THREAD_MULTIPLE running on 1 process(es).
2016-11-01 17:25:48) Resource controller @0:1 started.
2016-11-01 17:25:48) Supervisor @0:0 started.
2016-11-01 17:25:48) Resource controller @0:1 on xanthus-cp-2 registered with 32 cpu core(s) and 0 gpu device(s).
2016-11-01 17:25:48) Registered resources for host xanthus-cp-2 (defaults=1): 2 cpu cores, 0 gpu devices
2016-11-01 17:25:48) All resources registered with supervisor, starting workers.
2016-11-01 17:25:48) Reserved core 0 on @0:1 for the output writer.
2016-11-01 17:25:48) Creating slot 0 on @0:1 using resources: xanthus-cp-2; @0:1; cpu core list:1; gpu device list:<none>.
2016-11-01 17:25:48) OutputWriter @0:3 started.
2016-11-01 17:25:48) OutputWriter::HelperThread @0:3 started.
2016-11-01 17:25:48) Output writer started: @0:3.
2016-11-01 17:25:48) Work Unit runner @0:4 started with 1 cpu cores (affinity=0) and 0 gpus.
2016-11-01 17:25:48) Work unit runner started: @0:4.
2016-11-01 17:25:48) All supervisor workers have started, beginning simulation.
2016-11-01 17:25:48) Replicate supervisor starting simulation.
2016-11-01 17:25:48) Simulation started.
2016-11-01 17:26:49) Finished 27 work units (ids in range 0 to 26) with 108 parts in the last 61.4 seconds. 1080000000 steps in 6.140e+01 seconds (1.759e+07 steps/second).
2016-11-01 17:26:52) Wrote 18 messages (3540 bytes) in the last 63.8 seconds (0.000164 seconds writing). 0 messages (0 bytes) queued. Flushing.
2016-11-01 17:27:51) Finished 27 work units (ids in range 27 to 53) with 108 parts in the last 61.8 seconds. 1080000000 steps in 6.175e+01 seconds (1.749e+07 steps/second).
2016-11-01 17:28:00) Wrote 19 messages (3608 bytes) in the last 68.5 seconds (0.000133 seconds writing). 0 messages (0 bytes) queued. Flushing.
2016-11-01 17:28:36) Replicate 4 completed with 1.00e+05 of simulation time using 20 work units.
2016-11-01 17:28:38) Replicate 14 completed with 1.00e+05 of simulation time using 20 work units.
2016-11-01 17:28:38) Replicate 9 completed with 1.00e+05 of simulation time using 21 work units.
2016-11-01 17:28:38) Replicate 6 completed with 1.00e+05 of simulation time using 21 work units.
2016-11-01 17:28:38) Replicate 11 completed with 1.00e+05 of simulation time using 22 work units.
2016-11-01 17:28:38) Replicate 12 completed with 1.00e+05 of simulation time using 21 work units.
2016-11-01 17:28:38) Replicate 1 completed with 1.00e+05 of simulation time using 23 work units.
2016-11-01 17:28:38) Replicate 13 completed with 1.00e+05 of simulation time using 23 work units.
2016-11-01 17:28:38) Replicate 5 completed with 1.00e+05 of simulation time using 24 work units.
2016-11-01 17:28:38) Replicate 8 completed with 1.00e+05 of simulation time using 24 work units.
2016-11-01 17:28:38) Replicate 10 completed with 1.00e+05 of simulation time using 22 work units.
2016-11-01 17:28:38) Replicate 15 completed with 1.00e+05 of simulation time using 25 work units.
2016-11-01 17:28:38) GillespieDSolverAVX started without a full set of trajectories, running trajectory 2 with the GillespieDSolver.
2016-11-01 17:28:38) GillespieDSolverAVX started without a full set of trajectories, running trajectory 3 with the GillespieDSolver.
2016-11-01 17:28:38) GillespieDSolverAVX started without a full set of trajectories, running trajectory 7 with the GillespieDSolver.
2016-11-01 17:28:38) Replicate 2 completed with 1.00e+05 of simulation time using 24 work units.
2016-11-01 17:28:38) Replicate 3 completed with 1.00e+05 of simulation time using 27 work units.
2016-11-01 17:28:38) Replicate 7 completed with 1.00e+05 of simulation time using 26 work units.
2016-11-01 17:28:38) Replicate supervisor finished 15 replicates in 170.62 seconds.
2016-11-01 17:28:38) Simulation finished.
2016-11-01 17:28:38) Finished 32 work units (ids in range 54 to 85) with 127 parts in the last 47.5 seconds. 839979867 steps in 4.745e+01 seconds (1.770e+07 steps/second).
2016-11-01 17:28:38) Supervisor @0:0 finished.
2016-11-01 17:28:38) Wrote 25 messages (2954 bytes) in the last 38.4 seconds (0.000134 seconds writing). 0 messages (0 bytes) queued. Flushing.
2016-11-01 17:28:38) OutputWriter wrote 62 messages and 10102 bytes total.
2016-11-01 17:28:38) OutputWriter::HelperThread @0:3 finished.
2016-11-01 17:28:38) OutputWriter @0:3 flushing and closing.
2016-11-01 17:28:38) OutputWriter @0:3 finished.
2016-11-01 17:28:38) Work unit runner @0:4 finished.
2016-11-01 17:28:38) Resource controller @0:1 finished.
2016-11-01 17:28:38) Finalizing communications library.
2016-11-01 17:28:38) Program execution finished.
