Lattice Microbe ES v2019.01 Release build 2019-01-22-09-31-00 in 64-bit mode with options AVX CPP11 SBML SNAPPY.
Copyright (C) 2012-2019 Roberts Group, Johns Hopkins University.
Copyright (C) 2008-2012 Luthey-Schulten Group, University of Illinois at Urbana-Champaign.

2019-01-22 09:38:11) Saving simulation output to  using lm::io::NullOutputWriter.
2019-01-22 09:38:11) Initializing communications library.
2019-01-22 09:38:11) Using local communicator on host barkeri.local.
2019-01-22 09:38:11) Created a resource map using localhost barkeri.local: 1 hosts allocated, 0 hosts registered
2019-01-22 09:38:11) Resource controller @1 started.
2019-01-22 09:38:12) Loading simulation input from perf/perf.99.latest/first_order_birth_death.lm using lm::io::hdf5::Hdf5InputReader.
simulation_options {
  time_limit: 100000
}
output_options {
  species_write_interval: 10000
  concentrations_write_interval: 10000
}
reaction_model {
  number_species: 1
  number_reactions: 2
  initial_species_count: 2000
  reaction {
    type: 0
    rate_constant: 1000
  }
  reaction {
    type: 1
    rate_constant: 1
  }
  stoichiometric_matrix: 1
  stoichiometric_matrix: -1
  dependency_matrix: 0
  dependency_matrix: 1
}
2019-01-22 09:38:12) Hypervisor @0 of type lm::simulation::SimpleHypervisor started.
2019-01-22 09:38:12) Resource controller @1 on barkeri.local reported 8 cpu core(s) and 0 gpu device(s). 0 hosts registered, 1 hosts remaining.
2019-01-22 09:38:12) Registered resources for host barkeri.local (defaults=1): 2 cpu cores, 0 gpu devices
2019-01-22 09:38:12) All resources registered with hypervisor, starting workers.
2019-01-22 09:38:12) Reserved core 0 on @1 for the output writer.
2019-01-22 09:38:12) OutputWriter @3 started.
2019-01-22 09:38:12) OutputPerformanceSignaler @4 started, writing performance statistics every 60 seconds.
2019-01-22 09:38:12) Creating slot 0 on @1 using resources: barkeri.local:c=1.
2019-01-22 09:38:12) Output performance signaller started: @4.
2019-01-22 09:38:12) OutputWriter::HelperThread @3 started.
2019-01-22 09:38:12) Output writer started: @3.
2019-01-22 09:38:12) Work Unit runner @5 started with 1 cpu cores (affinity=0) and 0 gpus.
2019-01-22 09:38:12) Work unit runner started: @5.
2019-01-22 09:38:12) All hypervisor workers have started, beginning job.
2019-01-22 09:38:12) Job started.
2019-01-22 09:38:12) Supervisor @6 of type lm::replicates::ReplicateSupervisor started.
2019-01-22 09:38:12) Replicate supervisor started.
2019-01-22 09:39:12) ========================================================================================================================
2019-01-22 09:39:12) Performance statistics.
2019-01-22 09:39:12) Supervisor @6 finished 9 work units (ids in range 0 to 9) with 9 parts in the last interval. 900000000 steps in 5.791e+01 seconds (1.554e+07 steps/second).
2019-01-22 09:39:12) Replicate status: 0 aborted, 0 finished, 1 running, 14 waiting
2019-01-22 09:39:12)         Id       State      Time Work_Units
2019-01-22 09:39:12) -------------------------------------------
2019-01-22 09:39:12)          1     WAITING 5.000e+04          1
2019-01-22 09:39:12)          2     WAITING 5.000e+04          1
2019-01-22 09:39:12)          3     WAITING 5.000e+04          1
2019-01-22 09:39:12)          4     WAITING 5.000e+04          1
2019-01-22 09:39:12)          5     WAITING 5.001e+04          1
2019-01-22 09:39:12)          6     WAITING 4.999e+04          1
2019-01-22 09:39:12)          7     WAITING 5.000e+04          1
2019-01-22 09:39:12)          8     WAITING 5.002e+04          1
2019-01-22 09:39:12)          9     WAITING 4.999e+04          1
2019-01-22 09:39:12)         10     RUNNING 0.000e+00          0
2019-01-22 09:39:12)         11 NOT_STARTED 0.000e+00          0
2019-01-22 09:39:12)         12 NOT_STARTED 0.000e+00          0
2019-01-22 09:39:12)         13 NOT_STARTED 0.000e+00          0
2019-01-22 09:39:12)         14 NOT_STARTED 0.000e+00          0
2019-01-22 09:39:12)         15 NOT_STARTED 0.000e+00          0
2019-01-22 09:39:12) Slot status
2019-01-22 09:39:12)  Slot                                Resources Address  ME_Work_Units           Steps      Time Steps/Sec PDE_Work_Units           Steps      Time Steps/Sec
2019-01-22 09:39:12) ------------------------------------------------------------------------------------------------------------------------------------------------------------
2019-01-22 09:39:12)     0                        barkeri.local:c=1      @5              9       900000000 5.791e+01 1.554e+07              0               0 0.000e+00       nan
2019-01-22 09:39:12) OutputWriter wrote 9 messages (963 bytes) in the last 60.0 seconds (0.000007 seconds writing). 0 messages (0 bytes) queued.
2019-01-22 09:40:12) ========================================================================================================================
2019-01-22 09:40:12) Performance statistics.
2019-01-22 09:40:12) Supervisor @6 finished 9 work units (ids in range 10 to 18) with 9 parts in the last interval. 900000000 steps in 5.776e+01 seconds (1.558e+07 steps/second).
2019-01-22 09:40:12) Replicate status: 0 aborted, 0 finished, 1 running, 14 waiting
2019-01-22 09:40:12)         Id       State      Time Work_Units
2019-01-22 09:40:12) -------------------------------------------
2019-01-22 09:40:12)          1     WAITING 5.000e+04          1
2019-01-22 09:40:12)          2     WAITING 5.000e+04          1
2019-01-22 09:40:12)          3     WAITING 5.000e+04          1
2019-01-22 09:40:12)          4     RUNNING 5.000e+04          1
2019-01-22 09:40:12)          5     WAITING 5.001e+04          1
2019-01-22 09:40:12)          6     WAITING 9.999e+04          2
2019-01-22 09:40:12)          7     WAITING 5.000e+04          1
2019-01-22 09:40:12)          8     WAITING 5.002e+04          1
2019-01-22 09:40:12)          9     WAITING 9.999e+04          2
2019-01-22 09:40:12)         10     WAITING 5.000e+04          1
2019-01-22 09:40:12)         11     WAITING 5.000e+04          1
2019-01-22 09:40:12)         12     WAITING 9.999e+04          2
2019-01-22 09:40:12)         13     WAITING 5.001e+04          1
2019-01-22 09:40:12)         14     WAITING 5.002e+04          1
2019-01-22 09:40:12)         15     WAITING 5.000e+04          1
2019-01-22 09:40:12) Slot status
2019-01-22 09:40:12)  Slot                                Resources Address  ME_Work_Units           Steps      Time Steps/Sec PDE_Work_Units           Steps      Time Steps/Sec
2019-01-22 09:40:12) ------------------------------------------------------------------------------------------------------------------------------------------------------------
2019-01-22 09:40:12)     0                        barkeri.local:c=1      @5             18      1800000000 1.157e+02 1.556e+07              0               0 0.000e+00       nan
2019-01-22 09:40:12) OutputWriter wrote 9 messages (978 bytes) in the last 60.0 seconds (0.000007 seconds writing). 0 messages (0 bytes) queued.
2019-01-22 09:40:27) Replicate 7 completed with 1.00e+05 of simulation time using 2 work units.
2019-01-22 09:40:40) Replicate 10 completed with 1.00e+05 of simulation time using 2 work units.
2019-01-22 09:40:46) Replicate 1 completed with 1.00e+05 of simulation time using 2 work units.
2019-01-22 09:40:53) Replicate 3 completed with 1.00e+05 of simulation time using 2 work units.
2019-01-22 09:41:00) Replicate 11 completed with 1.00e+05 of simulation time using 2 work units.
2019-01-22 09:41:06) Replicate 5 completed with 1.00e+05 of simulation time using 2 work units.
2019-01-22 09:41:12) ========================================================================================================================
2019-01-22 09:41:12) Performance statistics.
2019-01-22 09:41:12) Supervisor @6 finished 9 work units (ids in range 19 to 27) with 9 parts in the last interval. 899948424 steps in 5.889e+01 seconds (1.528e+07 steps/second).
2019-01-22 09:41:12) Replicate status: 0 aborted, 6 finished, 1 running, 8 waiting
2019-01-22 09:41:12)         Id       State      Time Work_Units
2019-01-22 09:41:12) -------------------------------------------
2019-01-22 09:41:12)          1    FINISHED 1.000e+05          2
2019-01-22 09:41:12)          2     WAITING 9.999e+04          2
2019-01-22 09:41:12)          3    FINISHED 1.000e+05          2
2019-01-22 09:41:12)          4     WAITING 9.999e+04          2
2019-01-22 09:41:12)          5    FINISHED 1.000e+05          2
2019-01-22 09:41:12)          6     WAITING 9.999e+04          2
2019-01-22 09:41:12)          7    FINISHED 1.000e+05          2
2019-01-22 09:41:12)          8     WAITING 5.002e+04          1
2019-01-22 09:41:12)          9     WAITING 9.999e+04          2
2019-01-22 09:41:12)         10    FINISHED 1.000e+05          2
2019-01-22 09:41:12)         11    FINISHED 1.000e+05          2
2019-01-22 09:41:12)         12     WAITING 9.999e+04          2
2019-01-22 09:41:12)         13     RUNNING 5.001e+04          1
2019-01-22 09:41:12)         14     WAITING 5.002e+04          1
2019-01-22 09:41:12)         15     WAITING 1.000e+05          2
2019-01-22 09:41:12) Slot status
2019-01-22 09:41:12)  Slot                                Resources Address  ME_Work_Units           Steps      Time Steps/Sec PDE_Work_Units           Steps      Time Steps/Sec
2019-01-22 09:41:12) ------------------------------------------------------------------------------------------------------------------------------------------------------------
2019-01-22 09:41:12)     0                        barkeri.local:c=1      @5             27      2699948424 1.746e+02 1.547e+07              0               0 0.000e+00       nan
2019-01-22 09:41:12) OutputWriter wrote 9 messages (981 bytes) in the last 60.0 seconds (0.000007 seconds writing). 0 messages (0 bytes) queued.
2019-01-22 09:41:13) Replicate 13 completed with 1.00e+05 of simulation time using 2 work units.
2019-01-22 09:41:19) Replicate 8 completed with 1.00e+05 of simulation time using 2 work units.
2019-01-22 09:41:26) Replicate 14 completed with 1.00e+05 of simulation time using 2 work units.
2019-01-22 09:41:26) Replicate 6 completed with 1.00e+05 of simulation time using 3 work units.
2019-01-22 09:41:26) Replicate 12 completed with 1.00e+05 of simulation time using 3 work units.
2019-01-22 09:41:26) Replicate 2 completed with 1.00e+05 of simulation time using 3 work units.
2019-01-22 09:41:26) Replicate 9 completed with 1.00e+05 of simulation time using 3 work units.
2019-01-22 09:41:26) Replicate 4 completed with 1.00e+05 of simulation time using 3 work units.
2019-01-22 09:41:26) Replicate 15 completed with 1.00e+05 of simulation time using 3 work units.
2019-01-22 09:41:26) Replicate supervisor finished 15 replicates in 1.942e+02 seconds.
2019-01-22 09:41:26) Supervisor @6 finished.
2019-01-22 09:41:26) Job finished.
2019-01-22 09:41:26) Hypervisor @0 finished.
2019-01-22 09:41:26) Work unit runner @5 finished.
2019-01-22 09:41:26) OutputPerformanceSignaler @4 finished.
2019-01-22 09:41:26) OutputWriter wrote 36 messages and 3654 bytes total.
2019-01-22 09:41:26) OutputWriter::HelperThread @3 finished.
2019-01-22 09:41:26) OutputWriter @3 flushing and closing.
2019-01-22 09:41:26) OutputWriter @3 finished.
2019-01-22 09:41:26) Resource controller @1 finished.
2019-01-22 09:41:26) Finalizing communications library.
2019-01-22 09:41:26) Program execution finished.
