Lattice Microbe ES v2019.01 Release build 2019-01-22-09-31-00 in 64-bit mode with options AVX CPP11 SBML SNAPPY.
Copyright (C) 2012-2019 Roberts Group, Johns Hopkins University.
Copyright (C) 2008-2012 Luthey-Schulten Group, University of Illinois at Urbana-Champaign.

2019-01-22 09:44:38) Saving simulation output to  using lm::io::NullOutputWriter.
2019-01-22 09:44:38) Initializing communications library.
2019-01-22 09:44:38) Using local communicator on host barkeri.local.
2019-01-22 09:44:38) Created a resource map using localhost barkeri.local: 1 hosts allocated, 0 hosts registered
2019-01-22 09:44:38) Resource controller @1 started.
2019-01-22 09:44:38) Loading simulation input from perf/perf.99.latest/first_order_birth_death.lm using lm::io::hdf5::Hdf5InputReader.
simulation_options {
  time_limit: 100000
}
output_options {
  species_write_interval: 10000
  concentrations_write_interval: 10000
}
reaction_model {
  number_species: 1
  number_reactions: 2
  initial_species_count: 2000
  reaction {
    type: 0
    rate_constant: 1000
  }
  reaction {
    type: 1
    rate_constant: 1
  }
  stoichiometric_matrix: 1
  stoichiometric_matrix: -1
  dependency_matrix: 0
  dependency_matrix: 1
}
2019-01-22 09:44:38) Hypervisor @0 of type lm::simulation::SimpleHypervisor started.
2019-01-22 09:44:38) Resource controller @1 on barkeri.local reported 8 cpu core(s) and 0 gpu device(s). 0 hosts registered, 1 hosts remaining.
2019-01-22 09:44:38) Registered resources for host barkeri.local (defaults=1): 2 cpu cores, 0 gpu devices
2019-01-22 09:44:38) All resources registered with hypervisor, starting workers.
2019-01-22 09:44:38) Reserved core 0 on @1 for the output writer.
2019-01-22 09:44:38) 2019-01-22 09:44:38) OutputPerformanceSignaler @4 started, writing performance statistics every 60 seconds.2019-01-22 09:44:38) OutputWriter @3 started.
Creating slot 0 on @1 using resources: barkeri.local:c=1.

2019-01-22 09:44:38) OutputWriter::HelperThread @3 started.
2019-01-22 09:44:38) Output performance signaller started: @4.
2019-01-22 09:44:38) Output writer started: @3.
2019-01-22 09:44:38) Work Unit runner @5 started with 1 cpu cores (affinity=0) and 0 gpus.
2019-01-22 09:44:38) Work unit runner started: @5.
2019-01-22 09:44:38) All hypervisor workers have started, beginning job.
2019-01-22 09:44:38) Job started.
2019-01-22 09:44:38) Supervisor @6 of type lm::replicates::ReplicateSupervisor started.
2019-01-22 09:44:38) Replicate supervisor started.
2019-01-22 09:45:38) ========================================================================================================================
2019-01-22 09:45:38) Performance statistics.
2019-01-22 09:45:38) Supervisor @6 finished 9 work units (ids in range 0 to 9) with 9 parts in the last interval. 900000000 steps in 5.757e+01 seconds (1.563e+07 steps/second).
2019-01-22 09:45:38) Replicate status: 0 aborted, 0 finished, 1 running, 14 waiting
2019-01-22 09:45:38)         Id       State      Time Work_Units
2019-01-22 09:45:38) -------------------------------------------
2019-01-22 09:45:38)          1     WAITING 5.000e+04          1
2019-01-22 09:45:38)          2     WAITING 5.000e+04          1
2019-01-22 09:45:38)          3     WAITING 5.001e+04          1
2019-01-22 09:45:38)          4     WAITING 4.999e+04          1
2019-01-22 09:45:38)          5     WAITING 5.000e+04          1
2019-01-22 09:45:38)          6     WAITING 5.000e+04          1
2019-01-22 09:45:38)          7     WAITING 5.000e+04          1
2019-01-22 09:45:38)          8     WAITING 5.001e+04          1
2019-01-22 09:45:38)          9     WAITING 5.000e+04          1
2019-01-22 09:45:38)         10     RUNNING 0.000e+00          0
2019-01-22 09:45:38)         11 NOT_STARTED 0.000e+00          0
2019-01-22 09:45:38)         12 NOT_STARTED 0.000e+00          0
2019-01-22 09:45:38)         13 NOT_STARTED 0.000e+00          0
2019-01-22 09:45:38)         14 NOT_STARTED 0.000e+00          0
2019-01-22 09:45:38)         15 NOT_STARTED 0.000e+00          0
2019-01-22 09:45:38) Slot status
2019-01-22 09:45:38)  Slot                                Resources Address  ME_Work_Units           Steps      Time Steps/Sec PDE_Work_Units           Steps      Time Steps/Sec
2019-01-22 09:45:38) ------------------------------------------------------------------------------------------------------------------------------------------------------------
2019-01-22 09:45:38)     0                        barkeri.local:c=1      @5              9       900000000 5.757e+01 1.563e+07              0               0 0.000e+00       nan
2019-01-22 09:45:38) OutputWriter wrote 9 messages (972 bytes) in the last 59.7 seconds (0.000006 seconds writing). 0 messages (0 bytes) queued.
2019-01-22 09:46:32) Replicate 6 completed with 1.00e+05 of simulation time using 2 work units.
2019-01-22 09:46:38) ========================================================================================================================
2019-01-22 09:46:38) Performance statistics.
2019-01-22 09:46:38) Supervisor @6 finished 9 work units (ids in range 10 to 18) with 9 parts in the last interval. 899980758 steps in 5.708e+01 seconds (1.577e+07 steps/second).
2019-01-22 09:46:38) Replicate status: 0 aborted, 1 finished, 1 running, 13 waiting
2019-01-22 09:46:38)         Id       State      Time Work_Units
2019-01-22 09:46:38) -------------------------------------------
2019-01-22 09:46:38)          1     WAITING 5.000e+04          1
2019-01-22 09:46:38)          2     WAITING 5.000e+04          1
2019-01-22 09:46:38)          3     WAITING 5.001e+04          1
2019-01-22 09:46:38)          4     WAITING 1.000e+05          2
2019-01-22 09:46:38)          5     WAITING 5.000e+04          1
2019-01-22 09:46:38)          6    FINISHED 1.000e+05          2
2019-01-22 09:46:38)          7     WAITING 5.000e+04          1
2019-01-22 09:46:38)          8     WAITING 5.001e+04          1
2019-01-22 09:46:38)          9     RUNNING 5.000e+04          1
2019-01-22 09:46:38)         10     WAITING 5.000e+04          1
2019-01-22 09:46:38)         11     WAITING 9.999e+04          2
2019-01-22 09:46:38)         12     WAITING 5.002e+04          1
2019-01-22 09:46:38)         13     WAITING 5.000e+04          1
2019-01-22 09:46:38)         14     WAITING 5.001e+04          1
2019-01-22 09:46:38)         15     WAITING 5.001e+04          1
2019-01-22 09:46:38) Slot status
2019-01-22 09:46:38)  Slot                                Resources Address  ME_Work_Units           Steps      Time Steps/Sec PDE_Work_Units           Steps      Time Steps/Sec
2019-01-22 09:46:38) ------------------------------------------------------------------------------------------------------------------------------------------------------------
2019-01-22 09:46:38)     0                        barkeri.local:c=1      @5             18      1799980758 1.147e+02 1.570e+07              0               0 0.000e+00       nan
2019-01-22 09:46:38) OutputWriter wrote 9 messages (987 bytes) in the last 60.0 seconds (0.000006 seconds writing). 0 messages (0 bytes) queued.
2019-01-22 09:47:05) Replicate 13 completed with 1.00e+05 of simulation time using 2 work units.
2019-01-22 09:47:24) Replicate 14 completed with 1.00e+05 of simulation time using 2 work units.
2019-01-22 09:47:31) Replicate 8 completed with 1.00e+05 of simulation time using 2 work units.
2019-01-22 09:47:38) ========================================================================================================================
2019-01-22 09:47:38) Performance statistics.
2019-01-22 09:47:38) Supervisor @6 finished 10 work units (ids in range 19 to 28) with 10 parts in the last interval. 999989297 steps in 6.461e+01 seconds (1.548e+07 steps/second).
2019-01-22 09:47:38) Replicate status: 0 aborted, 4 finished, 1 running, 10 waiting
2019-01-22 09:47:38)         Id       State      Time Work_Units
2019-01-22 09:47:38) -------------------------------------------
2019-01-22 09:47:38)          1     WAITING 1.000e+05          2
2019-01-22 09:47:38)          2     WAITING 9.999e+04          2
2019-01-22 09:47:38)          3     WAITING 9.999e+04          2
2019-01-22 09:47:38)          4     WAITING 1.000e+05          2
2019-01-22 09:47:38)          5     WAITING 9.999e+04          2
2019-01-22 09:47:38)          6    FINISHED 1.000e+05          2
2019-01-22 09:47:38)          7     WAITING 1.000e+05          2
2019-01-22 09:47:38)          8    FINISHED 1.000e+05          2
2019-01-22 09:47:38)          9     WAITING 9.999e+04          2
2019-01-22 09:47:38)         10     WAITING 9.999e+04          2
2019-01-22 09:47:38)         11     WAITING 9.999e+04          2
2019-01-22 09:47:38)         12     WAITING 5.002e+04          1
2019-01-22 09:47:38)         13    FINISHED 1.000e+05          2
2019-01-22 09:47:38)         14    FINISHED 1.000e+05          2
2019-01-22 09:47:38)         15     RUNNING 5.001e+04          1
2019-01-22 09:47:38) Slot status
2019-01-22 09:47:38)  Slot                                Resources Address  ME_Work_Units           Steps      Time Steps/Sec PDE_Work_Units           Steps      Time Steps/Sec
2019-01-22 09:47:38) ------------------------------------------------------------------------------------------------------------------------------------------------------------
2019-01-22 09:47:38)     0                        barkeri.local:c=1      @5             28      2799970055 1.793e+02 1.562e+07              0               0 0.000e+00       nan
2019-01-22 09:47:38) OutputWriter wrote 10 messages (1044 bytes) in the last 60.0 seconds (0.000007 seconds writing). 0 messages (0 bytes) queued.
2019-01-22 09:47:43) Replicate 15 completed with 1.00e+05 of simulation time using 2 work units.
2019-01-22 09:47:50) Replicate 12 completed with 1.00e+05 of simulation time using 2 work units.
2019-01-22 09:47:50) Replicate 10 completed with 1.00e+05 of simulation time using 3 work units.
2019-01-22 09:47:50) Replicate 2 completed with 1.00e+05 of simulation time using 3 work units.
2019-01-22 09:47:50) Replicate 11 completed with 1.00e+05 of simulation time using 3 work units.
2019-01-22 09:47:50) Replicate 5 completed with 1.00e+05 of simulation time using 3 work units.
2019-01-22 09:47:50) Replicate 9 completed with 1.00e+05 of simulation time using 3 work units.
2019-01-22 09:47:50) Replicate 3 completed with 1.00e+05 of simulation time using 3 work units.
2019-01-22 09:47:50) Replicate 4 completed with 1.00e+05 of simulation time using 3 work units.
2019-01-22 09:47:50) Replicate 1 completed with 1.00e+05 of simulation time using 3 work units.
2019-01-22 09:47:50) Replicate 7 completed with 1.00e+05 of simulation time using 3 work units.
2019-01-22 09:47:50) Replicate supervisor finished 15 replicates in 1.920e+02 seconds.
2019-01-22 09:47:50) Supervisor @6 finished.
2019-01-22 09:47:50) Job finished.
2019-01-22 09:47:50) Hypervisor @0 finished.
2019-01-22 09:47:50) Work unit runner @5 finished.
2019-01-22 09:47:50) OutputPerformanceSignaler @4 finished.
2019-01-22 09:47:50) OutputWriter wrote 39 messages and 3831 bytes total.
2019-01-22 09:47:50) OutputWriter::HelperThread @3 finished.
2019-01-22 09:47:50) OutputWriter @3 flushing and closing.
2019-01-22 09:47:50) OutputWriter @3 finished.
2019-01-22 09:47:50) Resource controller @1 finished.
2019-01-22 09:47:50) Finalizing communications library.
2019-01-22 09:47:50) Program execution finished.
