Lattice Microbe ES v2019.01 Release build 2019-01-21-17-02-48 in 64-bit mode with options AVX CPP11 FMA SBML SNAPPY.
Copyright (C) 2012-2019 Roberts Group, Johns Hopkins University.
Copyright (C) 2008-2012 Luthey-Schulten Group, University of Illinois at Urbana-Champaign.

2019-01-22 09:28:11) Saving simulation output to  using lm::io::NullOutputWriter.
2019-01-22 09:28:11) Initializing communications library.
2019-01-22 09:28:11) Using local communicator on host BPH-ER-Spectre1.
2019-01-22 09:28:11) Created a resource map using localhost BPH-ER-Spectre1: 1 hosts allocated, 0 hosts registered
2019-01-22 09:28:11) Resource controller @1 started.
2019-01-22 09:28:11) Loading simulation input from perf/perf.99.latest/first_order_birth_death.lm using lm::io::hdf5::Hdf5InputReader.
simulation_options {
  time_limit: 100000
}
output_options {
  species_write_interval: 10000
  concentrations_write_interval: 10000
}
reaction_model {
  number_species: 1
  number_reactions: 2
  initial_species_count: 2000
  reaction {
    type: 0
    rate_constant: 1000
  }
  reaction {
    type: 1
    rate_constant: 1
  }
  stoichiometric_matrix: 1
  stoichiometric_matrix: -1
  dependency_matrix: 0
  dependency_matrix: 1
}
2019-01-22 09:28:11) Hypervisor @0 of type lm::simulation::SimpleHypervisor started.
2019-01-22 09:28:11) Resource controller @1 on BPH-ER-Spectre1 reported 8 cpu core(s) and 0 gpu device(s). 0 hosts registered, 1 hosts remaining.
2019-01-22 09:28:11) Registered resources for host BPH-ER-Spectre1 (defaults=1): 2 cpu cores, 0 gpu devices
2019-01-22 09:28:11) All resources registered with hypervisor, starting workers.
2019-01-22 09:28:11) Reserved core 0 on @1 for the output writer.
2019-01-22 09:28:11) OutputPerformanceSignaler @4 started, writing performance statistics every 60 seconds.
2019-01-22 09:28:11) Creating slot 0 on @1 using resources: BPH-ER-Spectre1:c=1.
2019-01-22 09:28:11) OutputWriter @3 started.
2019-01-22 09:28:11) Output performance signaller started: @4.
2019-01-22 09:28:11) OutputWriter::HelperThread @3 started.
2019-01-22 09:28:11) Output writer started: @3.
2019-01-22 09:28:11) Work Unit runner @5 started with 1 cpu cores (affinity=0) and 0 gpus.
2019-01-22 09:28:11) Work unit runner started: @5.
2019-01-22 09:28:11) All hypervisor workers have started, beginning job.
2019-01-22 09:28:11) Job started.
2019-01-22 09:28:11) Supervisor @6 of type lm::replicates::ReplicateSupervisor started.
2019-01-22 09:28:11) Replicate supervisor started.
2019-01-22 09:29:10) ========================================================================================================================
2019-01-22 09:29:10) Performance statistics.
2019-01-22 09:29:10) Supervisor @6 finished 8 work units (ids in range 0 to 8) with 8 parts in the last interval. 800000000 steps in 5.539e+01 seconds (1.444e+07 steps/second).
2019-01-22 09:29:10) Replicate status: 0 aborted, 0 finished, 1 running, 14 waiting
2019-01-22 09:29:10)         Id       State      Time Work_Units
2019-01-22 09:29:10) -------------------------------------------
2019-01-22 09:29:10)          1     WAITING 5.001e+04          1
2019-01-22 09:29:10)          2     WAITING 5.000e+04          1
2019-01-22 09:29:10)          3     WAITING 4.999e+04          1
2019-01-22 09:29:10)          4     WAITING 5.001e+04          1
2019-01-22 09:29:10)          5     WAITING 4.999e+04          1
2019-01-22 09:29:10)          6     WAITING 5.000e+04          1
2019-01-22 09:29:10)          7     WAITING 4.999e+04          1
2019-01-22 09:29:10)          8     WAITING 4.999e+04          1
2019-01-22 09:29:10)          9     RUNNING 0.000e+00          0
2019-01-22 09:29:10)         10 NOT_STARTED 0.000e+00          0
2019-01-22 09:29:10)         11 NOT_STARTED 0.000e+00          0
2019-01-22 09:29:10)         12 NOT_STARTED 0.000e+00          0
2019-01-22 09:29:10)         13 NOT_STARTED 0.000e+00          0
2019-01-22 09:29:10)         14 NOT_STARTED 0.000e+00          0
2019-01-22 09:29:10)         15 NOT_STARTED 0.000e+00          0
2019-01-22 09:29:10) Slot status
2019-01-22 09:29:10)  Slot                                Resources Address  ME_Work_Units           Steps      Time Steps/Sec PDE_Work_Units           Steps      Time Steps/Sec
2019-01-22 09:29:10) ------------------------------------------------------------------------------------------------------------------------------------------------------------
2019-01-22 09:29:10)     0                      BPH-ER-Spectre1:c=1      @5              8       800000000 5.539e+01 1.444e+07              0               0 0.000e+00      -nan
2019-01-22 09:29:10) OutputWriter wrote 8 messages (851 bytes) in the last 59.4 seconds (0.000004 seconds writing). 0 messages (0 bytes) queued.
2019-01-22 09:30:10) ========================================================================================================================
2019-01-22 09:30:10) Performance statistics.
2019-01-22 09:30:10) Supervisor @6 finished 1 work units (ids in range 9 to 9) with 1 parts in the last interval. 100000000 steps in 4.137e+01 seconds (2.417e+06 steps/second).
2019-01-22 09:30:10) Replicate status: 0 aborted, 0 finished, 1 running, 14 waiting
2019-01-22 09:30:10)         Id       State      Time Work_Units
2019-01-22 09:30:10) -------------------------------------------
2019-01-22 09:30:10)          1     WAITING 5.001e+04          1
2019-01-22 09:30:10)          2     WAITING 5.000e+04          1
2019-01-22 09:30:10)          3     WAITING 4.999e+04          1
2019-01-22 09:30:10)          4     WAITING 5.001e+04          1
2019-01-22 09:30:10)          5     WAITING 4.999e+04          1
2019-01-22 09:30:10)          6     WAITING 5.000e+04          1
2019-01-22 09:30:10)          7     WAITING 4.999e+04          1
2019-01-22 09:30:10)          8     WAITING 4.999e+04          1
2019-01-22 09:30:10)          9     WAITING 5.000e+04          1
2019-01-22 09:30:10)         10     RUNNING 0.000e+00          0
2019-01-22 09:30:10)         11 NOT_STARTED 0.000e+00          0
2019-01-22 09:30:10)         12 NOT_STARTED 0.000e+00          0
2019-01-22 09:30:10)         13 NOT_STARTED 0.000e+00          0
2019-01-22 09:30:10)         14 NOT_STARTED 0.000e+00          0
2019-01-22 09:30:10)         15 NOT_STARTED 0.000e+00          0
2019-01-22 09:30:10) Slot status
2019-01-22 09:30:10)  Slot                                Resources Address  ME_Work_Units           Steps      Time Steps/Sec PDE_Work_Units           Steps      Time Steps/Sec
2019-01-22 09:30:10) ------------------------------------------------------------------------------------------------------------------------------------------------------------
2019-01-22 09:30:10)     0                      BPH-ER-Spectre1:c=1      @5              9       900000000 9.675e+01 9.302e+06              0               0 0.000e+00      -nan
2019-01-22 09:30:10) OutputWriter wrote 1 messages (112 bytes) in the last 60.0 seconds (0.000002 seconds writing). 0 messages (0 bytes) queued.
2019-01-22 09:31:10) ========================================================================================================================
2019-01-22 09:31:10) Performance statistics.
2019-01-22 09:31:10) Supervisor @6 finished 8 work units (ids in range 10 to 17) with 8 parts in the last interval. 800000000 steps in 8.194e+01 seconds (9.763e+06 steps/second).
2019-01-22 09:31:10) Replicate status: 0 aborted, 0 finished, 1 running, 14 waiting
2019-01-22 09:31:10)         Id       State      Time Work_Units
2019-01-22 09:31:10) -------------------------------------------
2019-01-22 09:31:10)          1     WAITING 5.001e+04          1
2019-01-22 09:31:10)          2     WAITING 5.000e+04          1
2019-01-22 09:31:10)          3     WAITING 4.999e+04          1
2019-01-22 09:31:10)          4     WAITING 5.001e+04          1
2019-01-22 09:31:10)          5     WAITING 4.999e+04          1
2019-01-22 09:31:10)          6     WAITING 5.000e+04          1
2019-01-22 09:31:10)          7     WAITING 4.999e+04          1
2019-01-22 09:31:10)          8     WAITING 9.999e+04          2
2019-01-22 09:31:10)          9     WAITING 5.000e+04          1
2019-01-22 09:31:10)         10     WAITING 5.000e+04          1
2019-01-22 09:31:10)         11     WAITING 9.999e+04          2
2019-01-22 09:31:10)         12     WAITING 5.000e+04          1
2019-01-22 09:31:10)         13     RUNNING 4.999e+04          1
2019-01-22 09:31:10)         14     WAITING 5.001e+04          1
2019-01-22 09:31:10)         15     WAITING 5.000e+04          1
2019-01-22 09:31:10) Slot status
2019-01-22 09:31:10)  Slot                                Resources Address  ME_Work_Units           Steps      Time Steps/Sec PDE_Work_Units           Steps      Time Steps/Sec
2019-01-22 09:31:10) ------------------------------------------------------------------------------------------------------------------------------------------------------------
2019-01-22 09:31:10)     0                      BPH-ER-Spectre1:c=1      @5             17      1700000000 1.787e+02 9.513e+06              0               0 0.000e+00      -nan
2019-01-22 09:31:10) OutputWriter wrote 8 messages (852 bytes) in the last 60.0 seconds (0.000004 seconds writing). 0 messages (0 bytes) queued.
2019-01-22 09:32:10) ========================================================================================================================
2019-01-22 09:32:10) Performance statistics.
2019-01-22 09:32:10) Supervisor @6 finished 5 work units (ids in range 18 to 22) with 5 parts in the last interval. 500000000 steps in 4.310e+01 seconds (1.160e+07 steps/second).
2019-01-22 09:32:10) Replicate status: 0 aborted, 0 finished, 1 running, 14 waiting
2019-01-22 09:32:10)         Id       State      Time Work_Units
2019-01-22 09:32:10) -------------------------------------------
2019-01-22 09:32:10)          1     WAITING 5.001e+04          1
2019-01-22 09:32:10)          2     WAITING 5.000e+04          1
2019-01-22 09:32:10)          3     WAITING 9.999e+04          2
2019-01-22 09:32:10)          4     WAITING 5.001e+04          1
2019-01-22 09:32:10)          5     WAITING 1.000e+05          2
2019-01-22 09:32:10)          6     RUNNING 5.000e+04          1
2019-01-22 09:32:10)          7     WAITING 9.999e+04          2
2019-01-22 09:32:10)          8     WAITING 9.999e+04          2
2019-01-22 09:32:10)          9     WAITING 5.000e+04          1
2019-01-22 09:32:10)         10     WAITING 5.000e+04          1
2019-01-22 09:32:10)         11     WAITING 9.999e+04          2
2019-01-22 09:32:10)         12     WAITING 5.000e+04          1
2019-01-22 09:32:10)         13     WAITING 1.000e+05          2
2019-01-22 09:32:10)         14     WAITING 5.001e+04          1
2019-01-22 09:32:10)         15     WAITING 1.000e+05          2
2019-01-22 09:32:10) Slot status
2019-01-22 09:32:10)  Slot                                Resources Address  ME_Work_Units           Steps      Time Steps/Sec PDE_Work_Units           Steps      Time Steps/Sec
2019-01-22 09:32:10) ------------------------------------------------------------------------------------------------------------------------------------------------------------
2019-01-22 09:32:10)     0                      BPH-ER-Spectre1:c=1      @5             22      2200000000 2.218e+02 9.919e+06              0               0 0.000e+00      -nan
2019-01-22 09:32:10) OutputWriter wrote 5 messages (540 bytes) in the last 60.0 seconds (0.000005 seconds writing). 0 messages (0 bytes) queued.
2019-01-22 09:33:04) Replicate 6 completed with 1.00e+05 of simulation time using 2 work units.
2019-01-22 09:33:10) ========================================================================================================================
2019-01-22 09:33:10) Performance statistics.
2019-01-22 09:33:10) Supervisor @6 finished 1 work units (ids in range 23 to 23) with 1 parts in the last interval. 99984450 steps in 7.087e+01 seconds (1.411e+06 steps/second).
2019-01-22 09:33:10) Replicate status: 0 aborted, 1 finished, 1 running, 13 waiting
2019-01-22 09:33:10)         Id       State      Time Work_Units
2019-01-22 09:33:10) -------------------------------------------
2019-01-22 09:33:10)          1     WAITING 5.001e+04          1
2019-01-22 09:33:10)          2     WAITING 5.000e+04          1
2019-01-22 09:33:10)          3     WAITING 9.999e+04          2
2019-01-22 09:33:10)          4     WAITING 5.001e+04          1
2019-01-22 09:33:10)          5     WAITING 1.000e+05          2
2019-01-22 09:33:10)          6    FINISHED 1.000e+05          2
2019-01-22 09:33:10)          7     WAITING 9.999e+04          2
2019-01-22 09:33:10)          8     WAITING 9.999e+04          2
2019-01-22 09:33:10)          9     WAITING 5.000e+04          1
2019-01-22 09:33:10)         10     WAITING 5.000e+04          1
2019-01-22 09:33:10)         11     WAITING 9.999e+04          2
2019-01-22 09:33:10)         12     RUNNING 5.000e+04          1
2019-01-22 09:33:10)         13     WAITING 1.000e+05          2
2019-01-22 09:33:10)         14     WAITING 5.001e+04          1
2019-01-22 09:33:10)         15     WAITING 1.000e+05          2
2019-01-22 09:33:10) Slot status
2019-01-22 09:33:10)  Slot                                Resources Address  ME_Work_Units           Steps      Time Steps/Sec PDE_Work_Units           Steps      Time Steps/Sec
2019-01-22 09:33:10) ------------------------------------------------------------------------------------------------------------------------------------------------------------
2019-01-22 09:33:10)     0                      BPH-ER-Spectre1:c=1      @5             23      2299984450 2.927e+02 7.859e+06              0               0 0.000e+00      -nan
2019-01-22 09:33:10) OutputWriter wrote 1 messages (117 bytes) in the last 60.0 seconds (0.000001 seconds writing). 0 messages (0 bytes) queued.
2019-01-22 09:33:18) Replicate 12 completed with 1.00e+05 of simulation time using 2 work units.
2019-01-22 09:33:28) Replicate 2 completed with 1.00e+05 of simulation time using 2 work units.
2019-01-22 09:33:34) Replicate 9 completed with 1.00e+05 of simulation time using 2 work units.
2019-01-22 09:33:45) Replicate 1 completed with 1.00e+05 of simulation time using 2 work units.
2019-01-22 09:33:51) Replicate 4 completed with 1.00e+05 of simulation time using 2 work units.
2019-01-22 09:33:57) Replicate 14 completed with 1.00e+05 of simulation time using 2 work units.
2019-01-22 09:33:57) Replicate 3 completed with 1.00e+05 of simulation time using 3 work units.
2019-01-22 09:33:57) Replicate 11 completed with 1.00e+05 of simulation time using 3 work units.
2019-01-22 09:33:57) Replicate 7 completed with 1.00e+05 of simulation time using 3 work units.
2019-01-22 09:33:57) Replicate 10 completed with 1.00e+05 of simulation time using 3 work units.
2019-01-22 09:33:57) Replicate 8 completed with 1.00e+05 of simulation time using 3 work units.
2019-01-22 09:33:57) Replicate 13 completed with 1.00e+05 of simulation time using 3 work units.
2019-01-22 09:33:57) Replicate 15 completed with 1.00e+05 of simulation time using 3 work units.
2019-01-22 09:33:57) Replicate 5 completed with 1.00e+05 of simulation time using 3 work units.
2019-01-22 09:33:57) Replicate supervisor finished 15 replicates in 3.464e+02 seconds.
2019-01-22 09:33:57) Job finished.
2019-01-22 09:33:57) Supervisor @6 finished.
2019-01-22 09:33:57) Hypervisor @0 finished.
2019-01-22 09:33:57) Work unit runner @5 finished.
2019-01-22 09:33:57) OutputPerformanceSignaler @4 finished.
2019-01-22 09:33:57) OutputWriter wrote 38 messages and 3772 bytes total.
2019-01-22 09:33:57) OutputWriter::HelperThread @3 finished.
2019-01-22 09:33:57) OutputWriter @3 flushing and closing.
2019-01-22 09:33:57) OutputWriter @3 finished.
2019-01-22 09:33:57) Resource controller @1 finished.
2019-01-22 09:33:57) Finalizing communications library.
2019-01-22 09:33:57) Program execution finished.
