Lattice Microbe ES v2019.01 Release build 2019-01-21-17-02-48 in 64-bit mode with options AVX CPP11 FMA SBML SNAPPY.
Copyright (C) 2012-2019 Roberts Group, Johns Hopkins University.
Copyright (C) 2008-2012 Luthey-Schulten Group, University of Illinois at Urbana-Champaign.

2019-01-22 09:16:10) Saving simulation output to  using lm::io::NullOutputWriter.
2019-01-22 09:16:10) Initializing communications library.
2019-01-22 09:16:10) Using local communicator on host BPH-ER-Spectre1.
2019-01-22 09:16:10) Created a resource map using localhost BPH-ER-Spectre1: 1 hosts allocated, 0 hosts registered
2019-01-22 09:16:10) Resource controller @1 started.
2019-01-22 09:16:10) Loading simulation input from perf/perf.99.latest/first_order_birth_death.lm using lm::io::hdf5::Hdf5InputReader.
simulation_options {
  time_limit: 100000
}
output_options {
  species_write_interval: 10000
  concentrations_write_interval: 10000
}
reaction_model {
  number_species: 1
  number_reactions: 2
  initial_species_count: 2000
  reaction {
    type: 0
    rate_constant: 1000
  }
  reaction {
    type: 1
    rate_constant: 1
  }
  stoichiometric_matrix: 1
  stoichiometric_matrix: -1
  dependency_matrix: 0
  dependency_matrix: 1
}
2019-01-22 09:16:10) Hypervisor @0 of type lm::simulation::SimpleHypervisor started.
2019-01-22 09:16:10) Resource controller @1 on BPH-ER-Spectre1 reported 8 cpu core(s) and 0 gpu device(s). 0 hosts registered, 1 hosts remaining.
2019-01-22 09:16:10) Registered resources for host BPH-ER-Spectre1 (defaults=1): 2 cpu cores, 0 gpu devices
2019-01-22 09:16:10) All resources registered with hypervisor, starting workers.
2019-01-22 09:16:10) Reserved core 0 on @1 for the output writer.
2019-01-22 09:16:10) OutputPerformanceSignaler @4 started, writing performance statistics every 60 seconds.
2019-01-22 09:16:10) Creating slot 0 on @1 using resources: BPH-ER-Spectre1:c=1.
2019-01-22 09:16:10) Output performance signaller started: @4.
2019-01-22 09:16:10) OutputWriter @3 started.
2019-01-22 09:16:10) Output writer started: @3.
2019-01-22 09:16:10) OutputWriter::HelperThread @3 started.
2019-01-22 09:16:10) Work Unit runner @5 started with 1 cpu cores (affinity=0) and 0 gpus.
2019-01-22 09:16:10) Work unit runner started: @5.
2019-01-22 09:16:10) All hypervisor workers have started, beginning job.
2019-01-22 09:16:10) Job started.
2019-01-22 09:16:10) Supervisor @6 of type lm::replicates::ReplicateSupervisor started.
2019-01-22 09:16:10) Replicate supervisor started.
2019-01-22 09:17:09) ========================================================================================================================
2019-01-22 09:17:09) Performance statistics.
2019-01-22 09:17:09) Supervisor @6 finished 9 work units (ids in range 0 to 9) with 9 parts in the last interval. 900000000 steps in 5.447e+01 seconds (1.652e+07 steps/second).
2019-01-22 09:17:09) Replicate status: 0 aborted, 0 finished, 1 running, 14 waiting
2019-01-22 09:17:09)         Id       State      Time Work_Units
2019-01-22 09:17:09) -------------------------------------------
2019-01-22 09:17:09)          1     WAITING 5.000e+04          1
2019-01-22 09:17:09)          2     WAITING 5.001e+04          1
2019-01-22 09:17:09)          3     WAITING 4.999e+04          1
2019-01-22 09:17:09)          4     WAITING 5.001e+04          1
2019-01-22 09:17:09)          5     WAITING 5.000e+04          1
2019-01-22 09:17:09)          6     WAITING 5.000e+04          1
2019-01-22 09:17:09)          7     WAITING 5.000e+04          1
2019-01-22 09:17:09)          8     WAITING 5.000e+04          1
2019-01-22 09:17:09)          9     WAITING 5.001e+04          1
2019-01-22 09:17:09)         10     RUNNING 0.000e+00          0
2019-01-22 09:17:09)         11 NOT_STARTED 0.000e+00          0
2019-01-22 09:17:09)         12 NOT_STARTED 0.000e+00          0
2019-01-22 09:17:09)         13 NOT_STARTED 0.000e+00          0
2019-01-22 09:17:09)         14 NOT_STARTED 0.000e+00          0
2019-01-22 09:17:09)         15 NOT_STARTED 0.000e+00          0
2019-01-22 09:17:09) Slot status
2019-01-22 09:17:09)  Slot                                Resources Address  ME_Work_Units           Steps      Time Steps/Sec PDE_Work_Units           Steps      Time Steps/Sec
2019-01-22 09:17:09) ------------------------------------------------------------------------------------------------------------------------------------------------------------
2019-01-22 09:17:09)     0                      BPH-ER-Spectre1:c=1      @5              9       900000000 5.447e+01 1.652e+07              0               0 0.000e+00      -nan
2019-01-22 09:17:09) OutputWriter wrote 9 messages (972 bytes) in the last 59.1 seconds (0.000005 seconds writing). 0 messages (0 bytes) queued.
2019-01-22 09:18:10) ========================================================================================================================
2019-01-22 09:18:10) Performance statistics.
2019-01-22 09:18:10) Supervisor @6 finished 0 work units in the last interval.
2019-01-22 09:18:10) Replicate status: 0 aborted, 0 finished, 1 running, 14 waiting
2019-01-22 09:18:10)         Id       State      Time Work_Units
2019-01-22 09:18:10) -------------------------------------------
2019-01-22 09:18:10)          1     WAITING 5.000e+04          1
2019-01-22 09:18:10)          2     WAITING 5.001e+04          1
2019-01-22 09:18:10)          3     WAITING 4.999e+04          1
2019-01-22 09:18:10)          4     WAITING 5.001e+04          1
2019-01-22 09:18:10)          5     WAITING 5.000e+04          1
2019-01-22 09:18:10)          6     WAITING 5.000e+04          1
2019-01-22 09:18:10)          7     WAITING 5.000e+04          1
2019-01-22 09:18:10)          8     WAITING 5.000e+04          1
2019-01-22 09:18:10)          9     WAITING 5.001e+04          1
2019-01-22 09:18:10)         10     RUNNING 0.000e+00          0
2019-01-22 09:18:10)         11 NOT_STARTED 0.000e+00          0
2019-01-22 09:18:10)         12 NOT_STARTED 0.000e+00          0
2019-01-22 09:18:10)         13 NOT_STARTED 0.000e+00          0
2019-01-22 09:18:10)         14 NOT_STARTED 0.000e+00          0
2019-01-22 09:18:10)         15 NOT_STARTED 0.000e+00          0
2019-01-22 09:18:10) Slot status
2019-01-22 09:18:10)  Slot                                Resources Address  ME_Work_Units           Steps      Time Steps/Sec PDE_Work_Units           Steps      Time Steps/Sec
2019-01-22 09:18:10) ------------------------------------------------------------------------------------------------------------------------------------------------------------
2019-01-22 09:18:10)     0                      BPH-ER-Spectre1:c=1      @5              9       900000000 5.447e+01 1.652e+07              0               0 0.000e+00      -nan
2019-01-22 09:18:10) OutputWriter wrote 0 messages (0 bytes) in the last 60.0 seconds (0.000000 seconds writing). 0 messages (0 bytes) queued.
2019-01-22 09:19:09) ========================================================================================================================
2019-01-22 09:19:09) Performance statistics.
2019-01-22 09:19:09) Supervisor @6 finished 4 work units (ids in range 10 to 13) with 4 parts in the last interval. 400000000 steps in 1.235e+02 seconds (3.238e+06 steps/second).
2019-01-22 09:19:09) Replicate status: 0 aborted, 0 finished, 1 running, 14 waiting
2019-01-22 09:19:09)         Id       State      Time Work_Units
2019-01-22 09:19:09) -------------------------------------------
2019-01-22 09:19:09)          1     WAITING 5.000e+04          1
2019-01-22 09:19:09)          2     WAITING 5.001e+04          1
2019-01-22 09:19:09)          3     WAITING 4.999e+04          1
2019-01-22 09:19:09)          4     WAITING 5.001e+04          1
2019-01-22 09:19:09)          5     WAITING 5.000e+04          1
2019-01-22 09:19:09)          6     WAITING 5.000e+04          1
2019-01-22 09:19:09)          7     WAITING 5.000e+04          1
2019-01-22 09:19:09)          8     WAITING 5.000e+04          1
2019-01-22 09:19:09)          9     WAITING 5.001e+04          1
2019-01-22 09:19:09)         10     WAITING 5.000e+04          1
2019-01-22 09:19:09)         11     WAITING 5.000e+04          1
2019-01-22 09:19:09)         12     WAITING 5.000e+04          1
2019-01-22 09:19:09)         13     WAITING 5.000e+04          1
2019-01-22 09:19:09)         14     RUNNING 0.000e+00          0
2019-01-22 09:19:09)         15 NOT_STARTED 0.000e+00          0
2019-01-22 09:19:09) Slot status
2019-01-22 09:19:09)  Slot                                Resources Address  ME_Work_Units           Steps      Time Steps/Sec PDE_Work_Units           Steps      Time Steps/Sec
2019-01-22 09:19:09) ------------------------------------------------------------------------------------------------------------------------------------------------------------
2019-01-22 09:19:09)     0                      BPH-ER-Spectre1:c=1      @5             13      1300000000 1.780e+02 7.304e+06              0               0 0.000e+00      -nan
2019-01-22 09:19:09) OutputWriter wrote 4 messages (430 bytes) in the last 60.0 seconds (0.000004 seconds writing). 0 messages (0 bytes) queued.
2019-01-22 09:19:25) Replicate 3 completed with 1.00e+05 of simulation time using 2 work units.
2019-01-22 09:19:47) Replicate 12 completed with 1.00e+05 of simulation time using 2 work units.
2019-01-22 09:19:52) Replicate 7 completed with 1.00e+05 of simulation time using 2 work units.
2019-01-22 09:19:58) Replicate 5 completed with 1.00e+05 of simulation time using 2 work units.
2019-01-22 09:20:09) Replicate 10 completed with 1.00e+05 of simulation time using 2 work units.
2019-01-22 09:20:09) ========================================================================================================================
2019-01-22 09:20:09) Performance statistics.
2019-01-22 09:20:09) Supervisor @6 finished 10 work units (ids in range 14 to 23) with 10 parts in the last interval. 999943078 steps in 6.056e+01 seconds (1.651e+07 steps/second).
2019-01-22 09:20:09) Replicate status: 0 aborted, 5 finished, 1 running, 9 waiting
2019-01-22 09:20:09)         Id       State      Time Work_Units
2019-01-22 09:20:09) -------------------------------------------
2019-01-22 09:20:09)          1     RUNNING 5.000e+04          1
2019-01-22 09:20:09)          2     WAITING 5.001e+04          1
2019-01-22 09:20:09)          3    FINISHED 1.000e+05          2
2019-01-22 09:20:09)          4     WAITING 5.001e+04          1
2019-01-22 09:20:09)          5    FINISHED 1.000e+05          2
2019-01-22 09:20:09)          6     WAITING 5.000e+04          1
2019-01-22 09:20:09)          7    FINISHED 1.000e+05          2
2019-01-22 09:20:09)          8     WAITING 1.000e+05          2
2019-01-22 09:20:09)          9     WAITING 5.001e+04          1
2019-01-22 09:20:09)         10    FINISHED 1.000e+05          2
2019-01-22 09:20:09)         11     WAITING 5.000e+04          1
2019-01-22 09:20:09)         12    FINISHED 1.000e+05          2
2019-01-22 09:20:09)         13     WAITING 1.000e+05          2
2019-01-22 09:20:09)         14     WAITING 9.999e+04          2
2019-01-22 09:20:09)         15     WAITING 5.000e+04          1
2019-01-22 09:20:09) Slot status
2019-01-22 09:20:09)  Slot                                Resources Address  ME_Work_Units           Steps      Time Steps/Sec PDE_Work_Units           Steps      Time Steps/Sec
2019-01-22 09:20:09) ------------------------------------------------------------------------------------------------------------------------------------------------------------
2019-01-22 09:20:09)     0                      BPH-ER-Spectre1:c=1      @5             23      2299943078 2.385e+02 9.641e+06              0               0 0.000e+00      -nan
2019-01-22 09:20:09) OutputWriter wrote 10 messages (1115 bytes) in the last 60.0 seconds (0.000040 seconds writing). 0 messages (0 bytes) queued.
2019-01-22 09:20:18) Replicate 1 completed with 1.00e+05 of simulation time using 2 work units.
2019-01-22 09:20:24) Replicate 15 completed with 1.00e+05 of simulation time using 2 work units.
2019-01-22 09:20:34) Replicate 6 completed with 1.00e+05 of simulation time using 2 work units.
2019-01-22 09:21:09) ========================================================================================================================
2019-01-22 09:21:09) Performance statistics.
2019-01-22 09:21:09) Supervisor @6 finished 3 work units (ids in range 24 to 26) with 3 parts in the last interval. 299945551 steps in 2.489e+01 seconds (1.205e+07 steps/second).
2019-01-22 09:21:09) Replicate status: 0 aborted, 8 finished, 1 running, 6 waiting
2019-01-22 09:21:09)         Id       State      Time Work_Units
2019-01-22 09:21:09) -------------------------------------------
2019-01-22 09:21:09)          1    FINISHED 1.000e+05          2
2019-01-22 09:21:09)          2     WAITING 5.001e+04          1
2019-01-22 09:21:09)          3    FINISHED 1.000e+05          2
2019-01-22 09:21:09)          4     WAITING 5.001e+04          1
2019-01-22 09:21:09)          5    FINISHED 1.000e+05          2
2019-01-22 09:21:09)          6    FINISHED 1.000e+05          2
2019-01-22 09:21:09)          7    FINISHED 1.000e+05          2
2019-01-22 09:21:09)          8     WAITING 1.000e+05          2
2019-01-22 09:21:09)          9     WAITING 5.001e+04          1
2019-01-22 09:21:09)         10    FINISHED 1.000e+05          2
2019-01-22 09:21:09)         11     RUNNING 5.000e+04          1
2019-01-22 09:21:09)         12    FINISHED 1.000e+05          2
2019-01-22 09:21:09)         13     WAITING 1.000e+05          2
2019-01-22 09:21:09)         14     WAITING 9.999e+04          2
2019-01-22 09:21:09)         15    FINISHED 1.000e+05          2
2019-01-22 09:21:09) Slot status
2019-01-22 09:21:09)  Slot                                Resources Address  ME_Work_Units           Steps      Time Steps/Sec PDE_Work_Units           Steps      Time Steps/Sec
2019-01-22 09:21:09) ------------------------------------------------------------------------------------------------------------------------------------------------------------
2019-01-22 09:21:09)     0                      BPH-ER-Spectre1:c=1      @5             26      2599888629 2.634e+02 9.869e+06              0               0 0.000e+00      -nan
2019-01-22 09:21:09) OutputWriter wrote 3 messages (324 bytes) in the last 60.0 seconds (0.000002 seconds writing). 0 messages (0 bytes) queued.
2019-01-22 09:21:34) Replicate 11 completed with 1.00e+05 of simulation time using 2 work units.
2019-01-22 09:21:51) Replicate 2 completed with 1.00e+05 of simulation time using 2 work units.
2019-01-22 09:22:01) Replicate 4 completed with 1.00e+05 of simulation time using 2 work units.
2019-01-22 09:22:07) Replicate 9 completed with 1.00e+05 of simulation time using 2 work units.
2019-01-22 09:22:07) Replicate 14 completed with 1.00e+05 of simulation time using 3 work units.
2019-01-22 09:22:07) Replicate 13 completed with 1.00e+05 of simulation time using 3 work units.
2019-01-22 09:22:07) Replicate 8 completed with 1.00e+05 of simulation time using 3 work units.
2019-01-22 09:22:07) Replicate supervisor finished 15 replicates in 3.568e+02 seconds.
2019-01-22 09:22:07) Supervisor @6 finished.
2019-01-22 09:22:07) Job finished.
2019-01-22 09:22:07) Hypervisor @0 finished.
2019-01-22 09:22:07) Work unit runner @5 finished.
2019-01-22 09:22:07) OutputPerformanceSignaler @4 finished.
2019-01-22 09:22:07) OutputWriter wrote 33 messages and 3477 bytes total.
2019-01-22 09:22:07) OutputWriter::HelperThread @3 finished.
2019-01-22 09:22:07) OutputWriter @3 flushing and closing.
2019-01-22 09:22:07) OutputWriter @3 finished.
2019-01-22 09:22:07) Resource controller @1 finished.
2019-01-22 09:22:07) Finalizing communications library.
2019-01-22 09:22:07) Program execution finished.
