Lattice Microbe ES v2019.01 Release build 2019-01-22-09-31-00 in 64-bit mode with options AVX CPP11 SBML SNAPPY.
Copyright (C) 2012-2019 Roberts Group, Johns Hopkins University.
Copyright (C) 2008-2012 Luthey-Schulten Group, University of Illinois at Urbana-Champaign.

2019-01-22 09:51:01) Saving simulation output to  using lm::io::NullOutputWriter.
2019-01-22 09:51:01) Initializing communications library.
2019-01-22 09:51:01) Using local communicator on host barkeri.local.
2019-01-22 09:51:01) Created a resource map using localhost barkeri.local: 1 hosts allocated, 0 hosts registered
2019-01-22 09:51:01) Resource controller @1 started.
2019-01-22 09:51:01) Loading simulation input from perf/perf.99.latest/first_order_birth_death.lm using lm::io::hdf5::Hdf5InputReader.
simulation_options {
  time_limit: 100000
}
output_options {
  species_write_interval: 10000
  concentrations_write_interval: 10000
}
reaction_model {
  number_species: 1
  number_reactions: 2
  initial_species_count: 2000
  reaction {
    type: 0
    rate_constant: 1000
  }
  reaction {
    type: 1
    rate_constant: 1
  }
  stoichiometric_matrix: 1
  stoichiometric_matrix: -1
  dependency_matrix: 0
  dependency_matrix: 1
}
2019-01-22 09:51:01) Hypervisor @0 of type lm::simulation::SimpleHypervisor started.
2019-01-22 09:51:01) Resource controller @1 on barkeri.local reported 8 cpu core(s) and 0 gpu device(s). 0 hosts registered, 1 hosts remaining.
2019-01-22 09:51:01) Registered resources for host barkeri.local (defaults=1): 2 cpu cores, 0 gpu devices
2019-01-22 09:51:01) All resources registered with hypervisor, starting workers.
2019-01-22 09:51:01) Reserved core 0 on @1 for the output writer.
2019-01-22 09:51:01) OutputPerformanceSignaler @4 started, writing performance statistics every 60 seconds.
2019-01-22 09:51:01) Creating slot 0 on @1 using resources: barkeri.local:c=1.
2019-01-22 09:51:01) OutputWriter @3 started.
2019-01-22 09:51:01) Output performance signaller started: @4.
2019-01-22 09:51:01) OutputWriter::HelperThread @3 started.
2019-01-22 09:51:01) 2019-01-22 09:51:01) Output writer started: @3.Work Unit runner @5 started with 1 cpu cores (affinity=0) and 0 gpus.

2019-01-22 09:51:01) Work unit runner started: @5.
2019-01-22 09:51:01) All hypervisor workers have started, beginning job.
2019-01-22 09:51:01) Job started.
2019-01-22 09:51:01) Supervisor @6 of type lm::replicates::ReplicateSupervisor started.
2019-01-22 09:51:01) Replicate supervisor started.
2019-01-22 09:52:01) ========================================================================================================================
2019-01-22 09:52:01) Performance statistics.
2019-01-22 09:52:01) Supervisor @6 finished 9 work units (ids in range 0 to 9) with 9 parts in the last interval. 900000000 steps in 5.731e+01 seconds (1.570e+07 steps/second).
2019-01-22 09:52:01) Replicate status: 0 aborted, 0 finished, 1 running, 14 waiting
2019-01-22 09:52:01)         Id       State      Time Work_Units
2019-01-22 09:52:01) -------------------------------------------
2019-01-22 09:52:01)          1     WAITING 5.000e+04          1
2019-01-22 09:52:01)          2     WAITING 5.000e+04          1
2019-01-22 09:52:01)          3     WAITING 5.000e+04          1
2019-01-22 09:52:01)          4     WAITING 5.000e+04          1
2019-01-22 09:52:01)          5     WAITING 4.999e+04          1
2019-01-22 09:52:01)          6     WAITING 4.999e+04          1
2019-01-22 09:52:01)          7     WAITING 5.000e+04          1
2019-01-22 09:52:01)          8     WAITING 5.000e+04          1
2019-01-22 09:52:01)          9     WAITING 5.000e+04          1
2019-01-22 09:52:01)         10     RUNNING 0.000e+00          0
2019-01-22 09:52:01)         11 NOT_STARTED 0.000e+00          0
2019-01-22 09:52:01)         12 NOT_STARTED 0.000e+00          0
2019-01-22 09:52:01)         13 NOT_STARTED 0.000e+00          0
2019-01-22 09:52:01)         14 NOT_STARTED 0.000e+00          0
2019-01-22 09:52:01)         15 NOT_STARTED 0.000e+00          0
2019-01-22 09:52:01) Slot status
2019-01-22 09:52:01)  Slot                                Resources Address  ME_Work_Units           Steps      Time Steps/Sec PDE_Work_Units           Steps      Time Steps/Sec
2019-01-22 09:52:01) ------------------------------------------------------------------------------------------------------------------------------------------------------------
2019-01-22 09:52:01)     0                        barkeri.local:c=1      @5              9       900000000 5.731e+01 1.570e+07              0               0 0.000e+00       nan
2019-01-22 09:52:01) OutputWriter wrote 9 messages (945 bytes) in the last 59.5 seconds (0.000007 seconds writing). 0 messages (0 bytes) queued.
2019-01-22 09:53:01) ========================================================================================================================
2019-01-22 09:53:01) Performance statistics.
2019-01-22 09:53:01) Supervisor @6 finished 9 work units (ids in range 10 to 18) with 9 parts in the last interval. 900000000 steps in 5.692e+01 seconds (1.581e+07 steps/second).
2019-01-22 09:53:01) Replicate status: 0 aborted, 0 finished, 1 running, 14 waiting
2019-01-22 09:53:01)         Id       State      Time Work_Units
2019-01-22 09:53:01) -------------------------------------------
2019-01-22 09:53:01)          1     WAITING 5.000e+04          1
2019-01-22 09:53:01)          2     WAITING 5.000e+04          1
2019-01-22 09:53:01)          3     WAITING 5.000e+04          1
2019-01-22 09:53:01)          4     WAITING 5.000e+04          1
2019-01-22 09:53:01)          5     RUNNING 4.999e+04          1
2019-01-22 09:53:01)          6     WAITING 9.998e+04          2
2019-01-22 09:53:01)          7     WAITING 5.000e+04          1
2019-01-22 09:53:01)          8     WAITING 5.000e+04          1
2019-01-22 09:53:01)          9     WAITING 5.000e+04          1
2019-01-22 09:53:01)         10     WAITING 4.999e+04          1
2019-01-22 09:53:01)         11     WAITING 5.000e+04          1
2019-01-22 09:53:01)         12     WAITING 5.000e+04          1
2019-01-22 09:53:01)         13     WAITING 9.999e+04          2
2019-01-22 09:53:01)         14     WAITING 5.001e+04          1
2019-01-22 09:53:01)         15     WAITING 9.999e+04          2
2019-01-22 09:53:01) Slot status
2019-01-22 09:53:01)  Slot                                Resources Address  ME_Work_Units           Steps      Time Steps/Sec PDE_Work_Units           Steps      Time Steps/Sec
2019-01-22 09:53:01) ------------------------------------------------------------------------------------------------------------------------------------------------------------
2019-01-22 09:53:01)     0                        barkeri.local:c=1      @5             18      1800000000 1.142e+02 1.576e+07              0               0 0.000e+00       nan
2019-01-22 09:53:01) OutputWriter wrote 9 messages (969 bytes) in the last 60.0 seconds (0.000007 seconds writing). 0 messages (0 bytes) queued.
2019-01-22 09:53:08) Replicate 10 completed with 1.00e+05 of simulation time using 2 work units.
2019-01-22 09:53:52) Replicate 11 completed with 1.00e+05 of simulation time using 2 work units.
2019-01-22 09:53:58) Replicate 9 completed with 1.00e+05 of simulation time using 2 work units.
2019-01-22 09:54:01) ========================================================================================================================
2019-01-22 09:54:01) Performance statistics.
2019-01-22 09:54:01) Supervisor @6 finished 10 work units (ids in range 19 to 28) with 10 parts in the last interval. 999947608 steps in 6.303e+01 seconds (1.587e+07 steps/second).
2019-01-22 09:54:01) Replicate status: 0 aborted, 3 finished, 1 running, 11 waiting
2019-01-22 09:54:01)         Id       State      Time Work_Units
2019-01-22 09:54:01) -------------------------------------------
2019-01-22 09:54:01)          1     WAITING 1.000e+05          2
2019-01-22 09:54:01)          2     WAITING 9.999e+04          2
2019-01-22 09:54:01)          3     WAITING 9.999e+04          2
2019-01-22 09:54:01)          4     WAITING 9.999e+04          2
2019-01-22 09:54:01)          5     WAITING 1.000e+05          2
2019-01-22 09:54:01)          6     WAITING 9.998e+04          2
2019-01-22 09:54:01)          7     WAITING 9.999e+04          2
2019-01-22 09:54:01)          8     WAITING 9.999e+04          2
2019-01-22 09:54:01)          9    FINISHED 1.000e+05          2
2019-01-22 09:54:01)         10    FINISHED 1.000e+05          2
2019-01-22 09:54:01)         11    FINISHED 1.000e+05          2
2019-01-22 09:54:01)         12     RUNNING 5.000e+04          1
2019-01-22 09:54:01)         13     WAITING 9.999e+04          2
2019-01-22 09:54:01)         14     WAITING 5.001e+04          1
2019-01-22 09:54:01)         15     WAITING 9.999e+04          2
2019-01-22 09:54:01) Slot status
2019-01-22 09:54:01)  Slot                                Resources Address  ME_Work_Units           Steps      Time Steps/Sec PDE_Work_Units           Steps      Time Steps/Sec
2019-01-22 09:54:01) ------------------------------------------------------------------------------------------------------------------------------------------------------------
2019-01-22 09:54:01)     0                        barkeri.local:c=1      @5             28      2799947608 1.773e+02 1.580e+07              0               0 0.000e+00       nan
2019-01-22 09:54:01) OutputWriter wrote 10 messages (1080 bytes) in the last 60.0 seconds (0.000006 seconds writing). 0 messages (0 bytes) queued.
2019-01-22 09:54:05) Replicate 12 completed with 1.00e+05 of simulation time using 2 work units.
2019-01-22 09:54:11) Replicate 6 completed with 1.00e+05 of simulation time using 3 work units.
2019-01-22 09:54:11) Replicate 2 completed with 1.00e+05 of simulation time using 3 work units.
2019-01-22 09:54:11) Replicate 13 completed with 1.00e+05 of simulation time using 3 work units.
2019-01-22 09:54:11) Replicate 3 completed with 1.00e+05 of simulation time using 3 work units.
2019-01-22 09:54:11) Replicate 7 completed with 1.00e+05 of simulation time using 3 work units.
2019-01-22 09:54:11) Replicate 8 completed with 1.00e+05 of simulation time using 3 work units.
2019-01-22 09:54:11) Replicate 15 completed with 1.00e+05 of simulation time using 3 work units.
2019-01-22 09:54:11) Replicate 4 completed with 1.00e+05 of simulation time using 3 work units.
2019-01-22 09:54:11) Replicate 14 completed with 1.00e+05 of simulation time using 3 work units.
2019-01-22 09:54:11) Replicate 5 completed with 1.00e+05 of simulation time using 3 work units.
2019-01-22 09:54:11) Replicate 1 completed with 1.00e+05 of simulation time using 3 work units.
2019-01-22 09:54:11) Replicate supervisor finished 15 replicates in 1.898e+02 seconds.
2019-01-22 09:54:11) Job finished.
2019-01-22 09:54:11) Supervisor @6 finished.2019-01-22 09:54:11) 
Hypervisor @0 finished.2019-01-22 09:54:11) 
Work unit runner @5 finished.
2019-01-22 09:54:11) OutputPerformanceSignaler @4 finished.
2019-01-22 09:54:11) OutputWriter wrote 41 messages and 3949 bytes total.
2019-01-22 09:54:11) OutputWriter::HelperThread @3 finished.
2019-01-22 09:54:11) OutputWriter @3 flushing and closing.
2019-01-22 09:54:11) OutputWriter @3 finished.
2019-01-22 09:54:11) Resource controller @1 finished.
2019-01-22 09:54:11) Finalizing communications library.
2019-01-22 09:54:11) Program execution finished.
