Lattice Microbe ES v2019.01 Release build 2019-01-21-17-02-48 in 64-bit mode with options AVX CPP11 FMA SBML SNAPPY.
Copyright (C) 2012-2019 Roberts Group, Johns Hopkins University.
Copyright (C) 2008-2012 Luthey-Schulten Group, University of Illinois at Urbana-Champaign.

2019-01-22 08:58:16) Saving simulation output to  using lm::io::NullOutputWriter.
2019-01-22 08:58:16) Initializing communications library.
2019-01-22 08:58:16) Using local communicator on host BPH-ER-Spectre1.
2019-01-22 08:58:16) Created a resource map using localhost BPH-ER-Spectre1: 1 hosts allocated, 0 hosts registered
2019-01-22 08:58:16) Resource controller @1 started.
2019-01-22 08:58:16) Loading simulation input from perf/perf.99.latest/first_order_birth_death.lm using lm::io::hdf5::Hdf5InputReader.
simulation_options {
  time_limit: 100000
}
output_options {
  species_write_interval: 10000
  concentrations_write_interval: 10000
}
reaction_model {
  number_species: 1
  number_reactions: 2
  initial_species_count: 2000
  reaction {
    type: 0
    rate_constant: 1000
  }
  reaction {
    type: 1
    rate_constant: 1
  }
  stoichiometric_matrix: 1
  stoichiometric_matrix: -1
  dependency_matrix: 0
  dependency_matrix: 1
}
2019-01-22 08:58:16) Hypervisor @0 of type lm::simulation::SimpleHypervisor started.
2019-01-22 08:58:16) Resource controller @1 on BPH-ER-Spectre1 reported 8 cpu core(s) and 0 gpu device(s). 0 hosts registered, 1 hosts remaining.
2019-01-22 08:58:16) Registered resources for host BPH-ER-Spectre1 (defaults=1): 2 cpu cores, 0 gpu devices
2019-01-22 08:58:16) All resources registered with hypervisor, starting workers.
2019-01-22 08:58:16) Reserved core 0 on @1 for the output writer.
2019-01-22 08:58:16) OutputWriter @3 started.2019-01-22 08:58:16) Creating slot 0 on @1 using resources: BPH-ER-Spectre1:c=1.

2019-01-22 08:58:16) Output writer started: @3.
2019-01-22 08:58:16) OutputPerformanceSignaler @4 started, writing performance statistics every 60 seconds.
2019-01-22 08:58:16) 2019-01-22 08:58:16) Work Unit runner @5 started with 1 cpu cores (affinity=0) and 0 gpus.
2019-01-22 08:58:16) Output performance signaller started: @4.
OutputWriter::HelperThread @3 started.
2019-01-22 08:58:16) Work unit runner started: @5.
2019-01-22 08:58:16) All hypervisor workers have started, beginning job.
2019-01-22 08:58:16) Job started.
2019-01-22 08:58:16) Supervisor @6 of type lm::replicates::ReplicateSupervisor started.
2019-01-22 08:58:16) Replicate supervisor started.
2019-01-22 08:59:15) ========================================================================================================================
2019-01-22 08:59:15) Performance statistics.
2019-01-22 08:59:15) Supervisor @6 finished 8 work units (ids in range 0 to 8) with 8 parts in the last interval. 800000000 steps in 5.740e+01 seconds (1.394e+07 steps/second).
2019-01-22 08:59:15) Replicate status: 0 aborted, 0 finished, 1 running, 14 waiting
2019-01-22 08:59:15)         Id       State      Time Work_Units
2019-01-22 08:59:15) -------------------------------------------
2019-01-22 08:59:15)          1     WAITING 5.001e+04          1
2019-01-22 08:59:15)          2     WAITING 5.000e+04          1
2019-01-22 08:59:15)          3     WAITING 5.001e+04          1
2019-01-22 08:59:15)          4     WAITING 5.000e+04          1
2019-01-22 08:59:15)          5     WAITING 5.000e+04          1
2019-01-22 08:59:15)          6     WAITING 5.001e+04          1
2019-01-22 08:59:15)          7     WAITING 5.000e+04          1
2019-01-22 08:59:15)          8     WAITING 5.000e+04          1
2019-01-22 08:59:15)          9     RUNNING 0.000e+00          0
2019-01-22 08:59:15)         10 NOT_STARTED 0.000e+00          0
2019-01-22 08:59:15)         11 NOT_STARTED 0.000e+00          0
2019-01-22 08:59:15)         12 NOT_STARTED 0.000e+00          0
2019-01-22 08:59:15)         13 NOT_STARTED 0.000e+00          0
2019-01-22 08:59:15)         14 NOT_STARTED 0.000e+00          0
2019-01-22 08:59:15)         15 NOT_STARTED 0.000e+00          0
2019-01-22 08:59:15) Slot status
2019-01-22 08:59:15)  Slot                                Resources Address  ME_Work_Units           Steps      Time Steps/Sec PDE_Work_Units           Steps      Time Steps/Sec
2019-01-22 08:59:15) ------------------------------------------------------------------------------------------------------------------------------------------------------------
2019-01-22 08:59:15)     0                      BPH-ER-Spectre1:c=1      @5              8       800000000 5.740e+01 1.394e+07              0               0 0.000e+00      -nan
2019-01-22 08:59:15) OutputWriter wrote 8 messages (878 bytes) in the last 59.7 seconds (0.000005 seconds writing). 0 messages (0 bytes) queued.
2019-01-22 09:00:15) ========================================================================================================================
2019-01-22 09:00:15) Performance statistics.
2019-01-22 09:00:15) Supervisor @6 finished 8 work units (ids in range 9 to 16) with 8 parts in the last interval. 800000000 steps in 4.693e+01 seconds (1.705e+07 steps/second).
2019-01-22 09:00:15) Replicate status: 0 aborted, 0 finished, 1 running, 14 waiting
2019-01-22 09:00:15)         Id       State      Time Work_Units
2019-01-22 09:00:15) -------------------------------------------
2019-01-22 09:00:15)          1     WAITING 5.001e+04          1
2019-01-22 09:00:15)          2     WAITING 5.000e+04          1
2019-01-22 09:00:15)          3     WAITING 5.001e+04          1
2019-01-22 09:00:15)          4     WAITING 5.000e+04          1
2019-01-22 09:00:15)          5     WAITING 5.000e+04          1
2019-01-22 09:00:15)          6     WAITING 5.001e+04          1
2019-01-22 09:00:15)          7     WAITING 5.000e+04          1
2019-01-22 09:00:15)          8     WAITING 5.000e+04          1
2019-01-22 09:00:15)          9     WAITING 9.999e+04          2
2019-01-22 09:00:15)         10     RUNNING 4.999e+04          1
2019-01-22 09:00:15)         11     WAITING 5.000e+04          1
2019-01-22 09:00:15)         12     WAITING 5.000e+04          1
2019-01-22 09:00:15)         13     WAITING 5.000e+04          1
2019-01-22 09:00:15)         14     WAITING 5.000e+04          1
2019-01-22 09:00:15)         15     WAITING 5.001e+04          1
2019-01-22 09:00:15) Slot status
2019-01-22 09:00:15)  Slot                                Resources Address  ME_Work_Units           Steps      Time Steps/Sec PDE_Work_Units           Steps      Time Steps/Sec
2019-01-22 09:00:15) ------------------------------------------------------------------------------------------------------------------------------------------------------------
2019-01-22 09:00:15)     0                      BPH-ER-Spectre1:c=1      @5             16      1600000000 1.043e+02 1.534e+07              0               0 0.000e+00      -nan
2019-01-22 09:00:15) OutputWriter wrote 8 messages (847 bytes) in the last 60.0 seconds (0.000003 seconds writing). 0 messages (0 bytes) queued.
2019-01-22 09:00:30) Replicate 11 completed with 1.00e+05 of simulation time using 2 work units.
2019-01-22 09:01:06) Replicate 2 completed with 1.00e+05 of simulation time using 2 work units.
2019-01-22 09:01:15) ========================================================================================================================
2019-01-22 09:01:15) Performance statistics.
2019-01-22 09:01:15) Supervisor @6 finished 9 work units (ids in range 17 to 25) with 9 parts in the last interval. 899983001 steps in 7.202e+01 seconds (1.250e+07 steps/second).
2019-01-22 09:01:15) Replicate status: 0 aborted, 2 finished, 1 running, 12 waiting
2019-01-22 09:01:15)         Id       State      Time Work_Units
2019-01-22 09:01:15) -------------------------------------------
2019-01-22 09:01:15)          1     WAITING 5.001e+04          1
2019-01-22 09:01:15)          2    FINISHED 1.000e+05          2
2019-01-22 09:01:15)          3     WAITING 5.001e+04          1
2019-01-22 09:01:15)          4     WAITING 9.998e+04          2
2019-01-22 09:01:15)          5     RUNNING 5.000e+04          1
2019-01-22 09:01:15)          6     WAITING 5.001e+04          1
2019-01-22 09:01:15)          7     WAITING 1.000e+05          2
2019-01-22 09:01:15)          8     WAITING 1.000e+05          2
2019-01-22 09:01:15)          9     WAITING 9.999e+04          2
2019-01-22 09:01:15)         10     WAITING 1.000e+05          2
2019-01-22 09:01:15)         11    FINISHED 1.000e+05          2
2019-01-22 09:01:15)         12     WAITING 1.000e+05          2
2019-01-22 09:01:15)         13     WAITING 1.000e+05          2
2019-01-22 09:01:15)         14     WAITING 9.999e+04          2
2019-01-22 09:01:15)         15     WAITING 5.001e+04          1
2019-01-22 09:01:15) Slot status
2019-01-22 09:01:15)  Slot                                Resources Address  ME_Work_Units           Steps      Time Steps/Sec PDE_Work_Units           Steps      Time Steps/Sec
2019-01-22 09:01:15) ------------------------------------------------------------------------------------------------------------------------------------------------------------
2019-01-22 09:01:15)     0                      BPH-ER-Spectre1:c=1      @5             25      2499983001 1.763e+02 1.418e+07              0               0 0.000e+00      -nan
2019-01-22 09:01:15) OutputWriter wrote 9 messages (963 bytes) in the last 60.0 seconds (0.000005 seconds writing). 0 messages (0 bytes) queued.
2019-01-22 09:01:25) Replicate 1 completed with 1.00e+05 of simulation time using 2 work units.
2019-01-22 09:02:15) ========================================================================================================================
2019-01-22 09:02:15) Performance statistics.
2019-01-22 09:02:15) Supervisor @6 finished 3 work units (ids in range 26 to 28) with 3 parts in the last interval. 299961086 steps in 5.053e+01 seconds (5.937e+06 steps/second).
2019-01-22 09:02:15) Replicate status: 0 aborted, 3 finished, 1 running, 11 waiting
2019-01-22 09:02:15)         Id       State      Time Work_Units
2019-01-22 09:02:15) -------------------------------------------
2019-01-22 09:02:15)          1    FINISHED 1.000e+05          2
2019-01-22 09:02:15)          2    FINISHED 1.000e+05          2
2019-01-22 09:02:15)          3     WAITING 1.000e+05          2
2019-01-22 09:02:15)          4     WAITING 9.998e+04          2
2019-01-22 09:02:15)          5     WAITING 9.999e+04          2
2019-01-22 09:02:15)          6     WAITING 5.001e+04          1
2019-01-22 09:02:15)          7     WAITING 1.000e+05          2
2019-01-22 09:02:15)          8     WAITING 1.000e+05          2
2019-01-22 09:02:15)          9     WAITING 9.999e+04          2
2019-01-22 09:02:15)         10     WAITING 1.000e+05          2
2019-01-22 09:02:15)         11    FINISHED 1.000e+05          2
2019-01-22 09:02:15)         12     WAITING 1.000e+05          2
2019-01-22 09:02:15)         13     WAITING 1.000e+05          2
2019-01-22 09:02:15)         14     WAITING 9.999e+04          2
2019-01-22 09:02:15)         15     RUNNING 5.001e+04          1
2019-01-22 09:02:15) Slot status
2019-01-22 09:02:15)  Slot                                Resources Address  ME_Work_Units           Steps      Time Steps/Sec PDE_Work_Units           Steps      Time Steps/Sec
2019-01-22 09:02:15) ------------------------------------------------------------------------------------------------------------------------------------------------------------
2019-01-22 09:02:15)     0                      BPH-ER-Spectre1:c=1      @5             28      2799944087 2.269e+02 1.234e+07              0               0 0.000e+00      -nan
2019-01-22 09:02:15) OutputWriter wrote 3 messages (306 bytes) in the last 60.0 seconds (0.000003 seconds writing). 0 messages (0 bytes) queued.
2019-01-22 09:02:58) Replicate 15 completed with 1.00e+05 of simulation time using 2 work units.
2019-01-22 09:03:10) Replicate 6 completed with 1.00e+05 of simulation time using 2 work units.
2019-01-22 09:03:10) Replicate 4 completed with 1.00e+05 of simulation time using 3 work units.
2019-01-22 09:03:10) Replicate 9 completed with 1.00e+05 of simulation time using 3 work units.
2019-01-22 09:03:10) Replicate 5 completed with 1.00e+05 of simulation time using 3 work units.
2019-01-22 09:03:10) Replicate 14 completed with 1.00e+05 of simulation time using 3 work units.
2019-01-22 09:03:10) Replicate 12 completed with 1.00e+05 of simulation time using 3 work units.
2019-01-22 09:03:10) Replicate 13 completed with 1.00e+05 of simulation time using 3 work units.
2019-01-22 09:03:10) Replicate 7 completed with 1.00e+05 of simulation time using 3 work units.
2019-01-22 09:03:10) Replicate 8 completed with 1.00e+05 of simulation time using 3 work units.
2019-01-22 09:03:10) Replicate 10 completed with 1.00e+05 of simulation time using 3 work units.
2019-01-22 09:03:10) Replicate 3 completed with 1.00e+05 of simulation time using 3 work units.
2019-01-22 09:03:10) Replicate supervisor finished 15 replicates in 2.946e+02 seconds.
2019-01-22 09:03:10) Job finished.
2019-01-22 09:03:10) Supervisor @6 finished.
2019-01-22 09:03:10) Hypervisor @0 finished.
2019-01-22 09:03:10) Work unit runner @5 finished.
2019-01-22 09:03:10) OutputPerformanceSignaler @4 finished.
2019-01-22 09:03:10) OutputWriter wrote 40 messages and 3890 bytes total.
2019-01-22 09:03:10) OutputWriter::HelperThread @3 finished.
2019-01-22 09:03:10) OutputWriter @3 flushing and closing.
2019-01-22 09:03:10) OutputWriter @3 finished.
2019-01-22 09:03:10) Resource controller @1 finished.
2019-01-22 09:03:10) Finalizing communications library.
2019-01-22 09:03:10) Program execution finished.
