Lattice Microbe ES v2019.01 Release build 2019-01-21-17-02-48 in 64-bit mode with options AVX CPP11 FMA SBML SNAPPY.
Copyright (C) 2012-2019 Roberts Group, Johns Hopkins University.
Copyright (C) 2008-2012 Luthey-Schulten Group, University of Illinois at Urbana-Champaign.

2019-01-22 09:33:57) Saving simulation output to  using lm::io::NullOutputWriter.
2019-01-22 09:33:57) Initializing communications library.
2019-01-22 09:33:57) Using local communicator on host BPH-ER-Spectre1.
2019-01-22 09:33:57) Created a resource map using localhost BPH-ER-Spectre1: 1 hosts allocated, 0 hosts registered
2019-01-22 09:33:57) Resource controller @1 started.
2019-01-22 09:33:57) Loading simulation input from perf/perf.99.latest/first_order_birth_death.lm using lm::io::hdf5::Hdf5InputReader.
simulation_options {
  time_limit: 100000
}
output_options {
  species_write_interval: 10000
  concentrations_write_interval: 10000
}
reaction_model {
  number_species: 1
  number_reactions: 2
  initial_species_count: 2000
  reaction {
    type: 0
    rate_constant: 1000
  }
  reaction {
    type: 1
    rate_constant: 1
  }
  stoichiometric_matrix: 1
  stoichiometric_matrix: -1
  dependency_matrix: 0
  dependency_matrix: 1
}
2019-01-22 09:33:57) Hypervisor @0 of type lm::simulation::SimpleHypervisor started.
2019-01-22 09:33:57) Resource controller @1 on BPH-ER-Spectre1 reported 8 cpu core(s) and 0 gpu device(s). 0 hosts registered, 1 hosts remaining.
2019-01-22 09:33:57) Registered resources for host BPH-ER-Spectre1 (defaults=1): 2 cpu cores, 0 gpu devices
2019-01-22 09:33:57) All resources registered with hypervisor, starting workers.
2019-01-22 09:33:57) Reserved core 0 on @1 for the output writer.
2019-01-22 09:33:57) Creating slot 0 on @1 using resources: BPH-ER-Spectre1:c=1.
2019-01-22 09:33:57) OutputPerformanceSignaler @4 started, writing performance statistics every 60 seconds.
2019-01-22 09:33:57) Output performance signaller started: @4.
2019-01-22 09:33:57) Work Unit runner @5 started with 1 cpu cores (affinity=0) and 0 gpus.
2019-01-22 09:33:57) Work unit runner started: @5.
2019-01-22 09:33:57) OutputWriter @3 started.
2019-01-22 09:33:57) Output writer started: @3.
2019-01-22 09:33:57) All hypervisor workers have started, beginning job.
2019-01-22 09:33:57) Job started.
2019-01-22 09:33:57) OutputWriter::HelperThread @3 started.
2019-01-22 09:33:57) Supervisor @6 of type lm::replicates::ReplicateSupervisor started.
2019-01-22 09:33:57) Replicate supervisor started.
2019-01-22 09:34:56) ========================================================================================================================
2019-01-22 09:34:56) Performance statistics.
2019-01-22 09:34:56) Supervisor @6 finished 3 work units (ids in range 0 to 3) with 3 parts in the last interval. 300000000 steps in 1.907e+01 seconds (1.573e+07 steps/second).
2019-01-22 09:34:56) Replicate status: 0 aborted, 0 finished, 1 running, 14 waiting
2019-01-22 09:34:56)         Id       State      Time Work_Units
2019-01-22 09:34:56) -------------------------------------------
2019-01-22 09:34:56)          1     WAITING 4.999e+04          1
2019-01-22 09:34:56)          2     WAITING 5.000e+04          1
2019-01-22 09:34:56)          3     WAITING 4.999e+04          1
2019-01-22 09:34:56)          4     RUNNING 0.000e+00          0
2019-01-22 09:34:56)          5 NOT_STARTED 0.000e+00          0
2019-01-22 09:34:56)          6 NOT_STARTED 0.000e+00          0
2019-01-22 09:34:56)          7 NOT_STARTED 0.000e+00          0
2019-01-22 09:34:56)          8 NOT_STARTED 0.000e+00          0
2019-01-22 09:34:56)          9 NOT_STARTED 0.000e+00          0
2019-01-22 09:34:56)         10 NOT_STARTED 0.000e+00          0
2019-01-22 09:34:56)         11 NOT_STARTED 0.000e+00          0
2019-01-22 09:34:56)         12 NOT_STARTED 0.000e+00          0
2019-01-22 09:34:56)         13 NOT_STARTED 0.000e+00          0
2019-01-22 09:34:56)         14 NOT_STARTED 0.000e+00          0
2019-01-22 09:34:56)         15 NOT_STARTED 0.000e+00          0
2019-01-22 09:34:56) Slot status
2019-01-22 09:34:56)  Slot                                Resources Address  ME_Work_Units           Steps      Time Steps/Sec PDE_Work_Units           Steps      Time Steps/Sec
2019-01-22 09:34:56) ------------------------------------------------------------------------------------------------------------------------------------------------------------
2019-01-22 09:34:56)     0                      BPH-ER-Spectre1:c=1      @5              3       300000000 1.907e+01 1.573e+07              0               0 0.000e+00      -nan
2019-01-22 09:34:56) OutputWriter wrote 3 messages (309 bytes) in the last 59.0 seconds (0.000001 seconds writing). 0 messages (0 bytes) queued.
2019-01-22 09:35:56) ========================================================================================================================
2019-01-22 09:35:56) Performance statistics.
2019-01-22 09:35:56) Supervisor @6 finished 1 work units (ids in range 4 to 4) with 1 parts in the last interval. 100000000 steps in 4.931e+01 seconds (2.028e+06 steps/second).
2019-01-22 09:35:56) Replicate status: 0 aborted, 0 finished, 1 running, 14 waiting
2019-01-22 09:35:56)         Id       State      Time Work_Units
2019-01-22 09:35:56) -------------------------------------------
2019-01-22 09:35:56)          1     WAITING 4.999e+04          1
2019-01-22 09:35:56)          2     WAITING 5.000e+04          1
2019-01-22 09:35:56)          3     WAITING 4.999e+04          1
2019-01-22 09:35:56)          4     WAITING 4.999e+04          1
2019-01-22 09:35:56)          5     RUNNING 0.000e+00          0
2019-01-22 09:35:56)          6 NOT_STARTED 0.000e+00          0
2019-01-22 09:35:56)          7 NOT_STARTED 0.000e+00          0
2019-01-22 09:35:56)          8 NOT_STARTED 0.000e+00          0
2019-01-22 09:35:56)          9 NOT_STARTED 0.000e+00          0
2019-01-22 09:35:56)         10 NOT_STARTED 0.000e+00          0
2019-01-22 09:35:56)         11 NOT_STARTED 0.000e+00          0
2019-01-22 09:35:56)         12 NOT_STARTED 0.000e+00          0
2019-01-22 09:35:56)         13 NOT_STARTED 0.000e+00          0
2019-01-22 09:35:56)         14 NOT_STARTED 0.000e+00          0
2019-01-22 09:35:56)         15 NOT_STARTED 0.000e+00          0
2019-01-22 09:35:56) Slot status
2019-01-22 09:35:56)  Slot                                Resources Address  ME_Work_Units           Steps      Time Steps/Sec PDE_Work_Units           Steps      Time Steps/Sec
2019-01-22 09:35:56) ------------------------------------------------------------------------------------------------------------------------------------------------------------
2019-01-22 09:35:56)     0                      BPH-ER-Spectre1:c=1      @5              4       400000000 6.838e+01 5.850e+06              0               0 0.000e+00      -nan
2019-01-22 09:35:56) OutputWriter wrote 1 messages (103 bytes) in the last 60.0 seconds (0.000003 seconds writing). 0 messages (0 bytes) queued.
2019-01-22 09:36:56) ========================================================================================================================
2019-01-22 09:36:56) Performance statistics.
2019-01-22 09:36:56) Supervisor @6 finished 9 work units (ids in range 5 to 13) with 9 parts in the last interval. 900000000 steps in 1.093e+02 seconds (8.234e+06 steps/second).
2019-01-22 09:36:56) Replicate status: 0 aborted, 0 finished, 1 running, 14 waiting
2019-01-22 09:36:56)         Id       State      Time Work_Units
2019-01-22 09:36:56) -------------------------------------------
2019-01-22 09:36:56)          1     WAITING 4.999e+04          1
2019-01-22 09:36:56)          2     WAITING 5.000e+04          1
2019-01-22 09:36:56)          3     WAITING 4.999e+04          1
2019-01-22 09:36:56)          4     WAITING 4.999e+04          1
2019-01-22 09:36:56)          5     WAITING 4.999e+04          1
2019-01-22 09:36:56)          6     WAITING 5.000e+04          1
2019-01-22 09:36:56)          7     WAITING 5.000e+04          1
2019-01-22 09:36:56)          8     WAITING 5.001e+04          1
2019-01-22 09:36:56)          9     WAITING 4.999e+04          1
2019-01-22 09:36:56)         10     WAITING 5.000e+04          1
2019-01-22 09:36:56)         11     WAITING 4.999e+04          1
2019-01-22 09:36:56)         12     WAITING 4.999e+04          1
2019-01-22 09:36:56)         13     WAITING 4.999e+04          1
2019-01-22 09:36:56)         14     RUNNING 0.000e+00          0
2019-01-22 09:36:56)         15 NOT_STARTED 0.000e+00          0
2019-01-22 09:36:56) Slot status
2019-01-22 09:36:56)  Slot                                Resources Address  ME_Work_Units           Steps      Time Steps/Sec PDE_Work_Units           Steps      Time Steps/Sec
2019-01-22 09:36:56) ------------------------------------------------------------------------------------------------------------------------------------------------------------
2019-01-22 09:36:56)     0                      BPH-ER-Spectre1:c=1      @5             13      1300000000 1.777e+02 7.316e+06              0               0 0.000e+00      -nan
2019-01-22 09:36:56) OutputWriter wrote 9 messages (954 bytes) in the last 60.0 seconds (0.000004 seconds writing). 0 messages (0 bytes) queued.
2019-01-22 09:37:32) Replicate 5 completed with 1.00e+05 of simulation time using 2 work units.
2019-01-22 09:37:39) Replicate 3 completed with 1.00e+05 of simulation time using 2 work units.
2019-01-22 09:37:56) ========================================================================================================================
2019-01-22 09:37:56) Performance statistics.
2019-01-22 09:37:56) Supervisor @6 finished 7 work units (ids in range 14 to 20) with 7 parts in the last interval. 699992399 steps in 5.204e+01 seconds (1.345e+07 steps/second).
2019-01-22 09:37:56) Replicate status: 0 aborted, 2 finished, 1 running, 12 waiting
2019-01-22 09:37:56)         Id       State      Time Work_Units
2019-01-22 09:37:56) -------------------------------------------
2019-01-22 09:37:56)          1     WAITING 4.999e+04          1
2019-01-22 09:37:56)          2     WAITING 5.000e+04          1
2019-01-22 09:37:56)          3    FINISHED 1.000e+05          2
2019-01-22 09:37:56)          4     WAITING 4.999e+04          1
2019-01-22 09:37:56)          5    FINISHED 1.000e+05          2
2019-01-22 09:37:56)          6     WAITING 5.000e+04          1
2019-01-22 09:37:56)          7     WAITING 5.000e+04          1
2019-01-22 09:37:56)          8     WAITING 5.001e+04          1
2019-01-22 09:37:56)          9     RUNNING 4.999e+04          1
2019-01-22 09:37:56)         10     WAITING 5.000e+04          1
2019-01-22 09:37:56)         11     WAITING 4.999e+04          1
2019-01-22 09:37:56)         12     WAITING 1.000e+05          2
2019-01-22 09:37:56)         13     WAITING 1.000e+05          2
2019-01-22 09:37:56)         14     WAITING 5.000e+04          1
2019-01-22 09:37:56)         15     WAITING 9.999e+04          2
2019-01-22 09:37:56) Slot status
2019-01-22 09:37:56)  Slot                                Resources Address  ME_Work_Units           Steps      Time Steps/Sec PDE_Work_Units           Steps      Time Steps/Sec
2019-01-22 09:37:56) ------------------------------------------------------------------------------------------------------------------------------------------------------------
2019-01-22 09:37:56)     0                      BPH-ER-Spectre1:c=1      @5             20      1999992399 2.297e+02 8.706e+06              0               0 0.000e+00      -nan
2019-01-22 09:37:56) OutputWriter wrote 7 messages (773 bytes) in the last 60.0 seconds (0.000003 seconds writing). 0 messages (0 bytes) queued.
2019-01-22 09:38:56) ========================================================================================================================
2019-01-22 09:38:56) Performance statistics.
2019-01-22 09:38:56) Supervisor @6 finished 1 work units (ids in range 21 to 21) with 1 parts in the last interval. 100000000 steps in 5.438e+01 seconds (1.839e+06 steps/second).
2019-01-22 09:38:56) Replicate status: 0 aborted, 2 finished, 1 running, 12 waiting
2019-01-22 09:38:56)         Id       State      Time Work_Units
2019-01-22 09:38:56) -------------------------------------------
2019-01-22 09:38:56)          1     WAITING 4.999e+04          1
2019-01-22 09:38:56)          2     WAITING 5.000e+04          1
2019-01-22 09:38:56)          3    FINISHED 1.000e+05          2
2019-01-22 09:38:56)          4     RUNNING 4.999e+04          1
2019-01-22 09:38:56)          5    FINISHED 1.000e+05          2
2019-01-22 09:38:56)          6     WAITING 5.000e+04          1
2019-01-22 09:38:56)          7     WAITING 5.000e+04          1
2019-01-22 09:38:56)          8     WAITING 5.001e+04          1
2019-01-22 09:38:56)          9     WAITING 9.999e+04          2
2019-01-22 09:38:56)         10     WAITING 5.000e+04          1
2019-01-22 09:38:56)         11     WAITING 4.999e+04          1
2019-01-22 09:38:56)         12     WAITING 1.000e+05          2
2019-01-22 09:38:56)         13     WAITING 1.000e+05          2
2019-01-22 09:38:56)         14     WAITING 5.000e+04          1
2019-01-22 09:38:56)         15     WAITING 9.999e+04          2
2019-01-22 09:38:56) Slot status
2019-01-22 09:38:56)  Slot                                Resources Address  ME_Work_Units           Steps      Time Steps/Sec PDE_Work_Units           Steps      Time Steps/Sec
2019-01-22 09:38:56) ------------------------------------------------------------------------------------------------------------------------------------------------------------
2019-01-22 09:38:56)     0                      BPH-ER-Spectre1:c=1      @5             21      2099992399 2.841e+02 7.392e+06              0               0 0.000e+00      -nan
2019-01-22 09:38:56) OutputWriter wrote 1 messages (108 bytes) in the last 60.0 seconds (0.000003 seconds writing). 0 messages (0 bytes) queued.
2019-01-22 09:39:27) Replicate 7 completed with 1.00e+05 of simulation time using 2 work units.
2019-01-22 09:39:33) Replicate 2 completed with 1.00e+05 of simulation time using 2 work units.
2019-01-22 09:39:44) Replicate 10 completed with 1.00e+05 of simulation time using 2 work units.
2019-01-22 09:39:55) Replicate 8 completed with 1.00e+05 of simulation time using 2 work units.
2019-01-22 09:39:55) Replicate 11 completed with 1.00e+05 of simulation time using 3 work units.
2019-01-22 09:39:55) Replicate 9 completed with 1.00e+05 of simulation time using 3 work units.
2019-01-22 09:39:55) Replicate 15 completed with 1.00e+05 of simulation time using 3 work units.
2019-01-22 09:39:55) Replicate 14 completed with 1.00e+05 of simulation time using 3 work units.
2019-01-22 09:39:55) Replicate 4 completed with 1.00e+05 of simulation time using 3 work units.
2019-01-22 09:39:55) Replicate 6 completed with 1.00e+05 of simulation time using 3 work units.
2019-01-22 09:39:55) Replicate 1 completed with 1.00e+05 of simulation time using 3 work units.
2019-01-22 09:39:55) Replicate 13 completed with 1.00e+05 of simulation time using 3 work units.
2019-01-22 09:39:55) Replicate 12 completed with 1.00e+05 of simulation time using 3 work units.
2019-01-22 09:39:55) Replicate supervisor finished 15 replicates in 3.578e+02 seconds.
2019-01-22 09:39:55) Supervisor @6 finished.
2019-01-22 09:39:55) Job finished.
2019-01-22 09:39:55) Hypervisor @0 finished.
2019-01-22 09:39:55) Work unit runner @5 finished.
2019-01-22 09:39:55) OutputPerformanceSignaler @4 finished.
2019-01-22 09:39:55) OutputWriter wrote 39 messages and 3831 bytes total.
2019-01-22 09:39:55) OutputWriter::HelperThread @3 finished.
2019-01-22 09:39:55) OutputWriter @3 flushing and closing.
2019-01-22 09:39:55) OutputWriter @3 finished.
2019-01-22 09:39:55) Resource controller @1 finished.
2019-01-22 09:39:55) Finalizing communications library.
2019-01-22 09:39:55) Program execution finished.
