Lattice Microbe ES v2019.01 Release build 2019-01-22-09-31-00 in 64-bit mode with options AVX CPP11 SBML SNAPPY.
Copyright (C) 2012-2019 Roberts Group, Johns Hopkins University.
Copyright (C) 2008-2012 Luthey-Schulten Group, University of Illinois at Urbana-Champaign.

2019-01-22 09:34:55) Saving simulation output to  using lm::io::NullOutputWriter.
2019-01-22 09:34:55) Initializing communications library.
2019-01-22 09:34:55) Using local communicator on host barkeri.local.
2019-01-22 09:34:55) Created a resource map using localhost barkeri.local: 1 hosts allocated, 0 hosts registered
2019-01-22 09:34:55) Resource controller @1 started.
2019-01-22 09:34:55) Loading simulation input from perf/perf.99.latest/first_order_birth_death.lm using lm::io::hdf5::Hdf5InputReader.
simulation_options {
  time_limit: 100000
}
output_options {
  species_write_interval: 10000
  concentrations_write_interval: 10000
}
reaction_model {
  number_species: 1
  number_reactions: 2
  initial_species_count: 2000
  reaction {
    type: 0
    rate_constant: 1000
  }
  reaction {
    type: 1
    rate_constant: 1
  }
  stoichiometric_matrix: 1
  stoichiometric_matrix: -1
  dependency_matrix: 0
  dependency_matrix: 1
}
2019-01-22 09:34:55) Hypervisor @0 of type lm::simulation::SimpleHypervisor started.
2019-01-22 09:34:55) Resource controller @1 on barkeri.local reported 8 cpu core(s) and 0 gpu device(s). 0 hosts registered, 1 hosts remaining.
2019-01-22 09:34:55) Registered resources for host barkeri.local (defaults=1): 2 cpu cores, 0 gpu devices
2019-01-22 09:34:55) All resources registered with hypervisor, starting workers.
2019-01-22 09:34:55) Reserved core 0 on @1 for the output writer.
2019-01-22 09:34:55) OutputWriter @3 started.
2019-01-22 09:34:55) OutputWriter::HelperThread @3 started.
2019-01-22 09:34:55) 2019-01-22 09:34:55) Creating slot 0 on @1 using resources: barkeri.local:c=1.OutputPerformanceSignaler @4 started, writing performance statistics every 60 seconds.

2019-01-22 09:34:55) Output writer started: @3.
2019-01-22 09:34:55) Output performance signaller started: @4.
2019-01-22 09:34:55) Work Unit runner @5 started with 1 cpu cores (affinity=0) and 0 gpus.
2019-01-22 09:34:55) Work unit runner started: @5.
2019-01-22 09:34:55) All hypervisor workers have started, beginning job.
2019-01-22 09:34:55) Job started.
2019-01-22 09:34:55) Supervisor @6 of type lm::replicates::ReplicateSupervisor started.
2019-01-22 09:34:55) Replicate supervisor started.
2019-01-22 09:35:55) ========================================================================================================================
2019-01-22 09:35:55) Performance statistics.
2019-01-22 09:35:55) Supervisor @6 finished 9 work units (ids in range 0 to 9) with 9 parts in the last interval. 900000000 steps in 5.799e+01 seconds (1.552e+07 steps/second).
2019-01-22 09:35:55) Replicate status: 0 aborted, 0 finished, 1 running, 14 waiting
2019-01-22 09:35:55)         Id       State      Time Work_Units
2019-01-22 09:35:55) -------------------------------------------
2019-01-22 09:35:55)          1     WAITING 5.000e+04          1
2019-01-22 09:35:55)          2     WAITING 5.001e+04          1
2019-01-22 09:35:55)          3     WAITING 5.000e+04          1
2019-01-22 09:35:55)          4     WAITING 4.999e+04          1
2019-01-22 09:35:55)          5     WAITING 4.999e+04          1
2019-01-22 09:35:55)          6     WAITING 5.001e+04          1
2019-01-22 09:35:55)          7     WAITING 5.001e+04          1
2019-01-22 09:35:55)          8     WAITING 5.000e+04          1
2019-01-22 09:35:55)          9     WAITING 5.000e+04          1
2019-01-22 09:35:55)         10     RUNNING 0.000e+00          0
2019-01-22 09:35:55)         11 NOT_STARTED 0.000e+00          0
2019-01-22 09:35:55)         12 NOT_STARTED 0.000e+00          0
2019-01-22 09:35:55)         13 NOT_STARTED 0.000e+00          0
2019-01-22 09:35:55)         14 NOT_STARTED 0.000e+00          0
2019-01-22 09:35:55)         15 NOT_STARTED 0.000e+00          0
2019-01-22 09:35:55) Slot status
2019-01-22 09:35:55)  Slot                                Resources Address  ME_Work_Units           Steps      Time Steps/Sec PDE_Work_Units           Steps      Time Steps/Sec
2019-01-22 09:35:55) ------------------------------------------------------------------------------------------------------------------------------------------------------------
2019-01-22 09:35:55)     0                        barkeri.local:c=1      @5              9       900000000 5.799e+01 1.552e+07              0               0 0.000e+00       nan
2019-01-22 09:35:55) OutputWriter wrote 9 messages (972 bytes) in the last 59.1 seconds (0.000008 seconds writing). 0 messages (0 bytes) queued.
2019-01-22 09:36:55) ========================================================================================================================
2019-01-22 09:36:55) Performance statistics.
2019-01-22 09:36:55) Supervisor @6 finished 9 work units (ids in range 10 to 18) with 9 parts in the last interval. 900000000 steps in 5.892e+01 seconds (1.528e+07 steps/second).
2019-01-22 09:36:55) Replicate status: 0 aborted, 0 finished, 1 running, 14 waiting
2019-01-22 09:36:55)         Id       State      Time Work_Units
2019-01-22 09:36:55) -------------------------------------------
2019-01-22 09:36:55)          1     WAITING 5.000e+04          1
2019-01-22 09:36:55)          2     WAITING 5.001e+04          1
2019-01-22 09:36:55)          3     RUNNING 5.000e+04          1
2019-01-22 09:36:55)          4     WAITING 9.998e+04          2
2019-01-22 09:36:55)          5     WAITING 1.000e+05          2
2019-01-22 09:36:55)          6     WAITING 5.001e+04          1
2019-01-22 09:36:55)          7     WAITING 5.001e+04          1
2019-01-22 09:36:55)          8     WAITING 5.000e+04          1
2019-01-22 09:36:55)          9     WAITING 5.000e+04          1
2019-01-22 09:36:55)         10     WAITING 5.001e+04          1
2019-01-22 09:36:55)         11     WAITING 5.000e+04          1
2019-01-22 09:36:55)         12     WAITING 5.000e+04          1
2019-01-22 09:36:55)         13     WAITING 5.000e+04          1
2019-01-22 09:36:55)         14     WAITING 9.998e+04          2
2019-01-22 09:36:55)         15     WAITING 5.000e+04          1
2019-01-22 09:36:55) Slot status
2019-01-22 09:36:55)  Slot                                Resources Address  ME_Work_Units           Steps      Time Steps/Sec PDE_Work_Units           Steps      Time Steps/Sec
2019-01-22 09:36:55) ------------------------------------------------------------------------------------------------------------------------------------------------------------
2019-01-22 09:36:55)     0                        barkeri.local:c=1      @5             18      1800000000 1.169e+02 1.540e+07              0               0 0.000e+00       nan
2019-01-22 09:36:55) OutputWriter wrote 9 messages (969 bytes) in the last 60.0 seconds (0.000008 seconds writing). 0 messages (0 bytes) queued.
2019-01-22 09:36:59) Replicate 3 completed with 1.00e+05 of simulation time using 2 work units.
2019-01-22 09:37:05) Replicate 9 completed with 1.00e+05 of simulation time using 2 work units.
2019-01-22 09:37:12) Replicate 12 completed with 1.00e+05 of simulation time using 2 work units.
2019-01-22 09:37:25) Replicate 13 completed with 1.00e+05 of simulation time using 2 work units.
2019-01-22 09:37:32) Replicate 8 completed with 1.00e+05 of simulation time using 2 work units.
2019-01-22 09:37:39) Replicate 15 completed with 1.00e+05 of simulation time using 2 work units.
2019-01-22 09:37:45) Replicate 1 completed with 1.00e+05 of simulation time using 2 work units.
2019-01-22 09:37:52) Replicate 6 completed with 1.00e+05 of simulation time using 2 work units.
2019-01-22 09:37:55) ========================================================================================================================
2019-01-22 09:37:55) Performance statistics.
2019-01-22 09:37:55) Supervisor @6 finished 9 work units (ids in range 19 to 27) with 9 parts in the last interval. 899870104 steps in 5.961e+01 seconds (1.510e+07 steps/second).
2019-01-22 09:37:55) Replicate status: 0 aborted, 8 finished, 1 running, 6 waiting
2019-01-22 09:37:55)         Id       State      Time Work_Units
2019-01-22 09:37:55) -------------------------------------------
2019-01-22 09:37:55)          1    FINISHED 1.000e+05          2
2019-01-22 09:37:55)          2     WAITING 5.001e+04          1
2019-01-22 09:37:55)          3    FINISHED 1.000e+05          2
2019-01-22 09:37:55)          4     WAITING 9.998e+04          2
2019-01-22 09:37:55)          5     WAITING 1.000e+05          2
2019-01-22 09:37:55)          6    FINISHED 1.000e+05          2
2019-01-22 09:37:55)          7     RUNNING 5.001e+04          1
2019-01-22 09:37:55)          8    FINISHED 1.000e+05          2
2019-01-22 09:37:55)          9    FINISHED 1.000e+05          2
2019-01-22 09:37:55)         10     WAITING 5.001e+04          1
2019-01-22 09:37:55)         11     WAITING 1.000e+05          2
2019-01-22 09:37:55)         12    FINISHED 1.000e+05          2
2019-01-22 09:37:55)         13    FINISHED 1.000e+05          2
2019-01-22 09:37:55)         14     WAITING 9.998e+04          2
2019-01-22 09:37:55)         15    FINISHED 1.000e+05          2
2019-01-22 09:37:55) Slot status
2019-01-22 09:37:55)  Slot                                Resources Address  ME_Work_Units           Steps      Time Steps/Sec PDE_Work_Units           Steps      Time Steps/Sec
2019-01-22 09:37:55) ------------------------------------------------------------------------------------------------------------------------------------------------------------
2019-01-22 09:37:55)     0                        barkeri.local:c=1      @5             27      2699870104 1.765e+02 1.529e+07              0               0 0.000e+00       nan
2019-01-22 09:37:55) OutputWriter wrote 9 messages (999 bytes) in the last 60.0 seconds (0.000008 seconds writing). 0 messages (0 bytes) queued.
2019-01-22 09:37:59) Replicate 7 completed with 1.00e+05 of simulation time using 2 work units.
2019-01-22 09:38:05) Replicate 10 completed with 1.00e+05 of simulation time using 2 work units.
2019-01-22 09:38:11) Replicate 2 completed with 1.00e+05 of simulation time using 2 work units.
2019-01-22 09:38:11) Replicate 14 completed with 1.00e+05 of simulation time using 3 work units.
2019-01-22 09:38:11) Replicate 4 completed with 1.00e+05 of simulation time using 3 work units.
2019-01-22 09:38:11) Replicate 11 completed with 1.00e+05 of simulation time using 3 work units.
2019-01-22 09:38:11) Replicate 5 completed with 1.00e+05 of simulation time using 3 work units.
2019-01-22 09:38:11) Replicate supervisor finished 15 replicates in 1.961e+02 seconds.
2019-01-22 09:38:11) Job finished.2019-01-22 09:38:11) 
Supervisor @6 finished.
2019-01-22 09:38:11) Hypervisor @0 finished.
2019-01-22 09:38:11) Work unit runner @5 finished.
2019-01-22 09:38:11) OutputPerformanceSignaler @4 finished.
2019-01-22 09:38:11) OutputWriter wrote 34 messages and 3536 bytes total.
2019-01-22 09:38:11) OutputWriter::HelperThread @3 finished.
2019-01-22 09:38:11) OutputWriter @3 flushing and closing.
2019-01-22 09:38:11) OutputWriter @3 finished.
2019-01-22 09:38:11) Resource controller @1 finished.
2019-01-22 09:38:11) Finalizing communications library.
2019-01-22 09:38:11) Program execution finished.
