Lattice Microbe ES v2019.01 Release build 2019-01-21-17-02-48 in 64-bit mode with options AVX CPP11 FMA SBML SNAPPY.
Copyright (C) 2012-2019 Roberts Group, Johns Hopkins University.
Copyright (C) 2008-2012 Luthey-Schulten Group, University of Illinois at Urbana-Champaign.

2019-01-22 09:09:48) Saving simulation output to  using lm::io::NullOutputWriter.
2019-01-22 09:09:48) Initializing communications library.
2019-01-22 09:09:48) Using local communicator on host BPH-ER-Spectre1.
2019-01-22 09:09:48) Created a resource map using localhost BPH-ER-Spectre1: 1 hosts allocated, 0 hosts registered
2019-01-22 09:09:48) Resource controller @1 started.
2019-01-22 09:09:48) Loading simulation input from perf/perf.99.latest/first_order_birth_death.lm using lm::io::hdf5::Hdf5InputReader.
simulation_options {
  time_limit: 100000
}
output_options {
  species_write_interval: 10000
  concentrations_write_interval: 10000
}
reaction_model {
  number_species: 1
  number_reactions: 2
  initial_species_count: 2000
  reaction {
    type: 0
    rate_constant: 1000
  }
  reaction {
    type: 1
    rate_constant: 1
  }
  stoichiometric_matrix: 1
  stoichiometric_matrix: -1
  dependency_matrix: 0
  dependency_matrix: 1
}
2019-01-22 09:09:48) Hypervisor @0 of type lm::simulation::SimpleHypervisor started.
2019-01-22 09:09:48) Resource controller @1 on BPH-ER-Spectre1 reported 8 cpu core(s) and 0 gpu device(s). 0 hosts registered, 1 hosts remaining.
2019-01-22 09:09:48) Registered resources for host BPH-ER-Spectre1 (defaults=1): 2 cpu cores, 0 gpu devices
2019-01-22 09:09:48) All resources registered with hypervisor, starting workers.
2019-01-22 09:09:48) Reserved core 0 on @1 for the output writer.
2019-01-22 09:09:48) Creating slot 0 on @1 using resources: BPH-ER-Spectre1:c=1.
2019-01-22 09:09:48) OutputWriter @3 started.
2019-01-22 09:09:48) OutputPerformanceSignaler @4 started, writing performance statistics every 60 seconds.
2019-01-22 09:09:48) Output performance signaller started: @4.
2019-01-22 09:09:48) Output writer started: @3.
2019-01-22 09:09:48) OutputWriter::HelperThread @3 started.
2019-01-22 09:09:48) Work Unit runner @5 started with 1 cpu cores (affinity=0) and 0 gpus.
2019-01-22 09:09:48) Work unit runner started: @5.
2019-01-22 09:09:48) All hypervisor workers have started, beginning job.
2019-01-22 09:09:48) Job started.
2019-01-22 09:09:48) Supervisor @6 of type lm::replicates::ReplicateSupervisor started.
2019-01-22 09:09:48) Replicate supervisor started.
2019-01-22 09:10:47) ========================================================================================================================
2019-01-22 09:10:47) Performance statistics.
2019-01-22 09:10:47) Supervisor @6 finished 7 work units (ids in range 0 to 7) with 7 parts in the last interval. 700000000 steps in 5.891e+01 seconds (1.188e+07 steps/second).
2019-01-22 09:10:47) Replicate status: 0 aborted, 0 finished, 1 running, 14 waiting
2019-01-22 09:10:47)         Id       State      Time Work_Units
2019-01-22 09:10:47) -------------------------------------------
2019-01-22 09:10:47)          1     WAITING 4.999e+04          1
2019-01-22 09:10:47)          2     WAITING 5.000e+04          1
2019-01-22 09:10:47)          3     WAITING 5.000e+04          1
2019-01-22 09:10:47)          4     WAITING 4.999e+04          1
2019-01-22 09:10:47)          5     WAITING 4.999e+04          1
2019-01-22 09:10:47)          6     WAITING 5.000e+04          1
2019-01-22 09:10:47)          7     WAITING 5.000e+04          1
2019-01-22 09:10:47)          8     RUNNING 0.000e+00          0
2019-01-22 09:10:47)          9 NOT_STARTED 0.000e+00          0
2019-01-22 09:10:47)         10 NOT_STARTED 0.000e+00          0
2019-01-22 09:10:47)         11 NOT_STARTED 0.000e+00          0
2019-01-22 09:10:47)         12 NOT_STARTED 0.000e+00          0
2019-01-22 09:10:47)         13 NOT_STARTED 0.000e+00          0
2019-01-22 09:10:47)         14 NOT_STARTED 0.000e+00          0
2019-01-22 09:10:47)         15 NOT_STARTED 0.000e+00          0
2019-01-22 09:10:47) Slot status
2019-01-22 09:10:47)  Slot                                Resources Address  ME_Work_Units           Steps      Time Steps/Sec PDE_Work_Units           Steps      Time Steps/Sec
2019-01-22 09:10:47) ------------------------------------------------------------------------------------------------------------------------------------------------------------
2019-01-22 09:10:47)     0                      BPH-ER-Spectre1:c=1      @5              7       700000000 5.891e+01 1.188e+07              0               0 0.000e+00      -nan
2019-01-22 09:10:47) OutputWriter wrote 7 messages (739 bytes) in the last 59.5 seconds (0.000004 seconds writing). 0 messages (0 bytes) queued.
2019-01-22 09:11:47) ========================================================================================================================
2019-01-22 09:11:47) Performance statistics.
2019-01-22 09:11:47) Supervisor @6 finished 7 work units (ids in range 8 to 14) with 7 parts in the last interval. 700000000 steps in 4.767e+01 seconds (1.469e+07 steps/second).
2019-01-22 09:11:47) Replicate status: 0 aborted, 0 finished, 1 running, 14 waiting
2019-01-22 09:11:47)         Id       State      Time Work_Units
2019-01-22 09:11:47) -------------------------------------------
2019-01-22 09:11:47)          1     WAITING 4.999e+04          1
2019-01-22 09:11:47)          2     WAITING 5.000e+04          1
2019-01-22 09:11:47)          3     WAITING 5.000e+04          1
2019-01-22 09:11:47)          4     WAITING 4.999e+04          1
2019-01-22 09:11:47)          5     WAITING 4.999e+04          1
2019-01-22 09:11:47)          6     WAITING 5.000e+04          1
2019-01-22 09:11:47)          7     WAITING 5.000e+04          1
2019-01-22 09:11:47)          8     WAITING 4.999e+04          1
2019-01-22 09:11:47)          9     WAITING 5.000e+04          1
2019-01-22 09:11:47)         10     WAITING 5.001e+04          1
2019-01-22 09:11:47)         11     WAITING 5.001e+04          1
2019-01-22 09:11:47)         12     WAITING 5.000e+04          1
2019-01-22 09:11:47)         13     WAITING 5.000e+04          1
2019-01-22 09:11:47)         14     WAITING 4.999e+04          1
2019-01-22 09:11:47)         15     RUNNING 0.000e+00          0
2019-01-22 09:11:47) Slot status
2019-01-22 09:11:47)  Slot                                Resources Address  ME_Work_Units           Steps      Time Steps/Sec PDE_Work_Units           Steps      Time Steps/Sec
2019-01-22 09:11:47) ------------------------------------------------------------------------------------------------------------------------------------------------------------
2019-01-22 09:11:47)     0                      BPH-ER-Spectre1:c=1      @5             14      1400000000 1.066e+02 1.314e+07              0               0 0.000e+00      -nan
2019-01-22 09:11:47) OutputWriter wrote 7 messages (754 bytes) in the last 60.0 seconds (0.000003 seconds writing). 0 messages (0 bytes) queued.
2019-01-22 09:12:47) ========================================================================================================================
2019-01-22 09:12:47) Performance statistics.
2019-01-22 09:12:47) Supervisor @6 finished 1 work units (ids in range 15 to 15) with 1 parts in the last interval. 100000000 steps in 1.523e+01 seconds (6.565e+06 steps/second).
2019-01-22 09:12:47) Replicate status: 0 aborted, 0 finished, 1 running, 14 waiting
2019-01-22 09:12:47)         Id       State      Time Work_Units
2019-01-22 09:12:47) -------------------------------------------
2019-01-22 09:12:47)          1     WAITING 4.999e+04          1
2019-01-22 09:12:47)          2     WAITING 5.000e+04          1
2019-01-22 09:12:47)          3     WAITING 5.000e+04          1
2019-01-22 09:12:47)          4     WAITING 4.999e+04          1
2019-01-22 09:12:47)          5     WAITING 4.999e+04          1
2019-01-22 09:12:47)          6     WAITING 5.000e+04          1
2019-01-22 09:12:47)          7     WAITING 5.000e+04          1
2019-01-22 09:12:47)          8     RUNNING 4.999e+04          1
2019-01-22 09:12:47)          9     WAITING 5.000e+04          1
2019-01-22 09:12:47)         10     WAITING 5.001e+04          1
2019-01-22 09:12:47)         11     WAITING 5.001e+04          1
2019-01-22 09:12:47)         12     WAITING 5.000e+04          1
2019-01-22 09:12:47)         13     WAITING 5.000e+04          1
2019-01-22 09:12:47)         14     WAITING 4.999e+04          1
2019-01-22 09:12:47)         15     WAITING 5.001e+04          1
2019-01-22 09:12:47) Slot status
2019-01-22 09:12:47)  Slot                                Resources Address  ME_Work_Units           Steps      Time Steps/Sec PDE_Work_Units           Steps      Time Steps/Sec
2019-01-22 09:12:47) ------------------------------------------------------------------------------------------------------------------------------------------------------------
2019-01-22 09:12:47)     0                      BPH-ER-Spectre1:c=1      @5             15      1500000000 1.218e+02 1.231e+07              0               0 0.000e+00      -nan
2019-01-22 09:12:47) OutputWriter wrote 1 messages (112 bytes) in the last 60.0 seconds (0.000002 seconds writing). 0 messages (0 bytes) queued.
2019-01-22 09:13:47) ========================================================================================================================
2019-01-22 09:13:47) Performance statistics.
2019-01-22 09:13:47) Supervisor @6 finished 5 work units (ids in range 16 to 20) with 5 parts in the last interval. 500000000 steps in 1.126e+02 seconds (4.441e+06 steps/second).
2019-01-22 09:13:47) Replicate status: 0 aborted, 0 finished, 1 running, 14 waiting
2019-01-22 09:13:47)         Id       State      Time Work_Units
2019-01-22 09:13:47) -------------------------------------------
2019-01-22 09:13:47)          1     WAITING 1.000e+05          2
2019-01-22 09:13:47)          2     WAITING 5.000e+04          1
2019-01-22 09:13:47)          3     WAITING 5.000e+04          1
2019-01-22 09:13:47)          4     WAITING 9.999e+04          2
2019-01-22 09:13:47)          5     WAITING 1.000e+05          2
2019-01-22 09:13:47)          6     WAITING 5.000e+04          1
2019-01-22 09:13:47)          7     WAITING 5.000e+04          1
2019-01-22 09:13:47)          8     WAITING 9.999e+04          2
2019-01-22 09:13:47)          9     WAITING 5.000e+04          1
2019-01-22 09:13:47)         10     WAITING 5.001e+04          1
2019-01-22 09:13:47)         11     WAITING 5.001e+04          1
2019-01-22 09:13:47)         12     WAITING 5.000e+04          1
2019-01-22 09:13:47)         13     RUNNING 5.000e+04          1
2019-01-22 09:13:47)         14     WAITING 1.000e+05          2
2019-01-22 09:13:47)         15     WAITING 5.001e+04          1
2019-01-22 09:13:47) Slot status
2019-01-22 09:13:47)  Slot                                Resources Address  ME_Work_Units           Steps      Time Steps/Sec PDE_Work_Units           Steps      Time Steps/Sec
2019-01-22 09:13:47) ------------------------------------------------------------------------------------------------------------------------------------------------------------
2019-01-22 09:13:47)     0                      BPH-ER-Spectre1:c=1      @5             20      2000000000 2.344e+02 8.533e+06              0               0 0.000e+00      -nan
2019-01-22 09:13:47) OutputWriter wrote 5 messages (540 bytes) in the last 60.0 seconds (0.000004 seconds writing). 0 messages (0 bytes) queued.
2019-01-22 09:13:48) Replicate 13 completed with 1.00e+05 of simulation time using 2 work units.
2019-01-22 09:13:53) Replicate 2 completed with 1.00e+05 of simulation time using 2 work units.
2019-01-22 09:14:10) Replicate 12 completed with 1.00e+05 of simulation time using 2 work units.
2019-01-22 09:14:15) Replicate 9 completed with 1.00e+05 of simulation time using 2 work units.
2019-01-22 09:14:47) ========================================================================================================================
2019-01-22 09:14:47) Performance statistics.
2019-01-22 09:14:47) Supervisor @6 finished 7 work units (ids in range 21 to 27) with 7 parts in the last interval. 699950898 steps in 4.241e+01 seconds (1.650e+07 steps/second).
2019-01-22 09:14:47) Replicate status: 0 aborted, 4 finished, 1 running, 10 waiting
2019-01-22 09:14:47)         Id       State      Time Work_Units
2019-01-22 09:14:47) -------------------------------------------
2019-01-22 09:14:47)          1     WAITING 1.000e+05          2
2019-01-22 09:14:47)          2    FINISHED 1.000e+05          2
2019-01-22 09:14:47)          3     WAITING 9.999e+04          2
2019-01-22 09:14:47)          4     WAITING 9.999e+04          2
2019-01-22 09:14:47)          5     WAITING 1.000e+05          2
2019-01-22 09:14:47)          6     WAITING 9.999e+04          2
2019-01-22 09:14:47)          7     WAITING 1.000e+05          2
2019-01-22 09:14:47)          8     WAITING 9.999e+04          2
2019-01-22 09:14:47)          9    FINISHED 1.000e+05          2
2019-01-22 09:14:47)         10     WAITING 5.001e+04          1
2019-01-22 09:14:47)         11     RUNNING 5.001e+04          1
2019-01-22 09:14:47)         12    FINISHED 1.000e+05          2
2019-01-22 09:14:47)         13    FINISHED 1.000e+05          2
2019-01-22 09:14:47)         14     WAITING 1.000e+05          2
2019-01-22 09:14:47)         15     WAITING 5.001e+04          1
2019-01-22 09:14:47) Slot status
2019-01-22 09:14:47)  Slot                                Resources Address  ME_Work_Units           Steps      Time Steps/Sec PDE_Work_Units           Steps      Time Steps/Sec
2019-01-22 09:14:47) ------------------------------------------------------------------------------------------------------------------------------------------------------------
2019-01-22 09:14:47)     0                      BPH-ER-Spectre1:c=1      @5             27      2699950898 2.768e+02 9.754e+06              0               0 0.000e+00      -nan
2019-01-22 09:14:47) OutputWriter wrote 7 messages (756 bytes) in the last 60.0 seconds (0.000003 seconds writing). 0 messages (0 bytes) queued.
2019-01-22 09:15:33) Replicate 11 completed with 1.00e+05 of simulation time using 2 work units.
2019-01-22 09:15:47) ========================================================================================================================
2019-01-22 09:15:47) Performance statistics.
2019-01-22 09:15:47) Supervisor @6 finished 1 work units (ids in range 28 to 28) with 1 parts in the last interval. 99997959 steps in 6.834e+01 seconds (1.463e+06 steps/second).
2019-01-22 09:15:47) Replicate status: 0 aborted, 5 finished, 1 running, 9 waiting
2019-01-22 09:15:47)         Id       State      Time Work_Units
2019-01-22 09:15:47) -------------------------------------------
2019-01-22 09:15:47)          1     WAITING 1.000e+05          2
2019-01-22 09:15:47)          2    FINISHED 1.000e+05          2
2019-01-22 09:15:47)          3     WAITING 9.999e+04          2
2019-01-22 09:15:47)          4     WAITING 9.999e+04          2
2019-01-22 09:15:47)          5     WAITING 1.000e+05          2
2019-01-22 09:15:47)          6     WAITING 9.999e+04          2
2019-01-22 09:15:47)          7     WAITING 1.000e+05          2
2019-01-22 09:15:47)          8     WAITING 9.999e+04          2
2019-01-22 09:15:47)          9    FINISHED 1.000e+05          2
2019-01-22 09:15:47)         10     WAITING 5.001e+04          1
2019-01-22 09:15:47)         11    FINISHED 1.000e+05          2
2019-01-22 09:15:47)         12    FINISHED 1.000e+05          2
2019-01-22 09:15:47)         13    FINISHED 1.000e+05          2
2019-01-22 09:15:47)         14     WAITING 1.000e+05          2
2019-01-22 09:15:47)         15     RUNNING 5.001e+04          1
2019-01-22 09:15:47) Slot status
2019-01-22 09:15:47)  Slot                                Resources Address  ME_Work_Units           Steps      Time Steps/Sec PDE_Work_Units           Steps      Time Steps/Sec
2019-01-22 09:15:47) ------------------------------------------------------------------------------------------------------------------------------------------------------------
2019-01-22 09:15:47)     0                      BPH-ER-Spectre1:c=1      @5             28      2799948857 3.451e+02 8.113e+06              0               0 0.000e+00      -nan
2019-01-22 09:15:47) OutputWriter wrote 1 messages (108 bytes) in the last 60.0 seconds (0.000002 seconds writing). 0 messages (0 bytes) queued.
2019-01-22 09:15:59) Replicate 15 completed with 1.00e+05 of simulation time using 2 work units.
2019-01-22 09:16:10) Replicate 10 completed with 1.00e+05 of simulation time using 2 work units.
2019-01-22 09:16:10) Replicate 8 completed with 1.00e+05 of simulation time using 3 work units.
2019-01-22 09:16:10) Replicate 6 completed with 1.00e+05 of simulation time using 3 work units.
2019-01-22 09:16:10) Replicate 3 completed with 1.00e+05 of simulation time using 3 work units.
2019-01-22 09:16:10) Replicate 4 completed with 1.00e+05 of simulation time using 3 work units.
2019-01-22 09:16:10) Replicate 14 completed with 1.00e+05 of simulation time using 3 work units.
2019-01-22 09:16:10) Replicate 5 completed with 1.00e+05 of simulation time using 3 work units.
2019-01-22 09:16:10) Replicate 7 completed with 1.00e+05 of simulation time using 3 work units.
2019-01-22 09:16:10) Replicate 1 completed with 1.00e+05 of simulation time using 3 work units.
2019-01-22 09:16:10) Replicate supervisor finished 15 replicates in 3.824e+02 seconds.
2019-01-22 09:16:10) Job finished.
2019-01-22 09:16:10) Supervisor @6 finished.
2019-01-22 09:16:10) Hypervisor @0 finished.
2019-01-22 09:16:10) Work unit runner @5 finished.
2019-01-22 09:16:10) OutputPerformanceSignaler @4 finished.
2019-01-22 09:16:10) OutputWriter wrote 38 messages and 3769 bytes total.
2019-01-22 09:16:10) OutputWriter::HelperThread @3 finished.
2019-01-22 09:16:10) OutputWriter @3 flushing and closing.
2019-01-22 09:16:10) OutputWriter @3 finished.
2019-01-22 09:16:10) Resource controller @1 finished.
2019-01-22 09:16:10) Finalizing communications library.
2019-01-22 09:16:10) Program execution finished.
