Lattice Microbe ES v2019.01 Release build 2019-01-21-17-02-48 in 64-bit mode with options AVX CPP11 FMA SBML SNAPPY.
Copyright (C) 2012-2019 Roberts Group, Johns Hopkins University.
Copyright (C) 2008-2012 Luthey-Schulten Group, University of Illinois at Urbana-Champaign.

2019-01-22 08:46:18) Saving simulation output to  using lm::io::NullOutputWriter.
2019-01-22 08:46:18) Initializing communications library.
2019-01-22 08:46:18) Using local communicator on host BPH-ER-Spectre1.
2019-01-22 08:46:18) Created a resource map using localhost BPH-ER-Spectre1: 1 hosts allocated, 0 hosts registered
2019-01-22 08:46:18) Resource controller @1 started.
2019-01-22 08:46:18) Loading simulation input from perf/perf.99.latest/first_order_birth_death.lm using lm::io::hdf5::Hdf5InputReader.
simulation_options {
  time_limit: 100000
}
output_options {
  species_write_interval: 10000
  concentrations_write_interval: 10000
}
reaction_model {
  number_species: 1
  number_reactions: 2
  initial_species_count: 2000
  reaction {
    type: 0
    rate_constant: 1000
  }
  reaction {
    type: 1
    rate_constant: 1
  }
  stoichiometric_matrix: 1
  stoichiometric_matrix: -1
  dependency_matrix: 0
  dependency_matrix: 1
}
2019-01-22 08:46:18) Hypervisor @0 of type lm::simulation::SimpleHypervisor started.
2019-01-22 08:46:18) Resource controller @1 on BPH-ER-Spectre1 reported 8 cpu core(s) and 0 gpu device(s). 0 hosts registered, 1 hosts remaining.
2019-01-22 08:46:18) Registered resources for host BPH-ER-Spectre1 (defaults=1): 2 cpu cores, 0 gpu devices
2019-01-22 08:46:18) All resources registered with hypervisor, starting workers.
2019-01-22 08:46:18) Reserved core 0 on @1 for the output writer.
2019-01-22 08:46:18) OutputWriter @3 started.
2019-01-22 08:46:18) OutputPerformanceSignaler @4 started, writing performance statistics every 60 seconds.2019-01-22 08:46:18) 
Creating slot 0 on @1 using resources: BPH-ER-Spectre1:c=1.
2019-01-22 08:46:18) Output writer started: @3.
2019-01-22 08:46:18) Output performance signaller started: @4.
2019-01-22 08:46:18) OutputWriter::HelperThread @3 started.
2019-01-22 08:46:18) Work Unit runner @5 started with 1 cpu cores (affinity=0) and 0 gpus.
2019-01-22 08:46:18) Work unit runner started: @5.
2019-01-22 08:46:18) All hypervisor workers have started, beginning job.
2019-01-22 08:46:18) Job started.
2019-01-22 08:46:18) Supervisor @6 of type lm::replicates::ReplicateSupervisor started.
2019-01-22 08:46:18) Replicate supervisor started.
2019-01-22 08:47:17) ========================================================================================================================
2019-01-22 08:47:17) Performance statistics.
2019-01-22 08:47:17) Supervisor @6 finished 10 work units (ids in range 0 to 10) with 10 parts in the last interval. 1000000000 steps in 5.561e+01 seconds (1.798e+07 steps/second).
2019-01-22 08:47:17) Replicate status: 0 aborted, 0 finished, 1 running, 14 waiting
2019-01-22 08:47:17)         Id       State      Time Work_Units
2019-01-22 08:47:17) -------------------------------------------
2019-01-22 08:47:17)          1     WAITING 4.999e+04          1
2019-01-22 08:47:17)          2     WAITING 4.999e+04          1
2019-01-22 08:47:17)          3     WAITING 5.001e+04          1
2019-01-22 08:47:17)          4     WAITING 5.000e+04          1
2019-01-22 08:47:17)          5     WAITING 5.000e+04          1
2019-01-22 08:47:17)          6     WAITING 4.999e+04          1
2019-01-22 08:47:17)          7     WAITING 5.000e+04          1
2019-01-22 08:47:17)          8     WAITING 4.999e+04          1
2019-01-22 08:47:17)          9     WAITING 5.000e+04          1
2019-01-22 08:47:17)         10     WAITING 5.001e+04          1
2019-01-22 08:47:17)         11     RUNNING 0.000e+00          0
2019-01-22 08:47:17)         12 NOT_STARTED 0.000e+00          0
2019-01-22 08:47:17)         13 NOT_STARTED 0.000e+00          0
2019-01-22 08:47:17)         14 NOT_STARTED 0.000e+00          0
2019-01-22 08:47:17)         15 NOT_STARTED 0.000e+00          0
2019-01-22 08:47:17) Slot status
2019-01-22 08:47:17)  Slot                                Resources Address  ME_Work_Units           Steps      Time Steps/Sec PDE_Work_Units           Steps      Time Steps/Sec
2019-01-22 08:47:17) ------------------------------------------------------------------------------------------------------------------------------------------------------------
2019-01-22 08:47:17)     0                      BPH-ER-Spectre1:c=1      @5             10      1000000000 5.561e+01 1.798e+07              0               0 0.000e+00      -nan
2019-01-22 08:47:17) OutputWriter wrote 10 messages (1075 bytes) in the last 59.4 seconds (0.000005 seconds writing). 0 messages (0 bytes) queued.
2019-01-22 08:48:18) ========================================================================================================================
2019-01-22 08:48:18) Performance statistics.
2019-01-22 08:48:18) Supervisor @6 finished 2 work units (ids in range 11 to 12) with 2 parts in the last interval. 200000000 steps in 2.582e+01 seconds (7.745e+06 steps/second).
2019-01-22 08:48:18) Replicate status: 0 aborted, 0 finished, 1 running, 14 waiting
2019-01-22 08:48:18)         Id       State      Time Work_Units
2019-01-22 08:48:18) -------------------------------------------
2019-01-22 08:48:18)          1     WAITING 4.999e+04          1
2019-01-22 08:48:18)          2     WAITING 4.999e+04          1
2019-01-22 08:48:18)          3     WAITING 5.001e+04          1
2019-01-22 08:48:18)          4     WAITING 5.000e+04          1
2019-01-22 08:48:18)          5     WAITING 5.000e+04          1
2019-01-22 08:48:18)          6     WAITING 4.999e+04          1
2019-01-22 08:48:18)          7     WAITING 5.000e+04          1
2019-01-22 08:48:18)          8     WAITING 4.999e+04          1
2019-01-22 08:48:18)          9     WAITING 5.000e+04          1
2019-01-22 08:48:18)         10     WAITING 5.001e+04          1
2019-01-22 08:48:18)         11     WAITING 4.999e+04          1
2019-01-22 08:48:18)         12     WAITING 5.000e+04          1
2019-01-22 08:48:18)         13     RUNNING 0.000e+00          0
2019-01-22 08:48:18)         14 NOT_STARTED 0.000e+00          0
2019-01-22 08:48:18)         15 NOT_STARTED 0.000e+00          0
2019-01-22 08:48:18) Slot status
2019-01-22 08:48:18)  Slot                                Resources Address  ME_Work_Units           Steps      Time Steps/Sec PDE_Work_Units           Steps      Time Steps/Sec
2019-01-22 08:48:18) ------------------------------------------------------------------------------------------------------------------------------------------------------------
2019-01-22 08:48:18)     0                      BPH-ER-Spectre1:c=1      @5             12      1200000000 8.143e+01 1.474e+07              0               0 0.000e+00      -nan
2019-01-22 08:48:18) OutputWriter wrote 2 messages (215 bytes) in the last 60.0 seconds (0.000003 seconds writing). 0 messages (0 bytes) queued.
2019-01-22 08:49:17) ========================================================================================================================
2019-01-22 08:49:17) Performance statistics.
2019-01-22 08:49:17) Supervisor @6 finished 3 work units (ids in range 13 to 15) with 3 parts in the last interval. 300000000 steps in 9.617e+01 seconds (3.119e+06 steps/second).
2019-01-22 08:49:17) Replicate status: 0 aborted, 0 finished, 1 running, 14 waiting
2019-01-22 08:49:17)         Id       State      Time Work_Units
2019-01-22 08:49:17) -------------------------------------------
2019-01-22 08:49:17)          1     WAITING 4.999e+04          1
2019-01-22 08:49:17)          2     WAITING 4.999e+04          1
2019-01-22 08:49:17)          3     WAITING 5.001e+04          1
2019-01-22 08:49:17)          4     WAITING 5.000e+04          1
2019-01-22 08:49:17)          5     WAITING 5.000e+04          1
2019-01-22 08:49:17)          6     WAITING 4.999e+04          1
2019-01-22 08:49:17)          7     WAITING 5.000e+04          1
2019-01-22 08:49:17)          8     WAITING 4.999e+04          1
2019-01-22 08:49:17)          9     WAITING 5.000e+04          1
2019-01-22 08:49:17)         10     WAITING 5.001e+04          1
2019-01-22 08:49:17)         11     WAITING 4.999e+04          1
2019-01-22 08:49:17)         12     WAITING 5.000e+04          1
2019-01-22 08:49:17)         13     WAITING 5.000e+04          1
2019-01-22 08:49:17)         14     RUNNING 4.998e+04          1
2019-01-22 08:49:17)         15     WAITING 5.001e+04          1
2019-01-22 08:49:17) Slot status
2019-01-22 08:49:17)  Slot                                Resources Address  ME_Work_Units           Steps      Time Steps/Sec PDE_Work_Units           Steps      Time Steps/Sec
2019-01-22 08:49:17) ------------------------------------------------------------------------------------------------------------------------------------------------------------
2019-01-22 08:49:17)     0                      BPH-ER-Spectre1:c=1      @5             15      1500000000 1.776e+02 8.446e+06              0               0 0.000e+00      -nan
2019-01-22 08:49:17) OutputWriter wrote 3 messages (318 bytes) in the last 60.0 seconds (0.000003 seconds writing). 0 messages (0 bytes) queued.
2019-01-22 08:49:28) Replicate 8 completed with 1.00e+05 of simulation time using 2 work units.
2019-01-22 08:50:00) Replicate 13 completed with 1.00e+05 of simulation time using 2 work units.
2019-01-22 08:50:17) ========================================================================================================================
2019-01-22 08:50:17) Performance statistics.
2019-01-22 08:50:17) Supervisor @6 finished 8 work units (ids in range 16 to 23) with 8 parts in the last interval. 799995431 steps in 5.939e+01 seconds (1.347e+07 steps/second).
2019-01-22 08:50:17) Replicate status: 0 aborted, 2 finished, 1 running, 12 waiting
2019-01-22 08:50:17)         Id       State      Time Work_Units
2019-01-22 08:50:17) -------------------------------------------
2019-01-22 08:50:17)          1     WAITING 9.999e+04          2
2019-01-22 08:50:17)          2     WAITING 9.998e+04          2
2019-01-22 08:50:17)          3     WAITING 5.001e+04          1
2019-01-22 08:50:17)          4     WAITING 5.000e+04          1
2019-01-22 08:50:17)          5     RUNNING 5.000e+04          1
2019-01-22 08:50:17)          6     WAITING 9.999e+04          2
2019-01-22 08:50:17)          7     WAITING 5.000e+04          1
2019-01-22 08:50:17)          8    FINISHED 1.000e+05          2
2019-01-22 08:50:17)          9     WAITING 1.000e+05          2
2019-01-22 08:50:17)         10     WAITING 5.001e+04          1
2019-01-22 08:50:17)         11     WAITING 9.998e+04          2
2019-01-22 08:50:17)         12     WAITING 5.000e+04          1
2019-01-22 08:50:17)         13    FINISHED 1.000e+05          2
2019-01-22 08:50:17)         14     WAITING 9.999e+04          2
2019-01-22 08:50:17)         15     WAITING 5.001e+04          1
2019-01-22 08:50:17) Slot status
2019-01-22 08:50:17)  Slot                                Resources Address  ME_Work_Units           Steps      Time Steps/Sec PDE_Work_Units           Steps      Time Steps/Sec
2019-01-22 08:50:17) ------------------------------------------------------------------------------------------------------------------------------------------------------------
2019-01-22 08:50:17)     0                      BPH-ER-Spectre1:c=1      @5             23      2299995431 2.370e+02 9.705e+06              0               0 0.000e+00      -nan
2019-01-22 08:50:17) OutputWriter wrote 8 messages (882 bytes) in the last 60.0 seconds (0.000006 seconds writing). 0 messages (0 bytes) queued.
2019-01-22 08:51:18) ========================================================================================================================
2019-01-22 08:51:18) Performance statistics.
2019-01-22 08:51:18) Supervisor @6 finished 0 work units in the last interval.
2019-01-22 08:51:18) Replicate status: 0 aborted, 2 finished, 1 running, 12 waiting
2019-01-22 08:51:18)         Id       State      Time Work_Units
2019-01-22 08:51:18) -------------------------------------------
2019-01-22 08:51:18)          1     WAITING 9.999e+04          2
2019-01-22 08:51:18)          2     WAITING 9.998e+04          2
2019-01-22 08:51:18)          3     WAITING 5.001e+04          1
2019-01-22 08:51:18)          4     WAITING 5.000e+04          1
2019-01-22 08:51:18)          5     RUNNING 5.000e+04          1
2019-01-22 08:51:18)          6     WAITING 9.999e+04          2
2019-01-22 08:51:18)          7     WAITING 5.000e+04          1
2019-01-22 08:51:18)          8    FINISHED 1.000e+05          2
2019-01-22 08:51:18)          9     WAITING 1.000e+05          2
2019-01-22 08:51:18)         10     WAITING 5.001e+04          1
2019-01-22 08:51:18)         11     WAITING 9.998e+04          2
2019-01-22 08:51:18)         12     WAITING 5.000e+04          1
2019-01-22 08:51:18)         13    FINISHED 1.000e+05          2
2019-01-22 08:51:18)         14     WAITING 9.999e+04          2
2019-01-22 08:51:18)         15     WAITING 5.001e+04          1
2019-01-22 08:51:18) Slot status
2019-01-22 08:51:18)  Slot                                Resources Address  ME_Work_Units           Steps      Time Steps/Sec PDE_Work_Units           Steps      Time Steps/Sec
2019-01-22 08:51:18) ------------------------------------------------------------------------------------------------------------------------------------------------------------
2019-01-22 08:51:18)     0                      BPH-ER-Spectre1:c=1      @5             23      2299995431 2.370e+02 9.705e+06              0               0 0.000e+00      -nan
2019-01-22 08:51:18) OutputWriter wrote 0 messages (0 bytes) in the last 60.0 seconds (0.000000 seconds writing). 0 messages (0 bytes) queued.
2019-01-22 08:51:32) Replicate 5 completed with 1.00e+05 of simulation time using 2 work units.
2019-01-22 08:51:48) Replicate 12 completed with 1.00e+05 of simulation time using 2 work units.
2019-01-22 08:51:57) Replicate 4 completed with 1.00e+05 of simulation time using 2 work units.
2019-01-22 08:52:04) Replicate 7 completed with 1.00e+05 of simulation time using 2 work units.
2019-01-22 08:52:11) Replicate 10 completed with 1.00e+05 of simulation time using 2 work units.
2019-01-22 08:52:17) ========================================================================================================================
2019-01-22 08:52:17) Performance statistics.
2019-01-22 08:52:17) Supervisor @6 finished 6 work units (ids in range 24 to 29) with 6 parts in the last interval. 599928182 steps in 1.221e+02 seconds (4.912e+06 steps/second).
2019-01-22 08:52:17) Replicate status: 0 aborted, 7 finished, 1 running, 7 waiting
2019-01-22 08:52:17)         Id       State      Time Work_Units
2019-01-22 08:52:17) -------------------------------------------
2019-01-22 08:52:17)          1     WAITING 9.999e+04          2
2019-01-22 08:52:17)          2     WAITING 9.998e+04          2
2019-01-22 08:52:17)          3     WAITING 1.000e+05          2
2019-01-22 08:52:17)          4    FINISHED 1.000e+05          2
2019-01-22 08:52:17)          5    FINISHED 1.000e+05          2
2019-01-22 08:52:17)          6     WAITING 9.999e+04          2
2019-01-22 08:52:17)          7    FINISHED 1.000e+05          2
2019-01-22 08:52:17)          8    FINISHED 1.000e+05          2
2019-01-22 08:52:17)          9     WAITING 1.000e+05          2
2019-01-22 08:52:17)         10    FINISHED 1.000e+05          2
2019-01-22 08:52:17)         11     WAITING 9.998e+04          2
2019-01-22 08:52:17)         12    FINISHED 1.000e+05          2
2019-01-22 08:52:17)         13    FINISHED 1.000e+05          2
2019-01-22 08:52:17)         14     WAITING 9.999e+04          2
2019-01-22 08:52:17)         15     RUNNING 5.001e+04          1
2019-01-22 08:52:17) Slot status
2019-01-22 08:52:17)  Slot                                Resources Address  ME_Work_Units           Steps      Time Steps/Sec PDE_Work_Units           Steps      Time Steps/Sec
2019-01-22 08:52:17) ------------------------------------------------------------------------------------------------------------------------------------------------------------
2019-01-22 08:52:17)     0                      BPH-ER-Spectre1:c=1      @5             29      2899923613 3.591e+02 8.075e+06              0               0 0.000e+00      -nan
2019-01-22 08:52:17) OutputWriter wrote 6 messages (639 bytes) in the last 60.0 seconds (0.000006 seconds writing). 0 messages (0 bytes) queued.
2019-01-22 08:52:25) Replicate 15 completed with 1.00e+05 of simulation time using 2 work units.
2019-01-22 08:52:25) Replicate 11 completed with 1.00e+05 of simulation time using 3 work units.
2019-01-22 08:52:25) Replicate 2 completed with 1.00e+05 of simulation time using 3 work units.
2019-01-22 08:52:25) Replicate 14 completed with 1.00e+05 of simulation time using 3 work units.
2019-01-22 08:52:25) Replicate 6 completed with 1.00e+05 of simulation time using 3 work units.
2019-01-22 08:52:25) Replicate 1 completed with 1.00e+05 of simulation time using 3 work units.
2019-01-22 08:52:25) Replicate 9 completed with 1.00e+05 of simulation time using 3 work units.
2019-01-22 08:52:25) Replicate 3 completed with 1.00e+05 of simulation time using 3 work units.
2019-01-22 08:52:25) Replicate supervisor finished 15 replicates in 3.664e+02 seconds.
2019-01-22 08:52:25) Supervisor @6 finished.
2019-01-22 08:52:25) Job finished.
2019-01-22 08:52:25) Hypervisor @0 finished.
2019-01-22 08:52:25) Work unit runner @5 finished.
2019-01-22 08:52:25) OutputPerformanceSignaler @4 finished.
2019-01-22 08:52:25) OutputWriter wrote 37 messages and 3713 bytes total.
2019-01-22 08:52:25) OutputWriter::HelperThread @3 finished.
2019-01-22 08:52:25) OutputWriter @3 flushing and closing.
2019-01-22 08:52:25) OutputWriter @3 finished.
2019-01-22 08:52:25) Resource controller @1 finished.
2019-01-22 08:52:25) Finalizing communications library.
2019-01-22 08:52:25) Program execution finished.
