Lattice Microbe ES v2019.01 Release build 2019-01-21-17-02-48 in 64-bit mode with options AVX CPP11 FMA SBML SNAPPY.
Copyright (C) 2012-2019 Roberts Group, Johns Hopkins University.
Copyright (C) 2008-2012 Luthey-Schulten Group, University of Illinois at Urbana-Champaign.

2019-01-22 09:39:55) Saving simulation output to  using lm::io::NullOutputWriter.
2019-01-22 09:39:55) Initializing communications library.
2019-01-22 09:39:55) Using local communicator on host BPH-ER-Spectre1.
2019-01-22 09:39:55) Created a resource map using localhost BPH-ER-Spectre1: 1 hosts allocated, 0 hosts registered
2019-01-22 09:39:55) Resource controller @1 started.
2019-01-22 09:39:55) Loading simulation input from perf/perf.99.latest/first_order_birth_death.lm using lm::io::hdf5::Hdf5InputReader.
simulation_options {
  time_limit: 100000
}
output_options {
  species_write_interval: 10000
  concentrations_write_interval: 10000
}
reaction_model {
  number_species: 1
  number_reactions: 2
  initial_species_count: 2000
  reaction {
    type: 0
    rate_constant: 1000
  }
  reaction {
    type: 1
    rate_constant: 1
  }
  stoichiometric_matrix: 1
  stoichiometric_matrix: -1
  dependency_matrix: 0
  dependency_matrix: 1
}
2019-01-22 09:39:55) Hypervisor @0 of type lm::simulation::SimpleHypervisor started.
2019-01-22 09:39:55) Resource controller @1 on BPH-ER-Spectre1 reported 8 cpu core(s) and 0 gpu device(s). 0 hosts registered, 1 hosts remaining.
2019-01-22 09:39:55) Registered resources for host BPH-ER-Spectre1 (defaults=1): 2 cpu cores, 0 gpu devices
2019-01-22 09:39:55) All resources registered with hypervisor, starting workers.
2019-01-22 09:39:55) Reserved core 0 on @1 for the output writer.
2019-01-22 09:39:55) Creating slot 0 on @1 using resources: BPH-ER-Spectre1:c=1.
2019-01-22 09:39:55) OutputWriter @3 started.
2019-01-22 09:39:55) OutputPerformanceSignaler @4 started, writing performance statistics every 60 seconds.
2019-01-22 09:39:55) Work Unit runner @5 started with 1 cpu cores (affinity=0) and 0 gpus.
2019-01-22 09:39:55) Output writer started: @3.
2019-01-22 09:39:55) Output performance signaller started: @4.
2019-01-22 09:39:55) OutputWriter::HelperThread @3 started.
2019-01-22 09:39:55) Work unit runner started: @5.
2019-01-22 09:39:55) All hypervisor workers have started, beginning job.
2019-01-22 09:39:55) Job started.
2019-01-22 09:39:55) Supervisor @6 of type lm::replicates::ReplicateSupervisor started.
2019-01-22 09:39:55) Replicate supervisor started.
2019-01-22 09:40:55) ========================================================================================================================
2019-01-22 09:40:55) Performance statistics.
2019-01-22 09:40:55) Supervisor @6 finished 3 work units (ids in range 0 to 3) with 3 parts in the last interval. 300000000 steps in 1.918e+01 seconds (1.564e+07 steps/second).
2019-01-22 09:40:55) Replicate status: 0 aborted, 0 finished, 1 running, 14 waiting
2019-01-22 09:40:55)         Id       State      Time Work_Units
2019-01-22 09:40:55) -------------------------------------------
2019-01-22 09:40:55)          1     WAITING 5.001e+04          1
2019-01-22 09:40:55)          2     WAITING 5.000e+04          1
2019-01-22 09:40:55)          3     WAITING 5.000e+04          1
2019-01-22 09:40:55)          4     RUNNING 0.000e+00          0
2019-01-22 09:40:55)          5 NOT_STARTED 0.000e+00          0
2019-01-22 09:40:55)          6 NOT_STARTED 0.000e+00          0
2019-01-22 09:40:55)          7 NOT_STARTED 0.000e+00          0
2019-01-22 09:40:55)          8 NOT_STARTED 0.000e+00          0
2019-01-22 09:40:55)          9 NOT_STARTED 0.000e+00          0
2019-01-22 09:40:55)         10 NOT_STARTED 0.000e+00          0
2019-01-22 09:40:55)         11 NOT_STARTED 0.000e+00          0
2019-01-22 09:40:55)         12 NOT_STARTED 0.000e+00          0
2019-01-22 09:40:55)         13 NOT_STARTED 0.000e+00          0
2019-01-22 09:40:55)         14 NOT_STARTED 0.000e+00          0
2019-01-22 09:40:55)         15 NOT_STARTED 0.000e+00          0
2019-01-22 09:40:55) Slot status
2019-01-22 09:40:55)  Slot                                Resources Address  ME_Work_Units           Steps      Time Steps/Sec PDE_Work_Units           Steps      Time Steps/Sec
2019-01-22 09:40:55) ------------------------------------------------------------------------------------------------------------------------------------------------------------
2019-01-22 09:40:55)     0                      BPH-ER-Spectre1:c=1      @5              3       300000000 1.918e+01 1.564e+07              0               0 0.000e+00      -nan
2019-01-22 09:40:55) OutputWriter wrote 3 messages (327 bytes) in the last 59.2 seconds (0.000001 seconds writing). 0 messages (0 bytes) queued.
2019-01-22 09:41:54) ========================================================================================================================
2019-01-22 09:41:54) Performance statistics.
2019-01-22 09:41:54) Supervisor @6 finished 2 work units (ids in range 4 to 5) with 2 parts in the last interval. 200000000 steps in 9.447e+01 seconds (2.117e+06 steps/second).
2019-01-22 09:41:54) Replicate status: 0 aborted, 0 finished, 1 running, 14 waiting
2019-01-22 09:41:54)         Id       State      Time Work_Units
2019-01-22 09:41:54) -------------------------------------------
2019-01-22 09:41:54)          1     WAITING 5.001e+04          1
2019-01-22 09:41:54)          2     WAITING 5.000e+04          1
2019-01-22 09:41:54)          3     WAITING 5.000e+04          1
2019-01-22 09:41:54)          4     WAITING 5.000e+04          1
2019-01-22 09:41:54)          5     WAITING 4.999e+04          1
2019-01-22 09:41:54)          6     RUNNING 0.000e+00          0
2019-01-22 09:41:54)          7 NOT_STARTED 0.000e+00          0
2019-01-22 09:41:54)          8 NOT_STARTED 0.000e+00          0
2019-01-22 09:41:54)          9 NOT_STARTED 0.000e+00          0
2019-01-22 09:41:54)         10 NOT_STARTED 0.000e+00          0
2019-01-22 09:41:54)         11 NOT_STARTED 0.000e+00          0
2019-01-22 09:41:54)         12 NOT_STARTED 0.000e+00          0
2019-01-22 09:41:54)         13 NOT_STARTED 0.000e+00          0
2019-01-22 09:41:54)         14 NOT_STARTED 0.000e+00          0
2019-01-22 09:41:54)         15 NOT_STARTED 0.000e+00          0
2019-01-22 09:41:54) Slot status
2019-01-22 09:41:54)  Slot                                Resources Address  ME_Work_Units           Steps      Time Steps/Sec PDE_Work_Units           Steps      Time Steps/Sec
2019-01-22 09:41:54) ------------------------------------------------------------------------------------------------------------------------------------------------------------
2019-01-22 09:41:54)     0                      BPH-ER-Spectre1:c=1      @5              5       500000000 1.137e+02 4.399e+06              0               0 0.000e+00      -nan
2019-01-22 09:41:54) OutputWriter wrote 2 messages (206 bytes) in the last 60.0 seconds (0.000003 seconds writing). 0 messages (0 bytes) queued.
2019-01-22 09:42:54) ========================================================================================================================
2019-01-22 09:42:54) Performance statistics.
2019-01-22 09:42:54) Supervisor @6 finished 9 work units (ids in range 6 to 14) with 9 parts in the last interval. 900000000 steps in 5.969e+01 seconds (1.508e+07 steps/second).
2019-01-22 09:42:54) Replicate status: 0 aborted, 0 finished, 1 running, 14 waiting
2019-01-22 09:42:54)         Id       State      Time Work_Units
2019-01-22 09:42:54) -------------------------------------------
2019-01-22 09:42:54)          1     WAITING 5.001e+04          1
2019-01-22 09:42:54)          2     WAITING 5.000e+04          1
2019-01-22 09:42:54)          3     WAITING 5.000e+04          1
2019-01-22 09:42:54)          4     WAITING 5.000e+04          1
2019-01-22 09:42:54)          5     WAITING 4.999e+04          1
2019-01-22 09:42:54)          6     WAITING 5.001e+04          1
2019-01-22 09:42:54)          7     WAITING 5.001e+04          1
2019-01-22 09:42:54)          8     WAITING 4.999e+04          1
2019-01-22 09:42:54)          9     WAITING 5.000e+04          1
2019-01-22 09:42:54)         10     WAITING 4.999e+04          1
2019-01-22 09:42:54)         11     WAITING 5.000e+04          1
2019-01-22 09:42:54)         12     WAITING 5.001e+04          1
2019-01-22 09:42:54)         13     WAITING 5.000e+04          1
2019-01-22 09:42:54)         14     WAITING 4.999e+04          1
2019-01-22 09:42:54)         15     RUNNING 0.000e+00          0
2019-01-22 09:42:54) Slot status
2019-01-22 09:42:54)  Slot                                Resources Address  ME_Work_Units           Steps      Time Steps/Sec PDE_Work_Units           Steps      Time Steps/Sec
2019-01-22 09:42:54) ------------------------------------------------------------------------------------------------------------------------------------------------------------
2019-01-22 09:42:54)     0                      BPH-ER-Spectre1:c=1      @5             14      1400000000 1.733e+02 8.076e+06              0               0 0.000e+00      -nan
2019-01-22 09:42:54) OutputWriter wrote 9 messages (963 bytes) in the last 60.0 seconds (0.000005 seconds writing). 0 messages (0 bytes) queued.
2019-01-22 09:43:54) ========================================================================================================================
2019-01-22 09:43:54) Performance statistics.
2019-01-22 09:43:54) Supervisor @6 finished 1 work units (ids in range 15 to 15) with 1 parts in the last interval. 100000000 steps in 9.122e+00 seconds (1.096e+07 steps/second).
2019-01-22 09:43:54) Replicate status: 0 aborted, 0 finished, 1 running, 14 waiting
2019-01-22 09:43:54)         Id       State      Time Work_Units
2019-01-22 09:43:54) -------------------------------------------
2019-01-22 09:43:54)          1     WAITING 5.001e+04          1
2019-01-22 09:43:54)          2     WAITING 5.000e+04          1
2019-01-22 09:43:54)          3     WAITING 5.000e+04          1
2019-01-22 09:43:54)          4     WAITING 5.000e+04          1
2019-01-22 09:43:54)          5     WAITING 4.999e+04          1
2019-01-22 09:43:54)          6     WAITING 5.001e+04          1
2019-01-22 09:43:54)          7     WAITING 5.001e+04          1
2019-01-22 09:43:54)          8     RUNNING 4.999e+04          1
2019-01-22 09:43:54)          9     WAITING 5.000e+04          1
2019-01-22 09:43:54)         10     WAITING 4.999e+04          1
2019-01-22 09:43:54)         11     WAITING 5.000e+04          1
2019-01-22 09:43:54)         12     WAITING 5.001e+04          1
2019-01-22 09:43:54)         13     WAITING 5.000e+04          1
2019-01-22 09:43:54)         14     WAITING 4.999e+04          1
2019-01-22 09:43:54)         15     WAITING 5.000e+04          1
2019-01-22 09:43:54) Slot status
2019-01-22 09:43:54)  Slot                                Resources Address  ME_Work_Units           Steps      Time Steps/Sec PDE_Work_Units           Steps      Time Steps/Sec
2019-01-22 09:43:54) ------------------------------------------------------------------------------------------------------------------------------------------------------------
2019-01-22 09:43:54)     0                      BPH-ER-Spectre1:c=1      @5             15      1500000000 1.825e+02 8.221e+06              0               0 0.000e+00      -nan
2019-01-22 09:43:54) OutputWriter wrote 1 messages (103 bytes) in the last 60.0 seconds (0.000001 seconds writing). 0 messages (0 bytes) queued.
2019-01-22 09:44:54) ========================================================================================================================
2019-01-22 09:44:54) Performance statistics.
2019-01-22 09:44:54) Supervisor @6 finished 2 work units (ids in range 16 to 17) with 2 parts in the last interval. 200000000 steps in 1.055e+02 seconds (1.896e+06 steps/second).
2019-01-22 09:44:54) Replicate status: 0 aborted, 0 finished, 1 running, 14 waiting
2019-01-22 09:44:54)         Id       State      Time Work_Units
2019-01-22 09:44:54) -------------------------------------------
2019-01-22 09:44:54)          1     WAITING 5.001e+04          1
2019-01-22 09:44:54)          2     WAITING 5.000e+04          1
2019-01-22 09:44:54)          3     WAITING 5.000e+04          1
2019-01-22 09:44:54)          4     WAITING 5.000e+04          1
2019-01-22 09:44:54)          5     RUNNING 4.999e+04          1
2019-01-22 09:44:54)          6     WAITING 5.001e+04          1
2019-01-22 09:44:54)          7     WAITING 5.001e+04          1
2019-01-22 09:44:54)          8     WAITING 9.999e+04          2
2019-01-22 09:44:54)          9     WAITING 5.000e+04          1
2019-01-22 09:44:54)         10     WAITING 4.999e+04          1
2019-01-22 09:44:54)         11     WAITING 5.000e+04          1
2019-01-22 09:44:54)         12     WAITING 5.001e+04          1
2019-01-22 09:44:54)         13     WAITING 5.000e+04          1
2019-01-22 09:44:54)         14     WAITING 1.000e+05          2
2019-01-22 09:44:54)         15     WAITING 5.000e+04          1
2019-01-22 09:44:54) Slot status
2019-01-22 09:44:54)  Slot                                Resources Address  ME_Work_Units           Steps      Time Steps/Sec PDE_Work_Units           Steps      Time Steps/Sec
2019-01-22 09:44:54) ------------------------------------------------------------------------------------------------------------------------------------------------------------
2019-01-22 09:44:54)     0                      BPH-ER-Spectre1:c=1      @5             17      1700000000 2.879e+02 5.904e+06              0               0 0.000e+00      -nan
2019-01-22 09:44:54) OutputWriter wrote 2 messages (216 bytes) in the last 60.0 seconds (0.000003 seconds writing). 0 messages (0 bytes) queued.
2019-01-22 09:45:19) Replicate 9 completed with 1.00e+05 of simulation time using 2 work units.
2019-01-22 09:45:30) Replicate 15 completed with 1.00e+05 of simulation time using 2 work units.
2019-01-22 09:45:36) Replicate 13 completed with 1.00e+05 of simulation time using 2 work units.
2019-01-22 09:45:42) Replicate 2 completed with 1.00e+05 of simulation time using 2 work units.
2019-01-22 09:45:47) Replicate 1 completed with 1.00e+05 of simulation time using 2 work units.
2019-01-22 09:45:54) ========================================================================================================================
2019-01-22 09:45:54) Performance statistics.
2019-01-22 09:45:54) Supervisor @6 finished 10 work units (ids in range 18 to 27) with 10 parts in the last interval. 999921504 steps in 6.428e+01 seconds (1.556e+07 steps/second).
2019-01-22 09:45:54) Replicate status: 0 aborted, 5 finished, 1 running, 9 waiting
2019-01-22 09:45:54)         Id       State      Time Work_Units
2019-01-22 09:45:54) -------------------------------------------
2019-01-22 09:45:54)          1    FINISHED 1.000e+05          2
2019-01-22 09:45:54)          2    FINISHED 1.000e+05          2
2019-01-22 09:45:54)          3     WAITING 9.999e+04          2
2019-01-22 09:45:54)          4     WAITING 9.999e+04          2
2019-01-22 09:45:54)          5     WAITING 1.000e+05          2
2019-01-22 09:45:54)          6     WAITING 5.001e+04          1
2019-01-22 09:45:54)          7     WAITING 5.001e+04          1
2019-01-22 09:45:54)          8     WAITING 9.999e+04          2
2019-01-22 09:45:54)          9    FINISHED 1.000e+05          2
2019-01-22 09:45:54)         10     WAITING 1.000e+05          2
2019-01-22 09:45:54)         11     WAITING 9.999e+04          2
2019-01-22 09:45:54)         12     RUNNING 5.001e+04          1
2019-01-22 09:45:54)         13    FINISHED 1.000e+05          2
2019-01-22 09:45:54)         14     WAITING 1.000e+05          2
2019-01-22 09:45:54)         15    FINISHED 1.000e+05          2
2019-01-22 09:45:54) Slot status
2019-01-22 09:45:54)  Slot                                Resources Address  ME_Work_Units           Steps      Time Steps/Sec PDE_Work_Units           Steps      Time Steps/Sec
2019-01-22 09:45:54) ------------------------------------------------------------------------------------------------------------------------------------------------------------
2019-01-22 09:45:54)     0                      BPH-ER-Spectre1:c=1      @5             27      2699921504 3.522e+02 7.665e+06              0               0 0.000e+00      -nan
2019-01-22 09:45:54) OutputWriter wrote 10 messages (1098 bytes) in the last 60.0 seconds (0.000005 seconds writing). 0 messages (0 bytes) queued.
2019-01-22 09:45:55) Replicate 12 completed with 1.00e+05 of simulation time using 2 work units.
2019-01-22 09:46:07) Replicate 6 completed with 1.00e+05 of simulation time using 2 work units.
2019-01-22 09:46:14) Replicate 7 completed with 1.00e+05 of simulation time using 2 work units.
2019-01-22 09:46:14) Replicate 4 completed with 1.00e+05 of simulation time using 3 work units.
2019-01-22 09:46:14) Replicate 3 completed with 1.00e+05 of simulation time using 3 work units.
2019-01-22 09:46:14) Replicate 8 completed with 1.00e+05 of simulation time using 3 work units.
2019-01-22 09:46:14) Replicate 11 completed with 1.00e+05 of simulation time using 3 work units.
2019-01-22 09:46:14) Replicate 5 completed with 1.00e+05 of simulation time using 3 work units.
2019-01-22 09:46:14) Replicate 10 completed with 1.00e+05 of simulation time using 3 work units.
2019-01-22 09:46:14) Replicate 14 completed with 1.00e+05 of simulation time using 3 work units.
2019-01-22 09:46:14) Replicate supervisor finished 15 replicates in 3.783e+02 seconds.
2019-01-22 09:46:14) Supervisor @6 finished.
2019-01-22 09:46:14) Job finished.
2019-01-22 09:46:14) Hypervisor @0 finished.
2019-01-22 09:46:14) Work unit runner @5 finished.
2019-01-22 09:46:14) OutputPerformanceSignaler @4 finished.
2019-01-22 09:46:14) OutputWriter wrote 37 messages and 3713 bytes total.
2019-01-22 09:46:14) OutputWriter::HelperThread @3 finished.
2019-01-22 09:46:14) OutputWriter @3 flushing and closing.
2019-01-22 09:46:14) OutputWriter @3 finished.
2019-01-22 09:46:14) Resource controller @1 finished.
2019-01-22 09:46:14) Finalizing communications library.
2019-01-22 09:46:14) Program execution finished.
