Lattice Microbe ES v2016.01.20 build 1 in 64-bit mode with options MPI AVX.
Copyright (C) 2008-2012 Luthey-Schulten Group, University of Illinois at Urbana-Champaign.
Copyright (C) 2012-2016 Roberts Group, Johns Hopkins University.

MPI version 3.0 with thread support MPI_THREAD_MULTIPLE.
Running with 1 process(es).

2016-01-10 11:52:48) Resource controller 0:1 started.
2016-01-10 11:52:48) Supervisor 0:2 started.
2016-01-10 11:52:48) Resource controller 0:1 on barkeri.bph.jhu.edu registered with 8 cpu core(s) and 0 gpu device(s).
2016-01-10 11:52:48) Registered resources for host barkeri.bph.jhu.edu (defaults=1): 2 cpu cores, 0 gpu devices
2016-01-10 11:52:48) All resources registered with supervisor, starting workers.
2016-01-10 11:52:48) Reserved core 0 on 0:1 for the output writer.
2016-01-10 11:52:48) Creating slot 0 on process (0:1) using resources: barkeri.bph.jhu.edu; cpu core list:1; gpu device list:<none>.
2016-01-10 11:52:48) OutputWriter 0:3 started.
2016-01-10 11:52:48) 2016-01-10 11:52:48) Work Unit runner 0:5 started with 1 cpu cores (affinity=0) and 0 gpus.OutputWriter::HelperThread 0:4 started.

2016-01-10 11:52:48) Output writer started: 0:3.
2016-01-10 11:52:48) Work unit runner started: 0:5.
2016-01-10 11:52:48) All supervisor workers have started, beginning simulation.
2016-01-10 11:52:48) Replicate supervisor starting simulation.
2016-01-10 11:52:48) Simulation started.
2016-01-10 11:53:49) Wrote 86 messages (6580 bytes) in the last 60.2 seconds (0.000538 seconds writing). 0 messages (0 bytes) queued. Flushing.
2016-01-10 11:53:49) Finished 87 work units (ids in range 0 to 86) with 87 parts in the last 60.3 seconds. 870000000 steps in 5.998e+01 seconds (1.450e+07 steps/second).
2016-01-10 11:54:49) Finished 89 work units (ids in range 87 to 175) with 89 parts in the last 60.5 seconds. 890000000 steps in 6.017e+01 seconds (1.479e+07 steps/second).
2016-01-10 11:54:49) Wrote 74 messages (5821 bytes) in the last 60.5 seconds (0.000454 seconds writing). 0 messages (0 bytes) queued. Flushing.
2016-01-10 11:54:49) Replicate 12 completed with 1.00e+05 of simulation time using 12 work units.
2016-01-10 11:54:49) Replicate 10 completed with 1.00e+05 of simulation time using 12 work units.
2016-01-10 11:54:49) Replicate 9 completed with 1.00e+05 of simulation time using 12 work units.
2016-01-10 11:54:49) Replicate 2 completed with 1.00e+05 of simulation time using 12 work units.
2016-01-10 11:54:49) Replicate 13 completed with 1.00e+05 of simulation time using 12 work units.
2016-01-10 11:54:49) Replicate 14 completed with 1.00e+05 of simulation time using 12 work units.
2016-01-10 11:54:49) Replicate 1 completed with 1.00e+05 of simulation time using 12 work units.
2016-01-10 11:54:49) Replicate 16 completed with 1.00e+05 of simulation time using 12 work units.
2016-01-10 11:54:49) Replicate 5 completed with 1.00e+05 of simulation time using 12 work units.
2016-01-10 11:54:49) Replicate 7 completed with 1.00e+05 of simulation time using 12 work units.
2016-01-10 11:54:49) Replicate 8 completed with 1.00e+05 of simulation time using 12 work units.
2016-01-10 11:54:49) Replicate 6 completed with 1.00e+05 of simulation time using 12 work units.
2016-01-10 11:54:49) Replicate 3 completed with 1.00e+05 of simulation time using 12 work units.
2016-01-10 11:54:49) Replicate 11 completed with 1.00e+05 of simulation time using 12 work units.
2016-01-10 11:54:49) Replicate 15 completed with 1.00e+05 of simulation time using 12 work units.
2016-01-10 11:54:49) Replicate 4 completed with 1.00e+05 of simulation time using 12 work units.
2016-01-10 11:54:49) Replicate supervisor finished 16 replicates in 120.80 seconds.
2016-01-10 11:54:49) Simulation finished.
2016-01-10 11:54:49) Finished 16 work units (ids in range 176 to 191) with 16 parts in the last 0.1 seconds. 709956 steps in 6.170e-02 seconds (1.151e+07 steps/second).
2016-01-10 11:54:49) Supervisor 0:2 finished.
2016-01-10 11:54:49) Wrote 16 messages (29743 bytes) in the last 0.1 seconds (0.000134 seconds writing). 0 messages (0 bytes) queued. Flushing.
2016-01-10 11:54:49) OutputWriter::HelperThread 0:4 finished.
2016-01-10 11:54:49) OutputWriter 0:3 finished.
2016-01-10 11:54:49) Work unit runner 0:5 finished.
2016-01-10 11:54:49) Resource controller 0:1 finished.
2016-01-10 11:54:49) Closing MPI library.
2016-01-10 11:54:49) Program execution finished.
