Lattice Microbe ES v2016.01.20 build 1 in 64-bit mode with options MPI AVX.
Copyright (C) 2008-2012 Luthey-Schulten Group, University of Illinois at Urbana-Champaign.
Copyright (C) 2012-2016 Roberts Group, Johns Hopkins University.

MPI version 3.0 with thread support MPI_THREAD_MULTIPLE.
Running with 1 process(es).

2016-01-10 11:38:50) Resource controller 0:1 started.
2016-01-10 11:38:50) Supervisor 0:2 started.
2016-01-10 11:38:50) Resource controller 0:1 on barkeri.bph.jhu.edu registered with 8 cpu core(s) and 0 gpu device(s).
2016-01-10 11:38:50) Registered resources for host barkeri.bph.jhu.edu (defaults=1): 2 cpu cores, 0 gpu devices
2016-01-10 11:38:50) All resources registered with supervisor, starting workers.
2016-01-10 11:38:50) Reserved core 0 on 0:1 for the output writer.
2016-01-10 11:38:50) Creating slot 0 on process (0:1) using resources: barkeri.bph.jhu.edu; cpu core list:1; gpu device list:<none>.
2016-01-10 11:38:50) OutputWriter 0:3 started.
2016-01-10 11:38:50) OutputWriter::HelperThread 0:4 started.
2016-01-10 11:38:50) Work Unit runner 0:5 started with 1 cpu cores (affinity=0) and 0 gpus.
2016-01-10 11:38:50) Output writer started: 0:3.
2016-01-10 11:38:50) Work unit runner started: 0:5.
2016-01-10 11:38:50) All supervisor workers have started, beginning simulation.
2016-01-10 11:38:50) Replicate supervisor starting simulation.
2016-01-10 11:38:50) Simulation started.
2016-01-10 11:39:50) Wrote 90 messages (6884 bytes) in the last 60.5 seconds (0.000599 seconds writing). 0 messages (0 bytes) queued. Flushing.
2016-01-10 11:39:50) Finished 91 work units (ids in range 0 to 90) with 91 parts in the last 60.5 seconds. 910000000 steps in 6.019e+01 seconds (1.512e+07 steps/second).
2016-01-10 11:40:47) Replicate 10 completed with 1.00e+05 of simulation time using 12 work units.
2016-01-10 11:40:47) Replicate 5 completed with 1.00e+05 of simulation time using 12 work units.
2016-01-10 11:40:47) Replicate 8 completed with 1.00e+05 of simulation time using 12 work units.
2016-01-10 11:40:47) Replicate 1 completed with 1.00e+05 of simulation time using 12 work units.
2016-01-10 11:40:47) Replicate 3 completed with 1.00e+05 of simulation time using 12 work units.
2016-01-10 11:40:47) Replicate 2 completed with 1.00e+05 of simulation time using 12 work units.
2016-01-10 11:40:47) Replicate 4 completed with 1.00e+05 of simulation time using 12 work units.
2016-01-10 11:40:47) Replicate 12 completed with 1.00e+05 of simulation time using 12 work units.
2016-01-10 11:40:47) Replicate 15 completed with 1.00e+05 of simulation time using 12 work units.
2016-01-10 11:40:47) Replicate 6 completed with 1.00e+05 of simulation time using 12 work units.
2016-01-10 11:40:47) Replicate 7 completed with 1.00e+05 of simulation time using 12 work units.
2016-01-10 11:40:47) Replicate 16 completed with 1.00e+05 of simulation time using 12 work units.
2016-01-10 11:40:47) Replicate 14 completed with 1.00e+05 of simulation time using 12 work units.
2016-01-10 11:40:47) Replicate 11 completed with 1.00e+05 of simulation time using 12 work units.
2016-01-10 11:40:47) Replicate 9 completed with 1.00e+05 of simulation time using 12 work units.
2016-01-10 11:40:47) Replicate 13 completed with 1.00e+05 of simulation time using 12 work units.
2016-01-10 11:40:47) Replicate supervisor finished 16 replicates in 117.42 seconds.
2016-01-10 11:40:47) Simulation finished.
2016-01-10 11:40:47) Finished 101 work units (ids in range 91 to 191) with 101 parts in the last 57.0 seconds. 850814465 steps in 5.665e+01 seconds (1.502e+07 steps/second).
2016-01-10 11:40:47) Supervisor 0:2 finished.
2016-01-10 11:40:47) Wrote 86 messages (35019 bytes) in the last 57.0 seconds (0.000612 seconds writing). 0 messages (0 bytes) queued. Flushing.
2016-01-10 11:40:47) OutputWriter::HelperThread 0:4 finished.
2016-01-10 11:40:47) OutputWriter 0:3 finished.
2016-01-10 11:40:47) Work unit runner 0:5 finished.
2016-01-10 11:40:47) Resource controller 0:1 finished.
2016-01-10 11:40:47) Closing MPI library.
2016-01-10 11:40:47) Program execution finished.
