Lattice Microbe ES v2016.01.20 build 1 in 64-bit mode with options MPI AVX.
Copyright (C) 2008-2012 Luthey-Schulten Group, University of Illinois at Urbana-Champaign.
Copyright (C) 2012-2016 Roberts Group, Johns Hopkins University.

MPI version 3.0 with thread support MPI_THREAD_MULTIPLE.
Running with 1 process(es).

2016-01-10 11:48:43) Resource controller 0:1 started.
2016-01-10 11:48:43) Supervisor 0:2 started.
2016-01-10 11:48:43) Resource controller 0:1 on barkeri.bph.jhu.edu registered with 8 cpu core(s) and 0 gpu device(s).
2016-01-10 11:48:43) Registered resources for host barkeri.bph.jhu.edu (defaults=1): 2 cpu cores, 0 gpu devices
2016-01-10 11:48:43) All resources registered with supervisor, starting workers.
2016-01-10 11:48:43) Reserved core 0 on 0:1 for the output writer.
2016-01-10 11:48:43) Creating slot 0 on process (0:1) using resources: barkeri.bph.jhu.edu; cpu core list:1; gpu device list:<none>.
2016-01-10 11:48:43) OutputWriter 0:3 started.
2016-01-10 11:48:43) Work Unit runner 0:4 started with 1 cpu cores (affinity=0) and 0 gpus.
2016-01-10 11:48:43) OutputWriter::HelperThread 0:5 started.
2016-01-10 11:48:43) Output writer started: 0:3.
2016-01-10 11:48:43) Work unit runner started: 0:4.
2016-01-10 11:48:43) All supervisor workers have started, beginning simulation.
2016-01-10 11:48:43) Replicate supervisor starting simulation.
2016-01-10 11:48:43) Simulation started.
2016-01-10 11:49:43) Wrote 85 messages (6510 bytes) in the last 60.6 seconds (0.000625 seconds writing). 0 messages (0 bytes) queued. Flushing.
2016-01-10 11:49:43) Finished 86 work units (ids in range 0 to 85) with 86 parts in the last 60.6 seconds. 860000000 steps in 6.033e+01 seconds (1.425e+07 steps/second).
2016-01-10 11:50:44) Finished 88 work units (ids in range 86 to 173) with 88 parts in the last 60.2 seconds. 880000000 steps in 5.992e+01 seconds (1.469e+07 steps/second).
2016-01-10 11:50:45) Wrote 75 messages (5879 bytes) in the last 61.6 seconds (0.000479 seconds writing). 0 messages (0 bytes) queued. Flushing.
2016-01-10 11:50:45) Replicate 14 completed with 1.00e+05 of simulation time using 12 work units.
2016-01-10 11:50:45) Replicate 12 completed with 1.00e+05 of simulation time using 12 work units.
2016-01-10 11:50:45) Replicate 7 completed with 1.00e+05 of simulation time using 12 work units.
2016-01-10 11:50:45) Replicate 16 completed with 1.00e+05 of simulation time using 12 work units.
2016-01-10 11:50:45) Replicate 13 completed with 1.00e+05 of simulation time using 12 work units.
2016-01-10 11:50:45) Replicate 3 completed with 1.00e+05 of simulation time using 12 work units.
2016-01-10 11:50:45) Replicate 8 completed with 1.00e+05 of simulation time using 12 work units.
2016-01-10 11:50:45) Replicate 6 completed with 1.00e+05 of simulation time using 12 work units.
2016-01-10 11:50:45) Replicate 9 completed with 1.00e+05 of simulation time using 12 work units.
2016-01-10 11:50:45) Replicate 10 completed with 1.00e+05 of simulation time using 12 work units.
2016-01-10 11:50:45) Replicate 5 completed with 1.00e+05 of simulation time using 12 work units.
2016-01-10 11:50:45) Replicate 11 completed with 1.00e+05 of simulation time using 12 work units.
2016-01-10 11:50:45) Replicate 15 completed with 1.00e+05 of simulation time using 12 work units.
2016-01-10 11:50:45) Replicate 2 completed with 1.00e+05 of simulation time using 12 work units.
2016-01-10 11:50:45) Replicate 1 completed with 1.00e+05 of simulation time using 12 work units.
2016-01-10 11:50:45) Replicate 4 completed with 1.00e+05 of simulation time using 12 work units.
2016-01-10 11:50:45) Replicate supervisor finished 16 replicates in 122.32 seconds.
2016-01-10 11:50:45) Simulation finished.
2016-01-10 11:50:45) Finished 18 work units (ids in range 174 to 191) with 18 parts in the last 1.5 seconds. 20696971 steps in 1.440e+00 seconds (1.437e+07 steps/second).
2016-01-10 11:50:45) Supervisor 0:2 finished.
2016-01-10 11:50:45) Wrote 16 messages (29536 bytes) in the last 0.1 seconds (0.000215 seconds writing). 0 messages (0 bytes) queued. Flushing.
2016-01-10 11:50:45) OutputWriter::HelperThread 0:5 finished.
2016-01-10 11:50:45) OutputWriter 0:3 finished.
2016-01-10 11:50:45) Work unit runner 0:4 finished.
2016-01-10 11:50:45) Resource controller 0:1 finished.
2016-01-10 11:50:45) Closing MPI library.
2016-01-10 11:50:45) Program execution finished.
