Lattice Microbe ES v2016.01.20 build 1 in 64-bit mode with options MPI AVX.
Copyright (C) 2008-2012 Luthey-Schulten Group, University of Illinois at Urbana-Champaign.
Copyright (C) 2012-2016 Roberts Group, Johns Hopkins University.

MPI version 3.0 with thread support MPI_THREAD_MULTIPLE.
Running with 1 process(es).

2016-01-10 11:54:49) Resource controller 0:1 started.
2016-01-10 11:54:49) Supervisor 0:2 started.
2016-01-10 11:54:49) Resource controller 0:1 on barkeri.bph.jhu.edu registered with 8 cpu core(s) and 0 gpu device(s).
2016-01-10 11:54:49) Registered resources for host barkeri.bph.jhu.edu (defaults=1): 2 cpu cores, 0 gpu devices
2016-01-10 11:54:49) All resources registered with supervisor, starting workers.
2016-01-10 11:54:49) Reserved core 0 on 0:1 for the output writer.
2016-01-10 11:54:49) Creating slot 0 on process (0:1) using resources: barkeri.bph.jhu.edu; cpu core list:1; gpu device list:<none>.
2016-01-10 11:54:49) OutputWriter 0:3 started.
2016-01-10 11:54:49) 2016-01-10 11:54:49) OutputWriter::HelperThread 0:4 started.Work Unit runner 0:5 started with 1 cpu cores (affinity=0) and 0 gpus.

2016-01-10 11:54:49) Output writer started: 0:3.
2016-01-10 11:54:49) Work unit runner started: 0:5.
2016-01-10 11:54:49) All supervisor workers have started, beginning simulation.
2016-01-10 11:54:49) Replicate supervisor starting simulation.
2016-01-10 11:54:49) Simulation started.
2016-01-10 11:55:50) Wrote 82 messages (6279 bytes) in the last 60.4 seconds (0.000547 seconds writing). 0 messages (0 bytes) queued. Flushing.
2016-01-10 11:55:50) Finished 83 work units (ids in range 0 to 82) with 83 parts in the last 60.4 seconds. 830000000 steps in 6.014e+01 seconds (1.380e+07 steps/second).
2016-01-10 11:56:50) Finished 81 work units (ids in range 83 to 163) with 81 parts in the last 60.5 seconds. 810000000 steps in 6.024e+01 seconds (1.345e+07 steps/second).
2016-01-10 11:56:58) Wrote 78 messages (6130 bytes) in the last 68.9 seconds (0.000596 seconds writing). 0 messages (0 bytes) queued. Flushing.
2016-01-10 11:56:58) Replicate 11 completed with 1.00e+05 of simulation time using 12 work units.
2016-01-10 11:56:58) Replicate 8 completed with 1.00e+05 of simulation time using 12 work units.
2016-01-10 11:56:58) Replicate 6 completed with 1.00e+05 of simulation time using 12 work units.
2016-01-10 11:56:59) Replicate 9 completed with 1.00e+05 of simulation time using 12 work units.
2016-01-10 11:56:59) Replicate 15 completed with 1.00e+05 of simulation time using 12 work units.
2016-01-10 11:56:59) Replicate 1 completed with 1.00e+05 of simulation time using 12 work units.
2016-01-10 11:56:59) Replicate 5 completed with 1.00e+05 of simulation time using 12 work units.
2016-01-10 11:56:59) Replicate 3 completed with 1.00e+05 of simulation time using 12 work units.
2016-01-10 11:56:59) Replicate 10 completed with 1.00e+05 of simulation time using 12 work units.
2016-01-10 11:56:59) Replicate 14 completed with 1.00e+05 of simulation time using 12 work units.
2016-01-10 11:56:59) Replicate 16 completed with 1.00e+05 of simulation time using 12 work units.
2016-01-10 11:56:59) Replicate 4 completed with 1.00e+05 of simulation time using 12 work units.
2016-01-10 11:56:59) Replicate 12 completed with 1.00e+05 of simulation time using 12 work units.
2016-01-10 11:56:59) Replicate 2 completed with 1.00e+05 of simulation time using 12 work units.
2016-01-10 11:56:59) Replicate 13 completed with 1.00e+05 of simulation time using 12 work units.
2016-01-10 11:56:59) Replicate 7 completed with 1.00e+05 of simulation time using 12 work units.
2016-01-10 11:56:59) Replicate supervisor finished 16 replicates in 129.38 seconds.
2016-01-10 11:56:59) Simulation finished.
2016-01-10 11:56:59) Finished 28 work units (ids in range 164 to 191) with 28 parts in the last 8.5 seconds. 120714886 steps in 8.403e+00 seconds (1.437e+07 steps/second).
2016-01-10 11:56:59) Supervisor 0:2 finished.
2016-01-10 11:56:59) Wrote 16 messages (29777 bytes) in the last 0.1 seconds (0.000135 seconds writing). 0 messages (0 bytes) queued. Flushing.
2016-01-10 11:56:59) OutputWriter::HelperThread 0:4 finished.
2016-01-10 11:56:59) OutputWriter 0:3 finished.
2016-01-10 11:56:59) Work unit runner 0:5 finished.
2016-01-10 11:56:59) Resource controller 0:1 finished.
2016-01-10 11:56:59) Closing MPI library.
2016-01-10 11:56:59) Program execution finished.
