Lattice Microbe ES v2016.01.20 build 1 in 64-bit mode with options MPI AVX.
Copyright (C) 2008-2012 Luthey-Schulten Group, University of Illinois at Urbana-Champaign.
Copyright (C) 2012-2016 Roberts Group, Johns Hopkins University.

MPI version 3.0 with thread support MPI_THREAD_MULTIPLE.
Running with 1 process(es).

2016-01-10 11:50:45) Resource controller 0:1 started.
2016-01-10 11:50:45) Supervisor 0:2 started.
2016-01-10 11:50:45) Resource controller 0:1 on barkeri.bph.jhu.edu registered with 8 cpu core(s) and 0 gpu device(s).
2016-01-10 11:50:45) Registered resources for host barkeri.bph.jhu.edu (defaults=1): 2 cpu cores, 0 gpu devices
2016-01-10 11:50:45) All resources registered with supervisor, starting workers.
2016-01-10 11:50:45) Reserved core 0 on 0:1 for the output writer.
2016-01-10 11:50:45) Creating slot 0 on process (0:1) using resources: barkeri.bph.jhu.edu; cpu core list:1; gpu device list:<none>.
2016-01-10 11:50:45) OutputWriter 0:3 started.
2016-01-10 11:50:45) OutputWriter::HelperThread 0:4 started.
2016-01-10 11:50:45) Output writer started: 0:3.
2016-01-10 11:50:45) Work Unit runner 0:5 started with 1 cpu cores (affinity=0) and 0 gpus.
2016-01-10 11:50:45) Work unit runner started: 0:5.
2016-01-10 11:50:45) All supervisor workers have started, beginning simulation.
2016-01-10 11:50:45) Replicate supervisor starting simulation.
2016-01-10 11:50:45) Simulation started.
2016-01-10 11:51:46) Wrote 81 messages (6196 bytes) in the last 60.6 seconds (0.000639 seconds writing). 0 messages (0 bytes) queued. Flushing.
2016-01-10 11:51:46) Finished 82 work units (ids in range 0 to 81) with 82 parts in the last 60.6 seconds. 820000000 steps in 6.029e+01 seconds (1.360e+07 steps/second).
2016-01-10 11:52:46) Finished 91 work units (ids in range 82 to 172) with 91 parts in the last 60.5 seconds. 910000000 steps in 6.024e+01 seconds (1.511e+07 steps/second).
2016-01-10 11:52:48) Wrote 79 messages (6194 bytes) in the last 62.5 seconds (0.000528 seconds writing). 0 messages (0 bytes) queued. Flushing.
2016-01-10 11:52:48) Replicate 4 completed with 1.00e+05 of simulation time using 12 work units.
2016-01-10 11:52:48) Replicate 11 completed with 1.00e+05 of simulation time using 12 work units.
2016-01-10 11:52:48) Replicate 14 completed with 1.00e+05 of simulation time using 12 work units.
2016-01-10 11:52:48) Replicate 7 completed with 1.00e+05 of simulation time using 12 work units.
2016-01-10 11:52:48) Replicate 6 completed with 1.00e+05 of simulation time using 12 work units.
2016-01-10 11:52:48) Replicate 16 completed with 1.00e+05 of simulation time using 12 work units.
2016-01-10 11:52:48) Replicate 12 completed with 1.00e+05 of simulation time using 12 work units.
2016-01-10 11:52:48) Replicate 1 completed with 1.00e+05 of simulation time using 12 work units.
2016-01-10 11:52:48) Replicate 8 completed with 1.00e+05 of simulation time using 12 work units.
2016-01-10 11:52:48) Replicate 3 completed with 1.00e+05 of simulation time using 12 work units.
2016-01-10 11:52:48) Replicate 13 completed with 1.00e+05 of simulation time using 12 work units.
2016-01-10 11:52:48) Replicate 9 completed with 1.00e+05 of simulation time using 12 work units.
2016-01-10 11:52:48) Replicate 2 completed with 1.00e+05 of simulation time using 12 work units.
2016-01-10 11:52:48) Replicate 15 completed with 1.00e+05 of simulation time using 12 work units.
2016-01-10 11:52:48) Replicate 10 completed with 1.00e+05 of simulation time using 12 work units.
2016-01-10 11:52:48) Replicate 5 completed with 1.00e+05 of simulation time using 12 work units.
2016-01-10 11:52:48) Replicate supervisor finished 16 replicates in 123.18 seconds.
2016-01-10 11:52:48) Simulation finished.
2016-01-10 11:52:48) Finished 19 work units (ids in range 173 to 191) with 19 parts in the last 2.1 seconds. 30627923 steps in 2.060e+00 seconds (1.487e+07 steps/second).
2016-01-10 11:52:48) Supervisor 0:2 finished.
2016-01-10 11:52:48) Wrote 16 messages (29814 bytes) in the last 0.1 seconds (0.000134 seconds writing). 0 messages (0 bytes) queued. Flushing.
2016-01-10 11:52:48) OutputWriter::HelperThread 0:4 finished.
2016-01-10 11:52:48) OutputWriter 0:3 finished.
2016-01-10 11:52:48) Work unit runner 0:5 finished.
2016-01-10 11:52:48) Resource controller 0:1 finished.
2016-01-10 11:52:48) Closing MPI library.
2016-01-10 11:52:48) Program execution finished.
