Lattice Microbe ES v2018.12 Release build 2019-01-03-16-49-44 in 64-bit mode with options AVX CPP11 SBML SNAPPY.
Copyright (C) 2012-2018 Roberts Group, Johns Hopkins University.
Copyright (C) 2008-2012 Luthey-Schulten Group, University of Illinois at Urbana-Champaign.

2019-01-03 16:58:15) saving simulation output () to: 
2019-01-03 16:58:15) Initializing communications library.
2019-01-03 16:58:15) Using local communicator on host barkeri.bph.jhu.edu.
2019-01-03 16:58:15) Resource controller @1 started.
2019-01-03 16:58:15) Parsed the following user-defined simulation parameters:
          KEY  VALUE
      maxTime 100000
writeInterval  10000

2019-01-03 16:58:15) Hypervisor @0 of type lm::simulation::SimpleHypervisor started.
2019-01-03 16:58:15) Resource controller @1 on barkeri.bph.jhu.edu registered with 8 cpu core(s) and 0 gpu device(s).
2019-01-03 16:58:15) Registered resources for host barkeri.bph.jhu.edu (defaults=1): 2 cpu cores, 0 gpu devices
2019-01-03 16:58:15) All resources registered with hypervisor, starting workers.
2019-01-03 16:58:15) Reserved core 0 on @1 for the output writer.
2019-01-03 16:58:15) OutputWriter @3 started.
2019-01-03 16:58:15) Creating slot 0 on @1 using resources: barkeri.bph.jhu.edu:c=1.
2019-01-03 16:58:15) OutputPerformanceSignaler @4 started, writing performance statistics every 60 seconds.
2019-01-03 16:58:15) OutputWriter::HelperThread @3 started.
2019-01-03 16:58:15) Output writer started: @3.
2019-01-03 16:58:15) Work Unit runner @5 started with 1 cpu cores (affinity=0) and 0 gpus.
2019-01-03 16:58:15) Output performance signaller started: @4.
2019-01-03 16:58:15) Work unit runner started: @5.
2019-01-03 16:58:15) All hypervisor workers have started, beginning job.
2019-01-03 16:58:15) Job started.
2019-01-03 16:58:15) Supervisor @6 of type lm::replicates::ReplicateSupervisor started.
2019-01-03 16:58:15) Replicate supervisor started.
2019-01-03 16:59:15) ========================================================================================================================
2019-01-03 16:59:15) Performance statistics.
2019-01-03 16:59:15) Supervisor @6 finished 12 work units (ids in range 0 to 12) with 12 parts in the last interval. 1200000000 steps in 5.881e+01 seconds (2.040e+07 steps/second).
2019-01-03 16:59:15) Replicate status: 0 aborted, 0 finished, 1 running, 14 waiting
2019-01-03 16:59:15)         Id       State      Time Work_Units
2019-01-03 16:59:15) -------------------------------------------
2019-01-03 16:59:15)          1 NOT_STARTED 0.000e+00          0
2019-01-03 16:59:15)          2 NOT_STARTED 0.000e+00          0
2019-01-03 16:59:15)          3     RUNNING 0.000e+00          0
2019-01-03 16:59:15)          4     WAITING 5.000e+04          1
2019-01-03 16:59:15)          5     WAITING 5.000e+04          1
2019-01-03 16:59:15)          6     WAITING 5.000e+04          1
2019-01-03 16:59:15)          7     WAITING 5.000e+04          1
2019-01-03 16:59:15)          8     WAITING 5.000e+04          1
2019-01-03 16:59:15)          9     WAITING 4.999e+04          1
2019-01-03 16:59:15)         10     WAITING 5.000e+04          1
2019-01-03 16:59:15)         11     WAITING 5.000e+04          1
2019-01-03 16:59:15)         12     WAITING 5.000e+04          1
2019-01-03 16:59:15)         13     WAITING 5.000e+04          1
2019-01-03 16:59:15)         14     WAITING 4.999e+04          1
2019-01-03 16:59:15)         15     WAITING 5.000e+04          1
2019-01-03 16:59:15) Slot status
2019-01-03 16:59:15)  Slot                                Resources Address  ME_Work_Units           Steps      Time Steps/Sec PDE_Work_Units           Steps      Time Steps/Sec
2019-01-03 16:59:15) ------------------------------------------------------------------------------------------------------------------------------------------------------------
2019-01-03 16:59:15)     0                  barkeri.bph.jhu.edu:c=1      @5             12      1200000000 5.881e+01 2.040e+07              0               0 0.000e+00       nan
2019-01-03 16:59:15) OutputWriter wrote 12 messages (1299 bytes) in the last 59.4 seconds (0.000005 seconds writing). 0 messages (0 bytes) queued.
2019-01-03 16:59:43) Replicate 9 completed with 1.00e+05 of simulation time using 2 work units.
2019-01-03 16:59:48) Replicate 6 completed with 1.00e+05 of simulation time using 2 work units.
2019-01-03 17:00:08) Replicate 15 completed with 1.00e+05 of simulation time using 2 work units.
2019-01-03 17:00:13) Replicate 4 completed with 1.00e+05 of simulation time using 2 work units.
2019-01-03 17:00:15) ========================================================================================================================
2019-01-03 17:00:15) Performance statistics.
2019-01-03 17:00:15) Supervisor @6 finished 12 work units (ids in range 13 to 24) with 12 parts in the last interval. 1199974724 steps in 5.910e+01 seconds (2.030e+07 steps/second).
2019-01-03 17:00:15) Replicate status: 0 aborted, 4 finished, 1 running, 10 waiting
2019-01-03 17:00:15)         Id       State      Time Work_Units
2019-01-03 17:00:15) -------------------------------------------
2019-01-03 17:00:15)          1     WAITING 5.000e+04          1
2019-01-03 17:00:15)          2     WAITING 5.001e+04          1
2019-01-03 17:00:15)          3     WAITING 1.000e+05          2
2019-01-03 17:00:15)          4    FINISHED 1.000e+05          2
2019-01-03 17:00:15)          5     WAITING 5.000e+04          1
2019-01-03 17:00:15)          6    FINISHED 1.000e+05          2
2019-01-03 17:00:15)          7     WAITING 1.000e+05          2
2019-01-03 17:00:15)          8     WAITING 1.000e+05          2
2019-01-03 17:00:15)          9    FINISHED 1.000e+05          2
2019-01-03 17:00:15)         10     WAITING 5.000e+04          1
2019-01-03 17:00:15)         11     WAITING 5.000e+04          1
2019-01-03 17:00:15)         12     RUNNING 5.000e+04          1
2019-01-03 17:00:15)         13     WAITING 9.999e+04          2
2019-01-03 17:00:15)         14     WAITING 1.000e+05          2
2019-01-03 17:00:15)         15    FINISHED 1.000e+05          2
2019-01-03 17:00:15) Slot status
2019-01-03 17:00:15)  Slot                                Resources Address  ME_Work_Units           Steps      Time Steps/Sec PDE_Work_Units           Steps      Time Steps/Sec
2019-01-03 17:00:15) ------------------------------------------------------------------------------------------------------------------------------------------------------------
2019-01-03 17:00:15)     0                  barkeri.bph.jhu.edu:c=1      @5             24      2399974724 1.179e+02 2.035e+07              0               0 0.000e+00       nan
2019-01-03 17:00:15) OutputWriter wrote 12 messages (1308 bytes) in the last 60.0 seconds (0.000004 seconds writing). 0 messages (0 bytes) queued.
2019-01-03 17:00:23) Replicate 1 completed with 1.00e+05 of simulation time using 2 work units.
2019-01-03 17:00:33) Replicate 10 completed with 1.00e+05 of simulation time using 2 work units.
2019-01-03 17:00:38) Replicate 5 completed with 1.00e+05 of simulation time using 2 work units.
2019-01-03 17:00:42) Replicate 2 completed with 1.00e+05 of simulation time using 2 work units.
2019-01-03 17:00:42) Replicate 13 completed with 1.00e+05 of simulation time using 3 work units.
2019-01-03 17:00:42) Replicate 11 completed with 1.00e+05 of simulation time using 3 work units.
2019-01-03 17:00:42) Replicate 12 completed with 1.00e+05 of simulation time using 3 work units.
2019-01-03 17:00:42) Replicate 8 completed with 1.00e+05 of simulation time using 3 work units.
2019-01-03 17:00:42) Replicate 3 completed with 1.00e+05 of simulation time using 3 work units.
2019-01-03 17:00:42) Replicate 14 completed with 1.00e+05 of simulation time using 3 work units.
2019-01-03 17:00:42) Replicate 7 completed with 1.00e+05 of simulation time using 3 work units.
2019-01-03 17:00:42) Replicate supervisor finished 15 replicates in 1.474e+02 seconds.
2019-01-03 17:00:42) Job finished.
2019-01-03 17:00:42) Supervisor @6 finished.
2019-01-03 17:00:42) Hypervisor @0 finished.
2019-01-03 17:00:42) Work unit runner @5 finished.
2019-01-03 17:00:42) OutputPerformanceSignaler @4 finished.
2019-01-03 17:00:42) OutputWriter wrote 37 messages and 3713 bytes total.
2019-01-03 17:00:42) OutputWriter::HelperThread @3 finished.
2019-01-03 17:00:42) OutputWriter @3 flushing and closing.
2019-01-03 17:00:42) OutputWriter @3 finished.
2019-01-03 17:00:42) Resource controller @1 finished.
2019-01-03 17:00:42) Finalizing communications library.
2019-01-03 17:00:42) Program execution finished.
