Lattice Microbe ES v2016.01.20 build 1 in 64-bit mode with options MPI AVX.
Copyright (C) 2008-2012 Luthey-Schulten Group, University of Illinois at Urbana-Champaign.
Copyright (C) 2012-2016 Roberts Group, Johns Hopkins University.

MPI version 3.0 with thread support MPI_THREAD_MULTIPLE.
Running with 1 process(es).

2016-01-11 10:41:45) Resource controller 0:1 started.
2016-01-11 10:41:45) Supervisor 0:2 started.
2016-01-11 10:41:45) Resource controller 0:1 on barkeri.bph.jhu.edu registered with 8 cpu core(s) and 0 gpu device(s).
2016-01-11 10:41:45) Registered resources for host barkeri.bph.jhu.edu (defaults=1): 2 cpu cores, 0 gpu devices
2016-01-11 10:41:45) All resources registered with supervisor, starting workers.
2016-01-11 10:41:45) Reserved core 0 on 0:1 for the output writer.
2016-01-11 10:41:45) Creating slot 0 on process (0:1) using resources: barkeri.bph.jhu.edu; cpu core list:1; gpu device list:<none>.
2016-01-11 10:41:45) OutputWriter 0:3 started.
2016-01-11 10:41:45) OutputWriter::HelperThread 0:4 started.
2016-01-11 10:41:45) Work Unit runner 0:5 started with 1 cpu cores (affinity=0) and 0 gpus.
2016-01-11 10:41:45) Output writer started: 0:3.
2016-01-11 10:41:45) Work unit runner started: 0:5.
2016-01-11 10:41:45) All supervisor workers have started, beginning simulation.
2016-01-11 10:41:45) Replicate supervisor starting simulation.
2016-01-11 10:41:45) Simulation started.
2016-01-11 10:42:45) Wrote 10 messages (8265 bytes) in the last 60.4 seconds (0.000128 seconds writing). 0 messages (0 bytes) queued. Flushing.
2016-01-11 10:42:45) Finished 11 work units (ids in range 0 to 10) with 11 parts in the last 60.5 seconds. 110000000 steps in 6.039e+01 seconds (1.821e+06 steps/second).
2016-01-11 10:43:49) Wrote 12 messages (9961 bytes) in the last 63.4 seconds (0.000123 seconds writing). 0 messages (0 bytes) queued. Flushing.
2016-01-11 10:43:49) Finished 12 work units (ids in range 11 to 22) with 12 parts in the last 63.4 seconds. 120000000 steps in 6.339e+01 seconds (1.893e+06 steps/second).
2016-01-11 10:43:58) Replicate 1 completed with 5.00e+02 of simulation time using 4 work units.
2016-01-11 10:44:02) Replicate 2 completed with 5.00e+02 of simulation time using 4 work units.
2016-01-11 10:44:06) Replicate 5 completed with 5.00e+02 of simulation time using 4 work units.
2016-01-11 10:44:10) Replicate 3 completed with 5.00e+02 of simulation time using 4 work units.
2016-01-11 10:44:14) Replicate 4 completed with 5.00e+02 of simulation time using 4 work units.
2016-01-11 10:44:18) Replicate 6 completed with 5.00e+02 of simulation time using 4 work units.
2016-01-11 10:44:22) Replicate 7 completed with 5.00e+02 of simulation time using 4 work units.
2016-01-11 10:44:25) Replicate 8 completed with 5.00e+02 of simulation time using 4 work units.
2016-01-11 10:44:25) Replicate supervisor finished 8 replicates in 160.61 seconds.
2016-01-11 10:44:25) Simulation finished.
2016-01-11 10:44:25) Finished 9 work units (ids in range 23 to 31) with 9 parts in the last 36.7 seconds. 69177797 steps in 3.671e+01 seconds (1.884e+06 steps/second).
2016-01-11 10:44:25) Supervisor 0:2 finished.
2016-01-11 10:44:25) Wrote 10 messages (6315 bytes) in the last 36.8 seconds (0.000095 seconds writing). 0 messages (0 bytes) queued. Flushing.
2016-01-11 10:44:25) OutputWriter::HelperThread 0:4 finished.
2016-01-11 10:44:25) OutputWriter 0:3 finished.
2016-01-11 10:44:25) Work unit runner 0:5 finished.
2016-01-11 10:44:25) Resource controller 0:1 finished.
2016-01-11 10:44:25) Closing MPI library.
2016-01-11 10:44:25) Program execution finished.
