Lattice Microbe v2015.06.29 build 1 in 64-bit mode with options MPI.
Copyright (C) 2008-2012 Luthey-Schulten Group, University of Illinois at Urbana-Champaign.
Copyright (C) 2012-2015 Roberts Group, Johns Hopkins University.

MPI version 3.0 with thread support MPI_THREAD_MULTIPLE.
Running with 1 process(es).

2016-01-11 10:39:12) Resource controller 0:1 started.
2016-01-11 10:39:12) Supervisor 0:2 started.
2016-01-11 10:39:12) Resource controller 0:1 on login-node03 registered with 24 cpu core(s) and 0 gpu device(s).
2016-01-11 10:39:12) Registered resources for host login-node03 (defaults=1): 2 cpu cores, 0 gpu devices
2016-01-11 10:39:12) All resources registered with supervisor, starting workers.
2016-01-11 10:39:12) Reserved core 0 on 0:1 for the output writer.
2016-01-11 10:39:12) Creating slot 0 on process (0:1) using resources: login-node03; cpu core list:1; gpu device list:<none>.
2016-01-11 10:39:12) OutputWriter 0:3 started.
2016-01-11 10:39:12) OutputWriter::HelperThread 0:4 started.
2016-01-11 10:39:12) Work Unit runner 0:5 started with 1 cpu cores (affinity=0) and 0 gpus.
2016-01-11 10:39:12) Output writer started: 0:3.
2016-01-11 10:39:12) Work unit runner started: 0:5.
2016-01-11 10:39:12) All supervisor workers have started, beginning simulation.
2016-01-11 10:39:12) Replicate supervisor starting simulation.
2016-01-11 10:40:15) Wrote 10 messages (7982 bytes) in the last 63.0 seconds (0.000008 seconds writing). 0 messages (0 bytes) queued. Flushing.
2016-01-11 10:40:15) Finished 11 work units (ids in range 0 to 10) in the last 63.0 seconds. 110000000 steps in 6.293e+01 seconds (1.748e+06 steps/second).
2016-01-11 10:41:16) Wrote 11 messages (8740 bytes) in the last 60.9 seconds (0.000008 seconds writing). 0 messages (0 bytes) queued. Flushing.
2016-01-11 10:41:16) Finished 11 work units (ids in range 11 to 21) in the last 60.9 seconds. 110000000 steps in 6.091e+01 seconds (1.806e+06 steps/second).
2016-01-11 10:41:31) Replicate 1 completed with 5.00e+02 of simulation time using 4 work units.
2016-01-11 10:41:35) Replicate 5 completed with 5.00e+02 of simulation time using 4 work units.
2016-01-11 10:41:40) Replicate 6 completed with 5.00e+02 of simulation time using 4 work units.
2016-01-11 10:41:44) Replicate 8 completed with 5.00e+02 of simulation time using 4 work units.
2016-01-11 10:41:48) Replicate 2 completed with 5.00e+02 of simulation time using 4 work units.
2016-01-11 10:41:52) Replicate 7 completed with 5.00e+02 of simulation time using 4 work units.
2016-01-11 10:41:56) Replicate 4 completed with 5.00e+02 of simulation time using 4 work units.
2016-01-11 10:42:00) Replicate 3 completed with 5.00e+02 of simulation time using 4 work units.
2016-01-11 10:42:00) Simulation finished.
2016-01-11 10:42:00) Replicate supervisor finished 8 replicates in 167.90 seconds.
2016-01-11 10:42:00) Finished 10 work units (ids in range 22 to 31) in the last 44.0 seconds. 79215271 steps in 4.397e+01 seconds (1.802e+06 steps/second).
2016-01-11 10:42:00) Supervisor 0:2 finished.
2016-01-11 10:42:00) Wrote 11 messages (6731 bytes) in the last 44.0 seconds (0.000008 seconds writing). 0 messages (0 bytes) queued. Flushing.
2016-01-11 10:42:00) OutputWriter::HelperThread 0:4 finished.
2016-01-11 10:42:00) OutputWriter 0:3 finished.
2016-01-11 10:42:00) Work unit runner 0:5 finished.
2016-01-11 10:42:00) Resource controller 0:1 finished.
2016-01-11 10:42:00) Closing MPI library.
2016-01-11 10:42:00) Program execution finished.
