Lattice Microbe ES v2016.01.20 build 1 in 64-bit mode with options MPI AVX.
Copyright (C) 2008-2012 Luthey-Schulten Group, University of Illinois at Urbana-Champaign.
Copyright (C) 2012-2016 Roberts Group, Johns Hopkins University.

MPI version 3.0 with thread support MPI_THREAD_MULTIPLE.
Running with 1 process(es).

2016-01-11 10:37:06) Resource controller 0:1 started.
2016-01-11 10:37:06) Supervisor 0:2 started.
2016-01-11 10:37:06) Resource controller 0:1 on xanthus-cp-2 registered with 32 cpu core(s) and 0 gpu device(s).
2016-01-11 10:37:06) Registered resources for host xanthus-cp-2 (defaults=1): 2 cpu cores, 0 gpu devices
2016-01-11 10:37:06) All resources registered with supervisor, starting workers.
2016-01-11 10:37:06) Reserved core 0 on 0:1 for the output writer.
2016-01-11 10:37:06) Creating slot 0 on process (0:1) using resources: xanthus-cp-2; cpu core list:1; gpu device list:<none>.
2016-01-11 10:37:06) OutputWriter 0:3 started.
2016-01-11 10:37:06) OutputWriter::HelperThread 0:4 started.
2016-01-11 10:37:06) Work Unit runner 0:5 started with 1 cpu cores (affinity=0) and 0 gpus.
2016-01-11 10:37:06) Output writer started: 0:3.
2016-01-11 10:37:06) Work unit runner started: 0:5.
2016-01-11 10:37:06) All supervisor workers have started, beginning simulation.
2016-01-11 10:37:06) Replicate supervisor starting simulation.
2016-01-11 10:37:06) Simulation started.
2016-01-11 10:38:10) Wrote 11 messages (9021 bytes) in the last 63.6 seconds (0.000255 seconds writing). 0 messages (0 bytes) queued. Flushing.
2016-01-11 10:38:10) Finished 12 work units (ids in range 0 to 11) with 12 parts in the last 63.6 seconds. 120000000 steps in 6.356e+01 seconds (1.888e+06 steps/second).
2016-01-11 10:39:13) Wrote 12 messages (10001 bytes) in the last 62.5 seconds (0.000156 seconds writing). 0 messages (0 bytes) queued. Flushing.
2016-01-11 10:39:13) Finished 12 work units (ids in range 12 to 23) with 12 parts in the last 62.5 seconds. 120000000 steps in 6.246e+01 seconds (1.921e+06 steps/second).
2016-01-11 10:39:16) Replicate 3 completed with 5.00e+02 of simulation time using 4 work units.
2016-01-11 10:39:20) Replicate 5 completed with 5.00e+02 of simulation time using 4 work units.
2016-01-11 10:39:24) Replicate 2 completed with 5.00e+02 of simulation time using 4 work units.
2016-01-11 10:39:28) Replicate 4 completed with 5.00e+02 of simulation time using 4 work units.
2016-01-11 10:39:32) Replicate 7 completed with 5.00e+02 of simulation time using 4 work units.
2016-01-11 10:39:36) Replicate 1 completed with 5.00e+02 of simulation time using 4 work units.
2016-01-11 10:39:40) Replicate 8 completed with 5.00e+02 of simulation time using 4 work units.
2016-01-11 10:39:44) Replicate 6 completed with 5.00e+02 of simulation time using 4 work units.
2016-01-11 10:39:44) Replicate supervisor finished 8 replicates in 157.55 seconds.
2016-01-11 10:39:44) Simulation finished.
2016-01-11 10:39:44) Finished 8 work units (ids in range 24 to 31) with 8 parts in the last 31.5 seconds. 59244185 steps in 3.144e+01 seconds (1.884e+06 steps/second).
2016-01-11 10:39:44) Supervisor 0:2 finished.
2016-01-11 10:39:44) Wrote 9 messages (5495 bytes) in the last 31.5 seconds (0.000084 seconds writing). 0 messages (0 bytes) queued. Flushing.
2016-01-11 10:39:44) OutputWriter::HelperThread 0:4 finished.
2016-01-11 10:39:44) OutputWriter 0:3 finished.
2016-01-11 10:39:44) Work unit runner 0:5 finished.
2016-01-11 10:39:44) Resource controller 0:1 finished.
2016-01-11 10:39:44) Closing MPI library.
2016-01-11 10:39:44) Program execution finished.
