Lattice Microbe ES v2016.01.20 build 1 in 64-bit mode with options MPI AVX.
Copyright (C) 2008-2012 Luthey-Schulten Group, University of Illinois at Urbana-Champaign.
Copyright (C) 2012-2016 Roberts Group, Johns Hopkins University.

MPI version 3.0 with thread support MPI_THREAD_MULTIPLE.
Running with 1 process(es).

2016-01-11 10:34:30) Resource controller 0:1 started.
2016-01-11 10:34:30) Supervisor 0:2 started.
2016-01-11 10:34:30) Resource controller 0:1 on xanthus-cp-2 registered with 32 cpu core(s) and 0 gpu device(s).
2016-01-11 10:34:30) Registered resources for host xanthus-cp-2 (defaults=1): 2 cpu cores, 0 gpu devices
2016-01-11 10:34:30) All resources registered with supervisor, starting workers.
2016-01-11 10:34:30) Reserved core 0 on 0:1 for the output writer.
2016-01-11 10:34:30) Creating slot 0 on process (0:1) using resources: xanthus-cp-2; cpu core list:1; gpu device list:<none>.
2016-01-11 10:34:30) OutputWriter 0:3 started.
2016-01-11 10:34:30) Work Unit runner 0:4 started with 1 cpu cores (affinity=0) and 0 gpus.
2016-01-11 10:34:30) OutputWriter::HelperThread 0:5 started.
2016-01-11 10:34:30) Output writer started: 0:3.
2016-01-11 10:34:30) Work unit runner started: 0:4.
2016-01-11 10:34:30) All supervisor workers have started, beginning simulation.
2016-01-11 10:34:30) Replicate supervisor starting simulation.
2016-01-11 10:34:30) Simulation started.
2016-01-11 10:35:33) Wrote 11 messages (9091 bytes) in the last 63.6 seconds (0.000101 seconds writing). 0 messages (0 bytes) queued. Flushing.
2016-01-11 10:35:33) Finished 12 work units (ids in range 0 to 11) with 12 parts in the last 63.6 seconds. 120000000 steps in 6.354e+01 seconds (1.888e+06 steps/second).
2016-01-11 10:36:36) Wrote 12 messages (9921 bytes) in the last 62.3 seconds (0.000088 seconds writing). 0 messages (0 bytes) queued. Flushing.
2016-01-11 10:36:36) Finished 12 work units (ids in range 12 to 23) with 12 parts in the last 62.3 seconds. 120000000 steps in 6.224e+01 seconds (1.928e+06 steps/second).
2016-01-11 10:36:39) Replicate 8 completed with 5.00e+02 of simulation time using 4 work units.
2016-01-11 10:36:43) Replicate 4 completed with 5.00e+02 of simulation time using 4 work units.
2016-01-11 10:36:47) Replicate 3 completed with 5.00e+02 of simulation time using 4 work units.
2016-01-11 10:36:51) Replicate 7 completed with 5.00e+02 of simulation time using 4 work units.
2016-01-11 10:36:55) Replicate 5 completed with 5.00e+02 of simulation time using 4 work units.
2016-01-11 10:36:59) Replicate 2 completed with 5.00e+02 of simulation time using 4 work units.
2016-01-11 10:37:03) Replicate 6 completed with 5.00e+02 of simulation time using 4 work units.
2016-01-11 10:37:06) Replicate 1 completed with 5.00e+02 of simulation time using 4 work units.
2016-01-11 10:37:06) Replicate supervisor finished 8 replicates in 156.56 seconds.
2016-01-11 10:37:06) Simulation finished.
2016-01-11 10:37:06) Finished 8 work units (ids in range 24 to 31) with 8 parts in the last 30.7 seconds. 59115244 steps in 3.068e+01 seconds (1.927e+06 steps/second).
2016-01-11 10:37:06) Supervisor 0:2 finished.
2016-01-11 10:37:06) Wrote 9 messages (5451 bytes) in the last 30.7 seconds (0.000069 seconds writing). 0 messages (0 bytes) queued. Flushing.
2016-01-11 10:37:06) OutputWriter::HelperThread 0:5 finished.
2016-01-11 10:37:06) OutputWriter 0:3 finished.
2016-01-11 10:37:06) Work unit runner 0:4 finished.
2016-01-11 10:37:06) Resource controller 0:1 finished.
2016-01-11 10:37:06) Closing MPI library.
2016-01-11 10:37:06) Program execution finished.
