Lattice Microbe ES v2016.01.20 build 1 in 64-bit mode with options MPI AVX.
Copyright (C) 2008-2012 Luthey-Schulten Group, University of Illinois at Urbana-Champaign.
Copyright (C) 2012-2016 Roberts Group, Johns Hopkins University.

MPI version 3.0 with thread support MPI_THREAD_MULTIPLE.
Running with 1 process(es).

2016-01-11 10:46:08) Resource controller 0:1 started.
2016-01-11 10:46:08) Supervisor 0:2 started.
2016-01-11 10:46:08) Resource controller 0:1 on xanthus-hd-1 registered with 8 cpu core(s) and 0 gpu device(s).
2016-01-11 10:46:08) Registered resources for host xanthus-hd-1 (defaults=1): 2 cpu cores, 0 gpu devices
2016-01-11 10:46:08) All resources registered with supervisor, starting workers.
2016-01-11 10:46:08) Reserved core 0 on 0:1 for the output writer.
2016-01-11 10:46:08) Creating slot 0 on process (0:1) using resources: xanthus-hd-1; cpu core list:1; gpu device list:<none>.
2016-01-11 10:46:08) OutputWriter 0:3 started.
2016-01-11 10:46:08) OutputWriter::HelperThread 0:4 started.
2016-01-11 10:46:08) Work Unit runner 0:5 started with 1 cpu cores (affinity=0) and 0 gpus.
2016-01-11 10:46:08) Output writer started: 0:3.
2016-01-11 10:46:08) Work unit runner started: 0:5.
2016-01-11 10:46:08) All supervisor workers have started, beginning simulation.
2016-01-11 10:46:08) Replicate supervisor starting simulation.
2016-01-11 10:46:08) Simulation started.
2016-01-11 10:47:10) Wrote 13 messages (10750 bytes) in the last 61.9 seconds (0.000115 seconds writing). 0 messages (0 bytes) queued. Flushing.
2016-01-11 10:47:10) Finished 14 work units (ids in range 0 to 13) with 14 parts in the last 61.9 seconds. 140000000 steps in 6.182e+01 seconds (2.265e+06 steps/second).
2016-01-11 10:47:58) Replicate 2 completed with 5.00e+02 of simulation time using 4 work units.
2016-01-11 10:48:01) Replicate 1 completed with 5.00e+02 of simulation time using 4 work units.
2016-01-11 10:48:04) Replicate 5 completed with 5.00e+02 of simulation time using 4 work units.
2016-01-11 10:48:08) Replicate 8 completed with 5.00e+02 of simulation time using 4 work units.
2016-01-11 10:48:11) Wrote 15 messages (11463 bytes) in the last 60.6 seconds (0.000121 seconds writing). 0 messages (0 bytes) queued. Flushing.
2016-01-11 10:48:11) Replicate 7 completed with 5.00e+02 of simulation time using 4 work units.
2016-01-11 10:48:11) Finished 15 work units (ids in range 14 to 28) with 15 parts in the last 60.6 seconds. 137005931 steps in 6.053e+01 seconds (2.263e+06 steps/second).
2016-01-11 10:48:14) Replicate 6 completed with 5.00e+02 of simulation time using 4 work units.
2016-01-11 10:48:17) Replicate 4 completed with 5.00e+02 of simulation time using 4 work units.
2016-01-11 10:48:21) Replicate 3 completed with 5.00e+02 of simulation time using 4 work units.
2016-01-11 10:48:21) Replicate supervisor finished 8 replicates in 132.23 seconds.
2016-01-11 10:48:21) Simulation finished.
2016-01-11 10:48:21) Finished 3 work units (ids in range 29 to 31) with 3 parts in the last 9.8 seconds. 22158153 steps in 9.786e+00 seconds (2.264e+06 steps/second).
2016-01-11 10:48:21) Supervisor 0:2 finished.
2016-01-11 10:48:21) Wrote 4 messages (2323 bytes) in the last 9.8 seconds (0.000028 seconds writing). 0 messages (0 bytes) queued. Flushing.
2016-01-11 10:48:21) OutputWriter::HelperThread 0:4 finished.
2016-01-11 10:48:21) OutputWriter 0:3 finished.
2016-01-11 10:48:21) Work unit runner 0:5 finished.
2016-01-11 10:48:21) Resource controller 0:1 finished.
2016-01-11 10:48:21) Closing MPI library.
2016-01-11 10:48:21) Program execution finished.
