Lattice Microbe ES v2016.01.20 build 1 in 64-bit mode with options MPI AVX.
Copyright (C) 2008-2012 Luthey-Schulten Group, University of Illinois at Urbana-Champaign.
Copyright (C) 2012-2016 Roberts Group, Johns Hopkins University.

MPI version 3.0 with thread support MPI_THREAD_MULTIPLE.
Running with 1 process(es).

2016-01-11 10:44:54) Resource controller 0:1 started.
2016-01-11 10:44:54) Supervisor 0:2 started.
2016-01-11 10:44:54) Resource controller 0:1 on xanthus-cp-2 registered with 32 cpu core(s) and 0 gpu device(s).
2016-01-11 10:44:54) Registered resources for host xanthus-cp-2 (defaults=1): 2 cpu cores, 0 gpu devices
2016-01-11 10:44:54) All resources registered with supervisor, starting workers.
2016-01-11 10:44:54) Reserved core 0 on 0:1 for the output writer.
2016-01-11 10:44:54) Creating slot 0 on process (0:1) using resources: xanthus-cp-2; cpu core list:1; gpu device list:<none>.
2016-01-11 10:44:54) OutputWriter 0:3 started.
2016-01-11 10:44:54) Work Unit runner 0:5 started with 1 cpu cores (affinity=0) and 0 gpus.
2016-01-11 10:44:54) OutputWriter::HelperThread 0:4 started.
2016-01-11 10:44:54) Output writer started: 0:3.
2016-01-11 10:44:54) Work unit runner started: 0:5.
2016-01-11 10:44:54) All supervisor workers have started, beginning simulation.
2016-01-11 10:44:54) Replicate supervisor starting simulation.
2016-01-11 10:44:54) Simulation started.
2016-01-11 10:45:57) Wrote 11 messages (9028 bytes) in the last 63.3 seconds (0.000154 seconds writing). 0 messages (0 bytes) queued. Flushing.
2016-01-11 10:45:57) Finished 12 work units (ids in range 0 to 11) with 12 parts in the last 63.4 seconds. 120000000 steps in 6.328e+01 seconds (1.896e+06 steps/second).
2016-01-11 10:46:59) Wrote 12 messages (9945 bytes) in the last 62.0 seconds (0.000174 seconds writing). 0 messages (0 bytes) queued. Flushing.
2016-01-11 10:46:59) Finished 12 work units (ids in range 12 to 23) with 12 parts in the last 62.0 seconds. 120000000 steps in 6.197e+01 seconds (1.936e+06 steps/second).
2016-01-11 10:47:03) Replicate 8 completed with 5.00e+02 of simulation time using 4 work units.
2016-01-11 10:47:07) Replicate 2 completed with 5.00e+02 of simulation time using 4 work units.
2016-01-11 10:47:11) Replicate 5 completed with 5.00e+02 of simulation time using 4 work units.
2016-01-11 10:47:15) Replicate 4 completed with 5.00e+02 of simulation time using 4 work units.
2016-01-11 10:47:19) Replicate 1 completed with 5.00e+02 of simulation time using 4 work units.
2016-01-11 10:47:22) Replicate 7 completed with 5.00e+02 of simulation time using 4 work units.
2016-01-11 10:47:26) Replicate 3 completed with 5.00e+02 of simulation time using 4 work units.
2016-01-11 10:47:30) Replicate 6 completed with 5.00e+02 of simulation time using 4 work units.
2016-01-11 10:47:30) Replicate supervisor finished 8 replicates in 156.00 seconds.
2016-01-11 10:47:30) Simulation finished.
2016-01-11 10:47:30) Finished 8 work units (ids in range 24 to 31) with 8 parts in the last 30.7 seconds. 59080761 steps in 3.066e+01 seconds (1.927e+06 steps/second).
2016-01-11 10:47:30) Supervisor 0:2 finished.
2016-01-11 10:47:30) Wrote 9 messages (5445 bytes) in the last 30.7 seconds (0.000115 seconds writing). 0 messages (0 bytes) queued. Flushing.
2016-01-11 10:47:30) OutputWriter::HelperThread 0:4 finished.
2016-01-11 10:47:30) OutputWriter 0:3 finished.
2016-01-11 10:47:30) Work unit runner 0:5 finished.
2016-01-11 10:47:30) Resource controller 0:1 finished.
2016-01-11 10:47:30) Closing MPI library.
2016-01-11 10:47:30) Program execution finished.
