Lattice Microbe ES v2016.01.20 build 1 in 64-bit mode with options MPI AVX FMA SVML.
Copyright (C) 2008-2012 Luthey-Schulten Group, University of Illinois at Urbana-Champaign.
Copyright (C) 2012-2016 Roberts Group, Johns Hopkins University.

MPI version 3.0 with thread support MPI_THREAD_MULTIPLE.
Running with 1 process(es).

2016-01-11 11:26:48) Resource controller 0:1 started.
2016-01-11 11:26:48) Supervisor 0:2 started.
2016-01-11 11:26:48) Resource controller 0:1 on login-node03 registered with 24 cpu core(s) and 0 gpu device(s).
2016-01-11 11:26:48) Registered resources for host login-node03 (defaults=1): 2 cpu cores, 0 gpu devices
2016-01-11 11:26:48) All resources registered with supervisor, starting workers.
2016-01-11 11:26:48) Reserved core 0 on 0:1 for the output writer.
2016-01-11 11:26:48) Creating slot 0 on process (0:1) using resources: login-node03; cpu core list:1; gpu device list:<none>.
2016-01-11 11:26:48) OutputWriter 0:3 started.
2016-01-11 11:26:48) OutputWriter::HelperThread 0:4 started.
2016-01-11 11:26:48) Work Unit runner 0:5 started with 1 cpu cores (affinity=0) and 0 gpus.
2016-01-11 11:26:48) Output writer started: 0:3.
2016-01-11 11:26:48) Work unit runner started: 0:5.
2016-01-11 11:26:48) All supervisor workers have started, beginning simulation.
2016-01-11 11:26:48) Replicate supervisor starting simulation.
2016-01-11 11:26:48) Simulation started.
2016-01-11 11:27:49) Wrote 11 messages (9030 bytes) in the last 60.9 seconds (0.000259 seconds writing). 0 messages (0 bytes) queued. Flushing.
2016-01-11 11:27:49) Finished 12 work units (ids in range 0 to 11) with 12 parts in the last 60.9 seconds. 120000000 steps in 6.087e+01 seconds (1.972e+06 steps/second).
2016-01-11 11:28:51) Wrote 12 messages (9934 bytes) in the last 62.1 seconds (0.000255 seconds writing). 0 messages (0 bytes) queued. Flushing.
2016-01-11 11:28:51) Finished 12 work units (ids in range 12 to 23) with 12 parts in the last 62.1 seconds. 120000000 steps in 6.205e+01 seconds (1.934e+06 steps/second).
2016-01-11 11:28:55) Replicate 5 completed with 5.00e+02 of simulation time using 4 work units.
2016-01-11 11:28:58) Replicate 2 completed with 5.00e+02 of simulation time using 4 work units.
2016-01-11 11:29:02) Replicate 6 completed with 5.00e+02 of simulation time using 4 work units.
2016-01-11 11:29:06) Replicate 1 completed with 5.00e+02 of simulation time using 4 work units.
2016-01-11 11:29:09) Replicate 7 completed with 5.00e+02 of simulation time using 4 work units.
2016-01-11 11:29:13) Replicate 3 completed with 5.00e+02 of simulation time using 4 work units.
2016-01-11 11:29:17) Replicate 8 completed with 5.00e+02 of simulation time using 4 work units.
2016-01-11 11:29:20) Replicate 4 completed with 5.00e+02 of simulation time using 4 work units.
2016-01-11 11:29:20) Replicate supervisor finished 8 replicates in 152.34 seconds.
2016-01-11 11:29:20) Simulation finished.
2016-01-11 11:29:20) Finished 8 work units (ids in range 24 to 31) with 8 parts in the last 29.3 seconds. 59207726 steps in 2.933e+01 seconds (2.019e+06 steps/second).
2016-01-11 11:29:20) Supervisor 0:2 finished.
2016-01-11 11:29:20) Wrote 9 messages (5449 bytes) in the last 29.4 seconds (0.000160 seconds writing). 0 messages (0 bytes) queued. Flushing.
2016-01-11 11:29:20) OutputWriter::HelperThread 0:4 finished.
2016-01-11 11:29:20) OutputWriter 0:3 finished.
2016-01-11 11:29:20) Work unit runner 0:5 finished.
2016-01-11 11:29:20) Resource controller 0:1 finished.
2016-01-11 11:29:20) Closing MPI library.
2016-01-11 11:29:20) Program execution finished.
