Lattice Microbe ES v2016.01.20 build 1 in 64-bit mode with options MPI AVX FMA SVML.
Copyright (C) 2008-2012 Luthey-Schulten Group, University of Illinois at Urbana-Champaign.
Copyright (C) 2012-2016 Roberts Group, Johns Hopkins University.

MPI version 3.0 with thread support MPI_THREAD_MULTIPLE.
Running with 1 process(es).

2016-01-11 11:14:11) Resource controller 0:1 started.
2016-01-11 11:14:11) Supervisor 0:2 started.
2016-01-11 11:14:11) Resource controller 0:1 on login-node03 registered with 24 cpu core(s) and 0 gpu device(s).
2016-01-11 11:14:11) Registered resources for host login-node03 (defaults=1): 2 cpu cores, 0 gpu devices
2016-01-11 11:14:11) All resources registered with supervisor, starting workers.
2016-01-11 11:14:11) Reserved core 0 on 0:1 for the output writer.
2016-01-11 11:14:11) Creating slot 0 on process (0:1) using resources: login-node03; cpu core list:1; gpu device list:<none>.
2016-01-11 11:14:11) OutputWriter 0:3 started.
2016-01-11 11:14:11) OutputWriter::HelperThread 0:4 started.
2016-01-11 11:14:11) Work Unit runner 0:5 started with 1 cpu cores (affinity=0) and 0 gpus.
2016-01-11 11:14:11) Output writer started: 0:3.
2016-01-11 11:14:11) Work unit runner started: 0:5.
2016-01-11 11:14:11) All supervisor workers have started, beginning simulation.
2016-01-11 11:14:11) Replicate supervisor starting simulation.
2016-01-11 11:14:11) Simulation started.
2016-01-11 11:15:12) Wrote 11 messages (8977 bytes) in the last 61.4 seconds (0.000290 seconds writing). 0 messages (0 bytes) queued. Flushing.
2016-01-11 11:15:12) Finished 12 work units (ids in range 0 to 11) with 12 parts in the last 61.4 seconds. 120000000 steps in 6.135e+01 seconds (1.956e+06 steps/second).
2016-01-11 11:16:14) Wrote 12 messages (10011 bytes) in the last 61.4 seconds (0.000200 seconds writing). 0 messages (0 bytes) queued. Flushing.
2016-01-11 11:16:14) Finished 12 work units (ids in range 12 to 23) with 12 parts in the last 61.4 seconds. 120000000 steps in 6.140e+01 seconds (1.954e+06 steps/second).
2016-01-11 11:16:17) Replicate 3 completed with 5.00e+02 of simulation time using 4 work units.
2016-01-11 11:16:21) Replicate 5 completed with 5.00e+02 of simulation time using 4 work units.
2016-01-11 11:16:25) Replicate 2 completed with 5.00e+02 of simulation time using 4 work units.
2016-01-11 11:16:28) Replicate 6 completed with 5.00e+02 of simulation time using 4 work units.
2016-01-11 11:16:32) Replicate 4 completed with 5.00e+02 of simulation time using 4 work units.
2016-01-11 11:16:36) Replicate 7 completed with 5.00e+02 of simulation time using 4 work units.
2016-01-11 11:16:39) Replicate 8 completed with 5.00e+02 of simulation time using 4 work units.
2016-01-11 11:16:43) Replicate 1 completed with 5.00e+02 of simulation time using 4 work units.
2016-01-11 11:16:43) Replicate supervisor finished 8 replicates in 152.18 seconds.
2016-01-11 11:16:43) Simulation finished.
2016-01-11 11:16:43) Finished 8 work units (ids in range 24 to 31) with 8 parts in the last 29.4 seconds. 59031471 steps in 2.933e+01 seconds (2.013e+06 steps/second).
2016-01-11 11:16:43) Supervisor 0:2 finished.
2016-01-11 11:16:43) Wrote 9 messages (5475 bytes) in the last 29.4 seconds (0.000157 seconds writing). 0 messages (0 bytes) queued. Flushing.
2016-01-11 11:16:43) OutputWriter::HelperThread 0:4 finished.
2016-01-11 11:16:43) OutputWriter 0:3 finished.
2016-01-11 11:16:43) Work unit runner 0:5 finished.
2016-01-11 11:16:43) Resource controller 0:1 finished.
2016-01-11 11:16:43) Closing MPI library.
2016-01-11 11:16:43) Program execution finished.
