Lattice Microbe ES v2016.01.20 build 1 in 64-bit mode with options MPI AVX FMA SVML.
Copyright (C) 2008-2012 Luthey-Schulten Group, University of Illinois at Urbana-Champaign.
Copyright (C) 2012-2016 Roberts Group, Johns Hopkins University.

MPI version 3.0 with thread support MPI_THREAD_MULTIPLE.
Running with 1 process(es).

2016-01-11 11:34:26) Resource controller 0:1 started.
2016-01-11 11:34:26) Supervisor 0:2 started.
2016-01-11 11:34:26) Resource controller 0:1 on login-node03 registered with 24 cpu core(s) and 0 gpu device(s).
2016-01-11 11:34:26) Registered resources for host login-node03 (defaults=1): 2 cpu cores, 0 gpu devices
2016-01-11 11:34:26) All resources registered with supervisor, starting workers.
2016-01-11 11:34:26) Reserved core 0 on 0:1 for the output writer.
2016-01-11 11:34:26) Creating slot 0 on process (0:1) using resources: login-node03; cpu core list:1; gpu device list:<none>.
2016-01-11 11:34:26) OutputWriter 0:3 started.
2016-01-11 11:34:26) OutputWriter::HelperThread 0:4 started.
2016-01-11 11:34:26) Work Unit runner 0:5 started with 1 cpu cores (affinity=0) and 0 gpus.
2016-01-11 11:34:26) Output writer started: 0:3.
2016-01-11 11:34:26) Work unit runner started: 0:5.
2016-01-11 11:34:26) All supervisor workers have started, beginning simulation.
2016-01-11 11:34:26) Replicate supervisor starting simulation.
2016-01-11 11:34:26) Simulation started.
2016-01-11 11:35:28) Wrote 11 messages (9057 bytes) in the last 61.5 seconds (0.000290 seconds writing). 0 messages (0 bytes) queued. Flushing.
2016-01-11 11:35:28) Finished 12 work units (ids in range 0 to 11) with 12 parts in the last 61.5 seconds. 120000000 steps in 6.143e+01 seconds (1.953e+06 steps/second).
2016-01-11 11:36:31) Wrote 12 messages (10011 bytes) in the last 62.9 seconds (0.000223 seconds writing). 0 messages (0 bytes) queued. Flushing.
2016-01-11 11:36:31) Finished 12 work units (ids in range 12 to 23) with 12 parts in the last 62.9 seconds. 120000000 steps in 6.286e+01 seconds (1.909e+06 steps/second).
2016-01-11 11:36:34) Replicate 7 completed with 5.00e+02 of simulation time using 4 work units.
2016-01-11 11:36:38) Replicate 6 completed with 5.00e+02 of simulation time using 4 work units.
2016-01-11 11:36:42) Replicate 5 completed with 5.00e+02 of simulation time using 4 work units.
2016-01-11 11:36:45) Replicate 2 completed with 5.00e+02 of simulation time using 4 work units.
2016-01-11 11:36:49) Replicate 3 completed with 5.00e+02 of simulation time using 4 work units.
2016-01-11 11:36:53) Replicate 1 completed with 5.00e+02 of simulation time using 4 work units.
2016-01-11 11:36:56) Replicate 8 completed with 5.00e+02 of simulation time using 4 work units.
2016-01-11 11:37:01) Replicate 4 completed with 5.00e+02 of simulation time using 4 work units.
2016-01-11 11:37:01) Replicate supervisor finished 8 replicates in 154.42 seconds.
2016-01-11 11:37:01) Simulation finished.
2016-01-11 11:37:01) Finished 8 work units (ids in range 24 to 31) with 8 parts in the last 30.1 seconds. 58980609 steps in 3.003e+01 seconds (1.964e+06 steps/second).
2016-01-11 11:37:01) Supervisor 0:2 finished.
2016-01-11 11:37:01) Wrote 9 messages (5471 bytes) in the last 30.1 seconds (0.000153 seconds writing). 0 messages (0 bytes) queued. Flushing.
2016-01-11 11:37:01) OutputWriter::HelperThread 0:4 finished.
2016-01-11 11:37:01) OutputWriter 0:3 finished.
2016-01-11 11:37:01) Work unit runner 0:5 finished.
2016-01-11 11:37:01) Resource controller 0:1 finished.
2016-01-11 11:37:01) Closing MPI library.
2016-01-11 11:37:01) Program execution finished.
