Lattice Microbe ES v2016.01.20 build 1 in 64-bit mode with options MPI AVX.
Copyright (C) 2008-2012 Luthey-Schulten Group, University of Illinois at Urbana-Champaign.
Copyright (C) 2012-2016 Roberts Group, Johns Hopkins University.

MPI version 3.0 with thread support MPI_THREAD_MULTIPLE.
Running with 1 process(es).

2016-01-11 10:15:33) Resource controller 0:1 started.
2016-01-11 10:15:33) Supervisor 0:2 started.
2016-01-11 10:15:33) Resource controller 0:1 on barkeri.bph.jhu.edu registered with 8 cpu core(s) and 0 gpu device(s).
2016-01-11 10:15:33) Registered resources for host barkeri.bph.jhu.edu (defaults=1): 2 cpu cores, 0 gpu devices
2016-01-11 10:15:33) All resources registered with supervisor, starting workers.
2016-01-11 10:15:33) Reserved core 0 on 0:1 for the output writer.
2016-01-11 10:15:33) Creating slot 0 on process (0:1) using resources: barkeri.bph.jhu.edu; cpu core list:1; gpu device list:<none>.
2016-01-11 10:15:33) OutputWriter 0:3 started.
2016-01-11 10:15:33) Work Unit runner 0:4 started with 1 cpu cores (affinity=0) and 0 gpus.
2016-01-11 10:15:33) OutputWriter::HelperThread 0:5 started.
2016-01-11 10:15:33) Output writer started: 0:3.
2016-01-11 10:15:33) Work unit runner started: 0:4.
2016-01-11 10:15:33) All supervisor workers have started, beginning simulation.
2016-01-11 10:15:33) Replicate supervisor starting simulation.
2016-01-11 10:15:33) Simulation started.
2016-01-11 10:16:34) Wrote 11 messages (9033 bytes) in the last 61.5 seconds (0.000138 seconds writing). 0 messages (0 bytes) queued. Flushing.
2016-01-11 10:16:34) Finished 12 work units (ids in range 0 to 11) with 12 parts in the last 61.5 seconds. 120000000 steps in 6.145e+01 seconds (1.953e+06 steps/second).
2016-01-11 10:17:36) Wrote 12 messages (9997 bytes) in the last 61.4 seconds (0.000125 seconds writing). 0 messages (0 bytes) queued. Flushing.
2016-01-11 10:17:36) Finished 12 work units (ids in range 12 to 23) with 12 parts in the last 61.4 seconds. 120000000 steps in 6.138e+01 seconds (1.955e+06 steps/second).
2016-01-11 10:17:40) Replicate 6 completed with 5.00e+02 of simulation time using 4 work units.
2016-01-11 10:17:43) Replicate 1 completed with 5.00e+02 of simulation time using 4 work units.
2016-01-11 10:17:47) Replicate 3 completed with 5.00e+02 of simulation time using 4 work units.
2016-01-11 10:17:51) Replicate 8 completed with 5.00e+02 of simulation time using 4 work units.
2016-01-11 10:17:55) Replicate 5 completed with 5.00e+02 of simulation time using 4 work units.
2016-01-11 10:17:59) Replicate 7 completed with 5.00e+02 of simulation time using 4 work units.
2016-01-11 10:18:02) Replicate 4 completed with 5.00e+02 of simulation time using 4 work units.
2016-01-11 10:18:06) Replicate 2 completed with 5.00e+02 of simulation time using 4 work units.
2016-01-11 10:18:06) Replicate supervisor finished 8 replicates in 153.26 seconds.
2016-01-11 10:18:06) Simulation finished.
2016-01-11 10:18:06) Finished 8 work units (ids in range 24 to 31) with 8 parts in the last 30.3 seconds. 58862175 steps in 3.031e+01 seconds (1.942e+06 steps/second).
2016-01-11 10:18:06) Supervisor 0:2 finished.
2016-01-11 10:18:06) Wrote 9 messages (5450 bytes) in the last 30.3 seconds (0.000083 seconds writing). 0 messages (0 bytes) queued. Flushing.
2016-01-11 10:18:06) OutputWriter::HelperThread 0:5 finished.
2016-01-11 10:18:06) OutputWriter 0:3 finished.
2016-01-11 10:18:06) Work unit runner 0:4 finished.
2016-01-11 10:18:06) Resource controller 0:1 finished.
2016-01-11 10:18:06) Closing MPI library.
2016-01-11 10:18:06) Program execution finished.
