Lattice Microbe v2015.06.29 build 1 in 64-bit mode with options MPI.
Copyright (C) 2008-2012 Luthey-Schulten Group, University of Illinois at Urbana-Champaign.
Copyright (C) 2012-2015 Roberts Group, Johns Hopkins University.

MPI version 3.0 with thread support MPI_THREAD_MULTIPLE.
Running with 1 process(es).

2016-01-11 11:01:44) Resource controller 0:1 started.
2016-01-11 11:01:44) Supervisor 0:2 started.
2016-01-11 11:01:44) Resource controller 0:1 on login-node03 registered with 24 cpu core(s) and 0 gpu device(s).
2016-01-11 11:01:44) Registered resources for host login-node03 (defaults=1): 2 cpu cores, 0 gpu devices
2016-01-11 11:01:44) All resources registered with supervisor, starting workers.
2016-01-11 11:01:44) Reserved core 0 on 0:1 for the output writer.
2016-01-11 11:01:44) Creating slot 0 on process (0:1) using resources: login-node03; cpu core list:1; gpu device list:<none>.
2016-01-11 11:01:44) OutputWriter 0:3 started.
2016-01-11 11:01:44) OutputWriter::HelperThread 0:4 started.
2016-01-11 11:01:44) Work Unit runner 0:5 started with 1 cpu cores (affinity=0) and 0 gpus.
2016-01-11 11:01:44) Output writer started: 0:3.
2016-01-11 11:01:44) Work unit runner started: 0:5.
2016-01-11 11:01:44) All supervisor workers have started, beginning simulation.
2016-01-11 11:01:44) Replicate supervisor starting simulation.
2016-01-11 11:02:46) Wrote 10 messages (7932 bytes) in the last 61.3 seconds (0.000007 seconds writing). 0 messages (0 bytes) queued. Flushing.
2016-01-11 11:02:46) Finished 11 work units (ids in range 0 to 10) in the last 61.3 seconds. 110000000 steps in 6.123e+01 seconds (1.797e+06 steps/second).
2016-01-11 11:03:47) Wrote 11 messages (8789 bytes) in the last 61.8 seconds (0.000007 seconds writing). 0 messages (0 bytes) queued. Flushing.
2016-01-11 11:03:47) Finished 11 work units (ids in range 11 to 21) in the last 61.8 seconds. 110000000 steps in 6.179e+01 seconds (1.780e+06 steps/second).
2016-01-11 11:04:02) Replicate 3 completed with 5.00e+02 of simulation time using 4 work units.
2016-01-11 11:04:07) Replicate 5 completed with 5.00e+02 of simulation time using 4 work units.
2016-01-11 11:04:11) Replicate 1 completed with 5.00e+02 of simulation time using 4 work units.
2016-01-11 11:04:15) Replicate 6 completed with 5.00e+02 of simulation time using 4 work units.
2016-01-11 11:04:20) Replicate 2 completed with 5.00e+02 of simulation time using 4 work units.
2016-01-11 11:04:24) Replicate 8 completed with 5.00e+02 of simulation time using 4 work units.
2016-01-11 11:04:28) Replicate 4 completed with 5.00e+02 of simulation time using 4 work units.
2016-01-11 11:04:33) Replicate 7 completed with 5.00e+02 of simulation time using 4 work units.
2016-01-11 11:04:33) Simulation finished.
2016-01-11 11:04:33) Replicate supervisor finished 8 replicates in 168.33 seconds.
2016-01-11 11:04:33) Finished 10 work units (ids in range 22 to 31) in the last 45.2 seconds. 79131471 steps in 4.521e+01 seconds (1.750e+06 steps/second).
2016-01-11 11:04:33) Supervisor 0:2 finished.
2016-01-11 11:04:33) Wrote 11 messages (6793 bytes) in the last 45.3 seconds (0.000007 seconds writing). 0 messages (0 bytes) queued. Flushing.
2016-01-11 11:04:33) OutputWriter::HelperThread 0:4 finished.
2016-01-11 11:04:33) OutputWriter 0:3 finished.
2016-01-11 11:04:33) Work unit runner 0:5 finished.
2016-01-11 11:04:33) Resource controller 0:1 finished.
2016-01-11 11:04:33) Closing MPI library.
2016-01-11 11:04:33) Program execution finished.
