Lattice Microbe ES v2016.01.20 build 1 in 64-bit mode with options MPI AVX FMA SVML.
Copyright (C) 2008-2012 Luthey-Schulten Group, University of Illinois at Urbana-Champaign.
Copyright (C) 2012-2016 Roberts Group, Johns Hopkins University.

MPI version 3.0 with thread support MPI_THREAD_MULTIPLE.
Running with 1 process(es).

2016-01-11 11:24:18) Resource controller 0:1 started.
2016-01-11 11:24:18) Supervisor 0:2 started.
2016-01-11 11:24:18) Resource controller 0:1 on login-node03 registered with 24 cpu core(s) and 0 gpu device(s).
2016-01-11 11:24:18) Registered resources for host login-node03 (defaults=1): 2 cpu cores, 0 gpu devices
2016-01-11 11:24:18) All resources registered with supervisor, starting workers.
2016-01-11 11:24:18) Reserved core 0 on 0:1 for the output writer.
2016-01-11 11:24:18) Creating slot 0 on process (0:1) using resources: login-node03; cpu core list:1; gpu device list:<none>.
2016-01-11 11:24:18) OutputWriter 0:3 started.
2016-01-11 11:24:18) Work Unit runner 0:5 started with 1 cpu cores (affinity=0) and 0 gpus.
2016-01-11 11:24:18) OutputWriter::HelperThread 0:4 started.
2016-01-11 11:24:18) Output writer started: 0:3.
2016-01-11 11:24:18) Work unit runner started: 0:5.
2016-01-11 11:24:18) All supervisor workers have started, beginning simulation.
2016-01-11 11:24:18) Replicate supervisor starting simulation.
2016-01-11 11:24:18) Simulation started.
2016-01-11 11:25:18) Wrote 11 messages (9073 bytes) in the last 60.2 seconds (0.000245 seconds writing). 0 messages (0 bytes) queued. Flushing.
2016-01-11 11:25:18) Finished 12 work units (ids in range 0 to 11) with 12 parts in the last 60.3 seconds. 120000000 steps in 6.021e+01 seconds (1.993e+06 steps/second).
2016-01-11 11:26:18) Wrote 12 messages (9978 bytes) in the last 60.4 seconds (0.000252 seconds writing). 0 messages (0 bytes) queued. Flushing.
2016-01-11 11:26:18) Finished 12 work units (ids in range 12 to 23) with 12 parts in the last 60.4 seconds. 120000000 steps in 6.038e+01 seconds (1.987e+06 steps/second).
2016-01-11 11:26:22) Replicate 3 completed with 5.00e+02 of simulation time using 4 work units.
2016-01-11 11:26:26) Replicate 6 completed with 5.00e+02 of simulation time using 4 work units.
2016-01-11 11:26:29) Replicate 7 completed with 5.00e+02 of simulation time using 4 work units.
2016-01-11 11:26:33) Replicate 8 completed with 5.00e+02 of simulation time using 4 work units.
2016-01-11 11:26:37) Replicate 5 completed with 5.00e+02 of simulation time using 4 work units.
2016-01-11 11:26:41) Replicate 4 completed with 5.00e+02 of simulation time using 4 work units.
2016-01-11 11:26:44) Replicate 1 completed with 5.00e+02 of simulation time using 4 work units.
2016-01-11 11:26:48) Replicate 2 completed with 5.00e+02 of simulation time using 4 work units.
2016-01-11 11:26:48) Replicate supervisor finished 8 replicates in 150.40 seconds.
2016-01-11 11:26:48) Simulation finished.
2016-01-11 11:26:48) Finished 8 work units (ids in range 24 to 31) with 8 parts in the last 29.8 seconds. 59223794 steps in 2.973e+01 seconds (1.992e+06 steps/second).
2016-01-11 11:26:48) Supervisor 0:2 finished.
2016-01-11 11:26:48) Wrote 9 messages (5508 bytes) in the last 29.8 seconds (0.000205 seconds writing). 0 messages (0 bytes) queued. Flushing.
2016-01-11 11:26:48) OutputWriter::HelperThread 0:4 finished.
2016-01-11 11:26:48) OutputWriter 0:3 finished.
2016-01-11 11:26:48) Work unit runner 0:5 finished.
2016-01-11 11:26:48) Resource controller 0:1 finished.
2016-01-11 11:26:48) Closing MPI library.
2016-01-11 11:26:48) Program execution finished.
