Lattice Microbe ES v2016.01.20 build 1 in 64-bit mode with options MPI AVX FMA SVML.
Copyright (C) 2008-2012 Luthey-Schulten Group, University of Illinois at Urbana-Champaign.
Copyright (C) 2012-2016 Roberts Group, Johns Hopkins University.

MPI version 3.0 with thread support MPI_THREAD_MULTIPLE.
Running with 1 process(es).

2016-01-11 11:09:08) Resource controller 0:1 started.
2016-01-11 11:09:08) Supervisor 0:2 started.
2016-01-11 11:09:08) Resource controller 0:1 on login-node03 registered with 24 cpu core(s) and 0 gpu device(s).
2016-01-11 11:09:08) Registered resources for host login-node03 (defaults=1): 2 cpu cores, 0 gpu devices
2016-01-11 11:09:08) All resources registered with supervisor, starting workers.
2016-01-11 11:09:08) Reserved core 0 on 0:1 for the output writer.
2016-01-11 11:09:08) Creating slot 0 on process (0:1) using resources: login-node03; cpu core list:1; gpu device list:<none>.
2016-01-11 11:09:08) OutputWriter 0:3 started.
2016-01-11 11:09:08) OutputWriter::HelperThread 0:4 started.
2016-01-11 11:09:08) Work Unit runner 0:5 started with 1 cpu cores (affinity=0) and 0 gpus.
2016-01-11 11:09:08) Output writer started: 0:3.
2016-01-11 11:09:08) Work unit runner started: 0:5.
2016-01-11 11:09:08) All supervisor workers have started, beginning simulation.
2016-01-11 11:09:08) Replicate supervisor starting simulation.
2016-01-11 11:09:08) Simulation started.
2016-01-11 11:10:10) Wrote 11 messages (9051 bytes) in the last 61.2 seconds (0.000217 seconds writing). 0 messages (0 bytes) queued. Flushing.
2016-01-11 11:10:10) Finished 12 work units (ids in range 0 to 11) with 12 parts in the last 61.3 seconds. 120000000 steps in 6.119e+01 seconds (1.961e+06 steps/second).
2016-01-11 11:11:10) Wrote 12 messages (10001 bytes) in the last 61.0 seconds (0.000224 seconds writing). 0 messages (0 bytes) queued. Flushing.
2016-01-11 11:11:10) Finished 12 work units (ids in range 12 to 23) with 12 parts in the last 61.0 seconds. 120000000 steps in 6.093e+01 seconds (1.969e+06 steps/second).
2016-01-11 11:11:14) Replicate 2 completed with 5.00e+02 of simulation time using 4 work units.
2016-01-11 11:11:19) Replicate 4 completed with 5.00e+02 of simulation time using 4 work units.
2016-01-11 11:11:23) Replicate 1 completed with 5.00e+02 of simulation time using 4 work units.
2016-01-11 11:11:27) Replicate 8 completed with 5.00e+02 of simulation time using 4 work units.
2016-01-11 11:11:31) Replicate 3 completed with 5.00e+02 of simulation time using 4 work units.
2016-01-11 11:11:34) Replicate 5 completed with 5.00e+02 of simulation time using 4 work units.
2016-01-11 11:11:38) Replicate 7 completed with 5.00e+02 of simulation time using 4 work units.
2016-01-11 11:11:42) Replicate 6 completed with 5.00e+02 of simulation time using 4 work units.
2016-01-11 11:11:42) Replicate supervisor finished 8 replicates in 153.37 seconds.
2016-01-11 11:11:42) Simulation finished.
2016-01-11 11:11:42) Finished 8 work units (ids in range 24 to 31) with 8 parts in the last 31.2 seconds. 59270712 steps in 3.114e+01 seconds (1.904e+06 steps/second).
2016-01-11 11:11:42) Supervisor 0:2 finished.
2016-01-11 11:11:42) Wrote 9 messages (5467 bytes) in the last 31.2 seconds (0.000159 seconds writing). 0 messages (0 bytes) queued. Flushing.
2016-01-11 11:11:42) OutputWriter::HelperThread 0:4 finished.
2016-01-11 11:11:42) OutputWriter 0:3 finished.
2016-01-11 11:11:42) Work unit runner 0:5 finished.
2016-01-11 11:11:42) Resource controller 0:1 finished.
2016-01-11 11:11:42) Closing MPI library.
2016-01-11 11:11:42) Program execution finished.
