Lattice Microbe ES v2016.01.20 build 1 in 64-bit mode with options MPI AVX.
Copyright (C) 2008-2012 Luthey-Schulten Group, University of Illinois at Urbana-Champaign.
Copyright (C) 2012-2016 Roberts Group, Johns Hopkins University.

MPI version 3.0 with thread support MPI_THREAD_MULTIPLE.
Running with 1 process(es).

2016-01-11 10:39:01) Resource controller 0:1 started.
2016-01-11 10:39:01) Supervisor 0:2 started.
2016-01-11 10:39:01) Resource controller 0:1 on barkeri.bph.jhu.edu registered with 8 cpu core(s) and 0 gpu device(s).
2016-01-11 10:39:01) Registered resources for host barkeri.bph.jhu.edu (defaults=1): 2 cpu cores, 0 gpu devices
2016-01-11 10:39:01) All resources registered with supervisor, starting workers.
2016-01-11 10:39:01) Reserved core 0 on 0:1 for the output writer.
2016-01-11 10:39:01) Creating slot 0 on process (0:1) using resources: barkeri.bph.jhu.edu; cpu core list:1; gpu device list:<none>.
2016-01-11 10:39:01) OutputWriter 0:3 started.
2016-01-11 10:39:01) OutputWriter::HelperThread 0:4 started.
2016-01-11 10:39:01) Work Unit runner 0:5 started with 1 cpu cores (affinity=0) and 0 gpus.
2016-01-11 10:39:01) Output writer started: 0:3.
2016-01-11 10:39:01) Work unit runner started: 0:5.
2016-01-11 10:39:01) All supervisor workers have started, beginning simulation.
2016-01-11 10:39:01) Replicate supervisor starting simulation.
2016-01-11 10:39:01) Simulation started.
2016-01-11 10:40:02) Wrote 10 messages (8264 bytes) in the last 61.0 seconds (0.000113 seconds writing). 0 messages (0 bytes) queued. Flushing.
2016-01-11 10:40:02) Finished 11 work units (ids in range 0 to 10) with 11 parts in the last 61.0 seconds. 110000000 steps in 6.094e+01 seconds (1.805e+06 steps/second).
2016-01-11 10:41:07) Wrote 12 messages (9932 bytes) in the last 65.2 seconds (0.000117 seconds writing). 0 messages (0 bytes) queued. Flushing.
2016-01-11 10:41:07) Finished 12 work units (ids in range 11 to 22) with 12 parts in the last 65.2 seconds. 120000000 steps in 6.519e+01 seconds (1.841e+06 steps/second).
2016-01-11 10:41:16) Replicate 3 completed with 5.00e+02 of simulation time using 4 work units.
2016-01-11 10:41:20) Replicate 5 completed with 5.00e+02 of simulation time using 4 work units.
2016-01-11 10:41:24) Replicate 2 completed with 5.00e+02 of simulation time using 4 work units.
2016-01-11 10:41:28) Replicate 6 completed with 5.00e+02 of simulation time using 4 work units.
2016-01-11 10:41:32) Replicate 7 completed with 5.00e+02 of simulation time using 4 work units.
2016-01-11 10:41:36) Replicate 1 completed with 5.00e+02 of simulation time using 4 work units.
2016-01-11 10:41:40) Replicate 4 completed with 5.00e+02 of simulation time using 4 work units.
2016-01-11 10:41:45) Replicate 8 completed with 5.00e+02 of simulation time using 4 work units.
2016-01-11 10:41:45) Replicate supervisor finished 8 replicates in 164.01 seconds.
2016-01-11 10:41:45) Simulation finished.
2016-01-11 10:41:45) Finished 9 work units (ids in range 23 to 31) with 9 parts in the last 37.8 seconds. 69184341 steps in 3.776e+01 seconds (1.832e+06 steps/second).
2016-01-11 10:41:45) Supervisor 0:2 finished.
2016-01-11 10:41:45) Wrote 10 messages (6288 bytes) in the last 37.8 seconds (0.000109 seconds writing). 0 messages (0 bytes) queued. Flushing.
2016-01-11 10:41:45) OutputWriter::HelperThread 0:4 finished.
2016-01-11 10:41:45) OutputWriter 0:3 finished.
2016-01-11 10:41:45) Work unit runner 0:5 finished.
2016-01-11 10:41:45) Resource controller 0:1 finished.
2016-01-11 10:41:45) Closing MPI library.
2016-01-11 10:41:45) Program execution finished.
