Lattice Microbe ES v2016.01.20 build 1 in 64-bit mode with options MPI AVX.
Copyright (C) 2008-2012 Luthey-Schulten Group, University of Illinois at Urbana-Champaign.
Copyright (C) 2012-2016 Roberts Group, Johns Hopkins University.

MPI version 3.0 with thread support MPI_THREAD_MULTIPLE.
Running with 1 process(es).

2016-01-11 10:33:38) Resource controller 0:1 started.
2016-01-11 10:33:38) Supervisor 0:2 started.
2016-01-11 10:33:38) Resource controller 0:1 on barkeri.bph.jhu.edu registered with 8 cpu core(s) and 0 gpu device(s).
2016-01-11 10:33:38) Registered resources for host barkeri.bph.jhu.edu (defaults=1): 2 cpu cores, 0 gpu devices
2016-01-11 10:33:38) All resources registered with supervisor, starting workers.
2016-01-11 10:33:38) Reserved core 0 on 0:1 for the output writer.
2016-01-11 10:33:38) Creating slot 0 on process (0:1) using resources: barkeri.bph.jhu.edu; cpu core list:1; gpu device list:<none>.
2016-01-11 10:33:38) OutputWriter 0:3 started.
2016-01-11 10:33:38) OutputWriter::HelperThread 0:4 started.
2016-01-11 10:33:38) Work Unit runner 0:5 started with 1 cpu cores (affinity=0) and 0 gpus.
2016-01-11 10:33:38) Output writer started: 0:3.
2016-01-11 10:33:38) Work unit runner started: 0:5.
2016-01-11 10:33:38) All supervisor workers have started, beginning simulation.
2016-01-11 10:33:38) Replicate supervisor starting simulation.
2016-01-11 10:33:38) Simulation started.
2016-01-11 10:34:43) Wrote 11 messages (9010 bytes) in the last 64.9 seconds (0.000111 seconds writing). 0 messages (0 bytes) queued. Flushing.
2016-01-11 10:34:43) Finished 12 work units (ids in range 0 to 11) with 12 parts in the last 64.9 seconds. 120000000 steps in 6.484e+01 seconds (1.851e+06 steps/second).
2016-01-11 10:35:43) Wrote 11 messages (9085 bytes) in the last 60.0 seconds (0.000113 seconds writing). 0 messages (0 bytes) queued. Flushing.
2016-01-11 10:35:43) Finished 11 work units (ids in range 12 to 22) with 11 parts in the last 60.0 seconds. 110000000 steps in 5.998e+01 seconds (1.834e+06 steps/second).
2016-01-11 10:35:53) Replicate 3 completed with 5.00e+02 of simulation time using 4 work units.
2016-01-11 10:35:57) Replicate 2 completed with 5.00e+02 of simulation time using 4 work units.
2016-01-11 10:36:01) Replicate 1 completed with 5.00e+02 of simulation time using 4 work units.
2016-01-11 10:36:05) Replicate 8 completed with 5.00e+02 of simulation time using 4 work units.
2016-01-11 10:36:09) Replicate 7 completed with 5.00e+02 of simulation time using 4 work units.
2016-01-11 10:36:13) Replicate 6 completed with 5.00e+02 of simulation time using 4 work units.
2016-01-11 10:36:17) Replicate 4 completed with 5.00e+02 of simulation time using 4 work units.
2016-01-11 10:36:21) Replicate 5 completed with 5.00e+02 of simulation time using 4 work units.
2016-01-11 10:36:21) Replicate supervisor finished 8 replicates in 163.16 seconds.
2016-01-11 10:36:21) Simulation finished.
2016-01-11 10:36:21) Finished 9 work units (ids in range 23 to 31) with 9 parts in the last 38.3 seconds. 69187098 steps in 3.823e+01 seconds (1.810e+06 steps/second).
2016-01-11 10:36:21) Supervisor 0:2 finished.
2016-01-11 10:36:21) Wrote 10 messages (6357 bytes) in the last 38.3 seconds (0.000111 seconds writing). 0 messages (0 bytes) queued. Flushing.
2016-01-11 10:36:21) OutputWriter::HelperThread 0:4 finished.
2016-01-11 10:36:21) OutputWriter 0:3 finished.
2016-01-11 10:36:21) Work unit runner 0:5 finished.
2016-01-11 10:36:21) Resource controller 0:1 finished.
2016-01-11 10:36:21) Closing MPI library.
2016-01-11 10:36:21) Program execution finished.
