Lattice Microbe ES v2016.01.20 build 1 in 64-bit mode with options MPI AVX.
Copyright (C) 2008-2012 Luthey-Schulten Group, University of Illinois at Urbana-Champaign.
Copyright (C) 2012-2016 Roberts Group, Johns Hopkins University.

MPI version 3.0 with thread support MPI_THREAD_MULTIPLE.
Running with 1 process(es).

2016-01-11 10:52:42) Resource controller 0:1 started.
2016-01-11 10:52:42) Supervisor 0:2 started.
2016-01-11 10:52:42) Resource controller 0:1 on xanthus-cp-2 registered with 32 cpu core(s) and 0 gpu device(s).
2016-01-11 10:52:42) Registered resources for host xanthus-cp-2 (defaults=1): 2 cpu cores, 0 gpu devices
2016-01-11 10:52:42) All resources registered with supervisor, starting workers.
2016-01-11 10:52:42) Reserved core 0 on 0:1 for the output writer.
2016-01-11 10:52:42) Creating slot 0 on process (0:1) using resources: xanthus-cp-2; cpu core list:1; gpu device list:<none>.
2016-01-11 10:52:42) OutputWriter 0:3 started.
2016-01-11 10:52:42) Work Unit runner 0:5 started with 1 cpu cores (affinity=0) and 0 gpus.
2016-01-11 10:52:42) OutputWriter::HelperThread 0:4 started.
2016-01-11 10:52:42) Output writer started: 0:3.
2016-01-11 10:52:42) Work unit runner started: 0:5.
2016-01-11 10:52:42) All supervisor workers have started, beginning simulation.
2016-01-11 10:52:42) Replicate supervisor starting simulation.
2016-01-11 10:52:42) Simulation started.
2016-01-11 10:53:46) Wrote 11 messages (9051 bytes) in the last 63.4 seconds (0.000169 seconds writing). 0 messages (0 bytes) queued. Flushing.
2016-01-11 10:53:46) Finished 12 work units (ids in range 0 to 11) with 12 parts in the last 63.5 seconds. 120000000 steps in 6.341e+01 seconds (1.893e+06 steps/second).
2016-01-11 10:54:48) Wrote 12 messages (9971 bytes) in the last 62.2 seconds (0.000177 seconds writing). 0 messages (0 bytes) queued. Flushing.
2016-01-11 10:54:48) Finished 12 work units (ids in range 12 to 23) with 12 parts in the last 62.2 seconds. 120000000 steps in 6.216e+01 seconds (1.931e+06 steps/second).
2016-01-11 10:54:52) Replicate 2 completed with 5.00e+02 of simulation time using 4 work units.
2016-01-11 10:54:56) Replicate 1 completed with 5.00e+02 of simulation time using 4 work units.
2016-01-11 10:54:59) Replicate 7 completed with 5.00e+02 of simulation time using 4 work units.
2016-01-11 10:55:03) Replicate 5 completed with 5.00e+02 of simulation time using 4 work units.
2016-01-11 10:55:07) Replicate 6 completed with 5.00e+02 of simulation time using 4 work units.
2016-01-11 10:55:11) Replicate 8 completed with 5.00e+02 of simulation time using 4 work units.
2016-01-11 10:55:15) Replicate 4 completed with 5.00e+02 of simulation time using 4 work units.
2016-01-11 10:55:18) Replicate 3 completed with 5.00e+02 of simulation time using 4 work units.
2016-01-11 10:55:18) Replicate supervisor finished 8 replicates in 155.81 seconds.
2016-01-11 10:55:18) Simulation finished.
2016-01-11 10:55:18) Finished 8 work units (ids in range 24 to 31) with 8 parts in the last 30.2 seconds. 59118848 steps in 3.016e+01 seconds (1.960e+06 steps/second).
2016-01-11 10:55:18) Supervisor 0:2 finished.
2016-01-11 10:55:18) Wrote 9 messages (5472 bytes) in the last 30.2 seconds (0.000126 seconds writing). 0 messages (0 bytes) queued. Flushing.
2016-01-11 10:55:18) OutputWriter::HelperThread 0:4 finished.
2016-01-11 10:55:18) OutputWriter 0:3 finished.
2016-01-11 10:55:18) Work unit runner 0:5 finished.
2016-01-11 10:55:18) Resource controller 0:1 finished.
2016-01-11 10:55:18) Closing MPI library.
2016-01-11 10:55:18) Program execution finished.
