Lattice Microbe v2015.06.29 build 1 in 64-bit mode with options MPI.
Copyright (C) 2008-2012 Luthey-Schulten Group, University of Illinois at Urbana-Champaign.
Copyright (C) 2012-2015 Roberts Group, Johns Hopkins University.

MPI version 3.0 with thread support MPI_THREAD_MULTIPLE.
Running with 1 process(es).

2016-01-11 10:33:30) Resource controller 0:1 started.
2016-01-11 10:33:30) Supervisor 0:2 started.
2016-01-11 10:33:30) Resource controller 0:1 on login-node03 registered with 24 cpu core(s) and 0 gpu device(s).
2016-01-11 10:33:30) Registered resources for host login-node03 (defaults=1): 2 cpu cores, 0 gpu devices
2016-01-11 10:33:30) All resources registered with supervisor, starting workers.
2016-01-11 10:33:30) Reserved core 0 on 0:1 for the output writer.
2016-01-11 10:33:30) Creating slot 0 on process (0:1) using resources: login-node03; cpu core list:1; gpu device list:<none>.
2016-01-11 10:33:30) OutputWriter 0:3 started.
2016-01-11 10:33:30) OutputWriter::HelperThread 0:4 started.
2016-01-11 10:33:30) Work Unit runner 0:5 started with 1 cpu cores (affinity=0) and 0 gpus.
2016-01-11 10:33:30) Output writer started: 0:3.
2016-01-11 10:33:30) Work unit runner started: 0:5.
2016-01-11 10:33:30) All supervisor workers have started, beginning simulation.
2016-01-11 10:33:30) Replicate supervisor starting simulation.
2016-01-11 10:34:33) Wrote 10 messages (7930 bytes) in the last 62.9 seconds (0.000008 seconds writing). 0 messages (0 bytes) queued. Flushing.
2016-01-11 10:34:33) Finished 11 work units (ids in range 0 to 10) in the last 63.0 seconds. 110000000 steps in 6.289e+01 seconds (1.749e+06 steps/second).
2016-01-11 10:35:36) Wrote 11 messages (8484 bytes) in the last 62.9 seconds (0.000009 seconds writing). 0 messages (0 bytes) queued. Flushing.
2016-01-11 10:35:36) Finished 11 work units (ids in range 11 to 21) in the last 62.9 seconds. 110000000 steps in 6.291e+01 seconds (1.748e+06 steps/second).
2016-01-11 10:35:52) Replicate 6 completed with 5.00e+02 of simulation time using 4 work units.
2016-01-11 10:35:57) Replicate 8 completed with 5.00e+02 of simulation time using 4 work units.
2016-01-11 10:36:01) Replicate 7 completed with 5.00e+02 of simulation time using 4 work units.
2016-01-11 10:36:05) Replicate 1 completed with 5.00e+02 of simulation time using 4 work units.
2016-01-11 10:36:09) Replicate 4 completed with 5.00e+02 of simulation time using 4 work units.
2016-01-11 10:36:13) Replicate 5 completed with 5.00e+02 of simulation time using 4 work units.
2016-01-11 10:36:17) Replicate 3 completed with 5.00e+02 of simulation time using 4 work units.
2016-01-11 10:36:21) Replicate 2 completed with 5.00e+02 of simulation time using 4 work units.
2016-01-11 10:36:21) Simulation finished.
2016-01-11 10:36:21) Replicate supervisor finished 8 replicates in 171.11 seconds.
2016-01-11 10:36:21) Finished 10 work units (ids in range 22 to 31) in the last 45.2 seconds. 79062966 steps in 4.522e+01 seconds (1.748e+06 steps/second).
2016-01-11 10:36:21) Supervisor 0:2 finished.
2016-01-11 10:36:21) Wrote 11 messages (6967 bytes) in the last 45.3 seconds (0.000016 seconds writing). 0 messages (0 bytes) queued. Flushing.
2016-01-11 10:36:21) OutputWriter::HelperThread 0:4 finished.
2016-01-11 10:36:21) OutputWriter 0:3 finished.
2016-01-11 10:36:21) Work unit runner 0:5 finished.
2016-01-11 10:36:21) Resource controller 0:1 finished.
2016-01-11 10:36:21) Closing MPI library.
2016-01-11 10:36:21) Program execution finished.
