Lattice Microbe ES v2016.01.20 build 1 in 64-bit mode with options MPI AVX.
Copyright (C) 2008-2012 Luthey-Schulten Group, University of Illinois at Urbana-Champaign.
Copyright (C) 2012-2016 Roberts Group, Johns Hopkins University.

MPI version 3.0 with thread support MPI_THREAD_MULTIPLE.
Running with 1 process(es).

2016-01-11 10:39:44) Resource controller 0:1 started.
2016-01-11 10:39:44) Supervisor 0:2 started.
2016-01-11 10:39:44) Resource controller 0:1 on xanthus-cp-2 registered with 32 cpu core(s) and 0 gpu device(s).
2016-01-11 10:39:44) Registered resources for host xanthus-cp-2 (defaults=1): 2 cpu cores, 0 gpu devices
2016-01-11 10:39:44) All resources registered with supervisor, starting workers.
2016-01-11 10:39:44) Reserved core 0 on 0:1 for the output writer.
2016-01-11 10:39:44) Creating slot 0 on process (0:1) using resources: xanthus-cp-2; cpu core list:1; gpu device list:<none>.
2016-01-11 10:39:44) OutputWriter 0:3 started.
2016-01-11 10:39:44) OutputWriter::HelperThread 0:4 started.
2016-01-11 10:39:44) Work Unit runner 0:5 started with 1 cpu cores (affinity=0) and 0 gpus.
2016-01-11 10:39:44) Output writer started: 0:3.
2016-01-11 10:39:44) Work unit runner started: 0:5.
2016-01-11 10:39:44) All supervisor workers have started, beginning simulation.
2016-01-11 10:39:44) Replicate supervisor starting simulation.
2016-01-11 10:39:44) Simulation started.
2016-01-11 10:40:45) Wrote 11 messages (9023 bytes) in the last 61.2 seconds (0.000138 seconds writing). 0 messages (0 bytes) queued. Flushing.
2016-01-11 10:40:45) Finished 12 work units (ids in range 0 to 11) with 12 parts in the last 61.2 seconds. 120000000 steps in 6.116e+01 seconds (1.962e+06 steps/second).
2016-01-11 10:41:46) Wrote 12 messages (9936 bytes) in the last 61.1 seconds (0.000088 seconds writing). 0 messages (0 bytes) queued. Flushing.
2016-01-11 10:41:46) Finished 12 work units (ids in range 12 to 23) with 12 parts in the last 61.0 seconds. 120000000 steps in 6.101e+01 seconds (1.967e+06 steps/second).
2016-01-11 10:41:50) Replicate 4 completed with 5.00e+02 of simulation time using 4 work units.
2016-01-11 10:41:54) Replicate 1 completed with 5.00e+02 of simulation time using 4 work units.
2016-01-11 10:41:58) Replicate 2 completed with 5.00e+02 of simulation time using 4 work units.
2016-01-11 10:42:01) Replicate 7 completed with 5.00e+02 of simulation time using 4 work units.
2016-01-11 10:42:05) Replicate 3 completed with 5.00e+02 of simulation time using 4 work units.
2016-01-11 10:42:09) Replicate 8 completed with 5.00e+02 of simulation time using 4 work units.
2016-01-11 10:42:13) Replicate 5 completed with 5.00e+02 of simulation time using 4 work units.
2016-01-11 10:42:16) Replicate 6 completed with 5.00e+02 of simulation time using 4 work units.
2016-01-11 10:42:16) Replicate supervisor finished 8 replicates in 152.27 seconds.
2016-01-11 10:42:16) Simulation finished.
2016-01-11 10:42:16) Finished 8 work units (ids in range 24 to 31) with 8 parts in the last 30.0 seconds. 58983599 steps in 2.999e+01 seconds (1.966e+06 steps/second).
2016-01-11 10:42:16) Supervisor 0:2 finished.
2016-01-11 10:42:16) Wrote 9 messages (5457 bytes) in the last 30.0 seconds (0.000057 seconds writing). 0 messages (0 bytes) queued. Flushing.
2016-01-11 10:42:16) OutputWriter::HelperThread 0:4 finished.
2016-01-11 10:42:16) OutputWriter 0:3 finished.
2016-01-11 10:42:16) Work unit runner 0:5 finished.
2016-01-11 10:42:16) Resource controller 0:1 finished.
2016-01-11 10:42:16) Closing MPI library.
2016-01-11 10:42:16) Program execution finished.
