Lattice Microbe v2015.06.29 build 1 in 64-bit mode with options MPI.
Copyright (C) 2008-2012 Luthey-Schulten Group, University of Illinois at Urbana-Champaign.
Copyright (C) 2012-2015 Roberts Group, Johns Hopkins University.

MPI version 3.0 with thread support MPI_THREAD_MULTIPLE.
Running with 1 process(es).

2016-01-11 10:50:31) Resource controller 0:1 started.
2016-01-11 10:50:31) Supervisor 0:2 started.
2016-01-11 10:50:31) Resource controller 0:1 on login-node03 registered with 24 cpu core(s) and 0 gpu device(s).
2016-01-11 10:50:31) Registered resources for host login-node03 (defaults=1): 2 cpu cores, 0 gpu devices
2016-01-11 10:50:31) All resources registered with supervisor, starting workers.
2016-01-11 10:50:31) Reserved core 0 on 0:1 for the output writer.
2016-01-11 10:50:31) Creating slot 0 on process (0:1) using resources: login-node03; cpu core list:1; gpu device list:<none>.
2016-01-11 10:50:31) OutputWriter 0:3 started.
2016-01-11 10:50:31) OutputWriter::HelperThread 0:4 started.
2016-01-11 10:50:31) Work Unit runner 0:5 started with 1 cpu cores (affinity=0) and 0 gpus.
2016-01-11 10:50:31) Output writer started: 0:3.
2016-01-11 10:50:31) Work unit runner started: 0:5.
2016-01-11 10:50:31) All supervisor workers have started, beginning simulation.
2016-01-11 10:50:31) Replicate supervisor starting simulation.
2016-01-11 10:51:34) Wrote 10 messages (7960 bytes) in the last 63.1 seconds (0.000007 seconds writing). 0 messages (0 bytes) queued. Flushing.
2016-01-11 10:51:34) Finished 11 work units (ids in range 0 to 10) in the last 63.2 seconds. 110000000 steps in 6.312e+01 seconds (1.743e+06 steps/second).
2016-01-11 10:52:36) Wrote 11 messages (8799 bytes) in the last 61.6 seconds (0.000008 seconds writing). 0 messages (0 bytes) queued. Flushing.
2016-01-11 10:52:36) Finished 11 work units (ids in range 11 to 21) in the last 61.6 seconds. 110000000 steps in 6.159e+01 seconds (1.786e+06 steps/second).
2016-01-11 10:52:51) Replicate 7 completed with 5.00e+02 of simulation time using 4 work units.
2016-01-11 10:52:55) Replicate 3 completed with 5.00e+02 of simulation time using 4 work units.
2016-01-11 10:52:59) Replicate 1 completed with 5.00e+02 of simulation time using 4 work units.
2016-01-11 10:53:03) Replicate 8 completed with 5.00e+02 of simulation time using 4 work units.
2016-01-11 10:53:07) Replicate 2 completed with 5.00e+02 of simulation time using 4 work units.
2016-01-11 10:53:11) Replicate 6 completed with 5.00e+02 of simulation time using 4 work units.
2016-01-11 10:53:15) Replicate 4 completed with 5.00e+02 of simulation time using 4 work units.
2016-01-11 10:53:20) Replicate 5 completed with 5.00e+02 of simulation time using 4 work units.
2016-01-11 10:53:20) Simulation finished.
2016-01-11 10:53:20) Replicate supervisor finished 8 replicates in 169.17 seconds.
2016-01-11 10:53:20) Finished 10 work units (ids in range 22 to 31) in the last 44.4 seconds. 79088529 steps in 4.437e+01 seconds (1.783e+06 steps/second).
2016-01-11 10:53:20) Supervisor 0:2 finished.
2016-01-11 10:53:20) Wrote 11 messages (6718 bytes) in the last 44.4 seconds (0.000007 seconds writing). 0 messages (0 bytes) queued. Flushing.
2016-01-11 10:53:20) OutputWriter::HelperThread 0:4 finished.
2016-01-11 10:53:20) OutputWriter 0:3 finished.
2016-01-11 10:53:20) Work unit runner 0:5 finished.
2016-01-11 10:53:20) Resource controller 0:1 finished.
2016-01-11 10:53:20) Closing MPI library.
2016-01-11 10:53:20) Program execution finished.
