Lattice Microbe ES v2016.01.20 build 1 in 64-bit mode with options MPI AVX FMA SVML.
Copyright (C) 2008-2012 Luthey-Schulten Group, University of Illinois at Urbana-Champaign.
Copyright (C) 2012-2016 Roberts Group, Johns Hopkins University.

MPI version 3.0 with thread support MPI_THREAD_MULTIPLE.
Running with 1 process(es).

2016-01-11 11:16:43) Resource controller 0:1 started.
2016-01-11 11:16:43) Supervisor 0:2 started.
2016-01-11 11:16:43) Resource controller 0:1 on login-node03 registered with 24 cpu core(s) and 0 gpu device(s).
2016-01-11 11:16:43) Registered resources for host login-node03 (defaults=1): 2 cpu cores, 0 gpu devices
2016-01-11 11:16:43) All resources registered with supervisor, starting workers.
2016-01-11 11:16:43) Reserved core 0 on 0:1 for the output writer.
2016-01-11 11:16:43) Creating slot 0 on process (0:1) using resources: login-node03; cpu core list:1; gpu device list:<none>.
2016-01-11 11:16:43) OutputWriter 0:3 started.
2016-01-11 11:16:43) OutputWriter::HelperThread 0:4 started.
2016-01-11 11:16:43) Work Unit runner 0:5 started with 1 cpu cores (affinity=0) and 0 gpus.
2016-01-11 11:16:43) Output writer started: 0:3.
2016-01-11 11:16:43) Work unit runner started: 0:5.
2016-01-11 11:16:43) All supervisor workers have started, beginning simulation.
2016-01-11 11:16:43) Replicate supervisor starting simulation.
2016-01-11 11:16:43) Simulation started.
2016-01-11 11:17:43) Wrote 11 messages (9030 bytes) in the last 60.2 seconds (0.000234 seconds writing). 0 messages (0 bytes) queued. Flushing.
2016-01-11 11:17:43) Finished 12 work units (ids in range 0 to 11) with 12 parts in the last 60.3 seconds. 120000000 steps in 6.021e+01 seconds (1.993e+06 steps/second).
2016-01-11 11:18:44) Wrote 12 messages (9969 bytes) in the last 60.4 seconds (0.000239 seconds writing). 0 messages (0 bytes) queued. Flushing.
2016-01-11 11:18:44) Finished 12 work units (ids in range 12 to 23) with 12 parts in the last 60.4 seconds. 120000000 steps in 6.039e+01 seconds (1.987e+06 steps/second).
2016-01-11 11:18:48) Replicate 7 completed with 5.00e+02 of simulation time using 4 work units.
2016-01-11 11:18:52) Replicate 6 completed with 5.00e+02 of simulation time using 4 work units.
2016-01-11 11:18:56) Replicate 1 completed with 5.00e+02 of simulation time using 4 work units.
2016-01-11 11:18:59) Replicate 3 completed with 5.00e+02 of simulation time using 4 work units.
2016-01-11 11:19:03) Replicate 2 completed with 5.00e+02 of simulation time using 4 work units.
2016-01-11 11:19:07) Replicate 8 completed with 5.00e+02 of simulation time using 4 work units.
2016-01-11 11:19:10) Replicate 5 completed with 5.00e+02 of simulation time using 4 work units.
2016-01-11 11:19:14) Replicate 4 completed with 5.00e+02 of simulation time using 4 work units.
2016-01-11 11:19:14) Replicate supervisor finished 8 replicates in 150.79 seconds.
2016-01-11 11:19:14) Simulation finished.
2016-01-11 11:19:14) Finished 8 work units (ids in range 24 to 31) with 8 parts in the last 30.1 seconds. 59043888 steps in 3.010e+01 seconds (1.961e+06 steps/second).
2016-01-11 11:19:14) Supervisor 0:2 finished.
2016-01-11 11:19:14) Wrote 9 messages (5436 bytes) in the last 30.1 seconds (0.000152 seconds writing). 0 messages (0 bytes) queued. Flushing.
2016-01-11 11:19:14) OutputWriter::HelperThread 0:4 finished.
2016-01-11 11:19:14) OutputWriter 0:3 finished.
2016-01-11 11:19:14) Work unit runner 0:5 finished.
2016-01-11 11:19:14) Resource controller 0:1 finished.
2016-01-11 11:19:14) Closing MPI library.
2016-01-11 11:19:14) Program execution finished.
