Lattice Microbe ES v2016.01.20 build 1 in 64-bit mode with options MPI AVX.
Copyright (C) 2008-2012 Luthey-Schulten Group, University of Illinois at Urbana-Champaign.
Copyright (C) 2012-2016 Roberts Group, Johns Hopkins University.

MPI version 3.0 with thread support MPI_THREAD_MULTIPLE.
Running with 1 process(es).

2016-01-11 10:54:57) Resource controller 0:1 started.
2016-01-11 10:54:57) Supervisor 0:2 started.
2016-01-11 10:54:57) Resource controller 0:1 on xanthus-hd-1 registered with 8 cpu core(s) and 0 gpu device(s).
2016-01-11 10:54:57) Registered resources for host xanthus-hd-1 (defaults=1): 2 cpu cores, 0 gpu devices
2016-01-11 10:54:57) All resources registered with supervisor, starting workers.
2016-01-11 10:54:57) Reserved core 0 on 0:1 for the output writer.
2016-01-11 10:54:57) Creating slot 0 on process (0:1) using resources: xanthus-hd-1; cpu core list:1; gpu device list:<none>.
2016-01-11 10:54:58) OutputWriter 0:3 started.
2016-01-11 10:54:58) Work Unit runner 0:5 started with 1 cpu cores (affinity=0) and 0 gpus.
2016-01-11 10:54:58) OutputWriter::HelperThread 0:4 started.
2016-01-11 10:54:58) Output writer started: 0:3.
2016-01-11 10:54:58) Work unit runner started: 0:5.
2016-01-11 10:54:58) All supervisor workers have started, beginning simulation.
2016-01-11 10:54:58) Replicate supervisor starting simulation.
2016-01-11 10:54:58) Simulation started.
2016-01-11 10:55:59) Wrote 13 messages (10684 bytes) in the last 61.9 seconds (0.000116 seconds writing). 0 messages (0 bytes) queued. Flushing.
2016-01-11 10:55:59) Finished 14 work units (ids in range 0 to 13) with 14 parts in the last 61.9 seconds. 140000000 steps in 6.182e+01 seconds (2.265e+06 steps/second).
2016-01-11 10:56:47) Replicate 2 completed with 5.00e+02 of simulation time using 4 work units.
2016-01-11 10:56:50) Replicate 8 completed with 5.00e+02 of simulation time using 4 work units.
2016-01-11 10:56:53) Replicate 3 completed with 5.00e+02 of simulation time using 4 work units.
2016-01-11 10:56:57) Replicate 7 completed with 5.00e+02 of simulation time using 4 work units.
2016-01-11 10:57:00) Wrote 15 messages (11415 bytes) in the last 60.6 seconds (0.000097 seconds writing). 0 messages (0 bytes) queued. Flushing.
2016-01-11 10:57:00) Replicate 6 completed with 5.00e+02 of simulation time using 4 work units.
2016-01-11 10:57:00) Finished 15 work units (ids in range 14 to 28) with 15 parts in the last 60.6 seconds. 137128831 steps in 6.059e+01 seconds (2.263e+06 steps/second).
2016-01-11 10:57:03) Replicate 5 completed with 5.00e+02 of simulation time using 4 work units.
2016-01-11 10:57:07) Replicate 1 completed with 5.00e+02 of simulation time using 4 work units.
2016-01-11 10:57:10) Replicate 4 completed with 5.00e+02 of simulation time using 4 work units.
2016-01-11 10:57:10) Replicate supervisor finished 8 replicates in 132.24 seconds.
2016-01-11 10:57:10) Simulation finished.
2016-01-11 10:57:10) Finished 3 work units (ids in range 29 to 31) with 3 parts in the last 9.7 seconds. 22061598 steps in 9.741e+00 seconds (2.265e+06 steps/second).
2016-01-11 10:57:10) Supervisor 0:2 finished.
2016-01-11 10:57:10) Wrote 4 messages (2327 bytes) in the last 9.8 seconds (0.000025 seconds writing). 0 messages (0 bytes) queued. Flushing.
2016-01-11 10:57:10) OutputWriter::HelperThread 0:4 finished.
2016-01-11 10:57:10) OutputWriter 0:3 finished.
2016-01-11 10:57:10) Work unit runner 0:5 finished.
2016-01-11 10:57:10) Resource controller 0:1 finished.
2016-01-11 10:57:10) Closing MPI library.
2016-01-11 10:57:10) Program execution finished.
