Lattice Microbe v2015.06.29 build 1 in 64-bit mode with options MPI.
Copyright (C) 2008-2012 Luthey-Schulten Group, University of Illinois at Urbana-Champaign.
Copyright (C) 2012-2015 Roberts Group, Johns Hopkins University.

MPI version 3.0 with thread support MPI_THREAD_MULTIPLE.
Running with 1 process(es).

2016-01-11 10:44:50) Resource controller 0:1 started.
2016-01-11 10:44:50) Supervisor 0:2 started.
2016-01-11 10:44:50) Resource controller 0:1 on login-node03 registered with 24 cpu core(s) and 0 gpu device(s).
2016-01-11 10:44:50) Registered resources for host login-node03 (defaults=1): 2 cpu cores, 0 gpu devices
2016-01-11 10:44:50) All resources registered with supervisor, starting workers.
2016-01-11 10:44:50) Reserved core 0 on 0:1 for the output writer.
2016-01-11 10:44:50) Creating slot 0 on process (0:1) using resources: login-node03; cpu core list:1; gpu device list:<none>.
2016-01-11 10:44:50) OutputWriter 0:3 started.
2016-01-11 10:44:50) Work Unit runner 0:5 started with 1 cpu cores (affinity=0) and 0 gpus.
2016-01-11 10:44:50) OutputWriter::HelperThread 0:4 started.
2016-01-11 10:44:50) Output writer started: 0:3.
2016-01-11 10:44:50) Work unit runner started: 0:5.
2016-01-11 10:44:50) All supervisor workers have started, beginning simulation.
2016-01-11 10:44:50) Replicate supervisor starting simulation.
2016-01-11 10:45:54) Wrote 10 messages (7990 bytes) in the last 63.5 seconds (0.000007 seconds writing). 0 messages (0 bytes) queued. Flushing.
2016-01-11 10:45:54) Finished 11 work units (ids in range 0 to 10) in the last 63.5 seconds. 110000000 steps in 6.343e+01 seconds (1.734e+06 steps/second).
2016-01-11 10:46:55) Wrote 11 messages (8829 bytes) in the last 61.1 seconds (0.000007 seconds writing). 0 messages (0 bytes) queued. Flushing.
2016-01-11 10:46:55) Finished 11 work units (ids in range 11 to 21) in the last 61.1 seconds. 110000000 steps in 6.109e+01 seconds (1.801e+06 steps/second).
2016-01-11 10:47:10) Replicate 6 completed with 5.00e+02 of simulation time using 4 work units.
2016-01-11 10:47:14) Replicate 4 completed with 5.00e+02 of simulation time using 4 work units.
2016-01-11 10:47:19) Replicate 7 completed with 5.00e+02 of simulation time using 4 work units.
2016-01-11 10:47:24) Replicate 3 completed with 5.00e+02 of simulation time using 4 work units.
2016-01-11 10:47:29) Replicate 8 completed with 5.00e+02 of simulation time using 4 work units.
2016-01-11 10:47:33) Replicate 1 completed with 5.00e+02 of simulation time using 4 work units.
2016-01-11 10:47:37) Replicate 2 completed with 5.00e+02 of simulation time using 4 work units.
2016-01-11 10:47:41) Replicate 5 completed with 5.00e+02 of simulation time using 4 work units.
2016-01-11 10:47:41) Simulation finished.
2016-01-11 10:47:41) Replicate supervisor finished 8 replicates in 170.84 seconds.
2016-01-11 10:47:41) Finished 10 work units (ids in range 22 to 31) in the last 46.3 seconds. 79056138 steps in 4.624e+01 seconds (1.710e+06 steps/second).
2016-01-11 10:47:41) Supervisor 0:2 finished.
2016-01-11 10:47:41) Wrote 11 messages (6739 bytes) in the last 46.3 seconds (0.000007 seconds writing). 0 messages (0 bytes) queued. Flushing.
2016-01-11 10:47:41) OutputWriter::HelperThread 0:4 finished.
2016-01-11 10:47:41) OutputWriter 0:3 finished.
2016-01-11 10:47:41) Work unit runner 0:5 finished.
2016-01-11 10:47:41) Resource controller 0:1 finished.
2016-01-11 10:47:41) Closing MPI library.
2016-01-11 10:47:41) Program execution finished.
