Lattice Microbe ES v2016.01.20 build 1 in 64-bit mode with options MPI AVX.
Copyright (C) 2008-2012 Luthey-Schulten Group, University of Illinois at Urbana-Champaign.
Copyright (C) 2012-2016 Roberts Group, Johns Hopkins University.

MPI version 3.0 with thread support MPI_THREAD_MULTIPLE.
Running with 1 process(es).

2016-01-11 10:57:52) Resource controller 0:1 started.
2016-01-11 10:57:52) Supervisor 0:2 started.
2016-01-11 10:57:52) Resource controller 0:1 on xanthus-cp-2 registered with 32 cpu core(s) and 0 gpu device(s).
2016-01-11 10:57:52) Registered resources for host xanthus-cp-2 (defaults=1): 2 cpu cores, 0 gpu devices
2016-01-11 10:57:52) All resources registered with supervisor, starting workers.
2016-01-11 10:57:52) Reserved core 0 on 0:1 for the output writer.
2016-01-11 10:57:52) Creating slot 0 on process (0:1) using resources: xanthus-cp-2; cpu core list:1; gpu device list:<none>.
2016-01-11 10:57:52) OutputWriter 0:3 started.
2016-01-11 10:57:52) Work Unit runner 0:5 started with 1 cpu cores (affinity=0) and 0 gpus.
2016-01-11 10:57:52) OutputWriter::HelperThread 0:4 started.
2016-01-11 10:57:52) Output writer started: 0:3.
2016-01-11 10:57:52) Work unit runner started: 0:5.
2016-01-11 10:57:52) All supervisor workers have started, beginning simulation.
2016-01-11 10:57:52) Replicate supervisor starting simulation.
2016-01-11 10:57:52) Simulation started.
2016-01-11 10:58:53) Wrote 11 messages (9061 bytes) in the last 61.7 seconds (0.000183 seconds writing). 0 messages (0 bytes) queued. Flushing.
2016-01-11 10:58:53) Finished 12 work units (ids in range 0 to 11) with 12 parts in the last 61.7 seconds. 120000000 steps in 6.163e+01 seconds (1.947e+06 steps/second).
2016-01-11 10:59:55) Wrote 12 messages (9944 bytes) in the last 61.2 seconds (0.000195 seconds writing). 0 messages (0 bytes) queued. Flushing.
2016-01-11 10:59:55) Finished 12 work units (ids in range 12 to 23) with 12 parts in the last 61.2 seconds. 120000000 steps in 6.119e+01 seconds (1.961e+06 steps/second).
2016-01-11 10:59:58) Replicate 4 completed with 5.00e+02 of simulation time using 4 work units.
2016-01-11 11:00:02) Replicate 7 completed with 5.00e+02 of simulation time using 4 work units.
2016-01-11 11:00:06) Replicate 5 completed with 5.00e+02 of simulation time using 4 work units.
2016-01-11 11:00:10) Replicate 6 completed with 5.00e+02 of simulation time using 4 work units.
2016-01-11 11:00:14) Replicate 2 completed with 5.00e+02 of simulation time using 4 work units.
2016-01-11 11:00:17) Replicate 8 completed with 5.00e+02 of simulation time using 4 work units.
2016-01-11 11:00:21) Replicate 3 completed with 5.00e+02 of simulation time using 4 work units.
2016-01-11 11:00:25) Replicate 1 completed with 5.00e+02 of simulation time using 4 work units.
2016-01-11 11:00:25) Replicate supervisor finished 8 replicates in 153.20 seconds.
2016-01-11 11:00:25) Simulation finished.
2016-01-11 11:00:25) Finished 8 work units (ids in range 24 to 31) with 8 parts in the last 30.3 seconds. 59296439 steps in 3.026e+01 seconds (1.960e+06 steps/second).
2016-01-11 11:00:25) Supervisor 0:2 finished.
2016-01-11 11:00:25) Wrote 9 messages (5490 bytes) in the last 30.3 seconds (0.000126 seconds writing). 0 messages (0 bytes) queued. Flushing.
2016-01-11 11:00:25) OutputWriter::HelperThread 0:4 finished.
2016-01-11 11:00:25) OutputWriter 0:3 finished.
2016-01-11 11:00:25) Work unit runner 0:5 finished.
2016-01-11 11:00:25) Resource controller 0:1 finished.
2016-01-11 11:00:25) Closing MPI library.
2016-01-11 11:00:25) Program execution finished.
