Lattice Microbe ES v2016.01.20 build 1 in 64-bit mode with options MPI AVX.
Copyright (C) 2008-2012 Luthey-Schulten Group, University of Illinois at Urbana-Champaign.
Copyright (C) 2012-2016 Roberts Group, Johns Hopkins University.

MPI version 3.0 with thread support MPI_THREAD_MULTIPLE.
Running with 1 process(es).

2016-01-11 10:48:21) Resource controller 0:1 started.
2016-01-11 10:48:21) Supervisor 0:2 started.
2016-01-11 10:48:21) Resource controller 0:1 on xanthus-hd-1 registered with 8 cpu core(s) and 0 gpu device(s).
2016-01-11 10:48:21) Registered resources for host xanthus-hd-1 (defaults=1): 2 cpu cores, 0 gpu devices
2016-01-11 10:48:21) All resources registered with supervisor, starting workers.
2016-01-11 10:48:21) Reserved core 0 on 0:1 for the output writer.
2016-01-11 10:48:21) Creating slot 0 on process (0:1) using resources: xanthus-hd-1; cpu core list:1; gpu device list:<none>.
2016-01-11 10:48:21) OutputWriter 0:3 started.
2016-01-11 10:48:21) Work Unit runner 0:5 started with 1 cpu cores (affinity=0) and 0 gpus.
2016-01-11 10:48:21) OutputWriter::HelperThread 0:4 started.
2016-01-11 10:48:21) Output writer started: 0:3.
2016-01-11 10:48:21) Work unit runner started: 0:5.
2016-01-11 10:48:21) All supervisor workers have started, beginning simulation.
2016-01-11 10:48:21) Replicate supervisor starting simulation.
2016-01-11 10:48:21) Simulation started.
2016-01-11 10:49:23) Wrote 13 messages (10764 bytes) in the last 61.8 seconds (0.000099 seconds writing). 0 messages (0 bytes) queued. Flushing.
2016-01-11 10:49:23) Finished 14 work units (ids in range 0 to 13) with 14 parts in the last 61.8 seconds. 140000000 steps in 6.177e+01 seconds (2.266e+06 steps/second).
2016-01-11 10:50:10) Replicate 2 completed with 5.00e+02 of simulation time using 4 work units.
2016-01-11 10:50:13) Replicate 6 completed with 5.00e+02 of simulation time using 4 work units.
2016-01-11 10:50:17) Replicate 1 completed with 5.00e+02 of simulation time using 4 work units.
2016-01-11 10:50:20) Replicate 8 completed with 5.00e+02 of simulation time using 4 work units.
2016-01-11 10:50:23) Wrote 15 messages (11493 bytes) in the last 60.6 seconds (0.000100 seconds writing). 0 messages (0 bytes) queued. Flushing.
2016-01-11 10:50:23) Replicate 7 completed with 5.00e+02 of simulation time using 4 work units.
2016-01-11 10:50:23) Finished 15 work units (ids in range 14 to 28) with 15 parts in the last 60.6 seconds. 137126884 steps in 6.053e+01 seconds (2.266e+06 steps/second).
2016-01-11 10:50:26) Replicate 4 completed with 5.00e+02 of simulation time using 4 work units.
2016-01-11 10:50:30) Replicate 5 completed with 5.00e+02 of simulation time using 4 work units.
2016-01-11 10:50:33) Replicate 3 completed with 5.00e+02 of simulation time using 4 work units.
2016-01-11 10:50:33) Replicate supervisor finished 8 replicates in 132.14 seconds.
2016-01-11 10:50:33) Simulation finished.
2016-01-11 10:50:33) Finished 3 work units (ids in range 29 to 31) with 3 parts in the last 9.8 seconds. 22078467 steps in 9.748e+00 seconds (2.265e+06 steps/second).
2016-01-11 10:50:33) Supervisor 0:2 finished.
2016-01-11 10:50:33) Wrote 4 messages (2318 bytes) in the last 9.8 seconds (0.000024 seconds writing). 0 messages (0 bytes) queued. Flushing.
2016-01-11 10:50:33) OutputWriter::HelperThread 0:4 finished.
2016-01-11 10:50:33) OutputWriter 0:3 finished.
2016-01-11 10:50:33) Work unit runner 0:5 finished.
2016-01-11 10:50:33) Resource controller 0:1 finished.
2016-01-11 10:50:33) Closing MPI library.
2016-01-11 10:50:33) Program execution finished.
