Lattice Microbe ES v2016.01.20 build 1 in 64-bit mode with options MPI AVX.
Copyright (C) 2008-2012 Luthey-Schulten Group, University of Illinois at Urbana-Champaign.
Copyright (C) 2012-2016 Roberts Group, Johns Hopkins University.

MPI version 3.0 with thread support MPI_THREAD_MULTIPLE.
Running with 1 process(es).

2016-01-08 17:22:27) Resource controller 0:1 started.
2016-01-08 17:22:27) Supervisor 0:2 started.
2016-01-08 17:22:27) Resource controller 0:1 on barkeri.bph.jhu.edu registered with 8 cpu core(s) and 0 gpu device(s).
2016-01-08 17:22:27) Registered resources for host barkeri.bph.jhu.edu (defaults=1): 2 cpu cores, 0 gpu devices
2016-01-08 17:22:27) All resources registered with supervisor, starting workers.
2016-01-08 17:22:27) Reserved core 0 on 0:1 for the output writer.
2016-01-08 17:22:27) Creating slot 0 on process (0:1) using resources: barkeri.bph.jhu.edu; cpu core list:1; gpu device list:<none>.
2016-01-08 17:22:27) OutputWriter 0:3 started.
2016-01-08 17:22:27) OutputWriter::HelperThread 0:4 started.
2016-01-08 17:22:27) Work Unit runner 0:5 started with 1 cpu cores (affinity=0) and 0 gpus.
2016-01-08 17:22:27) Output writer started: 0:3.
2016-01-08 17:22:27) Work unit runner started: 0:5.
2016-01-08 17:22:27) All supervisor workers have started, beginning simulation.
2016-01-08 17:22:27) Replicate supervisor starting simulation.
2016-01-08 17:22:27) Simulation started.
2016-01-08 17:23:28) Wrote 86 messages (6605 bytes) in the last 60.2 seconds (0.000480 seconds writing). 0 messages (0 bytes) queued. Flushing.
2016-01-08 17:23:28) Finished 87 work units (ids in range 0 to 86) with 87 parts in the last 60.3 seconds. 870000000 steps in 5.993e+01 seconds (1.452e+07 steps/second).
2016-01-08 17:24:20) Replicate 11 completed with 1.00e+05 of simulation time using 12 work units.
2016-01-08 17:24:20) Replicate 3 completed with 1.00e+05 of simulation time using 12 work units.
2016-01-08 17:24:20) Replicate 7 completed with 1.00e+05 of simulation time using 12 work units.
2016-01-08 17:24:20) Replicate 4 completed with 1.00e+05 of simulation time using 12 work units.
2016-01-08 17:24:20) Replicate 14 completed with 1.00e+05 of simulation time using 12 work units.
2016-01-08 17:24:20) Replicate 10 completed with 1.00e+05 of simulation time using 12 work units.
2016-01-08 17:24:20) Replicate 2 completed with 1.00e+05 of simulation time using 12 work units.
2016-01-08 17:24:20) Replicate 1 completed with 1.00e+05 of simulation time using 12 work units.
2016-01-08 17:24:20) Replicate 15 completed with 1.00e+05 of simulation time using 12 work units.
2016-01-08 17:24:20) Replicate 5 completed with 1.00e+05 of simulation time using 12 work units.
2016-01-08 17:24:20) Replicate 12 completed with 1.00e+05 of simulation time using 12 work units.
2016-01-08 17:24:20) Replicate 9 completed with 1.00e+05 of simulation time using 12 work units.
2016-01-08 17:24:20) Replicate 6 completed with 1.00e+05 of simulation time using 12 work units.
2016-01-08 17:24:20) Replicate 8 completed with 1.00e+05 of simulation time using 12 work units.
2016-01-08 17:24:20) Replicate 13 completed with 1.00e+05 of simulation time using 12 work units.
2016-01-08 17:24:20) Replicate supervisor finished 15 replicates in 113.01 seconds.
2016-01-08 17:24:20) Simulation finished.
2016-01-08 17:24:20) Finished 93 work units (ids in range 87 to 179) with 93 parts in the last 52.8 seconds. 780616396 steps in 5.247e+01 seconds (1.488e+07 steps/second).
2016-01-08 17:24:20) Supervisor 0:2 finished.
2016-01-08 17:24:20) Wrote 79 messages (6210 bytes) in the last 52.8 seconds (0.000409 seconds writing). 0 messages (0 bytes) queued. Flushing.
2016-01-08 17:24:20) OutputWriter::HelperThread 0:4 finished.
2016-01-08 17:24:20) OutputWriter 0:3 finished.
2016-01-08 17:24:20) Work unit runner 0:5 finished.
2016-01-08 17:24:20) Resource controller 0:1 finished.
2016-01-08 17:24:20) Closing MPI library.
2016-01-08 17:24:20) Program execution finished.
