Lattice Microbe ES v2016.01.20 build 1 in 64-bit mode with options MPI AVX.
Copyright (C) 2008-2012 Luthey-Schulten Group, University of Illinois at Urbana-Champaign.
Copyright (C) 2012-2016 Roberts Group, Johns Hopkins University.

MPI version 3.0 with thread support MPI_THREAD_MULTIPLE.
Running with 1 process(es).

2016-01-08 17:26:13) Resource controller 0:1 started.
2016-01-08 17:26:13) Supervisor 0:2 started.
2016-01-08 17:26:13) Resource controller 0:1 on barkeri.bph.jhu.edu registered with 8 cpu core(s) and 0 gpu device(s).
2016-01-08 17:26:13) Registered resources for host barkeri.bph.jhu.edu (defaults=1): 2 cpu cores, 0 gpu devices
2016-01-08 17:26:13) All resources registered with supervisor, starting workers.
2016-01-08 17:26:13) Reserved core 0 on 0:1 for the output writer.
2016-01-08 17:26:13) Creating slot 0 on process (0:1) using resources: barkeri.bph.jhu.edu; cpu core list:1; gpu device list:<none>.
2016-01-08 17:26:13) OutputWriter 0:3 started.
2016-01-08 17:26:13) OutputWriter::HelperThread 0:4 started.
2016-01-08 17:26:13) Output writer started: 0:3.
2016-01-08 17:26:13) Work Unit runner 0:5 started with 1 cpu cores (affinity=0) and 0 gpus.
2016-01-08 17:26:13) Work unit runner started: 0:5.
2016-01-08 17:26:13) All supervisor workers have started, beginning simulation.
2016-01-08 17:26:13) Replicate supervisor starting simulation.
2016-01-08 17:26:13) Simulation started.
2016-01-08 17:27:13) Wrote 86 messages (6578 bytes) in the last 60.4 seconds (0.000423 seconds writing). 0 messages (0 bytes) queued. Flushing.
2016-01-08 17:27:13) Finished 87 work units (ids in range 0 to 86) with 87 parts in the last 60.4 seconds. 870000000 steps in 6.005e+01 seconds (1.449e+07 steps/second).
2016-01-08 17:28:08) Replicate 15 completed with 1.00e+05 of simulation time using 12 work units.
2016-01-08 17:28:08) Replicate 1 completed with 1.00e+05 of simulation time using 12 work units.
2016-01-08 17:28:08) Replicate 2 completed with 1.00e+05 of simulation time using 12 work units.
2016-01-08 17:28:08) Replicate 6 completed with 1.00e+05 of simulation time using 12 work units.
2016-01-08 17:28:08) Replicate 14 completed with 1.00e+05 of simulation time using 12 work units.
2016-01-08 17:28:08) Replicate 12 completed with 1.00e+05 of simulation time using 12 work units.
2016-01-08 17:28:08) Replicate 10 completed with 1.00e+05 of simulation time using 12 work units.
2016-01-08 17:28:08) Replicate 9 completed with 1.00e+05 of simulation time using 12 work units.
2016-01-08 17:28:08) Replicate 3 completed with 1.00e+05 of simulation time using 12 work units.
2016-01-08 17:28:08) Replicate 11 completed with 1.00e+05 of simulation time using 12 work units.
2016-01-08 17:28:08) Replicate 8 completed with 1.00e+05 of simulation time using 12 work units.
2016-01-08 17:28:08) Replicate 7 completed with 1.00e+05 of simulation time using 12 work units.
2016-01-08 17:28:08) Replicate 4 completed with 1.00e+05 of simulation time using 12 work units.
2016-01-08 17:28:08) Replicate 5 completed with 1.00e+05 of simulation time using 12 work units.
2016-01-08 17:28:08) Replicate 13 completed with 1.00e+05 of simulation time using 12 work units.
2016-01-08 17:28:08) Replicate supervisor finished 15 replicates in 114.86 seconds.
2016-01-08 17:28:08) Simulation finished.
2016-01-08 17:28:08) Finished 93 work units (ids in range 87 to 179) with 93 parts in the last 54.5 seconds. 780646612 steps in 5.421e+01 seconds (1.440e+07 steps/second).
2016-01-08 17:28:08) Supervisor 0:2 finished.
2016-01-08 17:28:08) Wrote 79 messages (6197 bytes) in the last 54.5 seconds (0.000387 seconds writing). 0 messages (0 bytes) queued. Flushing.
2016-01-08 17:28:08) OutputWriter::HelperThread 0:4 finished.
2016-01-08 17:28:08) OutputWriter 0:3 finished.
2016-01-08 17:28:08) Work unit runner 0:5 finished.
2016-01-08 17:28:08) Resource controller 0:1 finished.
2016-01-08 17:28:08) Closing MPI library.
2016-01-08 17:28:08) Program execution finished.
