Lattice Microbe ES v2016.01.20 build 1 in 64-bit mode with options MPI AVX.
Copyright (C) 2008-2012 Luthey-Schulten Group, University of Illinois at Urbana-Champaign.
Copyright (C) 2012-2016 Roberts Group, Johns Hopkins University.

MPI version 3.0 with thread support MPI_THREAD_MULTIPLE.
Running with 1 process(es).

2016-01-08 17:09:01) Resource controller 0:1 started.
2016-01-08 17:09:01) Supervisor 0:2 started.
2016-01-08 17:09:01) Resource controller 0:1 on barkeri.bph.jhu.edu registered with 8 cpu core(s) and 0 gpu device(s).
2016-01-08 17:09:01) Registered resources for host barkeri.bph.jhu.edu (defaults=1): 2 cpu cores, 0 gpu devices
2016-01-08 17:09:01) All resources registered with supervisor, starting workers.
2016-01-08 17:09:01) Reserved core 0 on 0:1 for the output writer.
2016-01-08 17:09:01) Creating slot 0 on process (0:1) using resources: barkeri.bph.jhu.edu; cpu core list:1; gpu device list:<none>.
2016-01-08 17:09:01) OutputWriter 0:3 started.
2016-01-08 17:09:01) OutputWriter::HelperThread 0:4 started.
2016-01-08 17:09:01) Work Unit runner 0:5 started with 1 cpu cores (affinity=0) and 0 gpus.
2016-01-08 17:09:01) Output writer started: 0:3.
2016-01-08 17:09:01) Work unit runner started: 0:5.
2016-01-08 17:09:01) All supervisor workers have started, beginning simulation.
2016-01-08 17:09:01) Replicate supervisor starting simulation.
2016-01-08 17:09:01) Simulation started.
2016-01-08 17:10:01) Finished 88 work units (ids in range 0 to 87) with 88 parts in the last 60.0 seconds. 880000000 steps in 5.968e+01 seconds (1.475e+07 steps/second).
2016-01-08 17:10:01) Wrote 88 messages (6752 bytes) in the last 60.7 seconds (0.000435 seconds writing). 0 messages (0 bytes) queued. Flushing.
2016-01-08 17:10:54) Replicate 4 completed with 1.00e+05 of simulation time using 12 work units.
2016-01-08 17:10:54) Replicate 2 completed with 1.00e+05 of simulation time using 12 work units.
2016-01-08 17:10:54) Replicate 1 completed with 1.00e+05 of simulation time using 12 work units.
2016-01-08 17:10:54) Replicate 12 completed with 1.00e+05 of simulation time using 12 work units.
2016-01-08 17:10:54) Replicate 15 completed with 1.00e+05 of simulation time using 12 work units.
2016-01-08 17:10:54) Replicate 14 completed with 1.00e+05 of simulation time using 12 work units.
2016-01-08 17:10:54) Replicate 11 completed with 1.00e+05 of simulation time using 12 work units.
2016-01-08 17:10:54) Replicate 10 completed with 1.00e+05 of simulation time using 12 work units.
2016-01-08 17:10:54) Replicate 6 completed with 1.00e+05 of simulation time using 12 work units.
2016-01-08 17:10:54) Replicate 3 completed with 1.00e+05 of simulation time using 12 work units.
2016-01-08 17:10:54) Replicate 7 completed with 1.00e+05 of simulation time using 12 work units.
2016-01-08 17:10:54) Replicate 8 completed with 1.00e+05 of simulation time using 12 work units.
2016-01-08 17:10:54) Replicate 13 completed with 1.00e+05 of simulation time using 12 work units.
2016-01-08 17:10:54) Replicate 5 completed with 1.00e+05 of simulation time using 12 work units.
2016-01-08 17:10:54) Replicate 9 completed with 1.00e+05 of simulation time using 12 work units.
2016-01-08 17:10:54) Replicate supervisor finished 15 replicates in 113.02 seconds.
2016-01-08 17:10:54) Simulation finished.
2016-01-08 17:10:54) Finished 92 work units (ids in range 88 to 179) with 92 parts in the last 53.1 seconds. 770692752 steps in 5.276e+01 seconds (1.461e+07 steps/second).
2016-01-08 17:10:54) Supervisor 0:2 finished.
2016-01-08 17:10:54) Wrote 77 messages (6054 bytes) in the last 52.4 seconds (0.000371 seconds writing). 0 messages (0 bytes) queued. Flushing.
2016-01-08 17:10:54) OutputWriter::HelperThread 0:4 finished.
2016-01-08 17:10:54) OutputWriter 0:3 finished.
2016-01-08 17:10:54) Work unit runner 0:5 finished.
2016-01-08 17:10:54) Resource controller 0:1 finished.
2016-01-08 17:10:54) Closing MPI library.
2016-01-08 17:10:54) Program execution finished.
