Lattice Microbe ES v2016.01.20 build 1 in 64-bit mode with options MPI AVX.
Copyright (C) 2008-2012 Luthey-Schulten Group, University of Illinois at Urbana-Champaign.
Copyright (C) 2012-2016 Roberts Group, Johns Hopkins University.

MPI version 3.0 with thread support MPI_THREAD_MULTIPLE.
Running with 1 process(es).

2016-01-08 17:12:49) Resource controller 0:1 started.
2016-01-08 17:12:49) Supervisor 0:2 started.
2016-01-08 17:12:49) Resource controller 0:1 on barkeri.bph.jhu.edu registered with 8 cpu core(s) and 0 gpu device(s).
2016-01-08 17:12:49) Registered resources for host barkeri.bph.jhu.edu (defaults=1): 2 cpu cores, 0 gpu devices
2016-01-08 17:12:49) All resources registered with supervisor, starting workers.
2016-01-08 17:12:49) Reserved core 0 on 0:1 for the output writer.
2016-01-08 17:12:49) Creating slot 0 on process (0:1) using resources: barkeri.bph.jhu.edu; cpu core list:1; gpu device list:<none>.
2016-01-08 17:12:49) OutputWriter 0:3 started.
2016-01-08 17:12:49) OutputWriter::HelperThread 0:4 started.
2016-01-08 17:12:49) Work Unit runner 0:5 started with 1 cpu cores (affinity=0) and 0 gpus.
2016-01-08 17:12:49) Output writer started: 0:3.
2016-01-08 17:12:49) Work unit runner started: 0:5.
2016-01-08 17:12:49) All supervisor workers have started, beginning simulation.
2016-01-08 17:12:49) Replicate supervisor starting simulation.
2016-01-08 17:12:49) Simulation started.
2016-01-08 17:13:50) Wrote 85 messages (6527 bytes) in the last 60.7 seconds (0.000436 seconds writing). 0 messages (0 bytes) queued. Flushing.
2016-01-08 17:13:50) Finished 86 work units (ids in range 0 to 85) with 86 parts in the last 60.7 seconds. 860000000 steps in 6.038e+01 seconds (1.424e+07 steps/second).
2016-01-08 17:14:46) Replicate 2 completed with 1.00e+05 of simulation time using 12 work units.
2016-01-08 17:14:46) Replicate 4 completed with 1.00e+05 of simulation time using 12 work units.
2016-01-08 17:14:46) Replicate 6 completed with 1.00e+05 of simulation time using 12 work units.
2016-01-08 17:14:46) Replicate 11 completed with 1.00e+05 of simulation time using 12 work units.
2016-01-08 17:14:46) Replicate 7 completed with 1.00e+05 of simulation time using 12 work units.
2016-01-08 17:14:46) Replicate 1 completed with 1.00e+05 of simulation time using 12 work units.
2016-01-08 17:14:46) Replicate 8 completed with 1.00e+05 of simulation time using 12 work units.
2016-01-08 17:14:46) Replicate 9 completed with 1.00e+05 of simulation time using 12 work units.
2016-01-08 17:14:46) Replicate 12 completed with 1.00e+05 of simulation time using 12 work units.
2016-01-08 17:14:46) Replicate 5 completed with 1.00e+05 of simulation time using 12 work units.
2016-01-08 17:14:46) Replicate 14 completed with 1.00e+05 of simulation time using 12 work units.
2016-01-08 17:14:46) Replicate 13 completed with 1.00e+05 of simulation time using 12 work units.
2016-01-08 17:14:46) Replicate 3 completed with 1.00e+05 of simulation time using 12 work units.
2016-01-08 17:14:46) Replicate 15 completed with 1.00e+05 of simulation time using 12 work units.
2016-01-08 17:14:46) Replicate 10 completed with 1.00e+05 of simulation time using 12 work units.
2016-01-08 17:14:46) Replicate supervisor finished 15 replicates in 116.76 seconds.
2016-01-08 17:14:46) Simulation finished.
2016-01-08 17:14:46) Finished 94 work units (ids in range 86 to 179) with 94 parts in the last 56.1 seconds. 790656716 steps in 5.583e+01 seconds (1.416e+07 steps/second).
2016-01-08 17:14:46) Supervisor 0:2 finished.
2016-01-08 17:14:46) Wrote 80 messages (6277 bytes) in the last 56.1 seconds (0.000455 seconds writing). 0 messages (0 bytes) queued. Flushing.
2016-01-08 17:14:46) OutputWriter::HelperThread 0:4 finished.
2016-01-08 17:14:46) OutputWriter 0:3 finished.
2016-01-08 17:14:46) Work unit runner 0:5 finished.
2016-01-08 17:14:46) Resource controller 0:1 finished.
2016-01-08 17:14:46) Closing MPI library.
2016-01-08 17:14:46) Program execution finished.
