Lattice Microbe ES v2016.01.20 build 1 in 64-bit mode with options MPI AVX.
Copyright (C) 2008-2012 Luthey-Schulten Group, University of Illinois at Urbana-Champaign.
Copyright (C) 2012-2016 Roberts Group, Johns Hopkins University.

MPI version 3.0 with thread support MPI_THREAD_MULTIPLE.
Running with 1 process(es).

2016-01-08 17:14:46) Resource controller 0:1 started.
2016-01-08 17:14:46) Supervisor 0:2 started.
2016-01-08 17:14:46) Resource controller 0:1 on barkeri.bph.jhu.edu registered with 8 cpu core(s) and 0 gpu device(s).
2016-01-08 17:14:46) Registered resources for host barkeri.bph.jhu.edu (defaults=1): 2 cpu cores, 0 gpu devices
2016-01-08 17:14:46) All resources registered with supervisor, starting workers.
2016-01-08 17:14:46) Reserved core 0 on 0:1 for the output writer.
2016-01-08 17:14:46) Creating slot 0 on process (0:1) using resources: barkeri.bph.jhu.edu; cpu core list:1; gpu device list:<none>.
2016-01-08 17:14:46) OutputWriter 0:3 started.
2016-01-08 17:14:46) OutputWriter::HelperThread 0:4 started.
2016-01-08 17:14:46) 2016-01-08 17:14:46) Work Unit runner 0:5 started with 1 cpu cores (affinity=0) and 0 gpus.Output writer started: 0:3.

2016-01-08 17:14:46) Work unit runner started: 0:5.
2016-01-08 17:14:46) All supervisor workers have started, beginning simulation.
2016-01-08 17:14:46) Replicate supervisor starting simulation.
2016-01-08 17:14:46) Simulation started.
2016-01-08 17:15:46) Wrote 85 messages (6516 bytes) in the last 60.6 seconds (0.000445 seconds writing). 0 messages (0 bytes) queued. Flushing.
2016-01-08 17:15:46) Finished 86 work units (ids in range 0 to 85) with 86 parts in the last 60.6 seconds. 860000000 steps in 6.036e+01 seconds (1.425e+07 steps/second).
2016-01-08 17:16:41) Replicate 11 completed with 1.00e+05 of simulation time using 12 work units.
2016-01-08 17:16:41) Replicate 9 completed with 1.00e+05 of simulation time using 12 work units.
2016-01-08 17:16:41) Replicate 8 completed with 1.00e+05 of simulation time using 12 work units.
2016-01-08 17:16:41) Replicate 3 completed with 1.00e+05 of simulation time using 12 work units.
2016-01-08 17:16:41) Replicate 13 completed with 1.00e+05 of simulation time using 12 work units.
2016-01-08 17:16:41) Replicate 10 completed with 1.00e+05 of simulation time using 12 work units.
2016-01-08 17:16:41) Replicate 12 completed with 1.00e+05 of simulation time using 12 work units.
2016-01-08 17:16:41) Replicate 6 completed with 1.00e+05 of simulation time using 12 work units.
2016-01-08 17:16:41) Replicate 15 completed with 1.00e+05 of simulation time using 12 work units.
2016-01-08 17:16:41) Replicate 1 completed with 1.00e+05 of simulation time using 12 work units.
2016-01-08 17:16:41) Replicate 5 completed with 1.00e+05 of simulation time using 12 work units.
2016-01-08 17:16:41) Replicate 2 completed with 1.00e+05 of simulation time using 12 work units.
2016-01-08 17:16:41) Replicate 4 completed with 1.00e+05 of simulation time using 12 work units.
2016-01-08 17:16:41) Replicate 7 completed with 1.00e+05 of simulation time using 12 work units.
2016-01-08 17:16:41) Replicate 14 completed with 1.00e+05 of simulation time using 12 work units.
2016-01-08 17:16:41) Replicate supervisor finished 15 replicates in 115.79 seconds.
2016-01-08 17:16:41) Simulation finished.
2016-01-08 17:16:41) Finished 94 work units (ids in range 86 to 179) with 94 parts in the last 55.2 seconds. 790592011 steps in 5.488e+01 seconds (1.440e+07 steps/second).
2016-01-08 17:16:41) Supervisor 0:2 finished.
2016-01-08 17:16:41) Wrote 80 messages (6303 bytes) in the last 55.2 seconds (0.000411 seconds writing). 0 messages (0 bytes) queued. Flushing.
2016-01-08 17:16:41) OutputWriter::HelperThread 0:4 finished.
2016-01-08 17:16:41) OutputWriter 0:3 finished.
2016-01-08 17:16:41) Work unit runner 0:5 finished.
2016-01-08 17:16:41) Resource controller 0:1 finished.
2016-01-08 17:16:41) Closing MPI library.
2016-01-08 17:16:41) Program execution finished.
