Lattice Microbe ES v2016.01.20 build 1 in 64-bit mode with options MPI AVX.
Copyright (C) 2008-2012 Luthey-Schulten Group, University of Illinois at Urbana-Champaign.
Copyright (C) 2012-2016 Roberts Group, Johns Hopkins University.

MPI version 3.0 with thread support MPI_THREAD_MULTIPLE.
Running with 1 process(es).

2016-01-09 16:21:18) Resource controller 0:1 started.
2016-01-09 16:21:18) Supervisor 0:2 started.
2016-01-09 16:21:18) Resource controller 0:1 on barkeri.bph.jhu.edu registered with 8 cpu core(s) and 0 gpu device(s).
2016-01-09 16:21:18) Registered resources for host barkeri.bph.jhu.edu (defaults=1): 2 cpu cores, 0 gpu devices
2016-01-09 16:21:18) All resources registered with supervisor, starting workers.
2016-01-09 16:21:18) Reserved core 0 on 0:1 for the output writer.
2016-01-09 16:21:18) Creating slot 0 on process (0:1) using resources: barkeri.bph.jhu.edu; cpu core list:1; gpu device list:<none>.
2016-01-09 16:21:18) OutputWriter 0:3 started.
2016-01-09 16:21:18) Work Unit runner 0:5 started with 1 cpu cores (affinity=0) and 0 gpus.
2016-01-09 16:21:18) OutputWriter::HelperThread 0:4 started.
2016-01-09 16:21:18) Output writer started: 0:3.
2016-01-09 16:21:18) Work unit runner started: 0:5.
2016-01-09 16:21:18) All supervisor workers have started, beginning simulation.
2016-01-09 16:21:18) Replicate supervisor starting simulation.
2016-01-09 16:21:18) Simulation started.
2016-01-09 16:22:19) Wrote 35 messages (9473 bytes) in the last 61.1 seconds (0.000419 seconds writing). 0 messages (0 bytes) queued. Flushing.
2016-01-09 16:22:19) Finished 36 work units (ids in range 0 to 35) with 144 parts in the last 61.1 seconds. 1440000000 steps in 6.096e+01 seconds (2.362e+07 steps/second).
2016-01-09 16:22:32) Replicate 13 completed with 1.00e+05 of simulation time using 12 work units.
2016-01-09 16:22:32) Replicate 15 completed with 1.00e+05 of simulation time using 12 work units.
2016-01-09 16:22:32) Replicate 10 completed with 1.00e+05 of simulation time using 12 work units.
2016-01-09 16:22:32) Replicate 4 completed with 1.00e+05 of simulation time using 12 work units.
2016-01-09 16:22:32) Replicate 1 completed with 1.00e+05 of simulation time using 13 work units.
2016-01-09 16:22:32) Replicate 5 completed with 1.00e+05 of simulation time using 13 work units.
2016-01-09 16:22:32) Replicate 16 completed with 1.00e+05 of simulation time using 14 work units.
2016-01-09 16:22:32) Replicate 14 completed with 1.00e+05 of simulation time using 14 work units.
2016-01-09 16:22:32) Replicate 2 completed with 1.00e+05 of simulation time using 13 work units.
2016-01-09 16:22:32) Replicate 8 completed with 1.00e+05 of simulation time using 13 work units.
2016-01-09 16:22:32) Replicate 12 completed with 1.00e+05 of simulation time using 16 work units.
2016-01-09 16:22:32) Replicate 3 completed with 1.00e+05 of simulation time using 19 work units.
2016-01-09 16:22:32) Replicate 9 completed with 1.00e+05 of simulation time using 16 work units.
2016-01-09 16:22:32) GillespieDSolverAVX started without a full set of trajectories, running trajectory 7 with the GillespieDSolver.
2016-01-09 16:22:32) GillespieDSolverAVX started without a full set of trajectories, running trajectory 11 with the GillespieDSolver.
2016-01-09 16:22:32) GillespieDSolverAVX started without a full set of trajectories, running trajectory 6 with the GillespieDSolver.
2016-01-09 16:22:32) Replicate 7 completed with 1.00e+05 of simulation time using 17 work units.
2016-01-09 16:22:32) Replicate 11 completed with 1.00e+05 of simulation time using 18 work units.
2016-01-09 16:22:32) Replicate 6 completed with 1.00e+05 of simulation time using 17 work units.
2016-01-09 16:22:32) Replicate supervisor finished 16 replicates in 74.63 seconds.
2016-01-09 16:22:32) Simulation finished.
2016-01-09 16:22:32) Finished 22 work units (ids in range 36 to 57) with 87 parts in the last 13.6 seconds. 320730403 steps in 1.348e+01 seconds (2.379e+07 steps/second).
2016-01-09 16:22:32) Supervisor 0:2 finished.
2016-01-09 16:22:32) Wrote 21 messages (2701 bytes) in the last 13.6 seconds (0.000170 seconds writing). 0 messages (0 bytes) queued. Flushing.
2016-01-09 16:22:32) OutputWriter::HelperThread 0:4 finished.
2016-01-09 16:22:32) OutputWriter 0:3 finished.
2016-01-09 16:22:32) Work unit runner 0:5 finished.
2016-01-09 16:22:32) Resource controller 0:1 finished.
2016-01-09 16:22:32) Closing MPI library.
2016-01-09 16:22:32) Program execution finished.
