Lattice Microbe ES v2016.01.20 build 1 in 64-bit mode with options MPI AVX.
Copyright (C) 2008-2012 Luthey-Schulten Group, University of Illinois at Urbana-Champaign.
Copyright (C) 2012-2016 Roberts Group, Johns Hopkins University.

MPI version 3.0 with thread support MPI_THREAD_MULTIPLE.
Running with 1 process(es).

2016-01-09 16:27:11) Resource controller 0:1 started.
2016-01-09 16:27:11) Supervisor 0:2 started.
2016-01-09 16:27:11) Resource controller 0:1 on barkeri.bph.jhu.edu registered with 8 cpu core(s) and 0 gpu device(s).
2016-01-09 16:27:11) Registered resources for host barkeri.bph.jhu.edu (defaults=1): 2 cpu cores, 0 gpu devices
2016-01-09 16:27:11) All resources registered with supervisor, starting workers.
2016-01-09 16:27:11) Reserved core 0 on 0:1 for the output writer.
2016-01-09 16:27:11) Creating slot 0 on process (0:1) using resources: barkeri.bph.jhu.edu; cpu core list:1; gpu device list:<none>.
2016-01-09 16:27:11) OutputWriter 0:3 started.
2016-01-09 16:27:11) 2016-01-09 16:27:11) Work Unit runner 0:5 started with 1 cpu cores (affinity=0) and 0 gpus.OutputWriter::HelperThread 0:4 started.

2016-01-09 16:27:11) Output writer started: 0:3.
2016-01-09 16:27:11) Work unit runner started: 0:5.
2016-01-09 16:27:11) All supervisor workers have started, beginning simulation.
2016-01-09 16:27:11) Replicate supervisor starting simulation.
2016-01-09 16:27:11) Simulation started.
2016-01-09 16:28:11) Wrote 35 messages (9488 bytes) in the last 60.7 seconds (0.000425 seconds writing). 0 messages (0 bytes) queued. Flushing.
2016-01-09 16:28:11) Finished 36 work units (ids in range 0 to 35) with 144 parts in the last 60.7 seconds. 1440000000 steps in 6.057e+01 seconds (2.377e+07 steps/second).
2016-01-09 16:28:25) Replicate 1 completed with 1.00e+05 of simulation time using 12 work units.
2016-01-09 16:28:25) Replicate 7 completed with 1.00e+05 of simulation time using 12 work units.
2016-01-09 16:28:25) Replicate 12 completed with 1.00e+05 of simulation time using 12 work units.
2016-01-09 16:28:25) Replicate 4 completed with 1.00e+05 of simulation time using 12 work units.
2016-01-09 16:28:25) Replicate 3 completed with 1.00e+05 of simulation time using 13 work units.
2016-01-09 16:28:25) Replicate 8 completed with 1.00e+05 of simulation time using 14 work units.
2016-01-09 16:28:25) Replicate 9 completed with 1.00e+05 of simulation time using 14 work units.
2016-01-09 16:28:25) Replicate 13 completed with 1.00e+05 of simulation time using 13 work units.
2016-01-09 16:28:25) Replicate 11 completed with 1.00e+05 of simulation time using 14 work units.
2016-01-09 16:28:25) Replicate 6 completed with 1.00e+05 of simulation time using 13 work units.
2016-01-09 16:28:25) Replicate 15 completed with 1.00e+05 of simulation time using 17 work units.
2016-01-09 16:28:25) Replicate 14 completed with 1.00e+05 of simulation time using 16 work units.
2016-01-09 16:28:25) Replicate 5 completed with 1.00e+05 of simulation time using 16 work units.
2016-01-09 16:28:25) GillespieDSolverAVX started without a full set of trajectories, running trajectory 16 with the GillespieDSolver.
2016-01-09 16:28:25) GillespieDSolverAVX started without a full set of trajectories, running trajectory 2 with the GillespieDSolver.
2016-01-09 16:28:25) GillespieDSolverAVX started without a full set of trajectories, running trajectory 10 with the GillespieDSolver.
2016-01-09 16:28:25) Replicate 16 completed with 1.00e+05 of simulation time using 17 work units.
2016-01-09 16:28:25) Replicate 2 completed with 1.00e+05 of simulation time using 19 work units.
2016-01-09 16:28:25) Replicate 10 completed with 1.00e+05 of simulation time using 17 work units.
2016-01-09 16:28:25) Replicate supervisor finished 16 replicates in 74.25 seconds.
2016-01-09 16:28:25) Simulation finished.
2016-01-09 16:28:25) Finished 22 work units (ids in range 36 to 57) with 87 parts in the last 13.6 seconds. 320764254 steps in 1.348e+01 seconds (2.380e+07 steps/second).
2016-01-09 16:28:25) Supervisor 0:2 finished.
2016-01-09 16:28:25) Wrote 21 messages (2704 bytes) in the last 13.6 seconds (0.000165 seconds writing). 0 messages (0 bytes) queued. Flushing.
2016-01-09 16:28:25) OutputWriter::HelperThread 0:4 finished.
2016-01-09 16:28:25) OutputWriter 0:3 finished.
2016-01-09 16:28:25) Work unit runner 0:5 finished.
2016-01-09 16:28:25) Resource controller 0:1 finished.
2016-01-09 16:28:25) Closing MPI library.
2016-01-09 16:28:25) Program execution finished.
