Lattice Microbe ES v2016.01.20 build 1 in 64-bit mode with options MPI AVX.
Copyright (C) 2008-2012 Luthey-Schulten Group, University of Illinois at Urbana-Champaign.
Copyright (C) 2012-2016 Roberts Group, Johns Hopkins University.

MPI version 3.0 with thread support MPI_THREAD_MULTIPLE.
Running with 1 process(es).

2016-01-09 16:26:02) Resource controller 0:1 started.
2016-01-09 16:26:02) Supervisor 0:2 started.
2016-01-09 16:26:02) Resource controller 0:1 on barkeri.bph.jhu.edu registered with 8 cpu core(s) and 0 gpu device(s).
2016-01-09 16:26:02) Registered resources for host barkeri.bph.jhu.edu (defaults=1): 2 cpu cores, 0 gpu devices
2016-01-09 16:26:02) All resources registered with supervisor, starting workers.
2016-01-09 16:26:02) Reserved core 0 on 0:1 for the output writer.
2016-01-09 16:26:02) Creating slot 0 on process (0:1) using resources: barkeri.bph.jhu.edu; cpu core list:1; gpu device list:<none>.
2016-01-09 16:26:02) OutputWriter 0:3 started.
2016-01-09 16:26:02) OutputWriter::HelperThread 0:4 started.
2016-01-09 16:26:02) Work Unit runner 0:5 started with 1 cpu cores (affinity=0) and 0 gpus.
2016-01-09 16:26:02) Output writer started: 0:3.
2016-01-09 16:26:02) Work unit runner started: 0:5.
2016-01-09 16:26:02) All supervisor workers have started, beginning simulation.
2016-01-09 16:26:02) Replicate supervisor starting simulation.
2016-01-09 16:26:02) Simulation started.
2016-01-09 16:27:03) Wrote 38 messages (10274 bytes) in the last 61.0 seconds (0.000442 seconds writing). 0 messages (0 bytes) queued. Flushing.
2016-01-09 16:27:03) Finished 39 work units (ids in range 0 to 38) with 156 parts in the last 61.0 seconds. 1560000000 steps in 6.086e+01 seconds (2.563e+07 steps/second).
2016-01-09 16:27:10) Replicate 14 completed with 1.00e+05 of simulation time using 12 work units.
2016-01-09 16:27:11) Replicate 9 completed with 1.00e+05 of simulation time using 12 work units.
2016-01-09 16:27:11) Replicate 2 completed with 1.00e+05 of simulation time using 12 work units.
2016-01-09 16:27:11) Replicate 12 completed with 1.00e+05 of simulation time using 12 work units.
2016-01-09 16:27:11) Replicate 7 completed with 1.00e+05 of simulation time using 13 work units.
2016-01-09 16:27:11) Replicate 1 completed with 1.00e+05 of simulation time using 13 work units.
2016-01-09 16:27:11) Replicate 5 completed with 1.00e+05 of simulation time using 13 work units.
2016-01-09 16:27:11) Replicate 8 completed with 1.00e+05 of simulation time using 14 work units.
2016-01-09 16:27:11) Replicate 3 completed with 1.00e+05 of simulation time using 14 work units.
2016-01-09 16:27:11) Replicate 15 completed with 1.00e+05 of simulation time using 14 work units.
2016-01-09 16:27:11) Replicate 4 completed with 1.00e+05 of simulation time using 15 work units.
2016-01-09 16:27:11) Replicate 6 completed with 1.00e+05 of simulation time using 16 work units.
2016-01-09 16:27:11) Replicate 11 completed with 1.00e+05 of simulation time using 15 work units.
2016-01-09 16:27:11) GillespieDSolverAVX started without a full set of trajectories, running trajectory 13 with the GillespieDSolver.
2016-01-09 16:27:11) GillespieDSolverAVX started without a full set of trajectories, running trajectory 16 with the GillespieDSolver.
2016-01-09 16:27:11) GillespieDSolverAVX started without a full set of trajectories, running trajectory 10 with the GillespieDSolver.
2016-01-09 16:27:11) Replicate 13 completed with 1.00e+05 of simulation time using 22 work units.
2016-01-09 16:27:11) Replicate 16 completed with 1.00e+05 of simulation time using 17 work units.
2016-01-09 16:27:11) Replicate 10 completed with 1.00e+05 of simulation time using 17 work units.
2016-01-09 16:27:11) Replicate supervisor finished 16 replicates in 68.90 seconds.
2016-01-09 16:27:11) Simulation finished.
2016-01-09 16:27:11) Finished 19 work units (ids in range 39 to 57) with 75 parts in the last 7.9 seconds. 200776044 steps in 7.845e+00 seconds (2.559e+07 steps/second).
2016-01-09 16:27:11) Supervisor 0:2 finished.
2016-01-09 16:27:11) Wrote 18 messages (1860 bytes) in the last 8.0 seconds (0.000108 seconds writing). 0 messages (0 bytes) queued. Flushing.
2016-01-09 16:27:11) OutputWriter::HelperThread 0:4 finished.
2016-01-09 16:27:11) OutputWriter 0:3 finished.
2016-01-09 16:27:11) Work unit runner 0:5 finished.
2016-01-09 16:27:11) Resource controller 0:1 finished.
2016-01-09 16:27:11) Closing MPI library.
2016-01-09 16:27:11) Program execution finished.
