\BOOKMARK [0][-]{Doc-Start}{List of Tables}{}% 1
\BOOKMARK [0][-]{Doc-Start}{List of Figures}{}% 2
\BOOKMARK [0][-]{chapter.1}{Introduction}{}% 3
\BOOKMARK [0][-]{chapter.2}{Installation}{}% 4
\BOOKMARK [1][-]{section.2.1}{System requirements}{chapter.2}% 5
\BOOKMARK [1][-]{section.2.2}{Obtaining source and binary distributions}{chapter.2}% 6
\BOOKMARK [1][-]{section.2.3}{Installing a precompiled binary}{chapter.2}% 7
\BOOKMARK [1][-]{section.2.4}{Installing from source code}{chapter.2}% 8
\BOOKMARK [2][-]{subsection.2.4.1}{Satisfying external dependencies}{section.2.4}% 9
\BOOKMARK [2][-]{subsection.2.4.2}{Unpack the source distribution}{section.2.4}% 10
\BOOKMARK [2][-]{subsection.2.4.3}{Configuring the build for your local environment}{section.2.4}% 11
\BOOKMARK [2][-]{subsection.2.4.4}{Build and install the software}{section.2.4}% 12
\BOOKMARK [1][-]{section.2.5}{In case of difficulty}{chapter.2}% 13
\BOOKMARK [0][-]{chapter.3}{Quick-Start Guide}{}% 14
\BOOKMARK [1][-]{section.3.1}{Simulating a bimolecular reaction}{chapter.3}% 15
\BOOKMARK [2][-]{subsection.3.1.1}{Building the models}{section.3.1}% 16
\BOOKMARK [2][-]{subsection.3.1.2}{Running the simulations}{section.3.1}% 17
\BOOKMARK [2][-]{subsection.3.1.3}{Looking at the simulation output}{section.3.1}% 18
\BOOKMARK [2][-]{subsection.3.1.4}{Analyzing a simulation using Matlab}{section.3.1}% 19
\BOOKMARK [2][-]{subsection.3.1.5}{Visualizing a trajectory using VMD}{section.3.1}% 20
\BOOKMARK [2][-]{subsection.3.1.6}{Importing an SBML reaction model}{section.3.1}% 21
\BOOKMARK [0][-]{subsection.3.1.6}{Bibliography}{}% 22
