Lattice Microbe ES v2016.01.20 build 1 in 64-bit mode with options MPI AVX.
Copyright (C) 2008-2012 Luthey-Schulten Group, University of Illinois at Urbana-Champaign.
Copyright (C) 2012-2016 Roberts Group, Johns Hopkins University.

MPI version 3.0 with thread support MPI_THREAD_MULTIPLE.
Running with 1 process(es).

2016-01-08 15:33:08) Resource controller 0:1 started.
2016-01-08 15:33:08) Supervisor 0:2 started.
2016-01-08 15:33:08) Resource controller 0:1 on barkeri.bph.jhu.edu registered with 8 cpu core(s) and 0 gpu device(s).
2016-01-08 15:33:08) Registered resources for host barkeri.bph.jhu.edu (defaults=1): 2 cpu cores, 0 gpu devices
2016-01-08 15:33:08) All resources registered with supervisor, starting workers.
2016-01-08 15:33:08) Reserved core 0 on 0:1 for the output writer.
2016-01-08 15:33:08) Creating slot 0 on process (0:1) using resources: barkeri.bph.jhu.edu; cpu core list:1; gpu device list:<none>.
2016-01-08 15:33:08) OutputWriter 0:3 started.
2016-01-08 15:33:08) OutputWriter::HelperThread 0:4 started.
2016-01-08 15:33:08) Work Unit runner 0:5 started with 1 cpu cores (affinity=0) and 0 gpus.
2016-01-08 15:33:08) Output writer started: 0:3.
2016-01-08 15:33:08) Work unit runner started: 0:5.
2016-01-08 15:33:08) All supervisor workers have started, beginning simulation.
2016-01-08 15:33:08) Replicate supervisor starting simulation.
2016-01-08 15:33:08) Simulation started.
2016-01-08 15:34:08) Wrote 105 messages (8067 bytes) in the last 60.3 seconds (0.000586 seconds writing). 0 messages (0 bytes) queued. Flushing.
2016-01-08 15:34:08) Finished 106 work units (ids in range 0 to 105) with 106 parts in the last 60.4 seconds. 1060000000 steps in 5.997e+01 seconds (1.768e+07 steps/second).
2016-01-08 15:34:42) Replicate 4 completed with 1.00e+05 of simulation time using 12 work units.
2016-01-08 15:34:42) Replicate 12 completed with 1.00e+05 of simulation time using 12 work units.
2016-01-08 15:34:42) Replicate 15 completed with 1.00e+05 of simulation time using 12 work units.
2016-01-08 15:34:42) Replicate 8 completed with 1.00e+05 of simulation time using 12 work units.
2016-01-08 15:34:42) Replicate 5 completed with 1.00e+05 of simulation time using 12 work units.
2016-01-08 15:34:42) Replicate 9 completed with 1.00e+05 of simulation time using 12 work units.
2016-01-08 15:34:42) Replicate 1 completed with 1.00e+05 of simulation time using 12 work units.
2016-01-08 15:34:42) Replicate 7 completed with 1.00e+05 of simulation time using 12 work units.
2016-01-08 15:34:42) Replicate 13 completed with 1.00e+05 of simulation time using 12 work units.
2016-01-08 15:34:42) Replicate 11 completed with 1.00e+05 of simulation time using 12 work units.
2016-01-08 15:34:42) Replicate 10 completed with 1.00e+05 of simulation time using 12 work units.
2016-01-08 15:34:42) Replicate 6 completed with 1.00e+05 of simulation time using 12 work units.
2016-01-08 15:34:42) Replicate 14 completed with 1.00e+05 of simulation time using 12 work units.
2016-01-08 15:34:42) Replicate 2 completed with 1.00e+05 of simulation time using 12 work units.
2016-01-08 15:34:42) Replicate 3 completed with 1.00e+05 of simulation time using 12 work units.
2016-01-08 15:34:42) Replicate supervisor finished 15 replicates in 94.53 seconds.
2016-01-08 15:34:42) Simulation finished.
2016-01-08 15:34:42) Finished 74 work units (ids in range 106 to 179) with 74 parts in the last 34.2 seconds. 590648893 steps in 3.399e+01 seconds (1.738e+07 steps/second).
2016-01-08 15:34:42) Supervisor 0:2 finished.
2016-01-08 15:34:42) Wrote 60 messages (4718 bytes) in the last 34.2 seconds (0.000328 seconds writing). 0 messages (0 bytes) queued. Flushing.
2016-01-08 15:34:42) OutputWriter::HelperThread 0:4 finished.
2016-01-08 15:34:42) OutputWriter 0:3 finished.
2016-01-08 15:34:42) Work unit runner 0:5 finished.
2016-01-08 15:34:42) Resource controller 0:1 finished.
2016-01-08 15:34:42) Closing MPI library.
2016-01-08 15:34:42) Program execution finished.
