Lattice Microbe ES v2016.12 build 2016-12-01-13-59-37 in 64-bit mode with options MPI AVX SBML.
Copyright (C) 2008-2012 Luthey-Schulten Group, University of Illinois at Urbana-Champaign.
Copyright (C) 2012-2017 Roberts Group, Johns Hopkins University.

2016-11-01 14:03:46) Initializing communications library.
2016-11-01 14:03:46) Using local communicator on host barkeri.bph.jhu.edu.
2016-11-01 14:03:46) Resource controller @1 started.
2016-11-01 14:03:46) Supervisor @0 started.
2016-11-01 14:03:46) Resource controller @1 on barkeri.bph.jhu.edu registered with 8 cpu core(s) and 0 gpu device(s).
2016-11-01 14:03:46) Registered resources for host barkeri.bph.jhu.edu (defaults=1): 2 cpu cores, 0 gpu devices
2016-11-01 14:03:46) All resources registered with supervisor, starting workers.
2016-11-01 14:03:46) Reserved core 0 on @1 for the output writer.
2016-11-01 14:03:46) Creating slot 0 on @1 using resources: barkeri.bph.jhu.edu; @1; cpu core list:1; gpu device list:<none>.
2016-11-01 14:03:46) OutputWriter @3 started.
2016-11-01 14:03:46) OutputWriter::HelperThread @3 started.
2016-11-01 14:03:46) Work Unit runner @4 started with 1 cpu cores (affinity=0) and 0 gpus.
2016-11-01 14:03:46) Output writer started: @3.
2016-11-01 14:03:46) Work unit runner started: @4.
2016-11-01 14:03:46) All supervisor workers have started, beginning simulation.
2016-11-01 14:03:46) Replicate supervisor starting simulation.
2016-11-01 14:03:46) Simulation started.
2016-11-01 14:04:47) 2016-11-01 14:04:47) Wrote 33 messages (6186 bytes) in the last 60.7 seconds (0.000399 seconds writing). 0 messages (0 bytes) queued. Flushing.Finished 52 work units (ids in range 0 to 51) with 208 parts in the last 60.7 seconds. 2080000000 steps in 6.068e+01 seconds (3.428e+07 steps/second).

2016-11-01 14:05:11) Replicate 10 completed with 1.00e+05 of simulation time using 20 work units.
2016-11-01 14:05:12) Replicate 7 completed with 1.00e+05 of simulation time using 20 work units.
2016-11-01 14:05:12) Replicate 5 completed with 1.00e+05 of simulation time using 21 work units.
2016-11-01 14:05:12) Replicate 9 completed with 1.00e+05 of simulation time using 22 work units.
2016-11-01 14:05:13) Replicate 8 completed with 1.00e+05 of simulation time using 21 work units.
2016-11-01 14:05:13) Replicate 6 completed with 1.00e+05 of simulation time using 22 work units.
2016-11-01 14:05:13) Replicate 15 completed with 1.00e+05 of simulation time using 22 work units.
2016-11-01 14:05:13) Replicate 4 completed with 1.00e+05 of simulation time using 22 work units.
2016-11-01 14:05:13) Replicate 11 completed with 1.00e+05 of simulation time using 24 work units.
2016-11-01 14:05:13) Replicate 13 completed with 1.00e+05 of simulation time using 22 work units.
2016-11-01 14:05:13) Replicate 2 completed with 1.00e+05 of simulation time using 26 work units.
2016-11-01 14:05:13) Replicate 14 completed with 1.00e+05 of simulation time using 24 work units.
2016-11-01 14:05:13) GillespieDSolverAVX started without a full set of trajectories, running trajectory 1 with the GillespieDSolver.
2016-11-01 14:05:13) GillespieDSolverAVX started without a full set of trajectories, running trajectory 12 with the GillespieDSolver.
2016-11-01 14:05:13) GillespieDSolverAVX started without a full set of trajectories, running trajectory 3 with the GillespieDSolver.
2016-11-01 14:05:13) Replicate 1 completed with 1.00e+05 of simulation time using 26 work units.
2016-11-01 14:05:13) Replicate 12 completed with 1.00e+05 of simulation time using 26 work units.
2016-11-01 14:05:13) Replicate 3 completed with 1.00e+05 of simulation time using 25 work units.
2016-11-01 14:05:13) Replicate supervisor finished 15 replicates in 86.69 seconds.
2016-11-01 14:05:13) Simulation finished.
2016-11-01 14:05:13) Finished 34 work units (ids in range 52 to 85) with 135 parts in the last 26.0 seconds. 920156078 steps in 2.600e+01 seconds (3.539e+07 steps/second).
2016-11-01 14:05:13) Supervisor @0 finished.
2016-11-01 14:05:13) Wrote 29 messages (3670 bytes) in the last 26.0 seconds (0.000237 seconds writing). 0 messages (0 bytes) queued. Flushing.
2016-11-01 14:05:13) OutputWriter wrote 62 messages and 9856 bytes total.
2016-11-01 14:05:13) OutputWriter::HelperThread @3 finished.
2016-11-01 14:05:13) OutputWriter @3 flushing and closing.
2016-11-01 14:05:13) OutputWriter @3 finished.
2016-11-01 14:05:13) Work unit runner @4 finished.
2016-11-01 14:05:13) Resource controller @1 finished.
2016-11-01 14:05:13) Finalizing communications library.
2016-11-01 14:05:13) Program execution finished.
