Lattice Microbe ES v2016.12 build 2016-12-01-13-59-37 in 64-bit mode with options MPI AVX SBML.
Copyright (C) 2008-2012 Luthey-Schulten Group, University of Illinois at Urbana-Champaign.
Copyright (C) 2012-2017 Roberts Group, Johns Hopkins University.

2016-11-01 14:02:17) Initializing communications library.
2016-11-01 14:02:17) Using local communicator on host barkeri.bph.jhu.edu.
2016-11-01 14:02:17) Resource controller @1 started.
2016-11-01 14:02:17) Supervisor @0 started.
2016-11-01 14:02:17) Resource controller @1 on barkeri.bph.jhu.edu registered with 8 cpu core(s) and 0 gpu device(s).
2016-11-01 14:02:17) Registered resources for host barkeri.bph.jhu.edu (defaults=1): 2 cpu cores, 0 gpu devices
2016-11-01 14:02:17) All resources registered with supervisor, starting workers.
2016-11-01 14:02:17) Reserved core 0 on @1 for the output writer.
2016-11-01 14:02:17) Creating slot 0 on @1 using resources: barkeri.bph.jhu.edu; @1; cpu core list:1; gpu device list:<none>.
2016-11-01 14:02:17) OutputWriter @3 started.
2016-11-01 14:02:17) OutputWriter::HelperThread @3 started.
2016-11-01 14:02:17) Work Unit runner @4 started with 1 cpu cores (affinity=0) and 0 gpus.
2016-11-01 14:02:17) Output writer started: @3.
2016-11-01 14:02:17) Work unit runner started: @4.
2016-11-01 14:02:17) All supervisor workers have started, beginning simulation.
2016-11-01 14:02:17) Replicate supervisor starting simulation.
2016-11-01 14:02:17) Simulation started.
2016-11-01 14:03:18) Wrote 34 messages (6155 bytes) in the last 60.3 seconds (0.000381 seconds writing). 0 messages (0 bytes) queued. Flushing.2016-11-01 14:03:18) 
Finished 51 work units (ids in range 0 to 50) with 204 parts in the last 60.3 seconds. 2040000000 steps in 6.026e+01 seconds (3.385e+07 steps/second).
2016-11-01 14:03:43) Replicate 3 completed with 1.00e+05 of simulation time using 20 work units.
2016-11-01 14:03:45) Replicate 8 completed with 1.00e+05 of simulation time using 20 work units.
2016-11-01 14:03:46) Replicate 10 completed with 1.00e+05 of simulation time using 20 work units.
2016-11-01 14:03:46) Replicate 7 completed with 1.00e+05 of simulation time using 21 work units.
2016-11-01 14:03:46) Replicate 1 completed with 1.00e+05 of simulation time using 21 work units.
2016-11-01 14:03:46) Replicate 9 completed with 1.00e+05 of simulation time using 22 work units.
2016-11-01 14:03:46) Replicate 13 completed with 1.00e+05 of simulation time using 22 work units.
2016-11-01 14:03:46) Replicate 6 completed with 1.00e+05 of simulation time using 23 work units.
2016-11-01 14:03:46) Replicate 15 completed with 1.00e+05 of simulation time using 21 work units.
2016-11-01 14:03:46) Replicate 11 completed with 1.00e+05 of simulation time using 23 work units.
2016-11-01 14:03:46) Replicate 12 completed with 1.00e+05 of simulation time using 22 work units.
2016-11-01 14:03:46) Replicate 14 completed with 1.00e+05 of simulation time using 23 work units.
2016-11-01 14:03:46) GillespieDSolverAVX started without a full set of trajectories, running trajectory 4 with the GillespieDSolver.
2016-11-01 14:03:46) GillespieDSolverAVX started without a full set of trajectories, running trajectory 5 with the GillespieDSolver.
2016-11-01 14:03:46) GillespieDSolverAVX started without a full set of trajectories, running trajectory 2 with the GillespieDSolver.
2016-11-01 14:03:46) Replicate 4 completed with 1.00e+05 of simulation time using 30 work units.
2016-11-01 14:03:46) Replicate 5 completed with 1.00e+05 of simulation time using 24 work units.
2016-11-01 14:03:46) Replicate 2 completed with 1.00e+05 of simulation time using 27 work units.
2016-11-01 14:03:46) Replicate supervisor finished 15 replicates in 88.53 seconds.
2016-11-01 14:03:46) Simulation finished.
2016-11-01 14:03:46) Finished 34 work units (ids in range 51 to 84) with 135 parts in the last 28.3 seconds. 960029262 steps in 2.826e+01 seconds (3.397e+07 steps/second).
2016-11-01 14:03:46) Supervisor @0 finished.2016-11-01 14:03:46) 
Wrote 30 messages (3743 bytes) in the last 28.3 seconds (0.000269 seconds writing). 0 messages (0 bytes) queued. Flushing.
2016-11-01 14:03:46) OutputWriter wrote 64 messages and 9898 bytes total.
2016-11-01 14:03:46) OutputWriter::HelperThread @3 finished.
2016-11-01 14:03:46) OutputWriter @3 flushing and closing.
2016-11-01 14:03:46) OutputWriter @3 finished.
2016-11-01 14:03:46) Work unit runner @4 finished.
2016-11-01 14:03:46) Resource controller @1 finished.
2016-11-01 14:03:46) Finalizing communications library.
2016-11-01 14:03:46) Program execution finished.
