Lattice Microbe ES v2016.12 build 2016-12-01-13-00-09 in 64-bit mode with options MPI AVX SBML.
Copyright (C) 2008-2012 Luthey-Schulten Group, University of Illinois at Urbana-Champaign.
Copyright (C) 2012-2017 Roberts Group, Johns Hopkins University.

2016-11-01 13:18:19) Initializing communications library.
2016-11-01 13:18:19) Using local communicator on host xanthus-cp-2.
2016-11-01 13:18:19) Resource controller @1 started.
2016-11-01 13:18:19) Supervisor @0 started.
2016-11-01 13:18:19) Resource controller @1 on xanthus-cp-2 registered with 32 cpu core(s) and 0 gpu device(s).
2016-11-01 13:18:19) Registered resources for host xanthus-cp-2 (defaults=1): 2 cpu cores, 0 gpu devices
2016-11-01 13:18:19) All resources registered with supervisor, starting workers.
2016-11-01 13:18:19) Reserved core 0 on @1 for the output writer.
2016-11-01 13:18:19) Creating slot 0 on @1 using resources: xanthus-cp-2; @1; cpu core list:1; gpu device list:<none>.
2016-11-01 13:18:19) OutputWriter @3 started.
2016-11-01 13:18:19) Work Unit runner @4 started with 1 cpu cores (affinity=0) and 0 gpus.
2016-11-01 13:18:19) OutputWriter::HelperThread @3 started.
2016-11-01 13:18:19) Output writer started: @3.
2016-11-01 13:18:19) Work unit runner started: @4.
2016-11-01 13:18:19) All supervisor workers have started, beginning simulation.
2016-11-01 13:18:19) Replicate supervisor starting simulation.
2016-11-01 13:18:19) Simulation started.
2016-11-01 13:19:20) Wrote 18 messages (3467 bytes) in the last 61.2 seconds (0.000143 seconds writing). 0 messages (0 bytes) queued. Flushing.
2016-11-01 13:19:20) Finished 28 work units (ids in range 0 to 27) with 112 parts in the last 61.2 seconds. 1120000000 steps in 6.122e+01 seconds (1.829e+07 steps/second).
2016-11-01 13:20:21) Finished 28 work units (ids in range 28 to 55) with 112 parts in the last 61.1 seconds. 1120000000 steps in 6.105e+01 seconds (1.834e+07 steps/second).
2016-11-01 13:20:23) Wrote 19 messages (3532 bytes) in the last 63.2 seconds (0.000122 seconds writing). 0 messages (0 bytes) queued. Flushing.
2016-11-01 13:20:58) Replicate 5 completed with 1.00e+05 of simulation time using 20 work units.
2016-11-01 13:21:00) Replicate 13 completed with 1.00e+05 of simulation time using 20 work units.
2016-11-01 13:21:02) Replicate 11 completed with 1.00e+05 of simulation time using 20 work units.
2016-11-01 13:21:02) Replicate 6 completed with 1.00e+05 of simulation time using 21 work units.
2016-11-01 13:21:02) Replicate 14 completed with 1.00e+05 of simulation time using 21 work units.
2016-11-01 13:21:02) Replicate 9 completed with 1.00e+05 of simulation time using 21 work units.
2016-11-01 13:21:02) Replicate 10 completed with 1.00e+05 of simulation time using 22 work units.
2016-11-01 13:21:02) Replicate 12 completed with 1.00e+05 of simulation time using 22 work units.
2016-11-01 13:21:02) Replicate 8 completed with 1.00e+05 of simulation time using 22 work units.
2016-11-01 13:21:02) Replicate 2 completed with 1.00e+05 of simulation time using 23 work units.
2016-11-01 13:21:02) Replicate 3 completed with 1.00e+05 of simulation time using 24 work units.
2016-11-01 13:21:02) Replicate 1 completed with 1.00e+05 of simulation time using 25 work units.
2016-11-01 13:21:02) GillespieDSolverAVX started without a full set of trajectories, running trajectory 7 with the GillespieDSolver.
2016-11-01 13:21:02) GillespieDSolverAVX started without a full set of trajectories, running trajectory 4 with the GillespieDSolver.
2016-11-01 13:21:02) GillespieDSolverAVX started without a full set of trajectories, running trajectory 15 with the GillespieDSolver.
2016-11-01 13:21:02) Replicate 7 completed with 1.00e+05 of simulation time using 28 work units.
2016-11-01 13:21:02) Replicate 4 completed with 1.00e+05 of simulation time using 25 work units.
2016-11-01 13:21:02) Replicate 15 completed with 1.00e+05 of simulation time using 25 work units.
2016-11-01 13:21:02) Replicate supervisor finished 15 replicates in 163.68 seconds.
2016-11-01 13:21:02) Simulation finished.
2016-11-01 13:21:02) Finished 29 work units (ids in range 56 to 84) with 115 parts in the last 41.4 seconds. 759871966 steps in 4.139e+01 seconds (1.836e+07 steps/second).
2016-11-01 13:21:02) Supervisor @0 finished.
2016-11-01 13:21:02) Wrote 24 messages (2834 bytes) in the last 39.2 seconds (0.000107 seconds writing). 0 messages (0 bytes) queued. Flushing.
2016-11-01 13:21:02) OutputWriter wrote 61 messages and 9833 bytes total.
2016-11-01 13:21:02) OutputWriter::HelperThread @3 finished.
2016-11-01 13:21:02) OutputWriter @3 flushing and closing.
2016-11-01 13:21:02) OutputWriter @3 finished.
2016-11-01 13:21:02) Work unit runner @4 finished.
2016-11-01 13:21:02) Resource controller @1 finished.
2016-11-01 13:21:02) Finalizing communications library.
2016-11-01 13:21:02) Program execution finished.
