Lattice Microbe ES v2016.12 build 2016-12-01-13-59-37 in 64-bit mode with options MPI AVX SBML.
Copyright (C) 2008-2012 Luthey-Schulten Group, University of Illinois at Urbana-Champaign.
Copyright (C) 2012-2017 Roberts Group, Johns Hopkins University.

2016-11-01 14:17:35) Initializing communications library.
2016-11-01 14:17:35) Using local communicator on host barkeri.bph.jhu.edu.
2016-11-01 14:17:35) Resource controller @1 started.
2016-11-01 14:17:35) Supervisor @0 started.
2016-11-01 14:17:35) Resource controller @1 on barkeri.bph.jhu.edu registered with 8 cpu core(s) and 0 gpu device(s).
2016-11-01 14:17:35) Registered resources for host barkeri.bph.jhu.edu (defaults=1): 2 cpu cores, 0 gpu devices
2016-11-01 14:17:35) All resources registered with supervisor, starting workers.
2016-11-01 14:17:35) Reserved core 0 on @1 for the output writer.
2016-11-01 14:17:35) Creating slot 0 on @1 using resources: barkeri.bph.jhu.edu; @1; cpu core list:1; gpu device list:<none>.
2016-11-01 14:17:35) OutputWriter @3 started.
2016-11-01 14:17:35) Output writer started: @3.
2016-11-01 14:17:35) OutputWriter::HelperThread @3 started.
2016-11-01 14:17:35) Work Unit runner @4 started with 1 cpu cores (affinity=0) and 0 gpus.
2016-11-01 14:17:35) Work unit runner started: @4.
2016-11-01 14:17:35) All supervisor workers have started, beginning simulation.
2016-11-01 14:17:35) Replicate supervisor starting simulation.
2016-11-01 14:17:35) Simulation started.
2016-11-01 14:18:35) Finished 49 work units (ids in range 0 to 48) with 196 parts in the last 60.3 seconds. 1960000000 steps in 6.029e+01 seconds (3.251e+07 steps/second).
2016-11-01 14:18:37) Wrote 35 messages (6174 bytes) in the last 62.7 seconds (0.000398 seconds writing). 0 messages (0 bytes) queued. Flushing.
2016-11-01 14:19:05) Replicate 5 completed with 1.00e+05 of simulation time using 20 work units.
2016-11-01 14:19:06) Replicate 1 completed with 1.00e+05 of simulation time using 20 work units.
2016-11-01 14:19:06) Replicate 13 completed with 1.00e+05 of simulation time using 21 work units.
2016-11-01 14:19:06) Replicate 12 completed with 1.00e+05 of simulation time using 21 work units.
2016-11-01 14:19:06) Replicate 4 completed with 1.00e+05 of simulation time using 21 work units.
2016-11-01 14:19:06) Replicate 8 completed with 1.00e+05 of simulation time using 22 work units.
2016-11-01 14:19:06) Replicate 11 completed with 1.00e+05 of simulation time using 22 work units.
2016-11-01 14:19:06) Replicate 10 completed with 1.00e+05 of simulation time using 22 work units.
2016-11-01 14:19:06) Replicate 9 completed with 1.00e+05 of simulation time using 22 work units.
2016-11-01 14:19:06) Replicate 3 completed with 1.00e+05 of simulation time using 23 work units.
2016-11-01 14:19:06) Replicate 6 completed with 1.00e+05 of simulation time using 25 work units.
2016-11-01 14:19:06) Replicate 2 completed with 1.00e+05 of simulation time using 22 work units.
2016-11-01 14:19:06) GillespieDSolverAVX started without a full set of trajectories, running trajectory 14 with the GillespieDSolver.
2016-11-01 14:19:06) GillespieDSolverAVX started without a full set of trajectories, running trajectory 15 with the GillespieDSolver.
2016-11-01 14:19:06) GillespieDSolverAVX started without a full set of trajectories, running trajectory 7 with the GillespieDSolver.
2016-11-01 14:19:06) Replicate 14 completed with 1.00e+05 of simulation time using 31 work units.
2016-11-01 14:19:06) Replicate 15 completed with 1.00e+05 of simulation time using 26 work units.
2016-11-01 14:19:06) Replicate 7 completed with 1.00e+05 of simulation time using 25 work units.
2016-11-01 14:19:06) Replicate supervisor finished 15 replicates in 91.68 seconds.
2016-11-01 14:19:06) Simulation finished.
2016-11-01 14:19:06) Finished 37 work units (ids in range 49 to 85) with 147 parts in the last 31.4 seconds. 1040045995 steps in 3.138e+01 seconds (3.314e+07 steps/second).
2016-11-01 14:19:06) Supervisor @0 finished.
2016-11-01 14:19:06) Wrote 28 messages (3701 bytes) in the last 28.9 seconds (0.000210 seconds writing). 0 messages (0 bytes) queued. Flushing.
2016-11-01 14:19:06) OutputWriter wrote 63 messages and 9875 bytes total.
2016-11-01 14:19:06) OutputWriter::HelperThread @3 finished.
2016-11-01 14:19:06) OutputWriter @3 flushing and closing.
2016-11-01 14:19:06) OutputWriter @3 finished.
2016-11-01 14:19:06) Work unit runner @4 finished.
2016-11-01 14:19:06) Resource controller @1 finished.
2016-11-01 14:19:06) Finalizing communications library.
2016-11-01 14:19:06) Program execution finished.
