Lattice Microbe ES v2016.12 build 2016-12-01-13-00-09 in 64-bit mode with options MPI AVX SBML.
Copyright (C) 2008-2012 Luthey-Schulten Group, University of Illinois at Urbana-Champaign.
Copyright (C) 2012-2017 Roberts Group, Johns Hopkins University.

2016-11-01 13:15:35) Initializing communications library.
2016-11-01 13:15:35) Using local communicator on host xanthus-cp-2.
2016-11-01 13:15:35) Resource controller @1 started.
2016-11-01 13:15:35) Supervisor @0 started.
2016-11-01 13:15:35) Resource controller @1 on xanthus-cp-2 registered with 32 cpu core(s) and 0 gpu device(s).
2016-11-01 13:15:35) Registered resources for host xanthus-cp-2 (defaults=1): 2 cpu cores, 0 gpu devices
2016-11-01 13:15:35) All resources registered with supervisor, starting workers.
2016-11-01 13:15:35) Reserved core 0 on @1 for the output writer.
2016-11-01 13:15:35) Creating slot 0 on @1 using resources: xanthus-cp-2; @1; cpu core list:1; gpu device list:<none>.
2016-11-01 13:15:35) OutputWriter @3 started.
2016-11-01 13:15:35) Work Unit runner @4 started with 1 cpu cores (affinity=0) and 0 gpus.
2016-11-01 13:15:35) Output writer started: @3.
2016-11-01 13:15:35) OutputWriter::HelperThread @3 started.
2016-11-01 13:15:35) Work unit runner started: @4.
2016-11-01 13:15:35) All supervisor workers have started, beginning simulation.
2016-11-01 13:15:35) Replicate supervisor starting simulation.
2016-11-01 13:15:35) Simulation started.
2016-11-01 13:16:36) Finished 28 work units (ids in range 0 to 27) with 112 parts in the last 61.5 seconds. 1120000000 steps in 6.149e+01 seconds (1.822e+07 steps/second).
2016-11-01 13:16:39) Wrote 21 messages (3529 bytes) in the last 63.7 seconds (0.000290 seconds writing). 0 messages (0 bytes) queued. Flushing.
2016-11-01 13:17:37) Finished 28 work units (ids in range 28 to 55) with 112 parts in the last 60.9 seconds. 1120000000 steps in 6.091e+01 seconds (1.839e+07 steps/second).
2016-11-01 13:17:44) Wrote 18 messages (3512 bytes) in the last 65.3 seconds (0.000298 seconds writing). 0 messages (0 bytes) queued. Flushing.
2016-11-01 13:18:16) Replicate 8 completed with 1.00e+05 of simulation time using 20 work units.
2016-11-01 13:18:19) Replicate 12 completed with 1.00e+05 of simulation time using 20 work units.
2016-11-01 13:18:19) Replicate 10 completed with 1.00e+05 of simulation time using 21 work units.
2016-11-01 13:18:19) Replicate 4 completed with 1.00e+05 of simulation time using 21 work units.
2016-11-01 13:18:19) Replicate 13 completed with 1.00e+05 of simulation time using 21 work units.
2016-11-01 13:18:19) Replicate 2 completed with 1.00e+05 of simulation time using 22 work units.
2016-11-01 13:18:19) Replicate 1 completed with 1.00e+05 of simulation time using 23 work units.
2016-11-01 13:18:19) Replicate 6 completed with 1.00e+05 of simulation time using 23 work units.
2016-11-01 13:18:19) Replicate 3 completed with 1.00e+05 of simulation time using 24 work units.
2016-11-01 13:18:19) Replicate 14 completed with 1.00e+05 of simulation time using 23 work units.
2016-11-01 13:18:19) Replicate 11 completed with 1.00e+05 of simulation time using 24 work units.
2016-11-01 13:18:19) Replicate 5 completed with 1.00e+05 of simulation time using 25 work units.
2016-11-01 13:18:19) GillespieDSolverAVX started without a full set of trajectories, running trajectory 7 with the GillespieDSolver.
2016-11-01 13:18:19) GillespieDSolverAVX started without a full set of trajectories, running trajectory 9 with the GillespieDSolver.
2016-11-01 13:18:19) GillespieDSolverAVX started without a full set of trajectories, running trajectory 15 with the GillespieDSolver.
2016-11-01 13:18:19) Replicate 7 completed with 1.00e+05 of simulation time using 26 work units.
2016-11-01 13:18:19) Replicate 9 completed with 1.00e+05 of simulation time using 25 work units.
2016-11-01 13:18:19) Replicate 15 completed with 1.00e+05 of simulation time using 25 work units.
2016-11-01 13:18:19) Replicate supervisor finished 15 replicates in 163.71 seconds.
2016-11-01 13:18:19) Simulation finished.
2016-11-01 13:18:19) Finished 30 work units (ids in range 56 to 85) with 119 parts in the last 41.3 seconds. 760134404 steps in 4.131e+01 seconds (1.840e+07 steps/second).
2016-11-01 13:18:19) Supervisor @0 finished.
2016-11-01 13:18:19) Wrote 24 messages (2833 bytes) in the last 34.8 seconds (0.000291 seconds writing). 0 messages (0 bytes) queued. Flushing.
2016-11-01 13:18:19) OutputWriter wrote 63 messages and 9874 bytes total.
2016-11-01 13:18:19) OutputWriter::HelperThread @3 finished.
2016-11-01 13:18:19) OutputWriter @3 flushing and closing.
2016-11-01 13:18:19) OutputWriter @3 finished.
2016-11-01 13:18:19) Work unit runner @4 finished.
2016-11-01 13:18:19) Resource controller @1 finished.
2016-11-01 13:18:19) Finalizing communications library.
2016-11-01 13:18:19) Program execution finished.
