Lattice Microbe ES v2016.12 build 2016-12-01-13-59-37 in 64-bit mode with options MPI AVX SBML.
Copyright (C) 2008-2012 Luthey-Schulten Group, University of Illinois at Urbana-Champaign.
Copyright (C) 2012-2017 Roberts Group, Johns Hopkins University.

2016-11-01 14:06:41) Initializing communications library.
2016-11-01 14:06:41) Using local communicator on host barkeri.bph.jhu.edu.
2016-11-01 14:06:41) Resource controller @1 started.
2016-11-01 14:06:41) Supervisor @0 started.
2016-11-01 14:06:41) Resource controller @1 on barkeri.bph.jhu.edu registered with 8 cpu core(s) and 0 gpu device(s).
2016-11-01 14:06:41) Registered resources for host barkeri.bph.jhu.edu (defaults=1): 2 cpu cores, 0 gpu devices
2016-11-01 14:06:41) All resources registered with supervisor, starting workers.
2016-11-01 14:06:41) Reserved core 0 on @1 for the output writer.
2016-11-01 14:06:41) Creating slot 0 on @1 using resources: barkeri.bph.jhu.edu; @1; cpu core list:1; gpu device list:<none>.
2016-11-01 14:06:41) OutputWriter @3 started.
2016-11-01 14:06:41) OutputWriter::HelperThread @3 started.
2016-11-01 14:06:41) Work Unit runner @4 started with 1 cpu cores (affinity=0) and 0 gpus.
2016-11-01 14:06:41) Output writer started: @3.
2016-11-01 14:06:41) Work unit runner started: @4.
2016-11-01 14:06:41) All supervisor workers have started, beginning simulation.
2016-11-01 14:06:41) Replicate supervisor starting simulation.
2016-11-01 14:06:41) Simulation started.
2016-11-01 14:07:41) Finished 49 work units (ids in range 0 to 48) with 196 parts in the last 60.3 seconds. 1960000000 steps in 6.026e+01 seconds (3.253e+07 steps/second).
2016-11-01 14:07:44) Wrote 31 messages (6092 bytes) in the last 62.8 seconds (0.000371 seconds writing). 0 messages (0 bytes) queued. Flushing.
2016-11-01 14:08:15) Replicate 3 completed with 1.00e+05 of simulation time using 20 work units.
2016-11-01 14:08:16) Replicate 2 completed with 1.00e+05 of simulation time using 20 work units.
2016-11-01 14:08:17) Replicate 7 completed with 1.00e+05 of simulation time using 20 work units.
2016-11-01 14:08:17) Replicate 13 completed with 1.00e+05 of simulation time using 21 work units.
2016-11-01 14:08:17) Replicate 4 completed with 1.00e+05 of simulation time using 22 work units.
2016-11-01 14:08:17) Replicate 14 completed with 1.00e+05 of simulation time using 21 work units.
2016-11-01 14:08:17) Replicate 5 completed with 1.00e+05 of simulation time using 21 work units.
2016-11-01 14:08:17) Replicate 6 completed with 1.00e+05 of simulation time using 22 work units.
2016-11-01 14:08:17) Replicate 15 completed with 1.00e+05 of simulation time using 23 work units.
2016-11-01 14:08:17) Replicate 8 completed with 1.00e+05 of simulation time using 24 work units.
2016-11-01 14:08:17) Replicate 10 completed with 1.00e+05 of simulation time using 23 work units.
2016-11-01 14:08:17) Replicate 9 completed with 1.00e+05 of simulation time using 24 work units.
2016-11-01 14:08:17) GillespieDSolverAVX started without a full set of trajectories, running trajectory 1 with the GillespieDSolver.
2016-11-01 14:08:17) GillespieDSolverAVX started without a full set of trajectories, running trajectory 11 with the GillespieDSolver.
2016-11-01 14:08:17) GillespieDSolverAVX started without a full set of trajectories, running trajectory 12 with the GillespieDSolver.
2016-11-01 14:08:17) Replicate 1 completed with 1.00e+05 of simulation time using 27 work units.
2016-11-01 14:08:17) Replicate 11 completed with 1.00e+05 of simulation time using 24 work units.
2016-11-01 14:08:17) Replicate 12 completed with 1.00e+05 of simulation time using 27 work units.
2016-11-01 14:08:17) Replicate supervisor finished 15 replicates in 96.16 seconds.
2016-11-01 14:08:17) Simulation finished.
2016-11-01 14:08:17) Finished 36 work units (ids in range 49 to 84) with 143 parts in the last 35.9 seconds. 1039987126 steps in 3.589e+01 seconds (2.898e+07 steps/second).
2016-11-01 14:08:17) Supervisor @0 finished.
2016-11-01 14:08:17) Wrote 28 messages (3701 bytes) in the last 33.3 seconds (0.000275 seconds writing). 0 messages (0 bytes) queued. Flushing.
2016-11-01 14:08:17) OutputWriter wrote 59 messages and 9793 bytes total.
2016-11-01 14:08:17) OutputWriter::HelperThread @3 finished.
2016-11-01 14:08:17) OutputWriter @3 flushing and closing.
2016-11-01 14:08:17) OutputWriter @3 finished.
2016-11-01 14:08:17) Work unit runner @4 finished.
2016-11-01 14:08:17) Resource controller @1 finished.
2016-11-01 14:08:17) Finalizing communications library.
2016-11-01 14:08:17) Program execution finished.
