Lattice Microbe ES v2016.12 build 2016-12-01-13-59-37 in 64-bit mode with options MPI AVX SBML.
Copyright (C) 2008-2012 Luthey-Schulten Group, University of Illinois at Urbana-Champaign.
Copyright (C) 2012-2017 Roberts Group, Johns Hopkins University.

2016-11-01 14:14:33) Initializing communications library.
2016-11-01 14:14:33) Using local communicator on host barkeri.bph.jhu.edu.
2016-11-01 14:14:33) Resource controller @1 started.
2016-11-01 14:14:33) Supervisor @0 started.
2016-11-01 14:14:33) Resource controller @1 on barkeri.bph.jhu.edu registered with 8 cpu core(s) and 0 gpu device(s).
2016-11-01 14:14:33) Registered resources for host barkeri.bph.jhu.edu (defaults=1): 2 cpu cores, 0 gpu devices
2016-11-01 14:14:33) All resources registered with supervisor, starting workers.
2016-11-01 14:14:33) Reserved core 0 on @1 for the output writer.
2016-11-01 14:14:33) Creating slot 0 on @1 using resources: barkeri.bph.jhu.edu; @1; cpu core list:1; gpu device list:<none>.
2016-11-01 14:14:33) OutputWriter @3 started.
2016-11-01 14:14:33) Work Unit runner @4 started with 1 cpu cores (affinity=0) and 0 gpus.
2016-11-01 14:14:33) OutputWriter::HelperThread @3 started.
2016-11-01 14:14:33) Output writer started: @3.
2016-11-01 14:14:33) Work unit runner started: @4.
2016-11-01 14:14:33) All supervisor workers have started, beginning simulation.
2016-11-01 14:14:33) Replicate supervisor starting simulation.
2016-11-01 14:14:33) Simulation started.
2016-11-01 14:15:34) Finished 51 work units (ids in range 0 to 50) with 204 parts in the last 60.9 seconds. 2040000000 steps in 6.086e+01 seconds (3.352e+07 steps/second).
2016-11-01 14:15:35) Wrote 32 messages (6113 bytes) in the last 62.1 seconds (0.000339 seconds writing). 0 messages (0 bytes) queued. Flushing.
2016-11-01 14:16:01) Replicate 12 completed with 1.00e+05 of simulation time using 20 work units.
2016-11-01 14:16:02) Replicate 4 completed with 1.00e+05 of simulation time using 20 work units.
2016-11-01 14:16:02) Replicate 7 completed with 1.00e+05 of simulation time using 21 work units.
2016-11-01 14:16:02) Replicate 8 completed with 1.00e+05 of simulation time using 21 work units.
2016-11-01 14:16:02) Replicate 5 completed with 1.00e+05 of simulation time using 21 work units.
2016-11-01 14:16:02) Replicate 15 completed with 1.00e+05 of simulation time using 22 work units.
2016-11-01 14:16:02) Replicate 1 completed with 1.00e+05 of simulation time using 22 work units.
2016-11-01 14:16:02) Replicate 14 completed with 1.00e+05 of simulation time using 23 work units.
2016-11-01 14:16:02) Replicate 3 completed with 1.00e+05 of simulation time using 23 work units.
2016-11-01 14:16:02) Replicate 11 completed with 1.00e+05 of simulation time using 24 work units.
2016-11-01 14:16:02) Replicate 10 completed with 1.00e+05 of simulation time using 24 work units.
2016-11-01 14:16:02) Replicate 2 completed with 1.00e+05 of simulation time using 24 work units.
2016-11-01 14:16:02) GillespieDSolverAVX started without a full set of trajectories, running trajectory 13 with the GillespieDSolver.
2016-11-01 14:16:02) GillespieDSolverAVX started without a full set of trajectories, running trajectory 9 with the GillespieDSolver.
2016-11-01 14:16:02) GillespieDSolverAVX started without a full set of trajectories, running trajectory 6 with the GillespieDSolver.
2016-11-01 14:16:02) Replicate 13 completed with 1.00e+05 of simulation time using 28 work units.
2016-11-01 14:16:02) Replicate 9 completed with 1.00e+05 of simulation time using 27 work units.
2016-11-01 14:16:02) Replicate 6 completed with 1.00e+05 of simulation time using 23 work units.
2016-11-01 14:16:02) Replicate supervisor finished 15 replicates in 89.60 seconds.
2016-11-01 14:16:02) Simulation finished.
2016-11-01 14:16:02) Finished 35 work units (ids in range 51 to 85) with 139 parts in the last 28.7 seconds. 960064392 steps in 2.873e+01 seconds (3.342e+07 steps/second).
2016-11-01 14:16:02) Supervisor @0 finished.
2016-11-01 14:16:02) Wrote 30 messages (3741 bytes) in the last 27.5 seconds (0.000216 seconds writing). 0 messages (0 bytes) queued. Flushing.
2016-11-01 14:16:02) OutputWriter wrote 62 messages and 9854 bytes total.
2016-11-01 14:16:02) OutputWriter::HelperThread @3 finished.
2016-11-01 14:16:02) OutputWriter @3 flushing and closing.
2016-11-01 14:16:02) OutputWriter @3 finished.
2016-11-01 14:16:02) Work unit runner @4 finished.
2016-11-01 14:16:02) Resource controller @1 finished.
2016-11-01 14:16:02) Finalizing communications library.
2016-11-01 14:16:02) Program execution finished.
