Lattice Microbe ES v2016.12 build 2016-12-01-13-00-09 in 64-bit mode with options MPI AVX SBML.
Copyright (C) 2008-2012 Luthey-Schulten Group, University of Illinois at Urbana-Champaign.
Copyright (C) 2012-2017 Roberts Group, Johns Hopkins University.

2016-11-01 13:31:57) Initializing communications library.
2016-11-01 13:31:57) Using local communicator on host xanthus-cp-2.
2016-11-01 13:31:57) Resource controller @1 started.
2016-11-01 13:31:57) Supervisor @0 started.
2016-11-01 13:31:57) Resource controller @1 on xanthus-cp-2 registered with 32 cpu core(s) and 0 gpu device(s).
2016-11-01 13:31:57) Registered resources for host xanthus-cp-2 (defaults=1): 2 cpu cores, 0 gpu devices
2016-11-01 13:31:57) All resources registered with supervisor, starting workers.
2016-11-01 13:31:57) Reserved core 0 on @1 for the output writer.
2016-11-01 13:31:57) Creating slot 0 on @1 using resources: xanthus-cp-2; @1; cpu core list:1; gpu device list:<none>.
2016-11-01 13:31:57) OutputWriter @3 started.
2016-11-01 13:31:57) Work Unit runner @4 started with 1 cpu cores (affinity=0) and 0 gpus.
2016-11-01 13:31:57) OutputWriter::HelperThread @3 started.
2016-11-01 13:31:57) Output writer started: @3.
2016-11-01 13:31:57) Work unit runner started: @4.
2016-11-01 13:31:57) All supervisor workers have started, beginning simulation.
2016-11-01 13:31:57) Replicate supervisor starting simulation.
2016-11-01 13:31:57) Simulation started.
2016-11-01 13:32:58) Finished 28 work units (ids in range 0 to 27) with 112 parts in the last 61.2 seconds. 1120000000 steps in 6.121e+01 seconds (1.830e+07 steps/second).
2016-11-01 13:32:58) Wrote 18 messages (3467 bytes) in the last 61.2 seconds (0.000333 seconds writing). 0 messages (0 bytes) queued. Flushing.
2016-11-01 13:33:59) Finished 28 work units (ids in range 28 to 55) with 112 parts in the last 61.2 seconds. 1120000000 steps in 6.118e+01 seconds (1.831e+07 steps/second).
2016-11-01 13:34:06) Wrote 20 messages (3553 bytes) in the last 67.7 seconds (0.000314 seconds writing). 0 messages (0 bytes) queued. Flushing.
2016-11-01 13:34:38) Replicate 10 completed with 1.00e+05 of simulation time using 20 work units.
2016-11-01 13:34:41) Replicate 9 completed with 1.00e+05 of simulation time using 20 work units.
2016-11-01 13:34:41) Replicate 13 completed with 1.00e+05 of simulation time using 21 work units.
2016-11-01 13:34:41) Replicate 11 completed with 1.00e+05 of simulation time using 21 work units.
2016-11-01 13:34:41) Replicate 3 completed with 1.00e+05 of simulation time using 21 work units.
2016-11-01 13:34:41) Replicate 2 completed with 1.00e+05 of simulation time using 22 work units.
2016-11-01 13:34:41) Replicate 4 completed with 1.00e+05 of simulation time using 22 work units.
2016-11-01 13:34:41) Replicate 1 completed with 1.00e+05 of simulation time using 24 work units.
2016-11-01 13:34:41) Replicate 5 completed with 1.00e+05 of simulation time using 23 work units.
2016-11-01 13:34:41) Replicate 8 completed with 1.00e+05 of simulation time using 24 work units.
2016-11-01 13:34:41) Replicate 7 completed with 1.00e+05 of simulation time using 22 work units.
2016-11-01 13:34:41) Replicate 6 completed with 1.00e+05 of simulation time using 25 work units.
2016-11-01 13:34:41) GillespieDSolverAVX started without a full set of trajectories, running trajectory 12 with the GillespieDSolver.
2016-11-01 13:34:41) GillespieDSolverAVX started without a full set of trajectories, running trajectory 15 with the GillespieDSolver.
2016-11-01 13:34:41) GillespieDSolverAVX started without a full set of trajectories, running trajectory 14 with the GillespieDSolver.
2016-11-01 13:34:41) Replicate 12 completed with 1.00e+05 of simulation time using 27 work units.
2016-11-01 13:34:41) Replicate 15 completed with 1.00e+05 of simulation time using 28 work units.
2016-11-01 13:34:41) Replicate 14 completed with 1.00e+05 of simulation time using 23 work units.
2016-11-01 13:34:41) Replicate supervisor finished 15 replicates in 163.87 seconds.
2016-11-01 13:34:41) Simulation finished.
2016-11-01 13:34:41) Finished 30 work units (ids in range 56 to 85) with 119 parts in the last 41.5 seconds. 760040668 steps in 4.148e+01 seconds (1.832e+07 steps/second).
2016-11-01 13:34:41) Supervisor @0 finished.
2016-11-01 13:34:41) Wrote 25 messages (2853 bytes) in the last 34.9 seconds (0.000312 seconds writing). 0 messages (0 bytes) queued. Flushing.
2016-11-01 13:34:41) OutputWriter wrote 63 messages and 9873 bytes total.
2016-11-01 13:34:41) OutputWriter::HelperThread @3 finished.
2016-11-01 13:34:41) OutputWriter @3 flushing and closing.
2016-11-01 13:34:41) OutputWriter @3 finished.
2016-11-01 13:34:41) Work unit runner @4 finished.
2016-11-01 13:34:41) Resource controller @1 finished.
2016-11-01 13:34:41) Finalizing communications library.
2016-11-01 13:34:41) Program execution finished.
