Lattice Microbe ES v2016.12 build 2016-12-01-13-59-37 in 64-bit mode with options MPI AVX SBML.
Copyright (C) 2008-2012 Luthey-Schulten Group, University of Illinois at Urbana-Champaign.
Copyright (C) 2012-2017 Roberts Group, Johns Hopkins University.

2016-11-01 14:09:49) Initializing communications library.
2016-11-01 14:09:49) Using local communicator on host barkeri.bph.jhu.edu.
2016-11-01 14:09:49) Resource controller @1 started.
2016-11-01 14:09:49) Supervisor @0 started.
2016-11-01 14:09:49) Resource controller @1 on barkeri.bph.jhu.edu registered with 8 cpu core(s) and 0 gpu device(s).
2016-11-01 14:09:49) Registered resources for host barkeri.bph.jhu.edu (defaults=1): 2 cpu cores, 0 gpu devices
2016-11-01 14:09:49) All resources registered with supervisor, starting workers.
2016-11-01 14:09:49) Reserved core 0 on @1 for the output writer.
2016-11-01 14:09:49) Creating slot 0 on @1 using resources: barkeri.bph.jhu.edu; @1; cpu core list:1; gpu device list:<none>.
2016-11-01 14:09:49) OutputWriter @3 started.
2016-11-01 14:09:49) OutputWriter::HelperThread @3 started.
2016-11-01 14:09:49) 2016-11-01 14:09:49) Work Unit runner @4 started with 1 cpu cores (affinity=0) and 0 gpus.Output writer started: @3.

2016-11-01 14:09:49) Work unit runner started: @4.
2016-11-01 14:09:49) All supervisor workers have started, beginning simulation.
2016-11-01 14:09:49) Replicate supervisor starting simulation.
2016-11-01 14:09:49) Simulation started.
2016-11-01 14:10:51) Finished 48 work units (ids in range 0 to 47) with 192 parts in the last 61.5 seconds. 1920000000 steps in 6.152e+01 seconds (3.121e+07 steps/second).
2016-11-01 14:10:55) Wrote 35 messages (6172 bytes) in the last 65.6 seconds (0.000365 seconds writing). 0 messages (0 bytes) queued. Flushing.
2016-11-01 14:11:27) Replicate 12 completed with 1.00e+05 of simulation time using 20 work units.
2016-11-01 14:11:28) Replicate 14 completed with 1.00e+05 of simulation time using 20 work units.
2016-11-01 14:11:28) Replicate 10 completed with 1.00e+05 of simulation time using 21 work units.
2016-11-01 14:11:28) Replicate 5 completed with 1.00e+05 of simulation time using 21 work units.
2016-11-01 14:11:28) Replicate 3 completed with 1.00e+05 of simulation time using 21 work units.
2016-11-01 14:11:28) Replicate 11 completed with 1.00e+05 of simulation time using 22 work units.
2016-11-01 14:11:28) Replicate 8 completed with 1.00e+05 of simulation time using 22 work units.
2016-11-01 14:11:28) Replicate 15 completed with 1.00e+05 of simulation time using 22 work units.
2016-11-01 14:11:28) Replicate 9 completed with 1.00e+05 of simulation time using 22 work units.
2016-11-01 14:11:28) Replicate 4 completed with 1.00e+05 of simulation time using 23 work units.
2016-11-01 14:11:28) Replicate 1 completed with 1.00e+05 of simulation time using 23 work units.
2016-11-01 14:11:28) Replicate 7 completed with 1.00e+05 of simulation time using 21 work units.
2016-11-01 14:11:28) GillespieDSolverAVX started without a full set of trajectories, running trajectory 6 with the GillespieDSolver.
2016-11-01 14:11:28) GillespieDSolverAVX started without a full set of trajectories, running trajectory 13 with the GillespieDSolver.
2016-11-01 14:11:28) GillespieDSolverAVX started without a full set of trajectories, running trajectory 2 with the GillespieDSolver.
2016-11-01 14:11:28) Replicate 6 completed with 1.00e+05 of simulation time using 28 work units.
2016-11-01 14:11:28) Replicate 13 completed with 1.00e+05 of simulation time using 29 work units.
2016-11-01 14:11:28) Replicate 2 completed with 1.00e+05 of simulation time using 28 work units.
2016-11-01 14:11:28) Replicate supervisor finished 15 replicates in 98.49 seconds.
2016-11-01 14:11:28) Simulation finished.
2016-11-01 14:11:28) Finished 38 work units (ids in range 48 to 85) with 151 parts in the last 37.0 seconds. 1080029884 steps in 3.696e+01 seconds (2.922e+07 steps/second).2016-11-01 14:11:28) 
Wrote 29 messages (3722 bytes) in the last 32.9 seconds (0.000273 seconds writing). 0 messages (0 bytes) queued. Flushing.2016-11-01 14:11:28) 
Supervisor @0 finished.2016-11-01 14:11:28) 
OutputWriter wrote 64 messages and 9894 bytes total.
2016-11-01 14:11:28) OutputWriter::HelperThread @3 finished.
2016-11-01 14:11:28) OutputWriter @3 flushing and closing.
2016-11-01 14:11:28) OutputWriter @3 finished.
2016-11-01 14:11:28) Work unit runner @4 finished.
2016-11-01 14:11:28) Resource controller @1 finished.
2016-11-01 14:11:28) Finalizing communications library.
2016-11-01 14:11:28) Program execution finished.
