Lattice Microbe ES v2016.12 build 2016-12-01-13-00-09 in 64-bit mode with options MPI AVX SBML.
Copyright (C) 2008-2012 Luthey-Schulten Group, University of Illinois at Urbana-Champaign.
Copyright (C) 2012-2017 Roberts Group, Johns Hopkins University.

2016-11-01 13:04:40) Initializing communications library.
2016-11-01 13:04:40) Using local communicator on host xanthus-cp-2.
2016-11-01 13:04:40) Resource controller @1 started.
2016-11-01 13:04:40) Supervisor @0 started.
2016-11-01 13:04:40) Resource controller @1 on xanthus-cp-2 registered with 32 cpu core(s) and 0 gpu device(s).
2016-11-01 13:04:40) Registered resources for host xanthus-cp-2 (defaults=1): 2 cpu cores, 0 gpu devices
2016-11-01 13:04:40) All resources registered with supervisor, starting workers.
2016-11-01 13:04:40) Reserved core 0 on @1 for the output writer.
2016-11-01 13:04:40) Creating slot 0 on @1 using resources: xanthus-cp-2; @1; cpu core list:1; gpu device list:<none>.
2016-11-01 13:04:40) OutputWriter @3 started.
2016-11-01 13:04:40) OutputWriter::HelperThread @3 started.
2016-11-01 13:04:40) Output writer started: @3.
2016-11-01 13:04:40) Work Unit runner @4 started with 1 cpu cores (affinity=0) and 0 gpus.
2016-11-01 13:04:40) Work unit runner started: @4.
2016-11-01 13:04:40) All supervisor workers have started, beginning simulation.
2016-11-01 13:04:40) Replicate supervisor starting simulation.
2016-11-01 13:04:40) Simulation started.
2016-11-01 13:05:41) Wrote 19 messages (3488 bytes) in the last 61.3 seconds (0.000131 seconds writing). 0 messages (0 bytes) queued. Flushing.
2016-11-01 13:05:41) Finished 28 work units (ids in range 0 to 27) with 112 parts in the last 61.3 seconds. 1120000000 steps in 6.129e+01 seconds (1.827e+07 steps/second).
2016-11-01 13:06:42) Finished 28 work units (ids in range 28 to 55) with 112 parts in the last 61.1 seconds. 1120000000 steps in 6.113e+01 seconds (1.832e+07 steps/second).
2016-11-01 13:06:49) Wrote 19 messages (3532 bytes) in the last 67.7 seconds (0.000121 seconds writing). 0 messages (0 bytes) queued. Flushing.
2016-11-01 13:07:20) Replicate 15 completed with 1.00e+05 of simulation time using 20 work units.
2016-11-01 13:07:22) Replicate 5 completed with 1.00e+05 of simulation time using 20 work units.
2016-11-01 13:07:24) Replicate 10 completed with 1.00e+05 of simulation time using 20 work units.
2016-11-01 13:07:24) Replicate 8 completed with 1.00e+05 of simulation time using 21 work units.
2016-11-01 13:07:24) Replicate 13 completed with 1.00e+05 of simulation time using 21 work units.
2016-11-01 13:07:24) Replicate 14 completed with 1.00e+05 of simulation time using 22 work units.
2016-11-01 13:07:24) Replicate 4 completed with 1.00e+05 of simulation time using 21 work units.
2016-11-01 13:07:24) Replicate 7 completed with 1.00e+05 of simulation time using 22 work units.
2016-11-01 13:07:24) Replicate 3 completed with 1.00e+05 of simulation time using 22 work units.
2016-11-01 13:07:24) Replicate 6 completed with 1.00e+05 of simulation time using 22 work units.
2016-11-01 13:07:24) Replicate 11 completed with 1.00e+05 of simulation time using 23 work units.
2016-11-01 13:07:24) Replicate 1 completed with 1.00e+05 of simulation time using 25 work units.
2016-11-01 13:07:24) GillespieDSolverAVX started without a full set of trajectories, running trajectory 12 with the GillespieDSolver.
2016-11-01 13:07:24) GillespieDSolverAVX started without a full set of trajectories, running trajectory 9 with the GillespieDSolver.
2016-11-01 13:07:24) GillespieDSolverAVX started without a full set of trajectories, running trajectory 2 with the GillespieDSolver.
2016-11-01 13:07:24) Replicate 12 completed with 1.00e+05 of simulation time using 30 work units.
2016-11-01 13:07:24) Replicate 9 completed with 1.00e+05 of simulation time using 26 work units.
2016-11-01 13:07:24) Replicate 2 completed with 1.00e+05 of simulation time using 24 work units.
2016-11-01 13:07:24) Replicate supervisor finished 15 replicates in 163.87 seconds.
2016-11-01 13:07:24) Simulation finished.
2016-11-01 13:07:24) Finished 29 work units (ids in range 56 to 84) with 115 parts in the last 41.5 seconds. 759922585 steps in 4.145e+01 seconds (1.833e+07 steps/second).
2016-11-01 13:07:24) Supervisor @0 finished.
2016-11-01 13:07:24) Wrote 23 messages (2813 bytes) in the last 34.9 seconds (0.000106 seconds writing). 0 messages (0 bytes) queued. Flushing.
2016-11-01 13:07:24) OutputWriter wrote 61 messages and 9833 bytes total.
2016-11-01 13:07:24) OutputWriter::HelperThread @3 finished.
2016-11-01 13:07:24) OutputWriter @3 flushing and closing.
2016-11-01 13:07:24) OutputWriter @3 finished.
2016-11-01 13:07:24) Work unit runner @4 finished.
2016-11-01 13:07:24) Resource controller @1 finished.
2016-11-01 13:07:24) Finalizing communications library.
2016-11-01 13:07:24) Program execution finished.
