Lattice Microbe ES v2016.12 build 2016-12-01-13-59-37 in 64-bit mode with options MPI AVX SBML.
Copyright (C) 2008-2012 Luthey-Schulten Group, University of Illinois at Urbana-Champaign.
Copyright (C) 2012-2017 Roberts Group, Johns Hopkins University.

2016-11-01 14:08:17) Initializing communications library.
2016-11-01 14:08:17) Using local communicator on host barkeri.bph.jhu.edu.
2016-11-01 14:08:17) Resource controller @1 started.
2016-11-01 14:08:17) Supervisor @0 started.
2016-11-01 14:08:17) Resource controller @1 on barkeri.bph.jhu.edu registered with 8 cpu core(s) and 0 gpu device(s).
2016-11-01 14:08:17) Registered resources for host barkeri.bph.jhu.edu (defaults=1): 2 cpu cores, 0 gpu devices
2016-11-01 14:08:17) All resources registered with supervisor, starting workers.
2016-11-01 14:08:17) Reserved core 0 on @1 for the output writer.
2016-11-01 14:08:17) Creating slot 0 on @1 using resources: barkeri.bph.jhu.edu; @1; cpu core list:1; gpu device list:<none>.
2016-11-01 14:08:17) OutputWriter @3 started.
2016-11-01 14:08:17) OutputWriter::HelperThread @3 started.
2016-11-01 14:08:17) Output writer started: @3.
2016-11-01 14:08:17) Work Unit runner @4 started with 1 cpu cores (affinity=0) and 0 gpus.
2016-11-01 14:08:17) Work unit runner started: @4.
2016-11-01 14:08:17) All supervisor workers have started, beginning simulation.
2016-11-01 14:08:17) Replicate supervisor starting simulation.
2016-11-01 14:08:17) Simulation started.
2016-11-01 14:09:18) Finished 50 work units (ids in range 0 to 49) with 200 parts in the last 61.0 seconds. 2000000000 steps in 6.096e+01 seconds (3.281e+07 steps/second).
2016-11-01 14:09:19) Wrote 31 messages (6091 bytes) in the last 62.3 seconds (0.000353 seconds writing). 0 messages (0 bytes) queued. Flushing.
2016-11-01 14:09:48) Replicate 10 completed with 1.00e+05 of simulation time using 20 work units.
2016-11-01 14:09:49) Replicate 1 completed with 1.00e+05 of simulation time using 20 work units.
2016-11-01 14:09:49) Replicate 11 completed with 1.00e+05 of simulation time using 21 work units.
2016-11-01 14:09:49) Replicate 6 completed with 1.00e+05 of simulation time using 21 work units.
2016-11-01 14:09:49) Replicate 15 completed with 1.00e+05 of simulation time using 21 work units.
2016-11-01 14:09:49) Replicate 2 completed with 1.00e+05 of simulation time using 22 work units.
2016-11-01 14:09:49) Replicate 8 completed with 1.00e+05 of simulation time using 22 work units.
2016-11-01 14:09:49) Replicate 4 completed with 1.00e+05 of simulation time using 22 work units.
2016-11-01 14:09:49) Replicate 3 completed with 1.00e+05 of simulation time using 22 work units.
2016-11-01 14:09:49) Replicate 14 completed with 1.00e+05 of simulation time using 23 work units.
2016-11-01 14:09:49) Replicate 7 completed with 1.00e+05 of simulation time using 23 work units.
2016-11-01 14:09:49) Replicate 5 completed with 1.00e+05 of simulation time using 25 work units.
2016-11-01 14:09:49) GillespieDSolverAVX started without a full set of trajectories, running trajectory 13 with the GillespieDSolver.
2016-11-01 14:09:49) GillespieDSolverAVX started without a full set of trajectories, running trajectory 9 with the GillespieDSolver.
2016-11-01 14:09:49) GillespieDSolverAVX started without a full set of trajectories, running trajectory 12 with the GillespieDSolver.
2016-11-01 14:09:49) Replicate 13 completed with 1.00e+05 of simulation time using 29 work units.
2016-11-01 14:09:49) Replicate 9 completed with 1.00e+05 of simulation time using 28 work units.
2016-11-01 14:09:49) Replicate 12 completed with 1.00e+05 of simulation time using 24 work units.
2016-11-01 14:09:49) Replicate supervisor finished 15 replicates in 92.18 seconds.
2016-11-01 14:09:49) Simulation finished.
2016-11-01 14:09:49) Finished 36 work units (ids in range 50 to 85) with 143 parts in the last 31.2 seconds. 1000018704 steps in 3.121e+01 seconds (3.204e+07 steps/second).
2016-11-01 14:09:49) Supervisor @0 finished.
2016-11-01 14:09:49) Wrote 28 messages (3701 bytes) in the last 29.9 seconds (0.000237 seconds writing). 0 messages (0 bytes) queued. Flushing.
2016-11-01 14:09:49) OutputWriter wrote 59 messages and 9792 bytes total.
2016-11-01 14:09:49) OutputWriter::HelperThread @3 finished.
2016-11-01 14:09:49) OutputWriter @3 flushing and closing.
2016-11-01 14:09:49) OutputWriter @3 finished.
2016-11-01 14:09:49) Work unit runner @4 finished.
2016-11-01 14:09:49) Resource controller @1 finished.
2016-11-01 14:09:49) Finalizing communications library.
2016-11-01 14:09:49) Program execution finished.
