Lattice Microbe ES v2016.12 build 2016-12-01-13-59-37 in 64-bit mode with options MPI AVX SBML.
Copyright (C) 2008-2012 Luthey-Schulten Group, University of Illinois at Urbana-Champaign.
Copyright (C) 2012-2017 Roberts Group, Johns Hopkins University.

2016-11-01 14:13:03) Initializing communications library.
2016-11-01 14:13:03) Using local communicator on host barkeri.bph.jhu.edu.
2016-11-01 14:13:03) Resource controller @1 started.
2016-11-01 14:13:03) Supervisor @0 started.
2016-11-01 14:13:03) Resource controller @1 on barkeri.bph.jhu.edu registered with 8 cpu core(s) and 0 gpu device(s).
2016-11-01 14:13:03) Registered resources for host barkeri.bph.jhu.edu (defaults=1): 2 cpu cores, 0 gpu devices
2016-11-01 14:13:03) All resources registered with supervisor, starting workers.
2016-11-01 14:13:03) Reserved core 0 on @1 for the output writer.
2016-11-01 14:13:03) Creating slot 0 on @1 using resources: barkeri.bph.jhu.edu; @1; cpu core list:1; gpu device list:<none>.
2016-11-01 14:13:03) OutputWriter @3 started.
2016-11-01 14:13:03) Output writer started: @3.
2016-11-01 14:13:03) Work Unit runner @4 started with 1 cpu cores (affinity=0) and 0 gpus.2016-11-01 14:13:03) 
OutputWriter::HelperThread @3 started.
2016-11-01 14:13:03) Work unit runner started: @4.
2016-11-01 14:13:03) All supervisor workers have started, beginning simulation.
2016-11-01 14:13:03) Replicate supervisor starting simulation.
2016-11-01 14:13:03) Simulation started.
2016-11-01 14:14:04) Finished 51 work units (ids in range 0 to 50) with 204 parts in the last 61.1 seconds. 2040000000 steps in 6.113e+01 seconds (3.337e+07 steps/second).
2016-11-01 14:14:05) Wrote 31 messages (6091 bytes) in the last 62.4 seconds (0.000361 seconds writing). 0 messages (0 bytes) queued. Flushing.
2016-11-01 14:14:31) Replicate 7 completed with 1.00e+05 of simulation time using 20 work units.
2016-11-01 14:14:33) Replicate 13 completed with 1.00e+05 of simulation time using 20 work units.
2016-11-01 14:14:33) Replicate 1 completed with 1.00e+05 of simulation time using 21 work units.
2016-11-01 14:14:33) Replicate 2 completed with 1.00e+05 of simulation time using 21 work units.
2016-11-01 14:14:33) Replicate 8 completed with 1.00e+05 of simulation time using 23 work units.
2016-11-01 14:14:33) Replicate 10 completed with 1.00e+05 of simulation time using 21 work units.
2016-11-01 14:14:33) Replicate 12 completed with 1.00e+05 of simulation time using 22 work units.
2016-11-01 14:14:33) Replicate 5 completed with 1.00e+05 of simulation time using 22 work units.
2016-11-01 14:14:33) Replicate 11 completed with 1.00e+05 of simulation time using 22 work units.
2016-11-01 14:14:33) Replicate 14 completed with 1.00e+05 of simulation time using 23 work units.
2016-11-01 14:14:33) Replicate 9 completed with 1.00e+05 of simulation time using 23 work units.
2016-11-01 14:14:33) Replicate 3 completed with 1.00e+05 of simulation time using 26 work units.
2016-11-01 14:14:33) GillespieDSolverAVX started without a full set of trajectories, running trajectory 6 with the GillespieDSolver.
2016-11-01 14:14:33) GillespieDSolverAVX started without a full set of trajectories, running trajectory 4 with the GillespieDSolver.
2016-11-01 14:14:33) GillespieDSolverAVX started without a full set of trajectories, running trajectory 15 with the GillespieDSolver.
2016-11-01 14:14:33) Replicate 6 completed with 1.00e+05 of simulation time using 27 work units.
2016-11-01 14:14:33) Replicate 4 completed with 1.00e+05 of simulation time using 26 work units.
2016-11-01 14:14:33) Replicate 15 completed with 1.00e+05 of simulation time using 22 work units.
2016-11-01 14:14:33) Replicate supervisor finished 15 replicates in 90.01 seconds.
2016-11-01 14:14:33) Simulation finished.
2016-11-01 14:14:33) Finished 34 work units (ids in range 51 to 84) with 135 parts in the last 28.9 seconds. 960069244 steps in 2.888e+01 seconds (3.325e+07 steps/second).
2016-11-01 14:14:33) Supervisor @0 finished.
2016-11-01 14:14:33) Wrote 26 messages (3660 bytes) in the last 27.6 seconds (0.000234 seconds writing). 0 messages (0 bytes) queued. Flushing.
2016-11-01 14:14:33) OutputWriter wrote 57 messages and 9751 bytes total.
2016-11-01 14:14:33) OutputWriter::HelperThread @3 finished.
2016-11-01 14:14:33) OutputWriter @3 flushing and closing.
2016-11-01 14:14:33) OutputWriter @3 finished.
2016-11-01 14:14:33) Work unit runner @4 finished.
2016-11-01 14:14:33) Resource controller @1 finished.
2016-11-01 14:14:33) Finalizing communications library.
2016-11-01 14:14:33) Program execution finished.
