Lattice Microbe ES v2016.12 build 2016-12-01-13-00-09 in 64-bit mode with options MPI AVX SBML.
Copyright (C) 2008-2012 Luthey-Schulten Group, University of Illinois at Urbana-Champaign.
Copyright (C) 2012-2017 Roberts Group, Johns Hopkins University.

2016-11-01 13:07:24) Initializing communications library.
2016-11-01 13:07:24) Using local communicator on host xanthus-cp-2.
2016-11-01 13:07:24) Resource controller @1 started.
2016-11-01 13:07:24) Supervisor @0 started.
2016-11-01 13:07:24) Resource controller @1 on xanthus-cp-2 registered with 32 cpu core(s) and 0 gpu device(s).
2016-11-01 13:07:24) Registered resources for host xanthus-cp-2 (defaults=1): 2 cpu cores, 0 gpu devices
2016-11-01 13:07:24) All resources registered with supervisor, starting workers.
2016-11-01 13:07:24) Reserved core 0 on @1 for the output writer.
2016-11-01 13:07:24) Creating slot 0 on @1 using resources: xanthus-cp-2; @1; cpu core list:1; gpu device list:<none>.
2016-11-01 13:07:24) OutputWriter @3 started.
2016-11-01 13:07:24) Output writer started: @3.
2016-11-01 13:07:24) Work Unit runner @4 started with 1 cpu cores (affinity=0) and 0 gpus.
2016-11-01 13:07:24) OutputWriter::HelperThread @3 started.
2016-11-01 13:07:24) Work unit runner started: @4.
2016-11-01 13:07:24) All supervisor workers have started, beginning simulation.
2016-11-01 13:07:24) Replicate supervisor starting simulation.
2016-11-01 13:07:24) Simulation started.
2016-11-01 13:08:25) Wrote 19 messages (3487 bytes) in the last 61.1 seconds (0.000153 seconds writing). 0 messages (0 bytes) queued. Flushing.
2016-11-01 13:08:25) Finished 28 work units (ids in range 0 to 27) with 112 parts in the last 61.1 seconds. 1120000000 steps in 6.110e+01 seconds (1.833e+07 steps/second).
2016-11-01 13:09:26) Finished 28 work units (ids in range 28 to 55) with 112 parts in the last 61.2 seconds. 1120000000 steps in 6.116e+01 seconds (1.831e+07 steps/second).
2016-11-01 13:09:35) Wrote 19 messages (3534 bytes) in the last 69.9 seconds (0.000123 seconds writing). 0 messages (0 bytes) queued. Flushing.
2016-11-01 13:10:08) Replicate 7 completed with 1.00e+05 of simulation time using 20 work units.
2016-11-01 13:10:08) Replicate 2 completed with 1.00e+05 of simulation time using 21 work units.
2016-11-01 13:10:08) Replicate 14 completed with 1.00e+05 of simulation time using 21 work units.
2016-11-01 13:10:08) Replicate 4 completed with 1.00e+05 of simulation time using 21 work units.
2016-11-01 13:10:08) Replicate 1 completed with 1.00e+05 of simulation time using 21 work units.
2016-11-01 13:10:08) Replicate 10 completed with 1.00e+05 of simulation time using 23 work units.
2016-11-01 13:10:08) Replicate 6 completed with 1.00e+05 of simulation time using 21 work units.
2016-11-01 13:10:08) Replicate 8 completed with 1.00e+05 of simulation time using 24 work units.
2016-11-01 13:10:08) Replicate 13 completed with 1.00e+05 of simulation time using 23 work units.
2016-11-01 13:10:08) Replicate 11 completed with 1.00e+05 of simulation time using 23 work units.
2016-11-01 13:10:08) Replicate 3 completed with 1.00e+05 of simulation time using 26 work units.
2016-11-01 13:10:08) Replicate 5 completed with 1.00e+05 of simulation time using 24 work units.
2016-11-01 13:10:08) GillespieDSolverAVX started without a full set of trajectories, running trajectory 12 with the GillespieDSolver.
2016-11-01 13:10:08) GillespieDSolverAVX started without a full set of trajectories, running trajectory 9 with the GillespieDSolver.
2016-11-01 13:10:08) GillespieDSolverAVX started without a full set of trajectories, running trajectory 15 with the GillespieDSolver.
2016-11-01 13:10:08) Replicate 12 completed with 1.00e+05 of simulation time using 28 work units.
2016-11-01 13:10:08) Replicate 9 completed with 1.00e+05 of simulation time using 24 work units.
2016-11-01 13:10:08) Replicate 15 completed with 1.00e+05 of simulation time using 27 work units.
2016-11-01 13:10:08) Replicate supervisor finished 15 replicates in 163.76 seconds.
2016-11-01 13:10:08) Simulation finished.
2016-11-01 13:10:08) Finished 31 work units (ids in range 56 to 86) with 123 parts in the last 41.5 seconds. 760074999 steps in 4.148e+01 seconds (1.832e+07 steps/second).
2016-11-01 13:10:08) Supervisor @0 finished.
2016-11-01 13:10:08) Wrote 24 messages (2833 bytes) in the last 32.8 seconds (0.000111 seconds writing). 0 messages (0 bytes) queued. Flushing.
2016-11-01 13:10:08) OutputWriter wrote 62 messages and 9854 bytes total.
2016-11-01 13:10:08) OutputWriter::HelperThread @3 finished.
2016-11-01 13:10:08) OutputWriter @3 flushing and closing.
2016-11-01 13:10:08) OutputWriter @3 finished.
2016-11-01 13:10:08) Work unit runner @4 finished.
2016-11-01 13:10:08) Resource controller @1 finished.
2016-11-01 13:10:08) Finalizing communications library.
2016-11-01 13:10:08) Program execution finished.
