Lattice Microbe ES v2016.01.20 build 1 in 64-bit mode with options MPI AVX.
Copyright (C) 2008-2012 Luthey-Schulten Group, University of Illinois at Urbana-Champaign.
Copyright (C) 2012-2016 Roberts Group, Johns Hopkins University.

MPI version 3.0 with thread support MPI_THREAD_MULTIPLE.
Running with 1 process(es).

2016-01-08 15:45:44) Resource controller 0:1 started.
2016-01-08 15:45:44) Supervisor 0:2 started.
2016-01-08 15:45:44) Resource controller 0:1 on barkeri.bph.jhu.edu registered with 8 cpu core(s) and 0 gpu device(s).
2016-01-08 15:45:44) Registered resources for host barkeri.bph.jhu.edu (defaults=1): 2 cpu cores, 0 gpu devices
2016-01-08 15:45:44) All resources registered with supervisor, starting workers.
2016-01-08 15:45:44) Reserved core 0 on 0:1 for the output writer.
2016-01-08 15:45:44) Creating slot 0 on process (0:1) using resources: barkeri.bph.jhu.edu; cpu core list:1; gpu device list:<none>.
2016-01-08 15:45:44) OutputWriter 0:3 started.
2016-01-08 15:45:44) OutputWriter::HelperThread 0:4 started.
2016-01-08 15:45:44) Work Unit runner 0:5 started with 1 cpu cores (affinity=0) and 0 gpus.
2016-01-08 15:45:44) Output writer started: 0:3.
2016-01-08 15:45:44) Work unit runner started: 0:5.
2016-01-08 15:45:44) All supervisor workers have started, beginning simulation.
2016-01-08 15:45:44) Replicate supervisor starting simulation.
2016-01-08 15:45:44) Simulation started.
2016-01-08 15:46:44) Wrote 104 messages (7998 bytes) in the last 60.0 seconds (0.000509 seconds writing). 0 messages (0 bytes) queued. Flushing.
2016-01-08 15:46:44) Finished 105 work units (ids in range 0 to 104) with 105 parts in the last 60.1 seconds. 1050000000 steps in 5.969e+01 seconds (1.759e+07 steps/second).
2016-01-08 15:47:19) Replicate 11 completed with 1.00e+05 of simulation time using 12 work units.
2016-01-08 15:47:19) Replicate 10 completed with 1.00e+05 of simulation time using 12 work units.
2016-01-08 15:47:19) Replicate 7 completed with 1.00e+05 of simulation time using 12 work units.
2016-01-08 15:47:19) Replicate 3 completed with 1.00e+05 of simulation time using 12 work units.
2016-01-08 15:47:19) Replicate 12 completed with 1.00e+05 of simulation time using 12 work units.
2016-01-08 15:47:19) Replicate 8 completed with 1.00e+05 of simulation time using 12 work units.
2016-01-08 15:47:19) Replicate 1 completed with 1.00e+05 of simulation time using 12 work units.
2016-01-08 15:47:19) Replicate 13 completed with 1.00e+05 of simulation time using 12 work units.
2016-01-08 15:47:19) Replicate 9 completed with 1.00e+05 of simulation time using 12 work units.
2016-01-08 15:47:19) Replicate 5 completed with 1.00e+05 of simulation time using 12 work units.
2016-01-08 15:47:19) Replicate 4 completed with 1.00e+05 of simulation time using 12 work units.
2016-01-08 15:47:19) Replicate 2 completed with 1.00e+05 of simulation time using 12 work units.
2016-01-08 15:47:19) Replicate 6 completed with 1.00e+05 of simulation time using 12 work units.
2016-01-08 15:47:19) Replicate 15 completed with 1.00e+05 of simulation time using 12 work units.
2016-01-08 15:47:19) Replicate 14 completed with 1.00e+05 of simulation time using 12 work units.
2016-01-08 15:47:19) Replicate supervisor finished 15 replicates in 94.60 seconds.
2016-01-08 15:47:19) Simulation finished.
2016-01-08 15:47:19) Finished 75 work units (ids in range 105 to 179) with 75 parts in the last 34.6 seconds. 600664409 steps in 3.436e+01 seconds (1.748e+07 steps/second).
2016-01-08 15:47:19) Supervisor 0:2 finished.
2016-01-08 15:47:19) Wrote 61 messages (4798 bytes) in the last 34.6 seconds (0.000298 seconds writing). 0 messages (0 bytes) queued. Flushing.
2016-01-08 15:47:19) OutputWriter::HelperThread 0:4 finished.
2016-01-08 15:47:19) OutputWriter 0:3 finished.
2016-01-08 15:47:19) Work unit runner 0:5 finished.
2016-01-08 15:47:19) Resource controller 0:1 finished.
2016-01-08 15:47:19) Closing MPI library.
2016-01-08 15:47:19) Program execution finished.
