Lattice Microbe ES v2016.12 build 2016-12-29-09-53-31 in 64-bit mode with options AVX SBML SNAPPY.
Copyright (C) 2012-2017 Roberts Group, Johns Hopkins University.
Copyright (C) 2008-2012 Luthey-Schulten Group, University of Illinois at Urbana-Champaign.

2016-11-29 12:33:40) Initializing communications library.
2016-11-29 12:33:40) Using local communicator on host barkeri.bph.jhu.edu.
2016-11-29 12:33:40) Resource controller @1 started.
2016-11-29 12:33:40) Supervisor @0 started.
2016-11-29 12:33:40) Resource controller @1 on barkeri.bph.jhu.edu registered with 8 cpu core(s) and 0 gpu device(s).
2016-11-29 12:33:40) Registered resources for host barkeri.bph.jhu.edu (defaults=1): 2 cpu cores, 0 gpu devices
2016-11-29 12:33:40) All resources registered with supervisor, starting workers.
2016-11-29 12:33:40) Reserved core 0 on @1 for the output writer.
2016-11-29 12:33:40) Creating slot 0 on @1 using resources: barkeri.bph.jhu.edu; @1; cpu core list:1; gpu device list:<none>.
2016-11-29 12:33:40) OutputWriter @3 started.
2016-11-29 12:33:40) OutputWriter::HelperThread @3 started.
2016-11-29 12:33:40) Output writer started: @3.
2016-11-29 12:33:40) Work Unit runner @4 started with 1 cpu cores (affinity=0) and 0 gpus.
2016-11-29 12:33:40) Work unit runner started: @4.
2016-11-29 12:33:40) All supervisor workers have started, beginning simulation.
2016-11-29 12:33:40) Replicate supervisor starting simulation.
2016-11-29 12:33:40) Simulation started.
2016-11-29 12:34:41) Finished 50 work units (ids in range 0 to 49) with 200 parts in the last 60.6 seconds. 2000000000 steps in 6.054e+01 seconds (3.304e+07 steps/second).
2016-11-29 12:34:42) Wrote 32 messages (5692 bytes) in the last 61.8 seconds (0.000453 seconds writing). 0 messages (0 bytes) queued. Flushing.
2016-11-29 12:35:10) Replicate 2 completed with 1.00e+05 of simulation time using 20 work units.
2016-11-29 12:35:11) Replicate 7 completed with 1.00e+05 of simulation time using 20 work units.
2016-11-29 12:35:11) Replicate 10 completed with 1.00e+05 of simulation time using 21 work units.
2016-11-29 12:35:11) Replicate 11 completed with 1.00e+05 of simulation time using 21 work units.
2016-11-29 12:35:11) Replicate 3 completed with 1.00e+05 of simulation time using 21 work units.
2016-11-29 12:35:11) Replicate 1 completed with 1.00e+05 of simulation time using 21 work units.
2016-11-29 12:35:11) Replicate 15 completed with 1.00e+05 of simulation time using 22 work units.
2016-11-29 12:35:11) Replicate 8 completed with 1.00e+05 of simulation time using 24 work units.
2016-11-29 12:35:11) Replicate 4 completed with 1.00e+05 of simulation time using 22 work units.
2016-11-29 12:35:11) Replicate 5 completed with 1.00e+05 of simulation time using 24 work units.
2016-11-29 12:35:11) Replicate 9 completed with 1.00e+05 of simulation time using 22 work units.
2016-11-29 12:35:11) Replicate 13 completed with 1.00e+05 of simulation time using 29 work units.
2016-11-29 12:35:11) Replicate 12 completed with 1.00e+05 of simulation time using 27 work units.
2016-11-29 12:35:11) Replicate 6 completed with 1.00e+05 of simulation time using 24 work units.
2016-11-29 12:35:11) Replicate 14 completed with 1.00e+05 of simulation time using 25 work units.
2016-11-29 12:35:11) Replicate supervisor finished 15 replicates in 91.04 seconds.
2016-11-29 12:35:11) Simulation finished.
2016-11-29 12:35:11) Finished 36 work units (ids in range 50 to 85) with 143 parts in the last 30.5 seconds. 999985322 steps in 3.049e+01 seconds (3.280e+07 steps/second).
2016-11-29 12:35:11) 2016-11-29 12:35:11) Wrote 28 messages (3376 bytes) in the last 29.3 seconds (0.000275 seconds writing). 0 messages (0 bytes) queued. Flushing.Supervisor @0 finished.

2016-11-29 12:35:11) OutputWriter wrote 60 messages and 9068 bytes total.
2016-11-29 12:35:11) OutputWriter::HelperThread @3 finished.
2016-11-29 12:35:11) OutputWriter @3 flushing and closing.
2016-11-29 12:35:11) OutputWriter @3 finished.
2016-11-29 12:35:11) Work unit runner @4 finished.
2016-11-29 12:35:11) Resource controller @1 finished.
2016-11-29 12:35:11) Finalizing communications library.
2016-11-29 12:35:11) Program execution finished.
