Lattice Microbe ES v2016.12 build 2016-12-29-09-53-31 in 64-bit mode with options AVX SBML SNAPPY.
Copyright (C) 2012-2017 Roberts Group, Johns Hopkins University.
Copyright (C) 2008-2012 Luthey-Schulten Group, University of Illinois at Urbana-Champaign.

2016-11-29 12:27:49) Initializing communications library.
2016-11-29 12:27:49) Using local communicator on host barkeri.bph.jhu.edu.
2016-11-29 12:27:49) Resource controller @1 started.
2016-11-29 12:27:49) Supervisor @0 started.
2016-11-29 12:27:49) Resource controller @1 on barkeri.bph.jhu.edu registered with 8 cpu core(s) and 0 gpu device(s).
2016-11-29 12:27:49) Registered resources for host barkeri.bph.jhu.edu (defaults=1): 2 cpu cores, 0 gpu devices
2016-11-29 12:27:49) All resources registered with supervisor, starting workers.
2016-11-29 12:27:49) Reserved core 0 on @1 for the output writer.
2016-11-29 12:27:49) Creating slot 0 on @1 using resources: barkeri.bph.jhu.edu; @1; cpu core list:1; gpu device list:<none>.
2016-11-29 12:27:49) OutputWriter @3 started.
2016-11-29 12:27:49) OutputWriter::HelperThread @3 started.
2016-11-29 12:27:49) Output writer started: @3.
2016-11-29 12:27:49) Work Unit runner @4 started with 1 cpu cores (affinity=0) and 0 gpus.
2016-11-29 12:27:49) Work unit runner started: @4.
2016-11-29 12:27:49) All supervisor workers have started, beginning simulation.
2016-11-29 12:27:49) Replicate supervisor starting simulation.
2016-11-29 12:27:49) Simulation started.
2016-11-29 12:28:49) Wrote 35 messages (5781 bytes) in the last 60.3 seconds (0.000478 seconds writing). 0 messages (0 bytes) queued. Flushing.
2016-11-29 12:28:49) Finished 51 work units (ids in range 0 to 50) with 204 parts in the last 60.3 seconds. 2040000000 steps in 6.033e+01 seconds (3.381e+07 steps/second).
2016-11-29 12:29:16) Replicate 9 completed with 1.00e+05 of simulation time using 20 work units.
2016-11-29 12:29:17) Replicate 11 completed with 1.00e+05 of simulation time using 20 work units.
2016-11-29 12:29:17) Replicate 13 completed with 1.00e+05 of simulation time using 21 work units.
2016-11-29 12:29:17) Replicate 15 completed with 1.00e+05 of simulation time using 22 work units.
2016-11-29 12:29:17) Replicate 1 completed with 1.00e+05 of simulation time using 22 work units.
2016-11-29 12:29:17) Replicate 5 completed with 1.00e+05 of simulation time using 21 work units.
2016-11-29 12:29:17) Replicate 12 completed with 1.00e+05 of simulation time using 22 work units.
2016-11-29 12:29:17) Replicate 6 completed with 1.00e+05 of simulation time using 23 work units.
2016-11-29 12:29:17) Replicate 3 completed with 1.00e+05 of simulation time using 24 work units.
2016-11-29 12:29:17) Replicate 2 completed with 1.00e+05 of simulation time using 24 work units.
2016-11-29 12:29:17) Replicate 14 completed with 1.00e+05 of simulation time using 22 work units.
2016-11-29 12:29:17) Replicate 4 completed with 1.00e+05 of simulation time using 24 work units.
2016-11-29 12:29:17) Replicate 8 completed with 1.00e+05 of simulation time using 25 work units.
2016-11-29 12:29:17) Replicate 7 completed with 1.00e+05 of simulation time using 26 work units.
2016-11-29 12:29:17) Replicate 10 completed with 1.00e+05 of simulation time using 23 work units.
2016-11-29 12:29:17) Replicate supervisor finished 15 replicates in 88.35 seconds.
2016-11-29 12:29:17) Simulation finished.
2016-11-29 12:29:17) Finished 34 work units (ids in range 51 to 84) with 135 parts in the last 28.0 seconds. 959999961 steps in 2.801e+01 seconds (3.428e+07 steps/second).
2016-11-29 12:29:17) Supervisor @0 finished.
2016-11-29 12:29:17) Wrote 26 messages (3299 bytes) in the last 28.0 seconds (0.000249 seconds writing). 0 messages (0 bytes) queued. Flushing.
2016-11-29 12:29:17) OutputWriter wrote 61 messages and 9080 bytes total.
2016-11-29 12:29:17) OutputWriter::HelperThread @3 finished.
2016-11-29 12:29:17) OutputWriter @3 flushing and closing.
2016-11-29 12:29:17) OutputWriter @3 finished.
2016-11-29 12:29:17) Work unit runner @4 finished.
2016-11-29 12:29:17) Resource controller @1 finished.
2016-11-29 12:29:17) Finalizing communications library.
2016-11-29 12:29:17) Program execution finished.
