Lattice Microbe ES v2016.12 build 2016-12-29-09-53-31 in 64-bit mode with options AVX SBML SNAPPY.
Copyright (C) 2012-2017 Roberts Group, Johns Hopkins University.
Copyright (C) 2008-2012 Luthey-Schulten Group, University of Illinois at Urbana-Champaign.

2016-11-29 12:36:43) Initializing communications library.
2016-11-29 12:36:43) Using local communicator on host barkeri.bph.jhu.edu.
2016-11-29 12:36:43) Resource controller @1 started.
2016-11-29 12:36:43) Supervisor @0 started.
2016-11-29 12:36:43) Resource controller @1 on barkeri.bph.jhu.edu registered with 8 cpu core(s) and 0 gpu device(s).
2016-11-29 12:36:43) Registered resources for host barkeri.bph.jhu.edu (defaults=1): 2 cpu cores, 0 gpu devices
2016-11-29 12:36:43) All resources registered with supervisor, starting workers.
2016-11-29 12:36:43) Reserved core 0 on @1 for the output writer.
2016-11-29 12:36:43) Creating slot 0 on @1 using resources: barkeri.bph.jhu.edu; @1; cpu core list:1; gpu device list:<none>.
2016-11-29 12:36:43) OutputWriter @3 started.
2016-11-29 12:36:43) OutputWriter::HelperThread @3 started.
2016-11-29 12:36:43) Work Unit runner @4 started with 1 cpu cores (affinity=0) and 0 gpus.
2016-11-29 12:36:43) Output writer started: @3.
2016-11-29 12:36:43) Work unit runner started: @4.
2016-11-29 12:36:43) All supervisor workers have started, beginning simulation.
2016-11-29 12:36:43) Replicate supervisor starting simulation.
2016-11-29 12:36:43) Simulation started.
2016-11-29 12:37:44) Wrote 32 messages (5691 bytes) in the last 61.0 seconds (0.000531 seconds writing). 0 messages (0 bytes) queued. Flushing.
2016-11-29 12:37:44) Finished 51 work units (ids in range 0 to 50) with 204 parts in the last 61.0 seconds. 2040000000 steps in 6.099e+01 seconds (3.345e+07 steps/second).
2016-11-29 12:38:11) Replicate 8 completed with 1.00e+05 of simulation time using 20 work units.
2016-11-29 12:38:12) Replicate 3 completed with 1.00e+05 of simulation time using 20 work units.
2016-11-29 12:38:13) Replicate 2 completed with 1.00e+05 of simulation time using 20 work units.
2016-11-29 12:38:13) Replicate 5 completed with 1.00e+05 of simulation time using 21 work units.
2016-11-29 12:38:13) Replicate 10 completed with 1.00e+05 of simulation time using 22 work units.
2016-11-29 12:38:13) Replicate 1 completed with 1.00e+05 of simulation time using 21 work units.
2016-11-29 12:38:13) Replicate 11 completed with 1.00e+05 of simulation time using 22 work units.
2016-11-29 12:38:13) Replicate 4 completed with 1.00e+05 of simulation time using 22 work units.
2016-11-29 12:38:13) Replicate 14 completed with 1.00e+05 of simulation time using 24 work units.
2016-11-29 12:38:13) Replicate 7 completed with 1.00e+05 of simulation time using 23 work units.
2016-11-29 12:38:13) Replicate 15 completed with 1.00e+05 of simulation time using 23 work units.
2016-11-29 12:38:13) Replicate 6 completed with 1.00e+05 of simulation time using 24 work units.
2016-11-29 12:38:13) Replicate 9 completed with 1.00e+05 of simulation time using 25 work units.
2016-11-29 12:38:13) Replicate 12 completed with 1.00e+05 of simulation time using 26 work units.
2016-11-29 12:38:13) Replicate 13 completed with 1.00e+05 of simulation time using 26 work units.
2016-11-29 12:38:13) Replicate supervisor finished 15 replicates in 89.97 seconds.
2016-11-29 12:38:13) Simulation finished.
2016-11-29 12:38:13) Finished 34 work units (ids in range 51 to 84) with 135 parts in the last 29.0 seconds. 959994916 steps in 2.896e+01 seconds (3.315e+07 steps/second).
2016-11-29 12:38:13) Supervisor @0 finished.
2016-11-29 12:38:13) Wrote 27 messages (3364 bytes) in the last 29.0 seconds (0.000324 seconds writing). 0 messages (0 bytes) queued. Flushing.
2016-11-29 12:38:13) OutputWriter wrote 59 messages and 9055 bytes total.
2016-11-29 12:38:13) OutputWriter::HelperThread @3 finished.
2016-11-29 12:38:13) OutputWriter @3 flushing and closing.
2016-11-29 12:38:13) OutputWriter @3 finished.
2016-11-29 12:38:13) Work unit runner @4 finished.
2016-11-29 12:38:13) Resource controller @1 finished.
2016-11-29 12:38:13) Finalizing communications library.
2016-11-29 12:38:13) Program execution finished.
