Lattice Microbe ES v2016.12 build 2016-12-29-09-53-31 in 64-bit mode with options AVX SBML SNAPPY.
Copyright (C) 2012-2017 Roberts Group, Johns Hopkins University.
Copyright (C) 2008-2012 Luthey-Schulten Group, University of Illinois at Urbana-Champaign.

2016-11-29 12:39:41) Initializing communications library.
2016-11-29 12:39:41) Using local communicator on host barkeri.bph.jhu.edu.
2016-11-29 12:39:41) Resource controller @1 started.
2016-11-29 12:39:41) Supervisor @0 started.
2016-11-29 12:39:41) Resource controller @1 on barkeri.bph.jhu.edu registered with 8 cpu core(s) and 0 gpu device(s).
2016-11-29 12:39:41) Registered resources for host barkeri.bph.jhu.edu (defaults=1): 2 cpu cores, 0 gpu devices
2016-11-29 12:39:41) All resources registered with supervisor, starting workers.
2016-11-29 12:39:41) Reserved core 0 on @1 for the output writer.
2016-11-29 12:39:41) Creating slot 0 on @1 using resources: barkeri.bph.jhu.edu; @1; cpu core list:1; gpu device list:<none>.
2016-11-29 12:39:41) OutputWriter @3 started.
2016-11-29 12:39:41) OutputWriter::HelperThread @3 started.
2016-11-29 12:39:41) Work Unit runner @4 started with 1 cpu cores (affinity=0) and 0 gpus.
2016-11-29 12:39:41) Output writer started: @3.
2016-11-29 12:39:41) Work unit runner started: @4.
2016-11-29 12:39:41) All supervisor workers have started, beginning simulation.
2016-11-29 12:39:41) Replicate supervisor starting simulation.
2016-11-29 12:39:41) Simulation started.
2016-11-29 12:40:42) Wrote 31 messages (5678 bytes) in the last 61.1 seconds (0.000427 seconds writing). 0 messages (0 bytes) queued. Flushing.2016-11-29 12:40:42) 
Finished 52 work units (ids in range 0 to 51) with 208 parts in the last 61.1 seconds. 2080000000 steps in 6.110e+01 seconds (3.404e+07 steps/second).
2016-11-29 12:41:06) Replicate 8 completed with 1.00e+05 of simulation time using 20 work units.
2016-11-29 12:41:08) Replicate 6 completed with 1.00e+05 of simulation time using 20 work units.
2016-11-29 12:41:08) Replicate 2 completed with 1.00e+05 of simulation time using 21 work units.
2016-11-29 12:41:08) Replicate 9 completed with 1.00e+05 of simulation time using 21 work units.
2016-11-29 12:41:08) Replicate 1 completed with 1.00e+05 of simulation time using 21 work units.
2016-11-29 12:41:08) Replicate 7 completed with 1.00e+05 of simulation time using 21 work units.
2016-11-29 12:41:08) Replicate 4 completed with 1.00e+05 of simulation time using 23 work units.
2016-11-29 12:41:08) Replicate 3 completed with 1.00e+05 of simulation time using 22 work units.
2016-11-29 12:41:08) Replicate 14 completed with 1.00e+05 of simulation time using 22 work units.
2016-11-29 12:41:08) Replicate 10 completed with 1.00e+05 of simulation time using 24 work units.
2016-11-29 12:41:08) Replicate 11 completed with 1.00e+05 of simulation time using 21 work units.
2016-11-29 12:41:08) Replicate 12 completed with 1.00e+05 of simulation time using 22 work units.
2016-11-29 12:41:08) Replicate 13 completed with 1.00e+05 of simulation time using 26 work units.
2016-11-29 12:41:08) Replicate 5 completed with 1.00e+05 of simulation time using 31 work units.
2016-11-29 12:41:08) Replicate 15 completed with 1.00e+05 of simulation time using 28 work units.
2016-11-29 12:41:08) Replicate supervisor finished 15 replicates in 86.79 seconds.
2016-11-29 12:41:08) Simulation finished.
2016-11-29 12:41:08) Finished 34 work units (ids in range 52 to 85) with 135 parts in the last 25.7 seconds. 920116031 steps in 2.568e+01 seconds (3.583e+07 steps/second).
2016-11-29 12:41:08) Supervisor @0 finished.
2016-11-29 12:41:08) Wrote 28 messages (3374 bytes) in the last 25.7 seconds (0.000332 seconds writing). 0 messages (0 bytes) queued. Flushing.
2016-11-29 12:41:08) OutputWriter wrote 59 messages and 9052 bytes total.
2016-11-29 12:41:08) OutputWriter::HelperThread @3 finished.
2016-11-29 12:41:08) OutputWriter @3 flushing and closing.
2016-11-29 12:41:08) OutputWriter @3 finished.
2016-11-29 12:41:08) Work unit runner @4 finished.
2016-11-29 12:41:08) Resource controller @1 finished.
2016-11-29 12:41:08) Finalizing communications library.
2016-11-29 12:41:08) Program execution finished.
