Lattice Microbe ES v2016.12 build 2016-12-29-09-53-31 in 64-bit mode with options AVX SBML SNAPPY.
Copyright (C) 2012-2017 Roberts Group, Johns Hopkins University.
Copyright (C) 2008-2012 Luthey-Schulten Group, University of Illinois at Urbana-Champaign.

2016-11-29 12:35:12) Initializing communications library.
2016-11-29 12:35:12) Using local communicator on host barkeri.bph.jhu.edu.
2016-11-29 12:35:12) Resource controller @1 started.
2016-11-29 12:35:12) Supervisor @0 started.
2016-11-29 12:35:12) Resource controller @1 on barkeri.bph.jhu.edu registered with 8 cpu core(s) and 0 gpu device(s).
2016-11-29 12:35:12) Registered resources for host barkeri.bph.jhu.edu (defaults=1): 2 cpu cores, 0 gpu devices
2016-11-29 12:35:12) All resources registered with supervisor, starting workers.
2016-11-29 12:35:12) Reserved core 0 on @1 for the output writer.
2016-11-29 12:35:12) OutputWriter @3 started.
2016-11-29 12:35:12) Creating slot 0 on @1 using resources: barkeri.bph.jhu.edu; @1; cpu core list:1; gpu device list:<none>.
2016-11-29 12:35:12) OutputWriter::HelperThread @3 started.
2016-11-29 12:35:12) Output writer started: @3.
2016-11-29 12:35:12) Work Unit runner @4 started with 1 cpu cores (affinity=0) and 0 gpus.
2016-11-29 12:35:12) Work unit runner started: @4.
2016-11-29 12:35:12) All supervisor workers have started, beginning simulation.
2016-11-29 12:35:12) Replicate supervisor starting simulation.
2016-11-29 12:35:12) Simulation started.
2016-11-29 12:36:13) Finished 49 work units (ids in range 0 to 48) with 196 parts in the last 61.1 seconds. 1960000000 steps in 6.108e+01 seconds (3.209e+07 steps/second).
2016-11-29 12:36:15) Wrote 33 messages (5704 bytes) in the last 63.4 seconds (0.000433 seconds writing). 0 messages (0 bytes) queued. Flushing.
2016-11-29 12:36:42) Replicate 6 completed with 1.00e+05 of simulation time using 20 work units.
2016-11-29 12:36:43) Replicate 2 completed with 1.00e+05 of simulation time using 20 work units.
2016-11-29 12:36:43) Replicate 15 completed with 1.00e+05 of simulation time using 21 work units.
2016-11-29 12:36:43) Replicate 14 completed with 1.00e+05 of simulation time using 21 work units.
2016-11-29 12:36:43) Replicate 4 completed with 1.00e+05 of simulation time using 21 work units.
2016-11-29 12:36:43) Replicate 7 completed with 1.00e+05 of simulation time using 22 work units.
2016-11-29 12:36:43) Replicate 5 completed with 1.00e+05 of simulation time using 22 work units.
2016-11-29 12:36:43) Replicate 12 completed with 1.00e+05 of simulation time using 23 work units.
2016-11-29 12:36:43) Replicate 10 completed with 1.00e+05 of simulation time using 23 work units.
2016-11-29 12:36:43) Replicate 9 completed with 1.00e+05 of simulation time using 24 work units.
2016-11-29 12:36:43) Replicate 1 completed with 1.00e+05 of simulation time using 23 work units.
2016-11-29 12:36:43) Replicate 3 completed with 1.00e+05 of simulation time using 26 work units.
2016-11-29 12:36:43) Replicate 13 completed with 1.00e+05 of simulation time using 27 work units.
2016-11-29 12:36:43) Replicate 11 completed with 1.00e+05 of simulation time using 25 work units.
2016-11-29 12:36:43) Replicate 8 completed with 1.00e+05 of simulation time using 25 work units.
2016-11-29 12:36:43) Replicate supervisor finished 15 replicates in 91.43 seconds.
2016-11-29 12:36:43) Simulation finished.
2016-11-29 12:36:43) Finished 37 work units (ids in range 49 to 85) with 147 parts in the last 30.3 seconds. 1040095756 steps in 3.034e+01 seconds (3.428e+07 steps/second).
2016-11-29 12:36:43) Supervisor @0 finished.
2016-11-29 12:36:43) Wrote 27 messages (3362 bytes) in the last 28.1 seconds (0.000352 seconds writing). 0 messages (0 bytes) queued. Flushing.
2016-11-29 12:36:43) OutputWriter wrote 60 messages and 9066 bytes total.
2016-11-29 12:36:43) OutputWriter::HelperThread @3 finished.
2016-11-29 12:36:43) OutputWriter @3 flushing and closing.
2016-11-29 12:36:43) OutputWriter @3 finished.
2016-11-29 12:36:43) Work unit runner @4 finished.
2016-11-29 12:36:43) Resource controller @1 finished.
2016-11-29 12:36:43) Finalizing communications library.
2016-11-29 12:36:43) Program execution finished.
