Lattice Microbe ES v2016.12 build 2016-12-29-09-53-31 in 64-bit mode with options AVX SBML SNAPPY.
Copyright (C) 2012-2017 Roberts Group, Johns Hopkins University.
Copyright (C) 2008-2012 Luthey-Schulten Group, University of Illinois at Urbana-Champaign.

2016-11-29 12:32:14) Initializing communications library.
2016-11-29 12:32:14) Using local communicator on host barkeri.bph.jhu.edu.
2016-11-29 12:32:14) Resource controller @1 started.
2016-11-29 12:32:14) Supervisor @0 started.
2016-11-29 12:32:14) Resource controller @1 on barkeri.bph.jhu.edu registered with 8 cpu core(s) and 0 gpu device(s).
2016-11-29 12:32:14) Registered resources for host barkeri.bph.jhu.edu (defaults=1): 2 cpu cores, 0 gpu devices
2016-11-29 12:32:14) All resources registered with supervisor, starting workers.
2016-11-29 12:32:14) Reserved core 0 on @1 for the output writer.
2016-11-29 12:32:14) Creating slot 0 on @1 using resources: barkeri.bph.jhu.edu; @1; cpu core list:1; gpu device list:<none>.
2016-11-29 12:32:14) OutputWriter @3 started.
2016-11-29 12:32:14) OutputWriter::HelperThread @3 started.
2016-11-29 12:32:14) Output writer started: @3.
2016-11-29 12:32:14) Work Unit runner @4 started with 1 cpu cores (affinity=0) and 0 gpus.
2016-11-29 12:32:14) Work unit runner started: @4.
2016-11-29 12:32:14) All supervisor workers have started, beginning simulation.
2016-11-29 12:32:14) Replicate supervisor starting simulation.
2016-11-29 12:32:14) Simulation started.
2016-11-29 12:33:15) Wrote 36 messages (6096 bytes) in the last 60.8 seconds (0.000431 seconds writing). 0 messages (0 bytes) queued. Flushing.
2016-11-29 12:33:15) Finished 53 work units (ids in range 0 to 52) with 212 parts in the last 60.8 seconds. 2120000000 steps in 6.082e+01 seconds (3.486e+07 steps/second).
2016-11-29 12:33:39) Replicate 4 completed with 1.00e+05 of simulation time using 20 work units.
2016-11-29 12:33:40) Replicate 5 completed with 1.00e+05 of simulation time using 20 work units.
2016-11-29 12:33:40) Replicate 9 completed with 1.00e+05 of simulation time using 21 work units.
2016-11-29 12:33:40) Replicate 3 completed with 1.00e+05 of simulation time using 22 work units.
2016-11-29 12:33:40) Replicate 14 completed with 1.00e+05 of simulation time using 21 work units.
2016-11-29 12:33:40) Replicate 7 completed with 1.00e+05 of simulation time using 21 work units.
2016-11-29 12:33:40) Replicate 2 completed with 1.00e+05 of simulation time using 21 work units.
2016-11-29 12:33:40) Replicate 13 completed with 1.00e+05 of simulation time using 22 work units.
2016-11-29 12:33:40) Replicate 1 completed with 1.00e+05 of simulation time using 23 work units.
2016-11-29 12:33:40) Replicate 11 completed with 1.00e+05 of simulation time using 22 work units.
2016-11-29 12:33:40) Replicate 15 completed with 1.00e+05 of simulation time using 22 work units.
2016-11-29 12:33:40) Replicate 10 completed with 1.00e+05 of simulation time using 24 work units.
2016-11-29 12:33:40) Replicate 8 completed with 1.00e+05 of simulation time using 30 work units.
2016-11-29 12:33:40) Replicate 6 completed with 1.00e+05 of simulation time using 30 work units.
2016-11-29 12:33:40) Replicate 12 completed with 1.00e+05 of simulation time using 24 work units.
2016-11-29 12:33:40) Replicate supervisor finished 15 replicates in 86.27 seconds.
2016-11-29 12:33:40) Simulation finished.
2016-11-29 12:33:40) Finished 33 work units (ids in range 53 to 85) with 131 parts in the last 25.4 seconds. 879987773 steps in 2.544e+01 seconds (3.459e+07 steps/second).
2016-11-29 12:33:40) 2016-11-29 12:33:40) Wrote 25 messages (2984 bytes) in the last 25.4 seconds (0.000268 seconds writing). 0 messages (0 bytes) queued. Flushing.Supervisor @0 finished.

2016-11-29 12:33:40) OutputWriter wrote 61 messages and 9080 bytes total.
2016-11-29 12:33:40) OutputWriter::HelperThread @3 finished.
2016-11-29 12:33:40) OutputWriter @3 flushing and closing.
2016-11-29 12:33:40) OutputWriter @3 finished.
2016-11-29 12:33:40) Work unit runner @4 finished.
2016-11-29 12:33:40) Resource controller @1 finished.
2016-11-29 12:33:40) Finalizing communications library.
2016-11-29 12:33:40) Program execution finished.
