Lattice Microbe ES v2016.12 build 2016-12-29-09-53-31 in 64-bit mode with options AVX SBML SNAPPY.
Copyright (C) 2012-2017 Roberts Group, Johns Hopkins University.
Copyright (C) 2008-2012 Luthey-Schulten Group, University of Illinois at Urbana-Champaign.

2016-11-29 12:29:17) Initializing communications library.
2016-11-29 12:29:17) Using local communicator on host barkeri.bph.jhu.edu.
2016-11-29 12:29:17) Resource controller @1 started.
2016-11-29 12:29:17) Supervisor @0 started.
2016-11-29 12:29:17) Resource controller @1 on barkeri.bph.jhu.edu registered with 8 cpu core(s) and 0 gpu device(s).
2016-11-29 12:29:17) Registered resources for host barkeri.bph.jhu.edu (defaults=1): 2 cpu cores, 0 gpu devices
2016-11-29 12:29:17) All resources registered with supervisor, starting workers.
2016-11-29 12:29:17) Reserved core 0 on @1 for the output writer.
2016-11-29 12:29:17) OutputWriter @3 started.
2016-11-29 12:29:17) Creating slot 0 on @1 using resources: barkeri.bph.jhu.edu; @1; cpu core list:1; gpu device list:<none>.
2016-11-29 12:29:17) OutputWriter::HelperThread @3 started.
2016-11-29 12:29:17) Output writer started: @3.
2016-11-29 12:29:17) Work Unit runner @4 started with 1 cpu cores (affinity=0) and 0 gpus.
2016-11-29 12:29:17) Work unit runner started: @4.
2016-11-29 12:29:17) All supervisor workers have started, beginning simulation.
2016-11-29 12:29:17) Replicate supervisor starting simulation.
2016-11-29 12:29:17) Simulation started.
2016-11-29 12:30:18) Wrote 35 messages (5780 bytes) in the last 60.9 seconds (0.000474 seconds writing). 0 messages (0 bytes) queued. Flushing.
2016-11-29 12:30:18) Finished 52 work units (ids in range 0 to 51) with 208 parts in the last 60.9 seconds. 2080000000 steps in 6.087e+01 seconds (3.417e+07 steps/second).
2016-11-29 12:30:45) Replicate 8 completed with 1.00e+05 of simulation time using 20 work units.
2016-11-29 12:30:45) Replicate 7 completed with 1.00e+05 of simulation time using 21 work units.
2016-11-29 12:30:45) Replicate 11 completed with 1.00e+05 of simulation time using 21 work units.
2016-11-29 12:30:45) Replicate 15 completed with 1.00e+05 of simulation time using 22 work units.
2016-11-29 12:30:45) Replicate 9 completed with 1.00e+05 of simulation time using 21 work units.
2016-11-29 12:30:45) Replicate 6 completed with 1.00e+05 of simulation time using 21 work units.
2016-11-29 12:30:45) Replicate 5 completed with 1.00e+05 of simulation time using 22 work units.
2016-11-29 12:30:45) Replicate 4 completed with 1.00e+05 of simulation time using 22 work units.
2016-11-29 12:30:45) Replicate 1 completed with 1.00e+05 of simulation time using 22 work units.
2016-11-29 12:30:45) Replicate 3 completed with 1.00e+05 of simulation time using 26 work units.
2016-11-29 12:30:45) Replicate 12 completed with 1.00e+05 of simulation time using 24 work units.
2016-11-29 12:30:45) Replicate 14 completed with 1.00e+05 of simulation time using 23 work units.
2016-11-29 12:30:45) Replicate 13 completed with 1.00e+05 of simulation time using 26 work units.
2016-11-29 12:30:45) Replicate 2 completed with 1.00e+05 of simulation time using 26 work units.
2016-11-29 12:30:45) Replicate 10 completed with 1.00e+05 of simulation time using 30 work units.
2016-11-29 12:30:45) Replicate supervisor finished 15 replicates in 87.95 seconds.
2016-11-29 12:30:45) Simulation finished.
2016-11-29 12:30:45) Finished 35 work units (ids in range 52 to 86) with 139 parts in the last 27.1 seconds. 920105804 steps in 2.707e+01 seconds (3.399e+07 steps/second).
2016-11-29 12:30:45) Supervisor @0 finished.
2016-11-29 12:30:45) Wrote 27 messages (3312 bytes) in the last 27.1 seconds (0.000233 seconds writing). 0 messages (0 bytes) queued. Flushing.
2016-11-29 12:30:45) OutputWriter wrote 62 messages and 9092 bytes total.
2016-11-29 12:30:45) OutputWriter::HelperThread @3 finished.
2016-11-29 12:30:45) OutputWriter @3 flushing and closing.
2016-11-29 12:30:45) OutputWriter @3 finished.
2016-11-29 12:30:45) Work unit runner @4 finished.
2016-11-29 12:30:45) Resource controller @1 finished.
2016-11-29 12:30:45) Finalizing communications library.
2016-11-29 12:30:45) Program execution finished.
