Lattice Microbe ES v2016.12 build 2016-12-29-09-53-31 in 64-bit mode with options AVX SBML SNAPPY.
Copyright (C) 2012-2017 Roberts Group, Johns Hopkins University.
Copyright (C) 2008-2012 Luthey-Schulten Group, University of Illinois at Urbana-Champaign.

2016-11-29 10:00:38) Initializing communications library.
2016-11-29 10:00:38) Using local communicator on host barkeri.bph.jhu.edu.
2016-11-29 10:00:38) Resource controller @1 started.
2016-11-29 10:00:38) Supervisor @0 started.
2016-11-29 10:00:38) Resource controller @1 on barkeri.bph.jhu.edu registered with 8 cpu core(s) and 0 gpu device(s).
2016-11-29 10:00:38) Registered resources for host barkeri.bph.jhu.edu (defaults=1): 2 cpu cores, 0 gpu devices
2016-11-29 10:00:38) All resources registered with supervisor, starting workers.
2016-11-29 10:00:38) Reserved core 0 on @1 for the output writer.
2016-11-29 10:00:38) OutputWriter @3 started.
2016-11-29 10:00:38) Creating slot 0 on @1 using resources: barkeri.bph.jhu.edu; @1; cpu core list:1; gpu device list:<none>.
2016-11-29 10:00:38) OutputWriter::HelperThread @3 started.
2016-11-29 10:00:38) Output writer started: @3.
2016-11-29 10:00:38) Work Unit runner @4 started with 1 cpu cores (affinity=0) and 0 gpus.
2016-11-29 10:00:38) Work unit runner started: @4.
2016-11-29 10:00:38) All supervisor workers have started, beginning simulation.
2016-11-29 10:00:38) Replicate supervisor starting simulation.
2016-11-29 10:00:38) Simulation started.
2016-11-29 10:01:38) 2016-11-29 10:01:38) Finished 117 work units (ids in range 0 to 116) with 117 parts in the last 60.3 seconds. 1170000000 steps in 6.029e+01 seconds (1.940e+07 steps/second).Wrote 64 messages (4032 bytes) in the last 60.3 seconds (0.000434 seconds writing). 0 messages (0 bytes) queued. Flushing.

2016-11-29 10:02:38) Wrote 58 messages (3701 bytes) in the last 60.3 seconds (0.000342 seconds writing). 0 messages (0 bytes) queued. Flushing.
2016-11-29 10:02:38) Finished 118 work units (ids in range 117 to 234) with 118 parts in the last 60.3 seconds. 1180000000 steps in 6.028e+01 seconds (1.957e+07 steps/second).
2016-11-29 10:03:07) Replicate 3 completed with 1.00e+05 of simulation time using 20 work units.
2016-11-29 10:03:08) Replicate 5 completed with 1.00e+05 of simulation time using 20 work units.
2016-11-29 10:03:08) Replicate 13 completed with 1.00e+05 of simulation time using 20 work units.
2016-11-29 10:03:09) Replicate 11 completed with 1.00e+05 of simulation time using 20 work units.
2016-11-29 10:03:09) Replicate 9 completed with 1.00e+05 of simulation time using 20 work units.
2016-11-29 10:03:10) Replicate 2 completed with 1.00e+05 of simulation time using 20 work units.
2016-11-29 10:03:10) Replicate 7 completed with 1.00e+05 of simulation time using 20 work units.
2016-11-29 10:03:11) Replicate 6 completed with 1.00e+05 of simulation time using 20 work units.
2016-11-29 10:03:11) Replicate 10 completed with 1.00e+05 of simulation time using 20 work units.
2016-11-29 10:03:11) Replicate 4 completed with 1.00e+05 of simulation time using 21 work units.
2016-11-29 10:03:11) Replicate 1 completed with 1.00e+05 of simulation time using 21 work units.
2016-11-29 10:03:11) Replicate 14 completed with 1.00e+05 of simulation time using 21 work units.
2016-11-29 10:03:11) Replicate 15 completed with 1.00e+05 of simulation time using 21 work units.
2016-11-29 10:03:11) Replicate 12 completed with 1.00e+05 of simulation time using 21 work units.
2016-11-29 10:03:11) Replicate 8 completed with 1.00e+05 of simulation time using 21 work units.
2016-11-29 10:03:11) Replicate supervisor finished 15 replicates in 153.50 seconds.
2016-11-29 10:03:11) Simulation finished.
2016-11-29 10:03:11) Finished 71 work units (ids in range 235 to 305) with 71 parts in the last 32.9 seconds. 649995226 steps in 3.290e+01 seconds (1.976e+07 steps/second).
2016-11-29 10:03:11) Supervisor @0 finished.
2016-11-29 10:03:11) Wrote 43 messages (2752 bytes) in the last 32.9 seconds (0.000243 seconds writing). 0 messages (0 bytes) queued. Flushing.
2016-11-29 10:03:11) OutputWriter wrote 165 messages and 10485 bytes total.
2016-11-29 10:03:11) OutputWriter::HelperThread @3 finished.
2016-11-29 10:03:11) OutputWriter @3 flushing and closing.
2016-11-29 10:03:11) OutputWriter @3 finished.
2016-11-29 10:03:11) Work unit runner @4 finished.
2016-11-29 10:03:11) Resource controller @1 finished.
2016-11-29 10:03:11) Finalizing communications library.
2016-11-29 10:03:11) Program execution finished.
