Lattice Microbe ES v2016.12 build 2016-12-29-09-53-31 in 64-bit mode with options AVX SBML SNAPPY.
Copyright (C) 2012-2017 Roberts Group, Johns Hopkins University.
Copyright (C) 2008-2012 Luthey-Schulten Group, University of Illinois at Urbana-Champaign.

2016-11-29 10:05:49) Initializing communications library.
2016-11-29 10:05:49) Using local communicator on host barkeri.bph.jhu.edu.
2016-11-29 10:05:49) Resource controller @1 started.
2016-11-29 10:05:49) Supervisor @0 started.
2016-11-29 10:05:49) Resource controller @1 on barkeri.bph.jhu.edu registered with 8 cpu core(s) and 0 gpu device(s).
2016-11-29 10:05:49) Registered resources for host barkeri.bph.jhu.edu (defaults=1): 2 cpu cores, 0 gpu devices
2016-11-29 10:05:49) All resources registered with supervisor, starting workers.
2016-11-29 10:05:49) Reserved core 0 on @1 for the output writer.
2016-11-29 10:05:49) Creating slot 0 on @1 using resources: barkeri.bph.jhu.edu; @1; cpu core list:1; gpu device list:<none>.
2016-11-29 10:05:49) OutputWriter @3 started.
2016-11-29 10:05:49) OutputWriter::HelperThread @3 started.
2016-11-29 10:05:49) Output writer started: @3.
2016-11-29 10:05:49) Work Unit runner @4 started with 1 cpu cores (affinity=0) and 0 gpus.
2016-11-29 10:05:49) Work unit runner started: @4.
2016-11-29 10:05:49) All supervisor workers have started, beginning simulation.
2016-11-29 10:05:49) Replicate supervisor starting simulation.
2016-11-29 10:05:49) Simulation started.
2016-11-29 10:06:49) Wrote 64 messages (4032 bytes) in the last 60.1 seconds (0.000491 seconds writing). 0 messages (0 bytes) queued. Flushing.
2016-11-29 10:06:49) Finished 116 work units (ids in range 0 to 115) with 116 parts in the last 60.1 seconds. 1160000000 steps in 6.006e+01 seconds (1.931e+07 steps/second).
2016-11-29 10:07:49) Finished 115 work units (ids in range 116 to 230) with 115 parts in the last 60.1 seconds. 1150000000 steps in 6.009e+01 seconds (1.914e+07 steps/second).
2016-11-29 10:07:49) Wrote 57 messages (3637 bytes) in the last 60.6 seconds (0.000412 seconds writing). 0 messages (0 bytes) queued. Flushing.
2016-11-29 10:08:18) Replicate 13 completed with 1.00e+05 of simulation time using 20 work units.
2016-11-29 10:08:19) Replicate 14 completed with 1.00e+05 of simulation time using 20 work units.
2016-11-29 10:08:19) Replicate 7 completed with 1.00e+05 of simulation time using 20 work units.
2016-11-29 10:08:20) Replicate 2 completed with 1.00e+05 of simulation time using 20 work units.
2016-11-29 10:08:20) Replicate 6 completed with 1.00e+05 of simulation time using 20 work units.
2016-11-29 10:08:21) Replicate 5 completed with 1.00e+05 of simulation time using 20 work units.
2016-11-29 10:08:22) Replicate 10 completed with 1.00e+05 of simulation time using 20 work units.
2016-11-29 10:08:22) Replicate 11 completed with 1.00e+05 of simulation time using 20 work units.
2016-11-29 10:08:23) Replicate 3 completed with 1.00e+05 of simulation time using 20 work units.
2016-11-29 10:08:23) Replicate 15 completed with 1.00e+05 of simulation time using 20 work units.
2016-11-29 10:08:24) Replicate 1 completed with 1.00e+05 of simulation time using 20 work units.
2016-11-29 10:08:24) Replicate 12 completed with 1.00e+05 of simulation time using 20 work units.
2016-11-29 10:08:25) Replicate 9 completed with 1.00e+05 of simulation time using 20 work units.
2016-11-29 10:08:25) Replicate 8 completed with 1.00e+05 of simulation time using 21 work units.
2016-11-29 10:08:25) Replicate 4 completed with 1.00e+05 of simulation time using 21 work units.
2016-11-29 10:08:25) Replicate supervisor finished 15 replicates in 156.06 seconds.
2016-11-29 10:08:25) Simulation finished.
2016-11-29 10:08:25) Finished 71 work units (ids in range 231 to 301) with 71 parts in the last 35.9 seconds. 689846381 steps in 3.588e+01 seconds (1.923e+07 steps/second).
2016-11-29 10:08:25) 2016-11-29 10:08:25) Wrote 44 messages (2816 bytes) in the last 35.4 seconds (0.000278 seconds writing). 0 messages (0 bytes) queued. Flushing.Supervisor @0 finished.

2016-11-29 10:08:25) OutputWriter wrote 165 messages and 10485 bytes total.
2016-11-29 10:08:25) OutputWriter::HelperThread @3 finished.
2016-11-29 10:08:25) OutputWriter @3 flushing and closing.
2016-11-29 10:08:25) OutputWriter @3 finished.
2016-11-29 10:08:25) Work unit runner @4 finished.
2016-11-29 10:08:25) Resource controller @1 finished.
2016-11-29 10:08:25) Finalizing communications library.
2016-11-29 10:08:25) Program execution finished.
