Lattice Microbe ES v2016.12 build 2016-12-29-09-53-31 in 64-bit mode with options AVX SBML SNAPPY.
Copyright (C) 2012-2017 Roberts Group, Johns Hopkins University.
Copyright (C) 2008-2012 Luthey-Schulten Group, University of Illinois at Urbana-Champaign.

2016-11-29 09:58:02) Initializing communications library.
2016-11-29 09:58:02) Using local communicator on host barkeri.bph.jhu.edu.
2016-11-29 09:58:02) Resource controller @1 started.
2016-11-29 09:58:02) Supervisor @0 started.
2016-11-29 09:58:02) Resource controller @1 on barkeri.bph.jhu.edu registered with 8 cpu core(s) and 0 gpu device(s).
2016-11-29 09:58:02) Registered resources for host barkeri.bph.jhu.edu (defaults=1): 2 cpu cores, 0 gpu devices
2016-11-29 09:58:02) All resources registered with supervisor, starting workers.
2016-11-29 09:58:02) Reserved core 0 on @1 for the output writer.
2016-11-29 09:58:02) OutputWriter @3 started.2016-11-29 09:58:02) 
Creating slot 0 on @1 using resources: barkeri.bph.jhu.edu; @1; cpu core list:1; gpu device list:<none>.
2016-11-29 09:58:02) OutputWriter::HelperThread @3 started.
2016-11-29 09:58:02) Output writer started: @3.
2016-11-29 09:58:02) Work Unit runner @4 started with 1 cpu cores (affinity=0) and 0 gpus.
2016-11-29 09:58:02) Work unit runner started: @4.
2016-11-29 09:58:02) All supervisor workers have started, beginning simulation.
2016-11-29 09:58:02) Replicate supervisor starting simulation.
2016-11-29 09:58:02) Simulation started.
2016-11-29 09:59:02) Wrote 65 messages (4095 bytes) in the last 60.1 seconds (0.000470 seconds writing). 0 messages (0 bytes) queued. Flushing.
2016-11-29 09:59:02) Finished 116 work units (ids in range 0 to 115) with 116 parts in the last 60.1 seconds. 1160000000 steps in 6.005e+01 seconds (1.932e+07 steps/second).
2016-11-29 10:00:03) Wrote 55 messages (3510 bytes) in the last 60.3 seconds (0.000342 seconds writing). 0 messages (0 bytes) queued. Flushing.
2016-11-29 10:00:03) Finished 116 work units (ids in range 116 to 231) with 116 parts in the last 60.3 seconds. 1160000000 steps in 6.026e+01 seconds (1.925e+07 steps/second).
2016-11-29 10:00:34) Replicate 2 completed with 1.00e+05 of simulation time using 20 work units.
2016-11-29 10:00:35) Replicate 9 completed with 1.00e+05 of simulation time using 20 work units.
2016-11-29 10:00:35) Replicate 5 completed with 1.00e+05 of simulation time using 20 work units.
2016-11-29 10:00:36) Replicate 14 completed with 1.00e+05 of simulation time using 20 work units.
2016-11-29 10:00:36) Replicate 13 completed with 1.00e+05 of simulation time using 20 work units.
2016-11-29 10:00:37) Replicate 11 completed with 1.00e+05 of simulation time using 20 work units.
2016-11-29 10:00:37) Replicate 6 completed with 1.00e+05 of simulation time using 20 work units.
2016-11-29 10:00:38) Replicate 4 completed with 1.00e+05 of simulation time using 20 work units.
2016-11-29 10:00:38) Replicate 8 completed with 1.00e+05 of simulation time using 21 work units.
2016-11-29 10:00:38) Replicate 15 completed with 1.00e+05 of simulation time using 21 work units.
2016-11-29 10:00:38) Replicate 1 completed with 1.00e+05 of simulation time using 21 work units.
2016-11-29 10:00:38) Replicate 10 completed with 1.00e+05 of simulation time using 21 work units.
2016-11-29 10:00:38) Replicate 7 completed with 1.00e+05 of simulation time using 21 work units.
2016-11-29 10:00:38) Replicate 12 completed with 1.00e+05 of simulation time using 21 work units.
2016-11-29 10:00:38) Replicate 3 completed with 1.00e+05 of simulation time using 21 work units.
2016-11-29 10:00:38) Replicate supervisor finished 15 replicates in 155.33 seconds.
2016-11-29 10:00:38) Simulation finished.
2016-11-29 10:00:38) Finished 75 work units (ids in range 232 to 306) with 75 parts in the last 35.0 seconds. 680004870 steps in 3.499e+01 seconds (1.943e+07 steps/second).
2016-11-29 10:00:38) Supervisor @0 finished.
2016-11-29 10:00:38) Wrote 45 messages (2880 bytes) in the last 35.0 seconds (0.000267 seconds writing). 0 messages (0 bytes) queued. Flushing.
2016-11-29 10:00:38) OutputWriter wrote 165 messages and 10485 bytes total.
2016-11-29 10:00:38) OutputWriter::HelperThread @3 finished.
2016-11-29 10:00:38) OutputWriter @3 flushing and closing.
2016-11-29 10:00:38) OutputWriter @3 finished.
2016-11-29 10:00:38) Work unit runner @4 finished.
2016-11-29 10:00:38) Resource controller @1 finished.
2016-11-29 10:00:38) Finalizing communications library.
2016-11-29 10:00:38) Program execution finished.
