Lattice Microbe ES v2016.12 build 2016-12-29-09-53-31 in 64-bit mode with options AVX SBML SNAPPY.
Copyright (C) 2012-2017 Roberts Group, Johns Hopkins University.
Copyright (C) 2008-2012 Luthey-Schulten Group, University of Illinois at Urbana-Champaign.

2016-11-29 10:21:25) Initializing communications library.
2016-11-29 10:21:25) Using local communicator on host barkeri.bph.jhu.edu.
2016-11-29 10:21:25) Resource controller @1 started.
2016-11-29 10:21:25) Supervisor @0 started.
2016-11-29 10:21:25) Resource controller @1 on barkeri.bph.jhu.edu registered with 8 cpu core(s) and 0 gpu device(s).
2016-11-29 10:21:25) Registered resources for host barkeri.bph.jhu.edu (defaults=1): 2 cpu cores, 0 gpu devices
2016-11-29 10:21:25) All resources registered with supervisor, starting workers.
2016-11-29 10:21:25) Reserved core 0 on @1 for the output writer.
2016-11-29 10:21:25) Creating slot 0 on @1 using resources: barkeri.bph.jhu.edu; @1; cpu core list:1; gpu device list:<none>.
2016-11-29 10:21:25) OutputWriter @3 started.
2016-11-29 10:21:25) OutputWriter::HelperThread @3 started.
2016-11-29 10:21:25) Work Unit runner @4 started with 1 cpu cores (affinity=0) and 0 gpus.
2016-11-29 10:21:25) Output writer started: @3.
2016-11-29 10:21:25) Work unit runner started: @4.
2016-11-29 10:21:25) All supervisor workers have started, beginning simulation.
2016-11-29 10:21:25) Replicate supervisor starting simulation.
2016-11-29 10:21:25) Simulation started.
2016-11-29 10:22:26) Finished 117 work units (ids in range 0 to 116) with 117 parts in the last 60.5 seconds. 1170000000 steps in 6.049e+01 seconds (1.934e+07 steps/second).
2016-11-29 10:22:26) Wrote 62 messages (3906 bytes) in the last 61.0 seconds (0.000507 seconds writing). 0 messages (0 bytes) queued. Flushing.
2016-11-29 10:23:26) Finished 117 work units (ids in range 117 to 233) with 117 parts in the last 60.1 seconds. 1170000000 steps in 6.007e+01 seconds (1.948e+07 steps/second).
2016-11-29 10:23:26) Wrote 59 messages (3765 bytes) in the last 60.1 seconds (0.000388 seconds writing). 0 messages (0 bytes) queued. Flushing.
2016-11-29 10:23:56) Replicate 14 completed with 1.00e+05 of simulation time using 20 work units.
2016-11-29 10:23:57) Replicate 8 completed with 1.00e+05 of simulation time using 20 work units.
2016-11-29 10:23:58) Replicate 3 completed with 1.00e+05 of simulation time using 20 work units.
2016-11-29 10:23:58) Replicate 2 completed with 1.00e+05 of simulation time using 20 work units.
2016-11-29 10:23:59) Replicate 13 completed with 1.00e+05 of simulation time using 20 work units.
2016-11-29 10:23:59) Replicate 11 completed with 1.00e+05 of simulation time using 20 work units.
2016-11-29 10:24:00) Replicate 1 completed with 1.00e+05 of simulation time using 20 work units.
2016-11-29 10:24:00) Replicate 5 completed with 1.00e+05 of simulation time using 21 work units.
2016-11-29 10:24:00) Replicate 10 completed with 1.00e+05 of simulation time using 21 work units.
2016-11-29 10:24:00) Replicate 6 completed with 1.00e+05 of simulation time using 21 work units.
2016-11-29 10:24:00) Replicate 4 completed with 1.00e+05 of simulation time using 21 work units.
2016-11-29 10:24:00) Replicate 9 completed with 1.00e+05 of simulation time using 21 work units.
2016-11-29 10:24:00) Replicate 7 completed with 1.00e+05 of simulation time using 21 work units.
2016-11-29 10:24:00) Replicate 15 completed with 1.00e+05 of simulation time using 21 work units.
2016-11-29 10:24:00) Replicate 12 completed with 1.00e+05 of simulation time using 21 work units.
2016-11-29 10:24:00) Replicate supervisor finished 15 replicates in 154.74 seconds.
2016-11-29 10:24:00) Simulation finished.
2016-11-29 10:24:00) Finished 74 work units (ids in range 234 to 307) with 74 parts in the last 34.2 seconds. 659984670 steps in 3.416e+01 seconds (1.932e+07 steps/second).
2016-11-29 10:24:00) Supervisor @0 finished.2016-11-29 10:24:00) 
Wrote 44 messages (2816 bytes) in the last 33.6 seconds (0.000311 seconds writing). 0 messages (0 bytes) queued. Flushing.
2016-11-29 10:24:00) OutputWriter wrote 165 messages and 10487 bytes total.
2016-11-29 10:24:00) OutputWriter::HelperThread @3 finished.
2016-11-29 10:24:00) OutputWriter @3 flushing and closing.
2016-11-29 10:24:00) OutputWriter @3 finished.
2016-11-29 10:24:00) Work unit runner @4 finished.
2016-11-29 10:24:00) Resource controller @1 finished.
2016-11-29 10:24:00) Finalizing communications library.
2016-11-29 10:24:00) Program execution finished.
