Lattice Microbe ES v2016.12 build 2016-12-29-09-53-31 in 64-bit mode with options AVX SBML SNAPPY.
Copyright (C) 2012-2017 Roberts Group, Johns Hopkins University.
Copyright (C) 2008-2012 Luthey-Schulten Group, University of Illinois at Urbana-Champaign.

2016-11-29 10:13:34) Initializing communications library.
2016-11-29 10:13:34) Using local communicator on host barkeri.bph.jhu.edu.
2016-11-29 10:13:34) Resource controller @1 started.
2016-11-29 10:13:34) Supervisor @0 started.
2016-11-29 10:13:34) Resource controller @1 on barkeri.bph.jhu.edu registered with 8 cpu core(s) and 0 gpu device(s).
2016-11-29 10:13:34) Registered resources for host barkeri.bph.jhu.edu (defaults=1): 2 cpu cores, 0 gpu devices
2016-11-29 10:13:34) All resources registered with supervisor, starting workers.
2016-11-29 10:13:34) Reserved core 0 on @1 for the output writer.
2016-11-29 10:13:34) Creating slot 0 on @1 using resources: barkeri.bph.jhu.edu; @1; cpu core list:1; gpu device list:<none>.
2016-11-29 10:13:34) OutputWriter @3 started.
2016-11-29 10:13:34) OutputWriter::HelperThread @3 started.
2016-11-29 10:13:34) Output writer started: @3.
2016-11-29 10:13:34) Work Unit runner @4 started with 1 cpu cores (affinity=0) and 0 gpus.
2016-11-29 10:13:34) Work unit runner started: @4.
2016-11-29 10:13:34) All supervisor workers have started, beginning simulation.
2016-11-29 10:13:34) Replicate supervisor starting simulation.
2016-11-29 10:13:34) Simulation started.
2016-11-29 10:14:35) Finished 113 work units (ids in range 0 to 112) with 113 parts in the last 60.5 seconds. 1130000000 steps in 6.051e+01 seconds (1.867e+07 steps/second).2016-11-29 10:14:35) 
Wrote 60 messages (3780 bytes) in the last 60.5 seconds (0.000441 seconds writing). 0 messages (0 bytes) queued. Flushing.
2016-11-29 10:15:35) Finished 113 work units (ids in range 113 to 225) with 113 parts in the last 60.3 seconds. 1130000000 steps in 6.025e+01 seconds (1.876e+07 steps/second).
2016-11-29 10:15:40) Wrote 60 messages (3827 bytes) in the last 64.6 seconds (0.000362 seconds writing). 0 messages (0 bytes) queued. Flushing.
2016-11-29 10:16:12) Replicate 8 completed with 1.00e+05 of simulation time using 20 work units.
2016-11-29 10:16:13) Replicate 14 completed with 1.00e+05 of simulation time using 20 work units.
2016-11-29 10:16:13) Replicate 5 completed with 1.00e+05 of simulation time using 20 work units.
2016-11-29 10:16:14) Replicate 10 completed with 1.00e+05 of simulation time using 20 work units.
2016-11-29 10:16:14) Replicate 6 completed with 1.00e+05 of simulation time using 20 work units.
2016-11-29 10:16:15) Replicate 13 completed with 1.00e+05 of simulation time using 20 work units.
2016-11-29 10:16:15) Replicate 12 completed with 1.00e+05 of simulation time using 21 work units.
2016-11-29 10:16:15) Replicate 11 completed with 1.00e+05 of simulation time using 21 work units.
2016-11-29 10:16:15) Replicate 1 completed with 1.00e+05 of simulation time using 21 work units.
2016-11-29 10:16:15) Replicate 2 completed with 1.00e+05 of simulation time using 21 work units.
2016-11-29 10:16:15) Replicate 15 completed with 1.00e+05 of simulation time using 21 work units.
2016-11-29 10:16:15) Replicate 3 completed with 1.00e+05 of simulation time using 21 work units.
2016-11-29 10:16:15) Replicate 4 completed with 1.00e+05 of simulation time using 21 work units.
2016-11-29 10:16:15) Replicate 7 completed with 1.00e+05 of simulation time using 21 work units.
2016-11-29 10:16:15) Replicate 9 completed with 1.00e+05 of simulation time using 21 work units.
2016-11-29 10:16:15) Replicate supervisor finished 15 replicates in 160.21 seconds.
2016-11-29 10:16:15) Simulation finished.
2016-11-29 10:16:15) Finished 83 work units (ids in range 226 to 308) with 83 parts in the last 39.4 seconds. 740071363 steps in 3.942e+01 seconds (1.877e+07 steps/second).
2016-11-29 10:16:15) Supervisor @0 finished.
2016-11-29 10:16:15) Wrote 45 messages (2880 bytes) in the last 35.1 seconds (0.000263 seconds writing). 0 messages (0 bytes) queued. Flushing.
2016-11-29 10:16:15) OutputWriter wrote 165 messages and 10487 bytes total.
2016-11-29 10:16:15) OutputWriter::HelperThread @3 finished.
2016-11-29 10:16:15) OutputWriter @3 flushing and closing.
2016-11-29 10:16:15) OutputWriter @3 finished.
2016-11-29 10:16:15) Work unit runner @4 finished.
2016-11-29 10:16:15) Resource controller @1 finished.
2016-11-29 10:16:15) Finalizing communications library.
2016-11-29 10:16:15) Program execution finished.
