Lattice Microbe ES v2016.12 build 2016-12-29-09-53-31 in 64-bit mode with options AVX SBML SNAPPY.
Copyright (C) 2012-2017 Roberts Group, Johns Hopkins University.
Copyright (C) 2008-2012 Luthey-Schulten Group, University of Illinois at Urbana-Champaign.

2016-11-29 10:11:02) Initializing communications library.
2016-11-29 10:11:02) Using local communicator on host barkeri.bph.jhu.edu.
2016-11-29 10:11:02) Resource controller @1 started.
2016-11-29 10:11:02) Supervisor @0 started.
2016-11-29 10:11:02) Resource controller @1 on barkeri.bph.jhu.edu registered with 8 cpu core(s) and 0 gpu device(s).
2016-11-29 10:11:02) Registered resources for host barkeri.bph.jhu.edu (defaults=1): 2 cpu cores, 0 gpu devices
2016-11-29 10:11:02) All resources registered with supervisor, starting workers.
2016-11-29 10:11:02) Reserved core 0 on @1 for the output writer.
2016-11-29 10:11:02) Creating slot 0 on @1 using resources: barkeri.bph.jhu.edu; @1; cpu core list:1; gpu device list:<none>.
2016-11-29 10:11:02) OutputWriter @3 started.
2016-11-29 10:11:02) 2016-11-29 10:11:02) 2016-11-29 10:11:02) Work Unit runner @4 started with 1 cpu cores (affinity=0) and 0 gpus.OutputWriter::HelperThread @3 started.Output writer started: @3.


2016-11-29 10:11:02) Work unit runner started: @4.
2016-11-29 10:11:02) All supervisor workers have started, beginning simulation.
2016-11-29 10:11:02) Replicate supervisor starting simulation.
2016-11-29 10:11:02) Simulation started.
2016-11-29 10:12:02) Wrote 64 messages (4032 bytes) in the last 60.1 seconds (0.000436 seconds writing). 0 messages (0 bytes) queued. Flushing.2016-11-29 10:12:02) 
Finished 118 work units (ids in range 0 to 117) with 118 parts in the last 60.1 seconds. 1180000000 steps in 6.008e+01 seconds (1.964e+07 steps/second).
2016-11-29 10:13:02) 2016-11-29 10:13:02) Finished 118 work units (ids in range 118 to 235) with 118 parts in the last 60.4 seconds. 1180000000 steps in 6.035e+01 seconds (1.955e+07 steps/second).Wrote 59 messages (3765 bytes) in the last 60.4 seconds (0.000362 seconds writing). 0 messages (0 bytes) queued. Flushing.

2016-11-29 10:13:31) Replicate 12 completed with 1.00e+05 of simulation time using 20 work units.
2016-11-29 10:13:32) Replicate 8 completed with 1.00e+05 of simulation time using 20 work units.
2016-11-29 10:13:32) Replicate 2 completed with 1.00e+05 of simulation time using 20 work units.
2016-11-29 10:13:33) Replicate 5 completed with 1.00e+05 of simulation time using 20 work units.
2016-11-29 10:13:33) Replicate 13 completed with 1.00e+05 of simulation time using 20 work units.
2016-11-29 10:13:34) Replicate 4 completed with 1.00e+05 of simulation time using 20 work units.
2016-11-29 10:13:34) Replicate 10 completed with 1.00e+05 of simulation time using 20 work units.
2016-11-29 10:13:34) Replicate 11 completed with 1.00e+05 of simulation time using 21 work units.
2016-11-29 10:13:34) Replicate 1 completed with 1.00e+05 of simulation time using 21 work units.
2016-11-29 10:13:34) Replicate 14 completed with 1.00e+05 of simulation time using 21 work units.
2016-11-29 10:13:34) Replicate 6 completed with 1.00e+05 of simulation time using 21 work units.
2016-11-29 10:13:34) Replicate 7 completed with 1.00e+05 of simulation time using 21 work units.
2016-11-29 10:13:34) Replicate 9 completed with 1.00e+05 of simulation time using 21 work units.
2016-11-29 10:13:34) Replicate 3 completed with 1.00e+05 of simulation time using 21 work units.
2016-11-29 10:13:34) Replicate 15 completed with 1.00e+05 of simulation time using 21 work units.
2016-11-29 10:13:34) Replicate supervisor finished 15 replicates in 152.95 seconds.
2016-11-29 10:13:34) Simulation finished.
2016-11-29 10:13:34) Finished 72 work units (ids in range 236 to 307) with 72 parts in the last 32.5 seconds. 640043727 steps in 3.248e+01 seconds (1.970e+07 steps/second).
2016-11-29 10:13:34) Supervisor @0 finished.
2016-11-29 10:13:34) Wrote 42 messages (2688 bytes) in the last 32.5 seconds (0.000260 seconds writing). 0 messages (0 bytes) queued. Flushing.
2016-11-29 10:13:34) OutputWriter wrote 165 messages and 10485 bytes total.
2016-11-29 10:13:34) OutputWriter::HelperThread @3 finished.
2016-11-29 10:13:34) OutputWriter @3 flushing and closing.
2016-11-29 10:13:34) OutputWriter @3 finished.
2016-11-29 10:13:34) Work unit runner @4 finished.
2016-11-29 10:13:34) Resource controller @1 finished.
2016-11-29 10:13:34) Finalizing communications library.
2016-11-29 10:13:34) Program execution finished.
