Lattice Microbe ES v2016.12 build 2016-12-29-09-53-31 in 64-bit mode with options AVX SBML SNAPPY.
Copyright (C) 2012-2017 Roberts Group, Johns Hopkins University.
Copyright (C) 2008-2012 Luthey-Schulten Group, University of Illinois at Urbana-Champaign.

2016-11-29 10:24:00) Initializing communications library.
2016-11-29 10:24:00) Using local communicator on host barkeri.bph.jhu.edu.
2016-11-29 10:24:00) Resource controller @1 started.
2016-11-29 10:24:00) Supervisor @0 started.
2016-11-29 10:24:00) Resource controller @1 on barkeri.bph.jhu.edu registered with 8 cpu core(s) and 0 gpu device(s).
2016-11-29 10:24:00) Registered resources for host barkeri.bph.jhu.edu (defaults=1): 2 cpu cores, 0 gpu devices
2016-11-29 10:24:00) All resources registered with supervisor, starting workers.
2016-11-29 10:24:00) Reserved core 0 on @1 for the output writer.
2016-11-29 10:24:00) Creating slot 0 on @1 using resources: barkeri.bph.jhu.edu; @1; cpu core list:1; gpu device list:<none>.
2016-11-29 10:24:00) OutputWriter @3 started.
2016-11-29 10:24:00) OutputWriter::HelperThread @3 started.
2016-11-29 10:24:00) Output writer started: @3.
2016-11-29 10:24:00) Work Unit runner @4 started with 1 cpu cores (affinity=0) and 0 gpus.
2016-11-29 10:24:00) Work unit runner started: @4.
2016-11-29 10:24:00) All supervisor workers have started, beginning simulation.
2016-11-29 10:24:00) Replicate supervisor starting simulation.
2016-11-29 10:24:00) Simulation started.
2016-11-29 10:25:00) 2016-11-29 10:25:00) Wrote 62 messages (3906 bytes) in the last 60.3 seconds (0.000453 seconds writing). 0 messages (0 bytes) queued. Flushing.Finished 116 work units (ids in range 0 to 115) with 116 parts in the last 60.3 seconds. 1160000000 steps in 6.030e+01 seconds (1.924e+07 steps/second).

2016-11-29 10:26:00) Finished 116 work units (ids in range 116 to 231) with 116 parts in the last 60.2 seconds. 1160000000 steps in 6.018e+01 seconds (1.927e+07 steps/second).
2016-11-29 10:26:01) Wrote 58 messages (3699 bytes) in the last 60.7 seconds (0.000386 seconds writing). 0 messages (0 bytes) queued. Flushing.
2016-11-29 10:26:32) Replicate 15 completed with 1.00e+05 of simulation time using 20 work units.
2016-11-29 10:26:33) Replicate 5 completed with 1.00e+05 of simulation time using 20 work units.
2016-11-29 10:26:33) Replicate 10 completed with 1.00e+05 of simulation time using 20 work units.
2016-11-29 10:26:34) Replicate 13 completed with 1.00e+05 of simulation time using 20 work units.
2016-11-29 10:26:34) Replicate 9 completed with 1.00e+05 of simulation time using 20 work units.
2016-11-29 10:26:35) Replicate 1 completed with 1.00e+05 of simulation time using 20 work units.
2016-11-29 10:26:35) Replicate 4 completed with 1.00e+05 of simulation time using 20 work units.
2016-11-29 10:26:35) Replicate 11 completed with 1.00e+05 of simulation time using 21 work units.
2016-11-29 10:26:35) Replicate 8 completed with 1.00e+05 of simulation time using 21 work units.
2016-11-29 10:26:35) Replicate 3 completed with 1.00e+05 of simulation time using 21 work units.
2016-11-29 10:26:35) Replicate 12 completed with 1.00e+05 of simulation time using 21 work units.
2016-11-29 10:26:35) Replicate 7 completed with 1.00e+05 of simulation time using 21 work units.
2016-11-29 10:26:35) Replicate 6 completed with 1.00e+05 of simulation time using 21 work units.
2016-11-29 10:26:35) Replicate 2 completed with 1.00e+05 of simulation time using 21 work units.
2016-11-29 10:26:35) Replicate 14 completed with 1.00e+05 of simulation time using 21 work units.
2016-11-29 10:26:35) Replicate supervisor finished 15 replicates in 155.38 seconds.
2016-11-29 10:26:35) Simulation finished.
2016-11-29 10:26:35) Finished 76 work units (ids in range 232 to 307) with 76 parts in the last 34.9 seconds. 680008298 steps in 3.487e+01 seconds (1.950e+07 steps/second).
2016-11-29 10:26:35) Supervisor @0 finished.
2016-11-29 10:26:35) Wrote 45 messages (2880 bytes) in the last 34.4 seconds (0.000251 seconds writing). 0 messages (0 bytes) queued. Flushing.
2016-11-29 10:26:35) OutputWriter wrote 165 messages and 10485 bytes total.
2016-11-29 10:26:35) OutputWriter::HelperThread @3 finished.
2016-11-29 10:26:35) OutputWriter @3 flushing and closing.
2016-11-29 10:26:35) OutputWriter @3 finished.
2016-11-29 10:26:35) Work unit runner @4 finished.
2016-11-29 10:26:35) Resource controller @1 finished.
2016-11-29 10:26:35) Finalizing communications library.
2016-11-29 10:26:35) Program execution finished.
