Lattice Microbe ES v2016.01.20 build 1 in 64-bit mode with options MPI AVX.
Copyright (C) 2008-2012 Luthey-Schulten Group, University of Illinois at Urbana-Champaign.
Copyright (C) 2012-2016 Roberts Group, Johns Hopkins University.

MPI version 3.0 with thread support MPI_THREAD_MULTIPLE.
Running with 1 process(es).

2016-01-09 17:02:49) Resource controller 0:1 started.
2016-01-09 17:02:49) Supervisor 0:2 started.
2016-01-09 17:02:49) Resource controller 0:1 on barkeri.bph.jhu.edu registered with 8 cpu core(s) and 0 gpu device(s).
2016-01-09 17:02:49) Registered resources for host barkeri.bph.jhu.edu (defaults=1): 2 cpu cores, 0 gpu devices
2016-01-09 17:02:49) All resources registered with supervisor, starting workers.
2016-01-09 17:02:49) Reserved core 0 on 0:1 for the output writer.
2016-01-09 17:02:49) Creating slot 0 on process (0:1) using resources: barkeri.bph.jhu.edu; cpu core list:1; gpu device list:<none>.
2016-01-09 17:02:49) OutputWriter 0:3 started.
2016-01-09 17:02:49) 2016-01-09 17:02:49) Work Unit runner 0:5 started with 1 cpu cores (affinity=0) and 0 gpus.OutputWriter::HelperThread 0:4 started.2016-01-09 17:02:49) 

Output writer started: 0:3.
2016-01-09 17:02:49) Work unit runner started: 0:5.
2016-01-09 17:02:49) All supervisor workers have started, beginning simulation.
2016-01-09 17:02:49) Replicate supervisor starting simulation.
2016-01-09 17:02:49) Simulation started.
2016-01-09 17:03:50) Finished 41 work units (ids in range 0 to 40) with 164 parts in the last 60.5 seconds. 1640000000 steps in 6.039e+01 seconds (2.716e+07 steps/second).
2016-01-09 17:03:54) Wrote 40 messages (10849 bytes) in the last 65.0 seconds (0.000455 seconds writing). 0 messages (0 bytes) queued. Flushing.
2016-01-09 17:03:54) Replicate 14 completed with 1.00e+05 of simulation time using 12 work units.
2016-01-09 17:03:54) Replicate 7 completed with 1.00e+05 of simulation time using 12 work units.
2016-01-09 17:03:54) Replicate 1 completed with 1.00e+05 of simulation time using 12 work units.
2016-01-09 17:03:54) Replicate 10 completed with 1.00e+05 of simulation time using 12 work units.
2016-01-09 17:03:54) Replicate 8 completed with 1.00e+05 of simulation time using 13 work units.
2016-01-09 17:03:54) Replicate 11 completed with 1.00e+05 of simulation time using 13 work units.
2016-01-09 17:03:54) Replicate 5 completed with 1.00e+05 of simulation time using 13 work units.
2016-01-09 17:03:54) Replicate 4 completed with 1.00e+05 of simulation time using 13 work units.
2016-01-09 17:03:54) Replicate 9 completed with 1.00e+05 of simulation time using 13 work units.
2016-01-09 17:03:54) Replicate 3 completed with 1.00e+05 of simulation time using 14 work units.
2016-01-09 17:03:54) Replicate 15 completed with 1.00e+05 of simulation time using 15 work units.
2016-01-09 17:03:54) Replicate 12 completed with 1.00e+05 of simulation time using 14 work units.
2016-01-09 17:03:54) Replicate 6 completed with 1.00e+05 of simulation time using 15 work units.
2016-01-09 17:03:54) GillespieDSolverAVX started without a full set of trajectories, running trajectory 2 with the GillespieDSolver.
2016-01-09 17:03:54) GillespieDSolverAVX started without a full set of trajectories, running trajectory 16 with the GillespieDSolver.
2016-01-09 17:03:54) GillespieDSolverAVX started without a full set of trajectories, running trajectory 13 with the GillespieDSolver.
2016-01-09 17:03:54) Replicate 2 completed with 1.00e+05 of simulation time using 22 work units.
2016-01-09 17:03:54) Replicate 16 completed with 1.00e+05 of simulation time using 22 work units.
2016-01-09 17:03:54) Replicate 13 completed with 1.00e+05 of simulation time using 16 work units.
2016-01-09 17:03:54) Replicate supervisor finished 16 replicates in 65.06 seconds.
2016-01-09 17:03:54) Simulation finished.
2016-01-09 17:03:54) Finished 17 work units (ids in range 41 to 57) with 67 parts in the last 4.5 seconds. 120683943 steps in 4.470e+00 seconds (2.700e+07 steps/second).
2016-01-09 17:03:54) Supervisor 0:2 finished.
2016-01-09 17:03:54) Wrote 16 messages (1319 bytes) in the last 0.1 seconds (0.000099 seconds writing). 0 messages (0 bytes) queued. Flushing.
2016-01-09 17:03:54) OutputWriter::HelperThread 0:4 finished.
2016-01-09 17:03:54) OutputWriter 0:3 finished.
2016-01-09 17:03:54) Work unit runner 0:5 finished.
2016-01-09 17:03:54) Resource controller 0:1 finished.
2016-01-09 17:03:54) Closing MPI library.
2016-01-09 17:03:54) Program execution finished.
