Lattice Microbe ES v2016.01.20 build 1 in 64-bit mode with options MPI AVX.
Copyright (C) 2008-2012 Luthey-Schulten Group, University of Illinois at Urbana-Champaign.
Copyright (C) 2012-2016 Roberts Group, Johns Hopkins University.

MPI version 3.0 with thread support MPI_THREAD_MULTIPLE.
Running with 1 process(es).

2016-01-09 17:05:00) Resource controller 0:1 started.
2016-01-09 17:05:00) Supervisor 0:2 started.
2016-01-09 17:05:00) Resource controller 0:1 on barkeri.bph.jhu.edu registered with 8 cpu core(s) and 0 gpu device(s).
2016-01-09 17:05:00) Registered resources for host barkeri.bph.jhu.edu (defaults=1): 2 cpu cores, 0 gpu devices
2016-01-09 17:05:00) All resources registered with supervisor, starting workers.
2016-01-09 17:05:00) Reserved core 0 on 0:1 for the output writer.
2016-01-09 17:05:00) Creating slot 0 on process (0:1) using resources: barkeri.bph.jhu.edu; cpu core list:1; gpu device list:<none>.
2016-01-09 17:05:00) OutputWriter 0:3 started.
2016-01-09 17:05:00) OutputWriter::HelperThread 0:4 started.
2016-01-09 17:05:00) Work Unit runner 0:5 started with 1 cpu cores (affinity=0) and 0 gpus.
2016-01-09 17:05:00) Output writer started: 0:3.
2016-01-09 17:05:00) Work unit runner started: 0:5.
2016-01-09 17:05:00) All supervisor workers have started, beginning simulation.
2016-01-09 17:05:00) Replicate supervisor starting simulation.
2016-01-09 17:05:00) Simulation started.
2016-01-09 17:06:01) Wrote 39 messages (10559 bytes) in the last 60.8 seconds (0.000490 seconds writing). 0 messages (0 bytes) queued. Flushing.
2016-01-09 17:06:01) Finished 40 work units (ids in range 0 to 39) with 160 parts in the last 60.8 seconds. 1600000000 steps in 6.061e+01 seconds (2.640e+07 steps/second).
2016-01-09 17:06:07) Replicate 4 completed with 1.00e+05 of simulation time using 12 work units.
2016-01-09 17:06:07) Replicate 11 completed with 1.00e+05 of simulation time using 12 work units.
2016-01-09 17:06:07) Replicate 12 completed with 1.00e+05 of simulation time using 12 work units.
2016-01-09 17:06:07) Replicate 9 completed with 1.00e+05 of simulation time using 12 work units.
2016-01-09 17:06:07) Replicate 14 completed with 1.00e+05 of simulation time using 13 work units.
2016-01-09 17:06:07) Replicate 5 completed with 1.00e+05 of simulation time using 13 work units.
2016-01-09 17:06:07) Replicate 13 completed with 1.00e+05 of simulation time using 13 work units.
2016-01-09 17:06:07) Replicate 10 completed with 1.00e+05 of simulation time using 16 work units.
2016-01-09 17:06:07) Replicate 8 completed with 1.00e+05 of simulation time using 14 work units.
2016-01-09 17:06:07) Replicate 6 completed with 1.00e+05 of simulation time using 13 work units.
2016-01-09 17:06:07) Replicate 16 completed with 1.00e+05 of simulation time using 14 work units.
2016-01-09 17:06:07) Replicate 3 completed with 1.00e+05 of simulation time using 15 work units.
2016-01-09 17:06:07) Replicate 2 completed with 1.00e+05 of simulation time using 14 work units.
2016-01-09 17:06:07) GillespieDSolverAVX started without a full set of trajectories, running trajectory 7 with the GillespieDSolver.
2016-01-09 17:06:07) GillespieDSolverAVX started without a full set of trajectories, running trajectory 1 with the GillespieDSolver.
2016-01-09 17:06:07) GillespieDSolverAVX started without a full set of trajectories, running trajectory 15 with the GillespieDSolver.
2016-01-09 17:06:07) Replicate 7 completed with 1.00e+05 of simulation time using 22 work units.
2016-01-09 17:06:07) Replicate 1 completed with 1.00e+05 of simulation time using 19 work units.
2016-01-09 17:06:07) Replicate 15 completed with 1.00e+05 of simulation time using 17 work units.
2016-01-09 17:06:07) Replicate supervisor finished 16 replicates in 66.81 seconds.
2016-01-09 17:06:07) Simulation finished.
2016-01-09 17:06:07) Finished 18 work units (ids in range 40 to 57) with 71 parts in the last 6.1 seconds. 160711130 steps in 5.974e+00 seconds (2.690e+07 steps/second).
2016-01-09 17:06:07) Supervisor 0:2 finished.
2016-01-09 17:06:07) Wrote 17 messages (1601 bytes) in the last 6.1 seconds (0.000087 seconds writing). 0 messages (0 bytes) queued. Flushing.
2016-01-09 17:06:07) OutputWriter::HelperThread 0:4 finished.
2016-01-09 17:06:07) OutputWriter 0:3 finished.
2016-01-09 17:06:07) Work unit runner 0:5 finished.
2016-01-09 17:06:07) Resource controller 0:1 finished.
2016-01-09 17:06:07) Closing MPI library.
2016-01-09 17:06:07) Program execution finished.
