Lattice Microbe ES v2016.01.20 build 1 in 64-bit mode with options MPI AVX.
Copyright (C) 2008-2012 Luthey-Schulten Group, University of Illinois at Urbana-Champaign.
Copyright (C) 2012-2016 Roberts Group, Johns Hopkins University.

MPI version 3.0 with thread support MPI_THREAD_MULTIPLE.
Running with 1 process(es).

2016-01-09 16:57:21) Resource controller 0:1 started.
2016-01-09 16:57:21) Supervisor 0:2 started.
2016-01-09 16:57:21) Resource controller 0:1 on barkeri.bph.jhu.edu registered with 8 cpu core(s) and 0 gpu device(s).
2016-01-09 16:57:21) Registered resources for host barkeri.bph.jhu.edu (defaults=1): 2 cpu cores, 0 gpu devices
2016-01-09 16:57:21) All resources registered with supervisor, starting workers.
2016-01-09 16:57:21) Reserved core 0 on 0:1 for the output writer.
2016-01-09 16:57:21) Creating slot 0 on process (0:1) using resources: barkeri.bph.jhu.edu; cpu core list:1; gpu device list:<none>.
2016-01-09 16:57:21) OutputWriter 0:3 started.
2016-01-09 16:57:21) 2016-01-09 16:57:21) OutputWriter::HelperThread 0:4 started.Work Unit runner 0:5 started with 1 cpu cores (affinity=0) and 0 gpus.

2016-01-09 16:57:21) Output writer started: 0:3.
2016-01-09 16:57:21) Work unit runner started: 0:5.
2016-01-09 16:57:21) All supervisor workers have started, beginning simulation.
2016-01-09 16:57:21) Replicate supervisor starting simulation.
2016-01-09 16:57:21) Simulation started.
2016-01-09 16:58:22) Finished 41 work units (ids in range 0 to 40) with 164 parts in the last 60.8 seconds. 1640000000 steps in 6.060e+01 seconds (2.706e+07 steps/second).
2016-01-09 16:58:26) Wrote 40 messages (10867 bytes) in the last 65.2 seconds (0.000524 seconds writing). 0 messages (0 bytes) queued. Flushing.
2016-01-09 16:58:26) Replicate 13 completed with 1.00e+05 of simulation time using 12 work units.
2016-01-09 16:58:26) Replicate 8 completed with 1.00e+05 of simulation time using 12 work units.
2016-01-09 16:58:26) Replicate 15 completed with 1.00e+05 of simulation time using 12 work units.
2016-01-09 16:58:26) Replicate 2 completed with 1.00e+05 of simulation time using 12 work units.
2016-01-09 16:58:26) Replicate 7 completed with 1.00e+05 of simulation time using 13 work units.
2016-01-09 16:58:26) Replicate 11 completed with 1.00e+05 of simulation time using 13 work units.
2016-01-09 16:58:26) Replicate 9 completed with 1.00e+05 of simulation time using 14 work units.
2016-01-09 16:58:26) Replicate 4 completed with 1.00e+05 of simulation time using 13 work units.
2016-01-09 16:58:26) Replicate 3 completed with 1.00e+05 of simulation time using 14 work units.
2016-01-09 16:58:26) Replicate 14 completed with 1.00e+05 of simulation time using 14 work units.
2016-01-09 16:58:26) Replicate 1 completed with 1.00e+05 of simulation time using 14 work units.
2016-01-09 16:58:26) Replicate 10 completed with 1.00e+05 of simulation time using 14 work units.
2016-01-09 16:58:26) Replicate 6 completed with 1.00e+05 of simulation time using 14 work units.
2016-01-09 16:58:26) GillespieDSolverAVX started without a full set of trajectories, running trajectory 12 with the GillespieDSolver.
2016-01-09 16:58:26) GillespieDSolverAVX started without a full set of trajectories, running trajectory 16 with the GillespieDSolver.
2016-01-09 16:58:26) GillespieDSolverAVX started without a full set of trajectories, running trajectory 5 with the GillespieDSolver.
2016-01-09 16:58:26) Replicate 12 completed with 1.00e+05 of simulation time using 19 work units.
2016-01-09 16:58:26) Replicate 16 completed with 1.00e+05 of simulation time using 22 work units.
2016-01-09 16:58:26) Replicate 5 completed with 1.00e+05 of simulation time using 19 work units.
2016-01-09 16:58:26) Replicate supervisor finished 16 replicates in 65.27 seconds.
2016-01-09 16:58:26) Simulation finished.
2016-01-09 16:58:26) Finished 17 work units (ids in range 41 to 57) with 67 parts in the last 4.5 seconds. 120713239 steps in 4.448e+00 seconds (2.714e+07 steps/second).
2016-01-09 16:58:26) Supervisor 0:2 finished.
2016-01-09 16:58:26) Wrote 16 messages (1325 bytes) in the last 0.1 seconds (0.000131 seconds writing). 0 messages (0 bytes) queued. Flushing.
2016-01-09 16:58:26) OutputWriter::HelperThread 0:4 finished.
2016-01-09 16:58:26) OutputWriter 0:3 finished.
2016-01-09 16:58:26) Work unit runner 0:5 finished.
2016-01-09 16:58:26) Resource controller 0:1 finished.
2016-01-09 16:58:26) Closing MPI library.
2016-01-09 16:58:26) Program execution finished.
