Lattice Microbe ES v2016.01.20 build 1 in 64-bit mode with options MPI AVX.
Copyright (C) 2008-2012 Luthey-Schulten Group, University of Illinois at Urbana-Champaign.
Copyright (C) 2012-2016 Roberts Group, Johns Hopkins University.

MPI version 3.0 with thread support MPI_THREAD_MULTIPLE.
Running with 1 process(es).

2016-01-04 12:04:56) Resource controller 0:1 started.
2016-01-04 12:04:56) Supervisor 0:2 started.
2016-01-04 12:04:56) Resource controller 0:1 on xanthus-hd-1 registered with 8 cpu core(s) and 0 gpu device(s).
2016-01-04 12:04:56) Registered resources for host xanthus-hd-1 (defaults=1): 2 cpu cores, 0 gpu devices
2016-01-04 12:04:56) All resources registered with supervisor, starting workers.
2016-01-04 12:04:56) Reserved core 0 on 0:1 for the output writer.
2016-01-04 12:04:56) Creating slot 0 on process (0:1) using resources: xanthus-hd-1; cpu core list:1; gpu device list:<none>.
2016-01-04 12:04:56) OutputWriter 0:3 started.
2016-01-04 12:04:56) Work Unit runner 0:5 started with 1 cpu cores (affinity=0) and 0 gpus.
2016-01-04 12:04:56) OutputWriter::HelperThread 0:4 started.
2016-01-04 12:04:56) Output writer started: 0:3.
2016-01-04 12:04:56) Work unit runner started: 0:5.
2016-01-04 12:04:56) All supervisor workers have started, beginning simulation.
2016-01-04 12:04:56) Replicate supervisor starting simulation.
2016-01-04 12:04:56) Simulation started.
2016-01-04 12:05:56) Wrote 50 messages (3320 bytes) in the last 60.1 seconds (0.000176 seconds writing). 0 messages (0 bytes) queued. Flushing.
2016-01-04 12:05:56) Finished 97 work units (ids in range 0 to 96) with 97 parts in the last 60.1 seconds. 970000000 steps in 5.995e+01 seconds (1.618e+07 steps/second).
2016-01-04 12:06:57) Finished 97 work units (ids in range 97 to 193) with 97 parts in the last 60.1 seconds. 970000000 steps in 5.995e+01 seconds (1.618e+07 steps/second).
2016-01-04 12:06:59) Wrote 50 messages (3380 bytes) in the last 62.6 seconds (0.000161 seconds writing). 0 messages (0 bytes) queued. Flushing.
2016-01-04 12:06:59) Replicate 2 completed with 1.00e+05 of simulation time using 20 work units.
2016-01-04 12:07:00) Replicate 5 completed with 1.00e+05 of simulation time using 20 work units.
2016-01-04 12:07:00) Replicate 7 completed with 1.00e+05 of simulation time using 20 work units.
2016-01-04 12:07:00) Replicate 1 completed with 1.00e+05 of simulation time using 21 work units.
2016-01-04 12:07:00) Replicate 10 completed with 1.00e+05 of simulation time using 21 work units.
2016-01-04 12:07:00) Replicate 4 completed with 1.00e+05 of simulation time using 21 work units.
2016-01-04 12:07:00) Replicate 8 completed with 1.00e+05 of simulation time using 21 work units.
2016-01-04 12:07:00) Replicate 3 completed with 1.00e+05 of simulation time using 21 work units.
2016-01-04 12:07:00) Replicate 6 completed with 1.00e+05 of simulation time using 21 work units.
2016-01-04 12:07:00) Replicate 9 completed with 1.00e+05 of simulation time using 21 work units.
2016-01-04 12:07:00) Replicate supervisor finished 10 replicates in 123.94 seconds.
2016-01-04 12:07:00) Simulation finished.
2016-01-04 12:07:00) Finished 13 work units (ids in range 194 to 206) with 13 parts in the last 3.8 seconds. 60093761 steps in 3.714e+00 seconds (1.618e+07 steps/second).
2016-01-04 12:07:00) Supervisor 0:2 finished.
2016-01-04 12:07:00) Wrote 10 messages (680 bytes) in the last 1.3 seconds (0.000030 seconds writing). 0 messages (0 bytes) queued. Flushing.
2016-01-04 12:07:00) OutputWriter::HelperThread 0:4 finished.
2016-01-04 12:07:00) OutputWriter 0:3 finished.
2016-01-04 12:07:00) Work unit runner 0:5 finished.
2016-01-04 12:07:00) Resource controller 0:1 finished.
2016-01-04 12:07:00) Closing MPI library.
2016-01-04 12:07:00) Program execution finished.
