Lattice Microbe ES v2016.01.20 build 1 in 64-bit mode with options MPI AVX.
Copyright (C) 2008-2012 Luthey-Schulten Group, University of Illinois at Urbana-Champaign.
Copyright (C) 2012-2016 Roberts Group, Johns Hopkins University.

MPI version 3.0 with thread support MPI_THREAD_MULTIPLE.
Running with 1 process(es).

2016-01-04 11:52:39) Resource controller 0:1 started.
2016-01-04 11:52:39) Supervisor 0:2 started.
2016-01-04 11:52:39) Resource controller 0:1 on barkeri.bph.jhu.edu registered with 8 cpu core(s) and 0 gpu device(s).
2016-01-04 11:52:39) Registered resources for host barkeri.bph.jhu.edu (defaults=1): 2 cpu cores, 0 gpu devices
2016-01-04 11:52:39) All resources registered with supervisor, starting workers.
2016-01-04 11:52:39) Reserved core 0 on 0:1 for the output writer.
2016-01-04 11:52:39) Creating slot 0 on process (0:1) using resources: barkeri.bph.jhu.edu; cpu core list:1; gpu device list:<none>.
2016-01-04 11:52:39) OutputWriter 0:3 started.
2016-01-04 11:52:39) 2016-01-04 11:52:39) Work Unit runner 0:5 started with 1 cpu cores (affinity=0) and 0 gpus.OutputWriter::HelperThread 0:4 started.

2016-01-04 11:52:39) Output writer started: 0:3.
2016-01-04 11:52:39) Work unit runner started: 0:5.
2016-01-04 11:52:39) All supervisor workers have started, beginning simulation.
2016-01-04 11:52:39) Replicate supervisor starting simulation.
2016-01-04 11:52:39) Simulation started.
2016-01-04 11:53:40) Wrote 67 messages (4459 bytes) in the last 60.3 seconds (0.000312 seconds writing). 0 messages (0 bytes) queued. Flushing.
2016-01-04 11:53:40) Finished 122 work units (ids in range 0 to 121) with 122 parts in the last 60.3 seconds. 1220000000 steps in 5.985e+01 seconds (2.038e+07 steps/second).
2016-01-04 11:54:16) Replicate 10 completed with 1.00e+05 of simulation time using 20 work units.
2016-01-04 11:54:16) Replicate 1 completed with 1.00e+05 of simulation time using 20 work units.
2016-01-04 11:54:17) Replicate 6 completed with 1.00e+05 of simulation time using 20 work units.
2016-01-04 11:54:17) Replicate 9 completed with 1.00e+05 of simulation time using 20 work units.
2016-01-04 11:54:18) Replicate 3 completed with 1.00e+05 of simulation time using 20 work units.
2016-01-04 11:54:18) Replicate 7 completed with 1.00e+05 of simulation time using 20 work units.
2016-01-04 11:54:18) Replicate 5 completed with 1.00e+05 of simulation time using 20 work units.
2016-01-04 11:54:19) Replicate 2 completed with 1.00e+05 of simulation time using 21 work units.
2016-01-04 11:54:19) Replicate 8 completed with 1.00e+05 of simulation time using 21 work units.
2016-01-04 11:54:19) Replicate 4 completed with 1.00e+05 of simulation time using 21 work units.
2016-01-04 11:54:19) Replicate supervisor finished 10 replicates in 99.11 seconds.
2016-01-04 11:54:19) Simulation finished.
2016-01-04 11:54:19) Finished 81 work units (ids in range 122 to 202) with 81 parts in the last 38.8 seconds. 779921984 steps in 3.856e+01 seconds (2.022e+07 steps/second).
2016-01-04 11:54:19) Supervisor 0:2 finished.
2016-01-04 11:54:19) Wrote 43 messages (2921 bytes) in the last 38.9 seconds (0.000200 seconds writing). 0 messages (0 bytes) queued. Flushing.
2016-01-04 11:54:19) OutputWriter::HelperThread 0:4 finished.
2016-01-04 11:54:19) OutputWriter 0:3 finished.
2016-01-04 11:54:19) Work unit runner 0:5 finished.
2016-01-04 11:54:19) Resource controller 0:1 finished.
2016-01-04 11:54:19) Closing MPI library.
2016-01-04 11:54:19) Program execution finished.
