Lattice Microbe ES v2016.01.20 build 1 in 64-bit mode with options MPI AVX FMA SVML.
Copyright (C) 2008-2012 Luthey-Schulten Group, University of Illinois at Urbana-Champaign.
Copyright (C) 2012-2016 Roberts Group, Johns Hopkins University.

MPI version 3.0 with thread support MPI_THREAD_MULTIPLE.
Running with 1 process(es).

2016-01-08 11:50:33) Resource controller 0:1 started.2016-01-08 11:50:33) Supervisor 0:2 started.

2016-01-08 11:50:33) Resource controller 0:1 on compute0156 registered with 24 cpu core(s) and 0 gpu device(s).
2016-01-08 11:50:33) Registered resources for host compute0156 (defaults=1): 2 cpu cores, 0 gpu devices
2016-01-08 11:50:33) All resources registered with supervisor, starting workers.
2016-01-08 11:50:33) Reserved core 0 on 0:1 for the output writer.
2016-01-08 11:50:33) Creating slot 0 on process (0:1) using resources: compute0156; cpu core list:1; gpu device list:<none>.
2016-01-08 11:50:33) OutputWriter 0:3 started.
2016-01-08 11:50:33) Work Unit runner 0:4 started with 1 cpu cores (affinity=0) and 0 gpus.
2016-01-08 11:50:33) OutputWriter::HelperThread 0:5 started.
2016-01-08 11:50:33) Output writer started: 0:3.
2016-01-08 11:50:33) Work unit runner started: 0:4.
2016-01-08 11:50:33) All supervisor workers have started, beginning simulation.
2016-01-08 11:50:33) Replicate supervisor starting simulation.
2016-01-08 11:50:33) Simulation started.
2016-01-08 11:51:34) Finished 107 work units (ids in range 0 to 106) with 107 parts in the last 60.4 seconds. 1070000000 steps in 5.993e+01 seconds (1.786e+07 steps/second).
2016-01-08 11:51:38) Wrote 60 messages (3990 bytes) in the last 64.9 seconds (0.000289 seconds writing). 0 messages (0 bytes) queued. Flushing.
2016-01-08 11:52:23) Replicate 7 completed with 1.00e+05 of simulation time using 20 work units.
2016-01-08 11:52:23) Replicate 10 completed with 1.00e+05 of simulation time using 20 work units.
2016-01-08 11:52:24) Replicate 2 completed with 1.00e+05 of simulation time using 20 work units.
2016-01-08 11:52:25) Replicate 6 completed with 1.00e+05 of simulation time using 20 work units.
2016-01-08 11:52:25) Replicate 4 completed with 1.00e+05 of simulation time using 20 work units.
2016-01-08 11:52:26) Replicate 8 completed with 1.00e+05 of simulation time using 20 work units.
2016-01-08 11:52:26) Replicate 1 completed with 1.00e+05 of simulation time using 20 work units.
2016-01-08 11:52:26) Replicate 9 completed with 1.00e+05 of simulation time using 21 work units.
2016-01-08 11:52:26) Replicate 5 completed with 1.00e+05 of simulation time using 21 work units.
2016-01-08 11:52:26) Replicate 3 completed with 1.00e+05 of simulation time using 21 work units.
2016-01-08 11:52:26) Replicate supervisor finished 10 replicates in 112.91 seconds.
2016-01-08 11:52:26) Simulation finished.
2016-01-08 11:52:26) Finished 96 work units (ids in range 107 to 202) with 96 parts in the last 52.5 seconds. 929990615 steps in 5.208e+01 seconds (1.786e+07 steps/second).
2016-01-08 11:52:26) Supervisor 0:2 finished.
2016-01-08 11:52:26) Wrote 50 messages (3390 bytes) in the last 48.0 seconds (0.000226 seconds writing). 0 messages (0 bytes) queued. Flushing.
2016-01-08 11:52:26) OutputWriter::HelperThread 0:5 finished.
2016-01-08 11:52:26) OutputWriter 0:3 finished.
2016-01-08 11:52:26) Work unit runner 0:4 finished.
2016-01-08 11:52:26) Resource controller 0:1 finished.
2016-01-08 11:52:26) Closing MPI library.
2016-01-08 11:52:26) Program execution finished.
