Lattice Microbe ES v2016.01.20 build 1 in 64-bit mode with options MPI AVX.
Copyright (C) 2008-2012 Luthey-Schulten Group, University of Illinois at Urbana-Champaign.
Copyright (C) 2012-2016 Roberts Group, Johns Hopkins University.

MPI version 3.0 with thread support MPI_THREAD_MULTIPLE.
Running with 1 process(es).

2016-01-04 12:02:41) Resource controller 0:1 started.
2016-01-04 12:02:41) Supervisor 0:2 started.
2016-01-04 12:02:41) Resource controller 0:1 on barkeri.bph.jhu.edu registered with 8 cpu core(s) and 0 gpu device(s).
2016-01-04 12:02:41) Registered resources for host barkeri.bph.jhu.edu (defaults=1): 2 cpu cores, 0 gpu devices
2016-01-04 12:02:41) All resources registered with supervisor, starting workers.
2016-01-04 12:02:41) Reserved core 0 on 0:1 for the output writer.
2016-01-04 12:02:41) Creating slot 0 on process (0:1) using resources: barkeri.bph.jhu.edu; cpu core list:1; gpu device list:<none>.
2016-01-04 12:02:41) Work Unit runner 0:4 started with 1 cpu cores (affinity=0) and 0 gpus.
2016-01-04 12:02:41) OutputWriter 0:3 started.
2016-01-04 12:02:41) OutputWriter::HelperThread 0:5 started.
2016-01-04 12:02:41) Work unit runner started: 0:4.
2016-01-04 12:02:41) Output writer started: 0:3.
2016-01-04 12:02:41) All supervisor workers have started, beginning simulation.
2016-01-04 12:02:41) Replicate supervisor starting simulation.
2016-01-04 12:02:41) Simulation started.
2016-01-04 12:03:41) Wrote 63 messages (4191 bytes) in the last 60.3 seconds (0.000332 seconds writing). 0 messages (0 bytes) queued. Flushing.
2016-01-04 12:03:41) Finished 120 work units (ids in range 0 to 119) with 120 parts in the last 60.3 seconds. 1200000000 steps in 5.988e+01 seconds (2.004e+07 steps/second).
2016-01-04 12:04:19) Replicate 8 completed with 1.00e+05 of simulation time using 20 work units.
2016-01-04 12:04:20) Replicate 6 completed with 1.00e+05 of simulation time using 20 work units.
2016-01-04 12:04:21) Replicate 5 completed with 1.00e+05 of simulation time using 20 work units.
2016-01-04 12:04:21) Replicate 1 completed with 1.00e+05 of simulation time using 20 work units.
2016-01-04 12:04:22) Replicate 7 completed with 1.00e+05 of simulation time using 20 work units.
2016-01-04 12:04:22) Replicate 4 completed with 1.00e+05 of simulation time using 21 work units.
2016-01-04 12:04:22) Replicate 10 completed with 1.00e+05 of simulation time using 21 work units.
2016-01-04 12:04:22) Replicate 9 completed with 1.00e+05 of simulation time using 21 work units.
2016-01-04 12:04:22) Replicate 3 completed with 1.00e+05 of simulation time using 21 work units.
2016-01-04 12:04:22) Replicate 2 completed with 1.00e+05 of simulation time using 21 work units.
2016-01-04 12:04:22) Replicate supervisor finished 10 replicates in 100.82 seconds.
2016-01-04 12:04:22) Simulation finished.
2016-01-04 12:04:22) Finished 85 work units (ids in range 120 to 204) with 85 parts in the last 40.5 seconds. 800005183 steps in 4.028e+01 seconds (1.986e+07 steps/second).
2016-01-04 12:04:22) Supervisor 0:2 finished.
2016-01-04 12:04:22) Wrote 47 messages (3189 bytes) in the last 40.5 seconds (0.000233 seconds writing). 0 messages (0 bytes) queued. Flushing.
2016-01-04 12:04:22) OutputWriter::HelperThread 0:5 finished.
2016-01-04 12:04:22) OutputWriter 0:3 finished.
2016-01-04 12:04:22) Work unit runner 0:4 finished.
2016-01-04 12:04:22) Resource controller 0:1 finished.
2016-01-04 12:04:22) Closing MPI library.
2016-01-04 12:04:22) Program execution finished.
