Lattice Microbe ES v2016.01.20 build 1 in 64-bit mode with options MPI AVX FMA SVML.
Copyright (C) 2008-2012 Luthey-Schulten Group, University of Illinois at Urbana-Champaign.
Copyright (C) 2012-2016 Roberts Group, Johns Hopkins University.

MPI version 3.0 with thread support MPI_THREAD_MULTIPLE.
Running with 1 process(es).

2016-01-08 12:07:29) Resource controller 0:1 started.
2016-01-08 12:07:29) Supervisor 0:2 started.
2016-01-08 12:07:29) Resource controller 0:1 on compute0156 registered with 24 cpu core(s) and 0 gpu device(s).
2016-01-08 12:07:29) Registered resources for host compute0156 (defaults=1): 2 cpu cores, 0 gpu devices
2016-01-08 12:07:29) All resources registered with supervisor, starting workers.
2016-01-08 12:07:29) Reserved core 0 on 0:1 for the output writer.
2016-01-08 12:07:29) Creating slot 0 on process (0:1) using resources: compute0156; cpu core list:1; gpu device list:<none>.
2016-01-08 12:07:30) OutputWriter 0:3 started.
2016-01-08 12:07:30) 2016-01-08 12:07:30) OutputWriter::HelperThread 0:4 started.
Work Unit runner 0:5 started with 1 cpu cores (affinity=0) and 0 gpus.
2016-01-08 12:07:30) Output writer started: 0:3.
2016-01-08 12:07:30) Work unit runner started: 0:5.
2016-01-08 12:07:30) All supervisor workers have started, beginning simulation.
2016-01-08 12:07:30) Replicate supervisor starting simulation.
2016-01-08 12:07:30) Simulation started.
2016-01-08 12:08:30) Wrote 58 messages (3856 bytes) in the last 60.4 seconds (0.000281 seconds writing). 0 messages (0 bytes) queued. Flushing.
2016-01-08 12:08:30) Finished 107 work units (ids in range 0 to 106) with 107 parts in the last 60.4 seconds. 1070000000 steps in 5.990e+01 seconds (1.786e+07 steps/second).
2016-01-08 12:09:21) Replicate 2 completed with 1.00e+05 of simulation time using 20 work units.
2016-01-08 12:09:21) Replicate 4 completed with 1.00e+05 of simulation time using 20 work units.
2016-01-08 12:09:22) Replicate 8 completed with 1.00e+05 of simulation time using 20 work units.
2016-01-08 12:09:22) Replicate 3 completed with 1.00e+05 of simulation time using 20 work units.
2016-01-08 12:09:22) Replicate 7 completed with 1.00e+05 of simulation time using 21 work units.
2016-01-08 12:09:22) Replicate 10 completed with 1.00e+05 of simulation time using 21 work units.
2016-01-08 12:09:22) Replicate 5 completed with 1.00e+05 of simulation time using 21 work units.
2016-01-08 12:09:22) Replicate 1 completed with 1.00e+05 of simulation time using 21 work units.
2016-01-08 12:09:22) Replicate 9 completed with 1.00e+05 of simulation time using 21 work units.
2016-01-08 12:09:22) Replicate 6 completed with 1.00e+05 of simulation time using 21 work units.
2016-01-08 12:09:22) Replicate supervisor finished 10 replicates in 112.88 seconds.
2016-01-08 12:09:22) Simulation finished.
2016-01-08 12:09:22) Finished 99 work units (ids in range 107 to 205) with 99 parts in the last 52.5 seconds. 930096830 steps in 5.207e+01 seconds (1.786e+07 steps/second).
2016-01-08 12:09:22) Supervisor 0:2 finished.
2016-01-08 12:09:22) Wrote 52 messages (3524 bytes) in the last 52.5 seconds (0.000237 seconds writing). 0 messages (0 bytes) queued. Flushing.
2016-01-08 12:09:22) OutputWriter::HelperThread 0:4 finished.
2016-01-08 12:09:22) OutputWriter 0:3 finished.
2016-01-08 12:09:22) Work unit runner 0:5 finished.
2016-01-08 12:09:22) Resource controller 0:1 finished.
2016-01-08 12:09:22) Closing MPI library.
2016-01-08 12:09:22) Program execution finished.
