Lattice Microbe ES v2016.01.20 build 1 in 64-bit mode with options MPI AVX.
Copyright (C) 2008-2012 Luthey-Schulten Group, University of Illinois at Urbana-Champaign.
Copyright (C) 2012-2016 Roberts Group, Johns Hopkins University.

MPI version 3.0 with thread support MPI_THREAD_MULTIPLE.
Running with 1 process(es).

2016-01-04 11:55:58) Resource controller 0:1 started.
2016-01-04 11:55:58) Supervisor 0:2 started.
2016-01-04 11:55:58) Resource controller 0:1 on barkeri.bph.jhu.edu registered with 8 cpu core(s) and 0 gpu device(s).
2016-01-04 11:55:58) Registered resources for host barkeri.bph.jhu.edu (defaults=1): 2 cpu cores, 0 gpu devices
2016-01-04 11:55:58) All resources registered with supervisor, starting workers.
2016-01-04 11:55:58) Reserved core 0 on 0:1 for the output writer.
2016-01-04 11:55:58) Creating slot 0 on process (0:1) using resources: barkeri.bph.jhu.edu; cpu core list:1; gpu device list:<none>.
2016-01-04 11:55:58) OutputWriter 0:3 started.
2016-01-04 11:55:58) OutputWriter::HelperThread 0:4 started.
2016-01-04 11:55:58) Work Unit runner 0:5 started with 1 cpu cores (affinity=0) and 0 gpus.
2016-01-04 11:55:58) Output writer started: 0:3.
2016-01-04 11:55:58) Work unit runner started: 0:5.
2016-01-04 11:55:58) All supervisor workers have started, beginning simulation.
2016-01-04 11:55:58) Replicate supervisor starting simulation.
2016-01-04 11:55:58) Simulation started.
2016-01-04 11:56:58) Wrote 63 messages (4191 bytes) in the last 60.1 seconds (0.000328 seconds writing). 0 messages (0 bytes) queued. Flushing.
2016-01-04 11:56:58) Finished 121 work units (ids in range 0 to 120) with 121 parts in the last 60.1 seconds. 1210000000 steps in 5.965e+01 seconds (2.028e+07 steps/second).
2016-01-04 11:57:36) Replicate 2 completed with 1.00e+05 of simulation time using 20 work units.
2016-01-04 11:57:37) Replicate 9 completed with 1.00e+05 of simulation time using 20 work units.
2016-01-04 11:57:37) Replicate 1 completed with 1.00e+05 of simulation time using 20 work units.
2016-01-04 11:57:37) Replicate 6 completed with 1.00e+05 of simulation time using 21 work units.
2016-01-04 11:57:37) Replicate 4 completed with 1.00e+05 of simulation time using 21 work units.
2016-01-04 11:57:37) Replicate 8 completed with 1.00e+05 of simulation time using 21 work units.
2016-01-04 11:57:37) Replicate 7 completed with 1.00e+05 of simulation time using 21 work units.
2016-01-04 11:57:37) Replicate 5 completed with 1.00e+05 of simulation time using 21 work units.
2016-01-04 11:57:37) Replicate 10 completed with 1.00e+05 of simulation time using 21 work units.
2016-01-04 11:57:37) Replicate 3 completed with 1.00e+05 of simulation time using 21 work units.
2016-01-04 11:57:37) Replicate supervisor finished 10 replicates in 99.22 seconds.
2016-01-04 11:57:37) Simulation finished.
2016-01-04 11:57:37) Finished 86 work units (ids in range 121 to 206) with 86 parts in the last 39.2 seconds. 790079940 steps in 3.888e+01 seconds (2.032e+07 steps/second).
2016-01-04 11:57:37) Supervisor 0:2 finished.
2016-01-04 11:57:37) Wrote 47 messages (3189 bytes) in the last 39.2 seconds (0.000215 seconds writing). 0 messages (0 bytes) queued. Flushing.
2016-01-04 11:57:37) OutputWriter::HelperThread 0:4 finished.
2016-01-04 11:57:37) OutputWriter 0:3 finished.
2016-01-04 11:57:37) Work unit runner 0:5 finished.
2016-01-04 11:57:37) Resource controller 0:1 finished.
2016-01-04 11:57:37) Closing MPI library.
2016-01-04 11:57:37) Program execution finished.
