Lattice Microbe ES v2016.01.20 build 1 in 64-bit mode with options MPI AVX.
Copyright (C) 2008-2012 Luthey-Schulten Group, University of Illinois at Urbana-Champaign.
Copyright (C) 2012-2016 Roberts Group, Johns Hopkins University.

MPI version 3.0 with thread support MPI_THREAD_MULTIPLE.
Running with 1 process(es).

2016-01-04 12:09:23) Resource controller 0:1 started.
2016-01-04 12:09:23) Supervisor 0:2 started.
2016-01-04 12:09:23) Resource controller 0:1 on xanthus-cp-2 registered with 32 cpu core(s) and 0 gpu device(s).
2016-01-04 12:09:23) Registered resources for host xanthus-cp-2 (defaults=1): 2 cpu cores, 0 gpu devices
2016-01-04 12:09:23) All resources registered with supervisor, starting workers.
2016-01-04 12:09:23) Reserved core 0 on 0:1 for the output writer.
2016-01-04 12:09:23) Creating slot 0 on process (0:1) using resources: xanthus-cp-2; cpu core list:1; gpu device list:<none>.
2016-01-04 12:09:23) OutputWriter 0:3 started.
2016-01-04 12:09:23) Work Unit runner 0:5 started with 1 cpu cores (affinity=0) and 0 gpus.
2016-01-04 12:09:23) OutputWriter::HelperThread 0:4 started.
2016-01-04 12:09:23) Output writer started: 0:3.
2016-01-04 12:09:23) Work unit runner started: 0:5.
2016-01-04 12:09:23) All supervisor workers have started, beginning simulation.
2016-01-04 12:09:23) Replicate supervisor starting simulation.
2016-01-04 12:09:23) Simulation started.
2016-01-04 12:10:23) Wrote 40 messages (2650 bytes) in the last 60.3 seconds (0.000236 seconds writing). 0 messages (0 bytes) queued. Flushing.
2016-01-04 12:10:23) Finished 80 work units (ids in range 0 to 79) with 80 parts in the last 60.3 seconds. 800000000 steps in 6.008e+01 seconds (1.332e+07 steps/second).
2016-01-04 12:11:23) Wrote 43 messages (2894 bytes) in the last 60.1 seconds (0.000210 seconds writing). 0 messages (0 bytes) queued. Flushing.
2016-01-04 12:11:23) Finished 80 work units (ids in range 80 to 159) with 80 parts in the last 60.1 seconds. 800000000 steps in 5.985e+01 seconds (1.337e+07 steps/second).
2016-01-04 12:11:51) Replicate 5 completed with 1.00e+05 of simulation time using 20 work units.
2016-01-04 12:11:52) Replicate 8 completed with 1.00e+05 of simulation time using 20 work units.
2016-01-04 12:11:53) Replicate 7 completed with 1.00e+05 of simulation time using 20 work units.
2016-01-04 12:11:53) Replicate 6 completed with 1.00e+05 of simulation time using 21 work units.
2016-01-04 12:11:53) Replicate 1 completed with 1.00e+05 of simulation time using 21 work units.
2016-01-04 12:11:53) Replicate 9 completed with 1.00e+05 of simulation time using 21 work units.
2016-01-04 12:11:53) Replicate 10 completed with 1.00e+05 of simulation time using 21 work units.
2016-01-04 12:11:53) Replicate 3 completed with 1.00e+05 of simulation time using 21 work units.
2016-01-04 12:11:53) Replicate 4 completed with 1.00e+05 of simulation time using 21 work units.
2016-01-04 12:11:53) Replicate 2 completed with 1.00e+05 of simulation time using 21 work units.
2016-01-04 12:11:53) Replicate supervisor finished 10 replicates in 150.41 seconds.
2016-01-04 12:11:53) Simulation finished.
2016-01-04 12:11:53) Finished 47 work units (ids in range 160 to 206) with 47 parts in the last 30.1 seconds. 400061854 steps in 2.994e+01 seconds (1.336e+07 steps/second).
2016-01-04 12:11:53) Supervisor 0:2 finished.
2016-01-04 12:11:53) Wrote 27 messages (1836 bytes) in the last 30.1 seconds (0.000141 seconds writing). 0 messages (0 bytes) queued. Flushing.
2016-01-04 12:11:53) OutputWriter::HelperThread 0:4 finished.
2016-01-04 12:11:53) OutputWriter 0:3 finished.
2016-01-04 12:11:53) Work unit runner 0:5 finished.
2016-01-04 12:11:53) Resource controller 0:1 finished.
2016-01-04 12:11:53) Closing MPI library.
2016-01-04 12:11:53) Program execution finished.
