Lattice Microbe ES v2016.01.20 build 1 in 64-bit mode with options MPI AVX.
Copyright (C) 2008-2012 Luthey-Schulten Group, University of Illinois at Urbana-Champaign.
Copyright (C) 2012-2016 Roberts Group, Johns Hopkins University.

MPI version 3.0 with thread support MPI_THREAD_MULTIPLE.
Running with 1 process(es).

2016-01-04 12:14:24) Resource controller 0:1 started.
2016-01-04 12:14:24) Supervisor 0:2 started.
2016-01-04 12:14:24) Resource controller 0:1 on xanthus-cp-2 registered with 32 cpu core(s) and 0 gpu device(s).
2016-01-04 12:14:24) Registered resources for host xanthus-cp-2 (defaults=1): 2 cpu cores, 0 gpu devices
2016-01-04 12:14:24) All resources registered with supervisor, starting workers.
2016-01-04 12:14:24) Reserved core 0 on 0:1 for the output writer.
2016-01-04 12:14:24) Creating slot 0 on process (0:1) using resources: xanthus-cp-2; cpu core list:1; gpu device list:<none>.
2016-01-04 12:14:24) OutputWriter 0:3 started.
2016-01-04 12:14:24) Work Unit runner 0:4 started with 1 cpu cores (affinity=0) and 0 gpus.
2016-01-04 12:14:24) OutputWriter::HelperThread 0:5 started.
2016-01-04 12:14:24) Output writer started: 0:3.
2016-01-04 12:14:24) Work unit runner started: 0:4.
2016-01-04 12:14:24) All supervisor workers have started, beginning simulation.
2016-01-04 12:14:24) Replicate supervisor starting simulation.
2016-01-04 12:14:24) Simulation started.
2016-01-04 12:15:24) Wrote 41 messages (2717 bytes) in the last 60.2 seconds (0.000448 seconds writing). 0 messages (0 bytes) queued. Flushing.
2016-01-04 12:15:24) Finished 79 work units (ids in range 0 to 78) with 79 parts in the last 60.2 seconds. 790000000 steps in 5.996e+01 seconds (1.318e+07 steps/second).
2016-01-04 12:16:25) Wrote 42 messages (2827 bytes) in the last 60.2 seconds (0.000484 seconds writing). 0 messages (0 bytes) queued. Flushing.
2016-01-04 12:16:25) Finished 80 work units (ids in range 79 to 158) with 80 parts in the last 60.2 seconds. 800000000 steps in 5.994e+01 seconds (1.335e+07 steps/second).
2016-01-04 12:16:52) Replicate 8 completed with 1.00e+05 of simulation time using 20 work units.
2016-01-04 12:16:53) Replicate 9 completed with 1.00e+05 of simulation time using 20 work units.
2016-01-04 12:16:54) Replicate 3 completed with 1.00e+05 of simulation time using 20 work units.
2016-01-04 12:16:54) Replicate 4 completed with 1.00e+05 of simulation time using 20 work units.
2016-01-04 12:16:55) Replicate 7 completed with 1.00e+05 of simulation time using 20 work units.
2016-01-04 12:16:55) Replicate 2 completed with 1.00e+05 of simulation time using 21 work units.
2016-01-04 12:16:55) Replicate 10 completed with 1.00e+05 of simulation time using 21 work units.
2016-01-04 12:16:55) Replicate 1 completed with 1.00e+05 of simulation time using 21 work units.
2016-01-04 12:16:55) Replicate 5 completed with 1.00e+05 of simulation time using 21 work units.
2016-01-04 12:16:55) Replicate 6 completed with 1.00e+05 of simulation time using 21 work units.
2016-01-04 12:16:55) Replicate supervisor finished 10 replicates in 150.93 seconds.
2016-01-04 12:16:55) Simulation finished.
2016-01-04 12:16:55) Finished 46 work units (ids in range 159 to 204) with 46 parts in the last 30.6 seconds. 410047057 steps in 3.044e+01 seconds (1.347e+07 steps/second).
2016-01-04 12:16:55) Supervisor 0:2 finished.
2016-01-04 12:16:55) Wrote 27 messages (1836 bytes) in the last 30.6 seconds (0.000321 seconds writing). 0 messages (0 bytes) queued. Flushing.
2016-01-04 12:16:55) OutputWriter::HelperThread 0:5 finished.
2016-01-04 12:16:55) OutputWriter 0:3 finished.
2016-01-04 12:16:55) Work unit runner 0:4 finished.
2016-01-04 12:16:55) Resource controller 0:1 finished.
2016-01-04 12:16:55) Closing MPI library.
2016-01-04 12:16:55) Program execution finished.
