Lattice Microbe ES v2016.01.20 build 1 in 64-bit mode with options MPI AVX.
Copyright (C) 2008-2012 Luthey-Schulten Group, University of Illinois at Urbana-Champaign.
Copyright (C) 2012-2016 Roberts Group, Johns Hopkins University.

MPI version 3.0 with thread support MPI_THREAD_MULTIPLE.
Running with 1 process(es).

2016-01-04 11:49:20) Resource controller 0:1 started.
2016-01-04 11:49:20) Supervisor 0:2 started.
2016-01-04 11:49:20) Resource controller 0:1 on barkeri.bph.jhu.edu registered with 8 cpu core(s) and 0 gpu device(s).
2016-01-04 11:49:20) Registered resources for host barkeri.bph.jhu.edu (defaults=1): 2 cpu cores, 0 gpu devices
2016-01-04 11:49:20) All resources registered with supervisor, starting workers.
2016-01-04 11:49:20) Reserved core 0 on 0:1 for the output writer.
2016-01-04 11:49:20) Creating slot 0 on process (0:1) using resources: barkeri.bph.jhu.edu; cpu core list:1; gpu device list:<none>.
2016-01-04 11:49:20) OutputWriter 0:3 started.
2016-01-04 11:49:20) Work Unit runner 0:5 started with 1 cpu cores (affinity=0) and 0 gpus.
2016-01-04 11:49:20) OutputWriter::HelperThread 0:4 started.
2016-01-04 11:49:20) Output writer started: 0:3.
2016-01-04 11:49:20) Work unit runner started: 0:5.
2016-01-04 11:49:20) All supervisor workers have started, beginning simulation.
2016-01-04 11:49:20) Replicate supervisor starting simulation.
2016-01-04 11:49:20) Simulation started.
2016-01-04 11:50:20) Wrote 64 messages (4258 bytes) in the last 60.4 seconds (0.000312 seconds writing). 0 messages (0 bytes) queued. Flushing.
2016-01-04 11:50:20) Finished 121 work units (ids in range 0 to 120) with 121 parts in the last 60.4 seconds. 1210000000 steps in 6.001e+01 seconds (2.016e+07 steps/second).
2016-01-04 11:50:58) Replicate 2 completed with 1.00e+05 of simulation time using 20 work units.
2016-01-04 11:50:58) Replicate 10 completed with 1.00e+05 of simulation time using 20 work units.
2016-01-04 11:50:59) Replicate 8 completed with 1.00e+05 of simulation time using 20 work units.
2016-01-04 11:50:59) Replicate 7 completed with 1.00e+05 of simulation time using 20 work units.
2016-01-04 11:51:00) Replicate 9 completed with 1.00e+05 of simulation time using 20 work units.
2016-01-04 11:51:00) Replicate 4 completed with 1.00e+05 of simulation time using 21 work units.
2016-01-04 11:51:00) Replicate 1 completed with 1.00e+05 of simulation time using 21 work units.
2016-01-04 11:51:00) Replicate 6 completed with 1.00e+05 of simulation time using 21 work units.
2016-01-04 11:51:00) Replicate 3 completed with 1.00e+05 of simulation time using 21 work units.
2016-01-04 11:51:00) Replicate 5 completed with 1.00e+05 of simulation time using 21 work units.
2016-01-04 11:51:00) Replicate supervisor finished 10 replicates in 99.92 seconds.
2016-01-04 11:51:00) Simulation finished.
2016-01-04 11:51:00) Finished 84 work units (ids in range 121 to 204) with 84 parts in the last 39.5 seconds. 790004386 steps in 3.927e+01 seconds (2.012e+07 steps/second).
2016-01-04 11:51:00) Supervisor 0:2 finished.
2016-01-04 11:51:00) Wrote 46 messages (3122 bytes) in the last 39.6 seconds (0.000221 seconds writing). 0 messages (0 bytes) queued. Flushing.
2016-01-04 11:51:00) OutputWriter::HelperThread 0:4 finished.
2016-01-04 11:51:00) OutputWriter 0:3 finished.
2016-01-04 11:51:00) Work unit runner 0:5 finished.
2016-01-04 11:51:00) Resource controller 0:1 finished.
2016-01-04 11:51:00) Closing MPI library.
2016-01-04 11:51:00) Program execution finished.
