Lattice Microbe ES v2016.01.20 build 1 in 64-bit mode with options MPI AVX.
Copyright (C) 2008-2012 Luthey-Schulten Group, University of Illinois at Urbana-Champaign.
Copyright (C) 2012-2016 Roberts Group, Johns Hopkins University.

MPI version 3.0 with thread support MPI_THREAD_MULTIPLE.
Running with 1 process(es).

2016-01-04 12:21:56) Resource controller 0:1 started.
2016-01-04 12:21:56) Supervisor 0:2 started.
2016-01-04 12:21:56) Resource controller 0:1 on xanthus-cp-2 registered with 32 cpu core(s) and 0 gpu device(s).
2016-01-04 12:21:56) Registered resources for host xanthus-cp-2 (defaults=1): 2 cpu cores, 0 gpu devices
2016-01-04 12:21:56) All resources registered with supervisor, starting workers.
2016-01-04 12:21:56) Reserved core 0 on 0:1 for the output writer.
2016-01-04 12:21:56) Creating slot 0 on process (0:1) using resources: xanthus-cp-2; cpu core list:1; gpu device list:<none>.
2016-01-04 12:21:56) OutputWriter 0:3 started.
2016-01-04 12:21:56) 2016-01-04 12:21:56) Work Unit runner 0:4 started with 1 cpu cores (affinity=0) and 0 gpus.
OutputWriter::HelperThread 0:5 started.
2016-01-04 12:21:56) Output writer started: 0:3.
2016-01-04 12:21:56) Work unit runner started: 0:4.
2016-01-04 12:21:56) All supervisor workers have started, beginning simulation.
2016-01-04 12:21:56) Replicate supervisor starting simulation.
2016-01-04 12:21:56) Simulation started.
2016-01-04 12:22:56) Wrote 40 messages (2650 bytes) in the last 60.1 seconds (0.000232 seconds writing). 0 messages (0 bytes) queued. Flushing.
2016-01-04 12:22:56) Finished 79 work units (ids in range 0 to 78) with 79 parts in the last 60.1 seconds. 790000000 steps in 5.982e+01 seconds (1.321e+07 steps/second).
2016-01-04 12:23:56) Wrote 41 messages (2758 bytes) in the last 60.1 seconds (0.000226 seconds writing). 0 messages (0 bytes) queued. Flushing.
2016-01-04 12:23:56) Finished 80 work units (ids in range 79 to 158) with 80 parts in the last 60.1 seconds. 800000000 steps in 5.986e+01 seconds (1.337e+07 steps/second).
2016-01-04 12:24:27) Replicate 1 completed with 1.00e+05 of simulation time using 20 work units.
2016-01-04 12:24:27) Replicate 9 completed with 1.00e+05 of simulation time using 21 work units.
2016-01-04 12:24:27) Replicate 7 completed with 1.00e+05 of simulation time using 21 work units.
2016-01-04 12:24:27) Replicate 3 completed with 1.00e+05 of simulation time using 21 work units.
2016-01-04 12:24:27) Replicate 6 completed with 1.00e+05 of simulation time using 21 work units.
2016-01-04 12:24:27) Replicate 2 completed with 1.00e+05 of simulation time using 21 work units.
2016-01-04 12:24:27) Replicate 4 completed with 1.00e+05 of simulation time using 21 work units.
2016-01-04 12:24:27) Replicate 10 completed with 1.00e+05 of simulation time using 21 work units.
2016-01-04 12:24:27) Replicate 5 completed with 1.00e+05 of simulation time using 21 work units.
2016-01-04 12:24:27) Replicate 8 completed with 1.00e+05 of simulation time using 21 work units.
2016-01-04 12:24:27) Replicate supervisor finished 10 replicates in 150.84 seconds.
2016-01-04 12:24:27) Simulation finished.
2016-01-04 12:24:27) Finished 50 work units (ids in range 159 to 208) with 50 parts in the last 30.7 seconds. 410103405 steps in 3.056e+01 seconds (1.342e+07 steps/second).
2016-01-04 12:24:27) Supervisor 0:2 finished.
2016-01-04 12:24:27) Wrote 29 messages (1972 bytes) in the last 30.7 seconds (0.000292 seconds writing). 0 messages (0 bytes) queued. Flushing.
2016-01-04 12:24:27) OutputWriter::HelperThread 0:5 finished.
2016-01-04 12:24:27) OutputWriter 0:3 finished.
2016-01-04 12:24:27) Work unit runner 0:4 finished.
2016-01-04 12:24:27) Resource controller 0:1 finished.
2016-01-04 12:24:27) Closing MPI library.
2016-01-04 12:24:27) Program execution finished.
