Lattice Microbe ES v2016.01.20 build 1 in 64-bit mode with options MPI AVX.
Copyright (C) 2008-2012 Luthey-Schulten Group, University of Illinois at Urbana-Champaign.
Copyright (C) 2012-2016 Roberts Group, Johns Hopkins University.

MPI version 3.0 with thread support MPI_THREAD_MULTIPLE.
Running with 1 process(es).

2016-01-04 12:19:25) Resource controller 0:1 started.
2016-01-04 12:19:25) Supervisor 0:2 started.
2016-01-04 12:19:25) Resource controller 0:1 on xanthus-cp-2 registered with 32 cpu core(s) and 0 gpu device(s).
2016-01-04 12:19:25) Registered resources for host xanthus-cp-2 (defaults=1): 2 cpu cores, 0 gpu devices
2016-01-04 12:19:25) All resources registered with supervisor, starting workers.
2016-01-04 12:19:25) Reserved core 0 on 0:1 for the output writer.
2016-01-04 12:19:25) Creating slot 0 on process (0:1) using resources: xanthus-cp-2; cpu core list:1; gpu device list:<none>.
2016-01-04 12:19:25) OutputWriter 0:3 started.
2016-01-04 12:19:25) OutputWriter::HelperThread 0:4 started.
2016-01-04 12:19:25) Work Unit runner 0:5 started with 1 cpu cores (affinity=0) and 0 gpus.
2016-01-04 12:19:25) Output writer started: 0:3.
2016-01-04 12:19:25) Work unit runner started: 0:5.
2016-01-04 12:19:25) All supervisor workers have started, beginning simulation.
2016-01-04 12:19:25) Replicate supervisor starting simulation.
2016-01-04 12:19:25) Simulation started.
2016-01-04 12:20:26) Wrote 42 messages (2784 bytes) in the last 60.3 seconds (0.000223 seconds writing). 0 messages (0 bytes) queued. Flushing.
2016-01-04 12:20:26) Finished 80 work units (ids in range 0 to 79) with 80 parts in the last 60.3 seconds. 800000000 steps in 6.007e+01 seconds (1.332e+07 steps/second).
2016-01-04 12:21:26) Finished 80 work units (ids in range 80 to 159) with 80 parts in the last 60.3 seconds. 800000000 steps in 6.008e+01 seconds (1.332e+07 steps/second).
2016-01-04 12:21:27) Wrote 41 messages (2760 bytes) in the last 61.1 seconds (0.000180 seconds writing). 0 messages (0 bytes) queued. Flushing.
2016-01-04 12:21:55) Replicate 7 completed with 1.00e+05 of simulation time using 20 work units.
2016-01-04 12:21:56) Replicate 6 completed with 1.00e+05 of simulation time using 20 work units.
2016-01-04 12:21:56) Replicate 3 completed with 1.00e+05 of simulation time using 21 work units.
2016-01-04 12:21:56) Replicate 4 completed with 1.00e+05 of simulation time using 21 work units.
2016-01-04 12:21:56) Replicate 2 completed with 1.00e+05 of simulation time using 21 work units.
2016-01-04 12:21:56) Replicate 8 completed with 1.00e+05 of simulation time using 21 work units.
2016-01-04 12:21:56) Replicate 9 completed with 1.00e+05 of simulation time using 21 work units.
2016-01-04 12:21:56) Replicate 10 completed with 1.00e+05 of simulation time using 21 work units.
2016-01-04 12:21:56) Replicate 5 completed with 1.00e+05 of simulation time using 21 work units.
2016-01-04 12:21:56) Replicate 1 completed with 1.00e+05 of simulation time using 21 work units.
2016-01-04 12:21:56) Replicate supervisor finished 10 replicates in 150.56 seconds.
2016-01-04 12:21:56) Simulation finished.
2016-01-04 12:21:56) Finished 48 work units (ids in range 160 to 207) with 48 parts in the last 30.0 seconds. 400089386 steps in 2.981e+01 seconds (1.342e+07 steps/second).
2016-01-04 12:21:56) Supervisor 0:2 finished.
2016-01-04 12:21:56) Wrote 27 messages (1836 bytes) in the last 29.2 seconds (0.000114 seconds writing). 0 messages (0 bytes) queued. Flushing.
2016-01-04 12:21:56) OutputWriter::HelperThread 0:4 finished.
2016-01-04 12:21:56) OutputWriter 0:3 finished.
2016-01-04 12:21:56) Work unit runner 0:5 finished.
2016-01-04 12:21:56) Resource controller 0:1 finished.
2016-01-04 12:21:56) Closing MPI library.
2016-01-04 12:21:56) Program execution finished.
