Lattice Microbe ES v2016.01.20 build 1 in 64-bit mode with options MPI AVX.
Copyright (C) 2008-2012 Luthey-Schulten Group, University of Illinois at Urbana-Champaign.
Copyright (C) 2012-2016 Roberts Group, Johns Hopkins University.

MPI version 3.0 with thread support MPI_THREAD_MULTIPLE.
Running with 1 process(es).

2016-01-04 12:26:57) Resource controller 0:1 started.
2016-01-04 12:26:57) Supervisor 0:2 started.
2016-01-04 12:26:57) Resource controller 0:1 on xanthus-cp-2 registered with 32 cpu core(s) and 0 gpu device(s).
2016-01-04 12:26:57) Registered resources for host xanthus-cp-2 (defaults=1): 2 cpu cores, 0 gpu devices
2016-01-04 12:26:57) All resources registered with supervisor, starting workers.
2016-01-04 12:26:57) Reserved core 0 on 0:1 for the output writer.
2016-01-04 12:26:57) Creating slot 0 on process (0:1) using resources: xanthus-cp-2; cpu core list:1; gpu device list:<none>.
2016-01-04 12:26:57) OutputWriter 0:3 started.
2016-01-04 12:26:57) Work Unit runner 0:5 started with 1 cpu cores (affinity=0) and 0 gpus.
2016-01-04 12:26:57) OutputWriter::HelperThread 0:4 started.
2016-01-04 12:26:57) Output writer started: 0:3.
2016-01-04 12:26:57) Work unit runner started: 0:5.
2016-01-04 12:26:57) All supervisor workers have started, beginning simulation.
2016-01-04 12:26:57) Replicate supervisor starting simulation.
2016-01-04 12:26:57) Simulation started.
2016-01-04 12:27:57) Wrote 45 messages (2985 bytes) in the last 60.1 seconds (0.000270 seconds writing). 0 messages (0 bytes) queued. Flushing.
2016-01-04 12:27:57) Finished 79 work units (ids in range 0 to 78) with 79 parts in the last 60.1 seconds. 790000000 steps in 5.986e+01 seconds (1.320e+07 steps/second).
2016-01-04 12:28:58) Wrote 38 messages (2559 bytes) in the last 60.6 seconds (0.000297 seconds writing). 0 messages (0 bytes) queued. Flushing.
2016-01-04 12:28:58) Finished 80 work units (ids in range 79 to 158) with 80 parts in the last 60.6 seconds. 800000000 steps in 6.034e+01 seconds (1.326e+07 steps/second).
2016-01-04 12:29:24) Replicate 7 completed with 1.00e+05 of simulation time using 20 work units.
2016-01-04 12:29:25) Replicate 3 completed with 1.00e+05 of simulation time using 20 work units.
2016-01-04 12:29:26) Replicate 2 completed with 1.00e+05 of simulation time using 20 work units.
2016-01-04 12:29:27) Replicate 8 completed with 1.00e+05 of simulation time using 20 work units.
2016-01-04 12:29:27) Replicate 10 completed with 1.00e+05 of simulation time using 20 work units.
2016-01-04 12:29:28) Replicate 9 completed with 1.00e+05 of simulation time using 20 work units.
2016-01-04 12:29:29) Replicate 5 completed with 1.00e+05 of simulation time using 20 work units.
2016-01-04 12:29:29) Replicate 4 completed with 1.00e+05 of simulation time using 21 work units.
2016-01-04 12:29:29) Replicate 1 completed with 1.00e+05 of simulation time using 21 work units.
2016-01-04 12:29:29) Replicate 6 completed with 1.00e+05 of simulation time using 21 work units.
2016-01-04 12:29:29) Replicate supervisor finished 10 replicates in 151.46 seconds.
2016-01-04 12:29:29) Simulation finished.
2016-01-04 12:29:29) Finished 44 work units (ids in range 159 to 202) with 44 parts in the last 30.8 seconds. 409929100 steps in 3.065e+01 seconds (1.337e+07 steps/second).
2016-01-04 12:29:29) Supervisor 0:2 finished.
2016-01-04 12:29:29) Wrote 27 messages (1836 bytes) in the last 30.8 seconds (0.000132 seconds writing). 0 messages (0 bytes) queued. Flushing.
2016-01-04 12:29:29) OutputWriter::HelperThread 0:4 finished.
2016-01-04 12:29:29) OutputWriter 0:3 finished.
2016-01-04 12:29:29) Work unit runner 0:5 finished.
2016-01-04 12:29:29) Resource controller 0:1 finished.
2016-01-04 12:29:29) Closing MPI library.
2016-01-04 12:29:29) Program execution finished.
