Lattice Microbe ES v2016.01.20 build 1 in 64-bit mode with options MPI AVX.
Copyright (C) 2008-2012 Luthey-Schulten Group, University of Illinois at Urbana-Champaign.
Copyright (C) 2012-2016 Roberts Group, Johns Hopkins University.

MPI version 3.0 with thread support MPI_THREAD_MULTIPLE.
Running with 1 process(es).

2016-01-04 12:06:52) Resource controller 0:1 started.
2016-01-04 12:06:52) Supervisor 0:2 started.
2016-01-04 12:06:52) Resource controller 0:1 on xanthus-cp-2 registered with 32 cpu core(s) and 0 gpu device(s).
2016-01-04 12:06:52) Registered resources for host xanthus-cp-2 (defaults=1): 2 cpu cores, 0 gpu devices
2016-01-04 12:06:52) All resources registered with supervisor, starting workers.
2016-01-04 12:06:52) Reserved core 0 on 0:1 for the output writer.
2016-01-04 12:06:52) Creating slot 0 on process (0:1) using resources: xanthus-cp-2; cpu core list:1; gpu device list:<none>.
2016-01-04 12:06:52) OutputWriter 0:3 started.
2016-01-04 12:06:52) OutputWriter::HelperThread 0:4 started.
2016-01-04 12:06:52) Work Unit runner 0:5 started with 1 cpu cores (affinity=0) and 0 gpus.
2016-01-04 12:06:52) Output writer started: 0:3.
2016-01-04 12:06:52) Work unit runner started: 0:5.
2016-01-04 12:06:52) All supervisor workers have started, beginning simulation.
2016-01-04 12:06:52) Replicate supervisor starting simulation.
2016-01-04 12:06:52) Simulation started.
2016-01-04 12:07:52) Wrote 42 messages (2784 bytes) in the last 60.2 seconds (0.000439 seconds writing). 0 messages (0 bytes) queued. Flushing.
2016-01-04 12:07:52) Finished 80 work units (ids in range 0 to 79) with 80 parts in the last 60.2 seconds. 800000000 steps in 5.993e+01 seconds (1.335e+07 steps/second).
2016-01-04 12:08:53) Wrote 43 messages (2896 bytes) in the last 60.1 seconds (0.000403 seconds writing). 0 messages (0 bytes) queued. Flushing.
2016-01-04 12:08:53) Finished 80 work units (ids in range 80 to 159) with 80 parts in the last 60.1 seconds. 800000000 steps in 5.986e+01 seconds (1.336e+07 steps/second).
2016-01-04 12:09:19) Replicate 10 completed with 1.00e+05 of simulation time using 20 work units.
2016-01-04 12:09:19) Replicate 9 completed with 1.00e+05 of simulation time using 20 work units.
2016-01-04 12:09:20) Replicate 2 completed with 1.00e+05 of simulation time using 20 work units.
2016-01-04 12:09:21) Replicate 1 completed with 1.00e+05 of simulation time using 20 work units.
2016-01-04 12:09:22) Replicate 7 completed with 1.00e+05 of simulation time using 20 work units.
2016-01-04 12:09:22) Replicate 8 completed with 1.00e+05 of simulation time using 20 work units.
2016-01-04 12:09:22) Replicate 5 completed with 1.00e+05 of simulation time using 21 work units.
2016-01-04 12:09:22) Replicate 4 completed with 1.00e+05 of simulation time using 21 work units.
2016-01-04 12:09:22) Replicate 3 completed with 1.00e+05 of simulation time using 21 work units.
2016-01-04 12:09:23) Replicate 6 completed with 1.00e+05 of simulation time using 21 work units.
2016-01-04 12:09:23) Replicate supervisor finished 10 replicates in 150.18 seconds.
2016-01-04 12:09:23) Simulation finished.
2016-01-04 12:09:23) Finished 44 work units (ids in range 160 to 203) with 44 parts in the last 29.9 seconds. 399957145 steps in 2.981e+01 seconds (1.342e+07 steps/second).
2016-01-04 12:09:23) Supervisor 0:2 finished.
2016-01-04 12:09:23) Wrote 25 messages (1700 bytes) in the last 30.0 seconds (0.000225 seconds writing). 0 messages (0 bytes) queued. Flushing.
2016-01-04 12:09:23) OutputWriter::HelperThread 0:4 finished.
2016-01-04 12:09:23) OutputWriter 0:3 finished.
2016-01-04 12:09:23) Work unit runner 0:5 finished.
2016-01-04 12:09:23) Resource controller 0:1 finished.
2016-01-04 12:09:23) Closing MPI library.
2016-01-04 12:09:23) Program execution finished.
