Lattice Microbe ES v2016.01.20 build 1 in 64-bit mode with options MPI AVX.
Copyright (C) 2008-2012 Luthey-Schulten Group, University of Illinois at Urbana-Champaign.
Copyright (C) 2012-2016 Roberts Group, Johns Hopkins University.

MPI version 3.0 with thread support MPI_THREAD_MULTIPLE.
Running with 1 process(es).

2016-01-04 12:09:04) Resource controller 0:1 started.
2016-01-04 12:09:04) Supervisor 0:2 started.
2016-01-04 12:09:04) Resource controller 0:1 on xanthus-hd-1 registered with 8 cpu core(s) and 0 gpu device(s).
2016-01-04 12:09:04) Registered resources for host xanthus-hd-1 (defaults=1): 2 cpu cores, 0 gpu devices
2016-01-04 12:09:04) All resources registered with supervisor, starting workers.
2016-01-04 12:09:04) Reserved core 0 on 0:1 for the output writer.
2016-01-04 12:09:04) Creating slot 0 on process (0:1) using resources: xanthus-hd-1; cpu core list:1; gpu device list:<none>.
2016-01-04 12:09:04) OutputWriter 0:3 started.
2016-01-04 12:09:04) Work Unit runner 0:5 started with 1 cpu cores (affinity=0) and 0 gpus.2016-01-04 12:09:04) OutputWriter::HelperThread 0:4 started.

2016-01-04 12:09:04) Output writer started: 0:3.
2016-01-04 12:09:04) Work unit runner started: 0:5.
2016-01-04 12:09:04) All supervisor workers have started, beginning simulation.
2016-01-04 12:09:04) Replicate supervisor starting simulation.
2016-01-04 12:09:04) Simulation started.
2016-01-04 12:10:04) Wrote 51 messages (3387 bytes) in the last 60.1 seconds (0.000178 seconds writing). 0 messages (0 bytes) queued. Flushing.
2016-01-04 12:10:04) Finished 97 work units (ids in range 0 to 96) with 97 parts in the last 60.1 seconds. 970000000 steps in 5.989e+01 seconds (1.620e+07 steps/second).
2016-01-04 12:11:04) Finished 97 work units (ids in range 97 to 193) with 97 parts in the last 60.1 seconds. 970000000 steps in 5.993e+01 seconds (1.619e+07 steps/second).
2016-01-04 12:11:05) Wrote 49 messages (3313 bytes) in the last 60.7 seconds (0.000163 seconds writing). 0 messages (0 bytes) queued. Flushing.
2016-01-04 12:11:05) Replicate 8 completed with 1.00e+05 of simulation time using 20 work units.
2016-01-04 12:11:06) Replicate 6 completed with 1.00e+05 of simulation time using 20 work units.
2016-01-04 12:11:06) Replicate 10 completed with 1.00e+05 of simulation time using 20 work units.
2016-01-04 12:11:07) Replicate 7 completed with 1.00e+05 of simulation time using 20 work units.
2016-01-04 12:11:08) Replicate 9 completed with 1.00e+05 of simulation time using 20 work units.
2016-01-04 12:11:08) Replicate 4 completed with 1.00e+05 of simulation time using 20 work units.
2016-01-04 12:11:08) Replicate 3 completed with 1.00e+05 of simulation time using 21 work units.
2016-01-04 12:11:08) Replicate 2 completed with 1.00e+05 of simulation time using 21 work units.
2016-01-04 12:11:08) Replicate 1 completed with 1.00e+05 of simulation time using 21 work units.
2016-01-04 12:11:08) Replicate 5 completed with 1.00e+05 of simulation time using 21 work units.
2016-01-04 12:11:08) Replicate supervisor finished 10 replicates in 123.90 seconds.
2016-01-04 12:11:08) Simulation finished.
2016-01-04 12:11:08) Finished 10 work units (ids in range 194 to 203) with 10 parts in the last 3.7 seconds. 59924173 steps in 3.705e+00 seconds (1.618e+07 steps/second).
2016-01-04 12:11:08) Supervisor 0:2 finished.
2016-01-04 12:11:08) Wrote 10 messages (680 bytes) in the last 3.1 seconds (0.000031 seconds writing). 0 messages (0 bytes) queued. Flushing.
2016-01-04 12:11:08) OutputWriter::HelperThread 0:4 finished.
2016-01-04 12:11:08) OutputWriter 0:3 finished.
2016-01-04 12:11:08) Work unit runner 0:5 finished.
2016-01-04 12:11:08) Resource controller 0:1 finished.
2016-01-04 12:11:08) Closing MPI library.
2016-01-04 12:11:08) Program execution finished.
