Lattice Microbe ES v2016.01.20 build 1 in 64-bit mode with options MPI AVX.
Copyright (C) 2008-2012 Luthey-Schulten Group, University of Illinois at Urbana-Champaign.
Copyright (C) 2012-2016 Roberts Group, Johns Hopkins University.

MPI version 3.0 with thread support MPI_THREAD_MULTIPLE.
Running with 1 process(es).

2016-01-04 12:02:52) Resource controller 0:1 started.
2016-01-04 12:02:52) Supervisor 0:2 started.
2016-01-04 12:02:52) Resource controller 0:1 on xanthus-hd-1 registered with 8 cpu core(s) and 0 gpu device(s).
2016-01-04 12:02:52) Registered resources for host xanthus-hd-1 (defaults=1): 2 cpu cores, 0 gpu devices
2016-01-04 12:02:52) All resources registered with supervisor, starting workers.
2016-01-04 12:02:52) Reserved core 0 on 0:1 for the output writer.
2016-01-04 12:02:52) Creating slot 0 on process (0:1) using resources: xanthus-hd-1; cpu core list:1; gpu device list:<none>.
2016-01-04 12:02:52) OutputWriter 0:3 started.
2016-01-04 12:02:52) OutputWriter::HelperThread 0:5 started.
2016-01-04 12:02:52) Work Unit runner 0:4 started with 1 cpu cores (affinity=0) and 0 gpus.
2016-01-04 12:02:52) Output writer started: 0:3.
2016-01-04 12:02:52) Work unit runner started: 0:4.
2016-01-04 12:02:52) All supervisor workers have started, beginning simulation.
2016-01-04 12:02:52) Replicate supervisor starting simulation.
2016-01-04 12:02:52) Simulation started.
2016-01-04 12:03:52) Finished 97 work units (ids in range 0 to 96) with 97 parts in the last 60.0 seconds. 970000000 steps in 5.983e+01 seconds (1.621e+07 steps/second).
2016-01-04 12:03:54) Wrote 51 messages (3387 bytes) in the last 61.2 seconds (0.000175 seconds writing). 0 messages (0 bytes) queued. Flushing.
2016-01-04 12:04:52) Finished 97 work units (ids in range 97 to 193) with 97 parts in the last 60.1 seconds. 970000000 steps in 5.992e+01 seconds (1.619e+07 steps/second).
2016-01-04 12:04:53) Replicate 8 completed with 1.00e+05 of simulation time using 20 work units.
2016-01-04 12:04:56) Wrote 50 messages (3381 bytes) in the last 61.9 seconds (0.000150 seconds writing). 0 messages (0 bytes) queued. Flushing.
2016-01-04 12:04:56) Replicate 5 completed with 1.00e+05 of simulation time using 20 work units.
2016-01-04 12:04:56) Replicate 1 completed with 1.00e+05 of simulation time using 20 work units.
2016-01-04 12:04:56) Replicate 2 completed with 1.00e+05 of simulation time using 21 work units.
2016-01-04 12:04:56) Replicate 4 completed with 1.00e+05 of simulation time using 21 work units.
2016-01-04 12:04:56) Replicate 6 completed with 1.00e+05 of simulation time using 21 work units.
2016-01-04 12:04:56) Replicate 3 completed with 1.00e+05 of simulation time using 21 work units.
2016-01-04 12:04:56) Replicate 10 completed with 1.00e+05 of simulation time using 21 work units.
2016-01-04 12:04:56) Replicate 7 completed with 1.00e+05 of simulation time using 21 work units.
2016-01-04 12:04:56) Replicate 9 completed with 1.00e+05 of simulation time using 21 work units.
2016-01-04 12:04:56) Replicate supervisor finished 10 replicates in 123.84 seconds.
2016-01-04 12:04:56) Simulation finished.
2016-01-04 12:04:56) Finished 13 work units (ids in range 194 to 206) with 13 parts in the last 3.8 seconds. 60043153 steps in 3.708e+00 seconds (1.619e+07 steps/second).
2016-01-04 12:04:56) Supervisor 0:2 finished.
2016-01-04 12:04:56) Wrote 9 messages (612 bytes) in the last 0.7 seconds (0.000026 seconds writing). 0 messages (0 bytes) queued. Flushing.
2016-01-04 12:04:56) OutputWriter::HelperThread 0:5 finished.
2016-01-04 12:04:56) OutputWriter 0:3 finished.
2016-01-04 12:04:56) Work unit runner 0:4 finished.
2016-01-04 12:04:56) Resource controller 0:1 finished.
2016-01-04 12:04:56) Closing MPI library.
2016-01-04 12:04:56) Program execution finished.
