Lattice Microbe ES v2016.01.20 build 1 in 64-bit mode with options MPI AVX.
Copyright (C) 2008-2012 Luthey-Schulten Group, University of Illinois at Urbana-Champaign.
Copyright (C) 2012-2016 Roberts Group, Johns Hopkins University.

MPI version 3.0 with thread support MPI_THREAD_MULTIPLE.
Running with 1 process(es).

2016-01-04 11:57:37) Resource controller 0:1 started.
2016-01-04 11:57:37) Supervisor 0:2 started.
2016-01-04 11:57:37) Resource controller 0:1 on barkeri.bph.jhu.edu registered with 8 cpu core(s) and 0 gpu device(s).
2016-01-04 11:57:37) Registered resources for host barkeri.bph.jhu.edu (defaults=1): 2 cpu cores, 0 gpu devices
2016-01-04 11:57:37) All resources registered with supervisor, starting workers.
2016-01-04 11:57:37) Reserved core 0 on 0:1 for the output writer.
2016-01-04 11:57:37) Creating slot 0 on process (0:1) using resources: barkeri.bph.jhu.edu; cpu core list:1; gpu device list:<none>.
2016-01-04 11:57:37) OutputWriter 0:3 started.
2016-01-04 11:57:37) 2016-01-04 11:57:37) Work Unit runner 0:5 started with 1 cpu cores (affinity=0) and 0 gpus.OutputWriter::HelperThread 0:4 started.

2016-01-04 11:57:37) Output writer started: 0:3.
2016-01-04 11:57:37) Work unit runner started: 0:5.
2016-01-04 11:57:37) All supervisor workers have started, beginning simulation.
2016-01-04 11:57:37) Replicate supervisor starting simulation.
2016-01-04 11:57:37) Simulation started.
2016-01-04 11:58:38) Wrote 67 messages (4459 bytes) in the last 60.3 seconds (0.000361 seconds writing). 0 messages (0 bytes) queued. Flushing.
2016-01-04 11:58:38) Finished 121 work units (ids in range 0 to 120) with 121 parts in the last 60.3 seconds. 1210000000 steps in 5.992e+01 seconds (2.019e+07 steps/second).
2016-01-04 11:59:15) Replicate 6 completed with 1.00e+05 of simulation time using 20 work units.
2016-01-04 11:59:15) Replicate 1 completed with 1.00e+05 of simulation time using 20 work units.
2016-01-04 11:59:16) Replicate 7 completed with 1.00e+05 of simulation time using 20 work units.
2016-01-04 11:59:16) Replicate 10 completed with 1.00e+05 of simulation time using 20 work units.
2016-01-04 11:59:17) Replicate 5 completed with 1.00e+05 of simulation time using 20 work units.
2016-01-04 11:59:17) Replicate 8 completed with 1.00e+05 of simulation time using 20 work units.
2016-01-04 11:59:18) Replicate 9 completed with 1.00e+05 of simulation time using 20 work units.
2016-01-04 11:59:18) Replicate 3 completed with 1.00e+05 of simulation time using 21 work units.
2016-01-04 11:59:18) Replicate 4 completed with 1.00e+05 of simulation time using 21 work units.
2016-01-04 11:59:18) Replicate 2 completed with 1.00e+05 of simulation time using 21 work units.
2016-01-04 11:59:18) Replicate supervisor finished 10 replicates in 100.30 seconds.
2016-01-04 11:59:18) Simulation finished.
2016-01-04 11:59:18) Finished 82 work units (ids in range 121 to 202) with 82 parts in the last 40.0 seconds. 789925750 steps in 3.976e+01 seconds (1.987e+07 steps/second).
2016-01-04 11:59:18) Supervisor 0:2 finished.
2016-01-04 11:59:18) Wrote 43 messages (2921 bytes) in the last 40.0 seconds (0.000222 seconds writing). 0 messages (0 bytes) queued. Flushing.
2016-01-04 11:59:18) OutputWriter::HelperThread 0:4 finished.
2016-01-04 11:59:18) OutputWriter 0:3 finished.
2016-01-04 11:59:18) Work unit runner 0:5 finished.
2016-01-04 11:59:18) Resource controller 0:1 finished.
2016-01-04 11:59:18) Closing MPI library.
2016-01-04 11:59:18) Program execution finished.
