Lattice Microbe ES v2016.01.20 build 1 in 64-bit mode with options MPI AVX.
Copyright (C) 2008-2012 Luthey-Schulten Group, University of Illinois at Urbana-Champaign.
Copyright (C) 2012-2016 Roberts Group, Johns Hopkins University.

MPI version 3.0 with thread support MPI_THREAD_MULTIPLE.
Running with 1 process(es).

2016-01-04 12:00:58) Resource controller 0:1 started.
2016-01-04 12:00:58) Supervisor 0:2 started.
2016-01-04 12:00:58) Resource controller 0:1 on barkeri.bph.jhu.edu registered with 8 cpu core(s) and 0 gpu device(s).
2016-01-04 12:00:58) Registered resources for host barkeri.bph.jhu.edu (defaults=1): 2 cpu cores, 0 gpu devices
2016-01-04 12:00:58) All resources registered with supervisor, starting workers.
2016-01-04 12:00:58) Reserved core 0 on 0:1 for the output writer.
2016-01-04 12:00:58) Creating slot 0 on process (0:1) using resources: barkeri.bph.jhu.edu; cpu core list:1; gpu device list:<none>.
2016-01-04 12:00:59) OutputWriter 0:3 started.
2016-01-04 12:00:59) OutputWriter::HelperThread 0:4 started.
2016-01-04 12:00:59) Work Unit runner 0:5 started with 1 cpu cores (affinity=0) and 0 gpus.
2016-01-04 12:00:59) Output writer started: 0:3.
2016-01-04 12:00:59) Work unit runner started: 0:5.
2016-01-04 12:00:59) All supervisor workers have started, beginning simulation.
2016-01-04 12:00:59) Replicate supervisor starting simulation.
2016-01-04 12:00:59) Simulation started.
2016-01-04 12:01:59) Wrote 61 messages (4057 bytes) in the last 60.4 seconds (0.000361 seconds writing). 0 messages (0 bytes) queued. Flushing.
2016-01-04 12:01:59) Finished 117 work units (ids in range 0 to 116) with 117 parts in the last 60.5 seconds. 1170000000 steps in 6.010e+01 seconds (1.947e+07 steps/second).
2016-01-04 12:02:38) Replicate 2 completed with 1.00e+05 of simulation time using 20 work units.
2016-01-04 12:02:39) Replicate 4 completed with 1.00e+05 of simulation time using 20 work units.
2016-01-04 12:02:39) Replicate 9 completed with 1.00e+05 of simulation time using 20 work units.
2016-01-04 12:02:40) Replicate 8 completed with 1.00e+05 of simulation time using 20 work units.
2016-01-04 12:02:40) Replicate 1 completed with 1.00e+05 of simulation time using 20 work units.
2016-01-04 12:02:41) Replicate 3 completed with 1.00e+05 of simulation time using 20 work units.
2016-01-04 12:02:41) Replicate 10 completed with 1.00e+05 of simulation time using 21 work units.
2016-01-04 12:02:41) Replicate 5 completed with 1.00e+05 of simulation time using 21 work units.
2016-01-04 12:02:41) Replicate 7 completed with 1.00e+05 of simulation time using 21 work units.
2016-01-04 12:02:41) Replicate 6 completed with 1.00e+05 of simulation time using 21 work units.
2016-01-04 12:02:41) Replicate supervisor finished 10 replicates in 102.27 seconds.
2016-01-04 12:02:41) Simulation finished.
2016-01-04 12:02:41) Finished 87 work units (ids in range 117 to 203) with 87 parts in the last 41.8 seconds. 829992483 steps in 4.157e+01 seconds (1.997e+07 steps/second).
2016-01-04 12:02:41) Supervisor 0:2 finished.
2016-01-04 12:02:41) Wrote 49 messages (3323 bytes) in the last 41.9 seconds (0.000252 seconds writing). 0 messages (0 bytes) queued. Flushing.
2016-01-04 12:02:41) OutputWriter::HelperThread 0:4 finished.
2016-01-04 12:02:41) OutputWriter 0:3 finished.
2016-01-04 12:02:41) Work unit runner 0:5 finished.
2016-01-04 12:02:41) Resource controller 0:1 finished.
2016-01-04 12:02:41) Closing MPI library.
2016-01-04 12:02:41) Program execution finished.
