Lattice Microbe ES v2016.01.20 build 1 in 64-bit mode with options MPI AVX.
Copyright (C) 2008-2012 Luthey-Schulten Group, University of Illinois at Urbana-Champaign.
Copyright (C) 2012-2016 Roberts Group, Johns Hopkins University.

MPI version 3.0 with thread support MPI_THREAD_MULTIPLE.
Running with 1 process(es).

2016-01-04 12:16:55) Resource controller 0:1 started.
2016-01-04 12:16:55) Supervisor 0:2 started.
2016-01-04 12:16:55) Resource controller 0:1 on xanthus-cp-2 registered with 32 cpu core(s) and 0 gpu device(s).
2016-01-04 12:16:55) Registered resources for host xanthus-cp-2 (defaults=1): 2 cpu cores, 0 gpu devices
2016-01-04 12:16:55) All resources registered with supervisor, starting workers.
2016-01-04 12:16:55) Reserved core 0 on 0:1 for the output writer.
2016-01-04 12:16:55) Creating slot 0 on process (0:1) using resources: xanthus-cp-2; cpu core list:1; gpu device list:<none>.
2016-01-04 12:16:55) OutputWriter 0:3 started.
2016-01-04 12:16:55) OutputWriter::HelperThread 0:4 started.
2016-01-04 12:16:55) Work Unit runner 0:5 started with 1 cpu cores (affinity=0) and 0 gpus.
2016-01-04 12:16:55) Output writer started: 0:3.
2016-01-04 12:16:55) Work unit runner started: 0:5.
2016-01-04 12:16:55) All supervisor workers have started, beginning simulation.
2016-01-04 12:16:55) Replicate supervisor starting simulation.
2016-01-04 12:16:55) Simulation started.
2016-01-04 12:17:56) Wrote 42 messages (2784 bytes) in the last 60.5 seconds (0.000495 seconds writing). 0 messages (0 bytes) queued. Flushing.
2016-01-04 12:17:56) Finished 80 work units (ids in range 0 to 79) with 80 parts in the last 60.5 seconds. 800000000 steps in 6.024e+01 seconds (1.328e+07 steps/second).
2016-01-04 12:18:56) Wrote 40 messages (2693 bytes) in the last 60.5 seconds (0.000386 seconds writing). 0 messages (0 bytes) queued. Flushing.
2016-01-04 12:18:56) Finished 81 work units (ids in range 80 to 160) with 81 parts in the last 60.5 seconds. 810000000 steps in 6.030e+01 seconds (1.343e+07 steps/second).
2016-01-04 12:19:24) Replicate 6 completed with 1.00e+05 of simulation time using 20 work units.
2016-01-04 12:19:25) Replicate 9 completed with 1.00e+05 of simulation time using 20 work units.
2016-01-04 12:19:25) Replicate 4 completed with 1.00e+05 of simulation time using 21 work units.
2016-01-04 12:19:25) Replicate 7 completed with 1.00e+05 of simulation time using 21 work units.
2016-01-04 12:19:25) Replicate 2 completed with 1.00e+05 of simulation time using 21 work units.
2016-01-04 12:19:25) Replicate 10 completed with 1.00e+05 of simulation time using 21 work units.
2016-01-04 12:19:25) Replicate 8 completed with 1.00e+05 of simulation time using 21 work units.
2016-01-04 12:19:25) Replicate 3 completed with 1.00e+05 of simulation time using 21 work units.
2016-01-04 12:19:25) Replicate 5 completed with 1.00e+05 of simulation time using 21 work units.
2016-01-04 12:19:25) Replicate 1 completed with 1.00e+05 of simulation time using 21 work units.
2016-01-04 12:19:25) Replicate supervisor finished 10 replicates in 150.06 seconds.
2016-01-04 12:19:25) Simulation finished.
2016-01-04 12:19:25) Finished 47 work units (ids in range 161 to 207) with 47 parts in the last 29.1 seconds. 390150331 steps in 2.894e+01 seconds (1.348e+07 steps/second).
2016-01-04 12:19:25) Supervisor 0:2 finished.
2016-01-04 12:19:25) Wrote 28 messages (1904 bytes) in the last 29.1 seconds (0.000187 seconds writing). 0 messages (0 bytes) queued. Flushing.
2016-01-04 12:19:25) OutputWriter::HelperThread 0:4 finished.
2016-01-04 12:19:25) OutputWriter 0:3 finished.
2016-01-04 12:19:25) Work unit runner 0:5 finished.
2016-01-04 12:19:25) Resource controller 0:1 finished.
2016-01-04 12:19:25) Closing MPI library.
2016-01-04 12:19:25) Program execution finished.
