Lattice Microbe ES v2016.01.20 build 1 in 64-bit mode with options MPI AVX.
Copyright (C) 2008-2012 Luthey-Schulten Group, University of Illinois at Urbana-Champaign.
Copyright (C) 2012-2016 Roberts Group, Johns Hopkins University.

MPI version 3.0 with thread support MPI_THREAD_MULTIPLE.
Running with 1 process(es).

2016-01-05 16:59:55) Resource controller 0:1 started.
2016-01-05 16:59:55) Supervisor 0:2 started.
2016-01-05 16:59:55) Resource controller 0:1 on barkeri.bph.jhu.edu registered with 8 cpu core(s) and 0 gpu device(s).
2016-01-05 16:59:55) Registered resources for host barkeri.bph.jhu.edu (defaults=1): 2 cpu cores, 0 gpu devices
2016-01-05 16:59:55) All resources registered with supervisor, starting workers.
2016-01-05 16:59:55) Reserved core 0 on 0:1 for the output writer.
2016-01-05 16:59:55) Creating slot 0 on process (0:1) using resources: barkeri.bph.jhu.edu; cpu core list:1; gpu device list:<none>.
2016-01-05 16:59:55) OutputWriter 0:3 started.
2016-01-05 16:59:55) OutputWriter::HelperThread 0:4 started.
2016-01-05 16:59:55) Work Unit runner 0:5 started with 1 cpu cores (affinity=0) and 0 gpus.
2016-01-05 16:59:55) Output writer started: 0:3.
2016-01-05 16:59:55) Work unit runner started: 0:5.
2016-01-05 16:59:55) All supervisor workers have started, beginning simulation.
2016-01-05 16:59:55) Replicate supervisor starting simulation.
2016-01-05 16:59:55) Simulation started.
2016-01-05 17:00:56) Wrote 38 messages (6865 bytes) in the last 60.8 seconds (0.000373 seconds writing). 0 messages (0 bytes) queued. Flushing.
2016-01-05 17:00:56) Finished 54 work units (ids in range 0 to 53) with 216 parts in the last 60.8 seconds. 2160000000 steps in 6.059e+01 seconds (3.565e+07 steps/second).
2016-01-05 17:01:17) Replicate 9 completed with 1.00e+05 of simulation time using 20 work units.
2016-01-05 17:01:19) Replicate 5 completed with 1.00e+05 of simulation time using 20 work units.
2016-01-05 17:01:20) Replicate 1 completed with 1.00e+05 of simulation time using 20 work units.
2016-01-05 17:01:20) Replicate 3 completed with 1.00e+05 of simulation time using 21 work units.
2016-01-05 17:01:20) Replicate 8 completed with 1.00e+05 of simulation time using 21 work units.
2016-01-05 17:01:20) Replicate 13 completed with 1.00e+05 of simulation time using 22 work units.
2016-01-05 17:01:20) Replicate 7 completed with 1.00e+05 of simulation time using 23 work units.
2016-01-05 17:01:20) Replicate 6 completed with 1.00e+05 of simulation time using 21 work units.
2016-01-05 17:01:20) Replicate 2 completed with 1.00e+05 of simulation time using 23 work units.
2016-01-05 17:01:20) Replicate 14 completed with 1.00e+05 of simulation time using 23 work units.
2016-01-05 17:01:20) Replicate 10 completed with 1.00e+05 of simulation time using 23 work units.
2016-01-05 17:01:20) Replicate 15 completed with 1.00e+05 of simulation time using 24 work units.
2016-01-05 17:01:20) GillespieDSolverAVX started without a full set of trajectories, running trajectory 4 with the GillespieDSolver.
2016-01-05 17:01:20) GillespieDSolverAVX started without a full set of trajectories, running trajectory 12 with the GillespieDSolver.
2016-01-05 17:01:20) GillespieDSolverAVX started without a full set of trajectories, running trajectory 11 with the GillespieDSolver.
2016-01-05 17:01:20) Replicate 4 completed with 1.00e+05 of simulation time using 28 work units.
2016-01-05 17:01:20) Replicate 12 completed with 1.00e+05 of simulation time using 26 work units.
2016-01-05 17:01:20) Replicate 11 completed with 1.00e+05 of simulation time using 24 work units.
2016-01-05 17:01:20) Replicate supervisor finished 15 replicates in 84.60 seconds.
2016-01-05 17:01:20) Simulation finished.
2016-01-05 17:01:20) Finished 31 work units (ids in range 54 to 84) with 123 parts in the last 23.8 seconds. 839972431 steps in 2.371e+01 seconds (3.542e+07 steps/second).
2016-01-05 17:01:20) Supervisor 0:2 finished.
2016-01-05 17:01:20) Wrote 26 messages (3031 bytes) in the last 23.8 seconds (0.000184 seconds writing). 0 messages (0 bytes) queued. Flushing.
2016-01-05 17:01:20) OutputWriter::HelperThread 0:4 finished.
2016-01-05 17:01:20) OutputWriter 0:3 finished.
2016-01-05 17:01:20) Work unit runner 0:5 finished.
2016-01-05 17:01:20) Resource controller 0:1 finished.
2016-01-05 17:01:20) Closing MPI library.
2016-01-05 17:01:20) Program execution finished.
