Lattice Microbe ES v2016.01.20 build 1 in 64-bit mode with options MPI AVX FMA SVML.
Copyright (C) 2008-2012 Luthey-Schulten Group, University of Illinois at Urbana-Champaign.
Copyright (C) 2012-2016 Roberts Group, Johns Hopkins University.

MPI version 3.0 with thread support MPI_THREAD_MULTIPLE.
Running with 1 process(es).

2016-01-08 13:42:53) Resource controller 0:1 started.
2016-01-08 13:42:53) Supervisor 0:2 started.
2016-01-08 13:42:53) Resource controller 0:1 on compute0158 registered with 24 cpu core(s) and 0 gpu device(s).
2016-01-08 13:42:53) Registered resources for host compute0158 (defaults=1): 2 cpu cores, 0 gpu devices
2016-01-08 13:42:53) All resources registered with supervisor, starting workers.
2016-01-08 13:42:53) Reserved core 0 on 0:1 for the output writer.
2016-01-08 13:42:53) Creating slot 0 on process (0:1) using resources: compute0158; cpu core list:1; gpu device list:<none>.
2016-01-08 13:42:53) OutputWriter 0:3 started.
2016-01-08 13:42:53) Work Unit runner 0:5 started with 1 cpu cores (affinity=0) and 0 gpus.
2016-01-08 13:42:53) OutputWriter::HelperThread 0:4 started.
2016-01-08 13:42:53) Output writer started: 0:3.
2016-01-08 13:42:53) Work unit runner started: 0:5.
2016-01-08 13:42:53) All supervisor workers have started, beginning simulation.
2016-01-08 13:42:53) Replicate supervisor starting simulation.
2016-01-08 13:42:53) Simulation started.
2016-01-08 13:43:51) Replicate 4 completed with 1.00e+05 of simulation time using 20 work units.
2016-01-08 13:43:53) Replicate 10 completed with 1.00e+05 of simulation time using 20 work units.
2016-01-08 13:43:53) Finished 50 work units (ids in range 0 to 49) with 200 parts in the last 60.0 seconds. 1999813124 steps in 5.989e+01 seconds (3.339e+07 steps/second).
2016-01-08 13:43:53) Replicate 1 completed with 1.00e+05 of simulation time using 21 work units.
2016-01-08 13:43:53) Replicate 9 completed with 1.00e+05 of simulation time using 22 work units.
2016-01-08 13:43:53) Replicate 2 completed with 1.00e+05 of simulation time using 22 work units.
2016-01-08 13:43:53) Wrote 41 messages (6312 bytes) in the last 60.0 seconds (0.000294 seconds writing). 0 messages (0 bytes) queued. Flushing.
2016-01-08 13:43:53) Replicate 5 completed with 1.00e+05 of simulation time using 24 work units.
2016-01-08 13:43:53) Replicate 3 completed with 1.00e+05 of simulation time using 21 work units.
2016-01-08 13:43:53) GillespieDSolverAVX started without a full set of trajectories, running trajectory 6 with the GillespieDSolver.
2016-01-08 13:43:53) GillespieDSolverAVX started without a full set of trajectories, running trajectory 8 with the GillespieDSolver.
2016-01-08 13:43:53) GillespieDSolverAVX started without a full set of trajectories, running trajectory 7 with the GillespieDSolver.
2016-01-08 13:43:53) Replicate 6 completed with 1.00e+05 of simulation time using 26 work units.
2016-01-08 13:43:53) Replicate 8 completed with 1.00e+05 of simulation time using 24 work units.
2016-01-08 13:43:53) Replicate 7 completed with 1.00e+05 of simulation time using 23 work units.
2016-01-08 13:43:53) Replicate supervisor finished 10 replicates in 60.01 seconds.
2016-01-08 13:43:53) Simulation finished.
2016-01-08 13:43:53) Finished 6 work units (ids in range 50 to 55) with 23 parts in the last 0.0 seconds. 121852 steps in 4.953e-03 seconds (2.460e+07 steps/second).
2016-01-08 13:43:53) Supervisor 0:2 finished.
2016-01-08 13:43:53) Wrote 5 messages (347 bytes) in the last 0.0 seconds (0.000016 seconds writing). 0 messages (0 bytes) queued. Flushing.
2016-01-08 13:43:53) OutputWriter::HelperThread 0:4 finished.
2016-01-08 13:43:53) OutputWriter 0:3 finished.
2016-01-08 13:43:53) Work unit runner 0:5 finished.
2016-01-08 13:43:53) Resource controller 0:1 finished.
2016-01-08 13:43:53) Closing MPI library.
2016-01-08 13:43:53) Program execution finished.
