Lattice Microbe ES v2016.01.20 build 1 in 64-bit mode with options MPI AVX.
Copyright (C) 2008-2012 Luthey-Schulten Group, University of Illinois at Urbana-Champaign.
Copyright (C) 2012-2016 Roberts Group, Johns Hopkins University.

MPI version 3.0 with thread support MPI_THREAD_MULTIPLE.
Running with 1 process(es).

2016-01-05 17:14:46) Resource controller 0:1 started.
2016-01-05 17:14:46) Supervisor 0:2 started.
2016-01-05 17:14:46) Resource controller 0:1 on xanthus-hd-1 registered with 8 cpu core(s) and 0 gpu device(s).
2016-01-05 17:14:46) Registered resources for host xanthus-hd-1 (defaults=1): 2 cpu cores, 0 gpu devices
2016-01-05 17:14:46) All resources registered with supervisor, starting workers.
2016-01-05 17:14:46) Reserved core 0 on 0:1 for the output writer.
2016-01-05 17:14:46) Creating slot 0 on process (0:1) using resources: xanthus-hd-1; cpu core list:1; gpu device list:<none>.
2016-01-05 17:14:46) OutputWriter 0:3 started.
2016-01-05 17:14:46) Work Unit runner 0:5 started with 1 cpu cores (affinity=0) and 0 gpus.
2016-01-05 17:14:46) OutputWriter::HelperThread 0:4 started.
2016-01-05 17:14:46) Output writer started: 0:3.
2016-01-05 17:14:46) Work unit runner started: 0:5.
2016-01-05 17:14:46) All supervisor workers have started, beginning simulation.
2016-01-05 17:14:46) Replicate supervisor starting simulation.
2016-01-05 17:14:46) Simulation started.
2016-01-05 17:15:46) Wrote 20 messages (3523 bytes) in the last 60.3 seconds (0.000160 seconds writing). 0 messages (0 bytes) queued. Flushing.
2016-01-05 17:15:46) Finished 30 work units (ids in range 0 to 29) with 120 parts in the last 60.3 seconds. 1200000000 steps in 6.021e+01 seconds (1.993e+07 steps/second).
2016-01-05 17:16:24) Replicate 10 completed with 1.00e+05 of simulation time using 20 work units.
2016-01-05 17:16:26) Replicate 2 completed with 1.00e+05 of simulation time using 20 work units.
2016-01-05 17:16:26) Replicate 9 completed with 1.00e+05 of simulation time using 21 work units.
2016-01-05 17:16:26) Replicate 8 completed with 1.00e+05 of simulation time using 21 work units.
2016-01-05 17:16:26) Replicate 4 completed with 1.00e+05 of simulation time using 22 work units.
2016-01-05 17:16:26) Replicate 5 completed with 1.00e+05 of simulation time using 22 work units.
2016-01-05 17:16:26) Replicate 3 completed with 1.00e+05 of simulation time using 24 work units.
2016-01-05 17:16:26) GillespieDSolverAVX started without a full set of trajectories, running trajectory 7 with the GillespieDSolver.
2016-01-05 17:16:26) GillespieDSolverAVX started without a full set of trajectories, running trajectory 1 with the GillespieDSolver.
2016-01-05 17:16:26) GillespieDSolverAVX started without a full set of trajectories, running trajectory 6 with the GillespieDSolver.
2016-01-05 17:16:26) Replicate 7 completed with 1.00e+05 of simulation time using 24 work units.
2016-01-05 17:16:26) Replicate 1 completed with 1.00e+05 of simulation time using 25 work units.
2016-01-05 17:16:26) Replicate 6 completed with 1.00e+05 of simulation time using 24 work units.
2016-01-05 17:16:26) Replicate supervisor finished 10 replicates in 100.53 seconds.
2016-01-05 17:16:26) Simulation finished.
2016-01-05 17:16:26) Finished 26 work units (ids in range 30 to 55) with 103 parts in the last 40.2 seconds. 799999959 steps in 4.016e+01 seconds (1.992e+07 steps/second).
2016-01-05 17:16:26) Supervisor 0:2 finished.
2016-01-05 17:16:26) Wrote 25 messages (3115 bytes) in the last 40.3 seconds (0.000131 seconds writing). 0 messages (0 bytes) queued. Flushing.
2016-01-05 17:16:26) OutputWriter::HelperThread 0:4 finished.
2016-01-05 17:16:26) OutputWriter 0:3 finished.
2016-01-05 17:16:26) Work unit runner 0:5 finished.
2016-01-05 17:16:26) Resource controller 0:1 finished.
2016-01-05 17:16:26) Closing MPI library.
2016-01-05 17:16:26) Program execution finished.
