Lattice Microbe ES v2016.01.20 build 1 in 64-bit mode with options MPI AVX.
Copyright (C) 2008-2012 Luthey-Schulten Group, University of Illinois at Urbana-Champaign.
Copyright (C) 2012-2016 Roberts Group, Johns Hopkins University.

MPI version 3.0 with thread support MPI_THREAD_MULTIPLE.
Running with 1 process(es).

2016-01-05 17:01:20) Resource controller 0:1 started.
2016-01-05 17:01:20) Supervisor 0:2 started.
2016-01-05 17:01:20) Resource controller 0:1 on barkeri.bph.jhu.edu registered with 8 cpu core(s) and 0 gpu device(s).
2016-01-05 17:01:20) Registered resources for host barkeri.bph.jhu.edu (defaults=1): 2 cpu cores, 0 gpu devices
2016-01-05 17:01:20) All resources registered with supervisor, starting workers.
2016-01-05 17:01:20) Reserved core 0 on 0:1 for the output writer.
2016-01-05 17:01:20) Creating slot 0 on process (0:1) using resources: barkeri.bph.jhu.edu; cpu core list:1; gpu device list:<none>.
2016-01-05 17:01:20) OutputWriter 0:3 started.
2016-01-05 17:01:20) 2016-01-05 17:01:20) OutputWriter::HelperThread 0:4 started.Work Unit runner 0:5 started with 1 cpu cores (affinity=0) and 0 gpus.

2016-01-05 17:01:20) Output writer started: 0:3.
2016-01-05 17:01:20) Work unit runner started: 0:5.
2016-01-05 17:01:20) All supervisor workers have started, beginning simulation.
2016-01-05 17:01:20) Replicate supervisor starting simulation.
2016-01-05 17:01:20) Simulation started.
2016-01-05 17:02:20) Wrote 35 messages (6278 bytes) in the last 60.2 seconds (0.000373 seconds writing). 0 messages (0 bytes) queued. Flushing.
2016-01-05 17:02:20) Finished 52 work units (ids in range 0 to 51) with 208 parts in the last 60.3 seconds. 2080000000 steps in 6.010e+01 seconds (3.461e+07 steps/second).
2016-01-05 17:02:44) Replicate 12 completed with 1.00e+05 of simulation time using 20 work units.
2016-01-05 17:02:45) Replicate 8 completed with 1.00e+05 of simulation time using 20 work units.
2016-01-05 17:02:46) Replicate 4 completed with 1.00e+05 of simulation time using 20 work units.
2016-01-05 17:02:46) Replicate 11 completed with 1.00e+05 of simulation time using 21 work units.
2016-01-05 17:02:46) Replicate 6 completed with 1.00e+05 of simulation time using 21 work units.
2016-01-05 17:02:46) Replicate 1 completed with 1.00e+05 of simulation time using 21 work units.
2016-01-05 17:02:46) Replicate 5 completed with 1.00e+05 of simulation time using 21 work units.
2016-01-05 17:02:46) Replicate 7 completed with 1.00e+05 of simulation time using 24 work units.
2016-01-05 17:02:46) Replicate 15 completed with 1.00e+05 of simulation time using 25 work units.
2016-01-05 17:02:46) Replicate 2 completed with 1.00e+05 of simulation time using 23 work units.
2016-01-05 17:02:46) Replicate 9 completed with 1.00e+05 of simulation time using 23 work units.
2016-01-05 17:02:46) Replicate 14 completed with 1.00e+05 of simulation time using 23 work units.
2016-01-05 17:02:46) GillespieDSolverAVX started without a full set of trajectories, running trajectory 3 with the GillespieDSolver.
2016-01-05 17:02:46) GillespieDSolverAVX started without a full set of trajectories, running trajectory 13 with the GillespieDSolver.
2016-01-05 17:02:46) GillespieDSolverAVX started without a full set of trajectories, running trajectory 10 with the GillespieDSolver.
2016-01-05 17:02:46) Replicate 3 completed with 1.00e+05 of simulation time using 25 work units.
2016-01-05 17:02:46) Replicate 13 completed with 1.00e+05 of simulation time using 27 work units.
2016-01-05 17:02:46) Replicate 10 completed with 1.00e+05 of simulation time using 25 work units.
2016-01-05 17:02:46) Replicate supervisor finished 15 replicates in 86.37 seconds.
2016-01-05 17:02:46) Simulation finished.
2016-01-05 17:02:46) Finished 33 work units (ids in range 52 to 84) with 131 parts in the last 26.1 seconds. 919964563 steps in 2.599e+01 seconds (3.540e+07 steps/second).
2016-01-05 17:02:46) Supervisor 0:2 finished.
2016-01-05 17:02:46) Wrote 29 messages (3617 bytes) in the last 26.2 seconds (0.000209 seconds writing). 0 messages (0 bytes) queued. Flushing.
2016-01-05 17:02:46) OutputWriter::HelperThread 0:4 finished.
2016-01-05 17:02:46) OutputWriter 0:3 finished.
2016-01-05 17:02:46) Work unit runner 0:5 finished.
2016-01-05 17:02:46) Resource controller 0:1 finished.
2016-01-05 17:02:46) Closing MPI library.
2016-01-05 17:02:46) Program execution finished.
