Lattice Microbe ES v2016.01.20 build 1 in 64-bit mode with options MPI AVX.
Copyright (C) 2008-2012 Luthey-Schulten Group, University of Illinois at Urbana-Champaign.
Copyright (C) 2012-2016 Roberts Group, Johns Hopkins University.

MPI version 3.0 with thread support MPI_THREAD_MULTIPLE.
Running with 1 process(es).

2016-01-05 17:09:44) Resource controller 0:1 started.
2016-01-05 17:09:44) Supervisor 0:2 started.
2016-01-05 17:09:44) Resource controller 0:1 on xanthus-hd-1 registered with 8 cpu core(s) and 0 gpu device(s).
2016-01-05 17:09:44) Registered resources for host xanthus-hd-1 (defaults=1): 2 cpu cores, 0 gpu devices
2016-01-05 17:09:44) All resources registered with supervisor, starting workers.
2016-01-05 17:09:44) Reserved core 0 on 0:1 for the output writer.
2016-01-05 17:09:44) Creating slot 0 on process (0:1) using resources: xanthus-hd-1; cpu core list:1; gpu device list:<none>.
2016-01-05 17:09:44) OutputWriter 0:3 started.
2016-01-05 17:09:44) Work Unit runner 0:5 started with 1 cpu cores (affinity=0) and 0 gpus.
2016-01-05 17:09:44) OutputWriter::HelperThread 0:4 started.
2016-01-05 17:09:44) Output writer started: 0:3.
2016-01-05 17:09:44) Work unit runner started: 0:5.
2016-01-05 17:09:44) All supervisor workers have started, beginning simulation.
2016-01-05 17:09:44) Replicate supervisor starting simulation.
2016-01-05 17:09:44) Simulation started.
2016-01-05 17:10:44) Wrote 21 messages (3545 bytes) in the last 60.2 seconds (0.000171 seconds writing). 0 messages (0 bytes) queued. Flushing.
2016-01-05 17:10:44) Finished 30 work units (ids in range 0 to 29) with 120 parts in the last 60.3 seconds. 1200000000 steps in 6.015e+01 seconds (1.995e+07 steps/second).
2016-01-05 17:11:25) Replicate 6 completed with 1.00e+05 of simulation time using 20 work units.
2016-01-05 17:11:25) Replicate 7 completed with 1.00e+05 of simulation time using 21 work units.
2016-01-05 17:11:25) Replicate 1 completed with 1.00e+05 of simulation time using 22 work units.
2016-01-05 17:11:25) Replicate 8 completed with 1.00e+05 of simulation time using 21 work units.
2016-01-05 17:11:25) Replicate 5 completed with 1.00e+05 of simulation time using 21 work units.
2016-01-05 17:11:25) Replicate 10 completed with 1.00e+05 of simulation time using 24 work units.
2016-01-05 17:11:25) Replicate 2 completed with 1.00e+05 of simulation time using 23 work units.
2016-01-05 17:11:25) GillespieDSolverAVX started without a full set of trajectories, running trajectory 3 with the GillespieDSolver.
2016-01-05 17:11:25) GillespieDSolverAVX started without a full set of trajectories, running trajectory 4 with the GillespieDSolver.
2016-01-05 17:11:25) GillespieDSolverAVX started without a full set of trajectories, running trajectory 9 with the GillespieDSolver.
2016-01-05 17:11:25) Replicate 3 completed with 1.00e+05 of simulation time using 25 work units.
2016-01-05 17:11:25) Replicate 4 completed with 1.00e+05 of simulation time using 24 work units.
2016-01-05 17:11:25) Replicate 9 completed with 1.00e+05 of simulation time using 26 work units.
2016-01-05 17:11:25) Replicate supervisor finished 10 replicates in 100.44 seconds.
2016-01-05 17:11:25) Simulation finished.
2016-01-05 17:11:25) Finished 27 work units (ids in range 30 to 56) with 107 parts in the last 40.2 seconds. 800107883 steps in 4.013e+01 seconds (1.994e+07 steps/second).
2016-01-05 17:11:25) Supervisor 0:2 finished.
2016-01-05 17:11:25) Wrote 25 messages (3115 bytes) in the last 40.2 seconds (0.000144 seconds writing). 0 messages (0 bytes) queued. Flushing.
2016-01-05 17:11:25) OutputWriter::HelperThread 0:4 finished.
2016-01-05 17:11:25) OutputWriter 0:3 finished.
2016-01-05 17:11:25) Work unit runner 0:5 finished.
2016-01-05 17:11:25) Resource controller 0:1 finished.
2016-01-05 17:11:25) Closing MPI library.
2016-01-05 17:11:25) Program execution finished.
