Lattice Microbe ES v2016.01.20 build 1 in 64-bit mode with options MPI AVX FMA SVML.
Copyright (C) 2008-2012 Luthey-Schulten Group, University of Illinois at Urbana-Champaign.
Copyright (C) 2012-2016 Roberts Group, Johns Hopkins University.

MPI version 3.0 with thread support MPI_THREAD_MULTIPLE.
Running with 1 process(es).

2016-01-08 13:39:52) Resource controller 0:1 started.
2016-01-08 13:39:52) Supervisor 0:2 started.
2016-01-08 13:39:52) Resource controller 0:1 on compute0158 registered with 24 cpu core(s) and 0 gpu device(s).
2016-01-08 13:39:52) Registered resources for host compute0158 (defaults=1): 2 cpu cores, 0 gpu devices
2016-01-08 13:39:52) All resources registered with supervisor, starting workers.
2016-01-08 13:39:52) Reserved core 0 on 0:1 for the output writer.
2016-01-08 13:39:52) Creating slot 0 on process (0:1) using resources: compute0158; cpu core list:1; gpu device list:<none>.
2016-01-08 13:39:52) OutputWriter 0:3 started.
2016-01-08 13:39:52) Work Unit runner 0:5 started with 1 cpu cores (affinity=0) and 0 gpus.
2016-01-08 13:39:52) OutputWriter::HelperThread 0:4 started.
2016-01-08 13:39:52) Output writer started: 0:3.
2016-01-08 13:39:52) Work unit runner started: 0:5.
2016-01-08 13:39:52) All supervisor workers have started, beginning simulation.
2016-01-08 13:39:52) Replicate supervisor starting simulation.
2016-01-08 13:39:52) Simulation started.
2016-01-08 13:40:51) Replicate 2 completed with 1.00e+05 of simulation time using 20 work units.
2016-01-08 13:40:52) Replicate 4 completed with 1.00e+05 of simulation time using 20 work units.
2016-01-08 13:40:52) Finished 50 work units (ids in range 0 to 49) with 200 parts in the last 60.0 seconds. 1999876356 steps in 5.986e+01 seconds (3.341e+07 steps/second).
2016-01-08 13:40:52) Replicate 3 completed with 1.00e+05 of simulation time using 21 work units.
2016-01-08 13:40:52) Replicate 9 completed with 1.00e+05 of simulation time using 22 work units.
2016-01-08 13:40:52) Replicate 7 completed with 1.00e+05 of simulation time using 22 work units.
2016-01-08 13:40:52) Wrote 38 messages (6250 bytes) in the last 60.0 seconds (0.000267 seconds writing). 0 messages (0 bytes) queued. Flushing.
2016-01-08 13:40:52) Replicate 1 completed with 1.00e+05 of simulation time using 21 work units.
2016-01-08 13:40:52) Replicate 10 completed with 1.00e+05 of simulation time using 21 work units.
2016-01-08 13:40:52) GillespieDSolverAVX started without a full set of trajectories, running trajectory 5 with the GillespieDSolver.
2016-01-08 13:40:52) GillespieDSolverAVX started without a full set of trajectories, running trajectory 6 with the GillespieDSolver.
2016-01-08 13:40:52) GillespieDSolverAVX started without a full set of trajectories, running trajectory 8 with the GillespieDSolver.
2016-01-08 13:40:52) Replicate 5 completed with 1.00e+05 of simulation time using 25 work units.
2016-01-08 13:40:52) Replicate 6 completed with 1.00e+05 of simulation time using 25 work units.
2016-01-08 13:40:52) Replicate 8 completed with 1.00e+05 of simulation time using 26 work units.
2016-01-08 13:40:52) Replicate supervisor finished 10 replicates in 60.01 seconds.
2016-01-08 13:40:52) Simulation finished.
2016-01-08 13:40:52) Finished 6 work units (ids in range 50 to 55) with 23 parts in the last 0.0 seconds. 131648 steps in 5.526e-03 seconds (2.382e+07 steps/second).
2016-01-08 13:40:52) Supervisor 0:2 finished.
2016-01-08 13:40:52) Wrote 5 messages (347 bytes) in the last 0.0 seconds (0.000017 seconds writing). 0 messages (0 bytes) queued. Flushing.
2016-01-08 13:40:52) OutputWriter::HelperThread 0:4 finished.
2016-01-08 13:40:52) OutputWriter 0:3 finished.
2016-01-08 13:40:52) Work unit runner 0:5 finished.
2016-01-08 13:40:52) Resource controller 0:1 finished.
2016-01-08 13:40:52) Closing MPI library.
2016-01-08 13:40:52) Program execution finished.
