Lattice Microbe ES v2016.01.20 build 1 in 64-bit mode with options MPI AVX.
Copyright (C) 2008-2012 Luthey-Schulten Group, University of Illinois at Urbana-Champaign.
Copyright (C) 2012-2016 Roberts Group, Johns Hopkins University.

MPI version 3.0 with thread support MPI_THREAD_MULTIPLE.
Running with 1 process(es).

2016-01-05 17:04:45) Resource controller 0:1 started.
2016-01-05 17:04:45) Supervisor 0:2 started.
2016-01-05 17:04:45) Resource controller 0:1 on xanthus-cp-2 registered with 32 cpu core(s) and 0 gpu device(s).
2016-01-05 17:04:45) Registered resources for host xanthus-cp-2 (defaults=1): 2 cpu cores, 0 gpu devices
2016-01-05 17:04:45) All resources registered with supervisor, starting workers.
2016-01-05 17:04:45) Reserved core 0 on 0:1 for the output writer.
2016-01-05 17:04:45) Creating slot 0 on process (0:1) using resources: xanthus-cp-2; cpu core list:1; gpu device list:<none>.
2016-01-05 17:04:45) OutputWriter 0:3 started.
2016-01-05 17:04:45) Work Unit runner 0:5 started with 1 cpu cores (affinity=0) and 0 gpus.
2016-01-05 17:04:45) OutputWriter::HelperThread 0:4 started.
2016-01-05 17:04:45) Output writer started: 0:3.
2016-01-05 17:04:45) Work unit runner started: 0:5.
2016-01-05 17:04:45) All supervisor workers have started, beginning simulation.
2016-01-05 17:04:45) Replicate supervisor starting simulation.
2016-01-05 17:04:45) Simulation started.
2016-01-05 17:05:45) Wrote 16 messages (3074 bytes) in the last 60.1 seconds (0.000341 seconds writing). 0 messages (0 bytes) queued. Flushing.
2016-01-05 17:05:45) Finished 26 work units (ids in range 0 to 25) with 104 parts in the last 60.1 seconds. 1040000000 steps in 6.002e+01 seconds (1.733e+07 steps/second).
2016-01-05 17:06:39) Replicate 5 completed with 1.00e+05 of simulation time using 20 work units.
2016-01-05 17:06:41) Replicate 10 completed with 1.00e+05 of simulation time using 20 work units.
2016-01-05 17:06:41) Replicate 1 completed with 1.00e+05 of simulation time using 21 work units.
2016-01-05 17:06:41) Replicate 7 completed with 1.00e+05 of simulation time using 21 work units.
2016-01-05 17:06:41) Replicate 3 completed with 1.00e+05 of simulation time using 23 work units.
2016-01-05 17:06:41) Replicate 2 completed with 1.00e+05 of simulation time using 24 work units.
2016-01-05 17:06:41) Replicate 4 completed with 1.00e+05 of simulation time using 22 work units.
2016-01-05 17:06:41) GillespieDSolverAVX started without a full set of trajectories, running trajectory 9 with the GillespieDSolver.
2016-01-05 17:06:41) GillespieDSolverAVX started without a full set of trajectories, running trajectory 6 with the GillespieDSolver.
2016-01-05 17:06:41) GillespieDSolverAVX started without a full set of trajectories, running trajectory 8 with the GillespieDSolver.
2016-01-05 17:06:41) Replicate 9 completed with 1.00e+05 of simulation time using 23 work units.
2016-01-05 17:06:41) Replicate 6 completed with 1.00e+05 of simulation time using 24 work units.
2016-01-05 17:06:41) Replicate 8 completed with 1.00e+05 of simulation time using 25 work units.
2016-01-05 17:06:41) Replicate supervisor finished 10 replicates in 115.55 seconds.
2016-01-05 17:06:41) Simulation finished.
2016-01-05 17:06:41) Finished 30 work units (ids in range 26 to 55) with 119 parts in the last 55.5 seconds. 960076035 steps in 5.539e+01 seconds (1.733e+07 steps/second).
2016-01-05 17:06:41) Supervisor 0:2 finished.
2016-01-05 17:06:41) Wrote 24 messages (3460 bytes) in the last 55.5 seconds (0.000339 seconds writing). 0 messages (0 bytes) queued. Flushing.
2016-01-05 17:06:41) OutputWriter::HelperThread 0:4 finished.
2016-01-05 17:06:41) OutputWriter 0:3 finished.
2016-01-05 17:06:41) Work unit runner 0:5 finished.
2016-01-05 17:06:41) Resource controller 0:1 finished.
2016-01-05 17:06:41) Closing MPI library.
2016-01-05 17:06:41) Program execution finished.
