Lattice Microbe ES v2016.01.20 build 1 in 64-bit mode with options MPI AVX.
Copyright (C) 2008-2012 Luthey-Schulten Group, University of Illinois at Urbana-Champaign.
Copyright (C) 2012-2016 Roberts Group, Johns Hopkins University.

MPI version 3.0 with thread support MPI_THREAD_MULTIPLE.
Running with 1 process(es).

2016-01-05 16:58:30) Resource controller 0:1 started.
2016-01-05 16:58:30) Supervisor 0:2 started.
2016-01-05 16:58:30) Resource controller 0:1 on barkeri.bph.jhu.edu registered with 8 cpu core(s) and 0 gpu device(s).
2016-01-05 16:58:30) Registered resources for host barkeri.bph.jhu.edu (defaults=1): 2 cpu cores, 0 gpu devices
2016-01-05 16:58:30) All resources registered with supervisor, starting workers.
2016-01-05 16:58:30) Reserved core 0 on 0:1 for the output writer.
2016-01-05 16:58:30) Creating slot 0 on process (0:1) using resources: barkeri.bph.jhu.edu; cpu core list:1; gpu device list:<none>.
2016-01-05 16:58:30) OutputWriter 0:3 started.
2016-01-05 16:58:30) OutputWriter::HelperThread 0:4 started.
2016-01-05 16:58:30) Work Unit runner 0:5 started with 1 cpu cores (affinity=0) and 0 gpus.
2016-01-05 16:58:30) Output writer started: 0:3.
2016-01-05 16:58:30) Work unit runner started: 0:5.
2016-01-05 16:58:30) All supervisor workers have started, beginning simulation.
2016-01-05 16:58:30) Replicate supervisor starting simulation.
2016-01-05 16:58:30) Simulation started.
2016-01-05 16:59:31) Wrote 38 messages (6656 bytes) in the last 60.9 seconds (0.000361 seconds writing). 0 messages (0 bytes) queued. Flushing.
2016-01-05 16:59:31) Finished 54 work units (ids in range 0 to 53) with 216 parts in the last 60.9 seconds. 2160000000 steps in 6.071e+01 seconds (3.558e+07 steps/second).
2016-01-05 16:59:54) Replicate 7 completed with 1.00e+05 of simulation time using 20 work units.
2016-01-05 16:59:55) Replicate 9 completed with 1.00e+05 of simulation time using 20 work units.
2016-01-05 16:59:55) Replicate 5 completed with 1.00e+05 of simulation time using 21 work units.
2016-01-05 16:59:55) Replicate 3 completed with 1.00e+05 of simulation time using 22 work units.
2016-01-05 16:59:55) Replicate 6 completed with 1.00e+05 of simulation time using 21 work units.
2016-01-05 16:59:55) Replicate 1 completed with 1.00e+05 of simulation time using 21 work units.
2016-01-05 16:59:55) Replicate 2 completed with 1.00e+05 of simulation time using 22 work units.
2016-01-05 16:59:55) Replicate 12 completed with 1.00e+05 of simulation time using 23 work units.
2016-01-05 16:59:55) Replicate 15 completed with 1.00e+05 of simulation time using 24 work units.
2016-01-05 16:59:55) Replicate 4 completed with 1.00e+05 of simulation time using 22 work units.
2016-01-05 16:59:55) Replicate 11 completed with 1.00e+05 of simulation time using 22 work units.
2016-01-05 16:59:55) Replicate 10 completed with 1.00e+05 of simulation time using 27 work units.
2016-01-05 16:59:55) GillespieDSolverAVX started without a full set of trajectories, running trajectory 13 with the GillespieDSolver.
2016-01-05 16:59:55) GillespieDSolverAVX started without a full set of trajectories, running trajectory 8 with the GillespieDSolver.
2016-01-05 16:59:55) GillespieDSolverAVX started without a full set of trajectories, running trajectory 14 with the GillespieDSolver.
2016-01-05 16:59:55) Replicate 13 completed with 1.00e+05 of simulation time using 27 work units.
2016-01-05 16:59:55) Replicate 8 completed with 1.00e+05 of simulation time using 27 work units.
2016-01-05 16:59:55) Replicate 14 completed with 1.00e+05 of simulation time using 24 work units.
2016-01-05 16:59:55) Replicate supervisor finished 15 replicates in 84.63 seconds.
2016-01-05 16:59:55) Simulation finished.
2016-01-05 16:59:55) Finished 32 work units (ids in range 54 to 85) with 127 parts in the last 23.7 seconds. 840039920 steps in 2.361e+01 seconds (3.558e+07 steps/second).
2016-01-05 16:59:55) Supervisor 0:2 finished.
2016-01-05 16:59:55) Wrote 25 messages (3221 bytes) in the last 23.8 seconds (0.000196 seconds writing). 0 messages (0 bytes) queued. Flushing.
2016-01-05 16:59:55) OutputWriter::HelperThread 0:4 finished.
2016-01-05 16:59:55) OutputWriter 0:3 finished.
2016-01-05 16:59:55) Work unit runner 0:5 finished.
2016-01-05 16:59:55) Resource controller 0:1 finished.
2016-01-05 16:59:55) Closing MPI library.
2016-01-05 16:59:55) Program execution finished.
