Lattice Microbe ES v2016.01.20 build 1 in 64-bit mode with options MPI AVX.
Copyright (C) 2008-2012 Luthey-Schulten Group, University of Illinois at Urbana-Champaign.
Copyright (C) 2012-2016 Roberts Group, Johns Hopkins University.

MPI version 3.0 with thread support MPI_THREAD_MULTIPLE.
Running with 1 process(es).

2016-01-05 17:16:16) Resource controller 0:1 started.
2016-01-05 17:16:16) Supervisor 0:2 started.
2016-01-05 17:16:16) Resource controller 0:1 on xanthus-cp-2 registered with 32 cpu core(s) and 0 gpu device(s).
2016-01-05 17:16:16) Registered resources for host xanthus-cp-2 (defaults=1): 2 cpu cores, 0 gpu devices
2016-01-05 17:16:16) All resources registered with supervisor, starting workers.
2016-01-05 17:16:16) Reserved core 0 on 0:1 for the output writer.
2016-01-05 17:16:16) Creating slot 0 on process (0:1) using resources: xanthus-cp-2; cpu core list:1; gpu device list:<none>.
2016-01-05 17:16:16) OutputWriter 0:3 started.
2016-01-05 17:16:16) Work Unit runner 0:4 started with 1 cpu cores (affinity=0) and 0 gpus.
2016-01-05 17:16:16) OutputWriter::HelperThread 0:5 started.
2016-01-05 17:16:16) Output writer started: 0:3.
2016-01-05 17:16:16) Work unit runner started: 0:4.
2016-01-05 17:16:16) All supervisor workers have started, beginning simulation.
2016-01-05 17:16:16) Replicate supervisor starting simulation.
2016-01-05 17:16:16) Simulation started.
2016-01-05 17:17:16) Wrote 19 messages (3239 bytes) in the last 60.1 seconds (0.000196 seconds writing). 0 messages (0 bytes) queued. Flushing.
2016-01-05 17:17:16) Finished 26 work units (ids in range 0 to 25) with 104 parts in the last 60.1 seconds. 1040000000 steps in 6.004e+01 seconds (1.732e+07 steps/second).
2016-01-05 17:18:09) Replicate 5 completed with 1.00e+05 of simulation time using 20 work units.
2016-01-05 17:18:11) Replicate 2 completed with 1.00e+05 of simulation time using 20 work units.
2016-01-05 17:18:11) Replicate 1 completed with 1.00e+05 of simulation time using 21 work units.
2016-01-05 17:18:11) Replicate 4 completed with 1.00e+05 of simulation time using 21 work units.
2016-01-05 17:18:11) Replicate 8 completed with 1.00e+05 of simulation time using 22 work units.
2016-01-05 17:18:11) Replicate 9 completed with 1.00e+05 of simulation time using 22 work units.
2016-01-05 17:18:11) Replicate 7 completed with 1.00e+05 of simulation time using 22 work units.
2016-01-05 17:18:11) GillespieDSolverAVX started without a full set of trajectories, running trajectory 10 with the GillespieDSolver.
2016-01-05 17:18:11) GillespieDSolverAVX started without a full set of trajectories, running trajectory 6 with the GillespieDSolver.
2016-01-05 17:18:11) GillespieDSolverAVX started without a full set of trajectories, running trajectory 3 with the GillespieDSolver.
2016-01-05 17:18:11) Replicate 10 completed with 1.00e+05 of simulation time using 25 work units.
2016-01-05 17:18:11) Replicate 6 completed with 1.00e+05 of simulation time using 25 work units.
2016-01-05 17:18:11) Replicate 3 completed with 1.00e+05 of simulation time using 25 work units.
2016-01-05 17:18:11) Replicate supervisor finished 10 replicates in 115.61 seconds.
2016-01-05 17:18:11) Simulation finished.
2016-01-05 17:18:11) Finished 30 work units (ids in range 26 to 55) with 119 parts in the last 55.5 seconds. 959992700 steps in 5.543e+01 seconds (1.732e+07 steps/second).
2016-01-05 17:18:11) Supervisor 0:2 finished.
2016-01-05 17:18:11) Wrote 26 messages (3397 bytes) in the last 55.5 seconds (0.000286 seconds writing). 0 messages (0 bytes) queued. Flushing.
2016-01-05 17:18:11) OutputWriter::HelperThread 0:5 finished.
2016-01-05 17:18:11) OutputWriter 0:3 finished.
2016-01-05 17:18:11) Work unit runner 0:4 finished.
2016-01-05 17:18:11) Resource controller 0:1 finished.
2016-01-05 17:18:11) Closing MPI library.
2016-01-05 17:18:11) Program execution finished.
