Lattice Microbe ES v2016.01.20 build 1 in 64-bit mode with options MPI AVX.
Copyright (C) 2008-2012 Luthey-Schulten Group, University of Illinois at Urbana-Champaign.
Copyright (C) 2012-2016 Roberts Group, Johns Hopkins University.

MPI version 3.0 with thread support MPI_THREAD_MULTIPLE.
Running with 1 process(es).

2016-01-05 17:08:04) Resource controller 0:1 started.
2016-01-05 17:08:04) Supervisor 0:2 started.
2016-01-05 17:08:04) Resource controller 0:1 on xanthus-hd-1 registered with 8 cpu core(s) and 0 gpu device(s).
2016-01-05 17:08:04) Registered resources for host xanthus-hd-1 (defaults=1): 2 cpu cores, 0 gpu devices
2016-01-05 17:08:04) All resources registered with supervisor, starting workers.
2016-01-05 17:08:04) Reserved core 0 on 0:1 for the output writer.
2016-01-05 17:08:04) Creating slot 0 on process (0:1) using resources: xanthus-hd-1; cpu core list:1; gpu device list:<none>.
2016-01-05 17:08:04) OutputWriter 0:3 started.
2016-01-05 17:08:04) Work Unit runner 0:5 started with 1 cpu cores (affinity=0) and 0 gpus.
2016-01-05 17:08:04) OutputWriter::HelperThread 0:4 started.
2016-01-05 17:08:04) Output writer started: 0:3.
2016-01-05 17:08:04) Work unit runner started: 0:5.
2016-01-05 17:08:04) All supervisor workers have started, beginning simulation.
2016-01-05 17:08:04) Replicate supervisor starting simulation.
2016-01-05 17:08:04) Simulation started.
2016-01-05 17:09:04) Wrote 21 messages (3544 bytes) in the last 60.2 seconds (0.000173 seconds writing). 0 messages (0 bytes) queued. Flushing.
2016-01-05 17:09:04) Finished 30 work units (ids in range 0 to 29) with 120 parts in the last 60.3 seconds. 1200000000 steps in 6.015e+01 seconds (1.995e+07 steps/second).
2016-01-05 17:09:42) Replicate 3 completed with 1.00e+05 of simulation time using 20 work units.
2016-01-05 17:09:44) Replicate 5 completed with 1.00e+05 of simulation time using 20 work units.
2016-01-05 17:09:44) Replicate 9 completed with 1.00e+05 of simulation time using 21 work units.
2016-01-05 17:09:44) Replicate 1 completed with 1.00e+05 of simulation time using 21 work units.
2016-01-05 17:09:44) Replicate 7 completed with 1.00e+05 of simulation time using 22 work units.
2016-01-05 17:09:44) Replicate 6 completed with 1.00e+05 of simulation time using 24 work units.
2016-01-05 17:09:44) Replicate 8 completed with 1.00e+05 of simulation time using 23 work units.
2016-01-05 17:09:44) GillespieDSolverAVX started without a full set of trajectories, running trajectory 4 with the GillespieDSolver.
2016-01-05 17:09:44) GillespieDSolverAVX started without a full set of trajectories, running trajectory 10 with the GillespieDSolver.
2016-01-05 17:09:44) GillespieDSolverAVX started without a full set of trajectories, running trajectory 2 with the GillespieDSolver.
2016-01-05 17:09:44) Replicate 4 completed with 1.00e+05 of simulation time using 26 work units.
2016-01-05 17:09:44) Replicate 10 completed with 1.00e+05 of simulation time using 23 work units.
2016-01-05 17:09:44) Replicate 2 completed with 1.00e+05 of simulation time using 23 work units.
2016-01-05 17:09:44) Replicate supervisor finished 10 replicates in 100.48 seconds.
2016-01-05 17:09:44) Simulation finished.
2016-01-05 17:09:44) Finished 26 work units (ids in range 30 to 55) with 103 parts in the last 40.2 seconds. 800004675 steps in 4.018e+01 seconds (1.991e+07 steps/second).
2016-01-05 17:09:44) Supervisor 0:2 finished.
2016-01-05 17:09:44) Wrote 24 messages (3096 bytes) in the last 40.2 seconds (0.000144 seconds writing). 0 messages (0 bytes) queued. Flushing.
2016-01-05 17:09:44) OutputWriter::HelperThread 0:4 finished.
2016-01-05 17:09:44) OutputWriter 0:3 finished.
2016-01-05 17:09:44) Work unit runner 0:5 finished.
2016-01-05 17:09:44) Resource controller 0:1 finished.
2016-01-05 17:09:44) Closing MPI library.
2016-01-05 17:09:44) Program execution finished.
