Lattice Microbe ES v2016.12 build 2016-12-29-09-53-31 in 64-bit mode with options AVX SBML SNAPPY.
Copyright (C) 2012-2017 Roberts Group, Johns Hopkins University.
Copyright (C) 2008-2012 Luthey-Schulten Group, University of Illinois at Urbana-Champaign.

2016-11-29 11:57:16) Initializing communications library.
2016-11-29 11:57:16) Using local communicator on host barkeri.bph.jhu.edu.
2016-11-29 11:57:16) Resource controller @1 started.
2016-11-29 11:57:16) Supervisor @0 started.
2016-11-29 11:57:16) Resource controller @1 on barkeri.bph.jhu.edu registered with 8 cpu core(s) and 0 gpu device(s).
2016-11-29 11:57:16) Registered resources for host barkeri.bph.jhu.edu (defaults=1): 2 cpu cores, 0 gpu devices
2016-11-29 11:57:16) All resources registered with supervisor, starting workers.
2016-11-29 11:57:16) Reserved core 0 on @1 for the output writer.
2016-11-29 11:57:16) OutputWriter @3 started.
2016-11-29 11:57:16) Creating slot 0 on @1 using resources: barkeri.bph.jhu.edu; @1; cpu core list:1; gpu device list:<none>.
2016-11-29 11:57:16) OutputWriter::HelperThread @3 started.
2016-11-29 11:57:16) Output writer started: @3.
2016-11-29 11:57:16) Work Unit runner @4 started with 1 cpu cores (affinity=0) and 0 gpus.
2016-11-29 11:57:16) Work unit runner started: @4.
2016-11-29 11:57:16) All supervisor workers have started, beginning simulation.
2016-11-29 11:57:16) Replicate supervisor starting simulation.
2016-11-29 11:57:16) Simulation started.
2016-11-29 11:58:17) Finished 115 work units (ids in range 0 to 114) with 115 parts in the last 60.5 seconds. 1150000000 steps in 6.048e+01 seconds (1.901e+07 steps/second).
2016-11-29 11:58:17) Wrote 60 messages (3780 bytes) in the last 61.0 seconds (0.000365 seconds writing). 0 messages (0 bytes) queued. Flushing.
2016-11-29 11:59:17) Finished 113 work units (ids in range 115 to 227) with 113 parts in the last 60.1 seconds. 1130000000 steps in 6.006e+01 seconds (1.882e+07 steps/second).
2016-11-29 11:59:19) Wrote 60 messages (3827 bytes) in the last 61.7 seconds (0.000405 seconds writing). 0 messages (0 bytes) queued. Flushing.
2016-11-29 11:59:54) Replicate 13 completed with 1.00e+05 of simulation time using 20 work units.
2016-11-29 11:59:54) Replicate 9 completed with 1.00e+05 of simulation time using 20 work units.
2016-11-29 11:59:55) Replicate 12 completed with 1.00e+05 of simulation time using 20 work units.
2016-11-29 11:59:55) Replicate 6 completed with 1.00e+05 of simulation time using 20 work units.
2016-11-29 11:59:56) Replicate 1 completed with 1.00e+05 of simulation time using 20 work units.
2016-11-29 11:59:56) Replicate 10 completed with 1.00e+05 of simulation time using 20 work units.
2016-11-29 11:59:56) Replicate 5 completed with 1.00e+05 of simulation time using 21 work units.
2016-11-29 11:59:56) Replicate 8 completed with 1.00e+05 of simulation time using 21 work units.
2016-11-29 11:59:56) Replicate 2 completed with 1.00e+05 of simulation time using 21 work units.
2016-11-29 11:59:56) Replicate 15 completed with 1.00e+05 of simulation time using 21 work units.
2016-11-29 11:59:56) Replicate 11 completed with 1.00e+05 of simulation time using 21 work units.
2016-11-29 11:59:56) Replicate 4 completed with 1.00e+05 of simulation time using 21 work units.
2016-11-29 11:59:56) Replicate 14 completed with 1.00e+05 of simulation time using 21 work units.
2016-11-29 11:59:56) Replicate 7 completed with 1.00e+05 of simulation time using 21 work units.
2016-11-29 11:59:56) Replicate 3 completed with 1.00e+05 of simulation time using 21 work units.
2016-11-29 11:59:56) Replicate supervisor finished 15 replicates in 160.22 seconds.
2016-11-29 11:59:56) Simulation finished.
2016-11-29 11:59:56) Finished 81 work units (ids in range 228 to 308) with 81 parts in the last 39.7 seconds. 720068322 steps in 3.966e+01 seconds (1.816e+07 steps/second).
2016-11-29 11:59:56) Supervisor @0 finished.
2016-11-29 11:59:56) Wrote 45 messages (2880 bytes) in the last 37.5 seconds (0.000305 seconds writing). 0 messages (0 bytes) queued. Flushing.
2016-11-29 11:59:56) OutputWriter wrote 165 messages and 10487 bytes total.
2016-11-29 11:59:56) OutputWriter::HelperThread @3 finished.
2016-11-29 11:59:56) OutputWriter @3 flushing and closing.
2016-11-29 11:59:56) OutputWriter @3 finished.
2016-11-29 11:59:56) Work unit runner @4 finished.
2016-11-29 11:59:56) Resource controller @1 finished.
2016-11-29 11:59:56) Finalizing communications library.
2016-11-29 11:59:56) Program execution finished.
