Lattice Microbe ES v2016.12 build 2016-12-29-09-53-31 in 64-bit mode with options AVX SBML SNAPPY.
Copyright (C) 2012-2017 Roberts Group, Johns Hopkins University.
Copyright (C) 2008-2012 Luthey-Schulten Group, University of Illinois at Urbana-Champaign.

2016-11-29 11:49:25) Initializing communications library.
2016-11-29 11:49:25) Using local communicator on host barkeri.bph.jhu.edu.
2016-11-29 11:49:25) Resource controller @1 started.
2016-11-29 11:49:25) Supervisor @0 started.
2016-11-29 11:49:25) Resource controller @1 on barkeri.bph.jhu.edu registered with 8 cpu core(s) and 0 gpu device(s).
2016-11-29 11:49:25) Registered resources for host barkeri.bph.jhu.edu (defaults=1): 2 cpu cores, 0 gpu devices
2016-11-29 11:49:25) All resources registered with supervisor, starting workers.
2016-11-29 11:49:25) Reserved core 0 on @1 for the output writer.
2016-11-29 11:49:25) Creating slot 0 on @1 using resources: barkeri.bph.jhu.edu; @1; cpu core list:1; gpu device list:<none>.
2016-11-29 11:49:25) OutputWriter @3 started.
2016-11-29 11:49:25) OutputWriter::HelperThread @3 started.
2016-11-29 11:49:25) Output writer started: @3.
2016-11-29 11:49:25) Work Unit runner @4 started with 1 cpu cores (affinity=0) and 0 gpus.
2016-11-29 11:49:25) Work unit runner started: @4.
2016-11-29 11:49:25) All supervisor workers have started, beginning simulation.
2016-11-29 11:49:25) Replicate supervisor starting simulation.
2016-11-29 11:49:25) Simulation started.
2016-11-29 11:50:25) 2016-11-29 11:50:25) Wrote 60 messages (3780 bytes) in the last 60.2 seconds (0.000368 seconds writing). 0 messages (0 bytes) queued. Flushing.Finished 113 work units (ids in range 0 to 112) with 113 parts in the last 60.2 seconds. 1130000000 steps in 6.019e+01 seconds (1.877e+07 steps/second).

2016-11-29 11:51:26) Finished 115 work units (ids in range 113 to 227) with 115 parts in the last 60.2 seconds. 1150000000 steps in 6.020e+01 seconds (1.910e+07 steps/second).
2016-11-29 11:51:28) Wrote 60 messages (3825 bytes) in the last 62.9 seconds (0.000391 seconds writing). 0 messages (0 bytes) queued. Flushing.
2016-11-29 11:51:58) Replicate 12 completed with 1.00e+05 of simulation time using 20 work units.
2016-11-29 11:51:59) Replicate 2 completed with 1.00e+05 of simulation time using 20 work units.
2016-11-29 11:52:00) Replicate 13 completed with 1.00e+05 of simulation time using 20 work units.
2016-11-29 11:52:00) Replicate 15 completed with 1.00e+05 of simulation time using 20 work units.
2016-11-29 11:52:01) Replicate 4 completed with 1.00e+05 of simulation time using 20 work units.
2016-11-29 11:52:01) Replicate 5 completed with 1.00e+05 of simulation time using 20 work units.
2016-11-29 11:52:02) Replicate 1 completed with 1.00e+05 of simulation time using 20 work units.
2016-11-29 11:52:02) Replicate 3 completed with 1.00e+05 of simulation time using 20 work units.
2016-11-29 11:52:02) Replicate 11 completed with 1.00e+05 of simulation time using 21 work units.
2016-11-29 11:52:02) Replicate 8 completed with 1.00e+05 of simulation time using 21 work units.
2016-11-29 11:52:02) Replicate 6 completed with 1.00e+05 of simulation time using 21 work units.
2016-11-29 11:52:02) Replicate 10 completed with 1.00e+05 of simulation time using 21 work units.
2016-11-29 11:52:02) Replicate 9 completed with 1.00e+05 of simulation time using 21 work units.
2016-11-29 11:52:02) Replicate 14 completed with 1.00e+05 of simulation time using 21 work units.
2016-11-29 11:52:02) Replicate 7 completed with 1.00e+05 of simulation time using 21 work units.
2016-11-29 11:52:02) Replicate supervisor finished 15 replicates in 157.09 seconds.
2016-11-29 11:52:02) Simulation finished.
2016-11-29 11:52:02) Finished 79 work units (ids in range 228 to 306) with 79 parts in the last 36.7 seconds. 719957664 steps in 3.667e+01 seconds (1.963e+07 steps/second).
2016-11-29 11:52:02) Supervisor @0 finished.
2016-11-29 11:52:02) Wrote 45 messages (2880 bytes) in the last 34.0 seconds (0.000284 seconds writing). 0 messages (0 bytes) queued. Flushing.
2016-11-29 11:52:02) OutputWriter wrote 165 messages and 10485 bytes total.
2016-11-29 11:52:02) OutputWriter::HelperThread @3 finished.
2016-11-29 11:52:02) OutputWriter @3 flushing and closing.
2016-11-29 11:52:02) OutputWriter @3 finished.
2016-11-29 11:52:02) Work unit runner @4 finished.
2016-11-29 11:52:02) Resource controller @1 finished.
2016-11-29 11:52:02) Finalizing communications library.
2016-11-29 11:52:02) Program execution finished.
