Lattice Microbe ES v2016.12 build 2016-12-29-09-53-31 in 64-bit mode with options AVX SBML SNAPPY.
Copyright (C) 2012-2017 Roberts Group, Johns Hopkins University.
Copyright (C) 2008-2012 Luthey-Schulten Group, University of Illinois at Urbana-Champaign.

2016-11-29 12:07:50) Initializing communications library.
2016-11-29 12:07:50) Using local communicator on host barkeri.bph.jhu.edu.
2016-11-29 12:07:50) Resource controller @1 started.
2016-11-29 12:07:50) Supervisor @0 started.
2016-11-29 12:07:50) Resource controller @1 on barkeri.bph.jhu.edu registered with 8 cpu core(s) and 0 gpu device(s).
2016-11-29 12:07:50) Registered resources for host barkeri.bph.jhu.edu (defaults=1): 2 cpu cores, 0 gpu devices
2016-11-29 12:07:50) All resources registered with supervisor, starting workers.
2016-11-29 12:07:50) Reserved core 0 on @1 for the output writer.
2016-11-29 12:07:50) Creating slot 0 on @1 using resources: barkeri.bph.jhu.edu; @1; cpu core list:1; gpu device list:<none>.
2016-11-29 12:07:50) OutputWriter @3 started.
2016-11-29 12:07:50) OutputWriter::HelperThread @3 started.
2016-11-29 12:07:50) Work Unit runner @4 started with 1 cpu cores (affinity=0) and 0 gpus.
2016-11-29 12:07:50) Output writer started: @3.
2016-11-29 12:07:50) Work unit runner started: @4.
2016-11-29 12:07:50) All supervisor workers have started, beginning simulation.
2016-11-29 12:07:50) Replicate supervisor starting simulation.
2016-11-29 12:07:50) Simulation started.
2016-11-29 12:08:51) Wrote 62 messages (3906 bytes) in the last 60.4 seconds (0.000449 seconds writing). 0 messages (0 bytes) queued. Flushing.
2016-11-29 12:08:51) Finished 115 work units (ids in range 0 to 114) with 115 parts in the last 60.4 seconds. 1150000000 steps in 6.036e+01 seconds (1.905e+07 steps/second).
2016-11-29 12:09:51) Finished 117 work units (ids in range 115 to 231) with 117 parts in the last 60.4 seconds. 1170000000 steps in 6.035e+01 seconds (1.939e+07 steps/second).
2016-11-29 12:09:51) Wrote 58 messages (3699 bytes) in the last 60.9 seconds (0.000395 seconds writing). 0 messages (0 bytes) queued. Flushing.
2016-11-29 12:10:21) Replicate 15 completed with 1.00e+05 of simulation time using 20 work units.
2016-11-29 12:10:22) Replicate 13 completed with 1.00e+05 of simulation time using 20 work units.
2016-11-29 12:10:22) Replicate 1 completed with 1.00e+05 of simulation time using 20 work units.
2016-11-29 12:10:23) Replicate 11 completed with 1.00e+05 of simulation time using 20 work units.
2016-11-29 12:10:23) Replicate 12 completed with 1.00e+05 of simulation time using 20 work units.
2016-11-29 12:10:24) Replicate 6 completed with 1.00e+05 of simulation time using 20 work units.
2016-11-29 12:10:24) Replicate 8 completed with 1.00e+05 of simulation time using 20 work units.
2016-11-29 12:10:25) Replicate 5 completed with 1.00e+05 of simulation time using 20 work units.
2016-11-29 12:10:25) Replicate 2 completed with 1.00e+05 of simulation time using 20 work units.
2016-11-29 12:10:25) Replicate 3 completed with 1.00e+05 of simulation time using 21 work units.
2016-11-29 12:10:25) Replicate 4 completed with 1.00e+05 of simulation time using 21 work units.
2016-11-29 12:10:25) Replicate 14 completed with 1.00e+05 of simulation time using 21 work units.
2016-11-29 12:10:25) Replicate 10 completed with 1.00e+05 of simulation time using 21 work units.
2016-11-29 12:10:25) Replicate 7 completed with 1.00e+05 of simulation time using 21 work units.
2016-11-29 12:10:25) Replicate 9 completed with 1.00e+05 of simulation time using 21 work units.
2016-11-29 12:10:25) Replicate supervisor finished 15 replicates in 155.14 seconds.
2016-11-29 12:10:25) Simulation finished.
2016-11-29 12:10:25) Finished 74 work units (ids in range 232 to 305) with 74 parts in the last 34.4 seconds. 680001170 steps in 3.440e+01 seconds (1.977e+07 steps/second).
2016-11-29 12:10:25) Supervisor @0 finished.
2016-11-29 12:10:25) Wrote 45 messages (2880 bytes) in the last 33.9 seconds (0.000281 seconds writing). 0 messages (0 bytes) queued. Flushing.
2016-11-29 12:10:25) OutputWriter wrote 165 messages and 10485 bytes total.
2016-11-29 12:10:25) OutputWriter::HelperThread @3 finished.
2016-11-29 12:10:25) OutputWriter @3 flushing and closing.
2016-11-29 12:10:25) OutputWriter @3 finished.
2016-11-29 12:10:25) Work unit runner @4 finished.
2016-11-29 12:10:25) Resource controller @1 finished.
2016-11-29 12:10:25) Finalizing communications library.
2016-11-29 12:10:25) Program execution finished.
