Lattice Microbe ES v2016.12 build 2016-12-29-09-53-31 in 64-bit mode with options AVX SBML SNAPPY.
Copyright (C) 2012-2017 Roberts Group, Johns Hopkins University.
Copyright (C) 2008-2012 Luthey-Schulten Group, University of Illinois at Urbana-Champaign.

2016-11-29 11:46:46) Initializing communications library.
2016-11-29 11:46:46) Using local communicator on host barkeri.bph.jhu.edu.
2016-11-29 11:46:46) Resource controller @1 started.
2016-11-29 11:46:46) Supervisor @0 started.
2016-11-29 11:46:46) Resource controller @1 on barkeri.bph.jhu.edu registered with 8 cpu core(s) and 0 gpu device(s).
2016-11-29 11:46:46) Registered resources for host barkeri.bph.jhu.edu (defaults=1): 2 cpu cores, 0 gpu devices
2016-11-29 11:46:46) All resources registered with supervisor, starting workers.
2016-11-29 11:46:46) Reserved core 0 on @1 for the output writer.
2016-11-29 11:46:46) Creating slot 0 on @1 using resources: barkeri.bph.jhu.edu; @1; cpu core list:1; gpu device list:<none>.
2016-11-29 11:46:46) OutputWriter @3 started.
2016-11-29 11:46:46) Output writer started: @3.
2016-11-29 11:46:46) OutputWriter::HelperThread @3 started.
2016-11-29 11:46:46) Work Unit runner @4 started with 1 cpu cores (affinity=0) and 0 gpus.
2016-11-29 11:46:46) Work unit runner started: @4.
2016-11-29 11:46:46) All supervisor workers have started, beginning simulation.
2016-11-29 11:46:46) Replicate supervisor starting simulation.
2016-11-29 11:46:46) Simulation started.
2016-11-29 11:47:46) Wrote 61 messages (3843 bytes) in the last 60.2 seconds (0.000415 seconds writing). 0 messages (0 bytes) queued. Flushing.
2016-11-29 11:47:46) Finished 114 work units (ids in range 0 to 113) with 114 parts in the last 60.2 seconds. 1140000000 steps in 6.021e+01 seconds (1.893e+07 steps/second).
2016-11-29 11:48:46) Finished 113 work units (ids in range 114 to 226) with 113 parts in the last 60.4 seconds. 1130000000 steps in 6.040e+01 seconds (1.871e+07 steps/second).
2016-11-29 11:48:50) Wrote 59 messages (3762 bytes) in the last 64.1 seconds (0.000355 seconds writing). 0 messages (0 bytes) queued. Flushing.
2016-11-29 11:49:20) Replicate 11 completed with 1.00e+05 of simulation time using 20 work units.
2016-11-29 11:49:22) Replicate 6 completed with 1.00e+05 of simulation time using 20 work units.
2016-11-29 11:49:22) Replicate 15 completed with 1.00e+05 of simulation time using 20 work units.
2016-11-29 11:49:23) Replicate 7 completed with 1.00e+05 of simulation time using 20 work units.
2016-11-29 11:49:24) Replicate 14 completed with 1.00e+05 of simulation time using 20 work units.
2016-11-29 11:49:24) Replicate 2 completed with 1.00e+05 of simulation time using 20 work units.
2016-11-29 11:49:25) Replicate 4 completed with 1.00e+05 of simulation time using 20 work units.
2016-11-29 11:49:25) Replicate 1 completed with 1.00e+05 of simulation time using 20 work units.
2016-11-29 11:49:25) Replicate 8 completed with 1.00e+05 of simulation time using 21 work units.
2016-11-29 11:49:25) Replicate 3 completed with 1.00e+05 of simulation time using 21 work units.
2016-11-29 11:49:25) Replicate 5 completed with 1.00e+05 of simulation time using 21 work units.
2016-11-29 11:49:25) Replicate 13 completed with 1.00e+05 of simulation time using 21 work units.
2016-11-29 11:49:25) Replicate 10 completed with 1.00e+05 of simulation time using 21 work units.
2016-11-29 11:49:25) Replicate 9 completed with 1.00e+05 of simulation time using 21 work units.
2016-11-29 11:49:25) Replicate 12 completed with 1.00e+05 of simulation time using 21 work units.
2016-11-29 11:49:25) Replicate supervisor finished 15 replicates in 159.75 seconds.
2016-11-29 11:49:25) Simulation finished.
2016-11-29 11:49:25) Finished 80 work units (ids in range 227 to 306) with 80 parts in the last 39.1 seconds. 730023027 steps in 3.911e+01 seconds (1.867e+07 steps/second).
2016-11-29 11:49:25) Supervisor @0 finished.
2016-11-29 11:49:25) Wrote 45 messages (2880 bytes) in the last 35.4 seconds (0.000254 seconds writing). 0 messages (0 bytes) queued. Flushing.
2016-11-29 11:49:25) OutputWriter wrote 165 messages and 10485 bytes total.
2016-11-29 11:49:25) OutputWriter::HelperThread @3 finished.
2016-11-29 11:49:25) OutputWriter @3 flushing and closing.
2016-11-29 11:49:25) OutputWriter @3 finished.
2016-11-29 11:49:25) Work unit runner @4 finished.
2016-11-29 11:49:25) Resource controller @1 finished.
2016-11-29 11:49:25) Finalizing communications library.
2016-11-29 11:49:25) Program execution finished.
