Lattice Microbe ES v2016.12 build 2016-12-29-09-53-31 in 64-bit mode with options AVX SBML SNAPPY.
Copyright (C) 2012-2017 Roberts Group, Johns Hopkins University.
Copyright (C) 2008-2012 Luthey-Schulten Group, University of Illinois at Urbana-Champaign.

2016-11-29 11:44:09) Initializing communications library.
2016-11-29 11:44:09) Using local communicator on host barkeri.bph.jhu.edu.
2016-11-29 11:44:09) Resource controller @1 started.
2016-11-29 11:44:09) Supervisor @0 started.
2016-11-29 11:44:09) Resource controller @1 on barkeri.bph.jhu.edu registered with 8 cpu core(s) and 0 gpu device(s).
2016-11-29 11:44:09) Registered resources for host barkeri.bph.jhu.edu (defaults=1): 2 cpu cores, 0 gpu devices
2016-11-29 11:44:09) All resources registered with supervisor, starting workers.
2016-11-29 11:44:09) Reserved core 0 on @1 for the output writer.
2016-11-29 11:44:09) OutputWriter @3 started.
2016-11-29 11:44:09) Creating slot 0 on @1 using resources: barkeri.bph.jhu.edu; @1; cpu core list:1; gpu device list:<none>.
2016-11-29 11:44:09) OutputWriter::HelperThread @3 started.
2016-11-29 11:44:09) Output writer started: @3.
2016-11-29 11:44:09) Work Unit runner @4 started with 1 cpu cores (affinity=0) and 0 gpus.
2016-11-29 11:44:09) Work unit runner started: @4.
2016-11-29 11:44:09) All supervisor workers have started, beginning simulation.
2016-11-29 11:44:09) Replicate supervisor starting simulation.
2016-11-29 11:44:09) Simulation started.
2016-11-29 11:45:09) Wrote 61 messages (3843 bytes) in the last 60.1 seconds (0.000458 seconds writing). 0 messages (0 bytes) queued. Flushing.
2016-11-29 11:45:09) Finished 116 work units (ids in range 0 to 115) with 116 parts in the last 60.1 seconds. 1160000000 steps in 6.009e+01 seconds (1.930e+07 steps/second).
2016-11-29 11:46:10) Finished 115 work units (ids in range 116 to 230) with 115 parts in the last 60.3 seconds. 1150000000 steps in 6.030e+01 seconds (1.907e+07 steps/second).
2016-11-29 11:46:12) Wrote 59 messages (3764 bytes) in the last 63.0 seconds (0.000379 seconds writing). 0 messages (0 bytes) queued. Flushing.
2016-11-29 11:46:42) Replicate 14 completed with 1.00e+05 of simulation time using 20 work units.
2016-11-29 11:46:43) Replicate 10 completed with 1.00e+05 of simulation time using 20 work units.
2016-11-29 11:46:43) Replicate 15 completed with 1.00e+05 of simulation time using 20 work units.
2016-11-29 11:46:44) Replicate 13 completed with 1.00e+05 of simulation time using 20 work units.
2016-11-29 11:46:45) Replicate 12 completed with 1.00e+05 of simulation time using 20 work units.
2016-11-29 11:46:45) Replicate 11 completed with 1.00e+05 of simulation time using 20 work units.
2016-11-29 11:46:46) Replicate 8 completed with 1.00e+05 of simulation time using 20 work units.
2016-11-29 11:46:46) Replicate 2 completed with 1.00e+05 of simulation time using 21 work units.
2016-11-29 11:46:46) Replicate 7 completed with 1.00e+05 of simulation time using 21 work units.
2016-11-29 11:46:46) Replicate 3 completed with 1.00e+05 of simulation time using 21 work units.
2016-11-29 11:46:46) Replicate 9 completed with 1.00e+05 of simulation time using 21 work units.
2016-11-29 11:46:46) Replicate 6 completed with 1.00e+05 of simulation time using 21 work units.
2016-11-29 11:46:46) Replicate 4 completed with 1.00e+05 of simulation time using 21 work units.
2016-11-29 11:46:46) Replicate 1 completed with 1.00e+05 of simulation time using 21 work units.
2016-11-29 11:46:46) Replicate 5 completed with 1.00e+05 of simulation time using 21 work units.
2016-11-29 11:46:46) Replicate supervisor finished 15 replicates in 156.30 seconds.
2016-11-29 11:46:46) Simulation finished.
2016-11-29 11:46:46) Finished 77 work units (ids in range 231 to 307) with 77 parts in the last 35.9 seconds. 690052979 steps in 3.589e+01 seconds (1.923e+07 steps/second).2016-11-29 11:46:46) 
Wrote 45 messages (2880 bytes) in the last 33.2 seconds (0.000275 seconds writing). 0 messages (0 bytes) queued. Flushing.2016-11-29 11:46:46) 
Supervisor @0 finished.2016-11-29 11:46:46) 
OutputWriter wrote 165 messages and 10487 bytes total.
2016-11-29 11:46:46) OutputWriter::HelperThread @3 finished.
2016-11-29 11:46:46) OutputWriter @3 flushing and closing.
2016-11-29 11:46:46) OutputWriter @3 finished.
2016-11-29 11:46:46) Work unit runner @4 finished.
2016-11-29 11:46:46) Resource controller @1 finished.
2016-11-29 11:46:46) Finalizing communications library.
2016-11-29 11:46:46) Program execution finished.
