Lattice Microbe ES v2016.12 build 2016-12-29-09-53-31 in 64-bit mode with options AVX SBML SNAPPY.
Copyright (C) 2012-2017 Roberts Group, Johns Hopkins University.
Copyright (C) 2008-2012 Luthey-Schulten Group, University of Illinois at Urbana-Champaign.

2016-11-29 12:02:29) Initializing communications library.
2016-11-29 12:02:29) Using local communicator on host barkeri.bph.jhu.edu.
2016-11-29 12:02:29) Resource controller @1 started.
2016-11-29 12:02:29) Supervisor @0 started.
2016-11-29 12:02:29) Resource controller @1 on barkeri.bph.jhu.edu registered with 8 cpu core(s) and 0 gpu device(s).
2016-11-29 12:02:29) Registered resources for host barkeri.bph.jhu.edu (defaults=1): 2 cpu cores, 0 gpu devices
2016-11-29 12:02:29) All resources registered with supervisor, starting workers.
2016-11-29 12:02:29) Reserved core 0 on @1 for the output writer.
2016-11-29 12:02:29) Creating slot 0 on @1 using resources: barkeri.bph.jhu.edu; @1; cpu core list:1; gpu device list:<none>.
2016-11-29 12:02:29) OutputWriter @3 started.
2016-11-29 12:02:29) Work Unit runner @4 started with 1 cpu cores (affinity=0) and 0 gpus.
2016-11-29 12:02:29) OutputWriter::HelperThread @3 started.
2016-11-29 12:02:29) Output writer started: @3.
2016-11-29 12:02:29) Work unit runner started: @4.
2016-11-29 12:02:29) All supervisor workers have started, beginning simulation.
2016-11-29 12:02:29) Replicate supervisor starting simulation.
2016-11-29 12:02:29) Simulation started.
2016-11-29 12:03:29) Wrote 67 messages (4221 bytes) in the last 60.5 seconds (0.000409 seconds writing). 0 messages (0 bytes) queued. Flushing.
2016-11-29 12:03:29) Finished 121 work units (ids in range 0 to 120) with 121 parts in the last 60.5 seconds. 1210000000 steps in 6.045e+01 seconds (2.002e+07 steps/second).
2016-11-29 12:04:29) 2016-11-29 12:04:29) Wrote 60 messages (3832 bytes) in the last 60.4 seconds (0.000376 seconds writing). 0 messages (0 bytes) queued. Flushing.Finished 120 work units (ids in range 121 to 240) with 120 parts in the last 60.4 seconds. 1200000000 steps in 6.035e+01 seconds (1.988e+07 steps/second).

2016-11-29 12:04:59) Replicate 12 completed with 1.00e+05 of simulation time using 20 work units.
2016-11-29 12:05:00) Replicate 13 completed with 1.00e+05 of simulation time using 20 work units.
2016-11-29 12:05:00) Replicate 2 completed with 1.00e+05 of simulation time using 20 work units.
2016-11-29 12:05:01) Replicate 5 completed with 1.00e+05 of simulation time using 20 work units.
2016-11-29 12:05:02) Replicate 11 completed with 1.00e+05 of simulation time using 20 work units.
2016-11-29 12:05:03) Replicate 8 completed with 1.00e+05 of simulation time using 20 work units.
2016-11-29 12:05:03) Replicate 3 completed with 1.00e+05 of simulation time using 21 work units.
2016-11-29 12:05:03) Replicate 9 completed with 1.00e+05 of simulation time using 21 work units.
2016-11-29 12:05:03) Replicate 7 completed with 1.00e+05 of simulation time using 21 work units.
2016-11-29 12:05:03) Replicate 6 completed with 1.00e+05 of simulation time using 21 work units.
2016-11-29 12:05:03) Replicate 10 completed with 1.00e+05 of simulation time using 21 work units.
2016-11-29 12:05:03) Replicate 15 completed with 1.00e+05 of simulation time using 21 work units.
2016-11-29 12:05:03) Replicate 14 completed with 1.00e+05 of simulation time using 21 work units.
2016-11-29 12:05:03) Replicate 4 completed with 1.00e+05 of simulation time using 21 work units.
2016-11-29 12:05:03) Replicate 1 completed with 1.00e+05 of simulation time using 21 work units.
2016-11-29 12:05:03) Replicate supervisor finished 15 replicates in 153.97 seconds.
2016-11-29 12:05:03) Simulation finished.
2016-11-29 12:05:03) Finished 68 work units (ids in range 241 to 308) with 68 parts in the last 33.2 seconds. 590041527 steps in 3.315e+01 seconds (1.780e+07 steps/second).
2016-11-29 12:05:03) 2016-11-29 12:05:03) Wrote 38 messages (2432 bytes) in the last 33.2 seconds (0.000243 seconds writing). 0 messages (0 bytes) queued. Flushing.Supervisor @0 finished.

2016-11-29 12:05:03) OutputWriter wrote 165 messages and 10485 bytes total.
2016-11-29 12:05:03) OutputWriter::HelperThread @3 finished.
2016-11-29 12:05:03) OutputWriter @3 flushing and closing.
2016-11-29 12:05:03) OutputWriter @3 finished.
2016-11-29 12:05:03) Work unit runner @4 finished.
2016-11-29 12:05:03) Resource controller @1 finished.
2016-11-29 12:05:03) Finalizing communications library.
2016-11-29 12:05:03) Program execution finished.
