Lattice Microbe ES v2016.01.20 build 1 in 64-bit mode with options MPI AVX.
Copyright (C) 2008-2012 Luthey-Schulten Group, University of Illinois at Urbana-Champaign.
Copyright (C) 2012-2016 Roberts Group, Johns Hopkins University.

MPI version 3.0 with thread support MPI_THREAD_MULTIPLE.
Running with 1 process(es).

2016-01-09 15:56:43) Resource controller 0:1 started.
2016-01-09 15:56:43) Supervisor 0:2 started.
2016-01-09 15:56:43) Resource controller 0:1 on barkeri.bph.jhu.edu registered with 8 cpu core(s) and 0 gpu device(s).
2016-01-09 15:56:43) Registered resources for host barkeri.bph.jhu.edu (defaults=1): 2 cpu cores, 0 gpu devices
2016-01-09 15:56:43) All resources registered with supervisor, starting workers.
2016-01-09 15:56:43) Reserved core 0 on 0:1 for the output writer.
2016-01-09 15:56:43) Creating slot 0 on process (0:1) using resources: barkeri.bph.jhu.edu; cpu core list:1; gpu device list:<none>.
2016-01-09 15:56:43) OutputWriter 0:3 started.
2016-01-09 15:56:43) Work Unit runner 0:5 started with 1 cpu cores (affinity=0) and 0 gpus.
2016-01-09 15:56:43) OutputWriter::HelperThread 0:4 started.
2016-01-09 15:56:43) Output writer started: 0:3.
2016-01-09 15:56:43) Work unit runner started: 0:5.
2016-01-09 15:56:43) All supervisor workers have started, beginning simulation.
2016-01-09 15:56:43) Replicate supervisor starting simulation.
2016-01-09 15:56:43) Simulation started.
2016-01-09 15:57:43) Wrote 85 messages (6503 bytes) in the last 60.6 seconds (0.000477 seconds writing). 0 messages (0 bytes) queued. Flushing.
2016-01-09 15:57:43) Finished 86 work units (ids in range 0 to 85) with 86 parts in the last 60.6 seconds. 860000000 steps in 6.032e+01 seconds (1.426e+07 steps/second).
2016-01-09 15:58:44) Finished 87 work units (ids in range 86 to 172) with 87 parts in the last 60.6 seconds. 870000000 steps in 6.038e+01 seconds (1.441e+07 steps/second).
2016-01-09 15:58:46) Wrote 75 messages (5883 bytes) in the last 62.8 seconds (0.000394 seconds writing). 0 messages (0 bytes) queued. Flushing.
2016-01-09 15:58:46) Replicate 14 completed with 1.00e+05 of simulation time using 12 work units.
2016-01-09 15:58:46) Replicate 7 completed with 1.00e+05 of simulation time using 12 work units.
2016-01-09 15:58:46) Replicate 10 completed with 1.00e+05 of simulation time using 12 work units.
2016-01-09 15:58:46) Replicate 11 completed with 1.00e+05 of simulation time using 12 work units.
2016-01-09 15:58:46) Replicate 2 completed with 1.00e+05 of simulation time using 12 work units.
2016-01-09 15:58:46) Replicate 16 completed with 1.00e+05 of simulation time using 12 work units.
2016-01-09 15:58:46) Replicate 3 completed with 1.00e+05 of simulation time using 12 work units.
2016-01-09 15:58:46) Replicate 9 completed with 1.00e+05 of simulation time using 12 work units.
2016-01-09 15:58:46) Replicate 1 completed with 1.00e+05 of simulation time using 12 work units.
2016-01-09 15:58:46) Replicate 4 completed with 1.00e+05 of simulation time using 12 work units.
2016-01-09 15:58:46) Replicate 5 completed with 1.00e+05 of simulation time using 12 work units.
2016-01-09 15:58:46) Replicate 8 completed with 1.00e+05 of simulation time using 12 work units.
2016-01-09 15:58:46) Replicate 12 completed with 1.00e+05 of simulation time using 12 work units.
2016-01-09 15:58:46) Replicate 13 completed with 1.00e+05 of simulation time using 12 work units.
2016-01-09 15:58:46) Replicate 15 completed with 1.00e+05 of simulation time using 12 work units.
2016-01-09 15:58:46) Replicate 6 completed with 1.00e+05 of simulation time using 12 work units.
2016-01-09 15:58:46) Replicate supervisor finished 16 replicates in 123.47 seconds.
2016-01-09 15:58:46) Simulation finished.
2016-01-09 15:58:46) Finished 19 work units (ids in range 173 to 191) with 19 parts in the last 2.2 seconds. 30650383 steps in 2.168e+00 seconds (1.414e+07 steps/second).
2016-01-09 15:58:46) Supervisor 0:2 finished.
2016-01-09 15:58:46) Wrote 16 messages (1267 bytes) in the last 0.1 seconds (0.000075 seconds writing). 0 messages (0 bytes) queued. Flushing.
2016-01-09 15:58:46) OutputWriter::HelperThread 0:4 finished.
2016-01-09 15:58:46) OutputWriter 0:3 finished.
2016-01-09 15:58:46) Work unit runner 0:5 finished.
2016-01-09 15:58:46) Resource controller 0:1 finished.
2016-01-09 15:58:46) Closing MPI library.
2016-01-09 15:58:46) Program execution finished.
