Lattice Microbe ES v2016.01.20 build 1 in 64-bit mode with options MPI AVX.
Copyright (C) 2008-2012 Luthey-Schulten Group, University of Illinois at Urbana-Champaign.
Copyright (C) 2012-2016 Roberts Group, Johns Hopkins University.

MPI version 3.0 with thread support MPI_THREAD_MULTIPLE.
Running with 1 process(es).

2016-01-09 16:06:59) Resource controller 0:1 started.
2016-01-09 16:06:59) Supervisor 0:2 started.
2016-01-09 16:06:59) Resource controller 0:1 on barkeri.bph.jhu.edu registered with 8 cpu core(s) and 0 gpu device(s).
2016-01-09 16:06:59) Registered resources for host barkeri.bph.jhu.edu (defaults=1): 2 cpu cores, 0 gpu devices
2016-01-09 16:06:59) All resources registered with supervisor, starting workers.
2016-01-09 16:06:59) Reserved core 0 on 0:1 for the output writer.
2016-01-09 16:06:59) Creating slot 0 on process (0:1) using resources: barkeri.bph.jhu.edu; cpu core list:1; gpu device list:<none>.
2016-01-09 16:06:59) OutputWriter 0:3 started.
2016-01-09 16:06:59) OutputWriter::HelperThread 0:4 started.
2016-01-09 16:06:59) Work Unit runner 0:5 started with 1 cpu cores (affinity=0) and 0 gpus.
2016-01-09 16:06:59) Output writer started: 0:3.
2016-01-09 16:06:59) Work unit runner started: 0:5.
2016-01-09 16:06:59) All supervisor workers have started, beginning simulation.
2016-01-09 16:06:59) Replicate supervisor starting simulation.
2016-01-09 16:06:59) Simulation started.
2016-01-09 16:07:59) Wrote 85 messages (6514 bytes) in the last 60.2 seconds (0.000453 seconds writing). 0 messages (0 bytes) queued. Flushing.
2016-01-09 16:07:59) Finished 86 work units (ids in range 0 to 85) with 86 parts in the last 60.2 seconds. 860000000 steps in 5.995e+01 seconds (1.435e+07 steps/second).
2016-01-09 16:09:00) Finished 87 work units (ids in range 86 to 172) with 87 parts in the last 60.6 seconds. 870000000 steps in 6.027e+01 seconds (1.443e+07 steps/second).
2016-01-09 16:09:02) Wrote 75 messages (5882 bytes) in the last 62.7 seconds (0.000389 seconds writing). 0 messages (0 bytes) queued. Flushing.
2016-01-09 16:09:02) Replicate 10 completed with 1.00e+05 of simulation time using 12 work units.
2016-01-09 16:09:02) Replicate 3 completed with 1.00e+05 of simulation time using 12 work units.
2016-01-09 16:09:02) Replicate 8 completed with 1.00e+05 of simulation time using 12 work units.
2016-01-09 16:09:02) Replicate 15 completed with 1.00e+05 of simulation time using 12 work units.
2016-01-09 16:09:02) Replicate 16 completed with 1.00e+05 of simulation time using 12 work units.
2016-01-09 16:09:02) Replicate 13 completed with 1.00e+05 of simulation time using 12 work units.
2016-01-09 16:09:02) Replicate 9 completed with 1.00e+05 of simulation time using 12 work units.
2016-01-09 16:09:02) Replicate 12 completed with 1.00e+05 of simulation time using 12 work units.
2016-01-09 16:09:02) Replicate 14 completed with 1.00e+05 of simulation time using 12 work units.
2016-01-09 16:09:02) Replicate 6 completed with 1.00e+05 of simulation time using 12 work units.
2016-01-09 16:09:02) Replicate 2 completed with 1.00e+05 of simulation time using 12 work units.
2016-01-09 16:09:02) Replicate 5 completed with 1.00e+05 of simulation time using 12 work units.
2016-01-09 16:09:02) Replicate 1 completed with 1.00e+05 of simulation time using 12 work units.
2016-01-09 16:09:02) Replicate 11 completed with 1.00e+05 of simulation time using 12 work units.
2016-01-09 16:09:02) Replicate 4 completed with 1.00e+05 of simulation time using 12 work units.
2016-01-09 16:09:02) Replicate 7 completed with 1.00e+05 of simulation time using 12 work units.
2016-01-09 16:09:02) Replicate supervisor finished 16 replicates in 122.94 seconds.
2016-01-09 16:09:02) Simulation finished.
2016-01-09 16:09:02) Finished 19 work units (ids in range 173 to 191) with 19 parts in the last 2.2 seconds. 30720107 steps in 2.156e+00 seconds (1.425e+07 steps/second).
2016-01-09 16:09:02) Supervisor 0:2 finished.
2016-01-09 16:09:02) Wrote 16 messages (1263 bytes) in the last 0.1 seconds (0.000080 seconds writing). 0 messages (0 bytes) queued. Flushing.
2016-01-09 16:09:02) OutputWriter::HelperThread 0:4 finished.
2016-01-09 16:09:02) OutputWriter 0:3 finished.
2016-01-09 16:09:02) Work unit runner 0:5 finished.
2016-01-09 16:09:02) Resource controller 0:1 finished.
2016-01-09 16:09:02) Closing MPI library.
2016-01-09 16:09:02) Program execution finished.
