Lattice Microbe ES v2016.01.20 build 1 in 64-bit mode with options MPI AVX.
Copyright (C) 2008-2012 Luthey-Schulten Group, University of Illinois at Urbana-Champaign.
Copyright (C) 2012-2016 Roberts Group, Johns Hopkins University.

MPI version 3.0 with thread support MPI_THREAD_MULTIPLE.
Running with 1 process(es).

2016-01-09 15:54:40) Resource controller 0:1 started.
2016-01-09 15:54:40) Supervisor 0:2 started.
2016-01-09 15:54:40) Resource controller 0:1 on barkeri.bph.jhu.edu registered with 8 cpu core(s) and 0 gpu device(s).
2016-01-09 15:54:40) Registered resources for host barkeri.bph.jhu.edu (defaults=1): 2 cpu cores, 0 gpu devices
2016-01-09 15:54:40) All resources registered with supervisor, starting workers.
2016-01-09 15:54:40) Reserved core 0 on 0:1 for the output writer.
2016-01-09 15:54:40) Creating slot 0 on process (0:1) using resources: barkeri.bph.jhu.edu; cpu core list:1; gpu device list:<none>.
2016-01-09 15:54:40) OutputWriter 0:3 started.
2016-01-09 15:54:40) OutputWriter::HelperThread 0:4 started.
2016-01-09 15:54:40) Work Unit runner 0:5 started with 1 cpu cores (affinity=0) and 0 gpus.
2016-01-09 15:54:40) Output writer started: 0:3.
2016-01-09 15:54:40) Work unit runner started: 0:5.
2016-01-09 15:54:40) All supervisor workers have started, beginning simulation.
2016-01-09 15:54:40) Replicate supervisor starting simulation.
2016-01-09 15:54:40) Simulation started.
2016-01-09 15:55:41) Wrote 86 messages (6600 bytes) in the last 60.5 seconds (0.000462 seconds writing). 0 messages (0 bytes) queued. Flushing.
2016-01-09 15:55:41) Finished 87 work units (ids in range 0 to 86) with 87 parts in the last 60.5 seconds. 870000000 steps in 6.025e+01 seconds (1.444e+07 steps/second).
2016-01-09 15:56:41) Finished 87 work units (ids in range 87 to 173) with 87 parts in the last 60.4 seconds. 870000000 steps in 6.009e+01 seconds (1.448e+07 steps/second).
2016-01-09 15:56:42) Wrote 74 messages (5814 bytes) in the last 61.8 seconds (0.000402 seconds writing). 0 messages (0 bytes) queued. Flushing.
2016-01-09 15:56:43) Replicate 15 completed with 1.00e+05 of simulation time using 12 work units.
2016-01-09 15:56:43) Replicate 1 completed with 1.00e+05 of simulation time using 12 work units.
2016-01-09 15:56:43) Replicate 13 completed with 1.00e+05 of simulation time using 12 work units.
2016-01-09 15:56:43) Replicate 10 completed with 1.00e+05 of simulation time using 12 work units.
2016-01-09 15:56:43) Replicate 5 completed with 1.00e+05 of simulation time using 12 work units.
2016-01-09 15:56:43) Replicate 11 completed with 1.00e+05 of simulation time using 12 work units.
2016-01-09 15:56:43) Replicate 2 completed with 1.00e+05 of simulation time using 12 work units.
2016-01-09 15:56:43) Replicate 8 completed with 1.00e+05 of simulation time using 12 work units.
2016-01-09 15:56:43) Replicate 7 completed with 1.00e+05 of simulation time using 12 work units.
2016-01-09 15:56:43) Replicate 14 completed with 1.00e+05 of simulation time using 12 work units.
2016-01-09 15:56:43) Replicate 3 completed with 1.00e+05 of simulation time using 12 work units.
2016-01-09 15:56:43) Replicate 4 completed with 1.00e+05 of simulation time using 12 work units.
2016-01-09 15:56:43) Replicate 16 completed with 1.00e+05 of simulation time using 12 work units.
2016-01-09 15:56:43) Replicate 12 completed with 1.00e+05 of simulation time using 12 work units.
2016-01-09 15:56:43) Replicate 9 completed with 1.00e+05 of simulation time using 12 work units.
2016-01-09 15:56:43) Replicate 6 completed with 1.00e+05 of simulation time using 12 work units.
2016-01-09 15:56:43) Replicate supervisor finished 16 replicates in 122.37 seconds.
2016-01-09 15:56:43) Simulation finished.
2016-01-09 15:56:43) Finished 18 work units (ids in range 174 to 191) with 18 parts in the last 1.5 seconds. 20779823 steps in 1.453e+00 seconds (1.430e+07 steps/second).
2016-01-09 15:56:43) Supervisor 0:2 finished.
2016-01-09 15:56:43) Wrote 16 messages (1268 bytes) in the last 0.1 seconds (0.000080 seconds writing). 0 messages (0 bytes) queued. Flushing.
2016-01-09 15:56:43) OutputWriter::HelperThread 0:4 finished.
2016-01-09 15:56:43) OutputWriter 0:3 finished.
2016-01-09 15:56:43) Work unit runner 0:5 finished.
2016-01-09 15:56:43) Resource controller 0:1 finished.
2016-01-09 15:56:43) Closing MPI library.
2016-01-09 15:56:43) Program execution finished.
