Lattice Microbe ES v2016.01.20 build 1 in 64-bit mode with options MPI AVX.
Copyright (C) 2008-2012 Luthey-Schulten Group, University of Illinois at Urbana-Champaign.
Copyright (C) 2012-2016 Roberts Group, Johns Hopkins University.

MPI version 3.0 with thread support MPI_THREAD_MULTIPLE.
Running with 1 process(es).

2016-01-09 16:15:11) Resource controller 0:1 started.
2016-01-09 16:15:11) Supervisor 0:2 started.
2016-01-09 16:15:11) Resource controller 0:1 on barkeri.bph.jhu.edu registered with 8 cpu core(s) and 0 gpu device(s).
2016-01-09 16:15:11) Registered resources for host barkeri.bph.jhu.edu (defaults=1): 2 cpu cores, 0 gpu devices
2016-01-09 16:15:11) All resources registered with supervisor, starting workers.
2016-01-09 16:15:11) Reserved core 0 on 0:1 for the output writer.
2016-01-09 16:15:11) OutputWriter 0:3 started.
2016-01-09 16:15:11) Creating slot 0 on process (0:1) using resources: barkeri.bph.jhu.edu; cpu core list:1; gpu device list:<none>.
2016-01-09 16:15:11) OutputWriter::HelperThread 0:4 started.
2016-01-09 16:15:11) Output writer started: 0:3.
2016-01-09 16:15:11) Work Unit runner 0:5 started with 1 cpu cores (affinity=0) and 0 gpus.
2016-01-09 16:15:11) Work unit runner started: 0:5.
2016-01-09 16:15:11) All supervisor workers have started, beginning simulation.
2016-01-09 16:15:11) Replicate supervisor starting simulation.
2016-01-09 16:15:11) Simulation started.
2016-01-09 16:16:12) Wrote 84 messages (6430 bytes) in the last 60.7 seconds (0.000459 seconds writing). 0 messages (0 bytes) queued. Flushing.
2016-01-09 16:16:12) Finished 85 work units (ids in range 0 to 84) with 85 parts in the last 60.7 seconds. 850000000 steps in 6.038e+01 seconds (1.408e+07 steps/second).
2016-01-09 16:17:12) Finished 84 work units (ids in range 85 to 168) with 84 parts in the last 60.1 seconds. 840000000 steps in 5.983e+01 seconds (1.404e+07 steps/second).
2016-01-09 16:17:18) Wrote 76 messages (5962 bytes) in the last 66.0 seconds (0.000430 seconds writing). 0 messages (0 bytes) queued. Flushing.
2016-01-09 16:17:18) Replicate 9 completed with 1.00e+05 of simulation time using 12 work units.
2016-01-09 16:17:18) Replicate 14 completed with 1.00e+05 of simulation time using 12 work units.
2016-01-09 16:17:18) Replicate 3 completed with 1.00e+05 of simulation time using 12 work units.
2016-01-09 16:17:18) Replicate 1 completed with 1.00e+05 of simulation time using 12 work units.
2016-01-09 16:17:18) Replicate 2 completed with 1.00e+05 of simulation time using 12 work units.
2016-01-09 16:17:18) Replicate 5 completed with 1.00e+05 of simulation time using 12 work units.
2016-01-09 16:17:18) Replicate 4 completed with 1.00e+05 of simulation time using 12 work units.
2016-01-09 16:17:18) Replicate 15 completed with 1.00e+05 of simulation time using 12 work units.
2016-01-09 16:17:18) Replicate 10 completed with 1.00e+05 of simulation time using 12 work units.
2016-01-09 16:17:18) Replicate 7 completed with 1.00e+05 of simulation time using 12 work units.
2016-01-09 16:17:18) Replicate 6 completed with 1.00e+05 of simulation time using 12 work units.
2016-01-09 16:17:18) Replicate 11 completed with 1.00e+05 of simulation time using 12 work units.
2016-01-09 16:17:18) Replicate 12 completed with 1.00e+05 of simulation time using 12 work units.
2016-01-09 16:17:18) Replicate 13 completed with 1.00e+05 of simulation time using 12 work units.
2016-01-09 16:17:18) Replicate 16 completed with 1.00e+05 of simulation time using 12 work units.
2016-01-09 16:17:18) Replicate 8 completed with 1.00e+05 of simulation time using 12 work units.
2016-01-09 16:17:18) Replicate supervisor finished 16 replicates in 126.72 seconds.
2016-01-09 16:17:18) Simulation finished.
2016-01-09 16:17:18) Finished 23 work units (ids in range 169 to 191) with 23 parts in the last 6.0 seconds. 70812043 steps in 5.919e+00 seconds (1.196e+07 steps/second).
2016-01-09 16:17:18) Supervisor 0:2 finished.
2016-01-09 16:17:18) Wrote 16 messages (1267 bytes) in the last 0.1 seconds (0.000091 seconds writing). 0 messages (0 bytes) queued. Flushing.
2016-01-09 16:17:18) OutputWriter::HelperThread 0:4 finished.
2016-01-09 16:17:18) OutputWriter 0:3 finished.
2016-01-09 16:17:18) Work unit runner 0:5 finished.
2016-01-09 16:17:18) Resource controller 0:1 finished.
2016-01-09 16:17:18) Closing MPI library.
2016-01-09 16:17:18) Program execution finished.
