Lattice Microbe ES v2016.01.20 build 1 in 64-bit mode with options MPI AVX.
Copyright (C) 2008-2012 Luthey-Schulten Group, University of Illinois at Urbana-Champaign.
Copyright (C) 2012-2016 Roberts Group, Johns Hopkins University.

MPI version 3.0 with thread support MPI_THREAD_MULTIPLE.
Running with 1 process(es).

2016-01-09 16:04:53) Resource controller 0:1 started.
2016-01-09 16:04:53) Supervisor 0:2 started.
2016-01-09 16:04:53) Resource controller 0:1 on barkeri.bph.jhu.edu registered with 8 cpu core(s) and 0 gpu device(s).
2016-01-09 16:04:53) Registered resources for host barkeri.bph.jhu.edu (defaults=1): 2 cpu cores, 0 gpu devices
2016-01-09 16:04:53) All resources registered with supervisor, starting workers.
2016-01-09 16:04:53) Reserved core 0 on 0:1 for the output writer.
2016-01-09 16:04:53) Creating slot 0 on process (0:1) using resources: barkeri.bph.jhu.edu; cpu core list:1; gpu device list:<none>.
2016-01-09 16:04:53) OutputWriter 0:3 started.
2016-01-09 16:04:53) OutputWriter::HelperThread 0:4 started.
2016-01-09 16:04:53) Work Unit runner 0:5 started with 1 cpu cores (affinity=0) and 0 gpus.
2016-01-09 16:04:53) Output writer started: 0:3.
2016-01-09 16:04:53) Work unit runner started: 0:5.
2016-01-09 16:04:53) All supervisor workers have started, beginning simulation.
2016-01-09 16:04:53) Replicate supervisor starting simulation.
2016-01-09 16:04:53) Simulation started.
2016-01-09 16:05:54) Wrote 83 messages (6362 bytes) in the last 60.1 seconds (0.000468 seconds writing). 0 messages (0 bytes) queued. Flushing.
2016-01-09 16:05:54) Finished 84 work units (ids in range 0 to 83) with 84 parts in the last 60.1 seconds. 840000000 steps in 5.979e+01 seconds (1.405e+07 steps/second).
2016-01-09 16:06:54) Finished 85 work units (ids in range 84 to 168) with 85 parts in the last 60.5 seconds. 850000000 steps in 6.022e+01 seconds (1.412e+07 steps/second).
2016-01-09 16:06:59) Wrote 77 messages (6027 bytes) in the last 65.5 seconds (0.000431 seconds writing). 0 messages (0 bytes) queued. Flushing.
2016-01-09 16:06:59) Replicate 4 completed with 1.00e+05 of simulation time using 12 work units.
2016-01-09 16:06:59) Replicate 13 completed with 1.00e+05 of simulation time using 12 work units.
2016-01-09 16:06:59) Replicate 2 completed with 1.00e+05 of simulation time using 12 work units.
2016-01-09 16:06:59) Replicate 6 completed with 1.00e+05 of simulation time using 12 work units.
2016-01-09 16:06:59) Replicate 15 completed with 1.00e+05 of simulation time using 12 work units.
2016-01-09 16:06:59) Replicate 12 completed with 1.00e+05 of simulation time using 12 work units.
2016-01-09 16:06:59) Replicate 10 completed with 1.00e+05 of simulation time using 12 work units.
2016-01-09 16:06:59) Replicate 9 completed with 1.00e+05 of simulation time using 12 work units.
2016-01-09 16:06:59) Replicate 5 completed with 1.00e+05 of simulation time using 12 work units.
2016-01-09 16:06:59) Replicate 1 completed with 1.00e+05 of simulation time using 12 work units.
2016-01-09 16:06:59) Replicate 16 completed with 1.00e+05 of simulation time using 12 work units.
2016-01-09 16:06:59) Replicate 3 completed with 1.00e+05 of simulation time using 12 work units.
2016-01-09 16:06:59) Replicate 11 completed with 1.00e+05 of simulation time using 12 work units.
2016-01-09 16:06:59) Replicate 8 completed with 1.00e+05 of simulation time using 12 work units.
2016-01-09 16:06:59) Replicate 14 completed with 1.00e+05 of simulation time using 12 work units.
2016-01-09 16:06:59) Replicate 7 completed with 1.00e+05 of simulation time using 12 work units.
2016-01-09 16:06:59) Replicate supervisor finished 16 replicates in 125.60 seconds.
2016-01-09 16:06:59) Simulation finished.
2016-01-09 16:06:59) Finished 23 work units (ids in range 169 to 191) with 23 parts in the last 5.1 seconds. 70722586 steps in 5.009e+00 seconds (1.412e+07 steps/second).
2016-01-09 16:06:59) Supervisor 0:2 finished.
2016-01-09 16:06:59) Wrote 16 messages (1267 bytes) in the last 0.1 seconds (0.000066 seconds writing). 0 messages (0 bytes) queued. Flushing.
2016-01-09 16:06:59) OutputWriter::HelperThread 0:4 finished.
2016-01-09 16:06:59) OutputWriter 0:3 finished.
2016-01-09 16:06:59) Work unit runner 0:5 finished.
2016-01-09 16:06:59) Resource controller 0:1 finished.
2016-01-09 16:06:59) Closing MPI library.
2016-01-09 16:06:59) Program execution finished.
