Lattice Microbe ES v2016.01.20 build 1 in 64-bit mode with options MPI AVX.
Copyright (C) 2008-2012 Luthey-Schulten Group, University of Illinois at Urbana-Champaign.
Copyright (C) 2012-2016 Roberts Group, Johns Hopkins University.

MPI version 3.0 with thread support MPI_THREAD_MULTIPLE.
Running with 1 process(es).

2016-01-09 16:13:08) Resource controller 0:1 started.
2016-01-09 16:13:08) Supervisor 0:2 started.
2016-01-09 16:13:08) Resource controller 0:1 on barkeri.bph.jhu.edu registered with 8 cpu core(s) and 0 gpu device(s).
2016-01-09 16:13:08) Registered resources for host barkeri.bph.jhu.edu (defaults=1): 2 cpu cores, 0 gpu devices
2016-01-09 16:13:08) All resources registered with supervisor, starting workers.
2016-01-09 16:13:08) Reserved core 0 on 0:1 for the output writer.
2016-01-09 16:13:08) Creating slot 0 on process (0:1) using resources: barkeri.bph.jhu.edu; cpu core list:1; gpu device list:<none>.
2016-01-09 16:13:08) OutputWriter 0:3 started.
2016-01-09 16:13:08) 2016-01-09 16:13:08) OutputWriter::HelperThread 0:4 started.Work Unit runner 0:5 started with 1 cpu cores (affinity=0) and 0 gpus.

2016-01-09 16:13:08) Output writer started: 0:3.
2016-01-09 16:13:08) Work unit runner started: 0:5.
2016-01-09 16:13:08) All supervisor workers have started, beginning simulation.
2016-01-09 16:13:08) Replicate supervisor starting simulation.
2016-01-09 16:13:08) Simulation started.
2016-01-09 16:14:08) Wrote 85 messages (6510 bytes) in the last 60.4 seconds (0.000477 seconds writing). 0 messages (0 bytes) queued. Flushing.
2016-01-09 16:14:08) Finished 86 work units (ids in range 0 to 85) with 86 parts in the last 60.5 seconds. 860000000 steps in 6.016e+01 seconds (1.430e+07 steps/second).
2016-01-09 16:15:08) Finished 86 work units (ids in range 86 to 171) with 86 parts in the last 60.1 seconds. 860000000 steps in 5.978e+01 seconds (1.439e+07 steps/second).
2016-01-09 16:15:11) Wrote 75 messages (5900 bytes) in the last 62.9 seconds (0.000396 seconds writing). 0 messages (0 bytes) queued. Flushing.
2016-01-09 16:15:11) Replicate 13 completed with 1.00e+05 of simulation time using 12 work units.
2016-01-09 16:15:11) Replicate 10 completed with 1.00e+05 of simulation time using 12 work units.
2016-01-09 16:15:11) Replicate 1 completed with 1.00e+05 of simulation time using 12 work units.
2016-01-09 16:15:11) Replicate 7 completed with 1.00e+05 of simulation time using 12 work units.
2016-01-09 16:15:11) Replicate 16 completed with 1.00e+05 of simulation time using 12 work units.
2016-01-09 16:15:11) Replicate 15 completed with 1.00e+05 of simulation time using 12 work units.
2016-01-09 16:15:11) Replicate 6 completed with 1.00e+05 of simulation time using 12 work units.
2016-01-09 16:15:11) Replicate 14 completed with 1.00e+05 of simulation time using 12 work units.
2016-01-09 16:15:11) Replicate 8 completed with 1.00e+05 of simulation time using 12 work units.
2016-01-09 16:15:11) Replicate 11 completed with 1.00e+05 of simulation time using 12 work units.
2016-01-09 16:15:11) Replicate 12 completed with 1.00e+05 of simulation time using 12 work units.
2016-01-09 16:15:11) Replicate 5 completed with 1.00e+05 of simulation time using 12 work units.
2016-01-09 16:15:11) Replicate 2 completed with 1.00e+05 of simulation time using 12 work units.
2016-01-09 16:15:11) Replicate 4 completed with 1.00e+05 of simulation time using 12 work units.
2016-01-09 16:15:11) Replicate 3 completed with 1.00e+05 of simulation time using 12 work units.
2016-01-09 16:15:11) Replicate 9 completed with 1.00e+05 of simulation time using 12 work units.
2016-01-09 16:15:11) Replicate supervisor finished 16 replicates in 123.41 seconds.
2016-01-09 16:15:11) Simulation finished.
2016-01-09 16:15:11) Finished 20 work units (ids in range 172 to 191) with 20 parts in the last 2.9 seconds. 40684429 steps in 2.873e+00 seconds (1.416e+07 steps/second).
2016-01-09 16:15:11) Supervisor 0:2 finished.
2016-01-09 16:15:11) Wrote 16 messages (1264 bytes) in the last 0.1 seconds (0.000305 seconds writing). 0 messages (0 bytes) queued. Flushing.
2016-01-09 16:15:11) OutputWriter::HelperThread 0:4 finished.
2016-01-09 16:15:11) OutputWriter 0:3 finished.
2016-01-09 16:15:11) Work unit runner 0:5 finished.
2016-01-09 16:15:11) Resource controller 0:1 finished.
2016-01-09 16:15:11) Closing MPI library.
2016-01-09 16:15:11) Program execution finished.
