Lattice Microbe ES v2016.01.20 build 1 in 64-bit mode with options MPI AVX.
Copyright (C) 2008-2012 Luthey-Schulten Group, University of Illinois at Urbana-Champaign.
Copyright (C) 2012-2016 Roberts Group, Johns Hopkins University.

MPI version 3.0 with thread support MPI_THREAD_MULTIPLE.
Running with 1 process(es).

2016-01-09 16:09:02) Resource controller 0:1 started.
2016-01-09 16:09:02) Supervisor 0:2 started.
2016-01-09 16:09:02) Resource controller 0:1 on barkeri.bph.jhu.edu registered with 8 cpu core(s) and 0 gpu device(s).
2016-01-09 16:09:02) Registered resources for host barkeri.bph.jhu.edu (defaults=1): 2 cpu cores, 0 gpu devices
2016-01-09 16:09:02) All resources registered with supervisor, starting workers.
2016-01-09 16:09:02) Reserved core 0 on 0:1 for the output writer.
2016-01-09 16:09:02) Creating slot 0 on process (0:1) using resources: barkeri.bph.jhu.edu; cpu core list:1; gpu device list:<none>.
2016-01-09 16:09:02) OutputWriter 0:3 started.
2016-01-09 16:09:02) 2016-01-09 16:09:02) OutputWriter::HelperThread 0:4 started.Work Unit runner 0:5 started with 1 cpu cores (affinity=0) and 0 gpus.

2016-01-09 16:09:02) Output writer started: 0:3.
2016-01-09 16:09:02) Work unit runner started: 0:5.
2016-01-09 16:09:02) All supervisor workers have started, beginning simulation.
2016-01-09 16:09:02) Replicate supervisor starting simulation.
2016-01-09 16:09:02) Simulation started.
2016-01-09 16:10:02) Wrote 85 messages (6491 bytes) in the last 60.2 seconds (0.000465 seconds writing). 0 messages (0 bytes) queued. Flushing.
2016-01-09 16:10:02) Finished 86 work units (ids in range 0 to 85) with 86 parts in the last 60.2 seconds. 860000000 steps in 5.989e+01 seconds (1.436e+07 steps/second).
2016-01-09 16:11:02) Finished 86 work units (ids in range 86 to 171) with 86 parts in the last 60.1 seconds. 860000000 steps in 5.983e+01 seconds (1.437e+07 steps/second).
2016-01-09 16:11:05) Wrote 75 messages (5889 bytes) in the last 62.9 seconds (0.000385 seconds writing). 0 messages (0 bytes) queued. Flushing.
2016-01-09 16:11:05) Replicate 7 completed with 1.00e+05 of simulation time using 12 work units.
2016-01-09 16:11:05) Replicate 9 completed with 1.00e+05 of simulation time using 12 work units.
2016-01-09 16:11:05) Replicate 4 completed with 1.00e+05 of simulation time using 12 work units.
2016-01-09 16:11:05) Replicate 11 completed with 1.00e+05 of simulation time using 12 work units.
2016-01-09 16:11:05) Replicate 14 completed with 1.00e+05 of simulation time using 12 work units.
2016-01-09 16:11:05) Replicate 8 completed with 1.00e+05 of simulation time using 12 work units.
2016-01-09 16:11:05) Replicate 6 completed with 1.00e+05 of simulation time using 12 work units.
2016-01-09 16:11:05) Replicate 13 completed with 1.00e+05 of simulation time using 12 work units.
2016-01-09 16:11:05) Replicate 12 completed with 1.00e+05 of simulation time using 12 work units.
2016-01-09 16:11:05) Replicate 16 completed with 1.00e+05 of simulation time using 12 work units.
2016-01-09 16:11:05) Replicate 5 completed with 1.00e+05 of simulation time using 12 work units.
2016-01-09 16:11:05) Replicate 3 completed with 1.00e+05 of simulation time using 12 work units.
2016-01-09 16:11:05) Replicate 2 completed with 1.00e+05 of simulation time using 12 work units.
2016-01-09 16:11:05) Replicate 1 completed with 1.00e+05 of simulation time using 12 work units.
2016-01-09 16:11:05) Replicate 15 completed with 1.00e+05 of simulation time using 12 work units.
2016-01-09 16:11:05) Replicate 10 completed with 1.00e+05 of simulation time using 12 work units.
2016-01-09 16:11:05) Replicate supervisor finished 16 replicates in 123.13 seconds.
2016-01-09 16:11:05) Simulation finished.
2016-01-09 16:11:05) Finished 20 work units (ids in range 172 to 191) with 20 parts in the last 2.9 seconds. 40669841 steps in 2.816e+00 seconds (1.444e+07 steps/second).
2016-01-09 16:11:05) Supervisor 0:2 finished.
2016-01-09 16:11:05) Wrote 16 messages (1258 bytes) in the last 0.1 seconds (0.000071 seconds writing). 0 messages (0 bytes) queued. Flushing.
2016-01-09 16:11:05) OutputWriter::HelperThread 0:4 finished.
2016-01-09 16:11:05) OutputWriter 0:3 finished.
2016-01-09 16:11:05) Work unit runner 0:5 finished.
2016-01-09 16:11:05) Resource controller 0:1 finished.
2016-01-09 16:11:05) Closing MPI library.
2016-01-09 16:11:05) Program execution finished.
