Lattice Microbe ES v2016.01.20 build 1 in 64-bit mode with options MPI AVX.
Copyright (C) 2008-2012 Luthey-Schulten Group, University of Illinois at Urbana-Champaign.
Copyright (C) 2012-2016 Roberts Group, Johns Hopkins University.

MPI version 3.0 with thread support MPI_THREAD_MULTIPLE.
Running with 1 process(es).

2016-01-08 17:01:28) Resource controller 0:1 started.
2016-01-08 17:01:28) Supervisor 0:2 started.
2016-01-08 17:01:28) Resource controller 0:1 on barkeri.bph.jhu.edu registered with 8 cpu core(s) and 0 gpu device(s).
2016-01-08 17:01:28) Registered resources for host barkeri.bph.jhu.edu (defaults=1): 2 cpu cores, 0 gpu devices
2016-01-08 17:01:28) All resources registered with supervisor, starting workers.
2016-01-08 17:01:28) Reserved core 0 on 0:1 for the output writer.
2016-01-08 17:01:28) Creating slot 0 on process (0:1) using resources: barkeri.bph.jhu.edu; cpu core list:1; gpu device list:<none>.
2016-01-08 17:01:28) OutputWriter 0:3 started.
2016-01-08 17:01:28) 2016-01-08 17:01:28) OutputWriter::HelperThread 0:4 started.Work Unit runner 0:5 started with 1 cpu cores (affinity=0) and 0 gpus.

2016-01-08 17:01:28) Output writer started: 0:3.
2016-01-08 17:01:28) Work unit runner started: 0:5.
2016-01-08 17:01:28) All supervisor workers have started, beginning simulation.
2016-01-08 17:01:28) Replicate supervisor starting simulation.
2016-01-08 17:01:28) Simulation started.
2016-01-08 17:02:28) Finished 41 work units (ids in range 0 to 40) with 164 parts in the last 60.1 seconds. 1640000000 steps in 5.995e+01 seconds (2.736e+07 steps/second).
2016-01-08 17:02:28) Wrote 38 messages (10290 bytes) in the last 60.1 seconds (0.000444 seconds writing). 0 messages (0 bytes) queued. Flushing.
2016-01-08 17:02:28) Replicate 11 completed with 1.00e+05 of simulation time using 12 work units.
2016-01-08 17:02:28) Replicate 15 completed with 1.00e+05 of simulation time using 12 work units.
2016-01-08 17:02:28) Replicate 6 completed with 1.00e+05 of simulation time using 12 work units.
2016-01-08 17:02:28) Replicate 4 completed with 1.00e+05 of simulation time using 12 work units.
2016-01-08 17:02:28) Replicate 1 completed with 1.00e+05 of simulation time using 13 work units.
2016-01-08 17:02:28) Replicate 9 completed with 1.00e+05 of simulation time using 13 work units.
2016-01-08 17:02:28) Replicate 8 completed with 1.00e+05 of simulation time using 13 work units.
2016-01-08 17:02:28) Replicate 7 completed with 1.00e+05 of simulation time using 15 work units.
2016-01-08 17:02:28) Replicate 13 completed with 1.00e+05 of simulation time using 13 work units.
2016-01-08 17:02:28) Replicate 2 completed with 1.00e+05 of simulation time using 13 work units.
2016-01-08 17:02:28) Replicate 14 completed with 1.00e+05 of simulation time using 14 work units.
2016-01-08 17:02:28) Replicate 5 completed with 1.00e+05 of simulation time using 16 work units.
2016-01-08 17:02:28) GillespieDSolverAVX started without a full set of trajectories, running trajectory 12 with the GillespieDSolver.
2016-01-08 17:02:28) GillespieDSolverAVX started without a full set of trajectories, running trajectory 10 with the GillespieDSolver.
2016-01-08 17:02:28) GillespieDSolverAVX started without a full set of trajectories, running trajectory 3 with the GillespieDSolver.
2016-01-08 17:02:28) Replicate 12 completed with 1.00e+05 of simulation time using 23 work units.
2016-01-08 17:02:28) Replicate 10 completed with 1.00e+05 of simulation time using 19 work units.
2016-01-08 17:02:28) Replicate 3 completed with 1.00e+05 of simulation time using 15 work units.
2016-01-08 17:02:28) Replicate supervisor finished 15 replicates in 60.73 seconds.
2016-01-08 17:02:28) Simulation finished.
2016-01-08 17:02:28) Finished 13 work units (ids in range 41 to 53) with 51 parts in the last 0.6 seconds. 10584663 steps in 5.863e-01 seconds (1.805e+07 steps/second).
2016-01-08 17:02:28) Supervisor 0:2 finished.
2016-01-08 17:02:28) Wrote 15 messages (1242 bytes) in the last 0.6 seconds (0.000079 seconds writing). 0 messages (0 bytes) queued. Flushing.
2016-01-08 17:02:28) OutputWriter::HelperThread 0:4 finished.
2016-01-08 17:02:28) OutputWriter 0:3 finished.
2016-01-08 17:02:28) Work unit runner 0:5 finished.
2016-01-08 17:02:28) Resource controller 0:1 finished.
2016-01-08 17:02:28) Closing MPI library.
2016-01-08 17:02:28) Program execution finished.
