Lattice Microbe ES v2016.01.20 build 1 in 64-bit mode with options MPI AVX.
Copyright (C) 2008-2012 Luthey-Schulten Group, University of Illinois at Urbana-Champaign.
Copyright (C) 2012-2016 Roberts Group, Johns Hopkins University.

MPI version 3.0 with thread support MPI_THREAD_MULTIPLE.
Running with 1 process(es).

2016-01-08 16:53:22) Resource controller 0:1 started.
2016-01-08 16:53:22) Supervisor 0:2 started.
2016-01-08 16:53:22) Resource controller 0:1 on barkeri.bph.jhu.edu registered with 8 cpu core(s) and 0 gpu device(s).
2016-01-08 16:53:22) Registered resources for host barkeri.bph.jhu.edu (defaults=1): 2 cpu cores, 0 gpu devices
2016-01-08 16:53:22) All resources registered with supervisor, starting workers.
2016-01-08 16:53:22) Reserved core 0 on 0:1 for the output writer.
2016-01-08 16:53:22) Creating slot 0 on process (0:1) using resources: barkeri.bph.jhu.edu; cpu core list:1; gpu device list:<none>.
2016-01-08 16:53:22) OutputWriter 0:3 started.
2016-01-08 16:53:22) OutputWriter::HelperThread 0:4 started.
2016-01-08 16:53:22) Work Unit runner 0:5 started with 1 cpu cores (affinity=0) and 0 gpus.
2016-01-08 16:53:22) Output writer started: 0:3.
2016-01-08 16:53:22) Work unit runner started: 0:5.
2016-01-08 16:53:22) All supervisor workers have started, beginning simulation.
2016-01-08 16:53:22) Replicate supervisor starting simulation.
2016-01-08 16:53:22) Simulation started.
2016-01-08 16:54:23) Wrote 37 messages (10069 bytes) in the last 61.2 seconds (0.000443 seconds writing). 0 messages (0 bytes) queued. Flushing.
2016-01-08 16:54:23) Finished 38 work units (ids in range 0 to 37) with 152 parts in the last 61.2 seconds. 1520000000 steps in 6.109e+01 seconds (2.488e+07 steps/second).
2016-01-08 16:54:28) Replicate 12 completed with 1.00e+05 of simulation time using 12 work units.
2016-01-08 16:54:28) Replicate 4 completed with 1.00e+05 of simulation time using 12 work units.
2016-01-08 16:54:28) Replicate 13 completed with 1.00e+05 of simulation time using 12 work units.
2016-01-08 16:54:28) Replicate 10 completed with 1.00e+05 of simulation time using 12 work units.
2016-01-08 16:54:28) Replicate 2 completed with 1.00e+05 of simulation time using 13 work units.
2016-01-08 16:54:28) Replicate 9 completed with 1.00e+05 of simulation time using 13 work units.
2016-01-08 16:54:28) Replicate 14 completed with 1.00e+05 of simulation time using 13 work units.
2016-01-08 16:54:28) Replicate 6 completed with 1.00e+05 of simulation time using 13 work units.
2016-01-08 16:54:28) Replicate 7 completed with 1.00e+05 of simulation time using 13 work units.
2016-01-08 16:54:28) Replicate 3 completed with 1.00e+05 of simulation time using 13 work units.
2016-01-08 16:54:28) Replicate 15 completed with 1.00e+05 of simulation time using 13 work units.
2016-01-08 16:54:28) Replicate 1 completed with 1.00e+05 of simulation time using 13 work units.
2016-01-08 16:54:28) GillespieDSolverAVX started without a full set of trajectories, running trajectory 5 with the GillespieDSolver.
2016-01-08 16:54:29) GillespieDSolverAVX started without a full set of trajectories, running trajectory 8 with the GillespieDSolver.
2016-01-08 16:54:29) GillespieDSolverAVX started without a full set of trajectories, running trajectory 11 with the GillespieDSolver.
2016-01-08 16:54:29) Replicate 5 completed with 1.00e+05 of simulation time using 23 work units.
2016-01-08 16:54:29) Replicate 8 completed with 1.00e+05 of simulation time using 20 work units.
2016-01-08 16:54:29) Replicate 11 completed with 1.00e+05 of simulation time using 20 work units.
2016-01-08 16:54:29) Replicate supervisor finished 15 replicates in 66.96 seconds.
2016-01-08 16:54:29) Simulation finished.
2016-01-08 16:54:29) Finished 16 work units (ids in range 38 to 53) with 63 parts in the last 5.8 seconds. 130761967 steps in 5.678e+00 seconds (2.303e+07 steps/second).
2016-01-08 16:54:29) Supervisor 0:2 finished.
2016-01-08 16:54:29) Wrote 16 messages (1384 bytes) in the last 5.8 seconds (0.000081 seconds writing). 0 messages (0 bytes) queued. Flushing.
2016-01-08 16:54:29) OutputWriter::HelperThread 0:4 finished.
2016-01-08 16:54:29) OutputWriter 0:3 finished.
2016-01-08 16:54:29) Work unit runner 0:5 finished.
2016-01-08 16:54:29) Resource controller 0:1 finished.
2016-01-08 16:54:29) Closing MPI library.
2016-01-08 16:54:29) Program execution finished.
