Lattice Microbe ES v2016.01.20 build 1 in 64-bit mode with options MPI AVX.
Copyright (C) 2008-2012 Luthey-Schulten Group, University of Illinois at Urbana-Champaign.
Copyright (C) 2012-2016 Roberts Group, Johns Hopkins University.

MPI version 3.0 with thread support MPI_THREAD_MULTIPLE.
Running with 1 process(es).

2016-01-08 16:59:28) Resource controller 0:1 started.
2016-01-08 16:59:28) Supervisor 0:2 started.
2016-01-08 16:59:28) Resource controller 0:1 on barkeri.bph.jhu.edu registered with 8 cpu core(s) and 0 gpu device(s).
2016-01-08 16:59:28) Registered resources for host barkeri.bph.jhu.edu (defaults=1): 2 cpu cores, 0 gpu devices
2016-01-08 16:59:28) All resources registered with supervisor, starting workers.
2016-01-08 16:59:28) Reserved core 0 on 0:1 for the output writer.
2016-01-08 16:59:28) Creating slot 0 on process (0:1) using resources: barkeri.bph.jhu.edu; cpu core list:1; gpu device list:<none>.
2016-01-08 16:59:29) OutputWriter 0:3 started.
2016-01-08 16:59:29) OutputWriter::HelperThread 0:4 started.
2016-01-08 16:59:29) Output writer started: 0:3.
2016-01-08 16:59:29) Work Unit runner 0:5 started with 1 cpu cores (affinity=0) and 0 gpus.
2016-01-08 16:59:29) Work unit runner started: 0:5.
2016-01-08 16:59:29) All supervisor workers have started, beginning simulation.
2016-01-08 16:59:29) Replicate supervisor starting simulation.
2016-01-08 16:59:29) Simulation started.
2016-01-08 17:00:28) Replicate 3 completed with 1.00e+05 of simulation time using 12 work units.
2016-01-08 17:00:28) Replicate 11 completed with 1.00e+05 of simulation time using 12 work units.
2016-01-08 17:00:28) Replicate 1 completed with 1.00e+05 of simulation time using 12 work units.
2016-01-08 17:00:28) Replicate 5 completed with 1.00e+05 of simulation time using 12 work units.
2016-01-08 17:00:28) Replicate 6 completed with 1.00e+05 of simulation time using 13 work units.
2016-01-08 17:00:28) Replicate 14 completed with 1.00e+05 of simulation time using 13 work units.
2016-01-08 17:00:28) Replicate 8 completed with 1.00e+05 of simulation time using 13 work units.
2016-01-08 17:00:28) Replicate 10 completed with 1.00e+05 of simulation time using 13 work units.
2016-01-08 17:00:28) Replicate 15 completed with 1.00e+05 of simulation time using 13 work units.
2016-01-08 17:00:28) Replicate 2 completed with 1.00e+05 of simulation time using 13 work units.
2016-01-08 17:00:28) Replicate 7 completed with 1.00e+05 of simulation time using 13 work units.
2016-01-08 17:00:28) Replicate 9 completed with 1.00e+05 of simulation time using 13 work units.
2016-01-08 17:00:28) GillespieDSolverAVX started without a full set of trajectories, running trajectory 12 with the GillespieDSolver.
2016-01-08 17:00:28) GillespieDSolverAVX started without a full set of trajectories, running trajectory 13 with the GillespieDSolver.
2016-01-08 17:00:28) GillespieDSolverAVX started without a full set of trajectories, running trajectory 4 with the GillespieDSolver.
2016-01-08 17:00:28) Replicate 12 completed with 1.00e+05 of simulation time using 23 work units.
2016-01-08 17:00:28) Replicate 13 completed with 1.00e+05 of simulation time using 20 work units.
2016-01-08 17:00:28) Replicate 4 completed with 1.00e+05 of simulation time using 20 work units.
2016-01-08 17:00:28) Replicate supervisor finished 15 replicates in 59.62 seconds.
2016-01-08 17:00:28) Simulation finished.
2016-01-08 17:00:28) Finished 54 work units (ids in range 0 to 53) with 215 parts in the last 59.6 seconds. 1650653071 steps in 5.943e+01 seconds (2.778e+07 steps/second).
2016-01-08 17:00:28) Supervisor 0:2 finished.
2016-01-08 17:00:28) Wrote 53 messages (11530 bytes) in the last 59.6 seconds (0.000592 seconds writing). 0 messages (0 bytes) queued. Flushing.
2016-01-08 17:00:28) OutputWriter::HelperThread 0:4 finished.
2016-01-08 17:00:28) OutputWriter 0:3 finished.
2016-01-08 17:00:28) Work unit runner 0:5 finished.
2016-01-08 17:00:28) Resource controller 0:1 finished.
2016-01-08 17:00:28) Closing MPI library.
2016-01-08 17:00:28) Program execution finished.
