Lattice Microbe ES v2016.01.20 build 1 in 64-bit mode with options MPI AVX.
Copyright (C) 2008-2012 Luthey-Schulten Group, University of Illinois at Urbana-Champaign.
Copyright (C) 2012-2016 Roberts Group, Johns Hopkins University.

MPI version 3.0 with thread support MPI_THREAD_MULTIPLE.
Running with 1 process(es).

2016-01-08 16:57:30) Resource controller 0:1 started.
2016-01-08 16:57:30) Supervisor 0:2 started.
2016-01-08 16:57:30) Resource controller 0:1 on barkeri.bph.jhu.edu registered with 8 cpu core(s) and 0 gpu device(s).
2016-01-08 16:57:30) Registered resources for host barkeri.bph.jhu.edu (defaults=1): 2 cpu cores, 0 gpu devices
2016-01-08 16:57:30) All resources registered with supervisor, starting workers.
2016-01-08 16:57:30) Reserved core 0 on 0:1 for the output writer.
2016-01-08 16:57:30) Creating slot 0 on process (0:1) using resources: barkeri.bph.jhu.edu; cpu core list:1; gpu device list:<none>.
2016-01-08 16:57:30) OutputWriter 0:3 started.
2016-01-08 16:57:30) 2016-01-08 16:57:30) Work Unit runner 0:5 started with 1 cpu cores (affinity=0) and 0 gpus.OutputWriter::HelperThread 0:4 started.

2016-01-08 16:57:30) Output writer started: 0:3.
2016-01-08 16:57:30) Work unit runner started: 0:5.
2016-01-08 16:57:30) All supervisor workers have started, beginning simulation.
2016-01-08 16:57:30) Replicate supervisor starting simulation.
2016-01-08 16:57:30) Simulation started.
2016-01-08 16:58:27) Replicate 14 completed with 1.00e+05 of simulation time using 12 work units.
2016-01-08 16:58:27) Replicate 9 completed with 1.00e+05 of simulation time using 12 work units.
2016-01-08 16:58:27) Replicate 11 completed with 1.00e+05 of simulation time using 12 work units.
2016-01-08 16:58:27) Replicate 6 completed with 1.00e+05 of simulation time using 12 work units.
2016-01-08 16:58:27) Replicate 8 completed with 1.00e+05 of simulation time using 13 work units.
2016-01-08 16:58:27) Replicate 1 completed with 1.00e+05 of simulation time using 13 work units.
2016-01-08 16:58:27) Replicate 3 completed with 1.00e+05 of simulation time using 13 work units.
2016-01-08 16:58:27) Replicate 2 completed with 1.00e+05 of simulation time using 13 work units.
2016-01-08 16:58:27) Replicate 13 completed with 1.00e+05 of simulation time using 13 work units.
2016-01-08 16:58:27) Replicate 15 completed with 1.00e+05 of simulation time using 13 work units.
2016-01-08 16:58:27) Replicate 4 completed with 1.00e+05 of simulation time using 13 work units.
2016-01-08 16:58:27) Replicate 7 completed with 1.00e+05 of simulation time using 13 work units.
2016-01-08 16:58:27) GillespieDSolverAVX started without a full set of trajectories, running trajectory 5 with the GillespieDSolver.
2016-01-08 16:58:28) GillespieDSolverAVX started without a full set of trajectories, running trajectory 10 with the GillespieDSolver.
2016-01-08 16:58:28) GillespieDSolverAVX started without a full set of trajectories, running trajectory 12 with the GillespieDSolver.
2016-01-08 16:58:28) Replicate 5 completed with 1.00e+05 of simulation time using 23 work units.
2016-01-08 16:58:28) Replicate 10 completed with 1.00e+05 of simulation time using 20 work units.
2016-01-08 16:58:28) Replicate 12 completed with 1.00e+05 of simulation time using 20 work units.
2016-01-08 16:58:28) Replicate supervisor finished 15 replicates in 57.64 seconds.
2016-01-08 16:58:28) Simulation finished.
2016-01-08 16:58:28) Finished 54 work units (ids in range 0 to 53) with 215 parts in the last 57.7 seconds. 1650661095 steps in 5.746e+01 seconds (2.873e+07 steps/second).
2016-01-08 16:58:28) Supervisor 0:2 finished.
2016-01-08 16:58:28) Wrote 53 messages (11586 bytes) in the last 57.7 seconds (0.000493 seconds writing). 0 messages (0 bytes) queued. Flushing.
2016-01-08 16:58:28) OutputWriter::HelperThread 0:4 finished.
2016-01-08 16:58:28) OutputWriter 0:3 finished.
2016-01-08 16:58:28) Work unit runner 0:5 finished.
2016-01-08 16:58:28) Resource controller 0:1 finished.
2016-01-08 16:58:28) Closing MPI library.
2016-01-08 16:58:28) Program execution finished.
