Lattice Microbe ES v2016.01.20 build 1 in 64-bit mode with options MPI AVX.
Copyright (C) 2008-2012 Luthey-Schulten Group, University of Illinois at Urbana-Champaign.
Copyright (C) 2012-2016 Roberts Group, Johns Hopkins University.

MPI version 3.0 with thread support MPI_THREAD_MULTIPLE.
Running with 1 process(es).

2016-01-09 11:46:09) Resource controller 0:1 started.
2016-01-09 11:46:09) Supervisor 0:2 started.
2016-01-09 11:46:09) Resource controller 0:1 on barkeri.bph.jhu.edu registered with 8 cpu core(s) and 0 gpu device(s).
2016-01-09 11:46:09) Registered resources for host barkeri.bph.jhu.edu (defaults=1): 2 cpu cores, 0 gpu devices
2016-01-09 11:46:09) All resources registered with supervisor, starting workers.
2016-01-09 11:46:09) Reserved core 0 on 0:1 for the output writer.
2016-01-09 11:46:09) Creating slot 0 on process (0:1) using resources: barkeri.bph.jhu.edu; cpu core list:1; gpu device list:<none>.
2016-01-09 11:46:09) OutputWriter 0:3 started.
2016-01-09 11:46:09) OutputWriter::HelperThread 0:4 started.
2016-01-09 11:46:09) Work Unit runner 0:5 started with 1 cpu cores (affinity=0) and 0 gpus.
2016-01-09 11:46:09) Output writer started: 0:3.
2016-01-09 11:46:09) Work unit runner started: 0:5.
2016-01-09 11:46:09) All supervisor workers have started, beginning simulation.
2016-01-09 11:46:09) Replicate supervisor starting simulation.
2016-01-09 11:46:09) Simulation started.
2016-01-09 11:47:10) Wrote 37 messages (10234 bytes) in the last 61.3 seconds (0.000417 seconds writing). 0 messages (0 bytes) queued. Flushing.
2016-01-09 11:47:10) Finished 38 work units (ids in range 0 to 37) with 152 parts in the last 61.3 seconds. 1520000000 steps in 6.115e+01 seconds (2.486e+07 steps/second).
2016-01-09 11:47:20) Replicate 8 completed with 1.00e+05 of simulation time using 12 work units.
2016-01-09 11:47:20) Replicate 3 completed with 1.00e+05 of simulation time using 12 work units.
2016-01-09 11:47:20) Replicate 7 completed with 1.00e+05 of simulation time using 12 work units.
2016-01-09 11:47:20) Replicate 16 completed with 1.00e+05 of simulation time using 12 work units.
2016-01-09 11:47:20) Replicate 5 completed with 1.00e+05 of simulation time using 13 work units.
2016-01-09 11:47:20) Replicate 14 completed with 1.00e+05 of simulation time using 13 work units.
2016-01-09 11:47:20) Replicate 2 completed with 1.00e+05 of simulation time using 14 work units.
2016-01-09 11:47:20) Replicate 11 completed with 1.00e+05 of simulation time using 13 work units.
2016-01-09 11:47:20) Replicate 15 completed with 1.00e+05 of simulation time using 15 work units.
2016-01-09 11:47:20) Replicate 9 completed with 1.00e+05 of simulation time using 16 work units.
2016-01-09 11:47:20) Replicate 6 completed with 1.00e+05 of simulation time using 14 work units.
2016-01-09 11:47:20) Replicate 13 completed with 1.00e+05 of simulation time using 15 work units.
2016-01-09 11:47:20) Replicate 10 completed with 1.00e+05 of simulation time using 15 work units.
2016-01-09 11:47:20) GillespieDSolverAVX started without a full set of trajectories, running trajectory 1 with the GillespieDSolver.
2016-01-09 11:47:20) GillespieDSolverAVX started without a full set of trajectories, running trajectory 4 with the GillespieDSolver.
2016-01-09 11:47:20) GillespieDSolverAVX started without a full set of trajectories, running trajectory 12 with the GillespieDSolver.
2016-01-09 11:47:20) Replicate 1 completed with 1.00e+05 of simulation time using 20 work units.
2016-01-09 11:47:20) Replicate 4 completed with 1.00e+05 of simulation time using 18 work units.
2016-01-09 11:47:20) Replicate 12 completed with 1.00e+05 of simulation time using 17 work units.
2016-01-09 11:47:20) Replicate supervisor finished 16 replicates in 71.08 seconds.
2016-01-09 11:47:20) Simulation finished.
2016-01-09 11:47:20) Finished 20 work units (ids in range 38 to 57) with 79 parts in the last 9.8 seconds. 240727918 steps in 9.713e+00 seconds (2.478e+07 steps/second).
2016-01-09 11:47:20) Supervisor 0:2 finished.
2016-01-09 11:47:20) Wrote 19 messages (2156 bytes) in the last 9.8 seconds (0.000112 seconds writing). 0 messages (0 bytes) queued. Flushing.
2016-01-09 11:47:20) OutputWriter::HelperThread 0:4 finished.
2016-01-09 11:47:20) OutputWriter 0:3 finished.
2016-01-09 11:47:20) Work unit runner 0:5 finished.
2016-01-09 11:47:20) Resource controller 0:1 finished.
2016-01-09 11:47:20) Closing MPI library.
2016-01-09 11:47:20) Program execution finished.
