Lattice Microbe ES v2016.01.20 build 1 in 64-bit mode with options MPI AVX.
Copyright (C) 2008-2012 Luthey-Schulten Group, University of Illinois at Urbana-Champaign.
Copyright (C) 2012-2016 Roberts Group, Johns Hopkins University.

MPI version 3.0 with thread support MPI_THREAD_MULTIPLE.
Running with 1 process(es).

2016-01-09 11:34:57) Resource controller 0:1 started.
2016-01-09 11:34:57) Supervisor 0:2 started.
2016-01-09 11:34:57) Resource controller 0:1 on barkeri.bph.jhu.edu registered with 8 cpu core(s) and 0 gpu device(s).
2016-01-09 11:34:57) Registered resources for host barkeri.bph.jhu.edu (defaults=1): 2 cpu cores, 0 gpu devices
2016-01-09 11:34:57) All resources registered with supervisor, starting workers.
2016-01-09 11:34:57) Reserved core 0 on 0:1 for the output writer.
2016-01-09 11:34:57) Creating slot 0 on process (0:1) using resources: barkeri.bph.jhu.edu; cpu core list:1; gpu device list:<none>.
2016-01-09 11:34:57) OutputWriter 0:3 started.
2016-01-09 11:34:57) OutputWriter::HelperThread 0:4 started.
2016-01-09 11:34:57) Work Unit runner 0:5 started with 1 cpu cores (affinity=0) and 0 gpus.
2016-01-09 11:34:57) Output writer started: 0:3.
2016-01-09 11:34:57) Work unit runner started: 0:5.
2016-01-09 11:34:57) All supervisor workers have started, beginning simulation.
2016-01-09 11:34:57) Replicate supervisor starting simulation.
2016-01-09 11:34:57) Simulation started.
2016-01-09 11:35:59) Wrote 38 messages (10387 bytes) in the last 61.2 seconds (0.000438 seconds writing). 0 messages (0 bytes) queued. Flushing.
2016-01-09 11:35:59) Finished 39 work units (ids in range 0 to 38) with 156 parts in the last 61.2 seconds. 1560000000 steps in 6.103e+01 seconds (2.556e+07 steps/second).
2016-01-09 11:36:06) Replicate 8 completed with 1.00e+05 of simulation time using 12 work units.
2016-01-09 11:36:06) Replicate 12 completed with 1.00e+05 of simulation time using 12 work units.
2016-01-09 11:36:06) Replicate 7 completed with 1.00e+05 of simulation time using 12 work units.
2016-01-09 11:36:06) Replicate 2 completed with 1.00e+05 of simulation time using 12 work units.
2016-01-09 11:36:06) Replicate 4 completed with 1.00e+05 of simulation time using 13 work units.
2016-01-09 11:36:06) Replicate 14 completed with 1.00e+05 of simulation time using 13 work units.
2016-01-09 11:36:06) Replicate 3 completed with 1.00e+05 of simulation time using 14 work units.
2016-01-09 11:36:06) Replicate 16 completed with 1.00e+05 of simulation time using 13 work units.
2016-01-09 11:36:06) Replicate 15 completed with 1.00e+05 of simulation time using 16 work units.
2016-01-09 11:36:06) Replicate 11 completed with 1.00e+05 of simulation time using 14 work units.
2016-01-09 11:36:06) Replicate 1 completed with 1.00e+05 of simulation time using 14 work units.
2016-01-09 11:36:06) Replicate 10 completed with 1.00e+05 of simulation time using 16 work units.
2016-01-09 11:36:06) Replicate 6 completed with 1.00e+05 of simulation time using 18 work units.
2016-01-09 11:36:06) GillespieDSolverAVX started without a full set of trajectories, running trajectory 5 with the GillespieDSolver.
2016-01-09 11:36:06) GillespieDSolverAVX started without a full set of trajectories, running trajectory 9 with the GillespieDSolver.
2016-01-09 11:36:06) GillespieDSolverAVX started without a full set of trajectories, running trajectory 13 with the GillespieDSolver.
2016-01-09 11:36:06) Replicate 5 completed with 1.00e+05 of simulation time using 18 work units.
2016-01-09 11:36:06) Replicate 9 completed with 1.00e+05 of simulation time using 17 work units.
2016-01-09 11:36:06) Replicate 13 completed with 1.00e+05 of simulation time using 17 work units.
2016-01-09 11:36:06) Replicate supervisor finished 16 replicates in 69.08 seconds.
2016-01-09 11:36:06) Simulation finished.
2016-01-09 11:36:06) Finished 19 work units (ids in range 39 to 57) with 75 parts in the last 7.9 seconds. 200613683 steps in 7.826e+00 seconds (2.563e+07 steps/second).
2016-01-09 11:36:06) Supervisor 0:2 finished.
2016-01-09 11:36:06) Wrote 18 messages (1867 bytes) in the last 7.9 seconds (0.000129 seconds writing). 0 messages (0 bytes) queued. Flushing.
2016-01-09 11:36:06) OutputWriter::HelperThread 0:4 finished.
2016-01-09 11:36:06) OutputWriter 0:3 finished.
2016-01-09 11:36:06) Work unit runner 0:5 finished.
2016-01-09 11:36:06) Resource controller 0:1 finished.
2016-01-09 11:36:06) Closing MPI library.
2016-01-09 11:36:06) Program execution finished.
