Lattice Microbe ES v2016.05.10 build 1 in 64-bit mode with options MPI AVX SBML.
Copyright (C) 2008-2012 Luthey-Schulten Group, University of Illinois at Urbana-Champaign.
Copyright (C) 2012-2016 Roberts Group, Johns Hopkins University.

MPI version 3.0 with thread support MPI_THREAD_MULTIPLE.
Running with 1 process(es).

2016-11-01 12:01:24) Resource controller 0:1 started.
2016-11-01 12:01:24) Supervisor 0:2 started.
2016-11-01 12:01:24) Resource controller 0:1 on xanthus-cp-2 registered with 32 cpu core(s) and 0 gpu device(s).
2016-11-01 12:01:24) Registered resources for host xanthus-cp-2 (defaults=1): 2 cpu cores, 0 gpu devices
2016-11-01 12:01:24) All resources registered with supervisor, starting workers.
2016-11-01 12:01:24) Reserved core 0 on 0:1 for the output writer.
2016-11-01 12:01:24) Creating slot 0 on process (0:1) using resources: xanthus-cp-2; cpu core list:1; gpu device list:<none>.
2016-11-01 12:01:25) OutputWriter 0:3 started.
2016-11-01 12:01:25) Work Unit runner 0:5 started with 1 cpu cores (affinity=0) and 0 gpus.
2016-11-01 12:01:25) OutputWriter::HelperThread 0:4 started.
2016-11-01 12:01:25) Output writer started: 0:3.
2016-11-01 12:01:25) Work unit runner started: 0:5.
2016-11-01 12:01:25) All supervisor workers have started, beginning simulation.
2016-11-01 12:01:25) Replicate supervisor starting simulation.
2016-11-01 12:01:25) Simulation started.
2016-11-01 12:02:25) Finished 27 work units (ids in range 0 to 26) with 108 parts in the last 61.0 seconds. 1080000000 steps in 6.090e+01 seconds (1.773e+07 steps/second).
2016-11-01 12:02:30) Wrote 18 messages (3468 bytes) in the last 65.3 seconds (0.000160 seconds writing). 0 messages (0 bytes) queued. Flushing.
2016-11-01 12:03:26) Finished 27 work units (ids in range 27 to 53) with 108 parts in the last 60.4 seconds. 1080000000 steps in 6.035e+01 seconds (1.790e+07 steps/second).
2016-11-01 12:03:37) Wrote 19 messages (3532 bytes) in the last 67.4 seconds (0.000129 seconds writing). 0 messages (0 bytes) queued. Flushing.
2016-11-01 12:04:09) Replicate 7 completed with 1.00e+05 of simulation time using 20 work units.
2016-11-01 12:04:11) Replicate 2 completed with 1.00e+05 of simulation time using 20 work units.
2016-11-01 12:04:14) Replicate 10 completed with 1.00e+05 of simulation time using 20 work units.
2016-11-01 12:04:14) Replicate 3 completed with 1.00e+05 of simulation time using 21 work units.
2016-11-01 12:04:14) Replicate 5 completed with 1.00e+05 of simulation time using 22 work units.
2016-11-01 12:04:14) Replicate 1 completed with 1.00e+05 of simulation time using 21 work units.
2016-11-01 12:04:14) Replicate 11 completed with 1.00e+05 of simulation time using 22 work units.
2016-11-01 12:04:14) Replicate 4 completed with 1.00e+05 of simulation time using 22 work units.
2016-11-01 12:04:14) Replicate 9 completed with 1.00e+05 of simulation time using 22 work units.
2016-11-01 12:04:14) Replicate 15 completed with 1.00e+05 of simulation time using 22 work units.
2016-11-01 12:04:14) Replicate 12 completed with 1.00e+05 of simulation time using 27 work units.
2016-11-01 12:04:14) Replicate 8 completed with 1.00e+05 of simulation time using 24 work units.
2016-11-01 12:04:14) GillespieDSolverAVX started without a full set of trajectories, running trajectory 6 with the GillespieDSolver.
2016-11-01 12:04:14) GillespieDSolverAVX started without a full set of trajectories, running trajectory 13 with the GillespieDSolver.
2016-11-01 12:04:14) GillespieDSolverAVX started without a full set of trajectories, running trajectory 14 with the GillespieDSolver.
2016-11-01 12:04:14) Replicate 6 completed with 1.00e+05 of simulation time using 27 work units.
2016-11-01 12:04:14) Replicate 13 completed with 1.00e+05 of simulation time using 25 work units.
2016-11-01 12:04:14) Replicate 14 completed with 1.00e+05 of simulation time using 24 work units.
2016-11-01 12:04:14) Replicate supervisor finished 15 replicates in 169.19 seconds.
2016-11-01 12:04:14) Simulation finished.
2016-11-01 12:04:14) Finished 31 work units (ids in range 54 to 84) with 123 parts in the last 47.8 seconds. 840003233 steps in 4.768e+01 seconds (1.762e+07 steps/second).
2016-11-01 12:04:14) Supervisor 0:2 finished.
2016-11-01 12:04:14) Wrote 23 messages (2813 bytes) in the last 36.4 seconds (0.000124 seconds writing). 0 messages (0 bytes) queued. Flushing.
2016-11-01 12:04:14) OutputWriter wrote 60 messages and 9813 bytes total.
2016-11-01 12:04:14) OutputWriter::HelperThread 0:4 finished.
2016-11-01 12:04:14) OutputWriter 0:3 flushing and closing.
2016-11-01 12:04:14) OutputWriter 0:3 finished.
2016-11-01 12:04:14) Work unit runner 0:5 finished.
2016-11-01 12:04:14) Resource controller 0:1 finished.
2016-11-01 12:04:14) Closing MPI library.
2016-11-01 12:04:14) Program execution finished.
