Lattice Microbe ES v2016.05.10 build 1 in 64-bit mode with options MPI AVX SBML.
Copyright (C) 2008-2012 Luthey-Schulten Group, University of Illinois at Urbana-Champaign.
Copyright (C) 2012-2016 Roberts Group, Johns Hopkins University.

MPI version 3.0 with thread support MPI_THREAD_MULTIPLE.
Running with 1 process(es).

2016-11-01 12:23:55) Resource controller 0:1 started.
2016-11-01 12:23:55) Supervisor 0:2 started.
2016-11-01 12:23:55) Resource controller 0:1 on xanthus-cp-2 registered with 32 cpu core(s) and 0 gpu device(s).
2016-11-01 12:23:55) Registered resources for host xanthus-cp-2 (defaults=1): 2 cpu cores, 0 gpu devices
2016-11-01 12:23:55) All resources registered with supervisor, starting workers.
2016-11-01 12:23:55) Reserved core 0 on 0:1 for the output writer.
2016-11-01 12:23:55) Creating slot 0 on process (0:1) using resources: xanthus-cp-2; cpu core list:1; gpu device list:<none>.
2016-11-01 12:23:55) OutputWriter 0:3 started.
2016-11-01 12:23:55) Work Unit runner 0:5 started with 1 cpu cores (affinity=0) and 0 gpus.
2016-11-01 12:23:55) OutputWriter::HelperThread 0:4 started.
2016-11-01 12:23:55) Output writer started: 0:3.
2016-11-01 12:23:55) Work unit runner started: 0:5.
2016-11-01 12:23:55) All supervisor workers have started, beginning simulation.
2016-11-01 12:23:55) Replicate supervisor starting simulation.
2016-11-01 12:23:55) Simulation started.
2016-11-01 12:24:56) Finished 27 work units (ids in range 0 to 26) with 108 parts in the last 61.1 seconds. 1080000000 steps in 6.103e+01 seconds (1.770e+07 steps/second).
2016-11-01 12:25:00) Wrote 19 messages (3488 bytes) in the last 65.6 seconds (0.000463 seconds writing). 0 messages (0 bytes) queued. Flushing.
2016-11-01 12:25:58) Finished 27 work units (ids in range 27 to 53) with 108 parts in the last 61.7 seconds. 1080000000 steps in 6.166e+01 seconds (1.752e+07 steps/second).
2016-11-01 12:26:09) Wrote 18 messages (3512 bytes) in the last 68.4 seconds (0.000285 seconds writing). 0 messages (0 bytes) queued. Flushing.
2016-11-01 12:26:40) Replicate 10 completed with 1.00e+05 of simulation time using 20 work units.
2016-11-01 12:26:42) Replicate 4 completed with 1.00e+05 of simulation time using 20 work units.
2016-11-01 12:26:45) Replicate 9 completed with 1.00e+05 of simulation time using 20 work units.
2016-11-01 12:26:45) Replicate 2 completed with 1.00e+05 of simulation time using 21 work units.
2016-11-01 12:26:45) Replicate 15 completed with 1.00e+05 of simulation time using 21 work units.
2016-11-01 12:26:45) Replicate 12 completed with 1.00e+05 of simulation time using 21 work units.
2016-11-01 12:26:45) Replicate 13 completed with 1.00e+05 of simulation time using 21 work units.
2016-11-01 12:26:45) Replicate 14 completed with 1.00e+05 of simulation time using 22 work units.
2016-11-01 12:26:45) Replicate 8 completed with 1.00e+05 of simulation time using 23 work units.
2016-11-01 12:26:45) Replicate 1 completed with 1.00e+05 of simulation time using 24 work units.
2016-11-01 12:26:45) Replicate 3 completed with 1.00e+05 of simulation time using 24 work units.
2016-11-01 12:26:45) Replicate 6 completed with 1.00e+05 of simulation time using 23 work units.
2016-11-01 12:26:45) GillespieDSolverAVX started without a full set of trajectories, running trajectory 11 with the GillespieDSolver.
2016-11-01 12:26:45) GillespieDSolverAVX started without a full set of trajectories, running trajectory 5 with the GillespieDSolver.
2016-11-01 12:26:45) GillespieDSolverAVX started without a full set of trajectories, running trajectory 7 with the GillespieDSolver.
2016-11-01 12:26:45) Replicate 11 completed with 1.00e+05 of simulation time using 27 work units.
2016-11-01 12:26:45) Replicate 5 completed with 1.00e+05 of simulation time using 27 work units.
2016-11-01 12:26:45) Replicate 7 completed with 1.00e+05 of simulation time using 25 work units.
2016-11-01 12:26:45) Replicate supervisor finished 15 replicates in 170.00 seconds.
2016-11-01 12:26:45) Simulation finished.
2016-11-01 12:26:45) Finished 31 work units (ids in range 54 to 84) with 123 parts in the last 47.2 seconds. 840031718 steps in 4.709e+01 seconds (1.784e+07 steps/second).
2016-11-01 12:26:45) Supervisor 0:2 finished.
2016-11-01 12:26:45) Wrote 24 messages (2833 bytes) in the last 36.0 seconds (0.000288 seconds writing). 0 messages (0 bytes) queued. Flushing.
2016-11-01 12:26:45) OutputWriter wrote 61 messages and 9833 bytes total.
2016-11-01 12:26:45) OutputWriter::HelperThread 0:4 finished.
2016-11-01 12:26:45) OutputWriter 0:3 flushing and closing.
2016-11-01 12:26:45) OutputWriter 0:3 finished.
2016-11-01 12:26:45) Work unit runner 0:5 finished.
2016-11-01 12:26:45) Resource controller 0:1 finished.
2016-11-01 12:26:45) Closing MPI library.
2016-11-01 12:26:45) Program execution finished.
