Lattice Microbe ES v2016.05.10 build 1 in 64-bit mode with options MPI AVX SBML.
Copyright (C) 2008-2012 Luthey-Schulten Group, University of Illinois at Urbana-Champaign.
Copyright (C) 2012-2016 Roberts Group, Johns Hopkins University.

MPI version 3.0 with thread support MPI_THREAD_MULTIPLE.
Running with 1 process(es).

2016-11-01 09:23:05) Resource controller 0:1 started.
2016-11-01 09:23:05) Supervisor 0:2 started.
2016-11-01 09:23:05) Resource controller 0:1 on barkeri.bph.jhu.edu registered with 8 cpu core(s) and 0 gpu device(s).
2016-11-01 09:23:05) Registered resources for host barkeri.bph.jhu.edu (defaults=1): 2 cpu cores, 0 gpu devices
2016-11-01 09:23:05) All resources registered with supervisor, starting workers.
2016-11-01 09:23:05) Reserved core 0 on 0:1 for the output writer.
2016-11-01 09:23:05) Creating slot 0 on process (0:1) using resources: barkeri.bph.jhu.edu; cpu core list:1; gpu device list:<none>.
2016-11-01 09:23:05) OutputWriter 0:3 started.
2016-11-01 09:23:05) OutputWriter::HelperThread 0:4 started.
2016-11-01 09:23:05) Output writer started: 0:3.
2016-11-01 09:23:05) Work Unit runner 0:5 started with 1 cpu cores (affinity=0) and 0 gpus.
2016-11-01 09:23:05) Work unit runner started: 0:5.
2016-11-01 09:23:05) All supervisor workers have started, beginning simulation.
2016-11-01 09:23:05) Replicate supervisor starting simulation.
2016-11-01 09:23:05) Simulation started.
2016-11-01 09:24:05) Wrote 33 messages (6079 bytes) in the last 60.3 seconds (0.000376 seconds writing). 0 messages (0 bytes) queued. Flushing.
2016-11-01 09:24:05) Finished 47 work units (ids in range 0 to 46) with 188 parts in the last 60.4 seconds. 1880000000 steps in 6.017e+01 seconds (3.125e+07 steps/second).
2016-11-01 09:24:40) Replicate 12 completed with 1.00e+05 of simulation time using 20 work units.
2016-11-01 09:24:41) Replicate 2 completed with 1.00e+05 of simulation time using 20 work units.
2016-11-01 09:24:41) Replicate 15 completed with 1.00e+05 of simulation time using 21 work units.
2016-11-01 09:24:41) Replicate 3 completed with 1.00e+05 of simulation time using 22 work units.
2016-11-01 09:24:41) Replicate 1 completed with 1.00e+05 of simulation time using 21 work units.
2016-11-01 09:24:41) Replicate 6 completed with 1.00e+05 of simulation time using 21 work units.
2016-11-01 09:24:41) Replicate 11 completed with 1.00e+05 of simulation time using 21 work units.
2016-11-01 09:24:41) Replicate 13 completed with 1.00e+05 of simulation time using 26 work units.
2016-11-01 09:24:41) Replicate 5 completed with 1.00e+05 of simulation time using 23 work units.
2016-11-01 09:24:41) Replicate 8 completed with 1.00e+05 of simulation time using 26 work units.
2016-11-01 09:24:41) Replicate 7 completed with 1.00e+05 of simulation time using 24 work units.
2016-11-01 09:24:41) Replicate 14 completed with 1.00e+05 of simulation time using 24 work units.
2016-11-01 09:24:41) GillespieDSolverAVX started without a full set of trajectories, running trajectory 4 with the GillespieDSolver.
2016-11-01 09:24:41) GillespieDSolverAVX started without a full set of trajectories, running trajectory 10 with the GillespieDSolver.
2016-11-01 09:24:41) GillespieDSolverAVX started without a full set of trajectories, running trajectory 9 with the GillespieDSolver.
2016-11-01 09:24:41) Replicate 4 completed with 1.00e+05 of simulation time using 26 work units.
2016-11-01 09:24:41) Replicate 10 completed with 1.00e+05 of simulation time using 23 work units.
2016-11-01 09:24:41) Replicate 9 completed with 1.00e+05 of simulation time using 25 work units.
2016-11-01 09:24:41) Replicate supervisor finished 15 replicates in 96.20 seconds.
2016-11-01 09:24:41) Simulation finished.
2016-11-01 09:24:41) Finished 39 work units (ids in range 47 to 85) with 155 parts in the last 35.9 seconds. 1119919011 steps in 3.571e+01 seconds (3.136e+07 steps/second).
2016-11-01 09:24:41) Supervisor 0:2 finished.
2016-11-01 09:24:41) Wrote 29 messages (3774 bytes) in the last 35.9 seconds (0.000271 seconds writing). 0 messages (0 bytes) queued. Flushing.
2016-11-01 09:24:41) OutputWriter wrote 62 messages and 9853 bytes total.
2016-11-01 09:24:41) OutputWriter::HelperThread 0:4 finished.
2016-11-01 09:24:41) OutputWriter 0:3 flushing and closing.
2016-11-01 09:24:41) OutputWriter 0:3 finished.
2016-11-01 09:24:41) Work unit runner 0:5 finished.
2016-11-01 09:24:41) Resource controller 0:1 finished.
2016-11-01 09:24:41) Closing MPI library.
2016-11-01 09:24:41) Program execution finished.
