Lattice Microbe ES v2016.05.10 build 1 in 64-bit mode with options MPI AVX SBML.
Copyright (C) 2008-2012 Luthey-Schulten Group, University of Illinois at Urbana-Champaign.
Copyright (C) 2012-2016 Roberts Group, Johns Hopkins University.

MPI version 3.0 with thread support MPI_THREAD_MULTIPLE.
Running with 1 process(es).

2016-11-01 09:12:07) Resource controller 0:1 started.
2016-11-01 09:12:07) Supervisor 0:2 started.
2016-11-01 09:12:07) Resource controller 0:1 on barkeri.bph.jhu.edu registered with 8 cpu core(s) and 0 gpu device(s).
2016-11-01 09:12:07) Registered resources for host barkeri.bph.jhu.edu (defaults=1): 2 cpu cores, 0 gpu devices
2016-11-01 09:12:07) All resources registered with supervisor, starting workers.
2016-11-01 09:12:07) Reserved core 0 on 0:1 for the output writer.
2016-11-01 09:12:07) Creating slot 0 on process (0:1) using resources: barkeri.bph.jhu.edu; cpu core list:1; gpu device list:<none>.
2016-11-01 09:12:07) OutputWriter 0:3 started.
2016-11-01 09:12:07) OutputWriter::HelperThread 0:4 started.
2016-11-01 09:12:07) Output writer started: 0:3.
2016-11-01 09:12:07) Work Unit runner 0:5 started with 1 cpu cores (affinity=0) and 0 gpus.
2016-11-01 09:12:07) Work unit runner started: 0:5.
2016-11-01 09:12:07) All supervisor workers have started, beginning simulation.
2016-11-01 09:12:07) Replicate supervisor starting simulation.
2016-11-01 09:12:07) Simulation started.
2016-11-01 09:13:07) Wrote 37 messages (6476 bytes) in the last 60.2 seconds (0.000392 seconds writing). 0 messages (0 bytes) queued. Flushing.
2016-11-01 09:13:07) Finished 52 work units (ids in range 0 to 51) with 208 parts in the last 60.2 seconds. 2080000000 steps in 5.999e+01 seconds (3.467e+07 steps/second).
2016-11-01 09:13:31) Replicate 13 completed with 1.00e+05 of simulation time using 20 work units.
2016-11-01 09:13:32) Replicate 1 completed with 1.00e+05 of simulation time using 20 work units.
2016-11-01 09:13:33) Replicate 2 completed with 1.00e+05 of simulation time using 20 work units.
2016-11-01 09:13:33) Replicate 6 completed with 1.00e+05 of simulation time using 21 work units.
2016-11-01 09:13:33) Replicate 11 completed with 1.00e+05 of simulation time using 21 work units.
2016-11-01 09:13:33) Replicate 14 completed with 1.00e+05 of simulation time using 21 work units.
2016-11-01 09:13:33) Replicate 4 completed with 1.00e+05 of simulation time using 23 work units.
2016-11-01 09:13:33) Replicate 5 completed with 1.00e+05 of simulation time using 21 work units.
2016-11-01 09:13:33) Replicate 10 completed with 1.00e+05 of simulation time using 22 work units.
2016-11-01 09:13:33) Replicate 9 completed with 1.00e+05 of simulation time using 24 work units.
2016-11-01 09:13:33) Replicate 3 completed with 1.00e+05 of simulation time using 24 work units.
2016-11-01 09:13:33) Replicate 7 completed with 1.00e+05 of simulation time using 25 work units.
2016-11-01 09:13:33) GillespieDSolverAVX started without a full set of trajectories, running trajectory 12 with the GillespieDSolver.
2016-11-01 09:13:33) GillespieDSolverAVX started without a full set of trajectories, running trajectory 8 with the GillespieDSolver.
2016-11-01 09:13:33) GillespieDSolverAVX started without a full set of trajectories, running trajectory 15 with the GillespieDSolver.
2016-11-01 09:13:33) Replicate 12 completed with 1.00e+05 of simulation time using 26 work units.
2016-11-01 09:13:33) Replicate 8 completed with 1.00e+05 of simulation time using 24 work units.
2016-11-01 09:13:33) Replicate 15 completed with 1.00e+05 of simulation time using 27 work units.
2016-11-01 09:13:33) Replicate supervisor finished 15 replicates in 86.79 seconds.
2016-11-01 09:13:33) Simulation finished.
2016-11-01 09:13:33) Finished 33 work units (ids in range 52 to 84) with 131 parts in the last 26.6 seconds. 919910690 steps in 2.650e+01 seconds (3.471e+07 steps/second).
2016-11-01 09:13:33) Supervisor 0:2 finished.
2016-11-01 09:13:33) Wrote 27 messages (3418 bytes) in the last 26.6 seconds (0.000217 seconds writing). 0 messages (0 bytes) queued. Flushing.
2016-11-01 09:13:33) OutputWriter wrote 64 messages and 9894 bytes total.
2016-11-01 09:13:33) OutputWriter::HelperThread 0:4 finished.
2016-11-01 09:13:33) OutputWriter 0:3 flushing and closing.
2016-11-01 09:13:33) OutputWriter 0:3 finished.
2016-11-01 09:13:33) Work unit runner 0:5 finished.
2016-11-01 09:13:33) Resource controller 0:1 finished.
2016-11-01 09:13:33) Closing MPI library.
2016-11-01 09:13:33) Program execution finished.
