Lattice Microbe ES v2016.05.10 build 1 in 64-bit mode with options MPI AVX SBML.
Copyright (C) 2008-2012 Luthey-Schulten Group, University of Illinois at Urbana-Champaign.
Copyright (C) 2012-2016 Roberts Group, Johns Hopkins University.

MPI version 3.0 with thread support MPI_THREAD_MULTIPLE.
Running with 1 process(es).

2016-11-01 09:27:52) Resource controller 0:1 started.
2016-11-01 09:27:52) Supervisor 0:2 started.
2016-11-01 09:27:52) Resource controller 0:1 on barkeri.bph.jhu.edu registered with 8 cpu core(s) and 0 gpu device(s).
2016-11-01 09:27:52) Registered resources for host barkeri.bph.jhu.edu (defaults=1): 2 cpu cores, 0 gpu devices
2016-11-01 09:27:52) All resources registered with supervisor, starting workers.
2016-11-01 09:27:52) Reserved core 0 on 0:1 for the output writer.
2016-11-01 09:27:52) Creating slot 0 on process (0:1) using resources: barkeri.bph.jhu.edu; cpu core list:1; gpu device list:<none>.
2016-11-01 09:27:52) OutputWriter 0:3 started.
2016-11-01 09:27:52) OutputWriter::HelperThread 0:4 started.
2016-11-01 09:27:52) Output writer started: 0:3.
2016-11-01 09:27:52) Work Unit runner 0:5 started with 1 cpu cores (affinity=0) and 0 gpus.
2016-11-01 09:27:52) Work unit runner started: 0:5.
2016-11-01 09:27:52) All supervisor workers have started, beginning simulation.
2016-11-01 09:27:52) Replicate supervisor starting simulation.
2016-11-01 09:27:52) Simulation started.
2016-11-01 09:28:53) Finished 42 work units (ids in range 0 to 41) with 168 parts in the last 61.4 seconds. 1680000000 steps in 6.118e+01 seconds (2.746e+07 steps/second).
2016-11-01 09:28:56) Wrote 29 messages (5266 bytes) in the last 64.2 seconds (0.000408 seconds writing). 0 messages (0 bytes) queued. Flushing.
2016-11-01 09:29:40) Replicate 12 completed with 1.00e+05 of simulation time using 20 work units.
2016-11-01 09:29:41) Replicate 2 completed with 1.00e+05 of simulation time using 20 work units.
2016-11-01 09:29:41) Replicate 4 completed with 1.00e+05 of simulation time using 21 work units.
2016-11-01 09:29:41) Replicate 10 completed with 1.00e+05 of simulation time using 21 work units.
2016-11-01 09:29:41) Replicate 14 completed with 1.00e+05 of simulation time using 21 work units.
2016-11-01 09:29:41) Replicate 11 completed with 1.00e+05 of simulation time using 23 work units.
2016-11-01 09:29:41) Replicate 6 completed with 1.00e+05 of simulation time using 22 work units.
2016-11-01 09:29:41) Replicate 5 completed with 1.00e+05 of simulation time using 22 work units.
2016-11-01 09:29:41) Replicate 1 completed with 1.00e+05 of simulation time using 23 work units.
2016-11-01 09:29:41) Replicate 3 completed with 1.00e+05 of simulation time using 24 work units.
2016-11-01 09:29:41) Replicate 13 completed with 1.00e+05 of simulation time using 24 work units.
2016-11-01 09:29:41) Replicate 8 completed with 1.00e+05 of simulation time using 25 work units.
2016-11-01 09:29:41) GillespieDSolverAVX started without a full set of trajectories, running trajectory 7 with the GillespieDSolver.
2016-11-01 09:29:41) GillespieDSolverAVX started without a full set of trajectories, running trajectory 15 with the GillespieDSolver.
2016-11-01 09:29:41) GillespieDSolverAVX started without a full set of trajectories, running trajectory 9 with the GillespieDSolver.
2016-11-01 09:29:41) Replicate 7 completed with 1.00e+05 of simulation time using 25 work units.
2016-11-01 09:29:41) Replicate 15 completed with 1.00e+05 of simulation time using 28 work units.
2016-11-01 09:29:41) Replicate 9 completed with 1.00e+05 of simulation time using 24 work units.
2016-11-01 09:29:41) Replicate supervisor finished 15 replicates in 109.16 seconds.
2016-11-01 09:29:41) Simulation finished.
2016-11-01 09:29:41) Finished 44 work units (ids in range 42 to 85) with 175 parts in the last 47.8 seconds. 1319990319 steps in 4.764e+01 seconds (2.771e+07 steps/second).
2016-11-01 09:29:41) Supervisor 0:2 finished.
2016-11-01 09:29:41) Wrote 34 messages (4610 bytes) in the last 45.0 seconds (0.000330 seconds writing). 0 messages (0 bytes) queued. Flushing.
2016-11-01 09:29:41) OutputWriter wrote 63 messages and 9876 bytes total.
2016-11-01 09:29:41) OutputWriter::HelperThread 0:4 finished.
2016-11-01 09:29:41) OutputWriter 0:3 flushing and closing.
2016-11-01 09:29:41) OutputWriter 0:3 finished.
2016-11-01 09:29:41) Work unit runner 0:5 finished.
2016-11-01 09:29:41) Resource controller 0:1 finished.
2016-11-01 09:29:41) Closing MPI library.
2016-11-01 09:29:41) Program execution finished.
