Lattice Microbe ES v2016.05.10 build 1 in 64-bit mode with options MPI AVX SBML.
Copyright (C) 2008-2012 Luthey-Schulten Group, University of Illinois at Urbana-Champaign.
Copyright (C) 2012-2016 Roberts Group, Johns Hopkins University.

MPI version 3.0 with thread support MPI_THREAD_MULTIPLE.
Running with 1 process(es).

2016-11-01 09:13:33) Resource controller 0:1 started.
2016-11-01 09:13:33) Supervisor 0:2 started.
2016-11-01 09:13:33) Resource controller 0:1 on barkeri.bph.jhu.edu registered with 8 cpu core(s) and 0 gpu device(s).
2016-11-01 09:13:33) Registered resources for host barkeri.bph.jhu.edu (defaults=1): 2 cpu cores, 0 gpu devices
2016-11-01 09:13:33) All resources registered with supervisor, starting workers.
2016-11-01 09:13:33) Reserved core 0 on 0:1 for the output writer.
2016-11-01 09:13:33) Creating slot 0 on process (0:1) using resources: barkeri.bph.jhu.edu; cpu core list:1; gpu device list:<none>.
2016-11-01 09:13:34) OutputWriter 0:3 started.
2016-11-01 09:13:34) OutputWriter::HelperThread 0:4 started.
2016-11-01 09:13:34) Work Unit runner 0:5 started with 1 cpu cores (affinity=0) and 0 gpus.
2016-11-01 09:13:34) Output writer started: 0:3.
2016-11-01 09:13:34) Work unit runner started: 0:5.
2016-11-01 09:13:34) All supervisor workers have started, beginning simulation.
2016-11-01 09:13:34) Replicate supervisor starting simulation.
2016-11-01 09:13:34) Simulation started.
2016-11-01 09:14:35) Wrote 37 messages (6476 bytes) in the last 61.0 seconds (0.000394 seconds writing). 0 messages (0 bytes) queued. Flushing.
2016-11-01 09:14:35) Finished 52 work units (ids in range 0 to 51) with 208 parts in the last 61.0 seconds. 2080000000 steps in 6.080e+01 seconds (3.421e+07 steps/second).
2016-11-01 09:15:00) Replicate 7 completed with 1.00e+05 of simulation time using 20 work units.
2016-11-01 09:15:01) Replicate 5 completed with 1.00e+05 of simulation time using 20 work units.
2016-11-01 09:15:02) Replicate 8 completed with 1.00e+05 of simulation time using 20 work units.
2016-11-01 09:15:02) Replicate 13 completed with 1.00e+05 of simulation time using 21 work units.
2016-11-01 09:15:02) Replicate 11 completed with 1.00e+05 of simulation time using 21 work units.
2016-11-01 09:15:02) Replicate 2 completed with 1.00e+05 of simulation time using 21 work units.
2016-11-01 09:15:02) Replicate 4 completed with 1.00e+05 of simulation time using 22 work units.
2016-11-01 09:15:02) Replicate 1 completed with 1.00e+05 of simulation time using 22 work units.
2016-11-01 09:15:02) Replicate 9 completed with 1.00e+05 of simulation time using 23 work units.
2016-11-01 09:15:02) Replicate 15 completed with 1.00e+05 of simulation time using 26 work units.
2016-11-01 09:15:02) Replicate 3 completed with 1.00e+05 of simulation time using 25 work units.
2016-11-01 09:15:02) Replicate 6 completed with 1.00e+05 of simulation time using 21 work units.
2016-11-01 09:15:02) GillespieDSolverAVX started without a full set of trajectories, running trajectory 10 with the GillespieDSolver.
2016-11-01 09:15:02) GillespieDSolverAVX started without a full set of trajectories, running trajectory 14 with the GillespieDSolver.
2016-11-01 09:15:02) GillespieDSolverAVX started without a full set of trajectories, running trajectory 12 with the GillespieDSolver.
2016-11-01 09:15:02) Replicate 10 completed with 1.00e+05 of simulation time using 27 work units.
2016-11-01 09:15:02) Replicate 14 completed with 1.00e+05 of simulation time using 25 work units.
2016-11-01 09:15:02) Replicate 12 completed with 1.00e+05 of simulation time using 25 work units.
2016-11-01 09:15:02) Replicate supervisor finished 15 replicates in 88.73 seconds.
2016-11-01 09:15:02) Simulation finished.
2016-11-01 09:15:02) Finished 33 work units (ids in range 52 to 84) with 131 parts in the last 27.7 seconds. 919982289 steps in 2.762e+01 seconds (3.331e+07 steps/second).
2016-11-01 09:15:02) Supervisor 0:2 finished.
2016-11-01 09:15:02) Wrote 27 messages (3418 bytes) in the last 27.8 seconds (0.000213 seconds writing). 0 messages (0 bytes) queued. Flushing.
2016-11-01 09:15:02) OutputWriter wrote 64 messages and 9894 bytes total.
2016-11-01 09:15:02) OutputWriter::HelperThread 0:4 finished.
2016-11-01 09:15:02) OutputWriter 0:3 flushing and closing.
2016-11-01 09:15:02) OutputWriter 0:3 finished.
2016-11-01 09:15:02) Work unit runner 0:5 finished.
2016-11-01 09:15:02) Resource controller 0:1 finished.
2016-11-01 09:15:02) Closing MPI library.
2016-11-01 09:15:02) Program execution finished.
