Lattice Microbe ES v2016.05.10 build 1 in 64-bit mode with options MPI AVX SBML.
Copyright (C) 2008-2012 Luthey-Schulten Group, University of Illinois at Urbana-Champaign.
Copyright (C) 2012-2016 Roberts Group, Johns Hopkins University.

MPI version 3.0 with thread support MPI_THREAD_MULTIPLE.
Running with 1 process(es).

2016-11-01 09:19:55) Resource controller 0:1 started.
2016-11-01 09:19:55) Supervisor 0:2 started.
2016-11-01 09:19:55) Resource controller 0:1 on barkeri.bph.jhu.edu registered with 8 cpu core(s) and 0 gpu device(s).
2016-11-01 09:19:55) Registered resources for host barkeri.bph.jhu.edu (defaults=1): 2 cpu cores, 0 gpu devices
2016-11-01 09:19:55) All resources registered with supervisor, starting workers.
2016-11-01 09:19:55) Reserved core 0 on 0:1 for the output writer.
2016-11-01 09:19:55) Creating slot 0 on process (0:1) using resources: barkeri.bph.jhu.edu; cpu core list:1; gpu device list:<none>.
2016-11-01 09:19:55) OutputWriter 0:3 started.
2016-11-01 09:19:55) OutputWriter::HelperThread 0:4 started.
2016-11-01 09:19:55) Work Unit runner 0:5 started with 1 cpu cores (affinity=0) and 0 gpus.
2016-11-01 09:19:55) Output writer started: 0:3.
2016-11-01 09:19:55) Work unit runner started: 0:5.
2016-11-01 09:19:55) All supervisor workers have started, beginning simulation.
2016-11-01 09:19:55) Replicate supervisor starting simulation.
2016-11-01 09:19:55) Simulation started.
2016-11-01 09:20:56) Wrote 32 messages (6060 bytes) in the last 60.9 seconds (0.000388 seconds writing). 0 messages (0 bytes) queued. Flushing.
2016-11-01 09:20:56) Finished 48 work units (ids in range 0 to 47) with 192 parts in the last 61.0 seconds. 1920000000 steps in 6.079e+01 seconds (3.158e+07 steps/second).
2016-11-01 09:21:27) Replicate 11 completed with 1.00e+05 of simulation time using 20 work units.
2016-11-01 09:21:29) Replicate 5 completed with 1.00e+05 of simulation time using 20 work units.
2016-11-01 09:21:30) Replicate 14 completed with 1.00e+05 of simulation time using 20 work units.
2016-11-01 09:21:30) Replicate 13 completed with 1.00e+05 of simulation time using 21 work units.
2016-11-01 09:21:30) Replicate 2 completed with 1.00e+05 of simulation time using 21 work units.
2016-11-01 09:21:30) Replicate 15 completed with 1.00e+05 of simulation time using 21 work units.
2016-11-01 09:21:30) Replicate 10 completed with 1.00e+05 of simulation time using 22 work units.
2016-11-01 09:21:30) Replicate 7 completed with 1.00e+05 of simulation time using 22 work units.
2016-11-01 09:21:30) Replicate 12 completed with 1.00e+05 of simulation time using 23 work units.
2016-11-01 09:21:30) Replicate 8 completed with 1.00e+05 of simulation time using 23 work units.
2016-11-01 09:21:30) Replicate 4 completed with 1.00e+05 of simulation time using 23 work units.
2016-11-01 09:21:30) Replicate 9 completed with 1.00e+05 of simulation time using 27 work units.
2016-11-01 09:21:30) GillespieDSolverAVX started without a full set of trajectories, running trajectory 1 with the GillespieDSolver.
2016-11-01 09:21:30) GillespieDSolverAVX started without a full set of trajectories, running trajectory 6 with the GillespieDSolver.
2016-11-01 09:21:30) GillespieDSolverAVX started without a full set of trajectories, running trajectory 3 with the GillespieDSolver.
2016-11-01 09:21:30) Replicate 1 completed with 1.00e+05 of simulation time using 27 work units.
2016-11-01 09:21:30) Replicate 6 completed with 1.00e+05 of simulation time using 26 work units.
2016-11-01 09:21:30) Replicate 3 completed with 1.00e+05 of simulation time using 23 work units.
2016-11-01 09:21:30) Replicate supervisor finished 15 replicates in 95.41 seconds.
2016-11-01 09:21:30) Simulation finished.
2016-11-01 09:21:30) Finished 37 work units (ids in range 48 to 84) with 147 parts in the last 34.5 seconds. 1080006368 steps in 3.432e+01 seconds (3.147e+07 steps/second).
2016-11-01 09:21:30) Supervisor 0:2 finished.
2016-11-01 09:21:30) Wrote 31 messages (3815 bytes) in the last 34.5 seconds (0.000333 seconds writing). 0 messages (0 bytes) queued. Flushing.
2016-11-01 09:21:30) OutputWriter wrote 63 messages and 9875 bytes total.
2016-11-01 09:21:30) OutputWriter::HelperThread 0:4 finished.
2016-11-01 09:21:30) OutputWriter 0:3 flushing and closing.
2016-11-01 09:21:30) OutputWriter 0:3 finished.
2016-11-01 09:21:30) Work unit runner 0:5 finished.
2016-11-01 09:21:30) Resource controller 0:1 finished.
2016-11-01 09:21:30) Closing MPI library.
2016-11-01 09:21:30) Program execution finished.
