Lattice Microbe ES v2016.05.10 build 1 in 64-bit mode with options MPI AVX SBML.
Copyright (C) 2008-2012 Luthey-Schulten Group, University of Illinois at Urbana-Champaign.
Copyright (C) 2012-2016 Roberts Group, Johns Hopkins University.

MPI version 3.0 with thread support MPI_THREAD_MULTIPLE.
Running with 1 process(es).

2016-11-01 09:16:36) Resource controller 0:1 started.
2016-11-01 09:16:36) Supervisor 0:2 started.
2016-11-01 09:16:36) Resource controller 0:1 on barkeri.bph.jhu.edu registered with 8 cpu core(s) and 0 gpu device(s).
2016-11-01 09:16:36) Registered resources for host barkeri.bph.jhu.edu (defaults=1): 2 cpu cores, 0 gpu devices
2016-11-01 09:16:36) All resources registered with supervisor, starting workers.
2016-11-01 09:16:36) Reserved core 0 on 0:1 for the output writer.
2016-11-01 09:16:36) Creating slot 0 on process (0:1) using resources: barkeri.bph.jhu.edu; cpu core list:1; gpu device list:<none>.
2016-11-01 09:16:36) OutputWriter 0:3 started.
2016-11-01 09:16:36) OutputWriter::HelperThread 0:4 started.
2016-11-01 09:16:36) Work Unit runner 0:5 started with 1 cpu cores (affinity=0) and 0 gpus.
2016-11-01 09:16:36) Output writer started: 0:3.
2016-11-01 09:16:36) Work unit runner started: 0:5.
2016-11-01 09:16:36) All supervisor workers have started, beginning simulation.
2016-11-01 09:16:36) Replicate supervisor starting simulation.
2016-11-01 09:16:36) Simulation started.
2016-11-01 09:17:37) Wrote 30 messages (5651 bytes) in the last 61.0 seconds (0.000386 seconds writing). 0 messages (0 bytes) queued. Flushing.
2016-11-01 09:17:37) Finished 45 work units (ids in range 0 to 44) with 180 parts in the last 61.0 seconds. 1800000000 steps in 6.083e+01 seconds (2.959e+07 steps/second).
2016-11-01 09:18:15) Replicate 1 completed with 1.00e+05 of simulation time using 20 work units.
2016-11-01 09:18:17) Replicate 13 completed with 1.00e+05 of simulation time using 20 work units.
2016-11-01 09:18:18) Replicate 12 completed with 1.00e+05 of simulation time using 20 work units.
2016-11-01 09:18:18) Replicate 6 completed with 1.00e+05 of simulation time using 21 work units.
2016-11-01 09:18:18) Replicate 4 completed with 1.00e+05 of simulation time using 21 work units.
2016-11-01 09:18:18) Replicate 2 completed with 1.00e+05 of simulation time using 22 work units.
2016-11-01 09:18:18) Replicate 15 completed with 1.00e+05 of simulation time using 21 work units.
2016-11-01 09:18:18) Replicate 5 completed with 1.00e+05 of simulation time using 23 work units.
2016-11-01 09:18:18) Replicate 8 completed with 1.00e+05 of simulation time using 24 work units.
2016-11-01 09:18:18) Replicate 3 completed with 1.00e+05 of simulation time using 22 work units.
2016-11-01 09:18:18) Replicate 11 completed with 1.00e+05 of simulation time using 24 work units.
2016-11-01 09:18:18) Replicate 10 completed with 1.00e+05 of simulation time using 23 work units.
2016-11-01 09:18:18) GillespieDSolverAVX started without a full set of trajectories, running trajectory 7 with the GillespieDSolver.
2016-11-01 09:18:18) GillespieDSolverAVX started without a full set of trajectories, running trajectory 14 with the GillespieDSolver.
2016-11-01 09:18:18) GillespieDSolverAVX started without a full set of trajectories, running trajectory 9 with the GillespieDSolver.
2016-11-01 09:18:18) Replicate 7 completed with 1.00e+05 of simulation time using 28 work units.
2016-11-01 09:18:18) Replicate 14 completed with 1.00e+05 of simulation time using 24 work units.
2016-11-01 09:18:18) Replicate 9 completed with 1.00e+05 of simulation time using 26 work units.
2016-11-01 09:18:18) Replicate supervisor finished 15 replicates in 101.97 seconds.
2016-11-01 09:18:18) Simulation finished.
2016-11-01 09:18:18) Finished 40 work units (ids in range 45 to 84) with 159 parts in the last 41.0 seconds. 1199995129 steps in 4.082e+01 seconds (2.940e+07 steps/second).
2016-11-01 09:18:18) Supervisor 0:2 finished.
2016-11-01 09:18:18) Wrote 29 messages (4141 bytes) in the last 41.0 seconds (0.000256 seconds writing). 0 messages (0 bytes) queued. Flushing.
2016-11-01 09:18:18) OutputWriter wrote 59 messages and 9792 bytes total.
2016-11-01 09:18:18) OutputWriter::HelperThread 0:4 finished.
2016-11-01 09:18:18) OutputWriter 0:3 flushing and closing.
2016-11-01 09:18:18) OutputWriter 0:3 finished.
2016-11-01 09:18:18) Work unit runner 0:5 finished.
2016-11-01 09:18:18) Resource controller 0:1 finished.
2016-11-01 09:18:18) Closing MPI library.
2016-11-01 09:18:18) Program execution finished.
