Lattice Microbe ES v2016.05.10 build 1 in 64-bit mode with options MPI AVX SBML.
Copyright (C) 2008-2012 Luthey-Schulten Group, University of Illinois at Urbana-Champaign.
Copyright (C) 2012-2016 Roberts Group, Johns Hopkins University.

MPI version 3.0 with thread support MPI_THREAD_MULTIPLE.
Running with 1 process(es).

2016-11-01 12:21:08) Resource controller 0:1 started.
2016-11-01 12:21:08) Supervisor 0:2 started.
2016-11-01 12:21:08) Resource controller 0:1 on xanthus-cp-2 registered with 32 cpu core(s) and 0 gpu device(s).
2016-11-01 12:21:08) Registered resources for host xanthus-cp-2 (defaults=1): 2 cpu cores, 0 gpu devices
2016-11-01 12:21:08) All resources registered with supervisor, starting workers.
2016-11-01 12:21:08) Reserved core 0 on 0:1 for the output writer.
2016-11-01 12:21:08) Creating slot 0 on process (0:1) using resources: xanthus-cp-2; cpu core list:1; gpu device list:<none>.
2016-11-01 12:21:08) OutputWriter 0:3 started.
2016-11-01 12:21:08) OutputWriter::HelperThread 0:4 started.
2016-11-01 12:21:08) Work Unit runner 0:5 started with 1 cpu cores (affinity=0) and 0 gpus.
2016-11-01 12:21:08) Output writer started: 0:3.
2016-11-01 12:21:08) Work unit runner started: 0:5.
2016-11-01 12:21:08) All supervisor workers have started, beginning simulation.
2016-11-01 12:21:08) Replicate supervisor starting simulation.
2016-11-01 12:21:08) Simulation started.
2016-11-01 12:22:08) Finished 27 work units (ids in range 0 to 26) with 108 parts in the last 60.4 seconds. 1080000000 steps in 6.031e+01 seconds (1.791e+07 steps/second).
2016-11-01 12:22:10) Wrote 17 messages (3448 bytes) in the last 62.6 seconds (0.000207 seconds writing). 0 messages (0 bytes) queued. Flushing.
2016-11-01 12:23:10) Finished 28 work units (ids in range 27 to 54) with 112 parts in the last 62.0 seconds. 1120000000 steps in 6.193e+01 seconds (1.808e+07 steps/second).
2016-11-01 12:23:17) Wrote 19 messages (3533 bytes) in the last 66.6 seconds (0.000125 seconds writing). 0 messages (0 bytes) queued. Flushing.
2016-11-01 12:23:52) Replicate 12 completed with 1.00e+05 of simulation time using 20 work units.
2016-11-01 12:23:55) Replicate 9 completed with 1.00e+05 of simulation time using 20 work units.
2016-11-01 12:23:55) Replicate 4 completed with 1.00e+05 of simulation time using 21 work units.
2016-11-01 12:23:55) Replicate 10 completed with 1.00e+05 of simulation time using 21 work units.
2016-11-01 12:23:55) Replicate 14 completed with 1.00e+05 of simulation time using 21 work units.
2016-11-01 12:23:55) Replicate 11 completed with 1.00e+05 of simulation time using 21 work units.
2016-11-01 12:23:55) Replicate 5 completed with 1.00e+05 of simulation time using 21 work units.
2016-11-01 12:23:55) Replicate 1 completed with 1.00e+05 of simulation time using 22 work units.
2016-11-01 12:23:55) Replicate 13 completed with 1.00e+05 of simulation time using 27 work units.
2016-11-01 12:23:55) Replicate 6 completed with 1.00e+05 of simulation time using 23 work units.
2016-11-01 12:23:55) Replicate 3 completed with 1.00e+05 of simulation time using 22 work units.
2016-11-01 12:23:55) Replicate 15 completed with 1.00e+05 of simulation time using 24 work units.
2016-11-01 12:23:55) GillespieDSolverAVX started without a full set of trajectories, running trajectory 7 with the GillespieDSolver.
2016-11-01 12:23:55) GillespieDSolverAVX started without a full set of trajectories, running trajectory 8 with the GillespieDSolver.
2016-11-01 12:23:55) GillespieDSolverAVX started without a full set of trajectories, running trajectory 2 with the GillespieDSolver.
2016-11-01 12:23:55) Replicate 7 completed with 1.00e+05 of simulation time using 31 work units.
2016-11-01 12:23:55) Replicate 8 completed with 1.00e+05 of simulation time using 24 work units.
2016-11-01 12:23:55) Replicate 2 completed with 1.00e+05 of simulation time using 25 work units.
2016-11-01 12:23:55) Replicate supervisor finished 15 replicates in 166.77 seconds.
2016-11-01 12:23:55) Simulation finished.
2016-11-01 12:23:55) Finished 31 work units (ids in range 55 to 85) with 123 parts in the last 44.4 seconds. 799997098 steps in 4.429e+01 seconds (1.806e+07 steps/second).
2016-11-01 12:23:55) Supervisor 0:2 finished.
2016-11-01 12:23:55) Wrote 24 messages (2833 bytes) in the last 37.6 seconds (0.000137 seconds writing). 0 messages (0 bytes) queued. Flushing.
2016-11-01 12:23:55) OutputWriter wrote 60 messages and 9814 bytes total.
2016-11-01 12:23:55) OutputWriter::HelperThread 0:4 finished.
2016-11-01 12:23:55) OutputWriter 0:3 flushing and closing.
2016-11-01 12:23:55) OutputWriter 0:3 finished.
2016-11-01 12:23:55) Work unit runner 0:5 finished.
2016-11-01 12:23:55) Resource controller 0:1 finished.
2016-11-01 12:23:55) Closing MPI library.
2016-11-01 12:23:55) Program execution finished.
