Lattice Microbe ES v2016.05.10 build 1 in 64-bit mode with options MPI AVX SBML.
Copyright (C) 2008-2012 Luthey-Schulten Group, University of Illinois at Urbana-Champaign.
Copyright (C) 2012-2016 Roberts Group, Johns Hopkins University.

MPI version 3.0 with thread support MPI_THREAD_MULTIPLE.
Running with 1 process(es).

2016-11-01 12:26:45) Resource controller 0:1 started.
2016-11-01 12:26:45) Supervisor 0:2 started.
2016-11-01 12:26:45) Resource controller 0:1 on xanthus-cp-2 registered with 32 cpu core(s) and 0 gpu device(s).
2016-11-01 12:26:45) Registered resources for host xanthus-cp-2 (defaults=1): 2 cpu cores, 0 gpu devices
2016-11-01 12:26:45) All resources registered with supervisor, starting workers.
2016-11-01 12:26:45) Reserved core 0 on 0:1 for the output writer.
2016-11-01 12:26:45) Creating slot 0 on process (0:1) using resources: xanthus-cp-2; cpu core list:1; gpu device list:<none>.
2016-11-01 12:26:45) OutputWriter 0:3 started.
2016-11-01 12:26:45) Work Unit runner 0:4 started with 1 cpu cores (affinity=0) and 0 gpus.
2016-11-01 12:26:45) OutputWriter::HelperThread 0:5 started.
2016-11-01 12:26:45) Output writer started: 0:3.
2016-11-01 12:26:45) Work unit runner started: 0:4.
2016-11-01 12:26:45) All supervisor workers have started, beginning simulation.
2016-11-01 12:26:45) Replicate supervisor starting simulation.
2016-11-01 12:26:45) Simulation started.
2016-11-01 12:27:46) Finished 27 work units (ids in range 0 to 26) with 108 parts in the last 61.0 seconds. 1080000000 steps in 6.093e+01 seconds (1.773e+07 steps/second).
2016-11-01 12:27:48) Wrote 19 messages (3487 bytes) in the last 63.3 seconds (0.000263 seconds writing). 0 messages (0 bytes) queued. Flushing.
2016-11-01 12:28:47) Finished 27 work units (ids in range 27 to 53) with 108 parts in the last 60.8 seconds. 1080000000 steps in 6.076e+01 seconds (1.778e+07 steps/second).
2016-11-01 12:28:49) Wrote 18 messages (3356 bytes) in the last 60.9 seconds (0.000215 seconds writing). 0 messages (0 bytes) queued. Flushing.
2016-11-01 12:29:34) Replicate 1 completed with 1.00e+05 of simulation time using 20 work units.
2016-11-01 12:29:34) Replicate 11 completed with 1.00e+05 of simulation time using 21 work units.
2016-11-01 12:29:34) Replicate 2 completed with 1.00e+05 of simulation time using 21 work units.
2016-11-01 12:29:34) Replicate 8 completed with 1.00e+05 of simulation time using 21 work units.
2016-11-01 12:29:34) Replicate 12 completed with 1.00e+05 of simulation time using 21 work units.
2016-11-01 12:29:34) Replicate 5 completed with 1.00e+05 of simulation time using 21 work units.
2016-11-01 12:29:34) Replicate 14 completed with 1.00e+05 of simulation time using 23 work units.
2016-11-01 12:29:34) Replicate 3 completed with 1.00e+05 of simulation time using 22 work units.
2016-11-01 12:29:34) Replicate 13 completed with 1.00e+05 of simulation time using 24 work units.
2016-11-01 12:29:34) Replicate 7 completed with 1.00e+05 of simulation time using 24 work units.
2016-11-01 12:29:34) Replicate 4 completed with 1.00e+05 of simulation time using 25 work units.
2016-11-01 12:29:34) Replicate 10 completed with 1.00e+05 of simulation time using 24 work units.
2016-11-01 12:29:34) GillespieDSolverAVX started without a full set of trajectories, running trajectory 9 with the GillespieDSolver.
2016-11-01 12:29:34) GillespieDSolverAVX started without a full set of trajectories, running trajectory 6 with the GillespieDSolver.
2016-11-01 12:29:34) GillespieDSolverAVX started without a full set of trajectories, running trajectory 15 with the GillespieDSolver.
2016-11-01 12:29:34) Replicate 9 completed with 1.00e+05 of simulation time using 27 work units.
2016-11-01 12:29:34) Replicate 6 completed with 1.00e+05 of simulation time using 26 work units.
2016-11-01 12:29:34) Replicate 15 completed with 1.00e+05 of simulation time using 27 work units.
2016-11-01 12:29:34) Replicate supervisor finished 15 replicates in 168.94 seconds.
2016-11-01 12:29:34) Simulation finished.
2016-11-01 12:29:34) Finished 33 work units (ids in range 54 to 86) with 131 parts in the last 47.1 seconds. 840144790 steps in 4.699e+01 seconds (1.788e+07 steps/second).
2016-11-01 12:29:34) Supervisor 0:2 finished.
2016-11-01 12:29:34) Wrote 26 messages (3031 bytes) in the last 44.8 seconds (0.000201 seconds writing). 0 messages (0 bytes) queued. Flushing.
2016-11-01 12:29:34) OutputWriter wrote 63 messages and 9874 bytes total.
2016-11-01 12:29:34) OutputWriter::HelperThread 0:5 finished.
2016-11-01 12:29:34) OutputWriter 0:3 flushing and closing.
2016-11-01 12:29:34) OutputWriter 0:3 finished.
2016-11-01 12:29:34) Work unit runner 0:4 finished.
2016-11-01 12:29:34) Resource controller 0:1 finished.
2016-11-01 12:29:34) Closing MPI library.
2016-11-01 12:29:34) Program execution finished.
