Lattice Microbe ES v2016.05.10 build 1 in 64-bit mode with options MPI AVX SBML.
Copyright (C) 2008-2012 Luthey-Schulten Group, University of Illinois at Urbana-Champaign.
Copyright (C) 2012-2016 Roberts Group, Johns Hopkins University.

MPI version 3.0 with thread support MPI_THREAD_MULTIPLE.
Running with 1 process(es).

2016-11-01 09:21:30) Resource controller 0:1 started.
2016-11-01 09:21:30) Supervisor 0:2 started.
2016-11-01 09:21:30) Resource controller 0:1 on barkeri.bph.jhu.edu registered with 8 cpu core(s) and 0 gpu device(s).
2016-11-01 09:21:30) Registered resources for host barkeri.bph.jhu.edu (defaults=1): 2 cpu cores, 0 gpu devices
2016-11-01 09:21:30) All resources registered with supervisor, starting workers.
2016-11-01 09:21:30) Reserved core 0 on 0:1 for the output writer.
2016-11-01 09:21:30) Creating slot 0 on process (0:1) using resources: barkeri.bph.jhu.edu; cpu core list:1; gpu device list:<none>.
2016-11-01 09:21:30) OutputWriter 0:3 started.
2016-11-01 09:21:30) OutputWriter::HelperThread 0:4 started.
2016-11-01 09:21:30) Work Unit runner 0:5 started with 1 cpu cores (affinity=0) and 0 gpus.
2016-11-01 09:21:30) Output writer started: 0:3.
2016-11-01 09:21:30) Work unit runner started: 0:5.
2016-11-01 09:21:30) All supervisor workers have started, beginning simulation.
2016-11-01 09:21:30) Replicate supervisor starting simulation.
2016-11-01 09:21:30) Simulation started.
2016-11-01 09:22:31) Finished 48 work units (ids in range 0 to 47) with 192 parts in the last 60.7 seconds. 1920000000 steps in 6.054e+01 seconds (3.172e+07 steps/second).
2016-11-01 09:22:35) Wrote 35 messages (6173 bytes) in the last 64.5 seconds (0.000425 seconds writing). 0 messages (0 bytes) queued. Flushing.
2016-11-01 09:23:04) Replicate 9 completed with 1.00e+05 of simulation time using 20 work units.
2016-11-01 09:23:05) Replicate 5 completed with 1.00e+05 of simulation time using 20 work units.
2016-11-01 09:23:05) Replicate 12 completed with 1.00e+05 of simulation time using 21 work units.
2016-11-01 09:23:05) Replicate 14 completed with 1.00e+05 of simulation time using 21 work units.
2016-11-01 09:23:05) Replicate 11 completed with 1.00e+05 of simulation time using 21 work units.
2016-11-01 09:23:05) Replicate 4 completed with 1.00e+05 of simulation time using 22 work units.
2016-11-01 09:23:05) Replicate 6 completed with 1.00e+05 of simulation time using 22 work units.
2016-11-01 09:23:05) Replicate 10 completed with 1.00e+05 of simulation time using 21 work units.
2016-11-01 09:23:05) Replicate 3 completed with 1.00e+05 of simulation time using 26 work units.
2016-11-01 09:23:05) Replicate 15 completed with 1.00e+05 of simulation time using 21 work units.
2016-11-01 09:23:05) Replicate 13 completed with 1.00e+05 of simulation time using 25 work units.
2016-11-01 09:23:05) Replicate 8 completed with 1.00e+05 of simulation time using 24 work units.
2016-11-01 09:23:05) GillespieDSolverAVX started without a full set of trajectories, running trajectory 2 with the GillespieDSolver.
2016-11-01 09:23:05) GillespieDSolverAVX started without a full set of trajectories, running trajectory 7 with the GillespieDSolver.
2016-11-01 09:23:05) GillespieDSolverAVX started without a full set of trajectories, running trajectory 1 with the GillespieDSolver.
2016-11-01 09:23:05) Replicate 2 completed with 1.00e+05 of simulation time using 29 work units.
2016-11-01 09:23:05) Replicate 7 completed with 1.00e+05 of simulation time using 25 work units.
2016-11-01 09:23:05) Replicate 1 completed with 1.00e+05 of simulation time using 25 work units.
2016-11-01 09:23:05) Replicate supervisor finished 15 replicates in 94.89 seconds.
2016-11-01 09:23:05) Simulation finished.
2016-11-01 09:23:05) Finished 38 work units (ids in range 48 to 85) with 151 parts in the last 34.2 seconds. 1080004354 steps in 3.404e+01 seconds (3.173e+07 steps/second).
2016-11-01 09:23:05) Supervisor 0:2 finished.
2016-11-01 09:23:05) Wrote 29 messages (3721 bytes) in the last 30.4 seconds (0.000293 seconds writing). 0 messages (0 bytes) queued. Flushing.
2016-11-01 09:23:05) OutputWriter wrote 64 messages and 9894 bytes total.
2016-11-01 09:23:05) OutputWriter::HelperThread 0:4 finished.
2016-11-01 09:23:05) OutputWriter 0:3 flushing and closing.
2016-11-01 09:23:05) OutputWriter 0:3 finished.
2016-11-01 09:23:05) Work unit runner 0:5 finished.
2016-11-01 09:23:05) Resource controller 0:1 finished.
2016-11-01 09:23:05) Closing MPI library.
2016-11-01 09:23:05) Program execution finished.
