Lattice Microbe ES v2016.05.10 build 1 in 64-bit mode with options MPI AVX SBML.
Copyright (C) 2008-2012 Luthey-Schulten Group, University of Illinois at Urbana-Champaign.
Copyright (C) 2012-2016 Roberts Group, Johns Hopkins University.

MPI version 3.0 with thread support MPI_THREAD_MULTIPLE.
Running with 1 process(es).

2016-11-01 09:18:18) Resource controller 0:1 started.
2016-11-01 09:18:18) Supervisor 0:2 started.
2016-11-01 09:18:18) Resource controller 0:1 on barkeri.bph.jhu.edu registered with 8 cpu core(s) and 0 gpu device(s).
2016-11-01 09:18:18) Registered resources for host barkeri.bph.jhu.edu (defaults=1): 2 cpu cores, 0 gpu devices
2016-11-01 09:18:18) All resources registered with supervisor, starting workers.
2016-11-01 09:18:18) Reserved core 0 on 0:1 for the output writer.
2016-11-01 09:18:18) Creating slot 0 on process (0:1) using resources: barkeri.bph.jhu.edu; cpu core list:1; gpu device list:<none>.
2016-11-01 09:18:18) OutputWriter 0:3 started.
2016-11-01 09:18:18) OutputWriter::HelperThread 0:4 started.
2016-11-01 09:18:18) Work Unit runner 0:5 started with 1 cpu cores (affinity=0) and 0 gpus.
2016-11-01 09:18:18) Output writer started: 0:3.
2016-11-01 09:18:18) Work unit runner started: 0:5.
2016-11-01 09:18:18) All supervisor workers have started, beginning simulation.
2016-11-01 09:18:18) Replicate supervisor starting simulation.
2016-11-01 09:18:18) Simulation started.
2016-11-01 09:19:19) Wrote 33 messages (5871 bytes) in the last 60.8 seconds (0.000402 seconds writing). 0 messages (0 bytes) queued. Flushing.
2016-11-01 09:19:19) Finished 47 work units (ids in range 0 to 46) with 188 parts in the last 60.8 seconds. 1880000000 steps in 6.061e+01 seconds (3.102e+07 steps/second).
2016-11-01 09:19:52) Replicate 9 completed with 1.00e+05 of simulation time using 20 work units.
2016-11-01 09:19:53) Replicate 7 completed with 1.00e+05 of simulation time using 20 work units.
2016-11-01 09:19:54) Replicate 11 completed with 1.00e+05 of simulation time using 20 work units.
2016-11-01 09:19:54) Replicate 1 completed with 1.00e+05 of simulation time using 21 work units.
2016-11-01 09:19:54) Replicate 3 completed with 1.00e+05 of simulation time using 21 work units.
2016-11-01 09:19:54) Replicate 14 completed with 1.00e+05 of simulation time using 21 work units.
2016-11-01 09:19:54) Replicate 13 completed with 1.00e+05 of simulation time using 22 work units.
2016-11-01 09:19:54) Replicate 2 completed with 1.00e+05 of simulation time using 23 work units.
2016-11-01 09:19:54) Replicate 6 completed with 1.00e+05 of simulation time using 24 work units.
2016-11-01 09:19:54) Replicate 10 completed with 1.00e+05 of simulation time using 23 work units.
2016-11-01 09:19:55) Replicate 4 completed with 1.00e+05 of simulation time using 23 work units.
2016-11-01 09:19:55) Replicate 12 completed with 1.00e+05 of simulation time using 24 work units.
2016-11-01 09:19:55) GillespieDSolverAVX started without a full set of trajectories, running trajectory 8 with the GillespieDSolver.
2016-11-01 09:19:55) GillespieDSolverAVX started without a full set of trajectories, running trajectory 15 with the GillespieDSolver.
2016-11-01 09:19:55) GillespieDSolverAVX started without a full set of trajectories, running trajectory 5 with the GillespieDSolver.
2016-11-01 09:19:55) Replicate 8 completed with 1.00e+05 of simulation time using 27 work units.
2016-11-01 09:19:55) Replicate 15 completed with 1.00e+05 of simulation time using 26 work units.
2016-11-01 09:19:55) Replicate 5 completed with 1.00e+05 of simulation time using 24 work units.
2016-11-01 09:19:55) Replicate supervisor finished 15 replicates in 96.51 seconds.
2016-11-01 09:19:55) Simulation finished.
2016-11-01 09:19:55) Finished 38 work units (ids in range 47 to 84) with 151 parts in the last 35.7 seconds. 1119981308 steps in 3.560e+01 seconds (3.146e+07 steps/second).
2016-11-01 09:19:55) Supervisor 0:2 finished.
2016-11-01 09:19:55) Wrote 31 messages (4024 bytes) in the last 35.7 seconds (0.000254 seconds writing). 0 messages (0 bytes) queued. Flushing.
2016-11-01 09:19:55) OutputWriter wrote 64 messages and 9895 bytes total.
2016-11-01 09:19:55) OutputWriter::HelperThread 0:4 finished.
2016-11-01 09:19:55) OutputWriter 0:3 flushing and closing.
2016-11-01 09:19:55) OutputWriter 0:3 finished.
2016-11-01 09:19:55) Work unit runner 0:5 finished.
2016-11-01 09:19:55) Resource controller 0:1 finished.
2016-11-01 09:19:55) Closing MPI library.
2016-11-01 09:19:55) Program execution finished.
