Lattice Microbe ES v2017.09 build 2017-09-13-15-28-25 in 64-bit mode with options AVX SBML SNAPPY.
Copyright (C) 2012-2017 Roberts Group, Johns Hopkins University.
Copyright (C) 2008-2012 Luthey-Schulten Group, University of Illinois at Urbana-Champaign.

2017-08-13 15:59:06) Initializing communications library.
2017-08-13 15:59:06) Using local communicator on host barkeri.bph.jhu.edu.
2017-08-13 15:59:06) Resource controller @1 started.
2017-08-13 15:59:06) Supervisor @0 started.
2017-08-13 15:59:06) Resource controller @1 on barkeri.bph.jhu.edu registered with 8 cpu core(s) and 0 gpu device(s).
2017-08-13 15:59:06) Registered resources for host barkeri.bph.jhu.edu (defaults=1): 2 cpu cores, 0 gpu devices
2017-08-13 15:59:06) All resources registered with supervisor, starting workers.
2017-08-13 15:59:06) Reserved core 0 on @1 for the output writer.
2017-08-13 15:59:06) Creating slot 0 on @1 using resources: barkeri.bph.jhu.edu; @1; cpu core list:1; gpu device list:<none>.
2017-08-13 15:59:06) OutputWriter @3 started.
2017-08-13 15:59:06) OutputWriter::HelperThread @3 started.
2017-08-13 15:59:06) Work Unit runner @4 started with 1 cpu cores (affinity=0) and 0 gpus.
2017-08-13 15:59:06) Output writer started: @3.
2017-08-13 15:59:06) Work unit runner started: @4.
2017-08-13 15:59:06) All supervisor workers have started, beginning simulation.
2017-08-13 15:59:06) Replicate supervisor starting simulation.
2017-08-13 15:59:06) Simulation started.
2017-08-13 16:00:10) Wrote 11 messages (18257 bytes) in the last 64.5 seconds (0.000168 seconds writing). 0 messages (0 bytes) queued. Flushing.
2017-08-13 16:00:10) Finished 12 work units (ids in range 0 to 11) with 12 parts in the last 64.5 seconds. 120000000 steps in 6.452e+01 seconds (1.860e+06 steps/second).
2017-08-13 16:01:15) Wrote 12 messages (19440 bytes) in the last 64.4 seconds (0.000233 seconds writing). 0 messages (0 bytes) queued. Flushing.
2017-08-13 16:01:15) Finished 12 work units (ids in range 12 to 23) with 12 parts in the last 64.4 seconds. 120000000 steps in 6.439e+01 seconds (1.864e+06 steps/second).
2017-08-13 16:01:18) Replicate 1 completed with 5.00e+02 of simulation time using 4 work units.
2017-08-13 16:01:22) Replicate 5 completed with 5.00e+02 of simulation time using 4 work units.
2017-08-13 16:01:27) Replicate 3 completed with 5.00e+02 of simulation time using 4 work units.
2017-08-13 16:01:30) Replicate 7 completed with 5.00e+02 of simulation time using 4 work units.
2017-08-13 16:01:35) Replicate 2 completed with 5.00e+02 of simulation time using 4 work units.
2017-08-13 16:01:39) Replicate 4 completed with 5.00e+02 of simulation time using 4 work units.
2017-08-13 16:01:42) Replicate 8 completed with 5.00e+02 of simulation time using 4 work units.
2017-08-13 16:01:46) Replicate 6 completed with 5.00e+02 of simulation time using 4 work units.
2017-08-13 16:01:46) Replicate supervisor finished 8 replicates in 160.83 seconds.
2017-08-13 16:01:46) Simulation finished.
2017-08-13 16:01:46) Finished 8 work units (ids in range 24 to 31) with 8 parts in the last 31.9 seconds. 59165999 steps in 3.190e+01 seconds (1.855e+06 steps/second).
2017-08-13 16:01:46) Supervisor @0 finished.
2017-08-13 16:01:46) Wrote 9 messages (11385 bytes) in the last 31.9 seconds (0.000102 seconds writing). 0 messages (0 bytes) queued. Flushing.
2017-08-13 16:01:46) OutputWriter wrote 32 messages and 49082 bytes total.
2017-08-13 16:01:46) OutputWriter::HelperThread @3 finished.
2017-08-13 16:01:46) OutputWriter @3 flushing and closing.
2017-08-13 16:01:46) OutputWriter @3 finished.
2017-08-13 16:01:46) Work unit runner @4 finished.
2017-08-13 16:01:46) Resource controller @1 finished.
2017-08-13 16:01:46) Finalizing communications library.
2017-08-13 16:01:46) Program execution finished.
