Lattice Microbe ES v2017.09 build 2017-09-13-15-28-25 in 64-bit mode with options AVX SBML SNAPPY.
Copyright (C) 2012-2017 Roberts Group, Johns Hopkins University.
Copyright (C) 2008-2012 Luthey-Schulten Group, University of Illinois at Urbana-Champaign.

2017-08-13 16:04:26) Initializing communications library.
2017-08-13 16:04:26) Using local communicator on host barkeri.bph.jhu.edu.
2017-08-13 16:04:26) Resource controller @1 started.
2017-08-13 16:04:26) Supervisor @0 started.
2017-08-13 16:04:26) Resource controller @1 on barkeri.bph.jhu.edu registered with 8 cpu core(s) and 0 gpu device(s).
2017-08-13 16:04:26) Registered resources for host barkeri.bph.jhu.edu (defaults=1): 2 cpu cores, 0 gpu devices
2017-08-13 16:04:26) All resources registered with supervisor, starting workers.
2017-08-13 16:04:26) Reserved core 0 on @1 for the output writer.
2017-08-13 16:04:26) Creating slot 0 on @1 using resources: barkeri.bph.jhu.edu; @1; cpu core list:1; gpu device list:<none>.
2017-08-13 16:04:26) OutputWriter @3 started.
2017-08-13 16:04:26) Work Unit runner @4 started with 1 cpu cores (affinity=0) and 0 gpus.
2017-08-13 16:04:26) OutputWriter::HelperThread @3 started.
2017-08-13 16:04:26) Output writer started: @3.
2017-08-13 16:04:26) Work unit runner started: @4.
2017-08-13 16:04:26) All supervisor workers have started, beginning simulation.
2017-08-13 16:04:26) Replicate supervisor starting simulation.
2017-08-13 16:04:26) Simulation started.
2017-08-13 16:05:30) Wrote 11 messages (18264 bytes) in the last 64.1 seconds (0.000244 seconds writing). 0 messages (0 bytes) queued. Flushing.
2017-08-13 16:05:30) Finished 12 work units (ids in range 0 to 11) with 12 parts in the last 64.1 seconds. 120000000 steps in 6.408e+01 seconds (1.873e+06 steps/second).
2017-08-13 16:06:31) Wrote 11 messages (18431 bytes) in the last 60.7 seconds (0.000138 seconds writing). 0 messages (0 bytes) queued. Flushing.
2017-08-13 16:06:31) Finished 11 work units (ids in range 12 to 22) with 11 parts in the last 60.7 seconds. 110000000 steps in 6.066e+01 seconds (1.813e+06 steps/second).
2017-08-13 16:06:41) Replicate 3 completed with 5.00e+02 of simulation time using 4 work units.
2017-08-13 16:06:45) Replicate 2 completed with 5.00e+02 of simulation time using 4 work units.
2017-08-13 16:06:49) Replicate 1 completed with 5.00e+02 of simulation time using 4 work units.
2017-08-13 16:06:53) Replicate 8 completed with 5.00e+02 of simulation time using 4 work units.
2017-08-13 16:06:57) Replicate 4 completed with 5.00e+02 of simulation time using 4 work units.
2017-08-13 16:07:01) Replicate 6 completed with 5.00e+02 of simulation time using 4 work units.
2017-08-13 16:07:05) Replicate 7 completed with 5.00e+02 of simulation time using 4 work units.
2017-08-13 16:07:09) Replicate 5 completed with 5.00e+02 of simulation time using 4 work units.
2017-08-13 16:07:09) Replicate supervisor finished 8 replicates in 163.16 seconds.
2017-08-13 16:07:09) Simulation finished.
2017-08-13 16:07:09) Wrote 10 messages (12395 bytes) in the last 38.4 seconds (0.000139 seconds writing). 0 messages (0 bytes) queued. Flushing.
2017-08-13 16:07:09) OutputWriter wrote 32 messages and 49090 bytes total.
2017-08-13 16:07:09) OutputWriter::HelperThread @3 finished.
2017-08-13 16:07:09) Finished 9 work units (ids in range 23 to 31) with 9 parts in the last 38.4 seconds. 68997742 steps in 3.841e+01 seconds (1.796e+06 steps/second).
2017-08-13 16:07:09) Supervisor @0 finished.
2017-08-13 16:07:09) OutputWriter @3 flushing and closing.
2017-08-13 16:07:09) OutputWriter @3 finished.
2017-08-13 16:07:09) Work unit runner @4 finished.
2017-08-13 16:07:09) Resource controller @1 finished.
2017-08-13 16:07:09) Finalizing communications library.
2017-08-13 16:07:09) Program execution finished.
