Lattice Microbe ES v2017.09 build 2017-09-13-15-28-25 in 64-bit mode with options AVX SBML SNAPPY.
Copyright (C) 2012-2017 Roberts Group, Johns Hopkins University.
Copyright (C) 2008-2012 Luthey-Schulten Group, University of Illinois at Urbana-Champaign.

2017-08-13 15:51:06) Initializing communications library.
2017-08-13 15:51:06) Using local communicator on host barkeri.bph.jhu.edu.
2017-08-13 15:51:06) Resource controller @1 started.
2017-08-13 15:51:06) Supervisor @0 started.
2017-08-13 15:51:06) Resource controller @1 on barkeri.bph.jhu.edu registered with 8 cpu core(s) and 0 gpu device(s).
2017-08-13 15:51:06) Registered resources for host barkeri.bph.jhu.edu (defaults=1): 2 cpu cores, 0 gpu devices
2017-08-13 15:51:06) All resources registered with supervisor, starting workers.
2017-08-13 15:51:06) Reserved core 0 on @1 for the output writer.
2017-08-13 15:51:06) Creating slot 0 on @1 using resources: barkeri.bph.jhu.edu; @1; cpu core list:1; gpu device list:<none>.
2017-08-13 15:51:06) OutputWriter @3 started.
2017-08-13 15:51:06) Output writer started: @3.
2017-08-13 15:51:06) OutputWriter::HelperThread @3 started.
2017-08-13 15:51:06) Work Unit runner @4 started with 1 cpu cores (affinity=0) and 0 gpus.
2017-08-13 15:51:06) Work unit runner started: @4.
2017-08-13 15:51:06) All supervisor workers have started, beginning simulation.
2017-08-13 15:51:06) Replicate supervisor starting simulation.
2017-08-13 15:51:06) Simulation started.
2017-08-13 15:52:09) Wrote 11 messages (18354 bytes) in the last 63.4 seconds (0.000175 seconds writing). 0 messages (0 bytes) queued. Flushing.
2017-08-13 15:52:09) Finished 12 work units (ids in range 0 to 11) with 12 parts in the last 63.4 seconds. 120000000 steps in 6.337e+01 seconds (1.894e+06 steps/second).
2017-08-13 15:53:13) Wrote 12 messages (20023 bytes) in the last 63.6 seconds (0.000216 seconds writing). 0 messages (0 bytes) queued. Flushing.2017-08-13 15:53:13) 
Finished 12 work units (ids in range 12 to 23) with 12 parts in the last 63.6 seconds. 120000000 steps in 6.355e+01 seconds (1.888e+06 steps/second).
2017-08-13 15:53:17) Replicate 4 completed with 5.00e+02 of simulation time using 4 work units.
2017-08-13 15:53:21) Replicate 5 completed with 5.00e+02 of simulation time using 4 work units.
2017-08-13 15:53:24) Replicate 3 completed with 5.00e+02 of simulation time using 4 work units.
2017-08-13 15:53:28) Replicate 6 completed with 5.00e+02 of simulation time using 4 work units.
2017-08-13 15:53:32) Replicate 8 completed with 5.00e+02 of simulation time using 4 work units.
2017-08-13 15:53:36) Replicate 1 completed with 5.00e+02 of simulation time using 4 work units.
2017-08-13 15:53:40) Replicate 7 completed with 5.00e+02 of simulation time using 4 work units.
2017-08-13 15:53:44) Replicate 2 completed with 5.00e+02 of simulation time using 4 work units.
2017-08-13 15:53:44) Replicate supervisor finished 8 replicates in 158.34 seconds.
2017-08-13 15:53:44) Simulation finished.
2017-08-13 15:53:44) Finished 8 work units (ids in range 24 to 31) with 8 parts in the last 31.4 seconds. 58907490 steps in 3.140e+01 seconds (1.876e+06 steps/second).
2017-08-13 15:53:44) Supervisor @0 finished.
2017-08-13 15:53:44) Wrote 9 messages (10776 bytes) in the last 31.4 seconds (0.000105 seconds writing). 0 messages (0 bytes) queued. Flushing.
2017-08-13 15:53:44) OutputWriter wrote 32 messages and 49153 bytes total.
2017-08-13 15:53:44) OutputWriter::HelperThread @3 finished.
2017-08-13 15:53:44) OutputWriter @3 flushing and closing.
2017-08-13 15:53:44) OutputWriter @3 finished.
2017-08-13 15:53:44) Work unit runner @4 finished.
2017-08-13 15:53:44) Resource controller @1 finished.
2017-08-13 15:53:44) Finalizing communications library.
2017-08-13 15:53:44) Program execution finished.
