Lattice Microbe ES v2017.09 build 2017-09-13-15-28-25 in 64-bit mode with options AVX SBML SNAPPY.
Copyright (C) 2012-2017 Roberts Group, Johns Hopkins University.
Copyright (C) 2008-2012 Luthey-Schulten Group, University of Illinois at Urbana-Champaign.

2017-08-13 15:56:26) Initializing communications library.
2017-08-13 15:56:26) Using local communicator on host barkeri.bph.jhu.edu.
2017-08-13 15:56:26) Resource controller @1 started.
2017-08-13 15:56:26) Supervisor @0 started.
2017-08-13 15:56:26) Resource controller @1 on barkeri.bph.jhu.edu registered with 8 cpu core(s) and 0 gpu device(s).
2017-08-13 15:56:26) Registered resources for host barkeri.bph.jhu.edu (defaults=1): 2 cpu cores, 0 gpu devices
2017-08-13 15:56:26) All resources registered with supervisor, starting workers.
2017-08-13 15:56:26) Reserved core 0 on @1 for the output writer.
2017-08-13 15:56:26) Creating slot 0 on @1 using resources: barkeri.bph.jhu.edu; @1; cpu core list:1; gpu device list:<none>.
2017-08-13 15:56:26) OutputWriter @3 started.
2017-08-13 15:56:26) OutputWriter::HelperThread @3 started.
2017-08-13 15:56:26) Work Unit runner @4 started with 1 cpu cores (affinity=0) and 0 gpus.
2017-08-13 15:56:26) Output writer started: @3.
2017-08-13 15:56:26) Work unit runner started: @4.
2017-08-13 15:56:26) All supervisor workers have started, beginning simulation.
2017-08-13 15:56:26) Replicate supervisor starting simulation.
2017-08-13 15:56:26) Simulation started.
2017-08-13 15:57:30) Wrote 11 messages (18356 bytes) in the last 63.5 seconds (0.000209 seconds writing). 0 messages (0 bytes) queued. Flushing.
2017-08-13 15:57:30) Finished 12 work units (ids in range 0 to 11) with 12 parts in the last 63.5 seconds. 120000000 steps in 6.345e+01 seconds (1.891e+06 steps/second).
2017-08-13 15:58:34) Wrote 12 messages (20008 bytes) in the last 64.0 seconds (0.000235 seconds writing). 0 messages (0 bytes) queued. Flushing.
2017-08-13 15:58:34) Finished 12 work units (ids in range 12 to 23) with 12 parts in the last 64.0 seconds. 120000000 steps in 6.402e+01 seconds (1.875e+06 steps/second).
2017-08-13 15:58:38) Replicate 5 completed with 5.00e+02 of simulation time using 4 work units.
2017-08-13 15:58:42) Replicate 4 completed with 5.00e+02 of simulation time using 4 work units.
2017-08-13 15:58:46) Replicate 6 completed with 5.00e+02 of simulation time using 4 work units.
2017-08-13 15:58:49) Replicate 8 completed with 5.00e+02 of simulation time using 4 work units.
2017-08-13 15:58:53) Replicate 3 completed with 5.00e+02 of simulation time using 4 work units.
2017-08-13 15:58:57) Replicate 1 completed with 5.00e+02 of simulation time using 4 work units.
2017-08-13 15:59:01) Replicate 2 completed with 5.00e+02 of simulation time using 4 work units.
2017-08-13 15:59:06) Replicate 7 completed with 5.00e+02 of simulation time using 4 work units.
2017-08-13 15:59:06) Replicate supervisor finished 8 replicates in 159.26 seconds.
2017-08-13 15:59:06) Simulation finished.
2017-08-13 15:59:06) Finished 8 work units (ids in range 24 to 31) with 8 parts in the last 31.8 seconds. 59131367 steps in 3.179e+01 seconds (1.860e+06 steps/second).
2017-08-13 15:59:06) Supervisor @0 finished.
2017-08-13 15:59:06) Wrote 9 messages (10876 bytes) in the last 31.8 seconds (0.000109 seconds writing). 0 messages (0 bytes) queued. Flushing.
2017-08-13 15:59:06) OutputWriter wrote 32 messages and 49240 bytes total.
2017-08-13 15:59:06) OutputWriter::HelperThread @3 finished.
2017-08-13 15:59:06) OutputWriter @3 flushing and closing.
2017-08-13 15:59:06) OutputWriter @3 finished.
2017-08-13 15:59:06) Work unit runner @4 finished.
2017-08-13 15:59:06) Resource controller @1 finished.
2017-08-13 15:59:06) Finalizing communications library.
2017-08-13 15:59:06) Program execution finished.
