Lattice Microbe ES v2017.09 build 2017-09-13-15-28-25 in 64-bit mode with options AVX SBML SNAPPY.
Copyright (C) 2012-2017 Roberts Group, Johns Hopkins University.
Copyright (C) 2008-2012 Luthey-Schulten Group, University of Illinois at Urbana-Champaign.

2017-08-13 15:37:48) Initializing communications library.
2017-08-13 15:37:48) Using local communicator on host barkeri.bph.jhu.edu.
2017-08-13 15:37:48) Resource controller @1 started.
2017-08-13 15:37:48) Supervisor @0 started.
2017-08-13 15:37:48) Resource controller @1 on barkeri.bph.jhu.edu registered with 8 cpu core(s) and 0 gpu device(s).
2017-08-13 15:37:48) Registered resources for host barkeri.bph.jhu.edu (defaults=1): 2 cpu cores, 0 gpu devices
2017-08-13 15:37:48) All resources registered with supervisor, starting workers.
2017-08-13 15:37:48) Reserved core 0 on @1 for the output writer.
2017-08-13 15:37:48) Creating slot 0 on @1 using resources: barkeri.bph.jhu.edu; @1; cpu core list:1; gpu device list:<none>.
2017-08-13 15:37:48) OutputWriter @3 started.
2017-08-13 15:37:48) OutputWriter::HelperThread @3 started.
2017-08-13 15:37:48) Output writer started: @3.
2017-08-13 15:37:48) Work Unit runner @4 started with 1 cpu cores (affinity=0) and 0 gpus.
2017-08-13 15:37:48) Work unit runner started: @4.
2017-08-13 15:37:48) All supervisor workers have started, beginning simulation.
2017-08-13 15:37:48) Replicate supervisor starting simulation.
2017-08-13 15:37:48) Simulation started.
2017-08-13 15:38:51) Wrote 11 messages (18199 bytes) in the last 63.2 seconds (0.000193 seconds writing). 0 messages (0 bytes) queued. Flushing.
2017-08-13 15:38:51) Finished 12 work units (ids in range 0 to 11) with 12 parts in the last 63.3 seconds. 120000000 steps in 6.324e+01 seconds (1.897e+06 steps/second).
2017-08-13 15:39:55) Wrote 12 messages (20168 bytes) in the last 63.4 seconds (0.000184 seconds writing). 0 messages (0 bytes) queued. Flushing.
2017-08-13 15:39:55) Finished 12 work units (ids in range 12 to 23) with 12 parts in the last 63.4 seconds. 120000000 steps in 6.339e+01 seconds (1.893e+06 steps/second).
2017-08-13 15:39:58) Replicate 3 completed with 5.00e+02 of simulation time using 4 work units.
2017-08-13 15:40:02) Replicate 8 completed with 5.00e+02 of simulation time using 4 work units.
2017-08-13 15:40:06) Replicate 4 completed with 5.00e+02 of simulation time using 4 work units.
2017-08-13 15:40:10) Replicate 6 completed with 5.00e+02 of simulation time using 4 work units.
2017-08-13 15:40:14) Replicate 2 completed with 5.00e+02 of simulation time using 4 work units.
2017-08-13 15:40:18) Replicate 1 completed with 5.00e+02 of simulation time using 4 work units.
2017-08-13 15:40:22) Replicate 7 completed with 5.00e+02 of simulation time using 4 work units.
2017-08-13 15:40:26) Replicate 5 completed with 5.00e+02 of simulation time using 4 work units.
2017-08-13 15:40:26) Replicate supervisor finished 8 replicates in 157.97 seconds.
2017-08-13 15:40:26) Simulation finished.
2017-08-13 15:40:26) Finished 8 work units (ids in range 24 to 31) with 8 parts in the last 31.3 seconds. 59048544 steps in 3.133e+01 seconds (1.885e+06 steps/second).
2017-08-13 15:40:26) Supervisor @0 finished.
2017-08-13 15:40:26) Wrote 9 messages (10746 bytes) in the last 31.3 seconds (0.000138 seconds writing). 0 messages (0 bytes) queued. Flushing.
2017-08-13 15:40:26) OutputWriter wrote 32 messages and 49113 bytes total.
2017-08-13 15:40:26) OutputWriter::HelperThread @3 finished.
2017-08-13 15:40:26) OutputWriter @3 flushing and closing.
2017-08-13 15:40:26) OutputWriter @3 finished.
2017-08-13 15:40:26) Work unit runner @4 finished.
2017-08-13 15:40:26) Resource controller @1 finished.
2017-08-13 15:40:26) Finalizing communications library.
2017-08-13 15:40:26) Program execution finished.
