Lattice Microbe ES v2017.09 build 2017-09-13-15-28-25 in 64-bit mode with options AVX SBML SNAPPY.
Copyright (C) 2012-2017 Roberts Group, Johns Hopkins University.
Copyright (C) 2008-2012 Luthey-Schulten Group, University of Illinois at Urbana-Champaign.

2017-08-13 15:43:06) Initializing communications library.
2017-08-13 15:43:06) Using local communicator on host barkeri.bph.jhu.edu.
2017-08-13 15:43:06) Resource controller @1 started.
2017-08-13 15:43:06) Supervisor @0 started.
2017-08-13 15:43:06) Resource controller @1 on barkeri.bph.jhu.edu registered with 8 cpu core(s) and 0 gpu device(s).
2017-08-13 15:43:06) Registered resources for host barkeri.bph.jhu.edu (defaults=1): 2 cpu cores, 0 gpu devices
2017-08-13 15:43:06) All resources registered with supervisor, starting workers.
2017-08-13 15:43:06) Reserved core 0 on @1 for the output writer.
2017-08-13 15:43:06) Creating slot 0 on @1 using resources: barkeri.bph.jhu.edu; @1; cpu core list:1; gpu device list:<none>.
2017-08-13 15:43:06) OutputWriter @3 started.
2017-08-13 15:43:06) Work Unit runner @4 started with 1 cpu cores (affinity=0) and 0 gpus.
2017-08-13 15:43:06) Output writer started: @3.
2017-08-13 15:43:06) OutputWriter::HelperThread @3 started.
2017-08-13 15:43:06) Work unit runner started: @4.
2017-08-13 15:43:06) All supervisor workers have started, beginning simulation.
2017-08-13 15:43:06) Replicate supervisor starting simulation.
2017-08-13 15:43:06) Simulation started.
2017-08-13 15:44:09) Wrote 11 messages (18311 bytes) in the last 63.1 seconds (0.000240 seconds writing). 0 messages (0 bytes) queued. Flushing.
2017-08-13 15:44:09) Finished 12 work units (ids in range 0 to 11) with 12 parts in the last 63.1 seconds. 120000000 steps in 6.305e+01 seconds (1.903e+06 steps/second).
2017-08-13 15:45:11) Wrote 12 messages (20096 bytes) in the last 62.6 seconds (0.000171 seconds writing). 0 messages (0 bytes) queued. Flushing.
2017-08-13 15:45:11) Finished 12 work units (ids in range 12 to 23) with 12 parts in the last 62.6 seconds. 120000000 steps in 6.259e+01 seconds (1.917e+06 steps/second).
2017-08-13 15:45:15) Replicate 6 completed with 5.00e+02 of simulation time using 4 work units.
2017-08-13 15:45:19) Replicate 1 completed with 5.00e+02 of simulation time using 4 work units.
2017-08-13 15:45:23) Replicate 5 completed with 5.00e+02 of simulation time using 4 work units.
2017-08-13 15:45:27) Replicate 2 completed with 5.00e+02 of simulation time using 4 work units.
2017-08-13 15:45:31) Replicate 3 completed with 5.00e+02 of simulation time using 4 work units.
2017-08-13 15:45:34) Replicate 4 completed with 5.00e+02 of simulation time using 4 work units.
2017-08-13 15:45:38) Replicate 7 completed with 5.00e+02 of simulation time using 4 work units.
2017-08-13 15:45:42) Replicate 8 completed with 5.00e+02 of simulation time using 4 work units.
2017-08-13 15:45:42) Replicate supervisor finished 8 replicates in 156.50 seconds.
2017-08-13 15:45:42) Simulation finished.
2017-08-13 15:45:42) Finished 8 work units (ids in range 24 to 31) with 8 parts in the last 30.9 seconds. 59214321 steps in 3.085e+01 seconds (1.919e+06 steps/second).
2017-08-13 15:45:42) Supervisor @0 finished.
2017-08-13 15:45:42) Wrote 9 messages (10811 bytes) in the last 30.9 seconds (0.000130 seconds writing). 0 messages (0 bytes) queued. Flushing.
2017-08-13 15:45:42) OutputWriter wrote 32 messages and 49218 bytes total.
2017-08-13 15:45:42) OutputWriter::HelperThread @3 finished.
2017-08-13 15:45:42) OutputWriter @3 flushing and closing.
2017-08-13 15:45:42) OutputWriter @3 finished.
2017-08-13 15:45:42) Work unit runner @4 finished.
2017-08-13 15:45:42) Resource controller @1 finished.
2017-08-13 15:45:42) Finalizing communications library.
2017-08-13 15:45:42) Program execution finished.
