Lattice Microbe ES v2018.12 Release build 2018-12-17-15-02-36 in 64-bit mode with options AVX CPP11 SBML SNAPPY.
Copyright (C) 2012-2018 Roberts Group, Johns Hopkins University.
Copyright (C) 2008-2012 Luthey-Schulten Group, University of Illinois at Urbana-Champaign.

2018-12-17 15:25:52) saving simulation output () to: 
2018-12-17 15:25:52) Initializing communications library.
2018-12-17 15:25:52) Using local communicator on host barkeri.bph.jhu.edu.
2018-12-17 15:25:52) Resource controller @1 started.
2018-12-17 15:25:52) Parsed the following user-defined simulation parameters:
          KEY  VALUE
      maxTime 100000
writeInterval  10000

2018-12-17 15:25:52) Hypervisor @0 of type lm::simulation::SimpleHypervisor started.
2018-12-17 15:25:52) Resource controller @1 on barkeri.bph.jhu.edu registered with 8 cpu core(s) and 0 gpu device(s).
2018-12-17 15:25:52) Registered resources for host barkeri.bph.jhu.edu (defaults=1): 2 cpu cores, 0 gpu devices
2018-12-17 15:25:52) All resources registered with hypervisor, starting workers.
2018-12-17 15:25:52) Reserved core 0 on @1 for the output writer.
2018-12-17 15:25:52) OutputWriter @3 started.
2018-12-17 15:25:52) Creating slot 0 on @1 using resources: barkeri.bph.jhu.edu:c=1.
2018-12-17 15:25:52) OutputPerformanceSignaler @4 started, writing performance statistics every 60 seconds.
2018-12-17 15:25:52) OutputWriter::HelperThread @3 started.
2018-12-17 15:25:52) Output writer started: @3.
2018-12-17 15:25:52) Output performance signaller started: @4.
2018-12-17 15:25:52) Work Unit runner @5 started with 1 cpu cores (affinity=0) and 0 gpus.
2018-12-17 15:25:52) Work unit runner started: @5.
2018-12-17 15:25:52) All hypervisor workers have started, beginning job.
2018-12-17 15:25:52) Job started.
2018-12-17 15:25:52) Supervisor @6 of type lm::replicates::ReplicateSupervisor started.
2018-12-17 15:25:52) Replicate supervisor started.
2018-12-17 15:26:52) ========================================================================================================================
2018-12-17 15:26:52) Performance statistics.
2018-12-17 15:26:52) Supervisor @6 finished 10 work units (ids in range 0 to 10) with 10 parts in the last interval. 1000000000 steps in 5.431e+01 seconds (1.841e+07 steps/second).
2018-12-17 15:26:52) Replicate status: 0 aborted, 0 finished, 1 running, 14 waiting
2018-12-17 15:26:52)         Id       State      Time Work_Units
2018-12-17 15:26:52) -------------------------------------------
2018-12-17 15:26:52)          1 NOT_STARTED 0.000e+00          0
2018-12-17 15:26:52)          2 NOT_STARTED 0.000e+00          0
2018-12-17 15:26:52)          3 NOT_STARTED 0.000e+00          0
2018-12-17 15:26:52)          4 NOT_STARTED 0.000e+00          0
2018-12-17 15:26:52)          5     RUNNING 0.000e+00          0
2018-12-17 15:26:52)          6     WAITING 4.999e+04          1
2018-12-17 15:26:52)          7     WAITING 5.002e+04          1
2018-12-17 15:26:52)          8     WAITING 4.999e+04          1
2018-12-17 15:26:52)          9     WAITING 5.000e+04          1
2018-12-17 15:26:52)         10     WAITING 4.999e+04          1
2018-12-17 15:26:52)         11     WAITING 4.999e+04          1
2018-12-17 15:26:52)         12     WAITING 4.999e+04          1
2018-12-17 15:26:52)         13     WAITING 5.000e+04          1
2018-12-17 15:26:52)         14     WAITING 5.000e+04          1
2018-12-17 15:26:52)         15     WAITING 5.001e+04          1
2018-12-17 15:26:52) Slot status
2018-12-17 15:26:52)  Slot                                Resources Address Work_Units           Steps      Time Steps/Sec
2018-12-17 15:26:52) ----------------------------------------------------------------------------------------------------
2018-12-17 15:26:52)     0                  barkeri.bph.jhu.edu:c=1      @5         10      1000000000 5.431e+01 1.841e+07
2018-12-17 15:26:52) OutputWriter wrote 10 messages (1086 bytes) in the last 59.7 seconds (0.000003 seconds writing). 0 messages (0 bytes) queued.
2018-12-17 15:27:49) Replicate 8 completed with 1.00e+05 of simulation time using 2 work units.
2018-12-17 15:27:52) ========================================================================================================================
2018-12-17 15:27:52) Performance statistics.
2018-12-17 15:27:52) Supervisor @6 finished 11 work units (ids in range 11 to 21) with 11 parts in the last interval. 1099992630 steps in 6.322e+01 seconds (1.740e+07 steps/second).
2018-12-17 15:27:52) Replicate status: 0 aborted, 1 finished, 1 running, 13 waiting
2018-12-17 15:27:52)         Id       State      Time Work_Units
2018-12-17 15:27:52) -------------------------------------------
2018-12-17 15:27:52)          1     WAITING 4.999e+04          1
2018-12-17 15:27:52)          2     WAITING 9.999e+04          2
2018-12-17 15:27:52)          3     WAITING 5.000e+04          1
2018-12-17 15:27:52)          4     WAITING 5.000e+04          1
2018-12-17 15:27:52)          5     RUNNING 4.999e+04          1
2018-12-17 15:27:52)          6     WAITING 9.998e+04          2
2018-12-17 15:27:52)          7     WAITING 5.002e+04          1
2018-12-17 15:27:52)          8    FINISHED 1.000e+05          2
2018-12-17 15:27:52)          9     WAITING 5.000e+04          1
2018-12-17 15:27:52)         10     WAITING 9.999e+04          2
2018-12-17 15:27:52)         11     WAITING 9.998e+04          2
2018-12-17 15:27:52)         12     WAITING 9.998e+04          2
2018-12-17 15:27:52)         13     WAITING 5.000e+04          1
2018-12-17 15:27:52)         14     WAITING 5.000e+04          1
2018-12-17 15:27:52)         15     WAITING 5.001e+04          1
2018-12-17 15:27:52) Slot status
2018-12-17 15:27:52)  Slot                                Resources Address Work_Units           Steps      Time Steps/Sec
2018-12-17 15:27:52) ----------------------------------------------------------------------------------------------------
2018-12-17 15:27:52)     0                  barkeri.bph.jhu.edu:c=1      @5         21      2099992630 1.175e+02 1.787e+07
2018-12-17 15:27:52) OutputWriter wrote 11 messages (1212 bytes) in the last 60.0 seconds (0.000004 seconds writing). 0 messages (0 bytes) queued.
2018-12-17 15:28:13) Replicate 4 completed with 1.00e+05 of simulation time using 2 work units.
2018-12-17 15:28:29) Replicate 14 completed with 1.00e+05 of simulation time using 2 work units.
2018-12-17 15:28:34) Replicate 15 completed with 1.00e+05 of simulation time using 2 work units.
2018-12-17 15:28:40) Replicate 7 completed with 1.00e+05 of simulation time using 2 work units.
2018-12-17 15:28:40) Replicate 6 completed with 1.00e+05 of simulation time using 3 work units.
2018-12-17 15:28:40) Replicate 12 completed with 1.00e+05 of simulation time using 3 work units.
2018-12-17 15:28:40) Replicate 11 completed with 1.00e+05 of simulation time using 3 work units.
2018-12-17 15:28:40) Replicate 9 completed with 1.00e+05 of simulation time using 3 work units.
2018-12-17 15:28:40) Replicate 5 completed with 1.00e+05 of simulation time using 3 work units.
2018-12-17 15:28:40) Replicate 10 completed with 1.00e+05 of simulation time using 3 work units.
2018-12-17 15:28:40) Replicate 2 completed with 1.00e+05 of simulation time using 3 work units.
2018-12-17 15:28:40) Replicate 13 completed with 1.00e+05 of simulation time using 3 work units.
2018-12-17 15:28:40) Replicate 3 completed with 1.00e+05 of simulation time using 3 work units.
2018-12-17 15:28:40) Replicate 1 completed with 1.00e+05 of simulation time using 3 work units.
2018-12-17 15:28:40) Replicate supervisor finished 15 replicates in 1.681e+02 seconds.
2018-12-17 15:28:40) Supervisor @6 finished.
2018-12-17 15:28:40) Job finished.
2018-12-17 15:28:40) Hypervisor @0 finished.
2018-12-17 15:28:40) Work unit runner @5 finished.
2018-12-17 15:28:40) OutputPerformanceSignaler @4 finished.
2018-12-17 15:28:40) OutputWriter wrote 40 messages and 3970 bytes total.
2018-12-17 15:28:40) OutputWriter::HelperThread @3 finished.
2018-12-17 15:28:40) OutputWriter @3 flushing and closing.
2018-12-17 15:28:40) OutputWriter @3 finished.
2018-12-17 15:28:40) Resource controller @1 finished.
2018-12-17 15:28:40) Finalizing communications library.
2018-12-17 15:28:40) Program execution finished.
