Lattice Microbe ES v2018.12 Release build 2018-12-17-15-02-36 in 64-bit mode with options AVX CPP11 SBML SNAPPY.
Copyright (C) 2012-2018 Roberts Group, Johns Hopkins University.
Copyright (C) 2008-2012 Luthey-Schulten Group, University of Illinois at Urbana-Champaign.

2018-12-17 15:23:16) saving simulation output () to: 
2018-12-17 15:23:16) Initializing communications library.
2018-12-17 15:23:16) Using local communicator on host barkeri.bph.jhu.edu.
2018-12-17 15:23:16) Resource controller @1 started.
2018-12-17 15:23:16) Parsed the following user-defined simulation parameters:
          KEY  VALUE
      maxTime 100000
writeInterval  10000

2018-12-17 15:23:16) Hypervisor @0 of type lm::simulation::SimpleHypervisor started.
2018-12-17 15:23:16) Resource controller @1 on barkeri.bph.jhu.edu registered with 8 cpu core(s) and 0 gpu device(s).
2018-12-17 15:23:16) Registered resources for host barkeri.bph.jhu.edu (defaults=1): 2 cpu cores, 0 gpu devices
2018-12-17 15:23:16) All resources registered with hypervisor, starting workers.
2018-12-17 15:23:16) Reserved core 0 on @1 for the output writer.
2018-12-17 15:23:16) OutputWriter @3 started.
2018-12-17 15:23:16) Creating slot 0 on @1 using resources: barkeri.bph.jhu.edu:c=1.
2018-12-17 15:23:16) OutputPerformanceSignaler @4 started, writing performance statistics every 60 seconds.
2018-12-17 15:23:16) OutputWriter::HelperThread @3 started.
2018-12-17 15:23:16) Output writer started: @3.
2018-12-17 15:23:16) Output performance signaller started: @4.
2018-12-17 15:23:16) Work Unit runner @5 started with 1 cpu cores (affinity=0) and 0 gpus.
2018-12-17 15:23:16) Work unit runner started: @5.
2018-12-17 15:23:16) All hypervisor workers have started, beginning job.
2018-12-17 15:23:16) Job started.
2018-12-17 15:23:16) Supervisor @6 of type lm::replicates::ReplicateSupervisor started.
2018-12-17 15:23:16) Replicate supervisor started.
2018-12-17 15:24:16) ========================================================================================================================
2018-12-17 15:24:16) Performance statistics.
2018-12-17 15:24:16) Supervisor @6 finished 11 work units (ids in range 0 to 11) with 11 parts in the last interval. 1100000000 steps in 5.587e+01 seconds (1.969e+07 steps/second).
2018-12-17 15:24:16) Replicate status: 0 aborted, 0 finished, 1 running, 14 waiting
2018-12-17 15:24:16)         Id       State      Time Work_Units
2018-12-17 15:24:16) -------------------------------------------
2018-12-17 15:24:16)          1 NOT_STARTED 0.000e+00          0
2018-12-17 15:24:16)          2 NOT_STARTED 0.000e+00          0
2018-12-17 15:24:16)          3 NOT_STARTED 0.000e+00          0
2018-12-17 15:24:16)          4     RUNNING 0.000e+00          0
2018-12-17 15:24:16)          5     WAITING 4.999e+04          1
2018-12-17 15:24:16)          6     WAITING 5.000e+04          1
2018-12-17 15:24:16)          7     WAITING 5.001e+04          1
2018-12-17 15:24:16)          8     WAITING 5.001e+04          1
2018-12-17 15:24:16)          9     WAITING 5.001e+04          1
2018-12-17 15:24:16)         10     WAITING 5.000e+04          1
2018-12-17 15:24:16)         11     WAITING 5.000e+04          1
2018-12-17 15:24:16)         12     WAITING 5.001e+04          1
2018-12-17 15:24:16)         13     WAITING 5.000e+04          1
2018-12-17 15:24:16)         14     WAITING 5.000e+04          1
2018-12-17 15:24:16)         15     WAITING 5.000e+04          1
2018-12-17 15:24:16) Slot status
2018-12-17 15:24:16)  Slot                                Resources Address Work_Units           Steps      Time Steps/Sec
2018-12-17 15:24:16) ----------------------------------------------------------------------------------------------------
2018-12-17 15:24:16)     0                  barkeri.bph.jhu.edu:c=1      @5         11      1100000000 5.587e+01 1.969e+07
2018-12-17 15:24:16) OutputWriter wrote 11 messages (1227 bytes) in the last 59.3 seconds (0.000003 seconds writing). 0 messages (0 bytes) queued.
2018-12-17 15:24:53) Replicate 10 completed with 1.00e+05 of simulation time using 2 work units.
2018-12-17 15:24:58) Replicate 6 completed with 1.00e+05 of simulation time using 2 work units.
2018-12-17 15:25:09) Replicate 15 completed with 1.00e+05 of simulation time using 2 work units.
2018-12-17 15:25:14) Replicate 11 completed with 1.00e+05 of simulation time using 2 work units.
2018-12-17 15:25:16) ========================================================================================================================
2018-12-17 15:25:16) Performance statistics.
2018-12-17 15:25:16) Supervisor @6 finished 12 work units (ids in range 12 to 23) with 12 parts in the last interval. 1199960640 steps in 6.200e+01 seconds (1.935e+07 steps/second).
2018-12-17 15:25:16) Replicate status: 0 aborted, 4 finished, 1 running, 10 waiting
2018-12-17 15:25:16)         Id       State      Time Work_Units
2018-12-17 15:25:16) -------------------------------------------
2018-12-17 15:25:16)          1     WAITING 1.000e+05          2
2018-12-17 15:25:16)          2     WAITING 9.999e+04          2
2018-12-17 15:25:16)          3     WAITING 5.000e+04          1
2018-12-17 15:25:16)          4     WAITING 9.999e+04          2
2018-12-17 15:25:16)          5     WAITING 9.999e+04          2
2018-12-17 15:25:16)          6    FINISHED 1.000e+05          2
2018-12-17 15:25:16)          7     WAITING 5.001e+04          1
2018-12-17 15:25:16)          8     WAITING 5.001e+04          1
2018-12-17 15:25:16)          9     WAITING 5.001e+04          1
2018-12-17 15:25:16)         10    FINISHED 1.000e+05          2
2018-12-17 15:25:16)         11    FINISHED 1.000e+05          2
2018-12-17 15:25:16)         12     WAITING 5.001e+04          1
2018-12-17 15:25:16)         13     WAITING 5.000e+04          1
2018-12-17 15:25:16)         14     RUNNING 5.000e+04          1
2018-12-17 15:25:16)         15    FINISHED 1.000e+05          2
2018-12-17 15:25:16) Slot status
2018-12-17 15:25:16)  Slot                                Resources Address Work_Units           Steps      Time Steps/Sec
2018-12-17 15:25:16) ----------------------------------------------------------------------------------------------------
2018-12-17 15:25:16)     0                  barkeri.bph.jhu.edu:c=1      @5         23      2299960640 1.179e+02 1.951e+07
2018-12-17 15:25:16) OutputWriter wrote 12 messages (1327 bytes) in the last 60.0 seconds (0.000004 seconds writing). 0 messages (0 bytes) queued.
2018-12-17 15:25:25) Replicate 13 completed with 1.00e+05 of simulation time using 2 work units.
2018-12-17 15:25:30) Replicate 3 completed with 1.00e+05 of simulation time using 2 work units.
2018-12-17 15:25:35) Replicate 7 completed with 1.00e+05 of simulation time using 2 work units.
2018-12-17 15:25:40) Replicate 9 completed with 1.00e+05 of simulation time using 2 work units.
2018-12-17 15:25:52) Replicate 8 completed with 1.00e+05 of simulation time using 2 work units.
2018-12-17 15:25:52) Replicate 5 completed with 1.00e+05 of simulation time using 3 work units.
2018-12-17 15:25:52) Replicate 2 completed with 1.00e+05 of simulation time using 3 work units.
2018-12-17 15:25:52) Replicate 4 completed with 1.00e+05 of simulation time using 3 work units.
2018-12-17 15:25:52) Replicate 14 completed with 1.00e+05 of simulation time using 3 work units.
2018-12-17 15:25:52) Replicate 12 completed with 1.00e+05 of simulation time using 3 work units.
2018-12-17 15:25:52) Replicate 1 completed with 1.00e+05 of simulation time using 3 work units.
2018-12-17 15:25:52) Replicate supervisor finished 15 replicates in 1.556e+02 seconds.
2018-12-17 15:25:52) Supervisor @6 finished.
2018-12-17 15:25:52) Job finished.
2018-12-17 15:25:52) Hypervisor @0 finished.
2018-12-17 15:25:52) Work unit runner @5 finished.
2018-12-17 15:25:52) OutputPerformanceSignaler @4 finished.
2018-12-17 15:25:52) OutputWriter wrote 36 messages and 3726 bytes total.
2018-12-17 15:25:52) OutputWriter::HelperThread @3 finished.
2018-12-17 15:25:52) OutputWriter @3 flushing and closing.
2018-12-17 15:25:52) OutputWriter @3 finished.
2018-12-17 15:25:52) Resource controller @1 finished.
2018-12-17 15:25:52) Finalizing communications library.
2018-12-17 15:25:52) Program execution finished.
