Lattice Microbe ES v2018.12 Release build 2018-12-17-15-02-36 in 64-bit mode with options AVX CPP11 SBML SNAPPY.
Copyright (C) 2012-2018 Roberts Group, Johns Hopkins University.
Copyright (C) 2008-2012 Luthey-Schulten Group, University of Illinois at Urbana-Champaign.

2018-12-17 15:28:40) saving simulation output () to: 
2018-12-17 15:28:40) Initializing communications library.
2018-12-17 15:28:40) Using local communicator on host barkeri.bph.jhu.edu.
2018-12-17 15:28:40) Resource controller @1 started.
2018-12-17 15:28:40) Parsed the following user-defined simulation parameters:
          KEY  VALUE
      maxTime 100000
writeInterval  10000

2018-12-17 15:28:40) Hypervisor @0 of type lm::simulation::SimpleHypervisor started.
2018-12-17 15:28:40) Resource controller @1 on barkeri.bph.jhu.edu registered with 8 cpu core(s) and 0 gpu device(s).
2018-12-17 15:28:40) Registered resources for host barkeri.bph.jhu.edu (defaults=1): 2 cpu cores, 0 gpu devices
2018-12-17 15:28:40) All resources registered with hypervisor, starting workers.
2018-12-17 15:28:40) Reserved core 0 on @1 for the output writer.
2018-12-17 15:28:40) OutputWriter @3 started.
2018-12-17 15:28:40) Creating slot 0 on @1 using resources: barkeri.bph.jhu.edu:c=1.
2018-12-17 15:28:40) OutputWriter::HelperThread @3 started.
2018-12-17 15:28:40) OutputPerformanceSignaler @4 started, writing performance statistics every 60 seconds.
2018-12-17 15:28:40) Output writer started: @3.
2018-12-17 15:28:40) Output performance signaller started: @4.
2018-12-17 15:28:40) Work Unit runner @5 started with 1 cpu cores (affinity=0) and 0 gpus.
2018-12-17 15:28:40) Work unit runner started: @5.
2018-12-17 15:28:40) All hypervisor workers have started, beginning job.
2018-12-17 15:28:40) Job started.
2018-12-17 15:28:40) Supervisor @6 of type lm::replicates::ReplicateSupervisor started.
2018-12-17 15:28:40) Replicate supervisor started.
2018-12-17 15:29:40) ========================================================================================================================
2018-12-17 15:29:40) Performance statistics.
2018-12-17 15:29:40) Supervisor @6 finished 10 work units (ids in range 0 to 10) with 10 parts in the last interval. 1000000000 steps in 5.534e+01 seconds (1.807e+07 steps/second).
2018-12-17 15:29:40) Replicate status: 0 aborted, 0 finished, 1 running, 14 waiting
2018-12-17 15:29:40)         Id       State      Time Work_Units
2018-12-17 15:29:40) -------------------------------------------
2018-12-17 15:29:40)          1 NOT_STARTED 0.000e+00          0
2018-12-17 15:29:40)          2 NOT_STARTED 0.000e+00          0
2018-12-17 15:29:40)          3 NOT_STARTED 0.000e+00          0
2018-12-17 15:29:40)          4 NOT_STARTED 0.000e+00          0
2018-12-17 15:29:40)          5     RUNNING 0.000e+00          0
2018-12-17 15:29:40)          6     WAITING 4.999e+04          1
2018-12-17 15:29:40)          7     WAITING 5.000e+04          1
2018-12-17 15:29:40)          8     WAITING 5.000e+04          1
2018-12-17 15:29:40)          9     WAITING 4.999e+04          1
2018-12-17 15:29:40)         10     WAITING 5.000e+04          1
2018-12-17 15:29:40)         11     WAITING 5.002e+04          1
2018-12-17 15:29:40)         12     WAITING 5.001e+04          1
2018-12-17 15:29:40)         13     WAITING 5.000e+04          1
2018-12-17 15:29:40)         14     WAITING 5.000e+04          1
2018-12-17 15:29:40)         15     WAITING 5.001e+04          1
2018-12-17 15:29:40) Slot status
2018-12-17 15:29:40)  Slot                                Resources Address Work_Units           Steps      Time Steps/Sec
2018-12-17 15:29:40) ----------------------------------------------------------------------------------------------------
2018-12-17 15:29:40)     0                  barkeri.bph.jhu.edu:c=1      @5         10      1000000000 5.534e+01 1.807e+07
2018-12-17 15:29:40) OutputWriter wrote 10 messages (1104 bytes) in the last 59.5 seconds (0.000003 seconds writing). 0 messages (0 bytes) queued.
2018-12-17 15:30:40) ========================================================================================================================
2018-12-17 15:30:40) Performance statistics.
2018-12-17 15:30:40) Supervisor @6 finished 11 work units (ids in range 11 to 21) with 11 parts in the last interval. 1100000000 steps in 6.101e+01 seconds (1.803e+07 steps/second).
2018-12-17 15:30:40) Replicate status: 0 aborted, 0 finished, 1 running, 14 waiting
2018-12-17 15:30:40)         Id       State      Time Work_Units
2018-12-17 15:30:40) -------------------------------------------
2018-12-17 15:30:40)          1     WAITING 9.998e+04          2
2018-12-17 15:30:40)          2     WAITING 1.000e+05          2
2018-12-17 15:30:40)          3     WAITING 1.000e+05          2
2018-12-17 15:30:40)          4     WAITING 5.000e+04          1
2018-12-17 15:30:40)          5     WAITING 5.000e+04          1
2018-12-17 15:30:40)          6     WAITING 9.998e+04          2
2018-12-17 15:30:40)          7     WAITING 5.000e+04          1
2018-12-17 15:30:40)          8     WAITING 9.999e+04          2
2018-12-17 15:30:40)          9     WAITING 9.999e+04          2
2018-12-17 15:30:40)         10     WAITING 5.000e+04          1
2018-12-17 15:30:40)         11     WAITING 5.002e+04          1
2018-12-17 15:30:40)         12     WAITING 5.001e+04          1
2018-12-17 15:30:40)         13     RUNNING 5.000e+04          1
2018-12-17 15:30:40)         14     WAITING 5.000e+04          1
2018-12-17 15:30:40)         15     WAITING 5.001e+04          1
2018-12-17 15:30:40) Slot status
2018-12-17 15:30:40)  Slot                                Resources Address Work_Units           Steps      Time Steps/Sec
2018-12-17 15:30:40) ----------------------------------------------------------------------------------------------------
2018-12-17 15:30:40)     0                  barkeri.bph.jhu.edu:c=1      @5         21      2100000000 1.163e+02 1.805e+07
2018-12-17 15:30:40) OutputWriter wrote 11 messages (1203 bytes) in the last 60.0 seconds (0.000003 seconds writing). 0 messages (0 bytes) queued.
2018-12-17 15:30:48) Replicate 14 completed with 1.00e+05 of simulation time using 2 work units.
2018-12-17 15:30:54) Replicate 5 completed with 1.00e+05 of simulation time using 2 work units.
2018-12-17 15:31:00) Replicate 4 completed with 1.00e+05 of simulation time using 2 work units.
2018-12-17 15:31:06) Replicate 7 completed with 1.00e+05 of simulation time using 2 work units.
2018-12-17 15:31:13) Replicate 10 completed with 1.00e+05 of simulation time using 2 work units.
2018-12-17 15:31:19) Replicate 15 completed with 1.00e+05 of simulation time using 2 work units.
2018-12-17 15:31:30) Replicate 11 completed with 1.00e+05 of simulation time using 2 work units.
2018-12-17 15:31:30) Replicate 6 completed with 1.00e+05 of simulation time using 3 work units.
2018-12-17 15:31:30) Replicate 1 completed with 1.00e+05 of simulation time using 3 work units.
2018-12-17 15:31:30) Replicate 9 completed with 1.00e+05 of simulation time using 3 work units.
2018-12-17 15:31:30) Replicate 13 completed with 1.00e+05 of simulation time using 3 work units.
2018-12-17 15:31:30) Replicate 8 completed with 1.00e+05 of simulation time using 3 work units.
2018-12-17 15:31:30) Replicate 12 completed with 1.00e+05 of simulation time using 3 work units.
2018-12-17 15:31:30) Replicate 3 completed with 1.00e+05 of simulation time using 3 work units.
2018-12-17 15:31:30) Replicate 2 completed with 1.00e+05 of simulation time using 3 work units.
2018-12-17 15:31:30) Replicate supervisor finished 15 replicates in 1.700e+02 seconds.
2018-12-17 15:31:30) 2018-12-17 15:31:30) Supervisor @6 finished.Job finished.

2018-12-17 15:31:30) Hypervisor @0 finished.
2018-12-17 15:31:30) Work unit runner @5 finished.
2018-12-17 15:31:30) OutputPerformanceSignaler @4 finished.
2018-12-17 15:31:30) OutputWriter wrote 38 messages and 3848 bytes total.
2018-12-17 15:31:30) OutputWriter::HelperThread @3 finished.
2018-12-17 15:31:30) OutputWriter @3 flushing and closing.
2018-12-17 15:31:30) OutputWriter @3 finished.
2018-12-17 15:31:30) Resource controller @1 finished.
2018-12-17 15:31:30) Finalizing communications library.
2018-12-17 15:31:30) Program execution finished.
