Lattice Microbe ES v2018.12 Release build 2018-12-17-15-02-36 in 64-bit mode with options AVX CPP11 SBML SNAPPY.
Copyright (C) 2012-2018 Roberts Group, Johns Hopkins University.
Copyright (C) 2008-2012 Luthey-Schulten Group, University of Illinois at Urbana-Champaign.

2018-12-17 15:20:39) saving simulation output () to: 
2018-12-17 15:20:39) Initializing communications library.
2018-12-17 15:20:39) Using local communicator on host barkeri.bph.jhu.edu.
2018-12-17 15:20:39) Resource controller @1 started.
2018-12-17 15:20:39) Parsed the following user-defined simulation parameters:
          KEY  VALUE
      maxTime 100000
writeInterval  10000

2018-12-17 15:20:39) Hypervisor @0 of type lm::simulation::SimpleHypervisor started.
2018-12-17 15:20:39) Resource controller @1 on barkeri.bph.jhu.edu registered with 8 cpu core(s) and 0 gpu device(s).
2018-12-17 15:20:39) Registered resources for host barkeri.bph.jhu.edu (defaults=1): 2 cpu cores, 0 gpu devices
2018-12-17 15:20:39) All resources registered with hypervisor, starting workers.
2018-12-17 15:20:39) Reserved core 0 on @1 for the output writer.
2018-12-17 15:20:39) OutputWriter @3 started.
2018-12-17 15:20:39) 2018-12-17 15:20:39) OutputPerformanceSignaler @4 started, writing performance statistics every 60 seconds.Creating slot 0 on @1 using resources: barkeri.bph.jhu.edu:c=1.

2018-12-17 15:20:39) OutputWriter::HelperThread @3 started.
2018-12-17 15:20:39) Output writer started: @3.
2018-12-17 15:20:39) Output performance signaller started: @4.
2018-12-17 15:20:39) Work Unit runner @5 started with 1 cpu cores (affinity=0) and 0 gpus.
2018-12-17 15:20:39) Work unit runner started: @5.
2018-12-17 15:20:39) All hypervisor workers have started, beginning job.
2018-12-17 15:20:39) Job started.
2018-12-17 15:20:39) Supervisor @6 of type lm::replicates::ReplicateSupervisor started.
2018-12-17 15:20:39) Replicate supervisor started.
2018-12-17 15:21:39) ========================================================================================================================
2018-12-17 15:21:39) Performance statistics.
2018-12-17 15:21:39) Supervisor @6 finished 11 work units (ids in range 0 to 11) with 11 parts in the last interval. 1100000000 steps in 5.731e+01 seconds (1.919e+07 steps/second).
2018-12-17 15:21:39) Replicate status: 0 aborted, 0 finished, 1 running, 14 waiting
2018-12-17 15:21:39)         Id       State      Time Work_Units
2018-12-17 15:21:39) -------------------------------------------
2018-12-17 15:21:39)          1 NOT_STARTED 0.000e+00          0
2018-12-17 15:21:39)          2 NOT_STARTED 0.000e+00          0
2018-12-17 15:21:39)          3 NOT_STARTED 0.000e+00          0
2018-12-17 15:21:39)          4     RUNNING 0.000e+00          0
2018-12-17 15:21:39)          5     WAITING 5.000e+04          1
2018-12-17 15:21:39)          6     WAITING 5.001e+04          1
2018-12-17 15:21:39)          7     WAITING 5.000e+04          1
2018-12-17 15:21:39)          8     WAITING 5.000e+04          1
2018-12-17 15:21:39)          9     WAITING 5.000e+04          1
2018-12-17 15:21:39)         10     WAITING 5.000e+04          1
2018-12-17 15:21:39)         11     WAITING 5.000e+04          1
2018-12-17 15:21:39)         12     WAITING 4.999e+04          1
2018-12-17 15:21:39)         13     WAITING 5.001e+04          1
2018-12-17 15:21:39)         14     WAITING 5.000e+04          1
2018-12-17 15:21:39)         15     WAITING 4.999e+04          1
2018-12-17 15:21:39) Slot status
2018-12-17 15:21:39)  Slot                                Resources Address Work_Units           Steps      Time Steps/Sec
2018-12-17 15:21:39) ----------------------------------------------------------------------------------------------------
2018-12-17 15:21:39)     0                  barkeri.bph.jhu.edu:c=1      @5         11      1100000000 5.731e+01 1.919e+07
2018-12-17 15:21:39) OutputWriter wrote 11 messages (1218 bytes) in the last 59.2 seconds (0.000005 seconds writing). 0 messages (0 bytes) queued.
2018-12-17 15:22:08) Replicate 4 completed with 1.00e+05 of simulation time using 2 work units.
2018-12-17 15:22:13) Replicate 12 completed with 1.00e+05 of simulation time using 2 work units.
2018-12-17 15:22:18) Replicate 11 completed with 1.00e+05 of simulation time using 2 work units.
2018-12-17 15:22:29) Replicate 14 completed with 1.00e+05 of simulation time using 2 work units.
2018-12-17 15:22:34) Replicate 7 completed with 1.00e+05 of simulation time using 2 work units.
2018-12-17 15:22:39) ========================================================================================================================
2018-12-17 15:22:39) Performance statistics.
2018-12-17 15:22:39) Supervisor @6 finished 11 work units (ids in range 12 to 22) with 11 parts in the last interval. 1099974707 steps in 5.707e+01 seconds (1.927e+07 steps/second).
2018-12-17 15:22:39) Replicate status: 0 aborted, 5 finished, 1 running, 9 waiting
2018-12-17 15:22:39)         Id       State      Time Work_Units
2018-12-17 15:22:39) -------------------------------------------
2018-12-17 15:22:39)          1     WAITING 5.001e+04          1
2018-12-17 15:22:39)          2     WAITING 5.002e+04          1
2018-12-17 15:22:39)          3     WAITING 9.999e+04          2
2018-12-17 15:22:39)          4    FINISHED 1.000e+05          2
2018-12-17 15:22:39)          5     RUNNING 5.000e+04          1
2018-12-17 15:22:39)          6     WAITING 5.001e+04          1
2018-12-17 15:22:39)          7    FINISHED 1.000e+05          2
2018-12-17 15:22:39)          8     WAITING 5.000e+04          1
2018-12-17 15:22:39)          9     WAITING 5.000e+04          1
2018-12-17 15:22:39)         10     WAITING 5.000e+04          1
2018-12-17 15:22:39)         11    FINISHED 1.000e+05          2
2018-12-17 15:22:39)         12    FINISHED 1.000e+05          2
2018-12-17 15:22:39)         13     WAITING 5.001e+04          1
2018-12-17 15:22:39)         14    FINISHED 1.000e+05          2
2018-12-17 15:22:39)         15     WAITING 9.998e+04          2
2018-12-17 15:22:39) Slot status
2018-12-17 15:22:39)  Slot                                Resources Address Work_Units           Steps      Time Steps/Sec
2018-12-17 15:22:39) ----------------------------------------------------------------------------------------------------
2018-12-17 15:22:39)     0                  barkeri.bph.jhu.edu:c=1      @5         22      2199974707 1.144e+02 1.923e+07
2018-12-17 15:22:39) OutputWriter wrote 11 messages (1244 bytes) in the last 60.0 seconds (0.000004 seconds writing). 0 messages (0 bytes) queued.
2018-12-17 15:22:39) Replicate 5 completed with 1.00e+05 of simulation time using 2 work units.
2018-12-17 15:22:44) Replicate 9 completed with 1.00e+05 of simulation time using 2 work units.
2018-12-17 15:22:54) Replicate 10 completed with 1.00e+05 of simulation time using 2 work units.
2018-12-17 15:23:00) Replicate 6 completed with 1.00e+05 of simulation time using 2 work units.
2018-12-17 15:23:05) Replicate 1 completed with 1.00e+05 of simulation time using 2 work units.
2018-12-17 15:23:11) Replicate 13 completed with 1.00e+05 of simulation time using 2 work units.
2018-12-17 15:23:16) Replicate 2 completed with 1.00e+05 of simulation time using 2 work units.
2018-12-17 15:23:16) Replicate 15 completed with 1.00e+05 of simulation time using 3 work units.
2018-12-17 15:23:16) Replicate 3 completed with 1.00e+05 of simulation time using 3 work units.
2018-12-17 15:23:16) Replicate 8 completed with 1.00e+05 of simulation time using 3 work units.
2018-12-17 15:23:16) Replicate supervisor finished 15 replicates in 1.569e+02 seconds.
2018-12-17 15:23:16) Supervisor @6 finished.
2018-12-17 15:23:16) Job finished.
2018-12-17 15:23:16) Hypervisor @0 finished.
2018-12-17 15:23:16) Work unit runner @5 finished.
2018-12-17 15:23:16) OutputPerformanceSignaler @4 finished.
2018-12-17 15:23:16) OutputWriter wrote 33 messages and 3543 bytes total.
2018-12-17 15:23:16) OutputWriter::HelperThread @3 finished.
2018-12-17 15:23:16) OutputWriter @3 flushing and closing.
2018-12-17 15:23:16) OutputWriter @3 finished.
2018-12-17 15:23:16) Resource controller @1 finished.
2018-12-17 15:23:16) Finalizing communications library.
2018-12-17 15:23:16) Program execution finished.
