Lattice Microbe ES v2018.12 Release build 2018-12-17-15-02-36 in 64-bit mode with options AVX CPP11 SBML SNAPPY.
Copyright (C) 2012-2018 Roberts Group, Johns Hopkins University.
Copyright (C) 2008-2012 Luthey-Schulten Group, University of Illinois at Urbana-Champaign.

2018-12-17 15:13:03) saving simulation output () to: 
2018-12-17 15:13:03) Initializing communications library.
2018-12-17 15:13:03) Using local communicator on host barkeri.bph.jhu.edu.
2018-12-17 15:13:03) Resource controller @1 started.
2018-12-17 15:13:03) Parsed the following user-defined simulation parameters:
          KEY  VALUE
      maxTime 100000
writeInterval  10000

2018-12-17 15:13:03) Hypervisor @0 of type lm::simulation::SimpleHypervisor started.
2018-12-17 15:13:03) Resource controller @1 on barkeri.bph.jhu.edu registered with 8 cpu core(s) and 0 gpu device(s).
2018-12-17 15:13:03) Registered resources for host barkeri.bph.jhu.edu (defaults=1): 2 cpu cores, 0 gpu devices
2018-12-17 15:13:03) All resources registered with hypervisor, starting workers.
2018-12-17 15:13:03) Reserved core 0 on @1 for the output writer.
2018-12-17 15:13:03) OutputWriter @3 started.
2018-12-17 15:13:03) Creating slot 0 on @1 using resources: barkeri.bph.jhu.edu:c=1.
2018-12-17 15:13:03) OutputPerformanceSignaler @4 started, writing performance statistics every 60 seconds.
2018-12-17 15:13:03) Output performance signaller started: @4.
2018-12-17 15:13:03) OutputWriter::HelperThread @3 started.
2018-12-17 15:13:03) Work Unit runner @5 started with 1 cpu cores (affinity=0) and 0 gpus.
2018-12-17 15:13:03) Output writer started: @3.
2018-12-17 15:13:03) Work unit runner started: @5.
2018-12-17 15:13:03) All hypervisor workers have started, beginning job.
2018-12-17 15:13:03) Job started.
2018-12-17 15:13:03) Supervisor @6 of type lm::replicates::ReplicateSupervisor started.
2018-12-17 15:13:03) Replicate supervisor started.
2018-12-17 15:14:03) ========================================================================================================================
2018-12-17 15:14:03) Performance statistics.
2018-12-17 15:14:03) Supervisor @6 finished 11 work units (ids in range 0 to 11) with 11 parts in the last interval. 1100000000 steps in 5.664e+01 seconds (1.942e+07 steps/second).
2018-12-17 15:14:03) Replicate status: 0 aborted, 0 finished, 1 running, 14 waiting
2018-12-17 15:14:03)         Id       State      Time Work_Units
2018-12-17 15:14:03) -------------------------------------------
2018-12-17 15:14:03)          1 NOT_STARTED 0.000e+00          0
2018-12-17 15:14:03)          2 NOT_STARTED 0.000e+00          0
2018-12-17 15:14:03)          3 NOT_STARTED 0.000e+00          0
2018-12-17 15:14:03)          4     RUNNING 0.000e+00          0
2018-12-17 15:14:03)          5     WAITING 5.000e+04          1
2018-12-17 15:14:03)          6     WAITING 5.001e+04          1
2018-12-17 15:14:03)          7     WAITING 4.999e+04          1
2018-12-17 15:14:03)          8     WAITING 5.000e+04          1
2018-12-17 15:14:03)          9     WAITING 5.000e+04          1
2018-12-17 15:14:03)         10     WAITING 5.001e+04          1
2018-12-17 15:14:03)         11     WAITING 5.001e+04          1
2018-12-17 15:14:03)         12     WAITING 5.000e+04          1
2018-12-17 15:14:03)         13     WAITING 5.000e+04          1
2018-12-17 15:14:03)         14     WAITING 5.001e+04          1
2018-12-17 15:14:03)         15     WAITING 5.000e+04          1
2018-12-17 15:14:03) Slot status
2018-12-17 15:14:03)  Slot                                Resources Address Work_Units           Steps      Time Steps/Sec
2018-12-17 15:14:03) ----------------------------------------------------------------------------------------------------
2018-12-17 15:14:03)     0                  barkeri.bph.jhu.edu:c=1      @5         11      1100000000 5.664e+01 1.942e+07
2018-12-17 15:14:03) OutputWriter wrote 11 messages (1218 bytes) in the last 59.5 seconds (0.000004 seconds writing). 0 messages (0 bytes) queued.
2018-12-17 15:14:26) Replicate 7 completed with 1.00e+05 of simulation time using 2 work units.
2018-12-17 15:14:41) Replicate 9 completed with 1.00e+05 of simulation time using 2 work units.
2018-12-17 15:14:46) Replicate 3 completed with 1.00e+05 of simulation time using 2 work units.
2018-12-17 15:15:01) Replicate 15 completed with 1.00e+05 of simulation time using 2 work units.
2018-12-17 15:15:03) ========================================================================================================================
2018-12-17 15:15:03) Performance statistics.
2018-12-17 15:15:03) Supervisor @6 finished 12 work units (ids in range 12 to 23) with 12 parts in the last interval. 1199968907 steps in 6.141e+01 seconds (1.954e+07 steps/second).
2018-12-17 15:15:03) Replicate status: 0 aborted, 4 finished, 1 running, 10 waiting
2018-12-17 15:15:03)         Id       State      Time Work_Units
2018-12-17 15:15:03) -------------------------------------------
2018-12-17 15:15:03)          1     WAITING 5.000e+04          1
2018-12-17 15:15:03)          2     RUNNING 5.000e+04          1
2018-12-17 15:15:03)          3    FINISHED 1.000e+05          2
2018-12-17 15:15:03)          4     WAITING 1.000e+05          2
2018-12-17 15:15:03)          5     WAITING 9.999e+04          2
2018-12-17 15:15:03)          6     WAITING 5.001e+04          1
2018-12-17 15:15:03)          7    FINISHED 1.000e+05          2
2018-12-17 15:15:03)          8     WAITING 1.000e+05          2
2018-12-17 15:15:03)          9    FINISHED 1.000e+05          2
2018-12-17 15:15:03)         10     WAITING 5.001e+04          1
2018-12-17 15:15:03)         11     WAITING 5.001e+04          1
2018-12-17 15:15:03)         12     WAITING 5.000e+04          1
2018-12-17 15:15:03)         13     WAITING 9.999e+04          2
2018-12-17 15:15:03)         14     WAITING 5.001e+04          1
2018-12-17 15:15:03)         15    FINISHED 1.000e+05          2
2018-12-17 15:15:03) Slot status
2018-12-17 15:15:03)  Slot                                Resources Address Work_Units           Steps      Time Steps/Sec
2018-12-17 15:15:03) ----------------------------------------------------------------------------------------------------
2018-12-17 15:15:03)     0                  barkeri.bph.jhu.edu:c=1      @5         23      2299968907 1.180e+02 1.948e+07
2018-12-17 15:15:03) OutputWriter wrote 12 messages (1336 bytes) in the last 60.0 seconds (0.000004 seconds writing). 0 messages (0 bytes) queued.
2018-12-17 15:15:06) Replicate 2 completed with 1.00e+05 of simulation time using 2 work units.
2018-12-17 15:15:16) Replicate 1 completed with 1.00e+05 of simulation time using 2 work units.
2018-12-17 15:15:21) Replicate 14 completed with 1.00e+05 of simulation time using 2 work units.
2018-12-17 15:15:26) Replicate 6 completed with 1.00e+05 of simulation time using 2 work units.
2018-12-17 15:15:31) Replicate 10 completed with 1.00e+05 of simulation time using 2 work units.
2018-12-17 15:15:36) Replicate 11 completed with 1.00e+05 of simulation time using 2 work units.
2018-12-17 15:15:36) Replicate 12 completed with 1.00e+05 of simulation time using 3 work units.
2018-12-17 15:15:36) Replicate 5 completed with 1.00e+05 of simulation time using 3 work units.
2018-12-17 15:15:36) Replicate 13 completed with 1.00e+05 of simulation time using 3 work units.
2018-12-17 15:15:36) Replicate 4 completed with 1.00e+05 of simulation time using 3 work units.
2018-12-17 15:15:36) Replicate 8 completed with 1.00e+05 of simulation time using 3 work units.
2018-12-17 15:15:36) Replicate supervisor finished 15 replicates in 1.531e+02 seconds.
2018-12-17 15:15:36) Supervisor @6 finished.
2018-12-17 15:15:36) Job finished.
2018-12-17 15:15:36) Hypervisor @0 finished.
2018-12-17 15:15:36) Work unit runner @5 finished.
2018-12-17 15:15:36) OutputPerformanceSignaler @4 finished.
2018-12-17 15:15:36) OutputWriter wrote 35 messages and 3665 bytes total.
2018-12-17 15:15:36) OutputWriter::HelperThread @3 finished.
2018-12-17 15:15:36) OutputWriter @3 flushing and closing.
2018-12-17 15:15:36) OutputWriter @3 finished.
2018-12-17 15:15:36) Resource controller @1 finished.
2018-12-17 15:15:36) Finalizing communications library.
2018-12-17 15:15:36) Program execution finished.
