Lattice Microbe ES v2018.12 Release build 2018-12-17-15-02-36 in 64-bit mode with options AVX CPP11 SBML SNAPPY.
Copyright (C) 2012-2018 Roberts Group, Johns Hopkins University.
Copyright (C) 2008-2012 Luthey-Schulten Group, University of Illinois at Urbana-Champaign.

2018-12-17 15:31:30) saving simulation output () to: 
2018-12-17 15:31:30) Initializing communications library.
2018-12-17 15:31:30) Using local communicator on host barkeri.bph.jhu.edu.
2018-12-17 15:31:30) Resource controller @1 started.
2018-12-17 15:31:30) Parsed the following user-defined simulation parameters:
          KEY  VALUE
      maxTime 100000
writeInterval  10000

2018-12-17 15:31:30) Hypervisor @0 of type lm::simulation::SimpleHypervisor started.
2018-12-17 15:31:30) Resource controller @1 on barkeri.bph.jhu.edu registered with 8 cpu core(s) and 0 gpu device(s).
2018-12-17 15:31:30) Registered resources for host barkeri.bph.jhu.edu (defaults=1): 2 cpu cores, 0 gpu devices
2018-12-17 15:31:30) All resources registered with hypervisor, starting workers.
2018-12-17 15:31:30) Reserved core 0 on @1 for the output writer.
2018-12-17 15:31:30) OutputWriter @3 started.
2018-12-17 15:31:30) Creating slot 0 on @1 using resources: barkeri.bph.jhu.edu:c=1.
2018-12-17 15:31:30) OutputPerformanceSignaler @4 started, writing performance statistics every 60 seconds.
2018-12-17 15:31:30) OutputWriter::HelperThread @3 started.
2018-12-17 15:31:30) Output writer started: @3.
2018-12-17 15:31:30) Output performance signaller started: @4.
2018-12-17 15:31:30) Work Unit runner @5 started with 1 cpu cores (affinity=0) and 0 gpus.
2018-12-17 15:31:30) Work unit runner started: @5.
2018-12-17 15:31:30) All hypervisor workers have started, beginning job.
2018-12-17 15:31:30) Job started.
2018-12-17 15:31:30) Supervisor @6 of type lm::replicates::ReplicateSupervisor started.
2018-12-17 15:31:30) Replicate supervisor started.
2018-12-17 15:32:30) ========================================================================================================================
2018-12-17 15:32:30) Performance statistics.
2018-12-17 15:32:30) Supervisor @6 finished 10 work units (ids in range 0 to 10) with 10 parts in the last interval. 1000000000 steps in 5.572e+01 seconds (1.795e+07 steps/second).
2018-12-17 15:32:30) Replicate status: 0 aborted, 0 finished, 1 running, 14 waiting
2018-12-17 15:32:30)         Id       State      Time Work_Units
2018-12-17 15:32:30) -------------------------------------------
2018-12-17 15:32:30)          1 NOT_STARTED 0.000e+00          0
2018-12-17 15:32:30)          2 NOT_STARTED 0.000e+00          0
2018-12-17 15:32:30)          3 NOT_STARTED 0.000e+00          0
2018-12-17 15:32:30)          4 NOT_STARTED 0.000e+00          0
2018-12-17 15:32:30)          5     RUNNING 0.000e+00          0
2018-12-17 15:32:30)          6     WAITING 5.000e+04          1
2018-12-17 15:32:30)          7     WAITING 5.000e+04          1
2018-12-17 15:32:30)          8     WAITING 5.000e+04          1
2018-12-17 15:32:30)          9     WAITING 5.000e+04          1
2018-12-17 15:32:30)         10     WAITING 5.000e+04          1
2018-12-17 15:32:30)         11     WAITING 5.000e+04          1
2018-12-17 15:32:30)         12     WAITING 4.999e+04          1
2018-12-17 15:32:30)         13     WAITING 5.000e+04          1
2018-12-17 15:32:30)         14     WAITING 4.999e+04          1
2018-12-17 15:32:30)         15     WAITING 5.000e+04          1
2018-12-17 15:32:30) Slot status
2018-12-17 15:32:30)  Slot                                Resources Address Work_Units           Steps      Time Steps/Sec
2018-12-17 15:32:30) ----------------------------------------------------------------------------------------------------
2018-12-17 15:32:30)     0                  barkeri.bph.jhu.edu:c=1      @5         10      1000000000 5.572e+01 1.795e+07
2018-12-17 15:32:30) OutputWriter wrote 10 messages (1086 bytes) in the last 59.5 seconds (0.000003 seconds writing). 0 messages (0 bytes) queued.
2018-12-17 15:33:24) Replicate 15 completed with 1.00e+05 of simulation time using 2 work units.
2018-12-17 15:33:29) Replicate 4 completed with 1.00e+05 of simulation time using 2 work units.
2018-12-17 15:33:30) ========================================================================================================================
2018-12-17 15:33:30) Performance statistics.
2018-12-17 15:33:30) Supervisor @6 finished 12 work units (ids in range 11 to 22) with 12 parts in the last interval. 1199966744 steps in 6.380e+01 seconds (1.881e+07 steps/second).
2018-12-17 15:33:30) Replicate status: 0 aborted, 2 finished, 1 running, 12 waiting
2018-12-17 15:33:30)         Id       State      Time Work_Units
2018-12-17 15:33:30) -------------------------------------------
2018-12-17 15:33:30)          1     WAITING 1.000e+05          2
2018-12-17 15:33:30)          2     WAITING 5.000e+04          1
2018-12-17 15:33:30)          3     WAITING 5.001e+04          1
2018-12-17 15:33:30)          4    FINISHED 1.000e+05          2
2018-12-17 15:33:30)          5     WAITING 9.999e+04          2
2018-12-17 15:33:30)          6     WAITING 5.000e+04          1
2018-12-17 15:33:30)          7     WAITING 5.000e+04          1
2018-12-17 15:33:30)          8     WAITING 5.000e+04          1
2018-12-17 15:33:30)          9     WAITING 5.000e+04          1
2018-12-17 15:33:30)         10     WAITING 5.000e+04          1
2018-12-17 15:33:30)         11     RUNNING 5.000e+04          1
2018-12-17 15:33:30)         12     WAITING 9.998e+04          2
2018-12-17 15:33:30)         13     WAITING 1.000e+05          2
2018-12-17 15:33:30)         14     WAITING 1.000e+05          2
2018-12-17 15:33:30)         15    FINISHED 1.000e+05          2
2018-12-17 15:33:30) Slot status
2018-12-17 15:33:30)  Slot                                Resources Address Work_Units           Steps      Time Steps/Sec
2018-12-17 15:33:30) ----------------------------------------------------------------------------------------------------
2018-12-17 15:33:30)     0                  barkeri.bph.jhu.edu:c=1      @5         22      2199966744 1.195e+02 1.841e+07
2018-12-17 15:33:30) OutputWriter wrote 12 messages (1331 bytes) in the last 60.0 seconds (0.000004 seconds writing). 0 messages (0 bytes) queued.
2018-12-17 15:33:35) Replicate 11 completed with 1.00e+05 of simulation time using 2 work units.
2018-12-17 15:33:51) Replicate 9 completed with 1.00e+05 of simulation time using 2 work units.
2018-12-17 15:34:02) Replicate 7 completed with 1.00e+05 of simulation time using 2 work units.
2018-12-17 15:34:07) Replicate 10 completed with 1.00e+05 of simulation time using 2 work units.
2018-12-17 15:34:13) Replicate 3 completed with 1.00e+05 of simulation time using 2 work units.
2018-12-17 15:34:13) Replicate 12 completed with 1.00e+05 of simulation time using 3 work units.
2018-12-17 15:34:13) Replicate 5 completed with 1.00e+05 of simulation time using 3 work units.
2018-12-17 15:34:13) Replicate 6 completed with 1.00e+05 of simulation time using 3 work units.
2018-12-17 15:34:13) Replicate 14 completed with 1.00e+05 of simulation time using 3 work units.
2018-12-17 15:34:13) Replicate 13 completed with 1.00e+05 of simulation time using 3 work units.
2018-12-17 15:34:13) Replicate 2 completed with 1.00e+05 of simulation time using 3 work units.
2018-12-17 15:34:13) Replicate 8 completed with 1.00e+05 of simulation time using 3 work units.
2018-12-17 15:34:13) Replicate 1 completed with 1.00e+05 of simulation time using 3 work units.
2018-12-17 15:34:13) Replicate supervisor finished 15 replicates in 1.626e+02 seconds.
2018-12-17 15:34:13) Supervisor @6 finished.
2018-12-17 15:34:13) Job finished.
2018-12-17 15:34:13) Hypervisor @0 finished.
2018-12-17 15:34:13) Work unit runner @5 finished.
2018-12-17 15:34:13) OutputPerformanceSignaler @4 finished.
2018-12-17 15:34:13) OutputWriter wrote 38 messages and 3848 bytes total.
2018-12-17 15:34:13) OutputWriter::HelperThread @3 finished.
2018-12-17 15:34:13) OutputWriter @3 flushing and closing.
2018-12-17 15:34:13) OutputWriter @3 finished.
2018-12-17 15:34:13) Resource controller @1 finished.
2018-12-17 15:34:13) Finalizing communications library.
2018-12-17 15:34:13) Program execution finished.
