Lattice Microbe ES v2016.01.20 build 1 in 64-bit mode with options MPI.
Copyright (C) 2008-2012 Luthey-Schulten Group, University of Illinois at Urbana-Champaign.
Copyright (C) 2012-2016 Roberts Group, Johns Hopkins University.

MPI version 3.0 with thread support MPI_THREAD_MULTIPLE.
Running with 1 process(es).

2016-00-26 12:29:56) Resource controller 0:1 started.
2016-00-26 12:29:56) Supervisor 0:2 started.
2016-00-26 12:29:56) Resource controller 0:1 on barkeri.local registered with 8 cpu core(s) and 0 gpu device(s).
2016-00-26 12:29:56) Registered resources for host barkeri.local (defaults=1): 2 cpu cores, 0 gpu devices
2016-00-26 12:29:56) All resources registered with supervisor, starting workers.
2016-00-26 12:29:56) Reserved core 0 on 0:1 for the output writer.
2016-00-26 12:29:56) Creating slot 0 on process (0:1) using resources: barkeri.local; cpu core list:1; gpu device list:<none>.
2016-00-26 12:29:56) OutputWriter 0:3 started.
2016-00-26 12:29:56) OutputWriter::HelperThread 0:4 started.
2016-00-26 12:29:56) Work Unit runner 0:5 started with 1 cpu cores (affinity=0) and 0 gpus.
2016-00-26 12:29:56) Output writer started: 0:3.
2016-00-26 12:29:56) Work unit runner started: 0:5.
2016-00-26 12:29:56) All supervisor workers have started, beginning simulation.
2016-00-26 12:29:56) Replicate supervisor starting simulation.
2016-00-26 12:30:56) Finished 106 work units (ids in range 0 to 105) in the last 60.0 seconds. 1060000000 steps in 5.969e+01 seconds (1.776e+07 steps/second).
2016-00-26 12:31:02) Wrote 60 messages (3870 bytes) in the last 65.8 seconds (0.000019 seconds writing). 0 messages (0 bytes) queued. Flushing.
2016-00-26 12:31:47) Replicate 6 completed with 1.00e+05 of simulation time using 20 work units.
2016-00-26 12:31:48) Replicate 10 completed with 1.00e+05 of simulation time using 20 work units.
2016-00-26 12:31:48) Replicate 2 completed with 1.00e+05 of simulation time using 20 work units.
2016-00-26 12:31:49) Replicate 3 completed with 1.00e+05 of simulation time using 20 work units.
2016-00-26 12:31:49) Replicate 4 completed with 1.00e+05 of simulation time using 20 work units.
2016-00-26 12:31:50) Replicate 8 completed with 1.00e+05 of simulation time using 20 work units.
2016-00-26 12:31:50) Replicate 5 completed with 1.00e+05 of simulation time using 21 work units.
2016-00-26 12:31:50) Replicate 7 completed with 1.00e+05 of simulation time using 21 work units.
2016-00-26 12:31:50) Replicate 1 completed with 1.00e+05 of simulation time using 21 work units.
2016-00-26 12:31:50) Replicate 9 completed with 1.00e+05 of simulation time using 21 work units.
2016-00-26 12:31:50) Simulation finished.
2016-00-26 12:31:50) Replicate supervisor finished 10 replicates in 113.50 seconds.
2016-00-26 12:31:50) Finished 98 work units (ids in range 106 to 203) in the last 53.5 seconds. 939891626 steps in 5.319e+01 seconds (1.767e+07 steps/second).
2016-00-26 12:31:50) Supervisor 0:2 finished.
2016-00-26 12:31:50) Wrote 50 messages (3290 bytes) in the last 47.7 seconds (0.000016 seconds writing). 0 messages (0 bytes) queued. Flushing.
2016-00-26 12:31:50) OutputWriter::HelperThread 0:4 finished.
2016-00-26 12:31:50) OutputWriter 0:3 finished.
2016-00-26 12:31:50) Work unit runner 0:5 finished.
2016-00-26 12:31:50) Resource controller 0:1 finished.
2016-00-26 12:31:50) Closing MPI library.
2016-00-26 12:31:50) Program execution finished.
