Lattice Microbe v2015.06.29 build 1 in 64-bit mode with options MPI.
Copyright (C) 2008-2012 Luthey-Schulten Group, University of Illinois at Urbana-Champaign.
Copyright (C) 2012-2015 Roberts Group, Johns Hopkins University.

MPI version 3.0 with thread support MPI_THREAD_MULTIPLE.
Running with 1 process(es).

2016-01-08 10:40:06) Resource controller 0:1 started.
2016-01-08 10:40:06) Supervisor 0:2 started.
2016-01-08 10:40:06) Resource controller 0:1 on compute0348 registered with 24 cpu core(s) and 0 gpu device(s).
2016-01-08 10:40:06) Registered resources for host compute0348 (defaults=1): 2 cpu cores, 0 gpu devices
2016-01-08 10:40:06) All resources registered with supervisor, starting workers.
2016-01-08 10:40:06) Reserved core 0 on 0:1 for the output writer.
2016-01-08 10:40:06) Creating slot 0 on process (0:1) using resources: compute0348; cpu core list:1; gpu device list:<none>.
2016-01-08 10:40:06) OutputWriter 0:3 started.
2016-01-08 10:40:06) Work Unit runner 0:5 started with 1 cpu cores (affinity=0) and 0 gpus.
2016-01-08 10:40:06) OutputWriter::HelperThread 0:4 started.
2016-01-08 10:40:06) Output writer started: 0:3.
2016-01-08 10:40:06) Work unit runner started: 0:5.
2016-01-08 10:40:06) All supervisor workers have started, beginning simulation.
2016-01-08 10:40:06) Replicate supervisor starting simulation.
2016-01-08 10:41:07) Wrote 34 messages (2180 bytes) in the last 60.5 seconds (0.000007 seconds writing). 0 messages (0 bytes) queued. Flushing.
2016-01-08 10:41:07) Finished 62 work units (ids in range 0 to 61) in the last 60.6 seconds. 620000000 steps in 6.047e+01 seconds (1.025e+07 steps/second).
2016-01-08 10:42:07) Wrote 34 messages (2210 bytes) in the last 60.7 seconds (0.000007 seconds writing). 0 messages (0 bytes) queued. Flushing.
2016-01-08 10:42:07) Finished 62 work units (ids in range 62 to 123) in the last 60.7 seconds. 620000000 steps in 6.050e+01 seconds (1.025e+07 steps/second).
2016-01-08 10:43:08) Finished 62 work units (ids in range 124 to 185) in the last 60.8 seconds. 620000000 steps in 6.052e+01 seconds (1.024e+07 steps/second).
2016-01-08 10:43:16) Wrote 32 messages (2110 bytes) in the last 68.6 seconds (0.000007 seconds writing). 0 messages (0 bytes) queued. Flushing.
2016-01-08 10:43:16) Replicate 9 completed with 1.00e+05 of simulation time using 20 work units.
2016-01-08 10:43:17) Replicate 6 completed with 1.00e+05 of simulation time using 20 work units.
2016-01-08 10:43:18) Replicate 3 completed with 1.00e+05 of simulation time using 20 work units.
2016-01-08 10:43:19) Replicate 4 completed with 1.00e+05 of simulation time using 20 work units.
2016-01-08 10:43:20) Replicate 2 completed with 1.00e+05 of simulation time using 20 work units.
2016-01-08 10:43:21) Replicate 1 completed with 1.00e+05 of simulation time using 20 work units.
2016-01-08 10:43:22) Replicate 10 completed with 1.00e+05 of simulation time using 20 work units.
2016-01-08 10:43:22) Replicate 5 completed with 1.00e+05 of simulation time using 21 work units.
2016-01-08 10:43:22) Replicate 7 completed with 1.00e+05 of simulation time using 21 work units.
2016-01-08 10:43:22) Replicate 8 completed with 1.00e+05 of simulation time using 21 work units.
2016-01-08 10:43:22) Simulation finished.
2016-01-08 10:43:22) Replicate supervisor finished 10 replicates in 195.74 seconds.
2016-01-08 10:43:22) Finished 17 work units (ids in range 186 to 202) in the last 13.7 seconds. 139938429 steps in 1.366e+01 seconds (1.024e+07 steps/second).
2016-01-08 10:43:22) Supervisor 0:2 finished.
2016-01-08 10:43:22) Wrote 10 messages (660 bytes) in the last 5.9 seconds (0.000002 seconds writing). 0 messages (0 bytes) queued. Flushing.
2016-01-08 10:43:22) OutputWriter::HelperThread 0:4 finished.
2016-01-08 10:43:22) OutputWriter 0:3 finished.
2016-01-08 10:43:22) Work unit runner 0:5 finished.
2016-01-08 10:43:22) Resource controller 0:1 finished.
2016-01-08 10:43:22) Closing MPI library.
2016-01-08 10:43:22) Program execution finished.
