Lattice Microbe ES v2016.01.20 build 1 in 64-bit mode with options MPI.
Copyright (C) 2008-2012 Luthey-Schulten Group, University of Illinois at Urbana-Champaign.
Copyright (C) 2012-2016 Roberts Group, Johns Hopkins University.

MPI version 3.0 with thread support MPI_THREAD_MULTIPLE.
Running with 1 process(es).

2016-00-26 12:20:29) Resource controller 0:1 started.
2016-00-26 12:20:29) Supervisor 0:2 started.
2016-00-26 12:20:29) Resource controller 0:1 on barkeri.local registered with 8 cpu core(s) and 0 gpu device(s).
2016-00-26 12:20:29) Registered resources for host barkeri.local (defaults=1): 2 cpu cores, 0 gpu devices
2016-00-26 12:20:29) All resources registered with supervisor, starting workers.
2016-00-26 12:20:29) Reserved core 0 on 0:1 for the output writer.
2016-00-26 12:20:29) Creating slot 0 on process (0:1) using resources: barkeri.local; cpu core list:1; gpu device list:<none>.
2016-00-26 12:20:29) OutputWriter 0:3 started.
2016-00-26 12:20:29) OutputWriter::HelperThread 0:4 started.
2016-00-26 12:20:29) Work Unit runner 0:4 started with 1 cpu cores (affinity=0) and 0 gpus.
2016-00-26 12:20:29) Output writer started: 0:3.
2016-00-26 12:20:29) Work unit runner started: 0:4.
2016-00-26 12:20:29) All supervisor workers have started, beginning simulation.
2016-00-26 12:20:29) Replicate supervisor starting simulation.
2016-00-26 12:21:29) Finished 105 work units (ids in range 0 to 104) in the last 60.2 seconds. 1050000000 steps in 5.984e+01 seconds (1.755e+07 steps/second).
2016-00-26 12:21:34) Wrote 60 messages (3870 bytes) in the last 64.8 seconds (0.000018 seconds writing). 0 messages (0 bytes) queued. Flushing.
2016-00-26 12:22:20) Replicate 6 completed with 1.00e+05 of simulation time using 20 work units.
2016-00-26 12:22:20) Replicate 8 completed with 1.00e+05 of simulation time using 20 work units.
2016-00-26 12:22:21) Replicate 10 completed with 1.00e+05 of simulation time using 20 work units.
2016-00-26 12:22:22) Replicate 3 completed with 1.00e+05 of simulation time using 20 work units.
2016-00-26 12:22:22) Replicate 5 completed with 1.00e+05 of simulation time using 20 work units.
2016-00-26 12:22:23) Replicate 9 completed with 1.00e+05 of simulation time using 20 work units.
2016-00-26 12:22:23) Replicate 7 completed with 1.00e+05 of simulation time using 20 work units.
2016-00-26 12:22:23) Replicate 4 completed with 1.00e+05 of simulation time using 21 work units.
2016-00-26 12:22:23) Replicate 1 completed with 1.00e+05 of simulation time using 21 work units.
2016-00-26 12:22:23) Replicate 2 completed with 1.00e+05 of simulation time using 21 work units.
2016-00-26 12:22:23) Simulation finished.
2016-00-26 12:22:23) Replicate supervisor finished 10 replicates in 114.35 seconds.
2016-00-26 12:22:23) Finished 98 work units (ids in range 105 to 202) in the last 54.2 seconds. 949882761 steps in 5.388e+01 seconds (1.763e+07 steps/second).
2016-00-26 12:22:23) Supervisor 0:2 finished.
2016-00-26 12:22:23) Wrote 50 messages (3290 bytes) in the last 49.6 seconds (0.000014 seconds writing). 0 messages (0 bytes) queued. Flushing.
2016-00-26 12:22:23) OutputWriter::HelperThread 0:4 finished.
2016-00-26 12:22:23) OutputWriter 0:3 finished.
2016-00-26 12:22:23) Work unit runner 0:4 finished.
2016-00-26 12:22:23) Resource controller 0:1 finished.
2016-00-26 12:22:23) Closing MPI library.
2016-00-26 12:22:23) Program execution finished.
