Lattice Microbe ES v2016.01.20 build 1 in 64-bit mode with options MPI.
Copyright (C) 2008-2012 Luthey-Schulten Group, University of Illinois at Urbana-Champaign.
Copyright (C) 2012-2016 Roberts Group, Johns Hopkins University.

MPI version 3.0 with thread support MPI_THREAD_MULTIPLE.
Running with 1 process(es).

2016-00-26 13:05:23) Resource controller 0:1 started.
2016-00-26 13:05:23) Supervisor 0:2 started.
2016-00-26 13:05:23) Resource controller 0:1 on xanthus-cp-2 registered with 32 cpu core(s) and 0 gpu device(s).
2016-00-26 13:05:23) Registered resources for host xanthus-cp-2 (defaults=1): 2 cpu cores, 0 gpu devices
2016-00-26 13:05:23) All resources registered with supervisor, starting workers.
2016-00-26 13:05:23) Reserved core 0 on 0:1 for the output writer.
2016-00-26 13:05:23) Creating slot 0 on process (0:1) using resources: xanthus-cp-2; cpu core list:1; gpu device list:<none>.
2016-00-26 13:05:24) OutputWriter 0:3 started.
2016-00-26 13:05:24) Work Unit runner 0:4 started with 1 cpu cores (affinity=0) and 0 gpus.
2016-00-26 13:05:24) OutputWriter::HelperThread 0:5 started.
2016-00-26 13:05:24) Output writer started: 0:3.
2016-00-26 13:05:24) Work unit runner started: 0:4.
2016-00-26 13:05:24) All supervisor workers have started, beginning simulation.
2016-00-26 13:05:24) Replicate supervisor starting simulation.
2016-00-26 13:06:24) Wrote 46 messages (2960 bytes) in the last 60.0 seconds (0.000008 seconds writing). 0 messages (0 bytes) queued. Flushing.
2016-00-26 13:06:24) Finished 83 work units (ids in range 0 to 82) in the last 60.1 seconds. 830000000 steps in 5.980e+01 seconds (1.388e+07 steps/second).
2016-00-26 13:07:24) Wrote 42 messages (2748 bytes) in the last 60.5 seconds (0.000007 seconds writing). 0 messages (0 bytes) queued. Flushing.
2016-00-26 13:07:24) Finished 82 work units (ids in range 83 to 164) in the last 60.5 seconds. 820000000 steps in 6.036e+01 seconds (1.359e+07 steps/second).
2016-00-26 13:07:47) Replicate 5 completed with 1.00e+05 of simulation time using 20 work units.
2016-00-26 13:07:48) Replicate 1 completed with 1.00e+05 of simulation time using 20 work units.
2016-00-26 13:07:48) Replicate 2 completed with 1.00e+05 of simulation time using 20 work units.
2016-00-26 13:07:49) Replicate 7 completed with 1.00e+05 of simulation time using 20 work units.
2016-00-26 13:07:50) Replicate 8 completed with 1.00e+05 of simulation time using 20 work units.
2016-00-26 13:07:50) Replicate 6 completed with 1.00e+05 of simulation time using 21 work units.
2016-00-26 13:07:50) Replicate 9 completed with 1.00e+05 of simulation time using 21 work units.
2016-00-26 13:07:50) Replicate 3 completed with 1.00e+05 of simulation time using 21 work units.
2016-00-26 13:07:50) Replicate 4 completed with 1.00e+05 of simulation time using 21 work units.
2016-00-26 13:07:50) Replicate 10 completed with 1.00e+05 of simulation time using 21 work units.
2016-00-26 13:07:50) Simulation finished.
2016-00-26 13:07:50) Replicate supervisor finished 10 replicates in 146.24 seconds.
2016-00-26 13:07:50) Finished 40 work units (ids in range 165 to 204) in the last 25.7 seconds. 350012290 steps in 2.559e+01 seconds (1.368e+07 steps/second).
2016-00-26 13:07:50) Supervisor 0:2 finished.
2016-00-26 13:07:50) Wrote 22 messages (1452 bytes) in the last 25.7 seconds (0.000004 seconds writing). 0 messages (0 bytes) queued. Flushing.
2016-00-26 13:07:50) OutputWriter::HelperThread 0:5 finished.
2016-00-26 13:07:50) OutputWriter 0:3 finished.
2016-00-26 13:07:50) Work unit runner 0:4 finished.
2016-00-26 13:07:50) Resource controller 0:1 finished.
2016-00-26 13:07:50) Closing MPI library.
2016-00-26 13:07:50) Program execution finished.
