Lattice Microbe ES v2016.01.20 build 1 in 64-bit mode with options MPI.
Copyright (C) 2008-2012 Luthey-Schulten Group, University of Illinois at Urbana-Champaign.
Copyright (C) 2012-2016 Roberts Group, Johns Hopkins University.

MPI version 3.0 with thread support MPI_THREAD_MULTIPLE.
Running with 1 process(es).

2016-00-26 13:00:24) Resource controller 0:1 started.
2016-00-26 13:00:24) Supervisor 0:2 started.
2016-00-26 13:00:24) Resource controller 0:1 on xanthus-cp-2 registered with 32 cpu core(s) and 0 gpu device(s).
2016-00-26 13:00:24) Registered resources for host xanthus-cp-2 (defaults=1): 2 cpu cores, 0 gpu devices
2016-00-26 13:00:24) All resources registered with supervisor, starting workers.
2016-00-26 13:00:24) Reserved core 0 on 0:1 for the output writer.
2016-00-26 13:00:24) Creating slot 0 on process (0:1) using resources: xanthus-cp-2; cpu core list:1; gpu device list:<none>.
2016-00-26 13:00:24) OutputWriter 0:3 started.
2016-00-26 13:00:24) OutputWriter::HelperThread 0:4 started.
2016-00-26 13:00:24) Work Unit runner 0:5 started with 1 cpu cores (affinity=0) and 0 gpus.
2016-00-26 13:00:24) Output writer started: 0:3.
2016-00-26 13:00:24) Work unit runner started: 0:5.
2016-00-26 13:00:24) All supervisor workers have started, beginning simulation.
2016-00-26 13:00:24) Replicate supervisor starting simulation.
2016-00-26 13:01:25) Wrote 43 messages (2765 bytes) in the last 60.1 seconds (0.000022 seconds writing). 0 messages (0 bytes) queued. Flushing.
2016-00-26 13:01:25) Finished 80 work units (ids in range 0 to 79) in the last 60.1 seconds. 800000000 steps in 5.993e+01 seconds (1.335e+07 steps/second).
2016-00-26 13:02:25) Wrote 42 messages (2745 bytes) in the last 60.4 seconds (0.000006 seconds writing). 0 messages (0 bytes) queued. Flushing.
2016-00-26 13:02:25) Finished 81 work units (ids in range 80 to 160) in the last 60.4 seconds. 810000000 steps in 6.024e+01 seconds (1.345e+07 steps/second).
2016-00-26 13:02:51) Replicate 1 completed with 1.00e+05 of simulation time using 20 work units.
2016-00-26 13:02:52) Replicate 5 completed with 1.00e+05 of simulation time using 20 work units.
2016-00-26 13:02:53) Replicate 2 completed with 1.00e+05 of simulation time using 20 work units.
2016-00-26 13:02:53) Replicate 8 completed with 1.00e+05 of simulation time using 20 work units.
2016-00-26 13:02:54) Replicate 3 completed with 1.00e+05 of simulation time using 20 work units.
2016-00-26 13:02:54) Replicate 6 completed with 1.00e+05 of simulation time using 21 work units.
2016-00-26 13:02:54) Replicate 4 completed with 1.00e+05 of simulation time using 21 work units.
2016-00-26 13:02:54) Replicate 10 completed with 1.00e+05 of simulation time using 21 work units.
2016-00-26 13:02:54) Replicate 7 completed with 1.00e+05 of simulation time using 21 work units.
2016-00-26 13:02:54) Replicate 9 completed with 1.00e+05 of simulation time using 21 work units.
2016-00-26 13:02:54) Simulation finished.
2016-00-26 13:02:54) Replicate supervisor finished 10 replicates in 149.80 seconds.
2016-00-26 13:02:54) Finished 44 work units (ids in range 161 to 204) in the last 29.3 seconds. 390020587 steps in 2.923e+01 seconds (1.334e+07 steps/second).
2016-00-26 13:02:54) Supervisor 0:2 finished.
2016-00-26 13:02:54) Wrote 25 messages (1650 bytes) in the last 29.3 seconds (0.000004 seconds writing). 0 messages (0 bytes) queued. Flushing.
2016-00-26 13:02:54) OutputWriter::HelperThread 0:4 finished.
2016-00-26 13:02:54) OutputWriter 0:3 finished.
2016-00-26 13:02:54) Work unit runner 0:5 finished.
2016-00-26 13:02:54) Resource controller 0:1 finished.
2016-00-26 13:02:54) Closing MPI library.
2016-00-26 13:02:54) Program execution finished.
