Lattice Microbe v2015.06.29 build 1 in 64-bit mode with options MPI.
Copyright (C) 2008-2012 Luthey-Schulten Group, University of Illinois at Urbana-Champaign.
Copyright (C) 2012-2015 Roberts Group, Johns Hopkins University.

MPI version 3.0 with thread support MPI_THREAD_MULTIPLE.
Running with 1 process(es).

2016-01-08 10:36:50) Resource controller 0:1 started.
2016-01-08 10:36:50) Supervisor 0:2 started.
2016-01-08 10:36:50) Resource controller 0:1 on compute0348 registered with 24 cpu core(s) and 0 gpu device(s).
2016-01-08 10:36:50) Registered resources for host compute0348 (defaults=1): 2 cpu cores, 0 gpu devices
2016-01-08 10:36:50) All resources registered with supervisor, starting workers.
2016-01-08 10:36:50) Reserved core 0 on 0:1 for the output writer.
2016-01-08 10:36:50) Creating slot 0 on process (0:1) using resources: compute0348; cpu core list:1; gpu device list:<none>.
2016-01-08 10:36:50) OutputWriter 0:3 started.
2016-01-08 10:36:50) Work Unit runner 0:5 started with 1 cpu cores (affinity=0) and 0 gpus.
2016-01-08 10:36:50) OutputWriter::HelperThread 0:4 started.
2016-01-08 10:36:50) Output writer started: 0:3.
2016-01-08 10:36:50) Work unit runner started: 0:5.
2016-01-08 10:36:50) All supervisor workers have started, beginning simulation.
2016-01-08 10:36:50) Replicate supervisor starting simulation.
2016-01-08 10:37:51) Wrote 35 messages (2245 bytes) in the last 60.6 seconds (0.000007 seconds writing). 0 messages (0 bytes) queued. Flushing.
2016-01-08 10:37:51) Finished 62 work units (ids in range 0 to 61) in the last 60.6 seconds. 620000000 steps in 6.049e+01 seconds (1.025e+07 steps/second).
2016-01-08 10:38:52) Wrote 33 messages (2145 bytes) in the last 60.8 seconds (0.000007 seconds writing). 0 messages (0 bytes) queued. Flushing.
2016-01-08 10:38:52) Finished 62 work units (ids in range 62 to 123) in the last 60.8 seconds. 620000000 steps in 6.052e+01 seconds (1.025e+07 steps/second).
2016-01-08 10:39:52) Finished 62 work units (ids in range 124 to 185) in the last 60.8 seconds. 620000000 steps in 6.051e+01 seconds (1.025e+07 steps/second).
2016-01-08 10:40:00) Wrote 32 messages (2110 bytes) in the last 68.6 seconds (0.000007 seconds writing). 0 messages (0 bytes) queued. Flushing.
2016-01-08 10:40:00) Replicate 5 completed with 1.00e+05 of simulation time using 20 work units.
2016-01-08 10:40:01) Replicate 6 completed with 1.00e+05 of simulation time using 20 work units.
2016-01-08 10:40:02) Replicate 8 completed with 1.00e+05 of simulation time using 20 work units.
2016-01-08 10:40:03) Replicate 7 completed with 1.00e+05 of simulation time using 20 work units.
2016-01-08 10:40:04) Replicate 3 completed with 1.00e+05 of simulation time using 20 work units.
2016-01-08 10:40:05) Replicate 10 completed with 1.00e+05 of simulation time using 20 work units.
2016-01-08 10:40:06) Replicate 1 completed with 1.00e+05 of simulation time using 20 work units.
2016-01-08 10:40:06) Replicate 9 completed with 1.00e+05 of simulation time using 21 work units.
2016-01-08 10:40:06) Replicate 4 completed with 1.00e+05 of simulation time using 21 work units.
2016-01-08 10:40:06) Replicate 2 completed with 1.00e+05 of simulation time using 21 work units.
2016-01-08 10:40:06) Simulation finished.
2016-01-08 10:40:06) Replicate supervisor finished 10 replicates in 195.90 seconds.
2016-01-08 10:40:06) Finished 17 work units (ids in range 186 to 202) in the last 13.7 seconds. 139951271 steps in 1.366e+01 seconds (1.025e+07 steps/second).
2016-01-08 10:40:06) Supervisor 0:2 finished.
2016-01-08 10:40:06) Wrote 10 messages (660 bytes) in the last 5.9 seconds (0.000002 seconds writing). 0 messages (0 bytes) queued. Flushing.
2016-01-08 10:40:06) OutputWriter::HelperThread 0:4 finished.
2016-01-08 10:40:06) OutputWriter 0:3 finished.
2016-01-08 10:40:06) Work unit runner 0:5 finished.
2016-01-08 10:40:06) Resource controller 0:1 finished.
2016-01-08 10:40:06) Closing MPI library.
2016-01-08 10:40:06) Program execution finished.
