Lattice Microbe ES v2016.01.20 build 1 in 64-bit mode with options MPI.
Copyright (C) 2008-2012 Luthey-Schulten Group, University of Illinois at Urbana-Champaign.
Copyright (C) 2012-2016 Roberts Group, Johns Hopkins University.

MPI version 3.0 with thread support MPI_THREAD_MULTIPLE.
Running with 1 process(es).

2016-00-26 12:16:39) Resource controller 0:1 started.
2016-00-26 12:16:39) Supervisor 0:2 started.
2016-00-26 12:16:39) Resource controller 0:1 on barkeri.local registered with 8 cpu core(s) and 0 gpu device(s).
2016-00-26 12:16:39) Registered resources for host barkeri.local (defaults=1): 2 cpu cores, 0 gpu devices
2016-00-26 12:16:39) All resources registered with supervisor, starting workers.
2016-00-26 12:16:39) Reserved core 0 on 0:1 for the output writer.
2016-00-26 12:16:39) Creating slot 0 on process (0:1) using resources: barkeri.local; cpu core list:1; gpu device list:<none>.
2016-00-26 12:16:39) OutputWriter 0:3 started.
2016-00-26 12:16:39) OutputWriter::HelperThread 0:4 started.
2016-00-26 12:16:39) Work Unit runner 0:5 started with 1 cpu cores (affinity=0) and 0 gpus.
2016-00-26 12:16:39) Output writer started: 0:3.
2016-00-26 12:16:39) Work unit runner started: 0:5.
2016-00-26 12:16:39) All supervisor workers have started, beginning simulation.
2016-00-26 12:16:39) Replicate supervisor starting simulation.
2016-00-26 12:17:39) Finished 105 work units (ids in range 0 to 104) in the last 60.0 seconds. 1050000000 steps in 5.967e+01 seconds (1.760e+07 steps/second).
2016-00-26 12:17:47) Wrote 60 messages (3870 bytes) in the last 67.4 seconds (0.000019 seconds writing). 0 messages (0 bytes) queued. Flushing.
2016-00-26 12:18:31) Replicate 4 completed with 1.00e+05 of simulation time using 20 work units.
2016-00-26 12:18:33) Replicate 5 completed with 1.00e+05 of simulation time using 20 work units.
2016-00-26 12:18:33) Replicate 3 completed with 1.00e+05 of simulation time using 20 work units.
2016-00-26 12:18:34) Replicate 1 completed with 1.00e+05 of simulation time using 20 work units.
2016-00-26 12:18:34) Replicate 9 completed with 1.00e+05 of simulation time using 20 work units.
2016-00-26 12:18:34) Replicate 8 completed with 1.00e+05 of simulation time using 21 work units.
2016-00-26 12:18:34) Replicate 2 completed with 1.00e+05 of simulation time using 21 work units.
2016-00-26 12:18:34) Replicate 7 completed with 1.00e+05 of simulation time using 21 work units.
2016-00-26 12:18:34) Replicate 10 completed with 1.00e+05 of simulation time using 21 work units.
2016-00-26 12:18:34) Replicate 6 completed with 1.00e+05 of simulation time using 21 work units.
2016-00-26 12:18:34) Simulation finished.
2016-00-26 12:18:34) Replicate supervisor finished 10 replicates in 115.09 seconds.
2016-00-26 12:18:34) Finished 100 work units (ids in range 105 to 204) in the last 55.1 seconds. 950009832 steps in 5.479e+01 seconds (1.734e+07 steps/second).
2016-00-26 12:18:34) Supervisor 0:2 finished.
2016-00-26 12:18:34) Wrote 50 messages (3290 bytes) in the last 47.7 seconds (0.000014 seconds writing). 0 messages (0 bytes) queued. Flushing.
2016-00-26 12:18:34) OutputWriter::HelperThread 0:4 finished.
2016-00-26 12:18:34) OutputWriter 0:3 finished.
2016-00-26 12:18:34) Work unit runner 0:5 finished.
2016-00-26 12:18:34) Resource controller 0:1 finished.
2016-00-26 12:18:34) Closing MPI library.
2016-00-26 12:18:34) Program execution finished.
