Lattice Microbe ES v2016.01.20 build 1 in 64-bit mode with options MPI.
Copyright (C) 2008-2012 Luthey-Schulten Group, University of Illinois at Urbana-Champaign.
Copyright (C) 2012-2016 Roberts Group, Johns Hopkins University.

MPI version 3.0 with thread support MPI_THREAD_MULTIPLE.
Running with 1 process(es).

2016-00-26 12:52:58) Resource controller 0:1 started.
2016-00-26 12:52:58) Supervisor 0:2 started.
2016-00-26 12:52:58) Resource controller 0:1 on xanthus-cp-2 registered with 32 cpu core(s) and 0 gpu device(s).
2016-00-26 12:52:58) Registered resources for host xanthus-cp-2 (defaults=1): 2 cpu cores, 0 gpu devices
2016-00-26 12:52:58) All resources registered with supervisor, starting workers.
2016-00-26 12:52:58) Reserved core 0 on 0:1 for the output writer.
2016-00-26 12:52:58) Creating slot 0 on process (0:1) using resources: xanthus-cp-2; cpu core list:1; gpu device list:<none>.
2016-00-26 12:52:58) OutputWriter 0:3 started.
2016-00-26 12:52:58) Work Unit runner 0:4 started with 1 cpu cores (affinity=0) and 0 gpus.
2016-00-26 12:52:58) OutputWriter::HelperThread 0:5 started.
2016-00-26 12:52:58) Output writer started: 0:3.
2016-00-26 12:52:58) Work unit runner started: 0:4.
2016-00-26 12:52:58) All supervisor workers have started, beginning simulation.
2016-00-26 12:52:58) Replicate supervisor starting simulation.
2016-00-26 12:53:59) Wrote 45 messages (2895 bytes) in the last 60.5 seconds (0.000009 seconds writing). 0 messages (0 bytes) queued. Flushing.
2016-00-26 12:53:59) Finished 81 work units (ids in range 0 to 80) in the last 60.5 seconds. 810000000 steps in 6.033e+01 seconds (1.343e+07 steps/second).
2016-00-26 12:54:59) Wrote 42 messages (2747 bytes) in the last 60.5 seconds (0.000007 seconds writing). 0 messages (0 bytes) queued. Flushing.
2016-00-26 12:54:59) Finished 82 work units (ids in range 81 to 162) in the last 60.5 seconds. 820000000 steps in 6.035e+01 seconds (1.359e+07 steps/second).
2016-00-26 12:55:24) Replicate 1 completed with 1.00e+05 of simulation time using 20 work units.
2016-00-26 12:55:25) Replicate 5 completed with 1.00e+05 of simulation time using 20 work units.
2016-00-26 12:55:26) Replicate 9 completed with 1.00e+05 of simulation time using 20 work units.
2016-00-26 12:55:27) Replicate 6 completed with 1.00e+05 of simulation time using 20 work units.
2016-00-26 12:55:27) Replicate 8 completed with 1.00e+05 of simulation time using 21 work units.
2016-00-26 12:55:27) Replicate 7 completed with 1.00e+05 of simulation time using 21 work units.
2016-00-26 12:55:27) Replicate 2 completed with 1.00e+05 of simulation time using 21 work units.
2016-00-26 12:55:27) Replicate 3 completed with 1.00e+05 of simulation time using 21 work units.
2016-00-26 12:55:27) Replicate 10 completed with 1.00e+05 of simulation time using 21 work units.
2016-00-26 12:55:27) Replicate 4 completed with 1.00e+05 of simulation time using 21 work units.
2016-00-26 12:55:27) Simulation finished.
2016-00-26 12:55:27) Replicate supervisor finished 10 replicates in 148.44 seconds.
2016-00-26 12:55:27) Finished 43 work units (ids in range 163 to 205) in the last 27.4 seconds. 370022399 steps in 2.730e+01 seconds (1.356e+07 steps/second).
2016-00-26 12:55:27) Supervisor 0:2 finished.
2016-00-26 12:55:27) Wrote 23 messages (1518 bytes) in the last 27.4 seconds (0.000005 seconds writing). 0 messages (0 bytes) queued. Flushing.
2016-00-26 12:55:27) OutputWriter::HelperThread 0:5 finished.
2016-00-26 12:55:27) OutputWriter 0:3 finished.
2016-00-26 12:55:27) Work unit runner 0:4 finished.
2016-00-26 12:55:27) Resource controller 0:1 finished.
2016-00-26 12:55:27) Closing MPI library.
2016-00-26 12:55:27) Program execution finished.
