Lattice Microbe v2015.06.29 build 1 in 64-bit mode with options MPI.
Copyright (C) 2008-2012 Luthey-Schulten Group, University of Illinois at Urbana-Champaign.
Copyright (C) 2012-2015 Roberts Group, Johns Hopkins University.

MPI version 3.0 with thread support MPI_THREAD_MULTIPLE.
Running with 1 process(es).

2016-01-08 10:23:49) Resource controller 0:1 started.
2016-01-08 10:23:49) Supervisor 0:2 started.
2016-01-08 10:23:49) Resource controller 0:1 on compute0348 registered with 24 cpu core(s) and 0 gpu device(s).
2016-01-08 10:23:49) Registered resources for host compute0348 (defaults=1): 2 cpu cores, 0 gpu devices
2016-01-08 10:23:49) All resources registered with supervisor, starting workers.
2016-01-08 10:23:49) Reserved core 0 on 0:1 for the output writer.
2016-01-08 10:23:49) Creating slot 0 on process (0:1) using resources: compute0348; cpu core list:1; gpu device list:<none>.
2016-01-08 10:23:49) OutputWriter 0:3 started.
2016-01-08 10:23:49) Work Unit runner 0:5 started with 1 cpu cores (affinity=0) and 0 gpus.
2016-01-08 10:23:49) OutputWriter::HelperThread 0:4 started.
2016-01-08 10:23:49) Output writer started: 0:3.
2016-01-08 10:23:49) Work unit runner started: 0:5.
2016-01-08 10:23:49) All supervisor workers have started, beginning simulation.
2016-01-08 10:23:49) Replicate supervisor starting simulation.
2016-01-08 10:24:49) Wrote 35 messages (2245 bytes) in the last 60.5 seconds (0.000008 seconds writing). 0 messages (0 bytes) queued. Flushing.
2016-01-08 10:24:49) Finished 62 work units (ids in range 0 to 61) in the last 60.6 seconds. 620000000 steps in 6.048e+01 seconds (1.025e+07 steps/second).
2016-01-08 10:25:50) Wrote 32 messages (2080 bytes) in the last 60.5 seconds (0.000007 seconds writing). 0 messages (0 bytes) queued. Flushing.
2016-01-08 10:25:50) Finished 62 work units (ids in range 62 to 123) in the last 60.5 seconds. 620000000 steps in 6.049e+01 seconds (1.025e+07 steps/second).
2016-01-08 10:26:50) Finished 62 work units (ids in range 124 to 185) in the last 60.5 seconds. 620000000 steps in 6.048e+01 seconds (1.025e+07 steps/second).
2016-01-08 10:26:58) Wrote 33 messages (2175 bytes) in the last 68.4 seconds (0.000007 seconds writing). 0 messages (0 bytes) queued. Flushing.
2016-01-08 10:26:58) Replicate 4 completed with 1.00e+05 of simulation time using 20 work units.
2016-01-08 10:27:01) Replicate 10 completed with 1.00e+05 of simulation time using 20 work units.
2016-01-08 10:27:02) Replicate 7 completed with 1.00e+05 of simulation time using 20 work units.
2016-01-08 10:27:03) Replicate 6 completed with 1.00e+05 of simulation time using 20 work units.
2016-01-08 10:27:04) Replicate 5 completed with 1.00e+05 of simulation time using 20 work units.
2016-01-08 10:27:04) Replicate 8 completed with 1.00e+05 of simulation time using 21 work units.
2016-01-08 10:27:04) Replicate 9 completed with 1.00e+05 of simulation time using 21 work units.
2016-01-08 10:27:04) Replicate 3 completed with 1.00e+05 of simulation time using 21 work units.
2016-01-08 10:27:04) Replicate 1 completed with 1.00e+05 of simulation time using 21 work units.
2016-01-08 10:27:04) Replicate 2 completed with 1.00e+05 of simulation time using 21 work units.
2016-01-08 10:27:04) Simulation finished.
2016-01-08 10:27:04) Replicate supervisor finished 10 replicates in 195.34 seconds.
2016-01-08 10:27:04) Finished 19 work units (ids in range 186 to 204) in the last 13.7 seconds. 140049817 steps in 1.366e+01 seconds (1.025e+07 steps/second).
2016-01-08 10:27:04) Supervisor 0:2 finished.
2016-01-08 10:27:04) Wrote 10 messages (660 bytes) in the last 5.9 seconds (0.000002 seconds writing). 0 messages (0 bytes) queued. Flushing.
2016-01-08 10:27:04) OutputWriter::HelperThread 0:4 finished.
2016-01-08 10:27:04) OutputWriter 0:3 finished.
2016-01-08 10:27:04) Work unit runner 0:5 finished.
2016-01-08 10:27:04) Resource controller 0:1 finished.
2016-01-08 10:27:04) Closing MPI library.
2016-01-08 10:27:04) Program execution finished.
