Lattice Microbe ES v2016.01.20 build 1 in 64-bit mode with options MPI.
Copyright (C) 2008-2012 Luthey-Schulten Group, University of Illinois at Urbana-Champaign.
Copyright (C) 2012-2016 Roberts Group, Johns Hopkins University.

MPI version 3.0 with thread support MPI_THREAD_MULTIPLE.
Running with 1 process(es).

2016-00-26 12:14:46) Resource controller 0:1 started.
2016-00-26 12:14:46) Supervisor 0:2 started.
2016-00-26 12:14:46) Resource controller 0:1 on barkeri.local registered with 8 cpu core(s) and 0 gpu device(s).
2016-00-26 12:14:46) Registered resources for host barkeri.local (defaults=1): 2 cpu cores, 0 gpu devices
2016-00-26 12:14:46) All resources registered with supervisor, starting workers.
2016-00-26 12:14:46) Reserved core 0 on 0:1 for the output writer.
2016-00-26 12:14:46) Creating slot 0 on process (0:1) using resources: barkeri.local; cpu core list:1; gpu device list:<none>.
2016-00-26 12:14:46) OutputWriter 0:3 started.
2016-00-26 12:14:46) Work Unit runner 0:5 started with 1 cpu cores (affinity=0) and 0 gpus.2016-00-26 12:14:46) 
OutputWriter::HelperThread 0:4 started.
2016-00-26 12:14:46) Output writer started: 0:3.
2016-00-26 12:14:46) Work unit runner started: 0:5.
2016-00-26 12:14:46) All supervisor workers have started, beginning simulation.
2016-00-26 12:14:46) Replicate supervisor starting simulation.
2016-00-26 12:15:46) Finished 106 work units (ids in range 0 to 105) in the last 60.1 seconds. 1060000000 steps in 5.978e+01 seconds (1.773e+07 steps/second).
2016-00-26 12:15:49) Wrote 60 messages (3870 bytes) in the last 63.5 seconds (0.000017 seconds writing). 0 messages (0 bytes) queued. Flushing.
2016-00-26 12:16:36) Replicate 5 completed with 1.00e+05 of simulation time using 20 work units.
2016-00-26 12:16:37) Replicate 2 completed with 1.00e+05 of simulation time using 20 work units.
2016-00-26 12:16:38) Replicate 10 completed with 1.00e+05 of simulation time using 20 work units.
2016-00-26 12:16:38) Replicate 4 completed with 1.00e+05 of simulation time using 20 work units.
2016-00-26 12:16:39) Replicate 3 completed with 1.00e+05 of simulation time using 20 work units.
2016-00-26 12:16:39) Replicate 6 completed with 1.00e+05 of simulation time using 20 work units.
2016-00-26 12:16:39) Replicate 7 completed with 1.00e+05 of simulation time using 21 work units.
2016-00-26 12:16:39) Replicate 1 completed with 1.00e+05 of simulation time using 21 work units.
2016-00-26 12:16:39) Replicate 8 completed with 1.00e+05 of simulation time using 21 work units.
2016-00-26 12:16:39) Replicate 9 completed with 1.00e+05 of simulation time using 21 work units.
2016-00-26 12:16:39) Simulation finished.
2016-00-26 12:16:39) Replicate supervisor finished 10 replicates in 113.35 seconds.
2016-00-26 12:16:39) Finished 98 work units (ids in range 106 to 203) in the last 53.2 seconds. 939914701 steps in 5.296e+01 seconds (1.775e+07 steps/second).
2016-00-26 12:16:39) Supervisor 0:2 finished.
2016-00-26 12:16:39) Wrote 50 messages (3290 bytes) in the last 49.8 seconds (0.000014 seconds writing). 0 messages (0 bytes) queued. Flushing.
2016-00-26 12:16:39) OutputWriter::HelperThread 0:4 finished.
2016-00-26 12:16:39) OutputWriter 0:3 finished.
2016-00-26 12:16:39) Work unit runner 0:5 finished.
2016-00-26 12:16:39) Resource controller 0:1 finished.
2016-00-26 12:16:39) Closing MPI library.
2016-00-26 12:16:39) Program execution finished.
