Lattice Microbe ES v2016.01.20 build 1 in 64-bit mode with options MPI.
Copyright (C) 2008-2012 Luthey-Schulten Group, University of Illinois at Urbana-Champaign.
Copyright (C) 2012-2016 Roberts Group, Johns Hopkins University.

MPI version 3.0 with thread support MPI_THREAD_MULTIPLE.
Running with 1 process(es).

2016-00-26 13:54:22) Resource controller 0:1 started.
2016-00-26 13:54:22) Supervisor 0:2 started.
2016-00-26 13:54:22) Resource controller 0:1 on xanthus-hd-1 registered with 8 cpu core(s) and 0 gpu device(s).
2016-00-26 13:54:22) Registered resources for host xanthus-hd-1 (defaults=1): 2 cpu cores, 0 gpu devices
2016-00-26 13:54:22) All resources registered with supervisor, starting workers.
2016-00-26 13:54:22) Reserved core 0 on 0:1 for the output writer.
2016-00-26 13:54:22) Creating slot 0 on process (0:1) using resources: xanthus-hd-1; cpu core list:1; gpu device list:<none>.
2016-00-26 13:54:22) OutputWriter 0:3 started.
2016-00-26 13:54:22) Work Unit runner 0:5 started with 1 cpu cores (affinity=0) and 0 gpus.
2016-00-26 13:54:22) OutputWriter::HelperThread 0:4 started.
2016-00-26 13:54:22) Output writer started: 0:3.
2016-00-26 13:54:22) Work unit runner started: 0:5.
2016-00-26 13:54:22) All supervisor workers have started, beginning simulation.
2016-00-26 13:54:22) Replicate supervisor starting simulation.
2016-00-26 13:55:22) Wrote 52 messages (3350 bytes) in the last 60.2 seconds (0.000006 seconds writing). 0 messages (0 bytes) queued. Flushing.
2016-00-26 13:55:22) Finished 98 work units (ids in range 0 to 97) in the last 60.2 seconds. 980000000 steps in 5.986e+01 seconds (1.637e+07 steps/second).
2016-00-26 13:56:22) Wrote 48 messages (3150 bytes) in the last 60.2 seconds (0.000005 seconds writing). 0 messages (0 bytes) queued. Flushing.
2016-00-26 13:56:22) Replicate 10 completed with 1.00e+05 of simulation time using 20 work units.
2016-00-26 13:56:22) Finished 98 work units (ids in range 98 to 195) in the last 60.2 seconds. 979978922 steps in 5.985e+01 seconds (1.637e+07 steps/second).
2016-00-26 13:56:23) Replicate 5 completed with 1.00e+05 of simulation time using 20 work units.
2016-00-26 13:56:24) Replicate 6 completed with 1.00e+05 of simulation time using 20 work units.
2016-00-26 13:56:24) Replicate 8 completed with 1.00e+05 of simulation time using 20 work units.
2016-00-26 13:56:25) Replicate 4 completed with 1.00e+05 of simulation time using 20 work units.
2016-00-26 13:56:25) Replicate 7 completed with 1.00e+05 of simulation time using 21 work units.
2016-00-26 13:56:25) Replicate 9 completed with 1.00e+05 of simulation time using 21 work units.
2016-00-26 13:56:25) Replicate 2 completed with 1.00e+05 of simulation time using 21 work units.
2016-00-26 13:56:25) Replicate 1 completed with 1.00e+05 of simulation time using 21 work units.
2016-00-26 13:56:25) Replicate 3 completed with 1.00e+05 of simulation time using 21 work units.
2016-00-26 13:56:25) Simulation finished.
2016-00-26 13:56:25) Replicate supervisor finished 10 replicates in 122.88 seconds.
2016-00-26 13:56:25) Finished 9 work units (ids in range 196 to 204) in the last 2.5 seconds. 40002978 steps in 2.445e+00 seconds (1.636e+07 steps/second).
2016-00-26 13:56:25) Supervisor 0:2 finished.
2016-00-26 13:56:25) Wrote 10 messages (660 bytes) in the last 2.5 seconds (0.000001 seconds writing). 0 messages (0 bytes) queued. Flushing.
2016-00-26 13:56:25) OutputWriter::HelperThread 0:4 finished.
2016-00-26 13:56:25) OutputWriter 0:3 finished.
2016-00-26 13:56:25) Work unit runner 0:5 finished.
2016-00-26 13:56:25) Resource controller 0:1 finished.
2016-00-26 13:56:25) Closing MPI library.
2016-00-26 13:56:25) Program execution finished.
