Lattice Microbe v2015.06.29 build 1 in 64-bit mode with options MPI.
Copyright (C) 2008-2012 Luthey-Schulten Group, University of Illinois at Urbana-Champaign.
Copyright (C) 2012-2015 Roberts Group, Johns Hopkins University.

MPI version 3.0 with thread support MPI_THREAD_MULTIPLE.
Running with 1 process(es).

2016-01-08 10:43:22) Resource controller 0:1 started.
2016-01-08 10:43:22) Supervisor 0:2 started.
2016-01-08 10:43:22) Resource controller 0:1 on compute0348 registered with 24 cpu core(s) and 0 gpu device(s).
2016-01-08 10:43:22) Registered resources for host compute0348 (defaults=1): 2 cpu cores, 0 gpu devices
2016-01-08 10:43:22) All resources registered with supervisor, starting workers.
2016-01-08 10:43:22) Reserved core 0 on 0:1 for the output writer.
2016-01-08 10:43:22) Creating slot 0 on process (0:1) using resources: compute0348; cpu core list:1; gpu device list:<none>.
2016-01-08 10:43:22) OutputWriter 0:3 started.
2016-01-08 10:43:22) Work Unit runner 0:5 started with 1 cpu cores (affinity=0) and 0 gpus.
2016-01-08 10:43:22) OutputWriter::HelperThread 0:4 started.
2016-01-08 10:43:22) Output writer started: 0:3.
2016-01-08 10:43:22) Work unit runner started: 0:5.
2016-01-08 10:43:22) All supervisor workers have started, beginning simulation.
2016-01-08 10:43:22) Replicate supervisor starting simulation.
2016-01-08 10:44:23) Wrote 32 messages (2050 bytes) in the last 60.6 seconds (0.000007 seconds writing). 0 messages (0 bytes) queued. Flushing.
2016-01-08 10:44:23) Finished 62 work units (ids in range 0 to 61) in the last 60.6 seconds. 620000000 steps in 6.050e+01 seconds (1.025e+07 steps/second).
2016-01-08 10:45:23) Wrote 33 messages (2145 bytes) in the last 60.6 seconds (0.000007 seconds writing). 0 messages (0 bytes) queued. Flushing.
2016-01-08 10:45:23) Finished 62 work units (ids in range 62 to 123) in the last 60.6 seconds. 620000000 steps in 6.049e+01 seconds (1.025e+07 steps/second).
2016-01-08 10:46:24) Wrote 32 messages (2107 bytes) in the last 60.6 seconds (0.000007 seconds writing). 0 messages (0 bytes) queued. Flushing.
2016-01-08 10:46:24) Finished 62 work units (ids in range 124 to 185) in the last 60.6 seconds. 620000000 steps in 6.050e+01 seconds (1.025e+07 steps/second).
2016-01-08 10:46:37) Replicate 10 completed with 1.00e+05 of simulation time using 20 work units.
2016-01-08 10:46:37) Replicate 9 completed with 1.00e+05 of simulation time using 21 work units.
2016-01-08 10:46:37) Replicate 5 completed with 1.00e+05 of simulation time using 21 work units.
2016-01-08 10:46:37) Replicate 1 completed with 1.00e+05 of simulation time using 21 work units.
2016-01-08 10:46:37) Replicate 6 completed with 1.00e+05 of simulation time using 21 work units.
2016-01-08 10:46:37) Replicate 4 completed with 1.00e+05 of simulation time using 21 work units.
2016-01-08 10:46:37) Replicate 8 completed with 1.00e+05 of simulation time using 21 work units.
2016-01-08 10:46:37) Replicate 2 completed with 1.00e+05 of simulation time using 21 work units.
2016-01-08 10:46:37) Replicate 3 completed with 1.00e+05 of simulation time using 21 work units.
2016-01-08 10:46:37) Replicate 7 completed with 1.00e+05 of simulation time using 21 work units.
2016-01-08 10:46:37) Simulation finished.
2016-01-08 10:46:37) Replicate supervisor finished 10 replicates in 195.39 seconds.
2016-01-08 10:46:37) Finished 23 work units (ids in range 186 to 208) in the last 13.7 seconds. 140240553 steps in 1.368e+01 seconds (1.025e+07 steps/second).
2016-01-08 10:46:37) Supervisor 0:2 finished.
2016-01-08 10:46:37) Wrote 13 messages (858 bytes) in the last 13.7 seconds (0.000003 seconds writing). 0 messages (0 bytes) queued. Flushing.
2016-01-08 10:46:37) OutputWriter::HelperThread 0:4 finished.
2016-01-08 10:46:37) OutputWriter 0:3 finished.
2016-01-08 10:46:37) Work unit runner 0:5 finished.
2016-01-08 10:46:37) Resource controller 0:1 finished.
2016-01-08 10:46:37) Closing MPI library.
2016-01-08 10:46:37) Program execution finished.
