Lattice Microbe ES v2016.01.20 build 1 in 64-bit mode with options MPI.
Copyright (C) 2008-2012 Luthey-Schulten Group, University of Illinois at Urbana-Champaign.
Copyright (C) 2012-2016 Roberts Group, Johns Hopkins University.

MPI version 3.0 with thread support MPI_THREAD_MULTIPLE.
Running with 1 process(es).

2016-00-26 13:07:50) Resource controller 0:1 started.
2016-00-26 13:07:50) Supervisor 0:2 started.
2016-00-26 13:07:50) Resource controller 0:1 on xanthus-cp-2 registered with 32 cpu core(s) and 0 gpu device(s).
2016-00-26 13:07:50) Registered resources for host xanthus-cp-2 (defaults=1): 2 cpu cores, 0 gpu devices
2016-00-26 13:07:50) All resources registered with supervisor, starting workers.
2016-00-26 13:07:50) Reserved core 0 on 0:1 for the output writer.
2016-00-26 13:07:50) Creating slot 0 on process (0:1) using resources: xanthus-cp-2; cpu core list:1; gpu device list:<none>.
2016-00-26 13:07:50) OutputWriter 0:3 started.
2016-00-26 13:07:50) Work Unit runner 0:4 started with 1 cpu cores (affinity=0) and 0 gpus.
2016-00-26 13:07:50) OutputWriter::HelperThread 0:5 started.
2016-00-26 13:07:50) Output writer started: 0:3.
2016-00-26 13:07:50) Work unit runner started: 0:4.
2016-00-26 13:07:50) All supervisor workers have started, beginning simulation.
2016-00-26 13:07:50) Replicate supervisor starting simulation.
2016-00-26 13:08:50) Wrote 43 messages (2765 bytes) in the last 60.0 seconds (0.000009 seconds writing). 0 messages (0 bytes) queued. Flushing.
2016-00-26 13:08:50) Finished 81 work units (ids in range 0 to 80) in the last 60.0 seconds. 810000000 steps in 5.985e+01 seconds (1.353e+07 steps/second).
2016-00-26 13:09:50) Wrote 43 messages (2811 bytes) in the last 60.4 seconds (0.000006 seconds writing). 0 messages (0 bytes) queued. Flushing.
2016-00-26 13:09:50) Finished 82 work units (ids in range 81 to 162) in the last 60.4 seconds. 820000000 steps in 6.023e+01 seconds (1.361e+07 steps/second).
2016-00-26 13:10:15) Replicate 8 completed with 1.00e+05 of simulation time using 20 work units.
2016-00-26 13:10:15) Replicate 5 completed with 1.00e+05 of simulation time using 20 work units.
2016-00-26 13:10:16) Replicate 7 completed with 1.00e+05 of simulation time using 20 work units.
2016-00-26 13:10:17) Replicate 1 completed with 1.00e+05 of simulation time using 20 work units.
2016-00-26 13:10:18) Replicate 10 completed with 1.00e+05 of simulation time using 20 work units.
2016-00-26 13:10:18) Replicate 6 completed with 1.00e+05 of simulation time using 21 work units.
2016-00-26 13:10:18) Replicate 4 completed with 1.00e+05 of simulation time using 21 work units.
2016-00-26 13:10:18) Replicate 2 completed with 1.00e+05 of simulation time using 21 work units.
2016-00-26 13:10:18) Replicate 3 completed with 1.00e+05 of simulation time using 21 work units.
2016-00-26 13:10:18) Replicate 9 completed with 1.00e+05 of simulation time using 21 work units.
2016-00-26 13:10:18) Simulation finished.
2016-00-26 13:10:18) Replicate supervisor finished 10 replicates in 147.90 seconds.
2016-00-26 13:10:18) Finished 42 work units (ids in range 163 to 204) in the last 27.5 seconds. 370011636 steps in 2.738e+01 seconds (1.351e+07 steps/second).
2016-00-26 13:10:18) Supervisor 0:2 finished.
2016-00-26 13:10:18) Wrote 24 messages (1584 bytes) in the last 27.5 seconds (0.000006 seconds writing). 0 messages (0 bytes) queued. Flushing.
2016-00-26 13:10:18) OutputWriter::HelperThread 0:5 finished.
2016-00-26 13:10:18) OutputWriter 0:3 finished.
2016-00-26 13:10:18) Work unit runner 0:4 finished.
2016-00-26 13:10:18) Resource controller 0:1 finished.
2016-00-26 13:10:18) Closing MPI library.
2016-00-26 13:10:18) Program execution finished.
