Lattice Microbe ES v2016.01.20 build 1 in 64-bit mode with options MPI.
Copyright (C) 2008-2012 Luthey-Schulten Group, University of Illinois at Urbana-Champaign.
Copyright (C) 2012-2016 Roberts Group, Johns Hopkins University.

MPI version 3.0 with thread support MPI_THREAD_MULTIPLE.
Running with 1 process(es).

2016-00-26 12:28:03) Resource controller 0:1 started.
2016-00-26 12:28:03) Supervisor 0:2 started.
2016-00-26 12:28:03) Resource controller 0:1 on barkeri.local registered with 8 cpu core(s) and 0 gpu device(s).
2016-00-26 12:28:03) Registered resources for host barkeri.local (defaults=1): 2 cpu cores, 0 gpu devices
2016-00-26 12:28:03) All resources registered with supervisor, starting workers.
2016-00-26 12:28:03) Reserved core 0 on 0:1 for the output writer.
2016-00-26 12:28:03) Creating slot 0 on process (0:1) using resources: barkeri.local; cpu core list:1; gpu device list:<none>.
2016-00-26 12:28:03) OutputWriter 0:3 started.
2016-00-26 12:28:03) Work Unit runner 0:5 started with 1 cpu cores (affinity=0) and 0 gpus.2016-00-26 12:28:03) 
OutputWriter::HelperThread 0:4 started.
2016-00-26 12:28:03) Output writer started: 0:3.
2016-00-26 12:28:03) Work unit runner started: 0:5.
2016-00-26 12:28:03) All supervisor workers have started, beginning simulation.
2016-00-26 12:28:03) Replicate supervisor starting simulation.
2016-00-26 12:29:03) Wrote 57 messages (3675 bytes) in the last 60.0 seconds (0.000015 seconds writing). 0 messages (0 bytes) queued. Flushing.
2016-00-26 12:29:03) Finished 106 work units (ids in range 0 to 105) in the last 60.1 seconds. 1060000000 steps in 5.973e+01 seconds (1.775e+07 steps/second).
2016-00-26 12:29:55) Replicate 6 completed with 1.00e+05 of simulation time using 20 work units.
2016-00-26 12:29:55) Replicate 9 completed with 1.00e+05 of simulation time using 20 work units.
2016-00-26 12:29:56) Replicate 4 completed with 1.00e+05 of simulation time using 20 work units.
2016-00-26 12:29:56) Replicate 7 completed with 1.00e+05 of simulation time using 20 work units.
2016-00-26 12:29:56) Replicate 10 completed with 1.00e+05 of simulation time using 21 work units.
2016-00-26 12:29:56) Replicate 8 completed with 1.00e+05 of simulation time using 21 work units.
2016-00-26 12:29:56) Replicate 2 completed with 1.00e+05 of simulation time using 21 work units.
2016-00-26 12:29:56) Replicate 5 completed with 1.00e+05 of simulation time using 21 work units.
2016-00-26 12:29:56) Replicate 3 completed with 1.00e+05 of simulation time using 21 work units.
2016-00-26 12:29:56) Replicate 1 completed with 1.00e+05 of simulation time using 21 work units.
2016-00-26 12:29:56) Simulation finished.
2016-00-26 12:29:56) Replicate supervisor finished 10 replicates in 113.32 seconds.
2016-00-26 12:29:56) Finished 100 work units (ids in range 106 to 205) in the last 53.3 seconds. 940079755 steps in 5.296e+01 seconds (1.775e+07 steps/second).
2016-00-26 12:29:56) Supervisor 0:2 finished.
2016-00-26 12:29:56) Wrote 53 messages (3486 bytes) in the last 53.3 seconds (0.000014 seconds writing). 0 messages (0 bytes) queued. Flushing.
2016-00-26 12:29:56) OutputWriter::HelperThread 0:4 finished.
2016-00-26 12:29:56) OutputWriter 0:3 finished.
2016-00-26 12:29:56) Work unit runner 0:5 finished.
2016-00-26 12:29:56) Resource controller 0:1 finished.
2016-00-26 12:29:56) Closing MPI library.
2016-00-26 12:29:56) Program execution finished.
