Lattice Microbe ES v2016.01.20 build 1 in 64-bit mode with options MPI.
Copyright (C) 2008-2012 Luthey-Schulten Group, University of Illinois at Urbana-Champaign.
Copyright (C) 2012-2016 Roberts Group, Johns Hopkins University.

MPI version 3.0 with thread support MPI_THREAD_MULTIPLE.
Running with 1 process(es).

2016-00-26 13:15:22) Resource controller 0:1 started.
2016-00-26 13:15:22) Supervisor 0:2 started.
2016-00-26 13:15:22) Resource controller 0:1 on xanthus-cp-2 registered with 32 cpu core(s) and 0 gpu device(s).
2016-00-26 13:15:22) Registered resources for host xanthus-cp-2 (defaults=1): 2 cpu cores, 0 gpu devices
2016-00-26 13:15:22) All resources registered with supervisor, starting workers.
2016-00-26 13:15:22) Reserved core 0 on 0:1 for the output writer.
2016-00-26 13:15:22) Creating slot 0 on process (0:1) using resources: xanthus-cp-2; cpu core list:1; gpu device list:<none>.
2016-00-26 13:15:22) OutputWriter 0:3 started.
2016-00-26 13:15:22) OutputWriter::HelperThread 0:4 started.
2016-00-26 13:15:22) Work Unit runner 0:5 started with 1 cpu cores (affinity=0) and 0 gpus.
2016-00-26 13:15:22) Output writer started: 0:3.
2016-00-26 13:15:22) Work unit runner started: 0:5.
2016-00-26 13:15:22) All supervisor workers have started, beginning simulation.
2016-00-26 13:15:22) Replicate supervisor starting simulation.
2016-00-26 13:16:22) Wrote 46 messages (2960 bytes) in the last 60.1 seconds (0.000009 seconds writing). 0 messages (0 bytes) queued. Flushing.
2016-00-26 13:16:22) Finished 80 work units (ids in range 0 to 79) in the last 60.1 seconds. 800000000 steps in 5.991e+01 seconds (1.335e+07 steps/second).
2016-00-26 13:17:22) Wrote 39 messages (2550 bytes) in the last 60.6 seconds (0.000006 seconds writing). 0 messages (0 bytes) queued. Flushing.
2016-00-26 13:17:22) Finished 81 work units (ids in range 80 to 160) in the last 60.6 seconds. 810000000 steps in 6.047e+01 seconds (1.339e+07 steps/second).
2016-00-26 13:17:48) Replicate 8 completed with 1.00e+05 of simulation time using 20 work units.
2016-00-26 13:17:49) Replicate 4 completed with 1.00e+05 of simulation time using 20 work units.
2016-00-26 13:17:50) Replicate 2 completed with 1.00e+05 of simulation time using 20 work units.
2016-00-26 13:17:50) Replicate 1 completed with 1.00e+05 of simulation time using 20 work units.
2016-00-26 13:17:51) Replicate 7 completed with 1.00e+05 of simulation time using 20 work units.
2016-00-26 13:17:51) Replicate 3 completed with 1.00e+05 of simulation time using 21 work units.
2016-00-26 13:17:51) Replicate 10 completed with 1.00e+05 of simulation time using 21 work units.
2016-00-26 13:17:51) Replicate 6 completed with 1.00e+05 of simulation time using 21 work units.
2016-00-26 13:17:51) Replicate 9 completed with 1.00e+05 of simulation time using 21 work units.
2016-00-26 13:17:51) Replicate 5 completed with 1.00e+05 of simulation time using 21 work units.
2016-00-26 13:17:51) Simulation finished.
2016-00-26 13:17:51) Replicate supervisor finished 10 replicates in 149.59 seconds.
2016-00-26 13:17:51) Finished 44 work units (ids in range 161 to 204) in the last 28.9 seconds. 389977210 steps in 2.882e+01 seconds (1.353e+07 steps/second).
2016-00-26 13:17:51) Supervisor 0:2 finished.
2016-00-26 13:17:51) Wrote 25 messages (1650 bytes) in the last 28.9 seconds (0.000006 seconds writing). 0 messages (0 bytes) queued. Flushing.
2016-00-26 13:17:51) OutputWriter::HelperThread 0:4 finished.
2016-00-26 13:17:51) OutputWriter 0:3 finished.
2016-00-26 13:17:51) Work unit runner 0:5 finished.
2016-00-26 13:17:51) Resource controller 0:1 finished.
2016-00-26 13:17:51) Closing MPI library.
2016-00-26 13:17:51) Program execution finished.
