Lattice Microbe v2015.06.29 build 1 in 64-bit mode with options MPI.
Copyright (C) 2008-2012 Luthey-Schulten Group, University of Illinois at Urbana-Champaign.
Copyright (C) 2012-2015 Roberts Group, Johns Hopkins University.

MPI version 3.0 with thread support MPI_THREAD_MULTIPLE.
Running with 1 process(es).

2016-01-08 10:46:37) Resource controller 0:1 started.
2016-01-08 10:46:37) Supervisor 0:2 started.
2016-01-08 10:46:37) Resource controller 0:1 on compute0348 registered with 24 cpu core(s) and 0 gpu device(s).
2016-01-08 10:46:37) Registered resources for host compute0348 (defaults=1): 2 cpu cores, 0 gpu devices
2016-01-08 10:46:37) All resources registered with supervisor, starting workers.
2016-01-08 10:46:37) Reserved core 0 on 0:1 for the output writer.
2016-01-08 10:46:37) Creating slot 0 on process (0:1) using resources: compute0348; cpu core list:1; gpu device list:<none>.
2016-01-08 10:46:37) OutputWriter 0:3 started.
2016-01-08 10:46:37) Work Unit runner 0:5 started with 1 cpu cores (affinity=0) and 0 gpus.
2016-01-08 10:46:37) OutputWriter::HelperThread 0:4 started.
2016-01-08 10:46:37) Output writer started: 0:3.
2016-01-08 10:46:37) Work unit runner started: 0:5.
2016-01-08 10:46:37) All supervisor workers have started, beginning simulation.
2016-01-08 10:46:37) Replicate supervisor starting simulation.
2016-01-08 10:47:38) Wrote 37 messages (2375 bytes) in the last 60.6 seconds (0.000008 seconds writing). 0 messages (0 bytes) queued. Flushing.
2016-01-08 10:47:38) Finished 62 work units (ids in range 0 to 61) in the last 60.6 seconds. 620000000 steps in 6.050e+01 seconds (1.025e+07 steps/second).
2016-01-08 10:48:39) Wrote 31 messages (2015 bytes) in the last 60.5 seconds (0.000006 seconds writing). 0 messages (0 bytes) queued. Flushing.
2016-01-08 10:48:39) Finished 62 work units (ids in range 62 to 123) in the last 60.5 seconds. 620000000 steps in 6.050e+01 seconds (1.025e+07 steps/second).
2016-01-08 10:49:39) Finished 62 work units (ids in range 124 to 185) in the last 60.5 seconds. 620000000 steps in 6.051e+01 seconds (1.025e+07 steps/second).
2016-01-08 10:49:49) Wrote 32 messages (2110 bytes) in the last 70.3 seconds (0.000007 seconds writing). 0 messages (0 bytes) queued. Flushing.
2016-01-08 10:49:49) Replicate 1 completed with 1.00e+05 of simulation time using 20 work units.
2016-01-08 10:49:50) Replicate 7 completed with 1.00e+05 of simulation time using 20 work units.
2016-01-08 10:49:51) Replicate 10 completed with 1.00e+05 of simulation time using 20 work units.
2016-01-08 10:49:52) Replicate 5 completed with 1.00e+05 of simulation time using 20 work units.
2016-01-08 10:49:53) Replicate 4 completed with 1.00e+05 of simulation time using 20 work units.
2016-01-08 10:49:53) Replicate 9 completed with 1.00e+05 of simulation time using 21 work units.
2016-01-08 10:49:53) Replicate 3 completed with 1.00e+05 of simulation time using 21 work units.
2016-01-08 10:49:53) Replicate 8 completed with 1.00e+05 of simulation time using 21 work units.
2016-01-08 10:49:53) Replicate 2 completed with 1.00e+05 of simulation time using 21 work units.
2016-01-08 10:49:53) Replicate 6 completed with 1.00e+05 of simulation time using 21 work units.
2016-01-08 10:49:53) Simulation finished.
2016-01-08 10:49:53) Replicate supervisor finished 10 replicates in 195.34 seconds.
2016-01-08 10:49:53) Finished 19 work units (ids in range 186 to 204) in the last 13.7 seconds. 139980013 steps in 1.366e+01 seconds (1.025e+07 steps/second).
2016-01-08 10:49:53) Supervisor 0:2 finished.
2016-01-08 10:49:53) Wrote 10 messages (660 bytes) in the last 3.9 seconds (0.000002 seconds writing). 0 messages (0 bytes) queued. Flushing.
2016-01-08 10:49:53) OutputWriter::HelperThread 0:4 finished.
2016-01-08 10:49:53) OutputWriter 0:3 finished.
2016-01-08 10:49:53) Work unit runner 0:5 finished.
2016-01-08 10:49:53) Resource controller 0:1 finished.
2016-01-08 10:49:53) Closing MPI library.
2016-01-08 10:49:53) Program execution finished.
