Lattice Microbe ES v2016.01.20 build 1 in 64-bit mode with options MPI.
Copyright (C) 2008-2012 Luthey-Schulten Group, University of Illinois at Urbana-Champaign.
Copyright (C) 2012-2016 Roberts Group, Johns Hopkins University.

MPI version 3.0 with thread support MPI_THREAD_MULTIPLE.
Running with 1 process(es).

2016-00-26 13:10:18) Resource controller 0:1 started.
2016-00-26 13:10:18) Supervisor 0:2 started.
2016-00-26 13:10:18) Resource controller 0:1 on xanthus-cp-2 registered with 32 cpu core(s) and 0 gpu device(s).
2016-00-26 13:10:18) Registered resources for host xanthus-cp-2 (defaults=1): 2 cpu cores, 0 gpu devices
2016-00-26 13:10:18) All resources registered with supervisor, starting workers.
2016-00-26 13:10:18) Reserved core 0 on 0:1 for the output writer.
2016-00-26 13:10:18) Creating slot 0 on process (0:1) using resources: xanthus-cp-2; cpu core list:1; gpu device list:<none>.
2016-00-26 13:10:18) OutputWriter 0:3 started.
2016-00-26 13:10:18) OutputWriter::HelperThread 0:4 started.
2016-00-26 13:10:18) Work Unit runner 0:5 started with 1 cpu cores (affinity=0) and 0 gpus.
2016-00-26 13:10:18) Output writer started: 0:3.
2016-00-26 13:10:18) Work unit runner started: 0:5.
2016-00-26 13:10:18) All supervisor workers have started, beginning simulation.
2016-00-26 13:10:18) Replicate supervisor starting simulation.
2016-00-26 13:11:18) Wrote 46 messages (2960 bytes) in the last 60.5 seconds (0.000018 seconds writing). 0 messages (0 bytes) queued. Flushing.
2016-00-26 13:11:18) Finished 81 work units (ids in range 0 to 80) in the last 60.5 seconds. 810000000 steps in 6.035e+01 seconds (1.342e+07 steps/second).
2016-00-26 13:12:19) Wrote 38 messages (2484 bytes) in the last 60.4 seconds (0.000016 seconds writing). 0 messages (0 bytes) queued. Flushing.
2016-00-26 13:12:19) Finished 81 work units (ids in range 81 to 161) in the last 60.4 seconds. 810000000 steps in 6.025e+01 seconds (1.344e+07 steps/second).
2016-00-26 13:12:46) Replicate 2 completed with 1.00e+05 of simulation time using 20 work units.
2016-00-26 13:12:46) Replicate 8 completed with 1.00e+05 of simulation time using 20 work units.
2016-00-26 13:12:47) Replicate 4 completed with 1.00e+05 of simulation time using 20 work units.
2016-00-26 13:12:47) Replicate 7 completed with 1.00e+05 of simulation time using 21 work units.
2016-00-26 13:12:47) Replicate 6 completed with 1.00e+05 of simulation time using 21 work units.
2016-00-26 13:12:47) Replicate 5 completed with 1.00e+05 of simulation time using 21 work units.
2016-00-26 13:12:47) Replicate 9 completed with 1.00e+05 of simulation time using 21 work units.
2016-00-26 13:12:47) Replicate 3 completed with 1.00e+05 of simulation time using 21 work units.
2016-00-26 13:12:47) Replicate 10 completed with 1.00e+05 of simulation time using 21 work units.
2016-00-26 13:12:47) Replicate 1 completed with 1.00e+05 of simulation time using 21 work units.
2016-00-26 13:12:47) Simulation finished.
2016-00-26 13:12:47) Replicate supervisor finished 10 replicates in 149.22 seconds.
2016-00-26 13:12:47) Finished 45 work units (ids in range 162 to 206) in the last 28.4 seconds. 380057618 steps in 2.827e+01 seconds (1.344e+07 steps/second).
2016-00-26 13:12:47) Supervisor 0:2 finished.
2016-00-26 13:12:47) Wrote 26 messages (1716 bytes) in the last 28.4 seconds (0.000011 seconds writing). 0 messages (0 bytes) queued. Flushing.
2016-00-26 13:12:47) OutputWriter::HelperThread 0:4 finished.
2016-00-26 13:12:47) OutputWriter 0:3 finished.
2016-00-26 13:12:47) Work unit runner 0:5 finished.
2016-00-26 13:12:47) Resource controller 0:1 finished.
2016-00-26 13:12:47) Closing MPI library.
2016-00-26 13:12:47) Program execution finished.
