Lattice Microbe ES v2016.01.20 build 1 in 64-bit mode with options MPI AVX.
Copyright (C) 2008-2012 Luthey-Schulten Group, University of Illinois at Urbana-Champaign.
Copyright (C) 2012-2016 Roberts Group, Johns Hopkins University.

MPI version 3.0 with thread support MPI_THREAD_MULTIPLE.
Running with 1 process(es).

2016-01-10 12:31:09) Resource controller 0:1 started.
2016-01-10 12:31:09) Supervisor 0:2 started.
2016-01-10 12:31:09) Resource controller 0:1 on barkeri.bph.jhu.edu registered with 8 cpu core(s) and 0 gpu device(s).
2016-01-10 12:31:09) Registered resources for host barkeri.bph.jhu.edu (defaults=1): 2 cpu cores, 0 gpu devices
2016-01-10 12:31:09) All resources registered with supervisor, starting workers.
2016-01-10 12:31:09) Reserved core 0 on 0:1 for the output writer.
2016-01-10 12:31:09) Creating slot 0 on process (0:1) using resources: barkeri.bph.jhu.edu; cpu core list:1; gpu device list:<none>.
2016-01-10 12:31:09) OutputWriter 0:3 started.
2016-01-10 12:31:09) OutputWriter::HelperThread 0:4 started.
2016-01-10 12:31:09) Work Unit runner 0:5 started with 1 cpu cores (affinity=0) and 0 gpus.
2016-01-10 12:31:09) Output writer started: 0:3.
2016-01-10 12:31:09) Work unit runner started: 0:5.
2016-01-10 12:31:09) All supervisor workers have started, beginning simulation.
2016-01-10 12:31:09) Replicate supervisor starting simulation.
2016-01-10 12:31:09) Simulation started.
2016-01-10 12:32:10) Wrote 38 messages (10311 bytes) in the last 60.7 seconds (0.000464 seconds writing). 0 messages (0 bytes) queued. Flushing.
2016-01-10 12:32:10) Finished 39 work units (ids in range 0 to 38) with 156 parts in the last 60.7 seconds. 1560000000 steps in 6.056e+01 seconds (2.576e+07 steps/second).
2016-01-10 12:32:18) Replicate 7 completed with 1.00e+05 of simulation time using 12 work units.
2016-01-10 12:32:18) Replicate 5 completed with 1.00e+05 of simulation time using 12 work units.
2016-01-10 12:32:18) Replicate 4 completed with 1.00e+05 of simulation time using 12 work units.
2016-01-10 12:32:18) Replicate 13 completed with 1.00e+05 of simulation time using 12 work units.
2016-01-10 12:32:18) Replicate 14 completed with 1.00e+05 of simulation time using 13 work units.
2016-01-10 12:32:18) Replicate 6 completed with 1.00e+05 of simulation time using 13 work units.
2016-01-10 12:32:18) Replicate 11 completed with 1.00e+05 of simulation time using 13 work units.
2016-01-10 12:32:18) Replicate 15 completed with 1.00e+05 of simulation time using 13 work units.
2016-01-10 12:32:18) Replicate 8 completed with 1.00e+05 of simulation time using 14 work units.
2016-01-10 12:32:18) Replicate 3 completed with 1.00e+05 of simulation time using 16 work units.
2016-01-10 12:32:18) Replicate 10 completed with 1.00e+05 of simulation time using 14 work units.
2016-01-10 12:32:18) Replicate 9 completed with 1.00e+05 of simulation time using 16 work units.
2016-01-10 12:32:18) Replicate 12 completed with 1.00e+05 of simulation time using 16 work units.
2016-01-10 12:32:18) GillespieDSolverAVX started without a full set of trajectories, running trajectory 16 with the GillespieDSolver.
2016-01-10 12:32:18) GillespieDSolverAVX started without a full set of trajectories, running trajectory 1 with the GillespieDSolver.
2016-01-10 12:32:18) GillespieDSolverAVX started without a full set of trajectories, running trajectory 2 with the GillespieDSolver.
2016-01-10 12:32:18) Replicate 16 completed with 1.00e+05 of simulation time using 19 work units.
2016-01-10 12:32:18) Replicate 1 completed with 1.00e+05 of simulation time using 18 work units.
2016-01-10 12:32:18) Replicate 2 completed with 1.00e+05 of simulation time using 18 work units.
2016-01-10 12:32:18) Replicate supervisor finished 16 replicates in 68.79 seconds.
2016-01-10 12:32:18) Simulation finished.
2016-01-10 12:32:18) Finished 19 work units (ids in range 39 to 57) with 75 parts in the last 8.1 seconds. 200706189 steps in 8.001e+00 seconds (2.509e+07 steps/second).
2016-01-10 12:32:18) Supervisor 0:2 finished.
2016-01-10 12:32:18) Wrote 18 messages (29965 bytes) in the last 8.1 seconds (0.000206 seconds writing). 0 messages (0 bytes) queued. Flushing.
2016-01-10 12:32:18) OutputWriter::HelperThread 0:4 finished.
2016-01-10 12:32:18) OutputWriter 0:3 finished.
2016-01-10 12:32:18) Work unit runner 0:5 finished.
2016-01-10 12:32:18) Resource controller 0:1 finished.
2016-01-10 12:32:18) Closing MPI library.
2016-01-10 12:32:18) Program execution finished.
