Lattice Microbe ES v2016.01.20 build 1 in 64-bit mode with options MPI AVX.
Copyright (C) 2008-2012 Luthey-Schulten Group, University of Illinois at Urbana-Champaign.
Copyright (C) 2012-2016 Roberts Group, Johns Hopkins University.

MPI version 3.0 with thread support MPI_THREAD_MULTIPLE.
Running with 1 process(es).

2016-01-10 12:32:18) Resource controller 0:1 started.
2016-01-10 12:32:18) Supervisor 0:2 started.
2016-01-10 12:32:18) Resource controller 0:1 on barkeri.bph.jhu.edu registered with 8 cpu core(s) and 0 gpu device(s).
2016-01-10 12:32:18) Registered resources for host barkeri.bph.jhu.edu (defaults=1): 2 cpu cores, 0 gpu devices
2016-01-10 12:32:18) All resources registered with supervisor, starting workers.
2016-01-10 12:32:18) Reserved core 0 on 0:1 for the output writer.
2016-01-10 12:32:18) Creating slot 0 on process (0:1) using resources: barkeri.bph.jhu.edu; cpu core list:1; gpu device list:<none>.
2016-01-10 12:32:18) OutputWriter 0:3 started.
2016-01-10 12:32:18) OutputWriter::HelperThread 0:4 started.
2016-01-10 12:32:18) Work Unit runner 0:5 started with 1 cpu cores (affinity=0) and 0 gpus.
2016-01-10 12:32:18) Output writer started: 0:3.
2016-01-10 12:32:18) Work unit runner started: 0:5.
2016-01-10 12:32:18) All supervisor workers have started, beginning simulation.
2016-01-10 12:32:18) Replicate supervisor starting simulation.
2016-01-10 12:32:18) Simulation started.
2016-01-10 12:33:19) Wrote 37 messages (10021 bytes) in the last 60.9 seconds (0.000474 seconds writing). 0 messages (0 bytes) queued. Flushing.
2016-01-10 12:33:19) Finished 38 work units (ids in range 0 to 37) with 152 parts in the last 60.9 seconds. 1520000000 steps in 6.076e+01 seconds (2.502e+07 steps/second).
2016-01-10 12:33:28) Replicate 6 completed with 1.00e+05 of simulation time using 12 work units.
2016-01-10 12:33:28) Replicate 4 completed with 1.00e+05 of simulation time using 12 work units.
2016-01-10 12:33:28) Replicate 2 completed with 1.00e+05 of simulation time using 12 work units.
2016-01-10 12:33:28) Replicate 15 completed with 1.00e+05 of simulation time using 12 work units.
2016-01-10 12:33:28) Replicate 10 completed with 1.00e+05 of simulation time using 13 work units.
2016-01-10 12:33:28) Replicate 5 completed with 1.00e+05 of simulation time using 14 work units.
2016-01-10 12:33:28) Replicate 7 completed with 1.00e+05 of simulation time using 13 work units.
2016-01-10 12:33:28) Replicate 12 completed with 1.00e+05 of simulation time using 13 work units.
2016-01-10 12:33:28) Replicate 9 completed with 1.00e+05 of simulation time using 14 work units.
2016-01-10 12:33:28) Replicate 8 completed with 1.00e+05 of simulation time using 14 work units.
2016-01-10 12:33:28) Replicate 14 completed with 1.00e+05 of simulation time using 13 work units.
2016-01-10 12:33:28) Replicate 1 completed with 1.00e+05 of simulation time using 15 work units.
2016-01-10 12:33:28) Replicate 16 completed with 1.00e+05 of simulation time using 16 work units.
2016-01-10 12:33:28) GillespieDSolverAVX started without a full set of trajectories, running trajectory 11 with the GillespieDSolver.
2016-01-10 12:33:28) GillespieDSolverAVX started without a full set of trajectories, running trajectory 13 with the GillespieDSolver.
2016-01-10 12:33:28) GillespieDSolverAVX started without a full set of trajectories, running trajectory 3 with the GillespieDSolver.
2016-01-10 12:33:28) Replicate 11 completed with 1.00e+05 of simulation time using 22 work units.
2016-01-10 12:33:28) Replicate 13 completed with 1.00e+05 of simulation time using 17 work units.
2016-01-10 12:33:28) Replicate 3 completed with 1.00e+05 of simulation time using 19 work units.
2016-01-10 12:33:28) Replicate supervisor finished 16 replicates in 70.33 seconds.
2016-01-10 12:33:28) Simulation finished.
2016-01-10 12:33:28) Finished 20 work units (ids in range 38 to 57) with 79 parts in the last 9.4 seconds. 240736657 steps in 9.336e+00 seconds (2.579e+07 steps/second).
2016-01-10 12:33:28) Supervisor 0:2 finished.
2016-01-10 12:33:28) Wrote 19 messages (30746 bytes) in the last 9.4 seconds (0.000223 seconds writing). 0 messages (0 bytes) queued. Flushing.
2016-01-10 12:33:28) OutputWriter::HelperThread 0:4 finished.
2016-01-10 12:33:28) OutputWriter 0:3 finished.
2016-01-10 12:33:28) Work unit runner 0:5 finished.
2016-01-10 12:33:28) Resource controller 0:1 finished.
2016-01-10 12:33:28) Closing MPI library.
2016-01-10 12:33:28) Program execution finished.
