Lattice Microbe ES v2016.01.20 build 1 in 64-bit mode with options MPI AVX.
Copyright (C) 2008-2012 Luthey-Schulten Group, University of Illinois at Urbana-Champaign.
Copyright (C) 2012-2016 Roberts Group, Johns Hopkins University.

MPI version 3.0 with thread support MPI_THREAD_MULTIPLE.
Running with 1 process(es).

2016-01-10 12:39:29) Resource controller 0:1 started.
2016-01-10 12:39:29) Supervisor 0:2 started.
2016-01-10 12:39:29) Resource controller 0:1 on barkeri.bph.jhu.edu registered with 8 cpu core(s) and 0 gpu device(s).
2016-01-10 12:39:29) Registered resources for host barkeri.bph.jhu.edu (defaults=1): 2 cpu cores, 0 gpu devices
2016-01-10 12:39:29) All resources registered with supervisor, starting workers.
2016-01-10 12:39:29) Reserved core 0 on 0:1 for the output writer.
2016-01-10 12:39:29) Creating slot 0 on process (0:1) using resources: barkeri.bph.jhu.edu; cpu core list:1; gpu device list:<none>.
2016-01-10 12:39:29) OutputWriter 0:3 started.
2016-01-10 12:39:29) OutputWriter::HelperThread 0:4 started.
2016-01-10 12:39:29) Work Unit runner 0:5 started with 1 cpu cores (affinity=0) and 0 gpus.
2016-01-10 12:39:29) Output writer started: 0:3.
2016-01-10 12:39:29) Work unit runner started: 0:5.
2016-01-10 12:39:29) All supervisor workers have started, beginning simulation.
2016-01-10 12:39:29) Replicate supervisor starting simulation.
2016-01-10 12:39:29) Simulation started.
2016-01-10 12:40:29) Wrote 35 messages (9483 bytes) in the last 60.5 seconds (0.000522 seconds writing). 0 messages (0 bytes) queued. Flushing.
2016-01-10 12:40:29) Finished 36 work units (ids in range 0 to 35) with 144 parts in the last 60.5 seconds. 1440000000 steps in 6.037e+01 seconds (2.385e+07 steps/second).
2016-01-10 12:40:42) Replicate 8 completed with 1.00e+05 of simulation time using 12 work units.
2016-01-10 12:40:42) Replicate 7 completed with 1.00e+05 of simulation time using 12 work units.
2016-01-10 12:40:42) Replicate 14 completed with 1.00e+05 of simulation time using 12 work units.
2016-01-10 12:40:42) Replicate 4 completed with 1.00e+05 of simulation time using 12 work units.
2016-01-10 12:40:42) Replicate 15 completed with 1.00e+05 of simulation time using 13 work units.
2016-01-10 12:40:42) Replicate 2 completed with 1.00e+05 of simulation time using 13 work units.
2016-01-10 12:40:42) Replicate 3 completed with 1.00e+05 of simulation time using 13 work units.
2016-01-10 12:40:42) Replicate 9 completed with 1.00e+05 of simulation time using 13 work units.
2016-01-10 12:40:42) Replicate 1 completed with 1.00e+05 of simulation time using 14 work units.
2016-01-10 12:40:42) Replicate 5 completed with 1.00e+05 of simulation time using 15 work units.
2016-01-10 12:40:42) Replicate 6 completed with 1.00e+05 of simulation time using 16 work units.
2016-01-10 12:40:42) Replicate 13 completed with 1.00e+05 of simulation time using 16 work units.
2016-01-10 12:40:42) Replicate 11 completed with 1.00e+05 of simulation time using 17 work units.
2016-01-10 12:40:42) GillespieDSolverAVX started without a full set of trajectories, running trajectory 16 with the GillespieDSolver.
2016-01-10 12:40:42) GillespieDSolverAVX started without a full set of trajectories, running trajectory 10 with the GillespieDSolver.
2016-01-10 12:40:42) GillespieDSolverAVX started without a full set of trajectories, running trajectory 12 with the GillespieDSolver.
2016-01-10 12:40:42) Replicate 16 completed with 1.00e+05 of simulation time using 16 work units.
2016-01-10 12:40:42) Replicate 10 completed with 1.00e+05 of simulation time using 20 work units.
2016-01-10 12:40:42) Replicate 12 completed with 1.00e+05 of simulation time using 17 work units.
2016-01-10 12:40:42) Replicate supervisor finished 16 replicates in 73.65 seconds.
2016-01-10 12:40:42) Simulation finished.
2016-01-10 12:40:42) Finished 22 work units (ids in range 36 to 57) with 87 parts in the last 13.2 seconds. 320754981 steps in 1.306e+01 seconds (2.456e+07 steps/second).
2016-01-10 12:40:42) Supervisor 0:2 finished.
2016-01-10 12:40:42) Wrote 21 messages (30979 bytes) in the last 13.2 seconds (0.000246 seconds writing). 0 messages (0 bytes) queued. Flushing.
2016-01-10 12:40:42) OutputWriter::HelperThread 0:4 finished.
2016-01-10 12:40:42) OutputWriter 0:3 finished.
2016-01-10 12:40:42) Work unit runner 0:5 finished.
2016-01-10 12:40:42) Resource controller 0:1 finished.
2016-01-10 12:40:42) Closing MPI library.
2016-01-10 12:40:42) Program execution finished.
