Lattice Microbe ES v2016.01.20 build 1 in 64-bit mode with options MPI AVX.
Copyright (C) 2008-2012 Luthey-Schulten Group, University of Illinois at Urbana-Champaign.
Copyright (C) 2012-2016 Roberts Group, Johns Hopkins University.

MPI version 3.0 with thread support MPI_THREAD_MULTIPLE.
Running with 1 process(es).

2016-01-10 12:34:38) Resource controller 0:1 started.
2016-01-10 12:34:38) Supervisor 0:2 started.
2016-01-10 12:34:38) Resource controller 0:1 on barkeri.bph.jhu.edu registered with 8 cpu core(s) and 0 gpu device(s).
2016-01-10 12:34:38) Registered resources for host barkeri.bph.jhu.edu (defaults=1): 2 cpu cores, 0 gpu devices
2016-01-10 12:34:38) All resources registered with supervisor, starting workers.
2016-01-10 12:34:38) Reserved core 0 on 0:1 for the output writer.
2016-01-10 12:34:38) Creating slot 0 on process (0:1) using resources: barkeri.bph.jhu.edu; cpu core list:1; gpu device list:<none>.
2016-01-10 12:34:38) 2016-01-10 12:34:38) OutputWriter 0:3 started.Work Unit runner 0:5 started with 1 cpu cores (affinity=0) and 0 gpus.

2016-01-10 12:34:38) OutputWriter::HelperThread 0:4 started.
2016-01-10 12:34:38) Output writer started: 0:3.
2016-01-10 12:34:38) Work unit runner started: 0:5.
2016-01-10 12:34:38) All supervisor workers have started, beginning simulation.
2016-01-10 12:34:38) Replicate supervisor starting simulation.
2016-01-10 12:34:38) Simulation started.
2016-01-10 12:35:39) Wrote 36 messages (9738 bytes) in the last 60.6 seconds (0.000434 seconds writing). 0 messages (0 bytes) queued. Flushing.
2016-01-10 12:35:39) Finished 37 work units (ids in range 0 to 36) with 148 parts in the last 60.6 seconds. 1480000000 steps in 6.050e+01 seconds (2.446e+07 steps/second).
2016-01-10 12:35:50) Replicate 13 completed with 1.00e+05 of simulation time using 12 work units.
2016-01-10 12:35:50) Replicate 10 completed with 1.00e+05 of simulation time using 12 work units.
2016-01-10 12:35:50) Replicate 2 completed with 1.00e+05 of simulation time using 12 work units.
2016-01-10 12:35:50) Replicate 6 completed with 1.00e+05 of simulation time using 12 work units.
2016-01-10 12:35:50) Replicate 1 completed with 1.00e+05 of simulation time using 13 work units.
2016-01-10 12:35:50) Replicate 8 completed with 1.00e+05 of simulation time using 13 work units.
2016-01-10 12:35:50) Replicate 4 completed with 1.00e+05 of simulation time using 13 work units.
2016-01-10 12:35:50) Replicate 3 completed with 1.00e+05 of simulation time using 14 work units.
2016-01-10 12:35:50) Replicate 16 completed with 1.00e+05 of simulation time using 14 work units.
2016-01-10 12:35:50) Replicate 9 completed with 1.00e+05 of simulation time using 17 work units.
2016-01-10 12:35:50) Replicate 15 completed with 1.00e+05 of simulation time using 15 work units.
2016-01-10 12:35:50) Replicate 12 completed with 1.00e+05 of simulation time using 15 work units.
2016-01-10 12:35:50) Replicate 7 completed with 1.00e+05 of simulation time using 16 work units.
2016-01-10 12:35:50) GillespieDSolverAVX started without a full set of trajectories, running trajectory 11 with the GillespieDSolver.
2016-01-10 12:35:50) GillespieDSolverAVX started without a full set of trajectories, running trajectory 5 with the GillespieDSolver.
2016-01-10 12:35:50) GillespieDSolverAVX started without a full set of trajectories, running trajectory 14 with the GillespieDSolver.
2016-01-10 12:35:50) Replicate 11 completed with 1.00e+05 of simulation time using 18 work units.
2016-01-10 12:35:50) Replicate 5 completed with 1.00e+05 of simulation time using 18 work units.
2016-01-10 12:35:50) Replicate 14 completed with 1.00e+05 of simulation time using 17 work units.
2016-01-10 12:35:50) Replicate supervisor finished 16 replicates in 72.17 seconds.
2016-01-10 12:35:50) Simulation finished.
2016-01-10 12:35:50) Finished 21 work units (ids in range 37 to 57) with 83 parts in the last 11.6 seconds. 280736300 steps in 1.148e+01 seconds (2.446e+07 steps/second).
2016-01-10 12:35:50) Supervisor 0:2 finished.
2016-01-10 12:35:50) Wrote 20 messages (30921 bytes) in the last 11.6 seconds (0.000243 seconds writing). 0 messages (0 bytes) queued. Flushing.
2016-01-10 12:35:50) OutputWriter::HelperThread 0:4 finished.
2016-01-10 12:35:50) OutputWriter 0:3 finished.
2016-01-10 12:35:50) Work unit runner 0:5 finished.
2016-01-10 12:35:50) Resource controller 0:1 finished.
2016-01-10 12:35:50) Closing MPI library.
2016-01-10 12:35:50) Program execution finished.
