Lattice Microbe ES v2016.01.20 build 1 in 64-bit mode with options MPI AVX.
Copyright (C) 2008-2012 Luthey-Schulten Group, University of Illinois at Urbana-Champaign.
Copyright (C) 2012-2016 Roberts Group, Johns Hopkins University.

MPI version 3.0 with thread support MPI_THREAD_MULTIPLE.
Running with 1 process(es).

2016-01-10 12:41:56) Resource controller 0:1 started.
2016-01-10 12:41:56) Supervisor 0:2 started.
2016-01-10 12:41:56) Resource controller 0:1 on barkeri.bph.jhu.edu registered with 8 cpu core(s) and 0 gpu device(s).
2016-01-10 12:41:56) Registered resources for host barkeri.bph.jhu.edu (defaults=1): 2 cpu cores, 0 gpu devices
2016-01-10 12:41:56) All resources registered with supervisor, starting workers.
2016-01-10 12:41:56) Reserved core 0 on 0:1 for the output writer.
2016-01-10 12:41:56) Creating slot 0 on process (0:1) using resources: barkeri.bph.jhu.edu; cpu core list:1; gpu device list:<none>.
2016-01-10 12:41:56) OutputWriter 0:3 started.
2016-01-10 12:41:56) OutputWriter::HelperThread 0:4 started.
2016-01-10 12:41:56) Work Unit runner 0:5 started with 1 cpu cores (affinity=0) and 0 gpus.
2016-01-10 12:41:56) Output writer started: 0:3.
2016-01-10 12:41:56) Work unit runner started: 0:5.
2016-01-10 12:41:56) All supervisor workers have started, beginning simulation.
2016-01-10 12:41:56) Replicate supervisor starting simulation.
2016-01-10 12:41:56) Simulation started.
2016-01-10 12:42:56) Wrote 36 messages (9743 bytes) in the last 60.1 seconds (0.000449 seconds writing). 0 messages (0 bytes) queued. Flushing.
2016-01-10 12:42:56) Finished 37 work units (ids in range 0 to 36) with 148 parts in the last 60.1 seconds. 1480000000 steps in 5.996e+01 seconds (2.468e+07 steps/second).
2016-01-10 12:43:07) Replicate 13 completed with 1.00e+05 of simulation time using 12 work units.
2016-01-10 12:43:07) Replicate 12 completed with 1.00e+05 of simulation time using 12 work units.
2016-01-10 12:43:07) Replicate 7 completed with 1.00e+05 of simulation time using 12 work units.
2016-01-10 12:43:07) Replicate 4 completed with 1.00e+05 of simulation time using 12 work units.
2016-01-10 12:43:07) Replicate 16 completed with 1.00e+05 of simulation time using 13 work units.
2016-01-10 12:43:07) Replicate 2 completed with 1.00e+05 of simulation time using 13 work units.
2016-01-10 12:43:07) Replicate 8 completed with 1.00e+05 of simulation time using 13 work units.
2016-01-10 12:43:07) Replicate 1 completed with 1.00e+05 of simulation time using 15 work units.
2016-01-10 12:43:07) Replicate 9 completed with 1.00e+05 of simulation time using 13 work units.
2016-01-10 12:43:07) Replicate 14 completed with 1.00e+05 of simulation time using 16 work units.
2016-01-10 12:43:07) Replicate 15 completed with 1.00e+05 of simulation time using 14 work units.
2016-01-10 12:43:07) Replicate 11 completed with 1.00e+05 of simulation time using 14 work units.
2016-01-10 12:43:07) Replicate 10 completed with 1.00e+05 of simulation time using 19 work units.
2016-01-10 12:43:07) GillespieDSolverAVX started without a full set of trajectories, running trajectory 6 with the GillespieDSolver.
2016-01-10 12:43:07) GillespieDSolverAVX started without a full set of trajectories, running trajectory 3 with the GillespieDSolver.
2016-01-10 12:43:07) GillespieDSolverAVX started without a full set of trajectories, running trajectory 5 with the GillespieDSolver.
2016-01-10 12:43:07) Replicate 6 completed with 1.00e+05 of simulation time using 19 work units.
2016-01-10 12:43:07) Replicate 3 completed with 1.00e+05 of simulation time using 17 work units.
2016-01-10 12:43:07) Replicate 5 completed with 1.00e+05 of simulation time using 17 work units.
2016-01-10 12:43:07) Replicate supervisor finished 16 replicates in 71.77 seconds.
2016-01-10 12:43:07) Simulation finished.
2016-01-10 12:43:07) Finished 21 work units (ids in range 37 to 57) with 83 parts in the last 11.7 seconds. 280659199 steps in 1.161e+01 seconds (2.418e+07 steps/second).
2016-01-10 12:43:07) Supervisor 0:2 finished.
2016-01-10 12:43:07) Wrote 20 messages (30602 bytes) in the last 11.7 seconds (0.000424 seconds writing). 0 messages (0 bytes) queued. Flushing.
2016-01-10 12:43:07) OutputWriter::HelperThread 0:4 finished.
2016-01-10 12:43:07) OutputWriter 0:3 finished.
2016-01-10 12:43:07) Work unit runner 0:5 finished.
2016-01-10 12:43:07) Resource controller 0:1 finished.
2016-01-10 12:43:07) Closing MPI library.
2016-01-10 12:43:07) Program execution finished.
