Lattice Microbe ES v2016.01.20 build 1 in 64-bit mode with options MPI AVX.
Copyright (C) 2008-2012 Luthey-Schulten Group, University of Illinois at Urbana-Champaign.
Copyright (C) 2012-2016 Roberts Group, Johns Hopkins University.

MPI version 3.0 with thread support MPI_THREAD_MULTIPLE.
Running with 1 process(es).

2016-01-10 12:37:03) Resource controller 0:1 started.
2016-01-10 12:37:03) Supervisor 0:2 started.
2016-01-10 12:37:03) Resource controller 0:1 on barkeri.bph.jhu.edu registered with 8 cpu core(s) and 0 gpu device(s).
2016-01-10 12:37:03) Registered resources for host barkeri.bph.jhu.edu (defaults=1): 2 cpu cores, 0 gpu devices
2016-01-10 12:37:03) All resources registered with supervisor, starting workers.
2016-01-10 12:37:03) Reserved core 0 on 0:1 for the output writer.
2016-01-10 12:37:03) Creating slot 0 on process (0:1) using resources: barkeri.bph.jhu.edu; cpu core list:1; gpu device list:<none>.
2016-01-10 12:37:03) OutputWriter 0:3 started.
2016-01-10 12:37:03) 2016-01-10 12:37:03) OutputWriter::HelperThread 0:5 started.Work Unit runner 0:4 started with 1 cpu cores (affinity=0) and 0 gpus.

2016-01-10 12:37:03) Output writer started: 0:3.
2016-01-10 12:37:03) Work unit runner started: 0:4.
2016-01-10 12:37:03) All supervisor workers have started, beginning simulation.
2016-01-10 12:37:03) Replicate supervisor starting simulation.
2016-01-10 12:37:03) Simulation started.
2016-01-10 12:38:04) Wrote 35 messages (9466 bytes) in the last 60.6 seconds (0.000545 seconds writing). 0 messages (0 bytes) queued. Flushing.
2016-01-10 12:38:04) Finished 36 work units (ids in range 0 to 35) with 144 parts in the last 60.7 seconds. 1440000000 steps in 6.050e+01 seconds (2.380e+07 steps/second).
2016-01-10 12:38:17) Replicate 10 completed with 1.00e+05 of simulation time using 12 work units.
2016-01-10 12:38:17) Replicate 6 completed with 1.00e+05 of simulation time using 12 work units.
2016-01-10 12:38:17) Replicate 5 completed with 1.00e+05 of simulation time using 12 work units.
2016-01-10 12:38:17) Replicate 7 completed with 1.00e+05 of simulation time using 12 work units.
2016-01-10 12:38:17) Replicate 1 completed with 1.00e+05 of simulation time using 13 work units.
2016-01-10 12:38:17) Replicate 4 completed with 1.00e+05 of simulation time using 13 work units.
2016-01-10 12:38:17) Replicate 2 completed with 1.00e+05 of simulation time using 13 work units.
2016-01-10 12:38:17) Replicate 15 completed with 1.00e+05 of simulation time using 13 work units.
2016-01-10 12:38:17) Replicate 14 completed with 1.00e+05 of simulation time using 15 work units.
2016-01-10 12:38:17) Replicate 8 completed with 1.00e+05 of simulation time using 13 work units.
2016-01-10 12:38:17) Replicate 12 completed with 1.00e+05 of simulation time using 14 work units.
2016-01-10 12:38:17) Replicate 11 completed with 1.00e+05 of simulation time using 15 work units.
2016-01-10 12:38:17) Replicate 16 completed with 1.00e+05 of simulation time using 19 work units.
2016-01-10 12:38:17) GillespieDSolverAVX started without a full set of trajectories, running trajectory 9 with the GillespieDSolver.
2016-01-10 12:38:17) GillespieDSolverAVX started without a full set of trajectories, running trajectory 13 with the GillespieDSolver.
2016-01-10 12:38:17) GillespieDSolverAVX started without a full set of trajectories, running trajectory 3 with the GillespieDSolver.
2016-01-10 12:38:17) Replicate 9 completed with 1.00e+05 of simulation time using 19 work units.
2016-01-10 12:38:17) Replicate 13 completed with 1.00e+05 of simulation time using 18 work units.
2016-01-10 12:38:17) Replicate 3 completed with 1.00e+05 of simulation time using 18 work units.
2016-01-10 12:38:17) Replicate supervisor finished 16 replicates in 74.06 seconds.
2016-01-10 12:38:17) Simulation finished.
2016-01-10 12:38:17) Finished 22 work units (ids in range 36 to 57) with 87 parts in the last 13.4 seconds. 320714654 steps in 1.334e+01 seconds (2.404e+07 steps/second).
2016-01-10 12:38:17) Supervisor 0:2 finished.
2016-01-10 12:38:17) Wrote 21 messages (31127 bytes) in the last 13.4 seconds (0.000312 seconds writing). 0 messages (0 bytes) queued. Flushing.
2016-01-10 12:38:17) OutputWriter::HelperThread 0:5 finished.
2016-01-10 12:38:17) OutputWriter 0:3 finished.
2016-01-10 12:38:17) Work unit runner 0:4 finished.
2016-01-10 12:38:17) Resource controller 0:1 finished.
2016-01-10 12:38:17) Closing MPI library.
2016-01-10 12:38:17) Program execution finished.
