Lattice Microbe ES v2016.01.20 build 1 in 64-bit mode with options MPI AVX.
Copyright (C) 2008-2012 Luthey-Schulten Group, University of Illinois at Urbana-Champaign.
Copyright (C) 2012-2016 Roberts Group, Johns Hopkins University.

MPI version 3.0 with thread support MPI_THREAD_MULTIPLE.
Running with 1 process(es).

2016-01-09 09:55:49) Resource controller 0:1 started.
2016-01-09 09:55:49) Supervisor 0:2 started.
2016-01-09 09:55:49) Resource controller 0:1 on barkeri.bph.jhu.edu registered with 8 cpu core(s) and 0 gpu device(s).
2016-01-09 09:55:49) Registered resources for host barkeri.bph.jhu.edu (defaults=1): 2 cpu cores, 0 gpu devices
2016-01-09 09:55:49) All resources registered with supervisor, starting workers.
2016-01-09 09:55:49) Reserved core 0 on 0:1 for the output writer.
2016-01-09 09:55:49) Creating slot 0 on process (0:1) using resources: barkeri.bph.jhu.edu; cpu core list:1; gpu device list:<none>.
2016-01-09 09:55:49) OutputWriter 0:3 started.
2016-01-09 09:55:49) OutputWriter::HelperThread 0:4 started.
2016-01-09 09:55:49) Work Unit runner 0:5 started with 1 cpu cores (affinity=0) and 0 gpus.
2016-01-09 09:55:49) Output writer started: 0:3.
2016-01-09 09:55:49) Work unit runner started: 0:5.
2016-01-09 09:55:49) All supervisor workers have started, beginning simulation.
2016-01-09 09:55:49) Replicate supervisor starting simulation.
2016-01-09 09:55:49) Simulation started.
2016-01-09 09:56:50) Wrote 88 messages (6763 bytes) in the last 60.4 seconds (0.000443 seconds writing). 0 messages (0 bytes) queued. Flushing.
2016-01-09 09:56:50) Finished 89 work units (ids in range 0 to 88) with 89 parts in the last 60.5 seconds. 890000000 steps in 6.013e+01 seconds (1.480e+07 steps/second).
2016-01-09 09:57:41) Replicate 12 completed with 1.00e+05 of simulation time using 12 work units.
2016-01-09 09:57:41) Replicate 4 completed with 1.00e+05 of simulation time using 12 work units.
2016-01-09 09:57:41) Replicate 7 completed with 1.00e+05 of simulation time using 12 work units.
2016-01-09 09:57:41) Replicate 1 completed with 1.00e+05 of simulation time using 12 work units.
2016-01-09 09:57:41) Replicate 15 completed with 1.00e+05 of simulation time using 12 work units.
2016-01-09 09:57:41) Replicate 6 completed with 1.00e+05 of simulation time using 12 work units.
2016-01-09 09:57:41) Replicate 9 completed with 1.00e+05 of simulation time using 12 work units.
2016-01-09 09:57:41) Replicate 14 completed with 1.00e+05 of simulation time using 12 work units.
2016-01-09 09:57:41) Replicate 13 completed with 1.00e+05 of simulation time using 12 work units.
2016-01-09 09:57:41) Replicate 10 completed with 1.00e+05 of simulation time using 12 work units.
2016-01-09 09:57:41) Replicate 3 completed with 1.00e+05 of simulation time using 12 work units.
2016-01-09 09:57:41) Replicate 2 completed with 1.00e+05 of simulation time using 12 work units.
2016-01-09 09:57:41) Replicate 8 completed with 1.00e+05 of simulation time using 12 work units.
2016-01-09 09:57:41) Replicate 5 completed with 1.00e+05 of simulation time using 12 work units.
2016-01-09 09:57:41) Replicate 11 completed with 1.00e+05 of simulation time using 12 work units.
2016-01-09 09:57:41) Replicate supervisor finished 15 replicates in 112.01 seconds.
2016-01-09 09:57:41) Simulation finished.
2016-01-09 09:57:41) Finished 91 work units (ids in range 89 to 179) with 91 parts in the last 51.6 seconds. 760724933 steps in 5.127e+01 seconds (1.484e+07 steps/second).
2016-01-09 09:57:41) Supervisor 0:2 finished.
2016-01-09 09:57:41) Wrote 77 messages (6056 bytes) in the last 51.6 seconds (0.000373 seconds writing). 0 messages (0 bytes) queued. Flushing.
2016-01-09 09:57:41) OutputWriter::HelperThread 0:4 finished.
2016-01-09 09:57:41) OutputWriter 0:3 finished.
2016-01-09 09:57:41) Work unit runner 0:5 finished.
2016-01-09 09:57:41) Resource controller 0:1 finished.
2016-01-09 09:57:41) Closing MPI library.
2016-01-09 09:57:41) Program execution finished.
