Lattice Microbe ES v2016.01.20 build 1 in 64-bit mode with options MPI AVX.
Copyright (C) 2008-2012 Luthey-Schulten Group, University of Illinois at Urbana-Champaign.
Copyright (C) 2012-2016 Roberts Group, Johns Hopkins University.

MPI version 3.0 with thread support MPI_THREAD_MULTIPLE.
Running with 1 process(es).

2016-01-09 10:06:50) Resource controller 0:1 started.
2016-01-09 10:06:50) Supervisor 0:2 started.
2016-01-09 10:06:50) Resource controller 0:1 on barkeri.bph.jhu.edu registered with 8 cpu core(s) and 0 gpu device(s).
2016-01-09 10:06:50) Registered resources for host barkeri.bph.jhu.edu (defaults=1): 2 cpu cores, 0 gpu devices
2016-01-09 10:06:50) All resources registered with supervisor, starting workers.
2016-01-09 10:06:50) Reserved core 0 on 0:1 for the output writer.
2016-01-09 10:06:50) Creating slot 0 on process (0:1) using resources: barkeri.bph.jhu.edu; cpu core list:1; gpu device list:<none>.
2016-01-09 10:06:50) OutputWriter 0:3 started.
2016-01-09 10:06:50) 2016-01-09 10:06:50) Work Unit runner 0:5 started with 1 cpu cores (affinity=0) and 0 gpus.OutputWriter::HelperThread 0:4 started.

2016-01-09 10:06:50) Output writer started: 0:3.
2016-01-09 10:06:50) Work unit runner started: 0:5.
2016-01-09 10:06:50) All supervisor workers have started, beginning simulation.
2016-01-09 10:06:50) Replicate supervisor starting simulation.
2016-01-09 10:06:50) Simulation started.
2016-01-09 10:07:51) Wrote 89 messages (6833 bytes) in the last 60.5 seconds (0.000458 seconds writing). 0 messages (0 bytes) queued. Flushing.
2016-01-09 10:07:51) Finished 90 work units (ids in range 0 to 89) with 90 parts in the last 60.6 seconds. 900000000 steps in 6.024e+01 seconds (1.494e+07 steps/second).
2016-01-09 10:08:42) Replicate 7 completed with 1.00e+05 of simulation time using 12 work units.
2016-01-09 10:08:42) Replicate 10 completed with 1.00e+05 of simulation time using 12 work units.
2016-01-09 10:08:42) Replicate 1 completed with 1.00e+05 of simulation time using 12 work units.
2016-01-09 10:08:42) Replicate 11 completed with 1.00e+05 of simulation time using 12 work units.
2016-01-09 10:08:42) Replicate 14 completed with 1.00e+05 of simulation time using 12 work units.
2016-01-09 10:08:42) Replicate 4 completed with 1.00e+05 of simulation time using 12 work units.
2016-01-09 10:08:42) Replicate 8 completed with 1.00e+05 of simulation time using 12 work units.
2016-01-09 10:08:42) Replicate 2 completed with 1.00e+05 of simulation time using 12 work units.
2016-01-09 10:08:42) Replicate 6 completed with 1.00e+05 of simulation time using 12 work units.
2016-01-09 10:08:42) Replicate 9 completed with 1.00e+05 of simulation time using 12 work units.
2016-01-09 10:08:42) Replicate 5 completed with 1.00e+05 of simulation time using 12 work units.
2016-01-09 10:08:42) Replicate 3 completed with 1.00e+05 of simulation time using 12 work units.
2016-01-09 10:08:42) Replicate 13 completed with 1.00e+05 of simulation time using 12 work units.
2016-01-09 10:08:42) Replicate 15 completed with 1.00e+05 of simulation time using 12 work units.
2016-01-09 10:08:42) Replicate 12 completed with 1.00e+05 of simulation time using 12 work units.
2016-01-09 10:08:42) Replicate supervisor finished 15 replicates in 111.51 seconds.
2016-01-09 10:08:42) Simulation finished.
2016-01-09 10:08:42) Finished 90 work units (ids in range 90 to 179) with 90 parts in the last 51.0 seconds. 750681441 steps in 5.069e+01 seconds (1.481e+07 steps/second).
2016-01-09 10:08:42) Supervisor 0:2 finished.
2016-01-09 10:08:42) Wrote 76 messages (5970 bytes) in the last 51.0 seconds (0.000437 seconds writing). 0 messages (0 bytes) queued. Flushing.
2016-01-09 10:08:42) OutputWriter::HelperThread 0:4 finished.
2016-01-09 10:08:42) OutputWriter 0:3 finished.
2016-01-09 10:08:42) Work unit runner 0:5 finished.
2016-01-09 10:08:42) Resource controller 0:1 finished.
2016-01-09 10:08:42) Closing MPI library.
2016-01-09 10:08:42) Program execution finished.
