Lattice Microbe ES v2016.01.20 build 1 in 64-bit mode with options MPI AVX.
Copyright (C) 2008-2012 Luthey-Schulten Group, University of Illinois at Urbana-Champaign.
Copyright (C) 2012-2016 Roberts Group, Johns Hopkins University.

MPI version 3.0 with thread support MPI_THREAD_MULTIPLE.
Running with 1 process(es).

2016-01-09 10:12:22) Resource controller 0:1 started.
2016-01-09 10:12:22) Supervisor 0:2 started.
2016-01-09 10:12:22) Resource controller 0:1 on barkeri.bph.jhu.edu registered with 8 cpu core(s) and 0 gpu device(s).
2016-01-09 10:12:22) Registered resources for host barkeri.bph.jhu.edu (defaults=1): 2 cpu cores, 0 gpu devices
2016-01-09 10:12:22) All resources registered with supervisor, starting workers.
2016-01-09 10:12:22) Reserved core 0 on 0:1 for the output writer.
2016-01-09 10:12:22) Creating slot 0 on process (0:1) using resources: barkeri.bph.jhu.edu; cpu core list:1; gpu device list:<none>.
2016-01-09 10:12:22) OutputWriter 0:3 started.
2016-01-09 10:12:22) Work Unit runner 0:5 started with 1 cpu cores (affinity=0) and 0 gpus.
2016-01-09 10:12:22) OutputWriter::HelperThread 0:4 started.
2016-01-09 10:12:22) Output writer started: 0:3.
2016-01-09 10:12:22) Work unit runner started: 0:5.
2016-01-09 10:12:22) All supervisor workers have started, beginning simulation.
2016-01-09 10:12:22) Replicate supervisor starting simulation.
2016-01-09 10:12:22) Simulation started.
2016-01-09 10:13:23) Wrote 89 messages (6817 bytes) in the last 60.3 seconds (0.000466 seconds writing). 0 messages (0 bytes) queued. Flushing.
2016-01-09 10:13:23) Finished 90 work units (ids in range 0 to 89) with 90 parts in the last 60.4 seconds. 900000000 steps in 6.006e+01 seconds (1.499e+07 steps/second).
2016-01-09 10:14:13) Replicate 4 completed with 1.00e+05 of simulation time using 12 work units.
2016-01-09 10:14:13) Replicate 1 completed with 1.00e+05 of simulation time using 12 work units.
2016-01-09 10:14:13) Replicate 6 completed with 1.00e+05 of simulation time using 12 work units.
2016-01-09 10:14:13) Replicate 11 completed with 1.00e+05 of simulation time using 12 work units.
2016-01-09 10:14:13) Replicate 2 completed with 1.00e+05 of simulation time using 12 work units.
2016-01-09 10:14:13) Replicate 8 completed with 1.00e+05 of simulation time using 12 work units.
2016-01-09 10:14:13) Replicate 5 completed with 1.00e+05 of simulation time using 12 work units.
2016-01-09 10:14:13) Replicate 15 completed with 1.00e+05 of simulation time using 12 work units.
2016-01-09 10:14:13) Replicate 14 completed with 1.00e+05 of simulation time using 12 work units.
2016-01-09 10:14:13) Replicate 9 completed with 1.00e+05 of simulation time using 12 work units.
2016-01-09 10:14:13) Replicate 3 completed with 1.00e+05 of simulation time using 12 work units.
2016-01-09 10:14:13) Replicate 12 completed with 1.00e+05 of simulation time using 12 work units.
2016-01-09 10:14:13) Replicate 7 completed with 1.00e+05 of simulation time using 12 work units.
2016-01-09 10:14:13) Replicate 13 completed with 1.00e+05 of simulation time using 12 work units.
2016-01-09 10:14:13) Replicate 10 completed with 1.00e+05 of simulation time using 12 work units.
2016-01-09 10:14:13) Replicate supervisor finished 15 replicates in 110.97 seconds.
2016-01-09 10:14:13) Simulation finished.
2016-01-09 10:14:13) Finished 90 work units (ids in range 90 to 179) with 90 parts in the last 50.6 seconds. 750659636 steps in 5.036e+01 seconds (1.491e+07 steps/second).
2016-01-09 10:14:13) Supervisor 0:2 finished.
2016-01-09 10:14:13) Wrote 76 messages (5973 bytes) in the last 50.7 seconds (0.000395 seconds writing). 0 messages (0 bytes) queued. Flushing.
2016-01-09 10:14:13) OutputWriter::HelperThread 0:4 finished.
2016-01-09 10:14:13) OutputWriter 0:3 finished.
2016-01-09 10:14:13) Work unit runner 0:5 finished.
2016-01-09 10:14:13) Resource controller 0:1 finished.
2016-01-09 10:14:13) Closing MPI library.
2016-01-09 10:14:13) Program execution finished.
