Lattice Microbe ES v2016.01.20 build 1 in 64-bit mode with options MPI AVX.
Copyright (C) 2008-2012 Luthey-Schulten Group, University of Illinois at Urbana-Champaign.
Copyright (C) 2012-2016 Roberts Group, Johns Hopkins University.

MPI version 3.0 with thread support MPI_THREAD_MULTIPLE.
Running with 1 process(es).

2016-01-09 10:03:14) Resource controller 0:1 started.
2016-01-09 10:03:14) Supervisor 0:2 started.
2016-01-09 10:03:14) Resource controller 0:1 on barkeri.bph.jhu.edu registered with 8 cpu core(s) and 0 gpu device(s).
2016-01-09 10:03:14) Registered resources for host barkeri.bph.jhu.edu (defaults=1): 2 cpu cores, 0 gpu devices
2016-01-09 10:03:14) All resources registered with supervisor, starting workers.
2016-01-09 10:03:14) Reserved core 0 on 0:1 for the output writer.
2016-01-09 10:03:14) Creating slot 0 on process (0:1) using resources: barkeri.bph.jhu.edu; cpu core list:1; gpu device list:<none>.
2016-01-09 10:03:14) 2016-01-09 10:03:14) OutputWriter 0:3 started.Work Unit runner 0:4 started with 1 cpu cores (affinity=0) and 0 gpus.

2016-01-09 10:03:14) OutputWriter::HelperThread 0:5 started.
2016-01-09 10:03:14) Output writer started: 0:3.
2016-01-09 10:03:14) Work unit runner started: 0:4.
2016-01-09 10:03:14) All supervisor workers have started, beginning simulation.
2016-01-09 10:03:14) Replicate supervisor starting simulation.
2016-01-09 10:03:14) Simulation started.
2016-01-09 10:04:14) Wrote 90 messages (6896 bytes) in the last 60.1 seconds (0.000467 seconds writing). 0 messages (0 bytes) queued. Flushing.
2016-01-09 10:04:14) Finished 91 work units (ids in range 0 to 90) with 91 parts in the last 60.2 seconds. 910000000 steps in 5.982e+01 seconds (1.521e+07 steps/second).
2016-01-09 10:05:03) Replicate 15 completed with 1.00e+05 of simulation time using 12 work units.
2016-01-09 10:05:03) Replicate 8 completed with 1.00e+05 of simulation time using 12 work units.
2016-01-09 10:05:03) Replicate 9 completed with 1.00e+05 of simulation time using 12 work units.
2016-01-09 10:05:03) Replicate 12 completed with 1.00e+05 of simulation time using 12 work units.
2016-01-09 10:05:03) Replicate 13 completed with 1.00e+05 of simulation time using 12 work units.
2016-01-09 10:05:03) Replicate 6 completed with 1.00e+05 of simulation time using 12 work units.
2016-01-09 10:05:03) Replicate 1 completed with 1.00e+05 of simulation time using 12 work units.
2016-01-09 10:05:03) Replicate 7 completed with 1.00e+05 of simulation time using 12 work units.
2016-01-09 10:05:03) Replicate 11 completed with 1.00e+05 of simulation time using 12 work units.
2016-01-09 10:05:03) Replicate 4 completed with 1.00e+05 of simulation time using 12 work units.
2016-01-09 10:05:03) Replicate 2 completed with 1.00e+05 of simulation time using 12 work units.
2016-01-09 10:05:03) Replicate 3 completed with 1.00e+05 of simulation time using 12 work units.
2016-01-09 10:05:03) Replicate 10 completed with 1.00e+05 of simulation time using 12 work units.
2016-01-09 10:05:03) Replicate 14 completed with 1.00e+05 of simulation time using 12 work units.
2016-01-09 10:05:03) Replicate 5 completed with 1.00e+05 of simulation time using 12 work units.
2016-01-09 10:05:03) Replicate supervisor finished 15 replicates in 108.90 seconds.
2016-01-09 10:05:03) Simulation finished.
2016-01-09 10:05:03) Finished 89 work units (ids in range 91 to 179) with 89 parts in the last 48.8 seconds. 740629490 steps in 4.846e+01 seconds (1.528e+07 steps/second).
2016-01-09 10:05:03) Supervisor 0:2 finished.
2016-01-09 10:05:03) Wrote 75 messages (5898 bytes) in the last 48.8 seconds (0.000436 seconds writing). 0 messages (0 bytes) queued. Flushing.
2016-01-09 10:05:03) OutputWriter::HelperThread 0:5 finished.
2016-01-09 10:05:03) OutputWriter 0:3 finished.
2016-01-09 10:05:03) Work unit runner 0:4 finished.
2016-01-09 10:05:03) Resource controller 0:1 finished.
2016-01-09 10:05:03) Closing MPI library.
2016-01-09 10:05:03) Program execution finished.
