Lattice Microbe ES v2019.01 Release build 2019-01-17-17-10-43 in 64-bit mode with options AVX CPP11 FMA SBML SNAPPY.
Copyright (C) 2012-2019 Roberts Group, Johns Hopkins University.
Copyright (C) 2008-2012 Luthey-Schulten Group, University of Illinois at Urbana-Champaign.

2019-01-18 09:57:00) Saving simulation output to  using lm::io::NullOutputWriter.
2019-01-18 09:57:00) Initializing communications library.
2019-01-18 09:57:00) Using local communicator on host BPH-ER-Spectre1.
2019-01-18 09:57:00) Created a resource map using localhost BPH-ER-Spectre1: 1 hosts allocated, 0 hosts registered
2019-01-18 09:57:00) Resource controller @1 started.
2019-01-18 09:57:00) Loading simulation input from perf/perf.99.latest/first_order_birth_death.lm using lm::io::hdf5::Hdf5InputReader.
simulation_options {
  time_limit: 100000
}
output_options {
  species_write_interval: 10000
  concentrations_write_interval: 10000
}
reaction_model {
  number_species: 1
  number_reactions: 2
  initial_species_count: 2000
  reaction {
    type: 0
    rate_constant: 1000
  }
  reaction {
    type: 1
    rate_constant: 1
  }
  stoichiometric_matrix: 1
  stoichiometric_matrix: -1
  dependency_matrix: 0
  dependency_matrix: 1
}
2019-01-18 09:57:00) Hypervisor @0 of type lm::simulation::SimpleHypervisor started.
2019-01-18 09:57:00) Resource controller @1 on BPH-ER-Spectre1 reported 8 cpu core(s) and 0 gpu device(s). 0 hosts registered, 1 hosts remaining.
2019-01-18 09:57:00) Registered resources for host BPH-ER-Spectre1 (defaults=1): 2 cpu cores, 0 gpu devices
2019-01-18 09:57:00) All resources registered with hypervisor, starting workers.
2019-01-18 09:57:00) Reserved core 0 on @1 for the output writer.
2019-01-18 09:57:00) Creating slot 0 on @1 using resources: BPH-ER-Spectre1:c=1.
2019-01-18 09:57:00) OutputPerformanceSignaler @4 started, writing performance statistics every 60 seconds.
2019-01-18 09:57:00) Output performance signaller started: @4.
2019-01-18 09:57:00) Work Unit runner @5 started with 1 cpu cores (affinity=0) and 0 gpus.
2019-01-18 09:57:00) Work unit runner started: @5.
2019-01-18 09:57:00) OutputWriter @3 started.
2019-01-18 09:57:00) Output writer started: @3.
2019-01-18 09:57:00) All hypervisor workers have started, beginning job.
2019-01-18 09:57:00) Job started.
2019-01-18 09:57:00) OutputWriter::HelperThread @3 started.
2019-01-18 09:57:00) Supervisor @6 of type lm::replicates::ReplicateSupervisor started.
2019-01-18 09:57:00) Replicate supervisor started.
2019-01-18 09:57:59) ========================================================================================================================
2019-01-18 09:57:59) Performance statistics.
2019-01-18 09:57:59) Supervisor @6 finished 6 work units (ids in range 0 to 6) with 6 parts in the last interval. 600000000 steps in 3.571e+01 seconds (1.680e+07 steps/second).
2019-01-18 09:57:59) Replicate status: 0 aborted, 0 finished, 1 running, 14 waiting
2019-01-18 09:57:59)         Id       State      Time Work_Units
2019-01-18 09:57:59) -------------------------------------------
2019-01-18 09:57:59)          1     WAITING 4.999e+04          1
2019-01-18 09:57:59)          2     WAITING 4.999e+04          1
2019-01-18 09:57:59)          3     WAITING 5.000e+04          1
2019-01-18 09:57:59)          4     WAITING 5.000e+04          1
2019-01-18 09:57:59)          5     WAITING 5.000e+04          1
2019-01-18 09:57:59)          6     WAITING 5.000e+04          1
2019-01-18 09:57:59)          7     RUNNING 0.000e+00          0
2019-01-18 09:57:59)          8 NOT_STARTED 0.000e+00          0
2019-01-18 09:57:59)          9 NOT_STARTED 0.000e+00          0
2019-01-18 09:57:59)         10 NOT_STARTED 0.000e+00          0
2019-01-18 09:57:59)         11 NOT_STARTED 0.000e+00          0
2019-01-18 09:57:59)         12 NOT_STARTED 0.000e+00          0
2019-01-18 09:57:59)         13 NOT_STARTED 0.000e+00          0
2019-01-18 09:57:59)         14 NOT_STARTED 0.000e+00          0
2019-01-18 09:57:59)         15 NOT_STARTED 0.000e+00          0
2019-01-18 09:57:59) Slot status
2019-01-18 09:57:59)  Slot                                Resources Address  ME_Work_Units           Steps      Time Steps/Sec PDE_Work_Units           Steps      Time Steps/Sec
2019-01-18 09:57:59) ------------------------------------------------------------------------------------------------------------------------------------------------------------
2019-01-18 09:57:59)     0                      BPH-ER-Spectre1:c=1      @5              6       600000000 3.571e+01 1.680e+07              0               0 0.000e+00      -nan
2019-01-18 09:57:59) OutputWriter wrote 6 messages (636 bytes) in the last 59.3 seconds (0.000003 seconds writing). 0 messages (0 bytes) queued.
2019-01-18 09:58:59) ========================================================================================================================
2019-01-18 09:58:59) Performance statistics.
2019-01-18 09:58:59) Supervisor @6 finished 1 work units (ids in range 7 to 7) with 1 parts in the last interval. 100000000 steps in 6.956e+01 seconds (1.438e+06 steps/second).
2019-01-18 09:58:59) Replicate status: 0 aborted, 0 finished, 1 running, 14 waiting
2019-01-18 09:58:59)         Id       State      Time Work_Units
2019-01-18 09:58:59) -------------------------------------------
2019-01-18 09:58:59)          1     WAITING 4.999e+04          1
2019-01-18 09:58:59)          2     WAITING 4.999e+04          1
2019-01-18 09:58:59)          3     WAITING 5.000e+04          1
2019-01-18 09:58:59)          4     WAITING 5.000e+04          1
2019-01-18 09:58:59)          5     WAITING 5.000e+04          1
2019-01-18 09:58:59)          6     WAITING 5.000e+04          1
2019-01-18 09:58:59)          7     WAITING 5.000e+04          1
2019-01-18 09:58:59)          8     RUNNING 0.000e+00          0
2019-01-18 09:58:59)          9 NOT_STARTED 0.000e+00          0
2019-01-18 09:58:59)         10 NOT_STARTED 0.000e+00          0
2019-01-18 09:58:59)         11 NOT_STARTED 0.000e+00          0
2019-01-18 09:58:59)         12 NOT_STARTED 0.000e+00          0
2019-01-18 09:58:59)         13 NOT_STARTED 0.000e+00          0
2019-01-18 09:58:59)         14 NOT_STARTED 0.000e+00          0
2019-01-18 09:58:59)         15 NOT_STARTED 0.000e+00          0
2019-01-18 09:58:59) Slot status
2019-01-18 09:58:59)  Slot                                Resources Address  ME_Work_Units           Steps      Time Steps/Sec PDE_Work_Units           Steps      Time Steps/Sec
2019-01-18 09:58:59) ------------------------------------------------------------------------------------------------------------------------------------------------------------
2019-01-18 09:58:59)     0                      BPH-ER-Spectre1:c=1      @5              7       700000000 1.053e+02 6.650e+06              0               0 0.000e+00      -nan
2019-01-18 09:58:59) OutputWriter wrote 1 messages (112 bytes) in the last 60.0 seconds (0.000003 seconds writing). 0 messages (0 bytes) queued.
2019-01-18 09:59:59) ========================================================================================================================
2019-01-18 09:59:59) Performance statistics.
2019-01-18 09:59:59) Supervisor @6 finished 7 work units (ids in range 8 to 14) with 7 parts in the last interval. 700000000 steps in 7.364e+01 seconds (9.506e+06 steps/second).
2019-01-18 09:59:59) Replicate status: 0 aborted, 0 finished, 1 running, 14 waiting
2019-01-18 09:59:59)         Id       State      Time Work_Units
2019-01-18 09:59:59) -------------------------------------------
2019-01-18 09:59:59)          1     WAITING 4.999e+04          1
2019-01-18 09:59:59)          2     WAITING 4.999e+04          1
2019-01-18 09:59:59)          3     WAITING 5.000e+04          1
2019-01-18 09:59:59)          4     WAITING 5.000e+04          1
2019-01-18 09:59:59)          5     WAITING 5.000e+04          1
2019-01-18 09:59:59)          6     WAITING 5.000e+04          1
2019-01-18 09:59:59)          7     WAITING 5.000e+04          1
2019-01-18 09:59:59)          8     WAITING 5.000e+04          1
2019-01-18 09:59:59)          9     WAITING 5.000e+04          1
2019-01-18 09:59:59)         10     WAITING 5.001e+04          1
2019-01-18 09:59:59)         11     WAITING 5.000e+04          1
2019-01-18 09:59:59)         12     WAITING 5.000e+04          1
2019-01-18 09:59:59)         13     WAITING 5.002e+04          1
2019-01-18 09:59:59)         14     WAITING 5.001e+04          1
2019-01-18 09:59:59)         15     RUNNING 0.000e+00          0
2019-01-18 09:59:59) Slot status
2019-01-18 09:59:59)  Slot                                Resources Address  ME_Work_Units           Steps      Time Steps/Sec PDE_Work_Units           Steps      Time Steps/Sec
2019-01-18 09:59:59) ------------------------------------------------------------------------------------------------------------------------------------------------------------
2019-01-18 09:59:59)     0                      BPH-ER-Spectre1:c=1      @5             14      1400000000 1.789e+02 7.825e+06              0               0 0.000e+00      -nan
2019-01-18 09:59:59) OutputWriter wrote 7 messages (757 bytes) in the last 60.0 seconds (0.000003 seconds writing). 0 messages (0 bytes) queued.
2019-01-18 10:00:21) Replicate 6 completed with 1.00e+05 of simulation time using 2 work units.
2019-01-18 10:00:45) Replicate 12 completed with 1.00e+05 of simulation time using 2 work units.
2019-01-18 10:00:52) Replicate 11 completed with 1.00e+05 of simulation time using 2 work units.
2019-01-18 10:00:58) Replicate 4 completed with 1.00e+05 of simulation time using 2 work units.
2019-01-18 10:00:59) ========================================================================================================================
2019-01-18 10:00:59) Performance statistics.
2019-01-18 10:00:59) Supervisor @6 finished 9 work units (ids in range 15 to 23) with 9 parts in the last interval. 899936733 steps in 5.838e+01 seconds (1.542e+07 steps/second).
2019-01-18 10:00:59) Replicate status: 0 aborted, 4 finished, 1 running, 10 waiting
2019-01-18 10:00:59)         Id       State      Time Work_Units
2019-01-18 10:00:59) -------------------------------------------
2019-01-18 10:00:59)          1     WAITING 9.998e+04          2
2019-01-18 10:00:59)          2     WAITING 9.999e+04          2
2019-01-18 10:00:59)          3     WAITING 9.999e+04          2
2019-01-18 10:00:59)          4    FINISHED 1.000e+05          2
2019-01-18 10:00:59)          5     WAITING 5.000e+04          1
2019-01-18 10:00:59)          6    FINISHED 1.000e+05          2
2019-01-18 10:00:59)          7     WAITING 5.000e+04          1
2019-01-18 10:00:59)          8     RUNNING 5.000e+04          1
2019-01-18 10:00:59)          9     WAITING 9.999e+04          2
2019-01-18 10:00:59)         10     WAITING 5.001e+04          1
2019-01-18 10:00:59)         11    FINISHED 1.000e+05          2
2019-01-18 10:00:59)         12    FINISHED 1.000e+05          2
2019-01-18 10:00:59)         13     WAITING 5.002e+04          1
2019-01-18 10:00:59)         14     WAITING 5.001e+04          1
2019-01-18 10:00:59)         15     WAITING 5.001e+04          1
2019-01-18 10:00:59) Slot status
2019-01-18 10:00:59)  Slot                                Resources Address  ME_Work_Units           Steps      Time Steps/Sec PDE_Work_Units           Steps      Time Steps/Sec
2019-01-18 10:00:59) ------------------------------------------------------------------------------------------------------------------------------------------------------------
2019-01-18 10:00:59)     0                      BPH-ER-Spectre1:c=1      @5             23      2299936733 2.373e+02 9.693e+06              0               0 0.000e+00      -nan
2019-01-18 10:00:59) OutputWriter wrote 9 messages (1003 bytes) in the last 60.0 seconds (0.000004 seconds writing). 0 messages (0 bytes) queued.
2019-01-18 10:01:20) Replicate 8 completed with 1.00e+05 of simulation time using 2 work units.
2019-01-18 10:01:59) ========================================================================================================================
2019-01-18 10:01:59) Performance statistics.
2019-01-18 10:01:59) Supervisor @6 finished 1 work units (ids in range 24 to 24) with 1 parts in the last interval. 99975348 steps in 2.232e+01 seconds (4.479e+06 steps/second).
2019-01-18 10:01:59) Replicate status: 0 aborted, 5 finished, 1 running, 9 waiting
2019-01-18 10:01:59)         Id       State      Time Work_Units
2019-01-18 10:01:59) -------------------------------------------
2019-01-18 10:01:59)          1     WAITING 9.998e+04          2
2019-01-18 10:01:59)          2     WAITING 9.999e+04          2
2019-01-18 10:01:59)          3     WAITING 9.999e+04          2
2019-01-18 10:01:59)          4    FINISHED 1.000e+05          2
2019-01-18 10:01:59)          5     WAITING 5.000e+04          1
2019-01-18 10:01:59)          6    FINISHED 1.000e+05          2
2019-01-18 10:01:59)          7     RUNNING 5.000e+04          1
2019-01-18 10:01:59)          8    FINISHED 1.000e+05          2
2019-01-18 10:01:59)          9     WAITING 9.999e+04          2
2019-01-18 10:01:59)         10     WAITING 5.001e+04          1
2019-01-18 10:01:59)         11    FINISHED 1.000e+05          2
2019-01-18 10:01:59)         12    FINISHED 1.000e+05          2
2019-01-18 10:01:59)         13     WAITING 5.002e+04          1
2019-01-18 10:01:59)         14     WAITING 5.001e+04          1
2019-01-18 10:01:59)         15     WAITING 5.001e+04          1
2019-01-18 10:01:59) Slot status
2019-01-18 10:01:59)  Slot                                Resources Address  ME_Work_Units           Steps      Time Steps/Sec PDE_Work_Units           Steps      Time Steps/Sec
2019-01-18 10:01:59) ------------------------------------------------------------------------------------------------------------------------------------------------------------
2019-01-18 10:01:59)     0                      BPH-ER-Spectre1:c=1      @5             24      2399912081 2.596e+02 9.244e+06              0               0 0.000e+00      -nan
2019-01-18 10:01:59) OutputWriter wrote 1 messages (108 bytes) in the last 60.0 seconds (0.000002 seconds writing). 0 messages (0 bytes) queued.
2019-01-18 10:02:12) Replicate 7 completed with 1.00e+05 of simulation time using 2 work units.
2019-01-18 10:02:24) Replicate 5 completed with 1.00e+05 of simulation time using 2 work units.
2019-01-18 10:02:33) Replicate 10 completed with 1.00e+05 of simulation time using 2 work units.
2019-01-18 10:02:44) Replicate 15 completed with 1.00e+05 of simulation time using 2 work units.
2019-01-18 10:02:49) Replicate 13 completed with 1.00e+05 of simulation time using 2 work units.
2019-01-18 10:02:49) Replicate 1 completed with 1.00e+05 of simulation time using 3 work units.
2019-01-18 10:02:49) Replicate 2 completed with 1.00e+05 of simulation time using 3 work units.
2019-01-18 10:02:49) Replicate 9 completed with 1.00e+05 of simulation time using 3 work units.
2019-01-18 10:02:49) Replicate 3 completed with 1.00e+05 of simulation time using 3 work units.
2019-01-18 10:02:49) Replicate 14 completed with 1.00e+05 of simulation time using 3 work units.
2019-01-18 10:02:49) Replicate supervisor finished 15 replicates in 3.485e+02 seconds.
2019-01-18 10:02:49) 2019-01-18 10:02:49) Job finished.
Supervisor @6 finished.
2019-01-18 10:02:49) Hypervisor @0 finished.
2019-01-18 10:02:49) Work unit runner @5 finished.
2019-01-18 10:02:49) OutputPerformanceSignaler @4 finished.
2019-01-18 10:02:49) OutputWriter wrote 35 messages and 3595 bytes total.
2019-01-18 10:02:49) OutputWriter::HelperThread @3 finished.
2019-01-18 10:02:49) OutputWriter @3 flushing and closing.
2019-01-18 10:02:49) OutputWriter @3 finished.
2019-01-18 10:02:49) Resource controller @1 finished.
2019-01-18 10:02:49) Finalizing communications library.
2019-01-18 10:02:49) Program execution finished.
