Lattice Microbe ES v2019.01 Release build 2019-01-17-17-10-43 in 64-bit mode with options AVX CPP11 FMA SBML SNAPPY.
Copyright (C) 2012-2019 Roberts Group, Johns Hopkins University.
Copyright (C) 2008-2012 Luthey-Schulten Group, University of Illinois at Urbana-Champaign.

2019-01-18 09:32:45) Saving simulation output to  using lm::io::NullOutputWriter.
2019-01-18 09:32:45) Initializing communications library.
2019-01-18 09:32:45) Using local communicator on host BPH-ER-Spectre1.
2019-01-18 09:32:45) Created a resource map using localhost BPH-ER-Spectre1: 1 hosts allocated, 0 hosts registered
2019-01-18 09:32:45) Resource controller @1 started.
2019-01-18 09:32:45) Loading simulation input from perf/perf.99.latest/first_order_birth_death.lm using lm::io::hdf5::Hdf5InputReader.
simulation_options {
  time_limit: 100000
}
output_options {
  species_write_interval: 10000
  concentrations_write_interval: 10000
}
reaction_model {
  number_species: 1
  number_reactions: 2
  initial_species_count: 2000
  reaction {
    type: 0
    rate_constant: 1000
  }
  reaction {
    type: 1
    rate_constant: 1
  }
  stoichiometric_matrix: 1
  stoichiometric_matrix: -1
  dependency_matrix: 0
  dependency_matrix: 1
}
2019-01-18 09:32:45) Hypervisor @0 of type lm::simulation::SimpleHypervisor started.
2019-01-18 09:32:45) Resource controller @1 on BPH-ER-Spectre1 reported 8 cpu core(s) and 0 gpu device(s). 0 hosts registered, 1 hosts remaining.
2019-01-18 09:32:45) Registered resources for host BPH-ER-Spectre1 (defaults=1): 2 cpu cores, 0 gpu devices
2019-01-18 09:32:45) All resources registered with hypervisor, starting workers.
2019-01-18 09:32:45) Reserved core 0 on @1 for the output writer.
2019-01-18 09:32:45) Creating slot 0 on @1 using resources: BPH-ER-Spectre1:c=1.
2019-01-18 09:32:45) OutputPerformanceSignaler @4 started, writing performance statistics every 60 seconds.
2019-01-18 09:32:45) OutputWriter @3 started.
2019-01-18 09:32:45) Work Unit runner @5 started with 1 cpu cores (affinity=0) and 0 gpus.
2019-01-18 09:32:45) OutputWriter::HelperThread @3 started.
2019-01-18 09:32:45) Output performance signaller started: @4.
2019-01-18 09:32:45) Output writer started: @3.
2019-01-18 09:32:45) Work unit runner started: @5.
2019-01-18 09:32:45) All hypervisor workers have started, beginning job.
2019-01-18 09:32:45) Job started.
2019-01-18 09:32:45) Supervisor @6 of type lm::replicates::ReplicateSupervisor started.
2019-01-18 09:32:45) Replicate supervisor started.
2019-01-18 09:33:44) ========================================================================================================================
2019-01-18 09:33:44) Performance statistics.
2019-01-18 09:33:44) Supervisor @6 finished 0 work units in the last interval.
2019-01-18 09:33:44) Replicate status: 0 aborted, 0 finished, 1 running, 14 waiting
2019-01-18 09:33:44)         Id       State      Time Work_Units
2019-01-18 09:33:44) -------------------------------------------
2019-01-18 09:33:44)          1     RUNNING 0.000e+00          0
2019-01-18 09:33:44)          2 NOT_STARTED 0.000e+00          0
2019-01-18 09:33:44)          3 NOT_STARTED 0.000e+00          0
2019-01-18 09:33:44)          4 NOT_STARTED 0.000e+00          0
2019-01-18 09:33:44)          5 NOT_STARTED 0.000e+00          0
2019-01-18 09:33:44)          6 NOT_STARTED 0.000e+00          0
2019-01-18 09:33:44)          7 NOT_STARTED 0.000e+00          0
2019-01-18 09:33:44)          8 NOT_STARTED 0.000e+00          0
2019-01-18 09:33:44)          9 NOT_STARTED 0.000e+00          0
2019-01-18 09:33:44)         10 NOT_STARTED 0.000e+00          0
2019-01-18 09:33:44)         11 NOT_STARTED 0.000e+00          0
2019-01-18 09:33:44)         12 NOT_STARTED 0.000e+00          0
2019-01-18 09:33:44)         13 NOT_STARTED 0.000e+00          0
2019-01-18 09:33:44)         14 NOT_STARTED 0.000e+00          0
2019-01-18 09:33:44)         15 NOT_STARTED 0.000e+00          0
2019-01-18 09:33:44) Slot status
2019-01-18 09:33:44)  Slot                                Resources Address  ME_Work_Units           Steps      Time Steps/Sec PDE_Work_Units           Steps      Time Steps/Sec
2019-01-18 09:33:44) ------------------------------------------------------------------------------------------------------------------------------------------------------------
2019-01-18 09:33:44)     0                      BPH-ER-Spectre1:c=1      @5              0               0 0.000e+00      -nan              0               0 0.000e+00      -nan
2019-01-18 09:33:44) OutputWriter wrote 0 messages (0 bytes) in the last 59.5 seconds (0.000000 seconds writing). 0 messages (0 bytes) queued.
2019-01-18 09:34:44) ========================================================================================================================
2019-01-18 09:34:44) Performance statistics.
2019-01-18 09:34:44) Supervisor @6 finished 9 work units (ids in range 1 to 9) with 9 parts in the last interval. 900000000 steps in 1.178e+02 seconds (7.641e+06 steps/second).
2019-01-18 09:34:44) Replicate status: 0 aborted, 0 finished, 1 running, 14 waiting
2019-01-18 09:34:44)         Id       State      Time Work_Units
2019-01-18 09:34:44) -------------------------------------------
2019-01-18 09:34:44)          1     WAITING 5.000e+04          1
2019-01-18 09:34:44)          2     WAITING 5.000e+04          1
2019-01-18 09:34:44)          3     WAITING 5.000e+04          1
2019-01-18 09:34:44)          4     WAITING 5.000e+04          1
2019-01-18 09:34:44)          5     WAITING 5.000e+04          1
2019-01-18 09:34:44)          6     WAITING 5.000e+04          1
2019-01-18 09:34:44)          7     WAITING 5.001e+04          1
2019-01-18 09:34:44)          8     WAITING 5.000e+04          1
2019-01-18 09:34:44)          9     WAITING 5.001e+04          1
2019-01-18 09:34:44)         10     RUNNING 0.000e+00          0
2019-01-18 09:34:44)         11 NOT_STARTED 0.000e+00          0
2019-01-18 09:34:44)         12 NOT_STARTED 0.000e+00          0
2019-01-18 09:34:44)         13 NOT_STARTED 0.000e+00          0
2019-01-18 09:34:44)         14 NOT_STARTED 0.000e+00          0
2019-01-18 09:34:44)         15 NOT_STARTED 0.000e+00          0
2019-01-18 09:34:44) Slot status
2019-01-18 09:34:44)  Slot                                Resources Address  ME_Work_Units           Steps      Time Steps/Sec PDE_Work_Units           Steps      Time Steps/Sec
2019-01-18 09:34:44) ------------------------------------------------------------------------------------------------------------------------------------------------------------
2019-01-18 09:34:44)     0                      BPH-ER-Spectre1:c=1      @5              9       900000000 1.178e+02 7.641e+06              0               0 0.000e+00      -nan
2019-01-18 09:34:44) OutputWriter wrote 9 messages (981 bytes) in the last 60.0 seconds (0.000005 seconds writing). 0 messages (0 bytes) queued.
2019-01-18 09:35:44) ========================================================================================================================
2019-01-18 09:35:44) Performance statistics.
2019-01-18 09:35:44) Supervisor @6 finished 8 work units (ids in range 10 to 17) with 8 parts in the last interval. 800000000 steps in 5.457e+01 seconds (1.466e+07 steps/second).
2019-01-18 09:35:44) Replicate status: 0 aborted, 0 finished, 1 running, 14 waiting
2019-01-18 09:35:44)         Id       State      Time Work_Units
2019-01-18 09:35:44) -------------------------------------------
2019-01-18 09:35:44)          1     WAITING 5.000e+04          1
2019-01-18 09:35:44)          2     WAITING 5.000e+04          1
2019-01-18 09:35:44)          3     WAITING 5.000e+04          1
2019-01-18 09:35:44)          4     WAITING 5.000e+04          1
2019-01-18 09:35:44)          5     RUNNING 5.000e+04          1
2019-01-18 09:35:44)          6     WAITING 5.000e+04          1
2019-01-18 09:35:44)          7     WAITING 5.001e+04          1
2019-01-18 09:35:44)          8     WAITING 5.000e+04          1
2019-01-18 09:35:44)          9     WAITING 5.001e+04          1
2019-01-18 09:35:44)         10     WAITING 5.000e+04          1
2019-01-18 09:35:44)         11     WAITING 5.000e+04          1
2019-01-18 09:35:44)         12     WAITING 1.000e+05          2
2019-01-18 09:35:44)         13     WAITING 5.001e+04          1
2019-01-18 09:35:44)         14     WAITING 9.999e+04          2
2019-01-18 09:35:44)         15     WAITING 5.000e+04          1
2019-01-18 09:35:44) Slot status
2019-01-18 09:35:44)  Slot                                Resources Address  ME_Work_Units           Steps      Time Steps/Sec PDE_Work_Units           Steps      Time Steps/Sec
2019-01-18 09:35:44) ------------------------------------------------------------------------------------------------------------------------------------------------------------
2019-01-18 09:35:44)     0                      BPH-ER-Spectre1:c=1      @5             17      1700000000 1.723e+02 9.864e+06              0               0 0.000e+00      -nan
2019-01-18 09:35:44) OutputWriter wrote 8 messages (861 bytes) in the last 60.0 seconds (0.000005 seconds writing). 0 messages (0 bytes) queued.
2019-01-18 09:36:44) ========================================================================================================================
2019-01-18 09:36:44) Performance statistics.
2019-01-18 09:36:44) Supervisor @6 finished 1 work units (ids in range 18 to 18) with 1 parts in the last interval. 100000000 steps in 3.040e+01 seconds (3.290e+06 steps/second).
2019-01-18 09:36:44) Replicate status: 0 aborted, 0 finished, 1 running, 14 waiting
2019-01-18 09:36:44)         Id       State      Time Work_Units
2019-01-18 09:36:44) -------------------------------------------
2019-01-18 09:36:44)          1     RUNNING 5.000e+04          1
2019-01-18 09:36:44)          2     WAITING 5.000e+04          1
2019-01-18 09:36:44)          3     WAITING 5.000e+04          1
2019-01-18 09:36:44)          4     WAITING 5.000e+04          1
2019-01-18 09:36:44)          5     WAITING 9.999e+04          2
2019-01-18 09:36:44)          6     WAITING 5.000e+04          1
2019-01-18 09:36:44)          7     WAITING 5.001e+04          1
2019-01-18 09:36:44)          8     WAITING 5.000e+04          1
2019-01-18 09:36:44)          9     WAITING 5.001e+04          1
2019-01-18 09:36:44)         10     WAITING 5.000e+04          1
2019-01-18 09:36:44)         11     WAITING 5.000e+04          1
2019-01-18 09:36:44)         12     WAITING 1.000e+05          2
2019-01-18 09:36:44)         13     WAITING 5.001e+04          1
2019-01-18 09:36:44)         14     WAITING 9.999e+04          2
2019-01-18 09:36:44)         15     WAITING 5.000e+04          1
2019-01-18 09:36:44) Slot status
2019-01-18 09:36:44)  Slot                                Resources Address  ME_Work_Units           Steps      Time Steps/Sec PDE_Work_Units           Steps      Time Steps/Sec
2019-01-18 09:36:44) ------------------------------------------------------------------------------------------------------------------------------------------------------------
2019-01-18 09:36:44)     0                      BPH-ER-Spectre1:c=1      @5             18      1800000000 2.027e+02 8.878e+06              0               0 0.000e+00      -nan
2019-01-18 09:36:44) OutputWriter wrote 1 messages (107 bytes) in the last 60.0 seconds (0.000003 seconds writing). 0 messages (0 bytes) queued.
2019-01-18 09:37:04) Replicate 11 completed with 1.00e+05 of simulation time using 2 work units.
2019-01-18 09:37:18) Replicate 15 completed with 1.00e+05 of simulation time using 2 work units.
2019-01-18 09:37:23) Replicate 6 completed with 1.00e+05 of simulation time using 2 work units.
2019-01-18 09:37:34) Replicate 2 completed with 1.00e+05 of simulation time using 2 work units.
2019-01-18 09:37:40) Replicate 8 completed with 1.00e+05 of simulation time using 2 work units.
2019-01-18 09:37:44) ========================================================================================================================
2019-01-18 09:37:44) Performance statistics.
2019-01-18 09:37:44) Supervisor @6 finished 8 work units (ids in range 19 to 26) with 8 parts in the last interval. 799934551 steps in 9.230e+01 seconds (8.667e+06 steps/second).
2019-01-18 09:37:44) Replicate status: 0 aborted, 5 finished, 1 running, 9 waiting
2019-01-18 09:37:44)         Id       State      Time Work_Units
2019-01-18 09:37:44) -------------------------------------------
2019-01-18 09:37:44)          1     WAITING 1.000e+05          2
2019-01-18 09:37:44)          2    FINISHED 1.000e+05          2
2019-01-18 09:37:44)          3     WAITING 9.999e+04          2
2019-01-18 09:37:44)          4     WAITING 9.998e+04          2
2019-01-18 09:37:44)          5     WAITING 9.999e+04          2
2019-01-18 09:37:44)          6    FINISHED 1.000e+05          2
2019-01-18 09:37:44)          7     WAITING 5.001e+04          1
2019-01-18 09:37:44)          8    FINISHED 1.000e+05          2
2019-01-18 09:37:44)          9     WAITING 5.001e+04          1
2019-01-18 09:37:44)         10     RUNNING 5.000e+04          1
2019-01-18 09:37:44)         11    FINISHED 1.000e+05          2
2019-01-18 09:37:44)         12     WAITING 1.000e+05          2
2019-01-18 09:37:44)         13     WAITING 5.001e+04          1
2019-01-18 09:37:44)         14     WAITING 9.999e+04          2
2019-01-18 09:37:44)         15    FINISHED 1.000e+05          2
2019-01-18 09:37:44) Slot status
2019-01-18 09:37:44)  Slot                                Resources Address  ME_Work_Units           Steps      Time Steps/Sec PDE_Work_Units           Steps      Time Steps/Sec
2019-01-18 09:37:44) ------------------------------------------------------------------------------------------------------------------------------------------------------------
2019-01-18 09:37:44)     0                      BPH-ER-Spectre1:c=1      @5             26      2599934551 2.950e+02 8.812e+06              0               0 0.000e+00      -nan
2019-01-18 09:37:44) OutputWriter wrote 8 messages (864 bytes) in the last 60.0 seconds (0.000003 seconds writing). 0 messages (0 bytes) queued.
2019-01-18 09:37:52) Replicate 7 completed with 1.00e+05 of simulation time using 2 work units.
2019-01-18 09:37:58) Replicate 9 completed with 1.00e+05 of simulation time using 2 work units.
2019-01-18 09:38:04) Replicate 4 completed with 1.00e+05 of simulation time using 3 work units.
2019-01-18 09:38:04) Replicate 14 completed with 1.00e+05 of simulation time using 3 work units.
2019-01-18 09:38:04) Replicate 5 completed with 1.00e+05 of simulation time using 3 work units.
2019-01-18 09:38:04) Replicate 3 completed with 1.00e+05 of simulation time using 3 work units.
2019-01-18 09:38:04) Replicate 13 completed with 1.00e+05 of simulation time using 3 work units.
2019-01-18 09:38:04) Replicate 12 completed with 1.00e+05 of simulation time using 3 work units.
2019-01-18 09:38:04) Replicate 10 completed with 1.00e+05 of simulation time using 3 work units.
2019-01-18 09:38:04) Replicate 1 completed with 1.00e+05 of simulation time using 3 work units.
2019-01-18 09:38:04) Replicate supervisor finished 15 replicates in 3.191e+02 seconds.
2019-01-18 09:38:04) Job finished.2019-01-18 09:38:04) Supervisor @6 finished.

2019-01-18 09:38:04) Hypervisor @0 finished.
2019-01-18 09:38:04) Work unit runner @5 finished.
2019-01-18 09:38:04) OutputPerformanceSignaler @4 finished.
2019-01-18 09:38:04) OutputWriter wrote 38 messages and 3771 bytes total.
2019-01-18 09:38:04) OutputWriter::HelperThread @3 finished.
2019-01-18 09:38:04) OutputWriter @3 flushing and closing.
2019-01-18 09:38:04) OutputWriter @3 finished.
2019-01-18 09:38:04) Resource controller @1 finished.
2019-01-18 09:38:04) Finalizing communications library.
2019-01-18 09:38:04) Program execution finished.
