Lattice Microbe ES v2019.01 Release build 2019-01-17-17-10-43 in 64-bit mode with options AVX CPP11 FMA SBML SNAPPY.
Copyright (C) 2012-2019 Roberts Group, Johns Hopkins University.
Copyright (C) 2008-2012 Luthey-Schulten Group, University of Illinois at Urbana-Champaign.

2019-01-18 09:16:07) Saving simulation output to  using lm::io::NullOutputWriter.
2019-01-18 09:16:07) Initializing communications library.
2019-01-18 09:16:07) Using local communicator on host BPH-ER-Spectre1.
2019-01-18 09:16:07) Created a resource map using localhost BPH-ER-Spectre1: 1 hosts allocated, 0 hosts registered
2019-01-18 09:16:07) Resource controller @1 started.
2019-01-18 09:16:07) Loading simulation input from perf/perf.99.latest/first_order_birth_death.lm using lm::io::hdf5::Hdf5InputReader.
simulation_options {
  time_limit: 100000
}
output_options {
  species_write_interval: 10000
  concentrations_write_interval: 10000
}
reaction_model {
  number_species: 1
  number_reactions: 2
  initial_species_count: 2000
  reaction {
    type: 0
    rate_constant: 1000
  }
  reaction {
    type: 1
    rate_constant: 1
  }
  stoichiometric_matrix: 1
  stoichiometric_matrix: -1
  dependency_matrix: 0
  dependency_matrix: 1
}
2019-01-18 09:16:07) Hypervisor @0 of type lm::simulation::SimpleHypervisor started.
2019-01-18 09:16:07) Resource controller @1 on BPH-ER-Spectre1 reported 8 cpu core(s) and 0 gpu device(s). 0 hosts registered, 1 hosts remaining.
2019-01-18 09:16:07) Registered resources for host BPH-ER-Spectre1 (defaults=1): 2 cpu cores, 0 gpu devices
2019-01-18 09:16:07) All resources registered with hypervisor, starting workers.
2019-01-18 09:16:07) Reserved core 0 on @1 for the output writer.
2019-01-18 09:16:07) OutputWriter @3 started.
2019-01-18 09:16:07) Creating slot 0 on @1 using resources: BPH-ER-Spectre1:c=1.
2019-01-18 09:16:07) OutputWriter::HelperThread @3 started.
2019-01-18 09:16:07) Output writer started: @3.
2019-01-18 09:16:07) OutputPerformanceSignaler @4 started, writing performance statistics every 60 seconds.
2019-01-18 09:16:07) Work Unit runner @5 started with 1 cpu cores (affinity=0) and 0 gpus.
2019-01-18 09:16:07) Output performance signaller started: @4.
2019-01-18 09:16:07) Work unit runner started: @5.
2019-01-18 09:16:07) All hypervisor workers have started, beginning job.
2019-01-18 09:16:07) Job started.
2019-01-18 09:16:07) Supervisor @6 of type lm::replicates::ReplicateSupervisor started.
2019-01-18 09:16:07) Replicate supervisor started.
2019-01-18 09:17:06) ========================================================================================================================
2019-01-18 09:17:06) Performance statistics.
2019-01-18 09:17:06) Supervisor @6 finished 11 work units (ids in range 0 to 11) with 11 parts in the last interval. 1100000000 steps in 5.801e+01 seconds (1.896e+07 steps/second).
2019-01-18 09:17:06) Replicate status: 0 aborted, 0 finished, 1 running, 14 waiting
2019-01-18 09:17:06)         Id       State      Time Work_Units
2019-01-18 09:17:06) -------------------------------------------
2019-01-18 09:17:06)          1     WAITING 5.000e+04          1
2019-01-18 09:17:06)          2     WAITING 5.001e+04          1
2019-01-18 09:17:06)          3     WAITING 5.000e+04          1
2019-01-18 09:17:06)          4     WAITING 5.000e+04          1
2019-01-18 09:17:06)          5     WAITING 5.001e+04          1
2019-01-18 09:17:06)          6     WAITING 4.999e+04          1
2019-01-18 09:17:06)          7     WAITING 4.998e+04          1
2019-01-18 09:17:06)          8     WAITING 5.000e+04          1
2019-01-18 09:17:06)          9     WAITING 4.999e+04          1
2019-01-18 09:17:06)         10     WAITING 4.999e+04          1
2019-01-18 09:17:06)         11     WAITING 5.000e+04          1
2019-01-18 09:17:06)         12     RUNNING 0.000e+00          0
2019-01-18 09:17:06)         13 NOT_STARTED 0.000e+00          0
2019-01-18 09:17:06)         14 NOT_STARTED 0.000e+00          0
2019-01-18 09:17:06)         15 NOT_STARTED 0.000e+00          0
2019-01-18 09:17:06) Slot status
2019-01-18 09:17:06)  Slot                                Resources Address  ME_Work_Units           Steps      Time Steps/Sec PDE_Work_Units           Steps      Time Steps/Sec
2019-01-18 09:17:06) ------------------------------------------------------------------------------------------------------------------------------------------------------------
2019-01-18 09:17:06)     0                      BPH-ER-Spectre1:c=1      @5             11      1100000000 5.801e+01 1.896e+07              0               0 0.000e+00      -nan
2019-01-18 09:17:06) OutputWriter wrote 11 messages (1160 bytes) in the last 59.1 seconds (0.000004 seconds writing). 0 messages (0 bytes) queued.
2019-01-18 09:18:07) ========================================================================================================================
2019-01-18 09:18:07) Performance statistics.
2019-01-18 09:18:07) Supervisor @6 finished 2 work units (ids in range 12 to 13) with 2 parts in the last interval. 200000000 steps in 5.849e+01 seconds (3.419e+06 steps/second).
2019-01-18 09:18:07) Replicate status: 0 aborted, 0 finished, 1 running, 14 waiting
2019-01-18 09:18:07)         Id       State      Time Work_Units
2019-01-18 09:18:07) -------------------------------------------
2019-01-18 09:18:07)          1     WAITING 5.000e+04          1
2019-01-18 09:18:07)          2     WAITING 5.001e+04          1
2019-01-18 09:18:07)          3     WAITING 5.000e+04          1
2019-01-18 09:18:07)          4     WAITING 5.000e+04          1
2019-01-18 09:18:07)          5     WAITING 5.001e+04          1
2019-01-18 09:18:07)          6     WAITING 4.999e+04          1
2019-01-18 09:18:07)          7     WAITING 4.998e+04          1
2019-01-18 09:18:07)          8     WAITING 5.000e+04          1
2019-01-18 09:18:07)          9     WAITING 4.999e+04          1
2019-01-18 09:18:07)         10     WAITING 4.999e+04          1
2019-01-18 09:18:07)         11     WAITING 5.000e+04          1
2019-01-18 09:18:07)         12     WAITING 5.000e+04          1
2019-01-18 09:18:07)         13     WAITING 4.999e+04          1
2019-01-18 09:18:07)         14     RUNNING 0.000e+00          0
2019-01-18 09:18:07)         15 NOT_STARTED 0.000e+00          0
2019-01-18 09:18:07) Slot status
2019-01-18 09:18:07)  Slot                                Resources Address  ME_Work_Units           Steps      Time Steps/Sec PDE_Work_Units           Steps      Time Steps/Sec
2019-01-18 09:18:07) ------------------------------------------------------------------------------------------------------------------------------------------------------------
2019-01-18 09:18:07)     0                      BPH-ER-Spectre1:c=1      @5             13      1300000000 1.165e+02 1.116e+07              0               0 0.000e+00      -nan
2019-01-18 09:18:07) OutputWriter wrote 2 messages (215 bytes) in the last 60.0 seconds (0.000003 seconds writing). 0 messages (0 bytes) queued.
2019-01-18 09:19:06) ========================================================================================================================
2019-01-18 09:19:06) Performance statistics.
2019-01-18 09:19:06) Supervisor @6 finished 4 work units (ids in range 14 to 17) with 4 parts in the last interval. 400000000 steps in 5.950e+01 seconds (6.723e+06 steps/second).
2019-01-18 09:19:06) Replicate status: 0 aborted, 0 finished, 1 running, 14 waiting
2019-01-18 09:19:06)         Id       State      Time Work_Units
2019-01-18 09:19:06) -------------------------------------------
2019-01-18 09:19:06)          1     WAITING 5.000e+04          1
2019-01-18 09:19:06)          2     WAITING 5.001e+04          1
2019-01-18 09:19:06)          3     WAITING 5.000e+04          1
2019-01-18 09:19:06)          4     WAITING 5.000e+04          1
2019-01-18 09:19:06)          5     WAITING 5.001e+04          1
2019-01-18 09:19:06)          6     RUNNING 4.999e+04          1
2019-01-18 09:19:06)          7     WAITING 9.999e+04          2
2019-01-18 09:19:06)          8     WAITING 5.000e+04          1
2019-01-18 09:19:06)          9     WAITING 4.999e+04          1
2019-01-18 09:19:06)         10     WAITING 4.999e+04          1
2019-01-18 09:19:06)         11     WAITING 5.000e+04          1
2019-01-18 09:19:06)         12     WAITING 5.000e+04          1
2019-01-18 09:19:06)         13     WAITING 4.999e+04          1
2019-01-18 09:19:06)         14     WAITING 5.000e+04          1
2019-01-18 09:19:06)         15     WAITING 9.997e+04          2
2019-01-18 09:19:06) Slot status
2019-01-18 09:19:06)  Slot                                Resources Address  ME_Work_Units           Steps      Time Steps/Sec PDE_Work_Units           Steps      Time Steps/Sec
2019-01-18 09:19:06) ------------------------------------------------------------------------------------------------------------------------------------------------------------
2019-01-18 09:19:06)     0                      BPH-ER-Spectre1:c=1      @5             17      1700000000 1.760e+02 9.659e+06              0               0 0.000e+00      -nan
2019-01-18 09:19:06) OutputWriter wrote 4 messages (431 bytes) in the last 60.0 seconds (0.000002 seconds writing). 0 messages (0 bytes) queued.
2019-01-18 09:19:19) Replicate 13 completed with 1.00e+05 of simulation time using 2 work units.
2019-01-18 09:19:29) Replicate 4 completed with 1.00e+05 of simulation time using 2 work units.
2019-01-18 09:19:40) Replicate 3 completed with 1.00e+05 of simulation time using 2 work units.
2019-01-18 09:19:46) Replicate 8 completed with 1.00e+05 of simulation time using 2 work units.
2019-01-18 09:20:06) ========================================================================================================================
2019-01-18 09:20:06) Performance statistics.
2019-01-18 09:20:06) Supervisor @6 finished 8 work units (ids in range 18 to 25) with 8 parts in the last interval. 799973001 steps in 4.239e+01 seconds (1.887e+07 steps/second).
2019-01-18 09:20:06) Replicate status: 0 aborted, 4 finished, 1 running, 10 waiting
2019-01-18 09:20:06)         Id       State      Time Work_Units
2019-01-18 09:20:06) -------------------------------------------
2019-01-18 09:20:06)          1     RUNNING 5.000e+04          1
2019-01-18 09:20:06)          2     WAITING 5.001e+04          1
2019-01-18 09:20:06)          3    FINISHED 1.000e+05          2
2019-01-18 09:20:06)          4    FINISHED 1.000e+05          2
2019-01-18 09:20:06)          5     WAITING 5.001e+04          1
2019-01-18 09:20:06)          6     WAITING 9.998e+04          2
2019-01-18 09:20:06)          7     WAITING 9.999e+04          2
2019-01-18 09:20:06)          8    FINISHED 1.000e+05          2
2019-01-18 09:20:06)          9     WAITING 9.999e+04          2
2019-01-18 09:20:06)         10     WAITING 9.999e+04          2
2019-01-18 09:20:06)         11     WAITING 9.998e+04          2
2019-01-18 09:20:06)         12     WAITING 5.000e+04          1
2019-01-18 09:20:06)         13    FINISHED 1.000e+05          2
2019-01-18 09:20:06)         14     WAITING 5.000e+04          1
2019-01-18 09:20:06)         15     WAITING 9.997e+04          2
2019-01-18 09:20:06) Slot status
2019-01-18 09:20:06)  Slot                                Resources Address  ME_Work_Units           Steps      Time Steps/Sec PDE_Work_Units           Steps      Time Steps/Sec
2019-01-18 09:20:06) ------------------------------------------------------------------------------------------------------------------------------------------------------------
2019-01-18 09:20:06)     0                      BPH-ER-Spectre1:c=1      @5             25      2499973001 2.184e+02 1.145e+07              0               0 0.000e+00      -nan
2019-01-18 09:20:06) OutputWriter wrote 8 messages (900 bytes) in the last 60.0 seconds (0.000004 seconds writing). 0 messages (0 bytes) queued.
2019-01-18 09:21:06) ========================================================================================================================
2019-01-18 09:21:06) Performance statistics.
2019-01-18 09:21:06) Supervisor @6 finished 1 work units (ids in range 26 to 26) with 1 parts in the last interval. 100000000 steps in 2.224e+01 seconds (4.496e+06 steps/second).
2019-01-18 09:21:06) Replicate status: 0 aborted, 4 finished, 1 running, 10 waiting
2019-01-18 09:21:06)         Id       State      Time Work_Units
2019-01-18 09:21:06) -------------------------------------------
2019-01-18 09:21:06)          1     WAITING 1.000e+05          2
2019-01-18 09:21:06)          2     WAITING 5.001e+04          1
2019-01-18 09:21:06)          3    FINISHED 1.000e+05          2
2019-01-18 09:21:06)          4    FINISHED 1.000e+05          2
2019-01-18 09:21:06)          5     WAITING 5.001e+04          1
2019-01-18 09:21:06)          6     WAITING 9.998e+04          2
2019-01-18 09:21:06)          7     WAITING 9.999e+04          2
2019-01-18 09:21:06)          8    FINISHED 1.000e+05          2
2019-01-18 09:21:06)          9     WAITING 9.999e+04          2
2019-01-18 09:21:06)         10     WAITING 9.999e+04          2
2019-01-18 09:21:06)         11     WAITING 9.998e+04          2
2019-01-18 09:21:06)         12     RUNNING 5.000e+04          1
2019-01-18 09:21:06)         13    FINISHED 1.000e+05          2
2019-01-18 09:21:06)         14     WAITING 5.000e+04          1
2019-01-18 09:21:06)         15     WAITING 9.997e+04          2
2019-01-18 09:21:06) Slot status
2019-01-18 09:21:06)  Slot                                Resources Address  ME_Work_Units           Steps      Time Steps/Sec PDE_Work_Units           Steps      Time Steps/Sec
2019-01-18 09:21:06) ------------------------------------------------------------------------------------------------------------------------------------------------------------
2019-01-18 09:21:06)     0                      BPH-ER-Spectre1:c=1      @5             26      2599973001 2.406e+02 1.080e+07              0               0 0.000e+00      -nan
2019-01-18 09:21:06) OutputWriter wrote 1 messages (99 bytes) in the last 60.0 seconds (0.000003 seconds writing). 0 messages (0 bytes) queued.
2019-01-18 09:21:23) Replicate 12 completed with 1.00e+05 of simulation time using 2 work units.
2019-01-18 09:21:41) Replicate 14 completed with 1.00e+05 of simulation time using 2 work units.
2019-01-18 09:21:51) Replicate 2 completed with 1.00e+05 of simulation time using 2 work units.
2019-01-18 09:21:57) Replicate 15 completed with 1.00e+05 of simulation time using 3 work units.
2019-01-18 09:21:57) Replicate 11 completed with 1.00e+05 of simulation time using 3 work units.
2019-01-18 09:21:57) Replicate 6 completed with 1.00e+05 of simulation time using 3 work units.
2019-01-18 09:21:57) Replicate 9 completed with 1.00e+05 of simulation time using 3 work units.
2019-01-18 09:21:57) Replicate 10 completed with 1.00e+05 of simulation time using 3 work units.
2019-01-18 09:21:57) Replicate 7 completed with 1.00e+05 of simulation time using 3 work units.
2019-01-18 09:21:57) Replicate 5 completed with 1.00e+05 of simulation time using 3 work units.
2019-01-18 09:21:57) Replicate 1 completed with 1.00e+05 of simulation time using 3 work units.
2019-01-18 09:21:57) Replicate supervisor finished 15 replicates in 3.495e+02 seconds.
2019-01-18 09:21:57) Supervisor @6 finished.
2019-01-18 09:21:57) Job finished.
2019-01-18 09:21:57) Hypervisor @0 finished.
2019-01-18 09:21:57) Work unit runner @5 finished.
2019-01-18 09:21:57) OutputPerformanceSignaler @4 finished.
2019-01-18 09:21:57) OutputWriter wrote 38 messages and 3772 bytes total.
2019-01-18 09:21:57) OutputWriter::HelperThread @3 finished.
2019-01-18 09:21:57) OutputWriter @3 flushing and closing.
2019-01-18 09:21:57) OutputWriter @3 finished.
2019-01-18 09:21:57) Resource controller @1 finished.
2019-01-18 09:21:57) Finalizing communications library.
2019-01-18 09:21:57) Program execution finished.
