Lattice Microbe ES v2019.01 Release build 2019-01-18-09-31-20 in 64-bit mode with options AVX CPP11 SBML SNAPPY.
Copyright (C) 2012-2019 Roberts Group, Johns Hopkins University.
Copyright (C) 2008-2012 Luthey-Schulten Group, University of Illinois at Urbana-Champaign.

2019-01-18 09:56:55) Saving simulation output to  using lm::io::NullOutputWriter.
2019-01-18 09:56:55) Initializing communications library.
2019-01-18 09:56:55) Using local communicator on host barkeri.local.
2019-01-18 09:56:55) Created a resource map using localhost barkeri.local: 1 hosts allocated, 0 hosts registered
2019-01-18 09:56:55) Resource controller @1 started.
2019-01-18 09:56:55) Loading simulation input from perf/perf.99.latest/first_order_birth_death.lm using lm::io::hdf5::Hdf5InputReader.
simulation_options {
  time_limit: 100000
}
output_options {
  species_write_interval: 10000
  concentrations_write_interval: 10000
}
reaction_model {
  number_species: 1
  number_reactions: 2
  initial_species_count: 2000
  reaction {
    type: 0
    rate_constant: 1000
  }
  reaction {
    type: 1
    rate_constant: 1
  }
  stoichiometric_matrix: 1
  stoichiometric_matrix: -1
  dependency_matrix: 0
  dependency_matrix: 1
}
2019-01-18 09:56:55) Hypervisor @0 of type lm::simulation::SimpleHypervisor started.
2019-01-18 09:56:55) Resource controller @1 on barkeri.local reported 8 cpu core(s) and 0 gpu device(s). 0 hosts registered, 1 hosts remaining.
2019-01-18 09:56:55) Registered resources for host barkeri.local (defaults=1): 2 cpu cores, 0 gpu devices
2019-01-18 09:56:55) All resources registered with hypervisor, starting workers.
2019-01-18 09:56:55) Reserved core 0 on @1 for the output writer.
2019-01-18 09:56:55) OutputWriter @3 started.
2019-01-18 09:56:55) OutputPerformanceSignaler @4 started, writing performance statistics every 60 seconds.
2019-01-18 09:56:55) 2019-01-18 09:56:55) Creating slot 0 on @1 using resources: barkeri.local:c=1.OutputWriter::HelperThread @3 started.

2019-01-18 09:56:55) Output writer started: @3.
2019-01-18 09:56:55) Output performance signaller started: @4.
2019-01-18 09:56:55) Work Unit runner @5 started with 1 cpu cores (affinity=0) and 0 gpus.
2019-01-18 09:56:55) Work unit runner started: @5.
2019-01-18 09:56:55) All hypervisor workers have started, beginning job.
2019-01-18 09:56:55) Job started.
2019-01-18 09:56:55) Supervisor @6 of type lm::replicates::ReplicateSupervisor started.
2019-01-18 09:56:55) Replicate supervisor started.
2019-01-18 09:57:55) ========================================================================================================================
2019-01-18 09:57:55) Performance statistics.
2019-01-18 09:57:55) Supervisor @6 finished 10 work units (ids in range 0 to 10) with 10 parts in the last interval. 1000000000 steps in 5.450e+01 seconds (1.835e+07 steps/second).
2019-01-18 09:57:55) Replicate status: 0 aborted, 0 finished, 1 running, 14 waiting
2019-01-18 09:57:55)         Id       State      Time Work_Units
2019-01-18 09:57:55) -------------------------------------------
2019-01-18 09:57:55)          1     WAITING 5.001e+04          1
2019-01-18 09:57:55)          2     WAITING 5.000e+04          1
2019-01-18 09:57:55)          3     WAITING 4.999e+04          1
2019-01-18 09:57:55)          4     WAITING 5.001e+04          1
2019-01-18 09:57:55)          5     WAITING 5.000e+04          1
2019-01-18 09:57:55)          6     WAITING 5.000e+04          1
2019-01-18 09:57:55)          7     WAITING 5.000e+04          1
2019-01-18 09:57:55)          8     WAITING 5.001e+04          1
2019-01-18 09:57:55)          9     WAITING 5.000e+04          1
2019-01-18 09:57:55)         10     WAITING 4.998e+04          1
2019-01-18 09:57:55)         11     RUNNING 0.000e+00          0
2019-01-18 09:57:55)         12 NOT_STARTED 0.000e+00          0
2019-01-18 09:57:55)         13 NOT_STARTED 0.000e+00          0
2019-01-18 09:57:55)         14 NOT_STARTED 0.000e+00          0
2019-01-18 09:57:55)         15 NOT_STARTED 0.000e+00          0
2019-01-18 09:57:55) Slot status
2019-01-18 09:57:55)  Slot                                Resources Address  ME_Work_Units           Steps      Time Steps/Sec PDE_Work_Units           Steps      Time Steps/Sec
2019-01-18 09:57:55) ------------------------------------------------------------------------------------------------------------------------------------------------------------
2019-01-18 09:57:55)     0                        barkeri.local:c=1      @5             10      1000000000 5.450e+01 1.835e+07              0               0 0.000e+00       nan
2019-01-18 09:57:55) OutputWriter wrote 10 messages (1093 bytes) in the last 59.8 seconds (0.000007 seconds writing). 0 messages (0 bytes) queued.
2019-01-18 09:58:33) Replicate 14 completed with 1.00e+05 of simulation time using 2 work units.
2019-01-18 09:58:54) Replicate 9 completed with 1.00e+05 of simulation time using 2 work units.
2019-01-18 09:58:55) ========================================================================================================================
2019-01-18 09:58:55) Performance statistics.
2019-01-18 09:58:55) Supervisor @6 finished 12 work units (ids in range 11 to 22) with 12 parts in the last interval. 1199987867 steps in 6.518e+01 seconds (1.841e+07 steps/second).
2019-01-18 09:58:55) Replicate status: 0 aborted, 2 finished, 1 running, 12 waiting
2019-01-18 09:58:55)         Id       State      Time Work_Units
2019-01-18 09:58:55) -------------------------------------------
2019-01-18 09:58:55)          1     WAITING 5.001e+04          1
2019-01-18 09:58:55)          2     RUNNING 5.000e+04          1
2019-01-18 09:58:55)          3     WAITING 9.999e+04          2
2019-01-18 09:58:55)          4     WAITING 5.001e+04          1
2019-01-18 09:58:55)          5     WAITING 5.000e+04          1
2019-01-18 09:58:55)          6     WAITING 9.999e+04          2
2019-01-18 09:58:55)          7     WAITING 5.000e+04          1
2019-01-18 09:58:55)          8     WAITING 5.001e+04          1
2019-01-18 09:58:55)          9    FINISHED 1.000e+05          2
2019-01-18 09:58:55)         10     WAITING 9.999e+04          2
2019-01-18 09:58:55)         11     WAITING 1.000e+05          2
2019-01-18 09:58:55)         12     WAITING 9.999e+04          2
2019-01-18 09:58:55)         13     WAITING 5.001e+04          1
2019-01-18 09:58:55)         14    FINISHED 1.000e+05          2
2019-01-18 09:58:55)         15     WAITING 5.000e+04          1
2019-01-18 09:58:55) Slot status
2019-01-18 09:58:55)  Slot                                Resources Address  ME_Work_Units           Steps      Time Steps/Sec PDE_Work_Units           Steps      Time Steps/Sec
2019-01-18 09:58:55) ------------------------------------------------------------------------------------------------------------------------------------------------------------
2019-01-18 09:58:55)     0                        barkeri.local:c=1      @5             22      2199987867 1.197e+02 1.838e+07              0               0 0.000e+00       nan
2019-01-18 09:58:55) OutputWriter wrote 12 messages (1298 bytes) in the last 60.0 seconds (0.000008 seconds writing). 0 messages (0 bytes) queued.
2019-01-18 09:59:00) Replicate 2 completed with 1.00e+05 of simulation time using 2 work units.
2019-01-18 09:59:05) Replicate 15 completed with 1.00e+05 of simulation time using 2 work units.
2019-01-18 09:59:21) Replicate 13 completed with 1.00e+05 of simulation time using 2 work units.
2019-01-18 09:59:27) Replicate 4 completed with 1.00e+05 of simulation time using 2 work units.
2019-01-18 09:59:32) Replicate 1 completed with 1.00e+05 of simulation time using 2 work units.
2019-01-18 09:59:38) Replicate 8 completed with 1.00e+05 of simulation time using 2 work units.
2019-01-18 09:59:38) Replicate 10 completed with 1.00e+05 of simulation time using 3 work units.
2019-01-18 09:59:38) Replicate 12 completed with 1.00e+05 of simulation time using 3 work units.
2019-01-18 09:59:38) Replicate 3 completed with 1.00e+05 of simulation time using 3 work units.
2019-01-18 09:59:38) Replicate 6 completed with 1.00e+05 of simulation time using 3 work units.
2019-01-18 09:59:38) Replicate 7 completed with 1.00e+05 of simulation time using 3 work units.
2019-01-18 09:59:38) Replicate 11 completed with 1.00e+05 of simulation time using 3 work units.
2019-01-18 09:59:38) Replicate 5 completed with 1.00e+05 of simulation time using 3 work units.
2019-01-18 09:59:38) Replicate supervisor finished 15 replicates in 1.631e+02 seconds.
2019-01-18 09:59:38) 2019-01-18 09:59:38) Job finished.Supervisor @6 finished.

2019-01-18 09:59:38) Hypervisor @0 finished.
2019-01-18 09:59:38) Work unit runner @5 finished.
2019-01-18 09:59:38) OutputPerformanceSignaler @4 finished.
2019-01-18 09:59:38) OutputWriter wrote 37 messages and 3713 bytes total.
2019-01-18 09:59:38) OutputWriter::HelperThread @3 finished.
2019-01-18 09:59:38) OutputWriter @3 flushing and closing.
2019-01-18 09:59:38) OutputWriter @3 finished.
2019-01-18 09:59:38) Resource controller @1 finished.
2019-01-18 09:59:38) Finalizing communications library.
2019-01-18 09:59:38) Program execution finished.
