Lattice Microbe ES v2016.12 build 2016-12-12-10-28-56 in 64-bit mode with options AVX SBML.
Copyright (C) 2012-2017 Roberts Group, Johns Hopkins University.
Copyright (C) 2008-2012 Luthey-Schulten Group, University of Illinois at Urbana-Champaign.

2016-11-12 10:57:28) Initializing communications library.
2016-11-12 10:57:28) Using local communicator on host barkeri.bph.jhu.edu.
2016-11-12 10:57:28) Resource controller @1 started.
2016-11-12 10:57:28) Supervisor @0 started.
2016-11-12 10:57:28) Resource controller @1 on barkeri.bph.jhu.edu registered with 8 cpu core(s) and 0 gpu device(s).
2016-11-12 10:57:28) Registered resources for host barkeri.bph.jhu.edu (defaults=1): 2 cpu cores, 0 gpu devices
2016-11-12 10:57:28) All resources registered with supervisor, starting workers.
2016-11-12 10:57:28) Reserved core 0 on @1 for the output writer.
2016-11-12 10:57:28) Creating slot 0 on @1 using resources: barkeri.bph.jhu.edu; @1; cpu core list:1; gpu device list:<none>.
2016-11-12 10:57:28) OutputWriter @3 started.
2016-11-12 10:57:28) Output writer started: @3.
2016-11-12 10:57:28) 2016-11-12 10:57:28) OutputWriter::HelperThread @3 started.Work Unit runner @4 started with 1 cpu cores (affinity=0) and 0 gpus.

2016-11-12 10:57:28) Work unit runner started: @4.
2016-11-12 10:57:28) All supervisor workers have started, beginning simulation.
2016-11-12 10:57:28) Replicate supervisor starting simulation.
2016-11-12 10:57:28) Simulation started.
2016-11-12 10:58:28) Finished 55 work units (ids in range 0 to 54) with 220 parts in the last 60.4 seconds. 2200000000 steps in 6.035e+01 seconds (3.646e+07 steps/second).
2016-11-12 10:58:32) Wrote 36 messages (6980 bytes) in the last 63.6 seconds (0.000368 seconds writing). 0 messages (0 bytes) queued. Flushing.
2016-11-12 10:58:48) Replicate 11 completed with 1.00e+05 of simulation time using 20 work units.
2016-11-12 10:58:49) Replicate 4 completed with 1.00e+05 of simulation time using 20 work units.
2016-11-12 10:58:50) Replicate 12 completed with 1.00e+05 of simulation time using 20 work units.
2016-11-12 10:58:50) Replicate 15 completed with 1.00e+05 of simulation time using 21 work units.
2016-11-12 10:58:50) Replicate 7 completed with 1.00e+05 of simulation time using 21 work units.
2016-11-12 10:58:50) Replicate 8 completed with 1.00e+05 of simulation time using 22 work units.
2016-11-12 10:58:50) Replicate 9 completed with 1.00e+05 of simulation time using 21 work units.
2016-11-12 10:58:50) Replicate 2 completed with 1.00e+05 of simulation time using 21 work units.
2016-11-12 10:58:50) Replicate 3 completed with 1.00e+05 of simulation time using 22 work units.
2016-11-12 10:58:50) Replicate 13 completed with 1.00e+05 of simulation time using 22 work units.
2016-11-12 10:58:50) Replicate 10 completed with 1.00e+05 of simulation time using 24 work units.
2016-11-12 10:58:50) Replicate 6 completed with 1.00e+05 of simulation time using 24 work units.
2016-11-12 10:58:50) GillespieDSolverAVX started without a full set of trajectories, running trajectory 14 with the GillespieDSolver.
2016-11-12 10:58:50) GillespieDSolverAVX started without a full set of trajectories, running trajectory 1 with the GillespieDSolver.
2016-11-12 10:58:50) GillespieDSolverAVX started without a full set of trajectories, running trajectory 5 with the GillespieDSolver.
2016-11-12 10:58:50) Replicate 14 completed with 1.00e+05 of simulation time using 29 work units.
2016-11-12 10:58:50) Replicate 1 completed with 1.00e+05 of simulation time using 26 work units.
2016-11-12 10:58:50) Replicate 5 completed with 1.00e+05 of simulation time using 26 work units.
2016-11-12 10:58:50) Replicate supervisor finished 15 replicates in 82.29 seconds.
2016-11-12 10:58:50) Simulation finished.
2016-11-12 10:58:50) Finished 30 work units (ids in range 55 to 84) with 119 parts in the last 21.9 seconds. 799938880 steps in 2.194e+01 seconds (3.647e+07 steps/second).
2016-11-12 10:58:50) Supervisor @0 finished.
2016-11-12 10:58:50) Wrote 24 messages (2833 bytes) in the last 18.6 seconds (0.000183 seconds writing). 0 messages (0 bytes) queued. Flushing.
2016-11-12 10:58:50) OutputWriter wrote 60 messages and 9813 bytes total.
2016-11-12 10:58:50) OutputWriter::HelperThread @3 finished.
2016-11-12 10:58:50) OutputWriter @3 flushing and closing.
2016-11-12 10:58:50) OutputWriter @3 finished.
2016-11-12 10:58:50) Work unit runner @4 finished.
2016-11-12 10:58:50) Resource controller @1 finished.
2016-11-12 10:58:50) Finalizing communications library.
2016-11-12 10:58:50) Program execution finished.
