Lattice Microbe ES v2016.12 build 2016-12-12-10-28-56 in 64-bit mode with options AVX SBML.
Copyright (C) 2012-2017 Roberts Group, Johns Hopkins University.
Copyright (C) 2008-2012 Luthey-Schulten Group, University of Illinois at Urbana-Champaign.

2016-11-12 10:46:18) Initializing communications library.
2016-11-12 10:46:18) Using local communicator on host barkeri.bph.jhu.edu.
2016-11-12 10:46:18) Resource controller @1 started.
2016-11-12 10:46:18) Supervisor @0 started.
2016-11-12 10:46:18) Resource controller @1 on barkeri.bph.jhu.edu registered with 8 cpu core(s) and 0 gpu device(s).
2016-11-12 10:46:18) Registered resources for host barkeri.bph.jhu.edu (defaults=1): 2 cpu cores, 0 gpu devices
2016-11-12 10:46:18) All resources registered with supervisor, starting workers.
2016-11-12 10:46:18) Reserved core 0 on @1 for the output writer.
2016-11-12 10:46:18) Creating slot 0 on @1 using resources: barkeri.bph.jhu.edu; @1; cpu core list:1; gpu device list:<none>.
2016-11-12 10:46:18) OutputWriter @3 started.
2016-11-12 10:46:18) OutputWriter::HelperThread @3 started.
2016-11-12 10:46:18) Output writer started: @3.
2016-11-12 10:46:18) Work Unit runner @4 started with 1 cpu cores (affinity=0) and 0 gpus.
2016-11-12 10:46:18) Work unit runner started: @4.
2016-11-12 10:46:18) All supervisor workers have started, beginning simulation.
2016-11-12 10:46:18) Replicate supervisor starting simulation.
2016-11-12 10:46:18) Simulation started.
2016-11-12 10:47:20) Wrote 35 messages (6854 bytes) in the last 61.1 seconds (0.000396 seconds writing). 0 messages (0 bytes) queued. Flushing.2016-11-12 10:47:20) 
Finished 55 work units (ids in range 0 to 54) with 220 parts in the last 61.1 seconds. 2200000000 steps in 6.106e+01 seconds (3.603e+07 steps/second).
2016-11-12 10:47:41) Replicate 1 completed with 1.00e+05 of simulation time using 20 work units.
2016-11-12 10:47:42) Replicate 5 completed with 1.00e+05 of simulation time using 20 work units.
2016-11-12 10:47:42) Replicate 12 completed with 1.00e+05 of simulation time using 21 work units.
2016-11-12 10:47:42) Replicate 15 completed with 1.00e+05 of simulation time using 21 work units.
2016-11-12 10:47:42) Replicate 4 completed with 1.00e+05 of simulation time using 22 work units.
2016-11-12 10:47:42) Replicate 10 completed with 1.00e+05 of simulation time using 22 work units.
2016-11-12 10:47:42) Replicate 11 completed with 1.00e+05 of simulation time using 23 work units.
2016-11-12 10:47:42) Replicate 7 completed with 1.00e+05 of simulation time using 22 work units.
2016-11-12 10:47:42) Replicate 9 completed with 1.00e+05 of simulation time using 23 work units.
2016-11-12 10:47:42) Replicate 8 completed with 1.00e+05 of simulation time using 22 work units.
2016-11-12 10:47:42) Replicate 2 completed with 1.00e+05 of simulation time using 23 work units.
2016-11-12 10:47:42) Replicate 3 completed with 1.00e+05 of simulation time using 23 work units.
2016-11-12 10:47:42) GillespieDSolverAVX started without a full set of trajectories, running trajectory 14 with the GillespieDSolver.
2016-11-12 10:47:42) GillespieDSolverAVX started without a full set of trajectories, running trajectory 13 with the GillespieDSolver.
2016-11-12 10:47:42) GillespieDSolverAVX started without a full set of trajectories, running trajectory 6 with the GillespieDSolver.
2016-11-12 10:47:42) Replicate 14 completed with 1.00e+05 of simulation time using 28 work units.
2016-11-12 10:47:42) Replicate 13 completed with 1.00e+05 of simulation time using 28 work units.
2016-11-12 10:47:42) Replicate 6 completed with 1.00e+05 of simulation time using 25 work units.
2016-11-12 10:47:42) Replicate supervisor finished 15 replicates in 83.25 seconds.
2016-11-12 10:47:42) Simulation finished.
2016-11-12 10:47:42) Finished 31 work units (ids in range 55 to 85) with 123 parts in the last 22.2 seconds. 800072642 steps in 2.218e+01 seconds (3.607e+07 steps/second).
2016-11-12 10:47:42) Supervisor @0 finished.
2016-11-12 10:47:42) Wrote 26 messages (2978 bytes) in the last 22.2 seconds (0.000191 seconds writing). 0 messages (0 bytes) queued. Flushing.
2016-11-12 10:47:42) OutputWriter wrote 61 messages and 9832 bytes total.
2016-11-12 10:47:42) OutputWriter::HelperThread @3 finished.
2016-11-12 10:47:42) OutputWriter @3 flushing and closing.
2016-11-12 10:47:42) OutputWriter @3 finished.
2016-11-12 10:47:42) Work unit runner @4 finished.
2016-11-12 10:47:42) Resource controller @1 finished.
2016-11-12 10:47:42) Finalizing communications library.
2016-11-12 10:47:42) Program execution finished.
