Lattice Microbe ES v2016.12 build 2016-12-12-10-28-56 in 64-bit mode with options AVX SBML.
Copyright (C) 2012-2017 Roberts Group, Johns Hopkins University.
Copyright (C) 2008-2012 Luthey-Schulten Group, University of Illinois at Urbana-Champaign.

2016-11-12 10:44:56) Initializing communications library.
2016-11-12 10:44:56) Using local communicator on host barkeri.bph.jhu.edu.
2016-11-12 10:44:56) Resource controller @1 started.
2016-11-12 10:44:56) Supervisor @0 started.
2016-11-12 10:44:56) Resource controller @1 on barkeri.bph.jhu.edu registered with 8 cpu core(s) and 0 gpu device(s).
2016-11-12 10:44:56) Registered resources for host barkeri.bph.jhu.edu (defaults=1): 2 cpu cores, 0 gpu devices
2016-11-12 10:44:56) All resources registered with supervisor, starting workers.
2016-11-12 10:44:56) Reserved core 0 on @1 for the output writer.
2016-11-12 10:44:56) Creating slot 0 on @1 using resources: barkeri.bph.jhu.edu; @1; cpu core list:1; gpu device list:<none>.
2016-11-12 10:44:56) OutputWriter @3 started.
2016-11-12 10:44:56) OutputWriter::HelperThread @3 started.
2016-11-12 10:44:56) Output writer started: @3.
2016-11-12 10:44:56) Work Unit runner @4 started with 1 cpu cores (affinity=0) and 0 gpus.
2016-11-12 10:44:56) Work unit runner started: @4.
2016-11-12 10:44:56) All supervisor workers have started, beginning simulation.
2016-11-12 10:44:56) Replicate supervisor starting simulation.
2016-11-12 10:44:56) Simulation started.
2016-11-12 10:45:56) Wrote 36 messages (6928 bytes) in the last 60.6 seconds (0.000362 seconds writing). 0 messages (0 bytes) queued. Flushing.2016-11-12 10:45:56) 
Finished 55 work units (ids in range 0 to 54) with 220 parts in the last 60.6 seconds. 2200000000 steps in 6.062e+01 seconds (3.629e+07 steps/second).
2016-11-12 10:46:16) Replicate 4 completed with 1.00e+05 of simulation time using 20 work units.
2016-11-12 10:46:17) Replicate 12 completed with 1.00e+05 of simulation time using 20 work units.
2016-11-12 10:46:18) Replicate 5 completed with 1.00e+05 of simulation time using 20 work units.
2016-11-12 10:46:18) Replicate 11 completed with 1.00e+05 of simulation time using 21 work units.
2016-11-12 10:46:18) Replicate 1 completed with 1.00e+05 of simulation time using 21 work units.
2016-11-12 10:46:18) Replicate 9 completed with 1.00e+05 of simulation time using 21 work units.
2016-11-12 10:46:18) Replicate 6 completed with 1.00e+05 of simulation time using 21 work units.
2016-11-12 10:46:18) Replicate 13 completed with 1.00e+05 of simulation time using 24 work units.
2016-11-12 10:46:18) Replicate 7 completed with 1.00e+05 of simulation time using 23 work units.
2016-11-12 10:46:18) Replicate 14 completed with 1.00e+05 of simulation time using 24 work units.
2016-11-12 10:46:18) Replicate 15 completed with 1.00e+05 of simulation time using 24 work units.
2016-11-12 10:46:18) Replicate 8 completed with 1.00e+05 of simulation time using 24 work units.
2016-11-12 10:46:18) GillespieDSolverAVX started without a full set of trajectories, running trajectory 3 with the GillespieDSolver.
2016-11-12 10:46:18) GillespieDSolverAVX started without a full set of trajectories, running trajectory 10 with the GillespieDSolver.
2016-11-12 10:46:18) GillespieDSolverAVX started without a full set of trajectories, running trajectory 2 with the GillespieDSolver.
2016-11-12 10:46:18) Replicate 3 completed with 1.00e+05 of simulation time using 27 work units.
2016-11-12 10:46:18) Replicate 10 completed with 1.00e+05 of simulation time using 23 work units.
2016-11-12 10:46:18) Replicate 2 completed with 1.00e+05 of simulation time using 26 work units.
2016-11-12 10:46:18) Replicate supervisor finished 15 replicates in 82.64 seconds.
2016-11-12 10:46:18) Simulation finished.
2016-11-12 10:46:18) Finished 30 work units (ids in range 55 to 84) with 119 parts in the last 22.0 seconds. 800006721 steps in 2.201e+01 seconds (3.634e+07 steps/second).
2016-11-12 10:46:18) Supervisor @0 finished.
2016-11-12 10:46:18) Wrote 25 messages (2906 bytes) in the last 22.0 seconds (0.000226 seconds writing). 0 messages (0 bytes) queued. Flushing.
2016-11-12 10:46:18) OutputWriter wrote 61 messages and 9834 bytes total.
2016-11-12 10:46:18) OutputWriter::HelperThread @3 finished.
2016-11-12 10:46:18) OutputWriter @3 flushing and closing.
2016-11-12 10:46:18) OutputWriter @3 finished.
2016-11-12 10:46:18) Work unit runner @4 finished.
2016-11-12 10:46:18) Resource controller @1 finished.
2016-11-12 10:46:18) Finalizing communications library.
2016-11-12 10:46:18) Program execution finished.
