Lattice Microbe ES v2016.12 build 2016-12-12-10-28-56 in 64-bit mode with options AVX SBML.
Copyright (C) 2012-2017 Roberts Group, Johns Hopkins University.
Copyright (C) 2008-2012 Luthey-Schulten Group, University of Illinois at Urbana-Champaign.

2016-11-12 10:49:05) Initializing communications library.
2016-11-12 10:49:05) Using local communicator on host barkeri.bph.jhu.edu.
2016-11-12 10:49:05) Resource controller @1 started.
2016-11-12 10:49:05) Supervisor @0 started.
2016-11-12 10:49:05) Resource controller @1 on barkeri.bph.jhu.edu registered with 8 cpu core(s) and 0 gpu device(s).
2016-11-12 10:49:05) Registered resources for host barkeri.bph.jhu.edu (defaults=1): 2 cpu cores, 0 gpu devices
2016-11-12 10:49:05) All resources registered with supervisor, starting workers.
2016-11-12 10:49:05) Reserved core 0 on @1 for the output writer.
2016-11-12 10:49:05) Creating slot 0 on @1 using resources: barkeri.bph.jhu.edu; @1; cpu core list:1; gpu device list:<none>.
2016-11-12 10:49:05) OutputWriter @3 started.
2016-11-12 10:49:05) OutputWriter::HelperThread @3 started.
2016-11-12 10:49:05) Output writer started: @3.
2016-11-12 10:49:05) Work Unit runner @4 started with 1 cpu cores (affinity=0) and 0 gpus.
2016-11-12 10:49:05) Work unit runner started: @4.
2016-11-12 10:49:05) All supervisor workers have started, beginning simulation.
2016-11-12 10:49:05) Replicate supervisor starting simulation.
2016-11-12 10:49:05) Simulation started.
2016-11-12 10:50:05) Wrote 37 messages (6528 bytes) in the last 60.2 seconds (0.000369 seconds writing). 0 messages (0 bytes) queued. Flushing.2016-11-12 10:50:05) 
Finished 53 work units (ids in range 0 to 52) with 212 parts in the last 60.2 seconds. 2120000000 steps in 6.017e+01 seconds (3.523e+07 steps/second).
2016-11-12 10:50:29) Replicate 10 completed with 1.00e+05 of simulation time using 20 work units.
2016-11-12 10:50:30) Replicate 2 completed with 1.00e+05 of simulation time using 20 work units.
2016-11-12 10:50:30) Replicate 4 completed with 1.00e+05 of simulation time using 21 work units.
2016-11-12 10:50:30) Replicate 15 completed with 1.00e+05 of simulation time using 21 work units.
2016-11-12 10:50:30) Replicate 11 completed with 1.00e+05 of simulation time using 23 work units.
2016-11-12 10:50:30) Replicate 3 completed with 1.00e+05 of simulation time using 21 work units.
2016-11-12 10:50:30) Replicate 5 completed with 1.00e+05 of simulation time using 22 work units.
2016-11-12 10:50:30) Replicate 14 completed with 1.00e+05 of simulation time using 22 work units.
2016-11-12 10:50:30) Replicate 9 completed with 1.00e+05 of simulation time using 22 work units.
2016-11-12 10:50:30) Replicate 1 completed with 1.00e+05 of simulation time using 23 work units.
2016-11-12 10:50:30) Replicate 8 completed with 1.00e+05 of simulation time using 24 work units.
2016-11-12 10:50:30) Replicate 6 completed with 1.00e+05 of simulation time using 23 work units.
2016-11-12 10:50:30) GillespieDSolverAVX started without a full set of trajectories, running trajectory 12 with the GillespieDSolver.
2016-11-12 10:50:30) GillespieDSolverAVX started without a full set of trajectories, running trajectory 13 with the GillespieDSolver.
2016-11-12 10:50:30) GillespieDSolverAVX started without a full set of trajectories, running trajectory 7 with the GillespieDSolver.
2016-11-12 10:50:30) Replicate 12 completed with 1.00e+05 of simulation time using 28 work units.
2016-11-12 10:50:30) Replicate 13 completed with 1.00e+05 of simulation time using 29 work units.
2016-11-12 10:50:30) Replicate 7 completed with 1.00e+05 of simulation time using 24 work units.
2016-11-12 10:50:30) Replicate supervisor finished 15 replicates in 84.76 seconds.
2016-11-12 10:50:30) Simulation finished.
2016-11-12 10:50:30) Finished 33 work units (ids in range 53 to 85) with 131 parts in the last 24.6 seconds. 879950353 steps in 2.458e+01 seconds (3.580e+07 steps/second).
2016-11-12 10:50:30) Supervisor @0 finished.
2016-11-12 10:50:30) Wrote 27 messages (3366 bytes) in the last 24.6 seconds (0.000238 seconds writing). 0 messages (0 bytes) queued. Flushing.
2016-11-12 10:50:30) OutputWriter wrote 64 messages and 9894 bytes total.
2016-11-12 10:50:30) OutputWriter::HelperThread @3 finished.
2016-11-12 10:50:30) OutputWriter @3 flushing and closing.
2016-11-12 10:50:30) OutputWriter @3 finished.
2016-11-12 10:50:30) Work unit runner @4 finished.
2016-11-12 10:50:30) Resource controller @1 finished.
2016-11-12 10:50:30) Finalizing communications library.
2016-11-12 10:50:30) Program execution finished.
