Lattice Microbe ES v2016.12 build 2016-12-12-10-28-56 in 64-bit mode with options AVX SBML.
Copyright (C) 2012-2017 Roberts Group, Johns Hopkins University.
Copyright (C) 2008-2012 Luthey-Schulten Group, University of Illinois at Urbana-Champaign.

2016-11-12 10:43:33) Initializing communications library.
2016-11-12 10:43:33) Using local communicator on host barkeri.bph.jhu.edu.
2016-11-12 10:43:33) Resource controller @1 started.
2016-11-12 10:43:33) Supervisor @0 started.
2016-11-12 10:43:33) Resource controller @1 on barkeri.bph.jhu.edu registered with 8 cpu core(s) and 0 gpu device(s).
2016-11-12 10:43:33) Registered resources for host barkeri.bph.jhu.edu (defaults=1): 2 cpu cores, 0 gpu devices
2016-11-12 10:43:33) All resources registered with supervisor, starting workers.
2016-11-12 10:43:33) Reserved core 0 on @1 for the output writer.
2016-11-12 10:43:33) Creating slot 0 on @1 using resources: barkeri.bph.jhu.edu; @1; cpu core list:1; gpu device list:<none>.
2016-11-12 10:43:33) OutputWriter @3 started.
2016-11-12 10:43:33) Work Unit runner @4 started with 1 cpu cores (affinity=0) and 0 gpus.
2016-11-12 10:43:33) OutputWriter::HelperThread @3 started.
2016-11-12 10:43:33) Output writer started: @3.
2016-11-12 10:43:33) Work unit runner started: @4.
2016-11-12 10:43:33) All supervisor workers have started, beginning simulation.
2016-11-12 10:43:33) Replicate supervisor starting simulation.
2016-11-12 10:43:33) Simulation started.
2016-11-12 10:44:33) Finished 54 work units (ids in range 0 to 53) with 216 parts in the last 60.0 seconds. 2160000000 steps in 5.996e+01 seconds (3.602e+07 steps/second).
2016-11-12 10:44:34) Wrote 37 messages (6895 bytes) in the last 61.1 seconds (0.000346 seconds writing). 0 messages (0 bytes) queued. Flushing.
2016-11-12 10:44:54) Replicate 4 completed with 1.00e+05 of simulation time using 20 work units.
2016-11-12 10:44:55) Replicate 5 completed with 1.00e+05 of simulation time using 20 work units.
2016-11-12 10:44:56) Replicate 2 completed with 1.00e+05 of simulation time using 20 work units.
2016-11-12 10:44:56) Replicate 9 completed with 1.00e+05 of simulation time using 21 work units.
2016-11-12 10:44:56) Replicate 10 completed with 1.00e+05 of simulation time using 22 work units.
2016-11-12 10:44:56) Replicate 3 completed with 1.00e+05 of simulation time using 21 work units.
2016-11-12 10:44:56) Replicate 6 completed with 1.00e+05 of simulation time using 21 work units.
2016-11-12 10:44:56) Replicate 7 completed with 1.00e+05 of simulation time using 22 work units.
2016-11-12 10:44:56) Replicate 11 completed with 1.00e+05 of simulation time using 22 work units.
2016-11-12 10:44:56) Replicate 8 completed with 1.00e+05 of simulation time using 22 work units.
2016-11-12 10:44:56) Replicate 13 completed with 1.00e+05 of simulation time using 23 work units.
2016-11-12 10:44:56) Replicate 15 completed with 1.00e+05 of simulation time using 25 work units.
2016-11-12 10:44:56) GillespieDSolverAVX started without a full set of trajectories, running trajectory 1 with the GillespieDSolver.
2016-11-12 10:44:56) GillespieDSolverAVX started without a full set of trajectories, running trajectory 14 with the GillespieDSolver.
2016-11-12 10:44:56) GillespieDSolverAVX started without a full set of trajectories, running trajectory 12 with the GillespieDSolver.
2016-11-12 10:44:56) Replicate 1 completed with 1.00e+05 of simulation time using 28 work units.
2016-11-12 10:44:56) Replicate 14 completed with 1.00e+05 of simulation time using 26 work units.
2016-11-12 10:44:56) Replicate 12 completed with 1.00e+05 of simulation time using 26 work units.
2016-11-12 10:44:56) Replicate supervisor finished 15 replicates in 83.13 seconds.
2016-11-12 10:44:56) Simulation finished.
2016-11-12 10:44:56) Finished 31 work units (ids in range 54 to 84) with 123 parts in the last 23.2 seconds. 840034770 steps in 2.316e+01 seconds (3.627e+07 steps/second).
2016-11-12 10:44:56) Supervisor @0 finished.
2016-11-12 10:44:56) Wrote 25 messages (2958 bytes) in the last 22.1 seconds (0.000188 seconds writing). 0 messages (0 bytes) queued. Flushing.
2016-11-12 10:44:56) OutputWriter wrote 62 messages and 9853 bytes total.
2016-11-12 10:44:56) OutputWriter::HelperThread @3 finished.
2016-11-12 10:44:56) OutputWriter @3 flushing and closing.
2016-11-12 10:44:56) OutputWriter @3 finished.
2016-11-12 10:44:56) Work unit runner @4 finished.
2016-11-12 10:44:56) Resource controller @1 finished.
2016-11-12 10:44:56) Finalizing communications library.
2016-11-12 10:44:56) Program execution finished.
