Lattice Microbe ES v2016.01.20 build 1 in 64-bit mode with options MPI AVX.
Copyright (C) 2008-2012 Luthey-Schulten Group, University of Illinois at Urbana-Champaign.
Copyright (C) 2012-2016 Roberts Group, Johns Hopkins University.

MPI version 3.0 with thread support MPI_THREAD_MULTIPLE.
Running with 1 process(es).

2016-01-08 15:42:35) Resource controller 0:1 started.
2016-01-08 15:42:35) Supervisor 0:2 started.
2016-01-08 15:42:35) Resource controller 0:1 on barkeri.bph.jhu.edu registered with 8 cpu core(s) and 0 gpu device(s).
2016-01-08 15:42:35) Registered resources for host barkeri.bph.jhu.edu (defaults=1): 2 cpu cores, 0 gpu devices
2016-01-08 15:42:35) All resources registered with supervisor, starting workers.
2016-01-08 15:42:35) Reserved core 0 on 0:1 for the output writer.
2016-01-08 15:42:35) Creating slot 0 on process (0:1) using resources: barkeri.bph.jhu.edu; cpu core list:1; gpu device list:<none>.
2016-01-08 15:42:35) OutputWriter 0:3 started.
2016-01-08 15:42:35) 2016-01-08 15:42:35) Work Unit runner 0:5 started with 1 cpu cores (affinity=0) and 0 gpus.OutputWriter::HelperThread 0:4 started.

2016-01-08 15:42:35) Output writer started: 0:3.
2016-01-08 15:42:35) Work unit runner started: 0:5.
2016-01-08 15:42:35) All supervisor workers have started, beginning simulation.
2016-01-08 15:42:35) Replicate supervisor starting simulation.
2016-01-08 15:42:35) Simulation started.
2016-01-08 15:43:35) Wrote 104 messages (8010 bytes) in the last 60.4 seconds (0.000552 seconds writing). 0 messages (0 bytes) queued. Flushing.
2016-01-08 15:43:35) Finished 105 work units (ids in range 0 to 104) with 105 parts in the last 60.4 seconds. 1050000000 steps in 6.008e+01 seconds (1.748e+07 steps/second).
2016-01-08 15:44:10) Replicate 11 completed with 1.00e+05 of simulation time using 12 work units.
2016-01-08 15:44:10) Replicate 14 completed with 1.00e+05 of simulation time using 12 work units.
2016-01-08 15:44:10) Replicate 10 completed with 1.00e+05 of simulation time using 12 work units.
2016-01-08 15:44:10) Replicate 4 completed with 1.00e+05 of simulation time using 12 work units.
2016-01-08 15:44:10) Replicate 13 completed with 1.00e+05 of simulation time using 12 work units.
2016-01-08 15:44:10) Replicate 15 completed with 1.00e+05 of simulation time using 12 work units.
2016-01-08 15:44:10) Replicate 2 completed with 1.00e+05 of simulation time using 12 work units.
2016-01-08 15:44:10) Replicate 7 completed with 1.00e+05 of simulation time using 12 work units.
2016-01-08 15:44:10) Replicate 1 completed with 1.00e+05 of simulation time using 12 work units.
2016-01-08 15:44:10) Replicate 12 completed with 1.00e+05 of simulation time using 12 work units.
2016-01-08 15:44:10) Replicate 3 completed with 1.00e+05 of simulation time using 12 work units.
2016-01-08 15:44:10) Replicate 5 completed with 1.00e+05 of simulation time using 12 work units.
2016-01-08 15:44:10) Replicate 8 completed with 1.00e+05 of simulation time using 12 work units.
2016-01-08 15:44:10) Replicate 9 completed with 1.00e+05 of simulation time using 12 work units.
2016-01-08 15:44:10) Replicate 6 completed with 1.00e+05 of simulation time using 12 work units.
2016-01-08 15:44:10) Replicate supervisor finished 15 replicates in 95.31 seconds.
2016-01-08 15:44:10) Simulation finished.
2016-01-08 15:44:10) Finished 75 work units (ids in range 105 to 179) with 75 parts in the last 34.9 seconds. 600652693 steps in 3.464e+01 seconds (1.734e+07 steps/second).
2016-01-08 15:44:10) Supervisor 0:2 finished.
2016-01-08 15:44:10) Wrote 61 messages (4816 bytes) in the last 34.9 seconds (0.000348 seconds writing). 0 messages (0 bytes) queued. Flushing.
2016-01-08 15:44:10) OutputWriter::HelperThread 0:4 finished.
2016-01-08 15:44:10) OutputWriter 0:3 finished.
2016-01-08 15:44:10) Work unit runner 0:5 finished.
2016-01-08 15:44:10) Resource controller 0:1 finished.
2016-01-08 15:44:10) Closing MPI library.
2016-01-08 15:44:10) Program execution finished.
