Lattice Microbe ES v2016.01.20 build 1 in 64-bit mode with options MPI AVX.
Copyright (C) 2008-2012 Luthey-Schulten Group, University of Illinois at Urbana-Champaign.
Copyright (C) 2012-2016 Roberts Group, Johns Hopkins University.

MPI version 3.0 with thread support MPI_THREAD_MULTIPLE.
Running with 1 process(es).

2016-01-08 15:37:51) Resource controller 0:1 started.
2016-01-08 15:37:51) Supervisor 0:2 started.
2016-01-08 15:37:51) Resource controller 0:1 on barkeri.bph.jhu.edu registered with 8 cpu core(s) and 0 gpu device(s).
2016-01-08 15:37:51) Registered resources for host barkeri.bph.jhu.edu (defaults=1): 2 cpu cores, 0 gpu devices
2016-01-08 15:37:51) All resources registered with supervisor, starting workers.
2016-01-08 15:37:51) Reserved core 0 on 0:1 for the output writer.
2016-01-08 15:37:51) Creating slot 0 on process (0:1) using resources: barkeri.bph.jhu.edu; cpu core list:1; gpu device list:<none>.
2016-01-08 15:37:51) OutputWriter 0:3 started.
2016-01-08 15:37:51) OutputWriter::HelperThread 0:4 started.
2016-01-08 15:37:51) Work Unit runner 0:5 started with 1 cpu cores (affinity=0) and 0 gpus.
2016-01-08 15:37:51) Output writer started: 0:3.
2016-01-08 15:37:51) Work unit runner started: 0:5.
2016-01-08 15:37:51) All supervisor workers have started, beginning simulation.
2016-01-08 15:37:51) Replicate supervisor starting simulation.
2016-01-08 15:37:51) Simulation started.
2016-01-08 15:38:51) Wrote 104 messages (7988 bytes) in the last 60.2 seconds (0.000577 seconds writing). 0 messages (0 bytes) queued. Flushing.
2016-01-08 15:38:51) Finished 105 work units (ids in range 0 to 104) with 105 parts in the last 60.2 seconds. 1050000000 steps in 5.983e+01 seconds (1.755e+07 steps/second).
2016-01-08 15:39:26) Replicate 14 completed with 1.00e+05 of simulation time using 12 work units.
2016-01-08 15:39:26) Replicate 3 completed with 1.00e+05 of simulation time using 12 work units.
2016-01-08 15:39:26) Replicate 6 completed with 1.00e+05 of simulation time using 12 work units.
2016-01-08 15:39:26) Replicate 8 completed with 1.00e+05 of simulation time using 12 work units.
2016-01-08 15:39:26) Replicate 12 completed with 1.00e+05 of simulation time using 12 work units.
2016-01-08 15:39:26) Replicate 5 completed with 1.00e+05 of simulation time using 12 work units.
2016-01-08 15:39:26) Replicate 2 completed with 1.00e+05 of simulation time using 12 work units.
2016-01-08 15:39:26) Replicate 11 completed with 1.00e+05 of simulation time using 12 work units.
2016-01-08 15:39:26) Replicate 1 completed with 1.00e+05 of simulation time using 12 work units.
2016-01-08 15:39:26) Replicate 9 completed with 1.00e+05 of simulation time using 12 work units.
2016-01-08 15:39:26) Replicate 10 completed with 1.00e+05 of simulation time using 12 work units.
2016-01-08 15:39:26) Replicate 15 completed with 1.00e+05 of simulation time using 12 work units.
2016-01-08 15:39:26) Replicate 4 completed with 1.00e+05 of simulation time using 12 work units.
2016-01-08 15:39:26) Replicate 13 completed with 1.00e+05 of simulation time using 12 work units.
2016-01-08 15:39:26) Replicate 7 completed with 1.00e+05 of simulation time using 12 work units.
2016-01-08 15:39:26) Replicate supervisor finished 15 replicates in 94.97 seconds.
2016-01-08 15:39:26) Simulation finished.
2016-01-08 15:39:26) Finished 75 work units (ids in range 105 to 179) with 75 parts in the last 34.8 seconds. 600661947 steps in 3.452e+01 seconds (1.740e+07 steps/second).
2016-01-08 15:39:26) Supervisor 0:2 finished.
2016-01-08 15:39:26) Wrote 61 messages (4778 bytes) in the last 34.8 seconds (0.000312 seconds writing). 0 messages (0 bytes) queued. Flushing.
2016-01-08 15:39:26) OutputWriter::HelperThread 0:4 finished.
2016-01-08 15:39:26) OutputWriter 0:3 finished.
2016-01-08 15:39:26) Work unit runner 0:5 finished.
2016-01-08 15:39:26) Resource controller 0:1 finished.
2016-01-08 15:39:26) Closing MPI library.
2016-01-08 15:39:26) Program execution finished.
