Lattice Microbe ES v2016.01.20 build 1 in 64-bit mode with options MPI AVX.
Copyright (C) 2008-2012 Luthey-Schulten Group, University of Illinois at Urbana-Champaign.
Copyright (C) 2012-2016 Roberts Group, Johns Hopkins University.

MPI version 3.0 with thread support MPI_THREAD_MULTIPLE.
Running with 1 process(es).

2016-01-08 15:39:26) Resource controller 0:1 started.
2016-01-08 15:39:26) Supervisor 0:2 started.
2016-01-08 15:39:26) Resource controller 0:1 on barkeri.bph.jhu.edu registered with 8 cpu core(s) and 0 gpu device(s).
2016-01-08 15:39:26) Registered resources for host barkeri.bph.jhu.edu (defaults=1): 2 cpu cores, 0 gpu devices
2016-01-08 15:39:26) All resources registered with supervisor, starting workers.
2016-01-08 15:39:26) Reserved core 0 on 0:1 for the output writer.
2016-01-08 15:39:26) Creating slot 0 on process (0:1) using resources: barkeri.bph.jhu.edu; cpu core list:1; gpu device list:<none>.
2016-01-08 15:39:26) OutputWriter 0:3 started.
2016-01-08 15:39:26) OutputWriter::HelperThread 0:4 started.
2016-01-08 15:39:26) 2016-01-08 15:39:26) Work Unit runner 0:5 started with 1 cpu cores (affinity=0) and 0 gpus.Output writer started: 0:3.

2016-01-08 15:39:26) Work unit runner started: 0:5.
2016-01-08 15:39:26) All supervisor workers have started, beginning simulation.
2016-01-08 15:39:26) Replicate supervisor starting simulation.
2016-01-08 15:39:26) Simulation started.
2016-01-08 15:40:26) Wrote 103 messages (7935 bytes) in the last 60.2 seconds (0.000546 seconds writing). 0 messages (0 bytes) queued. Flushing.
2016-01-08 15:40:26) Finished 104 work units (ids in range 0 to 103) with 104 parts in the last 60.2 seconds. 1040000000 steps in 5.983e+01 seconds (1.738e+07 steps/second).
2016-01-08 15:41:01) Replicate 5 completed with 1.00e+05 of simulation time using 12 work units.
2016-01-08 15:41:01) Replicate 10 completed with 1.00e+05 of simulation time using 12 work units.
2016-01-08 15:41:01) Replicate 1 completed with 1.00e+05 of simulation time using 12 work units.
2016-01-08 15:41:01) Replicate 15 completed with 1.00e+05 of simulation time using 12 work units.
2016-01-08 15:41:01) Replicate 4 completed with 1.00e+05 of simulation time using 12 work units.
2016-01-08 15:41:01) Replicate 14 completed with 1.00e+05 of simulation time using 12 work units.
2016-01-08 15:41:01) Replicate 2 completed with 1.00e+05 of simulation time using 12 work units.
2016-01-08 15:41:01) Replicate 13 completed with 1.00e+05 of simulation time using 12 work units.
2016-01-08 15:41:01) Replicate 7 completed with 1.00e+05 of simulation time using 12 work units.
2016-01-08 15:41:01) Replicate 8 completed with 1.00e+05 of simulation time using 12 work units.
2016-01-08 15:41:01) Replicate 9 completed with 1.00e+05 of simulation time using 12 work units.
2016-01-08 15:41:01) Replicate 11 completed with 1.00e+05 of simulation time using 12 work units.
2016-01-08 15:41:01) Replicate 3 completed with 1.00e+05 of simulation time using 12 work units.
2016-01-08 15:41:01) Replicate 6 completed with 1.00e+05 of simulation time using 12 work units.
2016-01-08 15:41:01) Replicate 12 completed with 1.00e+05 of simulation time using 12 work units.
2016-01-08 15:41:01) Replicate supervisor finished 15 replicates in 95.04 seconds.
2016-01-08 15:41:01) Simulation finished.
2016-01-08 15:41:01) Finished 76 work units (ids in range 104 to 179) with 76 parts in the last 34.9 seconds. 610698467 steps in 3.464e+01 seconds (1.763e+07 steps/second).
2016-01-08 15:41:01) Supervisor 0:2 finished.
2016-01-08 15:41:01) Wrote 62 messages (4868 bytes) in the last 34.9 seconds (0.000295 seconds writing). 0 messages (0 bytes) queued. Flushing.
2016-01-08 15:41:01) OutputWriter::HelperThread 0:4 finished.
2016-01-08 15:41:01) OutputWriter 0:3 finished.
2016-01-08 15:41:01) Work unit runner 0:5 finished.
2016-01-08 15:41:01) Resource controller 0:1 finished.
2016-01-08 15:41:01) Closing MPI library.
2016-01-08 15:41:01) Program execution finished.
