Lattice Microbe ES v2016.01.20 build 1 in 64-bit mode with options MPI AVX.
Copyright (C) 2008-2012 Luthey-Schulten Group, University of Illinois at Urbana-Champaign.
Copyright (C) 2012-2016 Roberts Group, Johns Hopkins University.

MPI version 3.0 with thread support MPI_THREAD_MULTIPLE.
Running with 1 process(es).

2016-01-09 10:40:48) Resource controller 0:1 started.
2016-01-09 10:40:48) Supervisor 0:2 started.
2016-01-09 10:40:48) Resource controller 0:1 on barkeri.bph.jhu.edu registered with 8 cpu core(s) and 0 gpu device(s).
2016-01-09 10:40:48) Registered resources for host barkeri.bph.jhu.edu (defaults=1): 2 cpu cores, 0 gpu devices
2016-01-09 10:40:48) All resources registered with supervisor, starting workers.
2016-01-09 10:40:48) Reserved core 0 on 0:1 for the output writer.
2016-01-09 10:40:48) Creating slot 0 on process (0:1) using resources: barkeri.bph.jhu.edu; cpu core list:1; gpu device list:<none>.
2016-01-09 10:40:48) OutputWriter 0:3 started.
2016-01-09 10:40:48) Work Unit runner 0:5 started with 1 cpu cores (affinity=0) and 0 gpus.
2016-01-09 10:40:48) OutputWriter::HelperThread 0:4 started.
2016-01-09 10:40:48) Output writer started: 0:3.
2016-01-09 10:40:48) Work unit runner started: 0:5.
2016-01-09 10:40:48) All supervisor workers have started, beginning simulation.
2016-01-09 10:40:48) Replicate supervisor starting simulation.
2016-01-09 10:40:48) Simulation started.
2016-01-09 10:41:48) Wrote 92 messages (7074 bytes) in the last 60.1 seconds (0.000491 seconds writing). 0 messages (0 bytes) queued. Flushing.
2016-01-09 10:41:48) Finished 93 work units (ids in range 0 to 92) with 93 parts in the last 60.2 seconds. 930000000 steps in 5.984e+01 seconds (1.554e+07 steps/second).
2016-01-09 10:42:34) Replicate 11 completed with 1.00e+05 of simulation time using 12 work units.
2016-01-09 10:42:34) Replicate 7 completed with 1.00e+05 of simulation time using 12 work units.
2016-01-09 10:42:34) Replicate 2 completed with 1.00e+05 of simulation time using 12 work units.
2016-01-09 10:42:34) Replicate 15 completed with 1.00e+05 of simulation time using 12 work units.
2016-01-09 10:42:34) Replicate 5 completed with 1.00e+05 of simulation time using 12 work units.
2016-01-09 10:42:34) Replicate 12 completed with 1.00e+05 of simulation time using 12 work units.
2016-01-09 10:42:34) Replicate 3 completed with 1.00e+05 of simulation time using 12 work units.
2016-01-09 10:42:34) Replicate 6 completed with 1.00e+05 of simulation time using 12 work units.
2016-01-09 10:42:34) Replicate 14 completed with 1.00e+05 of simulation time using 12 work units.
2016-01-09 10:42:34) Replicate 8 completed with 1.00e+05 of simulation time using 12 work units.
2016-01-09 10:42:34) Replicate 4 completed with 1.00e+05 of simulation time using 12 work units.
2016-01-09 10:42:34) Replicate 13 completed with 1.00e+05 of simulation time using 12 work units.
2016-01-09 10:42:34) Replicate 10 completed with 1.00e+05 of simulation time using 12 work units.
2016-01-09 10:42:34) Replicate 9 completed with 1.00e+05 of simulation time using 12 work units.
2016-01-09 10:42:34) Replicate 1 completed with 1.00e+05 of simulation time using 12 work units.
2016-01-09 10:42:34) Replicate supervisor finished 15 replicates in 106.83 seconds.
2016-01-09 10:42:34) Simulation finished.
2016-01-09 10:42:34) Finished 87 work units (ids in range 93 to 179) with 87 parts in the last 46.7 seconds. 720726206 steps in 4.642e+01 seconds (1.553e+07 steps/second).
2016-01-09 10:42:34) Supervisor 0:2 finished.
2016-01-09 10:42:34) Wrote 73 messages (5742 bytes) in the last 46.7 seconds (0.000390 seconds writing). 0 messages (0 bytes) queued. Flushing.
2016-01-09 10:42:34) OutputWriter::HelperThread 0:4 finished.
2016-01-09 10:42:34) OutputWriter 0:3 finished.
2016-01-09 10:42:34) Work unit runner 0:5 finished.
2016-01-09 10:42:34) Resource controller 0:1 finished.
2016-01-09 10:42:34) Closing MPI library.
2016-01-09 10:42:34) Program execution finished.
