Lattice Microbe ES v2016.01.20 build 1 in 64-bit mode with options MPI AVX.
Copyright (C) 2008-2012 Luthey-Schulten Group, University of Illinois at Urbana-Champaign.
Copyright (C) 2012-2016 Roberts Group, Johns Hopkins University.

MPI version 3.0 with thread support MPI_THREAD_MULTIPLE.
Running with 1 process(es).

2016-01-09 10:28:10) Resource controller 0:1 started.
2016-01-09 10:28:10) Supervisor 0:2 started.
2016-01-09 10:28:10) Resource controller 0:1 on barkeri.bph.jhu.edu registered with 8 cpu core(s) and 0 gpu device(s).
2016-01-09 10:28:10) Registered resources for host barkeri.bph.jhu.edu (defaults=1): 2 cpu cores, 0 gpu devices
2016-01-09 10:28:10) All resources registered with supervisor, starting workers.
2016-01-09 10:28:10) Reserved core 0 on 0:1 for the output writer.
2016-01-09 10:28:10) Creating slot 0 on process (0:1) using resources: barkeri.bph.jhu.edu; cpu core list:1; gpu device list:<none>.
2016-01-09 10:28:10) OutputWriter 0:3 started.
2016-01-09 10:28:10) 2016-01-09 10:28:10) OutputWriter::HelperThread 0:4 started.Work Unit runner 0:5 started with 1 cpu cores (affinity=0) and 0 gpus.

2016-01-09 10:28:10) Output writer started: 0:3.
2016-01-09 10:28:10) Work unit runner started: 0:5.
2016-01-09 10:28:10) All supervisor workers have started, beginning simulation.
2016-01-09 10:28:10) Replicate supervisor starting simulation.
2016-01-09 10:28:10) Simulation started.
2016-01-09 10:29:10) Wrote 91 messages (6982 bytes) in the last 60.5 seconds (0.000461 seconds writing). 0 messages (0 bytes) queued. Flushing.
2016-01-09 10:29:10) Finished 92 work units (ids in range 0 to 91) with 92 parts in the last 60.5 seconds. 920000000 steps in 6.017e+01 seconds (1.529e+07 steps/second).
2016-01-09 10:29:58) Replicate 7 completed with 1.00e+05 of simulation time using 12 work units.
2016-01-09 10:29:58) Replicate 14 completed with 1.00e+05 of simulation time using 12 work units.
2016-01-09 10:29:58) Replicate 8 completed with 1.00e+05 of simulation time using 12 work units.
2016-01-09 10:29:58) Replicate 12 completed with 1.00e+05 of simulation time using 12 work units.
2016-01-09 10:29:58) Replicate 6 completed with 1.00e+05 of simulation time using 12 work units.
2016-01-09 10:29:58) Replicate 2 completed with 1.00e+05 of simulation time using 12 work units.
2016-01-09 10:29:58) Replicate 3 completed with 1.00e+05 of simulation time using 12 work units.
2016-01-09 10:29:58) Replicate 1 completed with 1.00e+05 of simulation time using 12 work units.
2016-01-09 10:29:58) Replicate 11 completed with 1.00e+05 of simulation time using 12 work units.
2016-01-09 10:29:58) Replicate 9 completed with 1.00e+05 of simulation time using 12 work units.
2016-01-09 10:29:58) Replicate 13 completed with 1.00e+05 of simulation time using 12 work units.
2016-01-09 10:29:58) Replicate 15 completed with 1.00e+05 of simulation time using 12 work units.
2016-01-09 10:29:58) Replicate 5 completed with 1.00e+05 of simulation time using 12 work units.
2016-01-09 10:29:58) Replicate 10 completed with 1.00e+05 of simulation time using 12 work units.
2016-01-09 10:29:58) Replicate 4 completed with 1.00e+05 of simulation time using 12 work units.
2016-01-09 10:29:58) Replicate supervisor finished 15 replicates in 108.28 seconds.
2016-01-09 10:29:58) Simulation finished.
2016-01-09 10:29:58) Finished 88 work units (ids in range 92 to 179) with 88 parts in the last 47.8 seconds. 730692334 steps in 4.755e+01 seconds (1.537e+07 steps/second).
2016-01-09 10:29:58) Supervisor 0:2 finished.
2016-01-09 10:29:58) Wrote 74 messages (5816 bytes) in the last 47.8 seconds (0.000386 seconds writing). 0 messages (0 bytes) queued. Flushing.
2016-01-09 10:29:58) OutputWriter::HelperThread 0:4 finished.
2016-01-09 10:29:58) OutputWriter 0:3 finished.
2016-01-09 10:29:58) Work unit runner 0:5 finished.
2016-01-09 10:29:58) Resource controller 0:1 finished.
2016-01-09 10:29:58) Closing MPI library.
2016-01-09 10:29:58) Program execution finished.
