Lattice Microbe ES v2016.01.20 build 1 in 64-bit mode with options MPI AVX.
Copyright (C) 2008-2012 Luthey-Schulten Group, University of Illinois at Urbana-Champaign.
Copyright (C) 2012-2016 Roberts Group, Johns Hopkins University.

MPI version 3.0 with thread support MPI_THREAD_MULTIPLE.
Running with 1 process(es).

2016-01-09 10:26:20) Resource controller 0:1 started.
2016-01-09 10:26:20) Supervisor 0:2 started.
2016-01-09 10:26:20) Resource controller 0:1 on barkeri.bph.jhu.edu registered with 8 cpu core(s) and 0 gpu device(s).
2016-01-09 10:26:20) Registered resources for host barkeri.bph.jhu.edu (defaults=1): 2 cpu cores, 0 gpu devices
2016-01-09 10:26:20) All resources registered with supervisor, starting workers.
2016-01-09 10:26:20) Reserved core 0 on 0:1 for the output writer.
2016-01-09 10:26:20) Creating slot 0 on process (0:1) using resources: barkeri.bph.jhu.edu; cpu core list:1; gpu device list:<none>.
2016-01-09 10:26:20) OutputWriter 0:3 started.
2016-01-09 10:26:20) OutputWriter::HelperThread 0:4 started.
2016-01-09 10:26:20) Work Unit runner 0:5 started with 1 cpu cores (affinity=0) and 0 gpus.
2016-01-09 10:26:20) Output writer started: 0:3.
2016-01-09 10:26:20) Work unit runner started: 0:5.
2016-01-09 10:26:20) All supervisor workers have started, beginning simulation.
2016-01-09 10:26:20) Replicate supervisor starting simulation.
2016-01-09 10:26:20) Simulation started.
2016-01-09 10:27:20) Wrote 89 messages (6818 bytes) in the last 60.3 seconds (0.000497 seconds writing). 0 messages (0 bytes) queued. Flushing.
2016-01-09 10:27:20) Finished 90 work units (ids in range 0 to 89) with 90 parts in the last 60.4 seconds. 900000000 steps in 6.006e+01 seconds (1.499e+07 steps/second).
2016-01-09 10:28:10) Replicate 2 completed with 1.00e+05 of simulation time using 12 work units.
2016-01-09 10:28:10) Replicate 11 completed with 1.00e+05 of simulation time using 12 work units.
2016-01-09 10:28:10) Replicate 5 completed with 1.00e+05 of simulation time using 12 work units.
2016-01-09 10:28:10) Replicate 4 completed with 1.00e+05 of simulation time using 12 work units.
2016-01-09 10:28:10) Replicate 12 completed with 1.00e+05 of simulation time using 12 work units.
2016-01-09 10:28:10) Replicate 3 completed with 1.00e+05 of simulation time using 12 work units.
2016-01-09 10:28:10) Replicate 15 completed with 1.00e+05 of simulation time using 12 work units.
2016-01-09 10:28:10) Replicate 14 completed with 1.00e+05 of simulation time using 12 work units.
2016-01-09 10:28:10) Replicate 6 completed with 1.00e+05 of simulation time using 12 work units.
2016-01-09 10:28:10) Replicate 13 completed with 1.00e+05 of simulation time using 12 work units.
2016-01-09 10:28:10) Replicate 1 completed with 1.00e+05 of simulation time using 12 work units.
2016-01-09 10:28:10) Replicate 7 completed with 1.00e+05 of simulation time using 12 work units.
2016-01-09 10:28:10) Replicate 10 completed with 1.00e+05 of simulation time using 12 work units.
2016-01-09 10:28:10) Replicate 8 completed with 1.00e+05 of simulation time using 12 work units.
2016-01-09 10:28:10) Replicate 9 completed with 1.00e+05 of simulation time using 12 work units.
2016-01-09 10:28:10) Replicate supervisor finished 15 replicates in 109.59 seconds.
2016-01-09 10:28:10) Simulation finished.
2016-01-09 10:28:10) Finished 90 work units (ids in range 90 to 179) with 90 parts in the last 49.3 seconds. 750658061 steps in 4.897e+01 seconds (1.533e+07 steps/second).
2016-01-09 10:28:10) Supervisor 0:2 finished.
2016-01-09 10:28:10) Wrote 76 messages (5967 bytes) in the last 49.3 seconds (0.000389 seconds writing). 0 messages (0 bytes) queued. Flushing.
2016-01-09 10:28:10) OutputWriter::HelperThread 0:4 finished.
2016-01-09 10:28:10) OutputWriter 0:3 finished.
2016-01-09 10:28:10) Work unit runner 0:5 finished.
2016-01-09 10:28:10) Resource controller 0:1 finished.
2016-01-09 10:28:10) Closing MPI library.
2016-01-09 10:28:10) Program execution finished.
