Lattice Microbe ES v2016.01.20 build 1 in 64-bit mode with options MPI AVX.
Copyright (C) 2008-2012 Luthey-Schulten Group, University of Illinois at Urbana-Champaign.
Copyright (C) 2012-2016 Roberts Group, Johns Hopkins University.

MPI version 3.0 with thread support MPI_THREAD_MULTIPLE.
Running with 1 process(es).

2016-01-08 16:55:29) Resource controller 0:1 started.
2016-01-08 16:55:29) Supervisor 0:2 started.
2016-01-08 16:55:29) Resource controller 0:1 on barkeri.bph.jhu.edu registered with 8 cpu core(s) and 0 gpu device(s).
2016-01-08 16:55:29) Registered resources for host barkeri.bph.jhu.edu (defaults=1): 2 cpu cores, 0 gpu devices
2016-01-08 16:55:29) All resources registered with supervisor, starting workers.
2016-01-08 16:55:29) Reserved core 0 on 0:1 for the output writer.
2016-01-08 16:55:29) Creating slot 0 on process (0:1) using resources: barkeri.bph.jhu.edu; cpu core list:1; gpu device list:<none>.
2016-01-08 16:55:29) OutputWriter 0:3 started.
2016-01-08 16:55:29) Work Unit runner 0:5 started with 1 cpu cores (affinity=0) and 0 gpus.
2016-01-08 16:55:29) OutputWriter::HelperThread 0:4 started.
2016-01-08 16:55:29) Output writer started: 0:3.
2016-01-08 16:55:29) Work unit runner started: 0:5.
2016-01-08 16:55:29) All supervisor workers have started, beginning simulation.
2016-01-08 16:55:29) Replicate supervisor starting simulation.
2016-01-08 16:55:29) Simulation started.
2016-01-08 16:56:29) Finished 40 work units (ids in range 0 to 39) with 160 parts in the last 60.2 seconds. 1600000000 steps in 6.007e+01 seconds (2.664e+07 steps/second).
2016-01-08 16:56:30) Wrote 38 messages (10269 bytes) in the last 61.7 seconds (0.000451 seconds writing). 0 messages (0 bytes) queued. Flushing.
2016-01-08 16:56:30) Replicate 4 completed with 1.00e+05 of simulation time using 12 work units.
2016-01-08 16:56:30) Replicate 1 completed with 1.00e+05 of simulation time using 12 work units.
2016-01-08 16:56:30) Replicate 2 completed with 1.00e+05 of simulation time using 12 work units.
2016-01-08 16:56:30) Replicate 14 completed with 1.00e+05 of simulation time using 12 work units.
2016-01-08 16:56:30) Replicate 15 completed with 1.00e+05 of simulation time using 13 work units.
2016-01-08 16:56:30) Replicate 10 completed with 1.00e+05 of simulation time using 13 work units.
2016-01-08 16:56:30) Replicate 6 completed with 1.00e+05 of simulation time using 13 work units.
2016-01-08 16:56:30) Replicate 5 completed with 1.00e+05 of simulation time using 13 work units.
2016-01-08 16:56:30) Replicate 3 completed with 1.00e+05 of simulation time using 13 work units.
2016-01-08 16:56:30) Replicate 13 completed with 1.00e+05 of simulation time using 13 work units.
2016-01-08 16:56:30) Replicate 12 completed with 1.00e+05 of simulation time using 13 work units.
2016-01-08 16:56:30) Replicate 8 completed with 1.00e+05 of simulation time using 13 work units.
2016-01-08 16:56:30) GillespieDSolverAVX started without a full set of trajectories, running trajectory 9 with the GillespieDSolver.
2016-01-08 16:56:31) GillespieDSolverAVX started without a full set of trajectories, running trajectory 11 with the GillespieDSolver.
2016-01-08 16:56:31) GillespieDSolverAVX started without a full set of trajectories, running trajectory 7 with the GillespieDSolver.
2016-01-08 16:56:31) Replicate 9 completed with 1.00e+05 of simulation time using 23 work units.
2016-01-08 16:56:31) Replicate 11 completed with 1.00e+05 of simulation time using 20 work units.
2016-01-08 16:56:31) Replicate 7 completed with 1.00e+05 of simulation time using 20 work units.
2016-01-08 16:56:31) Replicate supervisor finished 15 replicates in 62.38 seconds.
2016-01-08 16:56:31) Simulation finished.
2016-01-08 16:56:31) Finished 14 work units (ids in range 40 to 53) with 55 parts in the last 2.2 seconds. 50647967 steps in 2.129e+00 seconds (2.379e+07 steps/second).
2016-01-08 16:56:31) Supervisor 0:2 finished.
2016-01-08 16:56:31) Wrote 15 messages (1251 bytes) in the last 0.7 seconds (0.000071 seconds writing). 0 messages (0 bytes) queued. Flushing.
2016-01-08 16:56:31) OutputWriter::HelperThread 0:4 finished.
2016-01-08 16:56:31) OutputWriter 0:3 finished.
2016-01-08 16:56:31) Work unit runner 0:5 finished.
2016-01-08 16:56:31) Resource controller 0:1 finished.
2016-01-08 16:56:31) Closing MPI library.
2016-01-08 16:56:31) Program execution finished.
