Lattice Microbe ES v2016.01.20 build 1 in 64-bit mode with options MPI.
Copyright (C) 2008-2012 Luthey-Schulten Group, University of Illinois at Urbana-Champaign.
Copyright (C) 2012-2016 Roberts Group, Johns Hopkins University.

MPI version 3.0 with thread support MPI_THREAD_MULTIPLE.
Running with 1 process(es).

2016-00-26 15:32:18) Resource controller 0:1 started.
2016-00-26 15:32:18) Supervisor 0:2 started.
2016-00-26 15:32:18) Resource controller 0:1 on xanthus-hd-1 registered with 8 cpu core(s) and 0 gpu device(s).
2016-00-26 15:32:18) Registered resources for host xanthus-hd-1 (defaults=1): 2 cpu cores, 0 gpu devices
2016-00-26 15:32:18) All resources registered with supervisor, starting workers.
2016-00-26 15:32:18) Reserved core 0 on 0:1 for the output writer.
2016-00-26 15:32:18) Creating slot 0 on process (0:1) using resources: xanthus-hd-1; cpu core list:1; gpu device list:<none>.
2016-00-26 15:32:18) OutputWriter 0:3 started.
2016-00-26 15:32:18) 2016-00-26 15:32:18) OutputWriter::HelperThread 0:4 started.
Work Unit runner 0:5 started with 1 cpu cores (affinity=0) and 0 gpus.
2016-00-26 15:32:18) Output writer started: 0:3.
2016-00-26 15:32:18) Work unit runner started: 0:5.
2016-00-26 15:32:18) All supervisor workers have started, beginning simulation.
2016-00-26 15:32:18) Replicate supervisor starting simulation.
2016-00-26 15:32:23) Replicate 9 completed with 1.00e+05 of simulation time using 2 work units.
2016-00-26 15:32:24) Replicate 1 completed with 1.00e+05 of simulation time using 2 work units.
2016-00-26 15:32:38) Replicate 4 completed with 1.00e+05 of simulation time using 5 work units.
2016-00-26 15:32:48) Replicate 8 completed with 1.00e+05 of simulation time using 7 work units.
2016-00-26 15:32:54) Replicate 6 completed with 1.00e+05 of simulation time using 9 work units.
2016-00-26 15:33:13) Replicate 10 completed with 1.00e+05 of simulation time using 15 work units.
2016-00-26 15:33:18) Finished 105 work units (ids in range 0 to 104) in the last 60.1 seconds. 990000000 steps in 5.985e+01 seconds (1.654e+07 steps/second).
2016-00-26 15:33:20) Wrote 63 messages (4232 bytes) in the last 62.3 seconds (0.000005 seconds writing). 0 messages (0 bytes) queued. Flushing.
2016-00-26 15:33:20) Replicate 3 completed with 1.00e+05 of simulation time using 18 work units.
2016-00-26 15:33:26) Replicate 7 completed with 1.00e+05 of simulation time using 20 work units.
2016-00-26 15:33:27) Replicate 5 completed with 1.00e+05 of simulation time using 20 work units.
2016-00-26 15:33:27) Replicate 2 completed with 1.00e+05 of simulation time using 21 work units.
2016-00-26 15:33:27) Simulation finished.
2016-00-26 15:33:27) Replicate supervisor finished 10 replicates in 69.05 seconds.
2016-00-26 15:33:27) Finished 14 work units (ids in range 105 to 118) in the last 9.0 seconds. 119991598 steps in 8.913e+00 seconds (1.346e+07 steps/second).
2016-00-26 15:33:27) Supervisor 0:2 finished.
2016-00-26 15:33:27) Wrote 7 messages (464 bytes) in the last 6.7 seconds (0.000001 seconds writing). 0 messages (0 bytes) queued. Flushing.
2016-00-26 15:33:27) OutputWriter::HelperThread 0:4 finished.
2016-00-26 15:33:27) OutputWriter 0:3 finished.
2016-00-26 15:33:27) Work unit runner 0:5 finished.
2016-00-26 15:33:27) Resource controller 0:1 finished.
2016-00-26 15:33:27) Closing MPI library.
2016-00-26 15:33:27) Program execution finished.
