Lattice Microbe ES v2016.01.20 build 1 in 64-bit mode with options MPI.
Copyright (C) 2008-2012 Luthey-Schulten Group, University of Illinois at Urbana-Champaign.
Copyright (C) 2012-2016 Roberts Group, Johns Hopkins University.

MPI version 3.0 with thread support MPI_THREAD_MULTIPLE.
Running with 1 process(es).

2016-00-29 13:16:08) Resource controller 0:1 started.
2016-00-29 13:16:08) Supervisor 0:2 started.
2016-00-29 13:16:08) Resource controller 0:1 on barkeri.bph.jhu.edu registered with 8 cpu core(s) and 0 gpu device(s).
2016-00-29 13:16:08) Registered resources for host barkeri.bph.jhu.edu (defaults=1): 2 cpu cores, 0 gpu devices
2016-00-29 13:16:08) All resources registered with supervisor, starting workers.
2016-00-29 13:16:08) Reserved core 0 on 0:1 for the output writer.
2016-00-29 13:16:08) Creating slot 0 on process (0:1) using resources: barkeri.bph.jhu.edu; cpu core list:1; gpu device list:<none>.
2016-00-29 13:16:08) OutputWriter 0:3 started.
2016-00-29 13:16:08) OutputWriter::HelperThread 0:4 started.
2016-00-29 13:16:08) 2016-00-29 13:16:08) Work Unit runner 0:5 started with 1 cpu cores (affinity=0) and 0 gpus.Output writer started: 0:3.

2016-00-29 13:16:08) Work unit runner started: 0:5.
2016-00-29 13:16:08) All supervisor workers have started, beginning simulation.
2016-00-29 13:16:08) Replicate supervisor starting simulation.
2016-00-29 13:16:16) Replicate 2 completed with 1.00e+05 of simulation time using 2 work units.
2016-00-29 13:16:16) Replicate 7 completed with 1.00e+05 of simulation time using 2 work units.
2016-00-29 13:16:17) Replicate 3 completed with 1.00e+05 of simulation time using 3 work units.
2016-00-29 13:16:25) Replicate 10 completed with 1.00e+05 of simulation time using 5 work units.
2016-00-29 13:16:26) Replicate 5 completed with 1.00e+05 of simulation time using 5 work units.
2016-00-29 13:16:38) Replicate 1 completed with 1.00e+05 of simulation time using 10 work units.
2016-00-29 13:16:40) Replicate 9 completed with 1.00e+05 of simulation time using 12 work units.
2016-00-29 13:16:53) Replicate 8 completed with 1.00e+05 of simulation time using 20 work units.
2016-00-29 13:16:53) Replicate 4 completed with 1.00e+05 of simulation time using 20 work units.
2016-00-29 13:16:53) Replicate 6 completed with 1.00e+05 of simulation time using 21 work units.
2016-00-29 13:16:53) Simulation finished.
2016-00-29 13:16:53) Replicate supervisor finished 10 replicates in 44.81 seconds.
2016-00-29 13:16:53) Finished 100 work units (ids in range 0 to 99) in the last 44.8 seconds. 919994629 steps in 4.449e+01 seconds (2.068e+07 steps/second).
2016-00-29 13:16:53) Supervisor 0:2 finished.
2016-00-29 13:16:53) Wrote 59 messages (4135 bytes) in the last 44.8 seconds (0.000067 seconds writing). 0 messages (0 bytes) queued. Flushing.
2016-00-29 13:16:53) OutputWriter::HelperThread 0:4 finished.
2016-00-29 13:16:53) OutputWriter 0:3 finished.
2016-00-29 13:16:53) Work unit runner 0:5 finished.
2016-00-29 13:16:53) Resource controller 0:1 finished.
2016-00-29 13:16:53) Closing MPI library.
2016-00-29 13:16:53) Program execution finished.
