Lattice Microbe ES v2016.01.20 build 1 in 64-bit mode with options MPI.
Copyright (C) 2008-2012 Luthey-Schulten Group, University of Illinois at Urbana-Champaign.
Copyright (C) 2012-2016 Roberts Group, Johns Hopkins University.

MPI version 3.0 with thread support MPI_THREAD_MULTIPLE.
Running with 1 process(es).

2016-00-26 15:33:45) Resource controller 0:1 started.
2016-00-26 15:33:45) Supervisor 0:2 started.
2016-00-26 15:33:45) Resource controller 0:1 on xanthus-cp-2 registered with 32 cpu core(s) and 0 gpu device(s).
2016-00-26 15:33:45) Registered resources for host xanthus-cp-2 (defaults=1): 2 cpu cores, 0 gpu devices
2016-00-26 15:33:45) All resources registered with supervisor, starting workers.
2016-00-26 15:33:45) Reserved core 0 on 0:1 for the output writer.
2016-00-26 15:33:45) Creating slot 0 on process (0:1) using resources: xanthus-cp-2; cpu core list:1; gpu device list:<none>.
2016-00-26 15:33:45) OutputWriter 0:3 started.
2016-00-26 15:33:45) Work Unit runner 0:5 started with 1 cpu cores (affinity=0) and 0 gpus.
2016-00-26 15:33:45) OutputWriter::HelperThread 0:4 started.
2016-00-26 15:33:45) Output writer started: 0:3.
2016-00-26 15:33:45) Work unit runner started: 0:5.
2016-00-26 15:33:45) All supervisor workers have started, beginning simulation.
2016-00-26 15:33:45) Replicate supervisor starting simulation.
2016-00-26 15:33:53) Replicate 7 completed with 1.00e+05 of simulation time using 2 work units.
2016-00-26 15:33:54) Replicate 4 completed with 1.00e+05 of simulation time using 2 work units.
2016-00-26 15:34:00) Replicate 9 completed with 1.00e+05 of simulation time using 3 work units.
2016-00-26 15:34:00) Replicate 5 completed with 1.00e+05 of simulation time using 3 work units.
2016-00-26 15:34:00) Replicate 3 completed with 1.00e+05 of simulation time using 3 work units.
2016-00-26 15:34:10) Replicate 1 completed with 1.00e+05 of simulation time using 6 work units.
2016-00-26 15:34:26) Replicate 6 completed with 1.00e+05 of simulation time using 12 work units.
2016-00-26 15:34:44) Replicate 10 completed with 1.00e+05 of simulation time using 20 work units.
2016-00-26 15:34:45) Wrote 55 messages (3764 bytes) in the last 60.1 seconds (0.000010 seconds writing). 0 messages (0 bytes) queued. Flushing.
2016-00-26 15:34:45) Replicate 2 completed with 1.00e+05 of simulation time using 20 work units.
2016-00-26 15:34:45) Finished 91 work units (ids in range 0 to 90) in the last 60.1 seconds. 839968747 steps in 5.976e+01 seconds (1.406e+07 steps/second).
2016-00-26 15:34:45) Replicate 8 completed with 1.00e+05 of simulation time using 21 work units.
2016-00-26 15:34:45) Simulation finished.
2016-00-26 15:34:45) Replicate supervisor finished 10 replicates in 60.08 seconds.
2016-00-26 15:34:45) Finished 1 work units (ids in range 91 to 91) in the last 0.0 seconds. 1217 steps in 2.142e-04 seconds (5.682e+06 steps/second).
2016-00-26 15:34:45) Supervisor 0:2 finished.
2016-00-26 15:34:45) Wrote 2 messages (130 bytes) in the last 0.0 seconds (0.000000 seconds writing). 0 messages (0 bytes) queued. Flushing.
2016-00-26 15:34:45) OutputWriter::HelperThread 0:4 finished.
2016-00-26 15:34:45) OutputWriter 0:3 finished.
2016-00-26 15:34:45) Work unit runner 0:5 finished.
2016-00-26 15:34:45) Resource controller 0:1 finished.
2016-00-26 15:34:45) Closing MPI library.
2016-00-26 15:34:45) Program execution finished.
