Lattice Microbe ES v2016.01.20 build 1 in 64-bit mode with options MPI.
Copyright (C) 2008-2012 Luthey-Schulten Group, University of Illinois at Urbana-Champaign.
Copyright (C) 2012-2016 Roberts Group, Johns Hopkins University.

MPI version 3.0 with thread support MPI_THREAD_MULTIPLE.
Running with 1 process(es).

2016-00-26 15:28:42) Resource controller 0:1 started.
2016-00-26 15:28:42) Supervisor 0:2 started.
2016-00-26 15:28:42) Resource controller 0:1 on xanthus-cp-2 registered with 32 cpu core(s) and 0 gpu device(s).
2016-00-26 15:28:42) Registered resources for host xanthus-cp-2 (defaults=1): 2 cpu cores, 0 gpu devices
2016-00-26 15:28:42) All resources registered with supervisor, starting workers.
2016-00-26 15:28:42) Reserved core 0 on 0:1 for the output writer.
2016-00-26 15:28:42) Creating slot 0 on process (0:1) using resources: xanthus-cp-2; cpu core list:1; gpu device list:<none>.
2016-00-26 15:28:42) OutputWriter 0:3 started.
2016-00-26 15:28:42) Work Unit runner 0:5 started with 1 cpu cores (affinity=0) and 0 gpus.
2016-00-26 15:28:42) OutputWriter::HelperThread 0:4 started.
2016-00-26 15:28:42) Output writer started: 0:3.
2016-00-26 15:28:42) Work unit runner started: 0:5.
2016-00-26 15:28:42) All supervisor workers have started, beginning simulation.
2016-00-26 15:28:42) Replicate supervisor starting simulation.
2016-00-26 15:28:49) Replicate 6 completed with 1.00e+05 of simulation time using 2 work units.
2016-00-26 15:28:49) Replicate 10 completed with 1.00e+05 of simulation time using 2 work units.
2016-00-26 15:28:51) Replicate 2 completed with 1.00e+05 of simulation time using 2 work units.
2016-00-26 15:28:55) Replicate 1 completed with 1.00e+05 of simulation time using 3 work units.
2016-00-26 15:29:03) Replicate 8 completed with 1.00e+05 of simulation time using 5 work units.
2016-00-26 15:29:43) Wrote 53 messages (3585 bytes) in the last 60.6 seconds (0.000008 seconds writing). 0 messages (0 bytes) queued. Flushing.
2016-00-26 15:29:43) Finished 91 work units (ids in range 0 to 90) in the last 60.6 seconds. 860000000 steps in 6.030e+01 seconds (1.426e+07 steps/second).
2016-00-26 15:29:46) Replicate 4 completed with 1.00e+05 of simulation time using 17 work units.
2016-00-26 15:29:54) Replicate 3 completed with 1.00e+05 of simulation time using 20 work units.
2016-00-26 15:29:55) Replicate 9 completed with 1.00e+05 of simulation time using 20 work units.
2016-00-26 15:29:55) Replicate 7 completed with 1.00e+05 of simulation time using 20 work units.
2016-00-26 15:29:56) Replicate 5 completed with 1.00e+05 of simulation time using 20 work units.
2016-00-26 15:29:56) Simulation finished.
2016-00-26 15:29:56) Replicate supervisor finished 10 replicates in 73.92 seconds.
2016-00-26 15:29:56) Finished 20 work units (ids in range 91 to 110) in the last 13.3 seconds. 189966876 steps in 1.326e+01 seconds (1.433e+07 steps/second).
2016-00-26 15:29:56) Supervisor 0:2 finished.
2016-00-26 15:29:56) Wrote 13 messages (854 bytes) in the last 13.3 seconds (0.000003 seconds writing). 0 messages (0 bytes) queued. Flushing.
2016-00-26 15:29:56) OutputWriter::HelperThread 0:4 finished.
2016-00-26 15:29:56) OutputWriter 0:3 finished.
2016-00-26 15:29:56) Work unit runner 0:5 finished.
2016-00-26 15:29:56) Resource controller 0:1 finished.
2016-00-26 15:29:56) Closing MPI library.
2016-00-26 15:29:56) Program execution finished.
