Lattice Microbe ES v2016.01.20 build 1 in 64-bit mode with options MPI.
Copyright (C) 2008-2012 Luthey-Schulten Group, University of Illinois at Urbana-Champaign.
Copyright (C) 2012-2016 Roberts Group, Johns Hopkins University.

MPI version 3.0 with thread support MPI_THREAD_MULTIPLE.
Running with 1 process(es).

2016-00-26 15:32:10) Resource controller 0:1 started.
2016-00-26 15:32:10) Supervisor 0:2 started.
2016-00-26 15:32:10) Resource controller 0:1 on xanthus-cp-2 registered with 32 cpu core(s) and 0 gpu device(s).
2016-00-26 15:32:10) Registered resources for host xanthus-cp-2 (defaults=1): 2 cpu cores, 0 gpu devices
2016-00-26 15:32:10) All resources registered with supervisor, starting workers.
2016-00-26 15:32:10) Reserved core 0 on 0:1 for the output writer.
2016-00-26 15:32:10) Creating slot 0 on process (0:1) using resources: xanthus-cp-2; cpu core list:1; gpu device list:<none>.
2016-00-26 15:32:10) OutputWriter 0:3 started.
2016-00-26 15:32:10) OutputWriter::HelperThread 0:4 started.
2016-00-26 15:32:10) Work Unit runner 0:5 started with 1 cpu cores (affinity=0) and 0 gpus.
2016-00-26 15:32:10) Output writer started: 0:3.
2016-00-26 15:32:10) Work unit runner started: 0:5.
2016-00-26 15:32:10) All supervisor workers have started, beginning simulation.
2016-00-26 15:32:10) Replicate supervisor starting simulation.
2016-00-26 15:32:19) Replicate 1 completed with 1.00e+05 of simulation time using 2 work units.
2016-00-26 15:32:19) Replicate 5 completed with 1.00e+05 of simulation time using 2 work units.
2016-00-26 15:32:20) Replicate 10 completed with 1.00e+05 of simulation time using 2 work units.
2016-00-26 15:32:22) Replicate 3 completed with 1.00e+05 of simulation time using 2 work units.
2016-00-26 15:32:24) Replicate 9 completed with 1.00e+05 of simulation time using 3 work units.
2016-00-26 15:32:32) Replicate 8 completed with 1.00e+05 of simulation time using 6 work units.
2016-00-26 15:33:11) Wrote 53 messages (3620 bytes) in the last 60.6 seconds (0.000023 seconds writing). 0 messages (0 bytes) queued. Flushing.
2016-00-26 15:33:11) Finished 92 work units (ids in range 0 to 91) in the last 60.6 seconds. 860000000 steps in 6.028e+01 seconds (1.427e+07 steps/second).
2016-00-26 15:33:15) Replicate 6 completed with 1.00e+05 of simulation time using 20 work units.
2016-00-26 15:33:15) Replicate 7 completed with 1.00e+05 of simulation time using 21 work units.
2016-00-26 15:33:15) Replicate 4 completed with 1.00e+05 of simulation time using 21 work units.
2016-00-26 15:33:15) Replicate 2 completed with 1.00e+05 of simulation time using 21 work units.
2016-00-26 15:33:15) Simulation finished.
2016-00-26 15:33:15) Replicate supervisor finished 10 replicates in 64.14 seconds.
2016-00-26 15:33:15) Finished 8 work units (ids in range 92 to 99) in the last 3.5 seconds. 49994835 steps in 3.501e+00 seconds (1.428e+07 steps/second).
2016-00-26 15:33:15) Supervisor 0:2 finished.
2016-00-26 15:33:15) Wrote 5 messages (325 bytes) in the last 3.6 seconds (0.000002 seconds writing). 0 messages (0 bytes) queued. Flushing.
2016-00-26 15:33:15) OutputWriter::HelperThread 0:4 finished.
2016-00-26 15:33:15) OutputWriter 0:3 finished.
2016-00-26 15:33:15) Work unit runner 0:5 finished.
2016-00-26 15:33:15) Resource controller 0:1 finished.
2016-00-26 15:33:15) Closing MPI library.
2016-00-26 15:33:15) Program execution finished.
