Lattice Microbe ES v2016.01.20 build 1 in 64-bit mode with options MPI.
Copyright (C) 2008-2012 Luthey-Schulten Group, University of Illinois at Urbana-Champaign.
Copyright (C) 2012-2016 Roberts Group, Johns Hopkins University.

MPI version 3.0 with thread support MPI_THREAD_MULTIPLE.
Running with 1 process(es).

2016-00-26 15:29:56) Resource controller 0:1 started.
2016-00-26 15:29:56) Supervisor 0:2 started.
2016-00-26 15:29:56) Resource controller 0:1 on xanthus-cp-2 registered with 32 cpu core(s) and 0 gpu device(s).
2016-00-26 15:29:56) Registered resources for host xanthus-cp-2 (defaults=1): 2 cpu cores, 0 gpu devices
2016-00-26 15:29:56) All resources registered with supervisor, starting workers.
2016-00-26 15:29:56) Reserved core 0 on 0:1 for the output writer.
2016-00-26 15:29:56) Creating slot 0 on process (0:1) using resources: xanthus-cp-2; cpu core list:1; gpu device list:<none>.
2016-00-26 15:29:56) OutputWriter 0:3 started.
2016-00-26 15:29:56) OutputWriter::HelperThread 0:4 started.
2016-00-26 15:29:56) Work Unit runner 0:5 started with 1 cpu cores (affinity=0) and 0 gpus.
2016-00-26 15:29:56) Output writer started: 0:3.
2016-00-26 15:29:56) Work unit runner started: 0:5.
2016-00-26 15:29:56) All supervisor workers have started, beginning simulation.
2016-00-26 15:29:56) Replicate supervisor starting simulation.
2016-00-26 15:30:04) Replicate 8 completed with 1.00e+05 of simulation time using 2 work units.
2016-00-26 15:30:32) Replicate 6 completed with 1.00e+05 of simulation time using 6 work units.
2016-00-26 15:30:39) Replicate 5 completed with 1.00e+05 of simulation time using 7 work units.
2016-00-26 15:30:43) Replicate 1 completed with 1.00e+05 of simulation time using 8 work units.
2016-00-26 15:30:57) Finished 89 work units (ids in range 0 to 88) in the last 60.5 seconds. 850000000 steps in 6.018e+01 seconds (1.412e+07 steps/second).
2016-00-26 15:30:59) Wrote 52 messages (3469 bytes) in the last 63.3 seconds (0.000021 seconds writing). 0 messages (0 bytes) queued. Flushing.
2016-00-26 15:31:18) Replicate 9 completed with 1.00e+05 of simulation time using 17 work units.
2016-00-26 15:31:31) Replicate 2 completed with 1.00e+05 of simulation time using 20 work units.
2016-00-26 15:31:31) Replicate 10 completed with 1.00e+05 of simulation time using 20 work units.
2016-00-26 15:31:32) Replicate 4 completed with 1.00e+05 of simulation time using 20 work units.
2016-00-26 15:31:32) Replicate 3 completed with 1.00e+05 of simulation time using 21 work units.
2016-00-26 15:31:32) Replicate 7 completed with 1.00e+05 of simulation time using 21 work units.
2016-00-26 15:31:32) Simulation finished.
2016-00-26 15:31:32) Replicate supervisor finished 10 replicates in 95.82 seconds.
2016-00-26 15:31:32) Finished 53 work units (ids in range 89 to 141) in the last 35.3 seconds. 500009668 steps in 3.514e+01 seconds (1.423e+07 steps/second).
2016-00-26 15:31:32) Supervisor 0:2 finished.
2016-00-26 15:31:32) Wrote 28 messages (1842 bytes) in the last 32.5 seconds (0.000011 seconds writing). 0 messages (0 bytes) queued. Flushing.
2016-00-26 15:31:32) OutputWriter::HelperThread 0:4 finished.
2016-00-26 15:31:32) OutputWriter 0:3 finished.
2016-00-26 15:31:32) Work unit runner 0:5 finished.
2016-00-26 15:31:32) Resource controller 0:1 finished.
2016-00-26 15:31:32) Closing MPI library.
2016-00-26 15:31:32) Program execution finished.
