Lattice Microbe ES v2016.01.20 build 1 in 64-bit mode with options MPI.
Copyright (C) 2008-2012 Luthey-Schulten Group, University of Illinois at Urbana-Champaign.
Copyright (C) 2012-2016 Roberts Group, Johns Hopkins University.

MPI version 3.0 with thread support MPI_THREAD_MULTIPLE.
Running with 1 process(es).

2016-00-26 15:26:03) Resource controller 0:1 started.
2016-00-26 15:26:03) Supervisor 0:2 started.
2016-00-26 15:26:03) Resource controller 0:1 on xanthus-cp-2 registered with 32 cpu core(s) and 0 gpu device(s).
2016-00-26 15:26:03) Registered resources for host xanthus-cp-2 (defaults=1): 2 cpu cores, 0 gpu devices
2016-00-26 15:26:03) All resources registered with supervisor, starting workers.
2016-00-26 15:26:03) Reserved core 0 on 0:1 for the output writer.
2016-00-26 15:26:03) Creating slot 0 on process (0:1) using resources: xanthus-cp-2; cpu core list:1; gpu device list:<none>.
2016-00-26 15:26:03) OutputWriter 0:3 started.
2016-00-26 15:26:03) OutputWriter::HelperThread 0:4 started.
2016-00-26 15:26:03) Work Unit runner 0:5 started with 1 cpu cores (affinity=0) and 0 gpus.
2016-00-26 15:26:03) Output writer started: 0:3.
2016-00-26 15:26:03) Work unit runner started: 0:5.
2016-00-26 15:26:03) All supervisor workers have started, beginning simulation.
2016-00-26 15:26:03) Replicate supervisor starting simulation.
2016-00-26 15:26:10) Replicate 10 completed with 1.00e+05 of simulation time using 2 work units.
2016-00-26 15:26:12) Replicate 5 completed with 1.00e+05 of simulation time using 2 work units.
2016-00-26 15:26:12) Replicate 9 completed with 1.00e+05 of simulation time using 2 work units.
2016-00-26 15:26:17) Replicate 4 completed with 1.00e+05 of simulation time using 3 work units.
2016-00-26 15:26:23) Replicate 3 completed with 1.00e+05 of simulation time using 4 work units.
2016-00-26 15:26:24) Replicate 1 completed with 1.00e+05 of simulation time using 5 work units.
2016-00-26 15:26:26) Replicate 6 completed with 1.00e+05 of simulation time using 6 work units.
2016-00-26 15:26:27) Replicate 7 completed with 1.00e+05 of simulation time using 6 work units.
2016-00-26 15:26:42) Replicate 8 completed with 1.00e+05 of simulation time using 17 work units.
2016-00-26 15:26:44) Replicate 2 completed with 1.00e+05 of simulation time using 21 work units.
2016-00-26 15:26:44) Simulation finished.
2016-00-26 15:26:44) Replicate supervisor finished 10 replicates in 40.82 seconds.
2016-00-26 15:26:44) Finished 68 work units (ids in range 0 to 67) in the last 40.9 seconds. 580013068 steps in 4.061e+01 seconds (1.428e+07 steps/second).
2016-00-26 15:26:44) Supervisor 0:2 finished.
2016-00-26 15:26:44) Wrote 43 messages (3042 bytes) in the last 40.8 seconds (0.000010 seconds writing). 0 messages (0 bytes) queued. Flushing.
2016-00-26 15:26:44) OutputWriter::HelperThread 0:4 finished.
2016-00-26 15:26:44) OutputWriter 0:3 finished.
2016-00-26 15:26:44) Work unit runner 0:5 finished.
2016-00-26 15:26:44) Resource controller 0:1 finished.
2016-00-26 15:26:44) Closing MPI library.
2016-00-26 15:26:44) Program execution finished.
