Lattice Microbe ES v2016.01.20 build 1 in 64-bit mode with options MPI.
Copyright (C) 2008-2012 Luthey-Schulten Group, University of Illinois at Urbana-Champaign.
Copyright (C) 2012-2016 Roberts Group, Johns Hopkins University.

MPI version 3.0 with thread support MPI_THREAD_MULTIPLE.
Running with 1 process(es).

2016-00-26 15:28:11) Resource controller 0:1 started.
2016-00-26 15:28:11) Supervisor 0:2 started.
2016-00-26 15:28:11) Resource controller 0:1 on xanthus-hd-1 registered with 8 cpu core(s) and 0 gpu device(s).
2016-00-26 15:28:11) Registered resources for host xanthus-hd-1 (defaults=1): 2 cpu cores, 0 gpu devices
2016-00-26 15:28:11) All resources registered with supervisor, starting workers.
2016-00-26 15:28:11) Reserved core 0 on 0:1 for the output writer.
2016-00-26 15:28:11) Creating slot 0 on process (0:1) using resources: xanthus-hd-1; cpu core list:1; gpu device list:<none>.
2016-00-26 15:28:11) OutputWriter 0:3 started.
2016-00-26 15:28:11) Work Unit runner 0:5 started with 1 cpu cores (affinity=0) and 0 gpus.
2016-00-26 15:28:11) OutputWriter::HelperThread 0:4 started.
2016-00-26 15:28:11) Output writer started: 0:3.
2016-00-26 15:28:11) Work unit runner started: 0:5.
2016-00-26 15:28:11) All supervisor workers have started, beginning simulation.
2016-00-26 15:28:11) Replicate supervisor starting simulation.
2016-00-26 15:28:17) Replicate 7 completed with 1.00e+05 of simulation time using 2 work units.
2016-00-26 15:28:21) Replicate 10 completed with 1.00e+05 of simulation time using 2 work units.
2016-00-26 15:28:25) Replicate 5 completed with 1.00e+05 of simulation time using 3 work units.
2016-00-26 15:28:29) Replicate 4 completed with 1.00e+05 of simulation time using 4 work units.
2016-00-26 15:28:34) Replicate 2 completed with 1.00e+05 of simulation time using 6 work units.
2016-00-26 15:28:38) Replicate 3 completed with 1.00e+05 of simulation time using 7 work units.
2016-00-26 15:28:49) Replicate 1 completed with 1.00e+05 of simulation time using 13 work units.
2016-00-26 15:29:03) Replicate 6 completed with 1.00e+05 of simulation time using 20 work units.
2016-00-26 15:29:03) Replicate 9 completed with 1.00e+05 of simulation time using 20 work units.
2016-00-26 15:29:03) Replicate 8 completed with 1.00e+05 of simulation time using 21 work units.
2016-00-26 15:29:03) Simulation finished.
2016-00-26 15:29:03) Replicate supervisor finished 10 replicates in 52.12 seconds.
2016-00-26 15:29:03) Finished 98 work units (ids in range 0 to 97) in the last 52.1 seconds. 899973212 steps in 5.178e+01 seconds (1.738e+07 steps/second).
2016-00-26 15:29:03) Supervisor 0:2 finished.
2016-00-26 15:29:03) Wrote 59 messages (4018 bytes) in the last 52.1 seconds (0.000005 seconds writing). 0 messages (0 bytes) queued. Flushing.
2016-00-26 15:29:03) OutputWriter::HelperThread 0:4 finished.
2016-00-26 15:29:03) OutputWriter 0:3 finished.
2016-00-26 15:29:03) Work unit runner 0:5 finished.
2016-00-26 15:29:03) Resource controller 0:1 finished.
2016-00-26 15:29:03) Closing MPI library.
2016-00-26 15:29:03) Program execution finished.
