Lattice Microbe ES v2016.01.20 build 1 in 64-bit mode with options MPI.
Copyright (C) 2008-2012 Luthey-Schulten Group, University of Illinois at Urbana-Champaign.
Copyright (C) 2012-2016 Roberts Group, Johns Hopkins University.

MPI version 3.0 with thread support MPI_THREAD_MULTIPLE.
Running with 1 process(es).

2016-00-26 15:34:45) Resource controller 0:1 started.
2016-00-26 15:34:45) Supervisor 0:2 started.
2016-00-26 15:34:45) Resource controller 0:1 on xanthus-cp-2 registered with 32 cpu core(s) and 0 gpu device(s).
2016-00-26 15:34:45) Registered resources for host xanthus-cp-2 (defaults=1): 2 cpu cores, 0 gpu devices
2016-00-26 15:34:45) All resources registered with supervisor, starting workers.
2016-00-26 15:34:45) Reserved core 0 on 0:1 for the output writer.
2016-00-26 15:34:45) Creating slot 0 on process (0:1) using resources: xanthus-cp-2; cpu core list:1; gpu device list:<none>.
2016-00-26 15:34:45) OutputWriter 0:3 started.
2016-00-26 15:34:45) OutputWriter::HelperThread 0:4 started.
2016-00-26 15:34:45) Work Unit runner 0:5 started with 1 cpu cores (affinity=0) and 0 gpus.
2016-00-26 15:34:45) Output writer started: 0:3.
2016-00-26 15:34:45) Work unit runner started: 0:5.
2016-00-26 15:34:45) All supervisor workers have started, beginning simulation.
2016-00-26 15:34:45) Replicate supervisor starting simulation.
2016-00-26 15:34:52) Replicate 3 completed with 1.00e+05 of simulation time using 2 work units.
2016-00-26 15:34:53) Replicate 2 completed with 1.00e+05 of simulation time using 2 work units.
2016-00-26 15:34:55) Replicate 4 completed with 1.00e+05 of simulation time using 2 work units.
2016-00-26 15:34:57) Replicate 8 completed with 1.00e+05 of simulation time using 3 work units.
2016-00-26 15:34:58) Replicate 5 completed with 1.00e+05 of simulation time using 3 work units.
2016-00-26 15:34:58) Replicate 10 completed with 1.00e+05 of simulation time using 3 work units.
2016-00-26 15:35:39) Replicate 9 completed with 1.00e+05 of simulation time using 16 work units.
2016-00-26 15:35:45) Finished 88 work units (ids in range 0 to 87) in the last 60.1 seconds. 810000000 steps in 5.973e+01 seconds (1.356e+07 steps/second).
2016-00-26 15:35:47) Wrote 53 messages (3634 bytes) in the last 62.1 seconds (0.000020 seconds writing). 0 messages (0 bytes) queued. Flushing.
2016-00-26 15:35:47) Replicate 1 completed with 1.00e+05 of simulation time using 20 work units.
2016-00-26 15:35:47) Replicate 6 completed with 1.00e+05 of simulation time using 21 work units.
2016-00-26 15:35:47) Replicate 7 completed with 1.00e+05 of simulation time using 21 work units.
2016-00-26 15:35:47) Simulation finished.
2016-00-26 15:35:47) Replicate supervisor finished 10 replicates in 62.16 seconds.
2016-00-26 15:35:47) Finished 5 work units (ids in range 88 to 92) in the last 2.1 seconds. 30012231 steps in 2.103e+00 seconds (1.427e+07 steps/second).
2016-00-26 15:35:47) Supervisor 0:2 finished.
2016-00-26 15:35:47) Wrote 3 messages (195 bytes) in the last 0.0 seconds (0.000001 seconds writing). 0 messages (0 bytes) queued. Flushing.
2016-00-26 15:35:47) OutputWriter::HelperThread 0:4 finished.
2016-00-26 15:35:47) OutputWriter 0:3 finished.
2016-00-26 15:35:47) Work unit runner 0:5 finished.
2016-00-26 15:35:47) Resource controller 0:1 finished.
2016-00-26 15:35:47) Closing MPI library.
2016-00-26 15:35:47) Program execution finished.
