Lattice Microbe ES v2016.01.20 build 1 in 64-bit mode with options MPI.
Copyright (C) 2008-2012 Luthey-Schulten Group, University of Illinois at Urbana-Champaign.
Copyright (C) 2012-2016 Roberts Group, Johns Hopkins University.

MPI version 3.0 with thread support MPI_THREAD_MULTIPLE.
Running with 1 process(es).

2016-00-26 15:26:42) Resource controller 0:1 started.
2016-00-26 15:26:42) Supervisor 0:2 started.
2016-00-26 15:26:42) Resource controller 0:1 on xanthus-hd-1 registered with 8 cpu core(s) and 0 gpu device(s).
2016-00-26 15:26:42) Registered resources for host xanthus-hd-1 (defaults=1): 2 cpu cores, 0 gpu devices
2016-00-26 15:26:42) All resources registered with supervisor, starting workers.
2016-00-26 15:26:42) Reserved core 0 on 0:1 for the output writer.
2016-00-26 15:26:42) Creating slot 0 on process (0:1) using resources: xanthus-hd-1; cpu core list:1; gpu device list:<none>.
2016-00-26 15:26:42) OutputWriter 0:3 started.
2016-00-26 15:26:42) Work Unit runner 0:5 started with 1 cpu cores (affinity=0) and 0 gpus.2016-00-26 15:26:42) OutputWriter::HelperThread 0:4 started.

2016-00-26 15:26:42) Output writer started: 0:3.
2016-00-26 15:26:42) Work unit runner started: 0:5.
2016-00-26 15:26:42) All supervisor workers have started, beginning simulation.
2016-00-26 15:26:42) Replicate supervisor starting simulation.
2016-00-26 15:26:50) Replicate 1 completed with 1.00e+05 of simulation time using 2 work units.
2016-00-26 15:26:50) Replicate 10 completed with 1.00e+05 of simulation time using 2 work units.
2016-00-26 15:26:56) Replicate 5 completed with 1.00e+05 of simulation time using 3 work units.
2016-00-26 15:27:01) Replicate 4 completed with 1.00e+05 of simulation time using 5 work units.
2016-00-26 15:27:25) Replicate 2 completed with 1.00e+05 of simulation time using 12 work units.
2016-00-26 15:27:29) Replicate 6 completed with 1.00e+05 of simulation time using 13 work units.
2016-00-26 15:27:36) Replicate 8 completed with 1.00e+05 of simulation time using 16 work units.
2016-00-26 15:27:40) Replicate 9 completed with 1.00e+05 of simulation time using 18 work units.
2016-00-26 15:27:40) Replicate 7 completed with 1.00e+05 of simulation time using 19 work units.
2016-00-26 15:27:41) Replicate 3 completed with 1.00e+05 of simulation time using 20 work units.
2016-00-26 15:27:41) Simulation finished.
2016-00-26 15:27:41) Replicate supervisor finished 10 replicates in 58.52 seconds.
2016-00-26 15:27:41) Finished 110 work units (ids in range 0 to 109) in the last 58.5 seconds. 1009987939 steps in 5.814e+01 seconds (1.737e+07 steps/second).
2016-00-26 15:27:41) Supervisor 0:2 finished.
2016-00-26 15:27:41) Wrote 65 messages (4399 bytes) in the last 58.5 seconds (0.000007 seconds writing). 0 messages (0 bytes) queued. Flushing.
2016-00-26 15:27:41) OutputWriter::HelperThread 0:4 finished.
2016-00-26 15:27:41) OutputWriter 0:3 finished.
2016-00-26 15:27:41) Work unit runner 0:5 finished.
2016-00-26 15:27:41) Resource controller 0:1 finished.
2016-00-26 15:27:41) Closing MPI library.
2016-00-26 15:27:41) Program execution finished.
