Lattice Microbe ES v2016.01.20 build 1 in 64-bit mode with options MPI.
Copyright (C) 2008-2012 Luthey-Schulten Group, University of Illinois at Urbana-Champaign.
Copyright (C) 2012-2016 Roberts Group, Johns Hopkins University.

MPI version 3.0 with thread support MPI_THREAD_MULTIPLE.
Running with 1 process(es).

2016-00-29 13:13:12) Resource controller 0:1 started.
2016-00-29 13:13:12) Supervisor 0:2 started.
2016-00-29 13:13:12) Resource controller 0:1 on barkeri.bph.jhu.edu registered with 8 cpu core(s) and 0 gpu device(s).
2016-00-29 13:13:12) Registered resources for host barkeri.bph.jhu.edu (defaults=1): 2 cpu cores, 0 gpu devices
2016-00-29 13:13:12) All resources registered with supervisor, starting workers.
2016-00-29 13:13:12) Reserved core 0 on 0:1 for the output writer.
2016-00-29 13:13:12) Creating slot 0 on process (0:1) using resources: barkeri.bph.jhu.edu; cpu core list:1; gpu device list:<none>.
2016-00-29 13:13:12) OutputWriter 0:3 started.
2016-00-29 13:13:12) 2016-00-29 13:13:12) OutputWriter::HelperThread 0:4 started.Work Unit runner 0:5 started with 1 cpu cores (affinity=0) and 0 gpus.

2016-00-29 13:13:12) Output writer started: 0:3.
2016-00-29 13:13:12) Work unit runner started: 0:5.
2016-00-29 13:13:12) All supervisor workers have started, beginning simulation.
2016-00-29 13:13:12) Replicate supervisor starting simulation.
2016-00-29 13:13:17) Replicate 5 completed with 1.00e+05 of simulation time using 2 work units.
2016-00-29 13:13:18) Replicate 9 completed with 1.00e+05 of simulation time using 2 work units.
2016-00-29 13:13:19) Replicate 6 completed with 1.00e+05 of simulation time using 2 work units.
2016-00-29 13:13:20) Replicate 1 completed with 1.00e+05 of simulation time using 3 work units.
2016-00-29 13:13:21) Replicate 7 completed with 1.00e+05 of simulation time using 3 work units.
2016-00-29 13:13:21) Replicate 10 completed with 1.00e+05 of simulation time using 3 work units.
2016-00-29 13:13:22) Replicate 2 completed with 1.00e+05 of simulation time using 3 work units.
2016-00-29 13:13:23) Replicate 3 completed with 1.00e+05 of simulation time using 5 work units.
2016-00-29 13:13:34) Replicate 8 completed with 1.00e+05 of simulation time using 16 work units.
2016-00-29 13:13:36) Replicate 4 completed with 1.00e+05 of simulation time using 20 work units.
2016-00-29 13:13:36) Simulation finished.
2016-00-29 13:13:36) Replicate supervisor finished 10 replicates in 24.36 seconds.
2016-00-29 13:13:36) Finished 59 work units (ids in range 0 to 58) in the last 24.4 seconds. 499982894 steps in 2.415e+01 seconds (2.070e+07 steps/second).
2016-00-29 13:13:36) Supervisor 0:2 finished.
2016-00-29 13:13:36) Wrote 40 messages (2935 bytes) in the last 24.4 seconds (0.000041 seconds writing). 0 messages (0 bytes) queued. Flushing.
2016-00-29 13:13:36) OutputWriter::HelperThread 0:4 finished.
2016-00-29 13:13:36) OutputWriter 0:3 finished.
2016-00-29 13:13:36) Work unit runner 0:5 finished.
2016-00-29 13:13:36) Resource controller 0:1 finished.
2016-00-29 13:13:36) Closing MPI library.
2016-00-29 13:13:36) Program execution finished.
