Lattice Microbe ES v2016.01.20 build 1 in 64-bit mode with options MPI.
Copyright (C) 2008-2012 Luthey-Schulten Group, University of Illinois at Urbana-Champaign.
Copyright (C) 2012-2016 Roberts Group, Johns Hopkins University.

MPI version 3.0 with thread support MPI_THREAD_MULTIPLE.
Running with 1 process(es).

2016-00-29 13:15:18) Resource controller 0:1 started.
2016-00-29 13:15:18) Supervisor 0:2 started.
2016-00-29 13:15:18) Resource controller 0:1 on barkeri.bph.jhu.edu registered with 8 cpu core(s) and 0 gpu device(s).
2016-00-29 13:15:18) Registered resources for host barkeri.bph.jhu.edu (defaults=1): 2 cpu cores, 0 gpu devices
2016-00-29 13:15:18) All resources registered with supervisor, starting workers.
2016-00-29 13:15:18) Reserved core 0 on 0:1 for the output writer.
2016-00-29 13:15:18) Creating slot 0 on process (0:1) using resources: barkeri.bph.jhu.edu; cpu core list:1; gpu device list:<none>.
2016-00-29 13:15:18) OutputWriter 0:3 started.
2016-00-29 13:15:18) 2016-00-29 13:15:18) OutputWriter::HelperThread 0:5 started.Work Unit runner 0:4 started with 1 cpu cores (affinity=0) and 0 gpus.

2016-00-29 13:15:18) Output writer started: 0:3.
2016-00-29 13:15:18) Work unit runner started: 0:4.
2016-00-29 13:15:18) All supervisor workers have started, beginning simulation.
2016-00-29 13:15:18) Replicate supervisor starting simulation.
2016-00-29 13:15:27) Replicate 10 completed with 1.00e+05 of simulation time using 2 work units.
2016-00-29 13:15:27) Replicate 9 completed with 1.00e+05 of simulation time using 3 work units.
2016-00-29 13:15:28) Replicate 5 completed with 1.00e+05 of simulation time using 3 work units.
2016-00-29 13:15:28) Replicate 7 completed with 1.00e+05 of simulation time using 3 work units.
2016-00-29 13:15:39) Replicate 8 completed with 1.00e+05 of simulation time using 7 work units.
2016-00-29 13:15:57) Replicate 3 completed with 1.00e+05 of simulation time using 14 work units.
2016-00-29 13:16:04) Replicate 2 completed with 1.00e+05 of simulation time using 18 work units.
2016-00-29 13:16:08) Replicate 6 completed with 1.00e+05 of simulation time using 20 work units.
2016-00-29 13:16:08) Replicate 1 completed with 1.00e+05 of simulation time using 20 work units.
2016-00-29 13:16:08) Replicate 4 completed with 1.00e+05 of simulation time using 21 work units.
2016-00-29 13:16:08) Simulation finished.
2016-00-29 13:16:08) Replicate supervisor finished 10 replicates in 50.19 seconds.
2016-00-29 13:16:08) Finished 111 work units (ids in range 0 to 110) in the last 50.2 seconds. 1029973390 steps in 4.981e+01 seconds (2.068e+07 steps/second).
2016-00-29 13:16:08) Supervisor 0:2 finished.
2016-00-29 13:16:08) Wrote 63 messages (4387 bytes) in the last 50.2 seconds (0.000064 seconds writing). 0 messages (0 bytes) queued. Flushing.
2016-00-29 13:16:08) OutputWriter::HelperThread 0:5 finished.
2016-00-29 13:16:08) OutputWriter 0:3 finished.
2016-00-29 13:16:08) Work unit runner 0:4 finished.
2016-00-29 13:16:08) Resource controller 0:1 finished.
2016-00-29 13:16:08) Closing MPI library.
2016-00-29 13:16:08) Program execution finished.
