Lattice Microbe ES v2016.01.20 build 1 in 64-bit mode with options MPI.
Copyright (C) 2008-2012 Luthey-Schulten Group, University of Illinois at Urbana-Champaign.
Copyright (C) 2012-2016 Roberts Group, Johns Hopkins University.

MPI version 3.0 with thread support MPI_THREAD_MULTIPLE.
Running with 1 process(es).

2016-00-26 15:33:27) Resource controller 0:1 started.
2016-00-26 15:33:27) Supervisor 0:2 started.
2016-00-26 15:33:27) Resource controller 0:1 on xanthus-hd-1 registered with 8 cpu core(s) and 0 gpu device(s).
2016-00-26 15:33:27) Registered resources for host xanthus-hd-1 (defaults=1): 2 cpu cores, 0 gpu devices
2016-00-26 15:33:27) All resources registered with supervisor, starting workers.
2016-00-26 15:33:27) Reserved core 0 on 0:1 for the output writer.
2016-00-26 15:33:27) Creating slot 0 on process (0:1) using resources: xanthus-hd-1; cpu core list:1; gpu device list:<none>.
2016-00-26 15:33:27) OutputWriter 0:3 started.
2016-00-26 15:33:27) OutputWriter::HelperThread 0:4 started.
2016-00-26 15:33:27) Work Unit runner 0:5 started with 1 cpu cores (affinity=0) and 0 gpus.
2016-00-26 15:33:27) Output writer started: 0:3.
2016-00-26 15:33:27) Work unit runner started: 0:5.
2016-00-26 15:33:27) All supervisor workers have started, beginning simulation.
2016-00-26 15:33:27) Replicate supervisor starting simulation.
2016-00-26 15:33:32) Replicate 5 completed with 1.00e+05 of simulation time using 2 work units.
2016-00-26 15:33:32) Replicate 2 completed with 1.00e+05 of simulation time using 2 work units.
2016-00-26 15:33:37) Replicate 8 completed with 1.00e+05 of simulation time using 2 work units.
2016-00-26 15:33:37) Replicate 4 completed with 1.00e+05 of simulation time using 3 work units.
2016-00-26 15:33:47) Replicate 1 completed with 1.00e+05 of simulation time using 6 work units.
2016-00-26 15:33:56) Replicate 10 completed with 1.00e+05 of simulation time using 9 work units.
2016-00-26 15:33:56) Replicate 6 completed with 1.00e+05 of simulation time using 9 work units.
2016-00-26 15:34:00) Replicate 3 completed with 1.00e+05 of simulation time using 11 work units.
2016-00-26 15:34:11) Replicate 9 completed with 1.00e+05 of simulation time using 21 work units.
2016-00-26 15:34:11) Replicate 7 completed with 1.00e+05 of simulation time using 21 work units.
2016-00-26 15:34:11) Simulation finished.
2016-00-26 15:34:11) Replicate supervisor finished 10 replicates in 44.03 seconds.
2016-00-26 15:34:11) Finished 86 work units (ids in range 0 to 85) in the last 44.1 seconds. 760005607 steps in 4.379e+01 seconds (1.736e+07 steps/second).
2016-00-26 15:34:11) Supervisor 0:2 finished.
2016-00-26 15:34:11) Wrote 52 messages (3591 bytes) in the last 44.0 seconds (0.000005 seconds writing). 0 messages (0 bytes) queued. Flushing.
2016-00-26 15:34:11) OutputWriter::HelperThread 0:4 finished.
2016-00-26 15:34:11) OutputWriter 0:3 finished.
2016-00-26 15:34:11) Work unit runner 0:5 finished.
2016-00-26 15:34:11) Resource controller 0:1 finished.
2016-00-26 15:34:11) Closing MPI library.
2016-00-26 15:34:11) Program execution finished.
