Lattice Microbe ES v2016.01.20 build 1 in 64-bit mode with options MPI.
Copyright (C) 2008-2012 Luthey-Schulten Group, University of Illinois at Urbana-Champaign.
Copyright (C) 2012-2016 Roberts Group, Johns Hopkins University.

MPI version 3.0 with thread support MPI_THREAD_MULTIPLE.
Running with 1 process(es).

2016-00-26 15:31:32) Resource controller 0:1 started.
2016-00-26 15:31:32) Supervisor 0:2 started.
2016-00-26 15:31:32) Resource controller 0:1 on xanthus-cp-2 registered with 32 cpu core(s) and 0 gpu device(s).
2016-00-26 15:31:32) Registered resources for host xanthus-cp-2 (defaults=1): 2 cpu cores, 0 gpu devices
2016-00-26 15:31:32) All resources registered with supervisor, starting workers.
2016-00-26 15:31:32) Reserved core 0 on 0:1 for the output writer.
2016-00-26 15:31:32) Creating slot 0 on process (0:1) using resources: xanthus-cp-2; cpu core list:1; gpu device list:<none>.
2016-00-26 15:31:32) Work Unit runner 0:4 started with 1 cpu cores (affinity=0) and 0 gpus.
2016-00-26 15:31:32) OutputWriter 0:3 started.
2016-00-26 15:31:32) OutputWriter::HelperThread 0:5 started.
2016-00-26 15:31:32) Output writer started: 0:3.
2016-00-26 15:31:32) Work unit runner started: 0:4.
2016-00-26 15:31:32) All supervisor workers have started, beginning simulation.
2016-00-26 15:31:32) Replicate supervisor starting simulation.
2016-00-26 15:31:39) Replicate 1 completed with 1.00e+05 of simulation time using 2 work units.
2016-00-26 15:31:42) Replicate 2 completed with 1.00e+05 of simulation time using 2 work units.
2016-00-26 15:31:45) Replicate 8 completed with 1.00e+05 of simulation time using 3 work units.
2016-00-26 15:31:45) Replicate 9 completed with 1.00e+05 of simulation time using 3 work units.
2016-00-26 15:31:48) Replicate 7 completed with 1.00e+05 of simulation time using 3 work units.
2016-00-26 15:31:50) Replicate 4 completed with 1.00e+05 of simulation time using 4 work units.
2016-00-26 15:31:56) Replicate 3 completed with 1.00e+05 of simulation time using 6 work units.
2016-00-26 15:31:57) Replicate 5 completed with 1.00e+05 of simulation time using 7 work units.
2016-00-26 15:32:05) Replicate 6 completed with 1.00e+05 of simulation time using 13 work units.
2016-00-26 15:32:10) Replicate 10 completed with 1.00e+05 of simulation time using 20 work units.
2016-00-26 15:32:10) Simulation finished.
2016-00-26 15:32:10) Replicate supervisor finished 10 replicates in 38.27 seconds.
2016-00-26 15:32:10) Finished 63 work units (ids in range 0 to 62) in the last 38.3 seconds. 539992110 steps in 3.804e+01 seconds (1.420e+07 steps/second).
2016-00-26 15:32:10) Supervisor 0:2 finished.
2016-00-26 15:32:10) Wrote 42 messages (2980 bytes) in the last 38.3 seconds (0.000016 seconds writing). 0 messages (0 bytes) queued. Flushing.
2016-00-26 15:32:10) OutputWriter::HelperThread 0:5 finished.
2016-00-26 15:32:10) OutputWriter 0:3 finished.
2016-00-26 15:32:10) Work unit runner 0:4 finished.
2016-00-26 15:32:10) Resource controller 0:1 finished.
2016-00-26 15:32:10) Closing MPI library.
2016-00-26 15:32:10) Program execution finished.
