Lattice Microbe ES v2016.01.20 build 1 in 64-bit mode with options MPI.
Copyright (C) 2008-2012 Luthey-Schulten Group, University of Illinois at Urbana-Champaign.
Copyright (C) 2012-2016 Roberts Group, Johns Hopkins University.

MPI version 3.0 with thread support MPI_THREAD_MULTIPLE.
Running with 1 process(es).

2016-00-26 15:26:44) Resource controller 0:1 started.
2016-00-26 15:26:44) Supervisor 0:2 started.
2016-00-26 15:26:44) Resource controller 0:1 on xanthus-cp-2 registered with 32 cpu core(s) and 0 gpu device(s).
2016-00-26 15:26:44) Registered resources for host xanthus-cp-2 (defaults=1): 2 cpu cores, 0 gpu devices
2016-00-26 15:26:44) All resources registered with supervisor, starting workers.
2016-00-26 15:26:44) Reserved core 0 on 0:1 for the output writer.
2016-00-26 15:26:44) Creating slot 0 on process (0:1) using resources: xanthus-cp-2; cpu core list:1; gpu device list:<none>.
2016-00-26 15:26:44) OutputWriter 0:3 started.
2016-00-26 15:26:44) Work Unit runner 0:5 started with 1 cpu cores (affinity=0) and 0 gpus.
2016-00-26 15:26:44) OutputWriter::HelperThread 0:4 started.
2016-00-26 15:26:44) Work unit runner started: 0:5.
2016-00-26 15:26:44) Output writer started: 0:3.
2016-00-26 15:26:44) All supervisor workers have started, beginning simulation.
2016-00-26 15:26:44) Replicate supervisor starting simulation.
2016-00-26 15:26:55) Replicate 6 completed with 1.00e+05 of simulation time using 2 work units.
2016-00-26 15:26:59) Replicate 1 completed with 1.00e+05 of simulation time using 3 work units.
2016-00-26 15:26:59) Replicate 9 completed with 1.00e+05 of simulation time using 3 work units.
2016-00-26 15:27:01) Replicate 3 completed with 1.00e+05 of simulation time using 3 work units.
2016-00-26 15:27:03) Replicate 4 completed with 1.00e+05 of simulation time using 4 work units.
2016-00-26 15:27:05) Replicate 8 completed with 1.00e+05 of simulation time using 5 work units.
2016-00-26 15:27:44) Finished 91 work units (ids in range 0 to 90) in the last 60.0 seconds. 850000000 steps in 5.964e+01 seconds (1.425e+07 steps/second).
2016-00-26 15:27:45) Wrote 52 messages (3554 bytes) in the last 60.7 seconds (0.000008 seconds writing). 0 messages (0 bytes) queued. Flushing.
2016-00-26 15:27:50) Replicate 5 completed with 1.00e+05 of simulation time using 20 work units.
2016-00-26 15:27:51) Replicate 2 completed with 1.00e+05 of simulation time using 20 work units.
2016-00-26 15:27:51) Replicate 7 completed with 1.00e+05 of simulation time using 21 work units.
2016-00-26 15:27:51) Replicate 10 completed with 1.00e+05 of simulation time using 21 work units.
2016-00-26 15:27:51) Simulation finished.
2016-00-26 15:27:51) Replicate supervisor finished 10 replicates in 66.34 seconds.
2016-00-26 15:27:51) Finished 11 work units (ids in range 91 to 101) in the last 6.3 seconds. 89997771 steps in 6.304e+00 seconds (1.428e+07 steps/second).
2016-00-26 15:27:51) Supervisor 0:2 finished.
2016-00-26 15:27:51) Wrote 7 messages (455 bytes) in the last 5.7 seconds (0.000001 seconds writing). 0 messages (0 bytes) queued. Flushing.
2016-00-26 15:27:51) OutputWriter::HelperThread 0:4 finished.
2016-00-26 15:27:51) OutputWriter 0:3 finished.
2016-00-26 15:27:51) Work unit runner 0:5 finished.
2016-00-26 15:27:51) Resource controller 0:1 finished.
2016-00-26 15:27:51) Closing MPI library.
2016-00-26 15:27:51) Program execution finished.
