Lattice Microbe ES v2016.01.20 build 1 in 64-bit mode with options MPI.
Copyright (C) 2008-2012 Luthey-Schulten Group, University of Illinois at Urbana-Champaign.
Copyright (C) 2012-2016 Roberts Group, Johns Hopkins University.

MPI version 3.0 with thread support MPI_THREAD_MULTIPLE.
Running with 1 process(es).

2016-00-26 15:29:34) Resource controller 0:1 started.
2016-00-26 15:29:34) Supervisor 0:2 started.
2016-00-26 15:29:34) Resource controller 0:1 on xanthus-hd-1 registered with 8 cpu core(s) and 0 gpu device(s).
2016-00-26 15:29:34) Registered resources for host xanthus-hd-1 (defaults=1): 2 cpu cores, 0 gpu devices
2016-00-26 15:29:34) All resources registered with supervisor, starting workers.
2016-00-26 15:29:34) Reserved core 0 on 0:1 for the output writer.
2016-00-26 15:29:34) Creating slot 0 on process (0:1) using resources: xanthus-hd-1; cpu core list:1; gpu device list:<none>.
2016-00-26 15:29:34) OutputWriter 0:3 started.
2016-00-26 15:29:34) Work Unit runner 0:5 started with 1 cpu cores (affinity=0) and 0 gpus.
2016-00-26 15:29:34) OutputWriter::HelperThread 0:4 started.
2016-00-26 15:29:34) Output writer started: 0:3.
2016-00-26 15:29:34) Work unit runner started: 0:5.
2016-00-26 15:29:34) All supervisor workers have started, beginning simulation.
2016-00-26 15:29:34) Replicate supervisor starting simulation.
2016-00-26 15:29:42) Replicate 4 completed with 1.00e+05 of simulation time using 2 work units.
2016-00-26 15:29:43) Replicate 5 completed with 1.00e+05 of simulation time using 2 work units.
2016-00-26 15:29:50) Replicate 6 completed with 1.00e+05 of simulation time using 4 work units.
2016-00-26 15:29:51) Replicate 2 completed with 1.00e+05 of simulation time using 4 work units.
2016-00-26 15:30:07) Replicate 10 completed with 1.00e+05 of simulation time using 9 work units.
2016-00-26 15:30:09) Replicate 7 completed with 1.00e+05 of simulation time using 9 work units.
2016-00-26 15:30:18) Replicate 8 completed with 1.00e+05 of simulation time using 13 work units.
2016-00-26 15:30:30) Replicate 1 completed with 1.00e+05 of simulation time using 20 work units.
2016-00-26 15:30:30) Replicate 9 completed with 1.00e+05 of simulation time using 21 work units.
2016-00-26 15:30:30) Replicate 3 completed with 1.00e+05 of simulation time using 21 work units.
2016-00-26 15:30:30) Simulation finished.
2016-00-26 15:30:30) Replicate supervisor finished 10 replicates in 55.62 seconds.
2016-00-26 15:30:30) Finished 105 work units (ids in range 0 to 104) in the last 55.6 seconds. 959995227 steps in 5.525e+01 seconds (1.737e+07 steps/second).
2016-00-26 15:30:30) Supervisor 0:2 finished.
2016-00-26 15:30:30) Wrote 62 messages (4204 bytes) in the last 55.6 seconds (0.000006 seconds writing). 0 messages (0 bytes) queued. Flushing.
2016-00-26 15:30:30) OutputWriter::HelperThread 0:4 finished.
2016-00-26 15:30:30) OutputWriter 0:3 finished.
2016-00-26 15:30:30) Work unit runner 0:5 finished.
2016-00-26 15:30:30) Resource controller 0:1 finished.
2016-00-26 15:30:30) Closing MPI library.
2016-00-26 15:30:30) Program execution finished.
